epoch,accuracy,dice_coef,loss,lr,mean_io_u,precision,sensitivity,specificity,val_accuracy,val_dice_coef,val_loss,val_mean_io_u,val_precision,val_sensitivity,val_specificity
0,0.9618023037910461,0.4132874011993408,0.6099041104316711,1e-04,0.7660208344459534,0.9697689414024353,0.9490599036216736,0.990749180316925,0.9764584898948669,0.5182338356971741,0.5301490426063538,0.8944249153137207,0.9770985245704651,0.9753570556640625,0.9923843741416931
1,0.9735230803489685,0.5512606501579285,0.4726284146308899,1e-04,0.8798695802688599,0.9743495583534241,0.9722501635551453,0.9914600253105164,0.9787032008171082,0.5893252491950989,0.4256662130355835,0.9149279594421387,0.9793772101402283,0.9775248169898987,0.9931268095970154
2,0.9785509705543518,0.6136303544044495,0.4064660370349884,1e-04,0.8986123204231262,0.978923499584198,0.9775791168212891,0.9929763674736023,0.9772864580154419,0.5963696241378784,0.4153651297092438,0.9196203351020813,0.9780191779136658,0.9761306643486023,0.992681086063385
3,0.9811299443244934,0.6366877555847168,0.3963288366794586,1e-04,0.9176182746887207,0.9813554286956787,0.9803098440170288,0.9937912225723267,0.982938826084137,0.6801161766052246,0.3951089382171631,0.9452289938926697,0.9828208684921265,0.9824771285057068,0.9942718148231506
4,0.9827754497528076,0.6743043661117554,0.36052027344703674,1e-04,0.9277318716049194,0.9828322529792786,0.9820190668106079,0.9942834377288818,0.9847030639648438,0.676151692867279,0.3666832745075226,0.94138503074646,0.9846864342689514,0.9840641617774963,0.9948931932449341
5,0.9839593768119812,0.6827199459075928,0.3570692837238312,1e-04,0.9280376434326172,0.9839468002319336,0.9832704663276672,0.9946499466896057,0.9837591648101807,0.6792943477630615,0.3525758981704712,0.9143811464309692,0.9836809039115906,0.9831592440605164,0.9945602416992188
6,0.9843655228614807,0.6987990140914917,0.3501945734024048,1e-04,0.916293740272522,0.984293520450592,0.9837064743041992,0.9947634935379028,0.9856421947479248,0.6840000152587891,0.34497177600860596,0.924994170665741,0.9856572151184082,0.9849710464477539,0.9952168464660645
7,0.9853748083114624,0.7141576409339905,0.33273229002952576,1e-04,0.9220126867294312,0.9852754473686218,0.984753429889679,0.9950941801071167,0.9852113127708435,0.7415254712104797,0.3467884659767151,0.9296345114707947,0.9850330352783203,0.984774649143219,0.9950122833251953
8,0.9861856698989868,0.7343423962593079,0.31870755553245544,1e-04,0.9249112606048584,0.9860588312149048,0.985634982585907,0.99535071849823,0.9854339957237244,0.7161679863929749,0.3335917294025421,0.9527775049209595,0.9852808713912964,0.9850088357925415,0.9950973987579346
9,0.9865584969520569,0.7395721077919006,0.3179730474948883,1e-04,0.935458779335022,0.986405611038208,0.9860319495201111,0.9954672455787659,0.9872109293937683,0.7629259824752808,0.33566418290138245,0.9544634819030762,0.9869846105575562,0.9868225455284119,0.9956626296043396
10,0.9866647720336914,0.7315824627876282,0.3306140601634979,1e-04,0.9330423474311829,0.9864975810050964,0.9861562848091125,0.9955016374588013,0.9864917993545532,0.7556701898574829,0.33443722128868103,0.9640344381332397,0.9862923622131348,0.9861736297607422,0.9954327940940857
11,0.9879150390625,0.7846547365188599,0.2903522253036499,2e-05,0.9622029066085815,0.9876946806907654,0.9875519871711731,0.9958988428115845,0.9867393970489502,0.7796082496643066,0.2784942090511322,0.9668964147567749,0.9865285754203796,0.9864497780799866,0.995509147644043
12,0.9875278472900391,0.7887971997261047,0.2621289789676666,2e-05,0.965212345123291,0.9872891902923584,0.9872023463249207,0.9957640767097473,0.9865972399711609,0.7786996364593506,0.26880279183387756,0.9659943580627441,0.986373782157898,0.9863334894180298,0.9954612255096436
13,0.9878561496734619,0.7918621301651001,0.2491300106048584,2e-05,0.9642057418823242,0.9876264929771423,0.9875375628471375,0.9958776235580444,0.9872964024543762,0.786987841129303,0.2580300569534302,0.9665430784225464,0.9870567321777344,0.9869905114173889,0.995684027671814
14,0.9879736304283142,0.8074378371238708,0.2361813187599182,2e-05,0.9608380794525146,0.9877161383628845,0.9876466989517212,0.9959074854850769,0.9878992438316345,0.7923514246940613,0.2621645927429199,0.9650722742080688,0.987656831741333,0.9875630140304565,0.99588543176651
15,0.9883654117584229,0.8071197271347046,0.2327326089143753,2e-05,0.9624773263931274,0.9881212711334229,0.9880332946777344,0.9960403442382812,0.9865259528160095,0.7844729423522949,0.26069384813308716,0.9624245166778564,0.9862970113754272,0.9862529635429382,0.9954327344894409
16,0.988365113735199,0.8102693557739258,0.23076529800891876,4e-06,0.9631487131118774,0.9880833625793457,0.9880086183547974,0.9960269927978516,0.9876642227172852,0.7951359152793884,0.25287991762161255,0.9663480520248413,0.9874208569526672,0.9873620867729187,0.9958082437515259
17,0.9885239601135254,0.811165988445282,0.2250019907951355,4e-06,0.9638478755950928,0.9882647395133972,0.9881715178489685,0.9960864186286926,0.9879189729690552,0.7957401871681213,0.2530335485935211,0.9678274393081665,0.9876754879951477,0.9876097440719604,0.9958921670913696
18,0.9887597560882568,0.8131141662597656,0.22793637216091156,4e-06,0.9648303985595703,0.9885061383247375,0.9884044528007507,0.9961683750152588,0.9878981709480286,0.7963519096374512,0.25019535422325134,0.9681500196456909,0.9876495003700256,0.987587571144104,0.9958832263946533
19,0.988487184047699,0.8124521970748901,0.2295147329568863,4e-06,0.9646995067596436,0.9882181286811829,0.9881234765052795,0.9960721135139465,0.9877551198005676,0.7953381538391113,0.24955354630947113,0.9669671058654785,0.9875013828277588,0.9874373078346252,0.9958359003067017
20,0.9889826774597168,0.8195656538009644,0.21813467144966125,4e-06,0.9644542932510376,0.9887240529060364,0.988623857498169,0.9962411522865295,0.9880598783493042,0.797633945941925,0.24946734309196472,0.9681293964385986,0.9878090620040894,0.9877429604530334,0.9959366321563721
21,0.9886256456375122,0.8128157258033752,0.23191426694393158,4e-06,0.9647666215896606,0.9883685111999512,0.9882837533950806,0.9961192607879639,0.9880748391151428,0.7979837656021118,0.2495644986629486,0.9689720869064331,0.9878295660018921,0.9877638816833496,0.9959453344345093
22,0.9888996481895447,0.821262538433075,0.22195373475551605,1e-06,0.9664760828018188,0.988638699054718,0.9885489344596863,0.9962108731269836,0.987904965877533,0.7973079085350037,0.2480180859565735,0.9682550430297852,0.9876570105552673,0.98759925365448,0.9958873987197876
23,0.9892345666885376,0.8258479833602905,0.21160390973091125,1e-06,0.9659852385520935,0.9889668822288513,0.9888715147972107,0.9963235855102539,0.9878010153770447,0.7967557311058044,0.24825593829154968,0.9675183296203613,0.987555980682373,0.9874975681304932,0.9958523511886597
24,0.9891276955604553,0.8196566104888916,0.2165052890777588,1e-06,0.9657316207885742,0.9888522028923035,0.9887534379959106,0.9962863922119141,0.9880491495132446,0.7978240847587585,0.24826094508171082,0.9688822031021118,0.9878020286560059,0.9877395629882812,0.9959350824356079
25,0.9884636402130127,0.8165138959884644,0.22078442573547363,1e-06,0.965262770652771,0.988201379776001,0.988104522228241,0.9960705041885376,0.9879185557365417,0.7971584796905518,0.24775910377502441,0.9682439565658569,0.9876739978790283,0.9876129031181335,0.9958959221839905
26,0.988919198513031,0.8170422911643982,0.21941184997558594,1e-06,0.9664204716682434,0.9886550903320312,0.9885602593421936,0.9962196946144104,0.9879601001739502,0.7970154285430908,0.24742315709590912,0.968204915523529,0.987713098526001,0.9876505136489868,0.9959065914154053
27,0.9888536930084229,0.8180148601531982,0.2176228016614914,1e-06,0.9656791687011719,0.9885867238044739,0.9885004162788391,0.9961967468261719,0.9879699945449829,0.796364963054657,0.24743923544883728,0.9684923887252808,0.9877206087112427,0.987661600112915,0.9959093332290649
28,0.9890814423561096,0.8190092444419861,0.21563635766506195,1e-06,0.9657052755355835,0.9888134002685547,0.9887177348136902,0.9962730407714844,0.9879202246665955,0.7963954210281372,0.2476412057876587,0.9682571887969971,0.9876736402511597,0.9876205921173096,0.9958915114402771
29,0.9886977076530457,0.8179210424423218,0.21485339105129242,1e-06,0.9650697708129883,0.9884085059165955,0.9883289337158203,0.9961390495300293,0.9879405498504639,0.797627866268158,0.24665646255016327,0.9674845933914185,0.9876905083656311,0.9876332879066467,0.9958972930908203
30,0.988689661026001,0.8167862296104431,0.22186407446861267,1e-06,0.9646928310394287,0.9884029626846313,0.9883211255073547,0.9961386919021606,0.9879879951477051,0.7975413799285889,0.2469014674425125,0.9679674506187439,0.9877413511276245,0.9876827597618103,0.9959151148796082
31,0.989128589630127,0.8208858966827393,0.2192126214504242,1e-06,0.9657260179519653,0.9888784885406494,0.9887754917144775,0.996297299861908,0.9880645871162415,0.7981412410736084,0.2467401623725891,0.9681283831596375,0.9878119826316833,0.987750768661499,0.9959388971328735
32,0.9892132878303528,0.8198994994163513,0.22220566868782043,1e-06,0.9651719331741333,0.9889627695083618,0.9888691306114197,0.9963184595108032,0.9880250692367554,0.7976841330528259,0.2466396987438202,0.968419075012207,0.9877752065658569,0.9877166152000427,0.9959247708320618
33,0.9888677597045898,0.8180193305015564,0.2220175415277481,1e-06,0.9641091823577881,0.9886088967323303,0.9885215759277344,0.9962034821510315,0.9877482056617737,0.7955094575881958,0.2478211671113968,0.966519832611084,0.9874934554100037,0.987445592880249,0.9958314299583435
34,0.9891024231910706,0.8214871883392334,0.21502509713172913,1e-06,0.9645614624023438,0.9888423681259155,0.9887508749961853,0.9962829351425171,0.988012969493866,0.7980456352233887,0.24675005674362183,0.9676201939582825,0.9877609610557556,0.9877046942710876,0.9959220290184021
35,0.9886589646339417,0.8134151101112366,0.22641733288764954,1e-06,0.963468611240387,0.9884004592895508,0.9883012771606445,0.9961370229721069,0.9879807233810425,0.7974815964698792,0.24635732173919678,0.9673800468444824,0.9877290725708008,0.9876711368560791,0.9959099292755127
36,0.9885888695716858,0.8161814212799072,0.22287575900554657,1e-06,0.9652217626571655,0.9883447289466858,0.9882539510726929,0.9961127042770386,0.9879953861236572,0.7982562184333801,0.2458685040473938,0.9670016765594482,0.9877444505691528,0.9876841306686401,0.9959156513214111
37,0.9888557195663452,0.8179159164428711,0.21940451860427856,1e-06,0.9639085531234741,0.9886079430580139,0.9885058403015137,0.9962041974067688,0.9880198836326599,0.7980179786682129,0.2457624077796936,0.9674630165100098,0.9877694845199585,0.9877063035964966,0.9959225654602051
38,0.9889364242553711,0.8139224648475647,0.2270626723766327,1e-06,0.9648799300193787,0.988676130771637,0.9885741472244263,0.9962261319160461,0.9879876971244812,0.7969764471054077,0.24607442319393158,0.9678418636322021,0.9877374172210693,0.9876776933670044,0.9959134459495544
39,0.9889504909515381,0.8158698081970215,0.2254057377576828,1e-06,0.9636774063110352,0.9886559844017029,0.9885684251785278,0.9962198138237,0.9879527688026428,0.7968698740005493,0.2458459585905075,0.9675413370132446,0.9877046942710876,0.9876424074172974,0.9959040284156799
40,0.989226222038269,0.8229737877845764,0.21429477632045746,1e-06,0.9650275111198425,0.9889525771141052,0.988863468170166,0.9963194131851196,0.987973153591156,0.7984588146209717,0.24537338316440582,0.9668147563934326,0.9877167344093323,0.9876586198806763,0.9959068298339844
41,0.9891460537910461,0.8225291967391968,0.21179470419883728,1e-06,0.9643282890319824,0.9888908267021179,0.9887961745262146,0.9962989687919617,0.9881152510643005,0.7990788221359253,0.2455529272556305,0.9678953886032104,0.9878631830215454,0.9878005385398865,0.9959551095962524
42,0.9887158274650574,0.8181530237197876,0.2197195589542389,1e-06,0.9644135236740112,0.9884439706802368,0.988361120223999,0.9961481690406799,0.9879763126373291,0.7980569005012512,0.2453068345785141,0.9669700264930725,0.9877266883850098,0.9876653552055359,0.9959089159965515
43,0.9890547394752502,0.8182687759399414,0.21504554152488708,1e-06,0.9644429683685303,0.9887772798538208,0.9886824488639832,0.9962635040283203,0.9880080819129944,0.7979812026023865,0.2452649176120758,0.9667842388153076,0.9877557158470154,0.9876946806907654,0.9959194660186768
44,0.9888163208961487,0.8177028298377991,0.22102655470371246,1e-06,0.9644924402236938,0.9885433316230774,0.988441526889801,0.996181309223175,0.9879969358444214,0.797760546207428,0.24500776827335358,0.9664853811264038,0.9877483248710632,0.987684965133667,0.9959166646003723
45,0.9888939261436462,0.8187023997306824,0.21768097579479218,1e-06,0.9644343852996826,0.9886208176612854,0.9885281920433044,0.9962055683135986,0.9880269765853882,0.7975443005561829,0.2449704259634018,0.9670891761779785,0.9877740144729614,0.9877140522003174,0.9959240555763245
46,0.9892475008964539,0.8197354078292847,0.21503032743930817,1e-06,0.9658372402191162,0.9889849424362183,0.9888904094696045,0.9963283538818359,0.9880642294883728,0.7973813414573669,0.2452218383550644,0.9674423336982727,0.98781418800354,0.9877522587776184,0.9959385991096497
47,0.9890515804290771,0.8183489441871643,0.21766723692417145,1e-06,0.9642159938812256,0.9887815713882446,0.9886884689331055,0.9962598085403442,0.9880591034889221,0.7978411316871643,0.24492773413658142,0.9671143293380737,0.9878004789352417,0.987740695476532,0.9959366321563721
48,0.989059329032898,0.8188862204551697,0.2142023742198944,1e-06,0.964866042137146,0.9887846112251282,0.9886776208877563,0.9962632060050964,0.9880885481834412,0.7978488206863403,0.2450639009475708,0.9675668478012085,0.9878320097923279,0.987767219543457,0.9959459900856018
49,0.9893701076507568,0.8204377293586731,0.21705128252506256,1e-06,0.9655495882034302,0.9890981316566467,0.989020586013794,0.9963715076446533,0.9880667924880981,0.7973629236221313,0.24552246928215027,0.96791672706604,0.9878115653991699,0.9877517819404602,0.9959392547607422
50,0.9891785383224487,0.8209810256958008,0.21597418189048767,1e-06,0.9653364419937134,0.9889002442359924,0.9888071417808533,0.9963010549545288,0.9880303144454956,0.7982302904129028,0.24475893378257751,0.9669733047485352,0.9877739548683167,0.987714409828186,0.9959278106689453
51,0.9889395833015442,0.823916494846344,0.21367603540420532,1e-06,0.9642746448516846,0.988651692867279,0.9885583519935608,0.996220588684082,0.9881051778793335,0.7983717322349548,0.24528029561042786,0.9675701856613159,0.9878492951393127,0.9877877831459045,0.9959512948989868
52,0.9889530539512634,0.8175204396247864,0.22035209834575653,1e-06,0.9659044742584229,0.988696813583374,0.9886000752449036,0.9962334632873535,0.9880733489990234,0.7967062592506409,0.24578739702701569,0.9686517715454102,0.9878182411193848,0.9877573251724243,0.995941162109375
53,0.9888576865196228,0.8131696581840515,0.22169773280620575,1e-06,0.964880645275116,0.988598644733429,0.9885026216506958,0.9961995482444763,0.9881813526153564,0.7987830638885498,0.24458952248096466,0.9682251214981079,0.9879242777824402,0.9878625869750977,0.9959748387336731
54,0.9888712167739868,0.8166953325271606,0.219809889793396,1e-06,0.965161919593811,0.9886151552200317,0.9885163903236389,0.996204137802124,0.988113284111023,0.7993023991584778,0.24445874989032745,0.9669761061668396,0.9878576993942261,0.9877945780754089,0.9959540367126465
55,0.988804280757904,0.8109108805656433,0.22355610132217407,1e-06,0.9647860527038574,0.9885275363922119,0.9884377121925354,0.9961771368980408,0.98801589012146,0.7988548278808594,0.2443920224905014,0.9668480157852173,0.9877615571022034,0.9876997470855713,0.9959220290184021
56,0.989247739315033,0.8247511982917786,0.20848126709461212,1e-06,0.9649803638458252,0.9889823198318481,0.9888915419578552,0.9963274598121643,0.9880918860435486,0.7993466258049011,0.24450922012329102,0.9671356678009033,0.987838089466095,0.987776517868042,0.9959465265274048
57,0.9889590740203857,0.812144935131073,0.2247498482465744,1e-06,0.9656131267547607,0.9886868596076965,0.9885960221290588,0.9962265491485596,0.9881018400192261,0.7985473275184631,0.24461621046066284,0.968113362789154,0.9878470301628113,0.9877873659133911,0.9959503412246704
58,0.9889602661132812,0.8213441967964172,0.21800188720226288,1e-06,0.9656744003295898,0.9886846542358398,0.9886043071746826,0.9962305426597595,0.9880571365356445,0.7987080216407776,0.24463675916194916,0.9673385620117188,0.9877997040748596,0.987740159034729,0.9959350228309631
59,0.9888186454772949,0.813014805316925,0.22312277555465698,1e-06,0.9636713862419128,0.988541841506958,0.9884440898895264,0.9961798191070557,0.9880738854408264,0.7990537285804749,0.24396423995494843,0.9671733379364014,0.9878131747245789,0.9877536296844482,0.9959368705749512
60,0.9889220595359802,0.8190865516662598,0.2162344604730606,1e-06,0.964644193649292,0.9886453151702881,0.9885509610176086,0.9962183833122253,0.988097608089447,0.799500584602356,0.24360069632530212,0.9675108194351196,0.9878386855125427,0.98777836561203,0.9959473609924316
61,0.9891512393951416,0.8286603093147278,0.21057114005088806,1e-06,0.9658360481262207,0.9888588786125183,0.9887775182723999,0.9962888360023499,0.9880737066268921,0.7983030676841736,0.2443889081478119,0.9678863286972046,0.9878117442131042,0.9877563118934631,0.9959383010864258
62,0.9889637231826782,0.818966269493103,0.21827995777130127,1e-06,0.9652543067932129,0.9886985421180725,0.988605260848999,0.9962334632873535,0.9881726503372192,0.7997506260871887,0.24360080063343048,0.9678819179534912,0.9879173636436462,0.987856924533844,0.9959713220596313
63,0.9888123273849487,0.8158473968505859,0.21854889392852783,1e-06,0.9658998250961304,0.9885600209236145,0.9884619116783142,0.9961899518966675,0.9881073832511902,0.7989751100540161,0.24380329251289368,0.9677374362945557,0.987852156162262,0.9877921938896179,0.9959513545036316
64,0.9889171719551086,0.8175151944160461,0.22552157938480377,1e-06,0.9660170674324036,0.9886351823806763,0.988553524017334,0.996213972568512,0.9880572557449341,0.798469603061676,0.2439940869808197,0.9675384163856506,0.9877991676330566,0.9877429604530334,0.995932936668396
65,0.9888778328895569,0.8138240575790405,0.22458098828792572,1e-06,0.9654657244682312,0.9885943531990051,0.9885135293006897,0.9961977005004883,0.9881637096405029,0.7992870807647705,0.24302546679973602,0.9678859710693359,0.9879050850868225,0.9878429770469666,0.9959694743156433
66,0.9891084432601929,0.8183940649032593,0.21624118089675903,1e-06,0.9651483297348022,0.9888376593589783,0.9887324571609497,0.9962785243988037,0.988125741481781,0.7991318702697754,0.2430339753627777,0.9678729176521301,0.9878681898117065,0.9878117442131042,0.9959574937820435
67,0.9890337586402893,0.8183613419532776,0.21677817404270172,1e-06,0.9645426273345947,0.9887828826904297,0.9886807799339294,0.9962602853775024,0.9881535768508911,0.7982496023178101,0.24365293979644775,0.968895673751831,0.9879021644592285,0.9878432154655457,0.9959670901298523
68,0.9893356561660767,0.8187687397003174,0.21730297803878784,1e-06,0.9666123390197754,0.9890565872192383,0.988954484462738,0.9963545203208923,0.9881631731987,0.799131453037262,0.24309402704238892,0.9684690833091736,0.9879118204116821,0.9878528714179993,0.9959707260131836
69,0.9891722202301025,0.8188910484313965,0.2147766351699829,1e-06,0.9661574363708496,0.9889013171195984,0.9888063073158264,0.9962984919548035,0.9881120920181274,0.8000480532646179,0.24289919435977936,0.9671149253845215,0.9878551363945007,0.9877935647964478,0.9959535002708435
70,0.9888970851898193,0.8159249424934387,0.22004736959934235,1e-06,0.964587926864624,0.9886237382888794,0.9885293841362,0.9962077140808105,0.9881182909011841,0.7999647855758667,0.24282218515872955,0.9670649766921997,0.9878612160682678,0.9878033995628357,0.9959556460380554
71,0.9890234470367432,0.821267306804657,0.2129099816083908,1e-06,0.9650882482528687,0.9887359738349915,0.988645076751709,0.9962462782859802,0.9881492257118225,0.7990443706512451,0.24322350323200226,0.9681326150894165,0.9878942966461182,0.9878331422805786,0.995965301990509
72,0.9889306426048279,0.819027304649353,0.2167111337184906,1e-06,0.9646282196044922,0.9886592626571655,0.9885663986206055,0.996221125125885,0.9881585836410522,0.7999952435493469,0.24236147105693817,0.9676513671875,0.9879059195518494,0.9878475666046143,0.9959697127342224
73,0.9892931580543518,0.8199288249015808,0.21587161719799042,1e-06,0.9660093784332275,0.989024817943573,0.9889378547668457,0.9963422417640686,0.9881790280342102,0.8004446625709534,0.24249450862407684,0.9674237966537476,0.9879224896430969,0.9878614544868469,0.9959750771522522
74,0.9893732666969299,0.8236909508705139,0.20839343965053558,1e-06,0.9654039144515991,0.989083468914032,0.9889966249465942,0.9963642954826355,0.9881961941719055,0.8000041246414185,0.24241329729557037,0.9679210186004639,0.987940788269043,0.9878826141357422,0.9959802031517029
75,0.9893356561660767,0.8250614404678345,0.2120349258184433,1e-06,0.9653947353363037,0.9890562295913696,0.9889668822288513,0.9963521957397461,0.9882084727287292,0.8003665804862976,0.24215920269489288,0.9677152633666992,0.9879553914070129,0.9878972172737122,0.9959849119186401
76,0.9891475439071655,0.8165919184684753,0.2199123054742813,1e-06,0.9642574787139893,0.988863468170166,0.9887720346450806,0.9962892532348633,0.9882192611694336,0.8009859919548035,0.24227970838546753,0.9675049781799316,0.9879650473594666,0.9879031777381897,0.9959890246391296
77,0.9893931150436401,0.8229286074638367,0.21214434504508972,1e-06,0.9650406837463379,0.9891255497932434,0.9890379905700684,0.9963772892951965,0.9882339239120483,0.8007420897483826,0.24207046627998352,0.9676531553268433,0.9879761338233948,0.9879171848297119,0.995992124080658
78,0.989264965057373,0.8223585486412048,0.2123711109161377,1e-06,0.9647101163864136,0.9889844655990601,0.9888849258422852,0.9963312745094299,0.9881891012191772,0.8005484342575073,0.2419954091310501,0.9674668312072754,0.9879350662231445,0.987878680229187,0.9959786534309387
79,0.9890851974487305,0.8261096477508545,0.20727013051509857,1e-06,0.9647353887557983,0.9888345003128052,0.988743007183075,0.9962776899337769,0.9882650375366211,0.8005334138870239,0.24207550287246704,0.9681993722915649,0.9880080819129944,0.9879502654075623,0.9960033297538757
80,0.9895447492599487,0.8203182220458984,0.2139732390642166,1e-06,0.9667795896530151,0.989255428314209,0.9891730546951294,0.9964195489883423,0.9881821870803833,0.8000312447547913,0.24195511639118195,0.9679163694381714,0.9879294633865356,0.9878710508346558,0.9959754943847656
81,0.9891848564147949,0.8211909532546997,0.21236833930015564,1e-06,0.965165913105011,0.9889103174209595,0.9888175129890442,0.9963046908378601,0.9881688356399536,0.7997024655342102,0.24185332655906677,0.9680495858192444,0.9879127144813538,0.9878566861152649,0.9959726929664612
82,0.989247739315033,0.8207361102104187,0.21791671216487885,1e-06,0.9658272862434387,0.9889622330665588,0.9888820648193359,0.9963200688362122,0.9882264733314514,0.8011013865470886,0.24159476161003113,0.9681740999221802,0.9879769086837769,0.9879205226898193,0.9959934949874878
83,0.9892733097076416,0.8267000317573547,0.21037890017032623,1e-06,0.9668374061584473,0.9890177845954895,0.9889329671859741,0.9963403940200806,0.9882141947746277,0.8007256984710693,0.24129532277584076,0.967872142791748,0.9879567623138428,0.9879040122032166,0.9959865212440491
84,0.98900306224823,0.8229485750198364,0.21330662071704865,1e-06,0.9658054113388062,0.98871910572052,0.9886253476142883,0.9962397217750549,0.9882634282112122,0.8011401891708374,0.2414112389087677,0.9681168794631958,0.9880056381225586,0.9879499077796936,0.9960033297538757
85,0.9890495538711548,0.8210847973823547,0.2181919664144516,1e-06,0.9658453464508057,0.9887908101081848,0.9886941909790039,0.9962629079818726,0.9882470369338989,0.8011322021484375,0.24126498401165009,0.968076229095459,0.9879899621009827,0.9879357814788818,0.9959976077079773
86,0.9891262650489807,0.8199000954627991,0.2142503410577774,1e-06,0.9656434059143066,0.9888375997543335,0.9887510538101196,0.9962811470031738,0.9882307648658752,0.8009894490242004,0.2410547286272049,0.9678910374641418,0.9879791736602783,0.9879201650619507,0.9959924221038818
87,0.9892627000808716,0.8253633975982666,0.20734010636806488,1e-06,0.9659746289253235,0.9889904260635376,0.9888873100280762,0.9963287115097046,0.9882633090019226,0.8006771206855774,0.24099747836589813,0.9684687852859497,0.988010048866272,0.9879521727561951,0.9960039854049683
88,0.9889671206474304,0.8233512043952942,0.21340015530586243,1e-06,0.9655786752700806,0.9886912703514099,0.988606333732605,0.9962307810783386,0.9882611036300659,0.8016805052757263,0.24123656749725342,0.9678462147712708,0.9879991412162781,0.9879486560821533,0.9960002303123474
89,0.9893784523010254,0.8220310211181641,0.21242651343345642,1e-06,0.9652920961380005,0.9890895485877991,0.9890049695968628,0.9963644742965698,0.9882954955101013,0.8011478781700134,0.24078211188316345,0.9686285853385925,0.9880385398864746,0.9879837036132812,0.9960118532180786
90,0.9892058372497559,0.8173166513442993,0.2195185273885727,1e-06,0.9652751684188843,0.9889330863952637,0.9888513684272766,0.9963118433952332,0.9882702231407166,0.802004873752594,0.24140103161334991,0.9678372144699097,0.988017737865448,0.9879589676856995,0.9960058927536011
91,0.9890130758285522,0.823391318321228,0.2159537971019745,1e-06,0.964297890663147,0.9887287616729736,0.9886373281478882,0.9962414503097534,0.9882189631462097,0.8006960153579712,0.24074910581111908,0.9680544137954712,0.9879608750343323,0.987903892993927,0.9959879517555237
92,0.9890438318252563,0.8176637887954712,0.21678407490253448,1e-06,0.9655827283859253,0.9887726306915283,0.9886864423751831,0.9962578415870667,0.9882749319076538,0.8017324805259705,0.2406432181596756,0.9683136940002441,0.9880219101905823,0.9879688620567322,0.9960069060325623
93,0.9894232749938965,0.8215645551681519,0.21176041662693024,1e-06,0.9660560488700867,0.9891445636749268,0.9890592694282532,0.996383547782898,0.9882464408874512,0.801776647567749,0.2407047599554062,0.9681437015533447,0.9879955053329468,0.9879357814788818,0.995998203754425
94,0.9891360402107239,0.8187645673751831,0.22111091017723083,1e-06,0.9653360843658447,0.9888301491737366,0.988728404045105,0.9962764382362366,0.9881892800331116,0.8007866144180298,0.24070024490356445,0.967866063117981,0.9879378080368042,0.9878798127174377,0.9959801435470581
95,0.9892830848693848,0.8195445537567139,0.21315430104732513,1e-06,0.9660418629646301,0.9890125393867493,0.9889355301856995,0.9963359236717224,0.9883047938346863,0.8008896112442017,0.2408389002084732,0.9688906669616699,0.9880538582801819,0.9879952073097229,0.9960179924964905
96,0.9894591569900513,0.8245691061019897,0.21095311641693115,1e-06,0.9658128023147583,0.9891769886016846,0.9890807867050171,0.9963926672935486,0.9883252382278442,0.8010493516921997,0.24070577323436737,0.9691823720932007,0.9880659580230713,0.988008439540863,0.9960243105888367
97,0.989331066608429,0.8251678943634033,0.20791786909103394,1e-06,0.9658772349357605,0.9890522956848145,0.9889624714851379,0.9963522553443909,0.9883279800415039,0.8016229271888733,0.2404167503118515,0.9687604904174805,0.9880716800689697,0.9880160689353943,0.9960237741470337
98,0.9893520474433899,0.8255490064620972,0.21019604802131653,1e-06,0.9667789936065674,0.9890667200088501,0.9889684915542603,0.9963558316230774,0.9882885217666626,0.8018080592155457,0.24030165374279022,0.9682016372680664,0.9880370497703552,0.9879817366600037,0.9960132837295532
99,0.9893732666969299,0.8249361515045166,0.20857129991054535,1e-06,0.9663310647010803,0.9890897870063782,0.9889869093894958,0.9963653683662415,0.9883756637573242,0.8025398850440979,0.2403649389743805,0.9686203002929688,0.9881191849708557,0.988060712814331,0.9960402846336365
100,0.989191472530365,0.8266527652740479,0.2063131481409073,1e-06,0.9655090570449829,0.9889153242111206,0.9888278245925903,0.9963040947914124,0.9883376955986023,0.8023033142089844,0.24000492691993713,0.9685186147689819,0.988079845905304,0.9880234003067017,0.996027410030365
101,0.9893704056739807,0.8239198923110962,0.20863647758960724,1e-06,0.9653927087783813,0.9890928864479065,0.9890047907829285,0.9963630437850952,0.9882745742797852,0.80170738697052,0.24000491201877594,0.9677255749702454,0.9880110025405884,0.9879587888717651,0.9960055351257324
102,0.9890843033790588,0.8232293128967285,0.21030358970165253,1e-06,0.9641712307929993,0.9888116121292114,0.9887204170227051,0.9962716102600098,0.9883166551589966,0.801576554775238,0.239996999502182,0.9686298370361328,0.9880573153495789,0.9880037307739258,0.9960205554962158
103,0.9893345236778259,0.8247460126876831,0.20723174512386322,1e-06,0.9673699140548706,0.989062488079071,0.988979697227478,0.996354341506958,0.9882242679595947,0.8010089993476868,0.2400968372821808,0.9678332805633545,0.9879717826843262,0.9879176616668701,0.9959932565689087
104,0.9891687631607056,0.8240731954574585,0.21158885955810547,1e-06,0.9650170803070068,0.9888826012611389,0.9887927174568176,0.9962966442108154,0.9883090853691101,0.8022974729537964,0.2398095577955246,0.9681681394577026,0.9880533218383789,0.9880005717277527,0.996019184589386
105,0.9891570210456848,0.8203629851341248,0.21278567612171173,1e-06,0.9651880264282227,0.9888842701911926,0.9887969493865967,0.9962965250015259,0.9883226156234741,0.8023197054862976,0.2397920936346054,0.9682369232177734,0.9880715608596802,0.9880169630050659,0.9960238933563232
106,0.9893879294395447,0.8309227228164673,0.20237357914447784,1e-06,0.9650728702545166,0.9891077876091003,0.9890299439430237,0.9963721632957458,0.9883222579956055,0.8016521334648132,0.23961564898490906,0.9685693979263306,0.9880629777908325,0.988007664680481,0.9960230588912964
107,0.9892773628234863,0.8221243023872375,0.21489471197128296,1e-06,0.966077983379364,0.9890027642250061,0.9889225959777832,0.9963352084159851,0.988247811794281,0.802414059638977,0.23941421508789062,0.9671088457107544,0.9879977703094482,0.9879425764083862,0.9960005283355713
108,0.989334225654602,0.8232855796813965,0.21303941309452057,1e-06,0.9643639326095581,0.9890663623809814,0.9889839887619019,0.9963564872741699,0.9883855581283569,0.8030939102172852,0.2397564798593521,0.9684267044067383,0.9881251454353333,0.9880709052085876,0.9960430860519409
109,0.9893695712089539,0.8236768841743469,0.21102772653102875,1e-06,0.9650793075561523,0.9890689849853516,0.9889668822288513,0.9963606595993042,0.9883413314819336,0.802539050579071,0.23925764858722687,0.9683883190155029,0.9880869388580322,0.9880315065383911,0.9960322380065918
110,0.9893968105316162,0.8252517580986023,0.21251150965690613,1e-06,0.9655855894088745,0.9891250133514404,0.9890490174293518,0.9963755011558533,0.9882895946502686,0.8025567531585693,0.23937462270259857,0.9679944515228271,0.9880355596542358,0.987981379032135,0.9960129857063293
111,0.9893026351928711,0.8222919702529907,0.2119542956352234,1e-06,0.9646064639091492,0.9890235662460327,0.9889306426048279,0.9963442087173462,0.9883053302764893,0.8025927543640137,0.2393852174282074,0.9681201577186584,0.9880507588386536,0.9879963397979736,0.9960188269615173
112,0.9891871809959412,0.8202714920043945,0.2129272073507309,1e-06,0.9650010466575623,0.988907516002655,0.9888165593147278,0.9963030815124512,0.9883288741111755,0.8014024496078491,0.23936444520950317,0.9689086079597473,0.988071084022522,0.9880152940750122,0.9960262775421143
113,0.989491879940033,0.8275402188301086,0.20516985654830933,1e-06,0.9665875434875488,0.9892005920410156,0.989119291305542,0.9964026808738708,0.9883020520210266,0.801887571811676,0.23899130523204803,0.9682937264442444,0.9880454540252686,0.9879872798919678,0.9960159659385681
114,0.9896131157875061,0.8247518539428711,0.20910216867923737,1e-06,0.9666664600372314,0.9893640279769897,0.9892712235450745,0.9964513182640076,0.9883623123168945,0.8028940558433533,0.23930954933166504,0.9685109853744507,0.9881049990653992,0.9880479574203491,0.9960355162620544
115,0.9894812703132629,0.820514440536499,0.21092398464679718,1e-06,0.966529905796051,0.9892117977142334,0.989122748374939,0.9964041709899902,0.9883654713630676,0.802804172039032,0.2394927442073822,0.9684733748435974,0.9881115555763245,0.9880536794662476,0.9960396885871887
116,0.989738941192627,0.8258756995201111,0.2045528143644333,1e-06,0.9664009809494019,0.9894636273384094,0.9893703460693359,0.9964893460273743,0.9884477853775024,0.802940309047699,0.23940835893154144,0.9695966243743896,0.9881932139396667,0.9881381392478943,0.9960653185844421
117,0.9892905354499817,0.8228590488433838,0.21154867112636566,1e-06,0.9663642048835754,0.9890062212944031,0.9889234304428101,0.9963359236717224,0.9884393811225891,0.8034841418266296,0.23931404948234558,0.9689860939979553,0.9881860613822937,0.9881312847137451,0.9960641264915466
118,0.9895254969596863,0.8235725164413452,0.21141639351844788,1e-06,0.9664099812507629,0.9892462491989136,0.9891567230224609,0.9964154362678528,0.9885059595108032,0.8045752644538879,0.23957768082618713,0.9689027070999146,0.9882509112358093,0.9881932139396667,0.9960858225822449
119,0.9899014830589294,0.8280299305915833,0.20245371758937836,1e-06,0.9668231010437012,0.9896232485771179,0.989529550075531,0.9965395927429199,0.9883639812469482,0.8022105097770691,0.23858213424682617,0.9692993760108948,0.9881184101104736,0.9880640506744385,0.9960410594940186
120,0.9896929860115051,0.8253955841064453,0.2108944058418274,1e-06,0.9675925970077515,0.9894055724143982,0.9893250465393066,0.9964691400527954,0.9883407950401306,0.8027492165565491,0.23873525857925415,0.9685730934143066,0.9880825877189636,0.9880306124687195,0.9960298538208008
121,0.989456832408905,0.8279072642326355,0.2100980579853058,1e-06,0.9665135741233826,0.9891753792762756,0.9890954494476318,0.9963904619216919,0.9883924722671509,0.8027965426445007,0.2386474758386612,0.9692255258560181,0.9881470799446106,0.9880925416946411,0.9960505962371826
122,0.989508867263794,0.8271795511245728,0.2066250592470169,1e-06,0.9672112464904785,0.9892372488975525,0.9891601800918579,0.9964126348495483,0.9884122610092163,0.8033668398857117,0.23907318711280823,0.9688185453414917,0.9881536960601807,0.9881025552749634,0.9960527420043945
123,0.9896978139877319,0.8294363021850586,0.20872345566749573,1e-06,0.9667284488677979,0.9894019365310669,0.9893086552619934,0.9964666366577148,0.988376259803772,0.8022025227546692,0.23834951221942902,0.9694876670837402,0.9881284832954407,0.9880748987197876,0.9960441589355469
124,0.9895995855331421,0.8292237520217896,0.20217430591583252,1e-06,0.9681891202926636,0.9893332123756409,0.9892491102218628,0.9964457154273987,0.9884932041168213,0.8032770752906799,0.23864072561264038,0.9698834419250488,0.9882379174232483,0.9881847500801086,0.996081531047821
125,0.9894473552703857,0.8288406729698181,0.20150615274906158,1e-06,0.9672218561172485,0.9891710877418518,0.9890866279602051,0.9963899254798889,0.9884561896324158,0.8032715916633606,0.23851431906223297,0.9692689776420593,0.9881994724273682,0.9881452918052673,0.9960686564445496
126,0.9895381331443787,0.8235056400299072,0.2072989046573639,1e-06,0.9650290012359619,0.9892485737800598,0.9891578555107117,0.9964169263839722,0.9884070158004761,0.8037073612213135,0.2384631335735321,0.9686490297317505,0.9881557822227478,0.9881019592285156,0.9960534572601318
127,0.9896714091300964,0.8284546136856079,0.20595340430736542,1e-06,0.9661442041397095,0.9893970489501953,0.989300012588501,0.9964637756347656,0.9884126782417297,0.8038488030433655,0.2382064163684845,0.9687241911888123,0.9881590008735657,0.9881043434143066,0.9960549473762512
128,0.989571750164032,0.8320053219795227,0.20054656267166138,1e-06,0.9664319753646851,0.9892967939376831,0.9892115592956543,0.996432900428772,0.9884383082389832,0.8036390542984009,0.23826582729816437,0.9690251350402832,0.9881811141967773,0.9881300330162048,0.9960610866546631
129,0.9892888069152832,0.8258432149887085,0.20856180787086487,1e-06,0.9666471481323242,0.989014744758606,0.988936722278595,0.996342122554779,0.9884551167488098,0.8032965064048767,0.23772917687892914,0.9691222906112671,0.988201379776001,0.9881485104560852,0.9960684180259705
130,0.9896484613418579,0.8314016461372375,0.19912169873714447,1e-06,0.9659940600395203,0.9893738031387329,0.9893002510070801,0.9964551329612732,0.9883819222450256,0.8034576773643494,0.23746192455291748,0.9682031869888306,0.988125205039978,0.9880725741386414,0.9960429668426514
131,0.9891311526298523,0.8164373636245728,0.21803580224514008,1e-06,0.9661096334457397,0.9888761639595032,0.9887892603874207,0.9962927103042603,0.9884386658668518,0.8040416836738586,0.2376215010881424,0.9685094356536865,0.9881769418716431,0.9881277680397034,0.9960592985153198
132,0.9897202253341675,0.8331161737442017,0.19779226183891296,1e-06,0.9667032957077026,0.9894174933433533,0.9893237948417664,0.9964739084243774,0.9883807897567749,0.8037446141242981,0.2375529259443283,0.9687486886978149,0.9881267547607422,0.9880726933479309,0.9960431456565857
133,0.9895455837249756,0.8242780566215515,0.2113090604543686,1e-06,0.967558741569519,0.9892552495002747,0.9891728162765503,0.9964191913604736,0.9884344339370728,0.8039416074752808,0.2372700273990631,0.9690135717391968,0.9881817698478699,0.9881296753883362,0.9960613250732422
134,0.9892210364341736,0.8277630805969238,0.20235835015773773,1e-06,0.9650863409042358,0.9889476299285889,0.9888705611228943,0.9963158965110779,0.9883983731269836,0.8036993145942688,0.23719128966331482,0.9685103893280029,0.9881443977355957,0.9880911707878113,0.9960490465164185
135,0.9891837239265442,0.8210417032241821,0.2086079865694046,1e-06,0.9659474492073059,0.9889071583747864,0.988815188407898,0.9963021278381348,0.98838210105896,0.8030484914779663,0.23740242421627045,0.9688138365745544,0.9881330728530884,0.9880788922309875,0.996045708656311
136,0.9896116852760315,0.8246185183525085,0.2039147913455963,1e-06,0.9672579169273376,0.9893399477005005,0.9892634153366089,0.9964463114738464,0.9884656071662903,0.8045007586479187,0.23829975724220276,0.9689554572105408,0.9882120490074158,0.9881570339202881,0.9960713982582092
137,0.9897136092185974,0.8239005208015442,0.2088821977376938,1e-06,0.9675714373588562,0.9894399642944336,0.989356279373169,0.9964799880981445,0.9884504079818726,0.8040343523025513,0.2379269152879715,0.9693106412887573,0.9881932735443115,0.9881396293640137,0.9960680603981018
138,0.9891656041145325,0.8186396956443787,0.21113859117031097,1e-06,0.9671537280082703,0.9888850450515747,0.9888082146644592,0.9962954521179199,0.9882739782333374,0.8025870323181152,0.23778541386127472,0.9682811498641968,0.9880179166793823,0.9879664778709412,0.9960073232650757
139,0.9894990921020508,0.8283580541610718,0.2076348215341568,1e-06,0.9667298793792725,0.9892041683197021,0.9891310930252075,0.9964072108268738,0.9884328246116638,0.8034650087356567,0.23725150525569916,0.9694207906723022,0.9881777167320251,0.9881273508071899,0.9960613250732422
140,0.9896590709686279,0.8257425427436829,0.20946373045444489,1e-06,0.9671840667724609,0.9893844723701477,0.9893103837966919,0.9964621663093567,0.9884451031684875,0.8036430478096008,0.23723632097244263,0.9691001772880554,0.988192617893219,0.9881381392478943,0.9960657954216003
141,0.9892560839653015,0.8205407857894897,0.21588118374347687,1e-06,0.9666791558265686,0.9889671206474304,0.9888828992843628,0.9963216185569763,0.9884576797485352,0.8038844466209412,0.2371521145105362,0.9691829681396484,0.9882057309150696,0.9881534576416016,0.9960690140724182
142,0.9894967675209045,0.8311673998832703,0.1994006484746933,1e-06,0.9658865332603455,0.9892362952232361,0.9891523122787476,0.9964092373847961,0.988387942314148,0.803281843662262,0.23683464527130127,0.9690120220184326,0.9881361722946167,0.9880847334861755,0.9960451126098633
143,0.9894784092903137,0.8280481100082397,0.2059308886528015,1e-06,0.9654058218002319,0.9891873002052307,0.9891069531440735,0.9963953495025635,0.9884464740753174,0.8044174909591675,0.23717659711837769,0.9688428044319153,0.9881908893585205,0.9881402254104614,0.9960640072822571
144,0.9894686341285706,0.8240987062454224,0.20625118911266327,1e-06,0.9668866395950317,0.9891841411590576,0.9891060590744019,0.9963966012001038,0.9884368181228638,0.8038920164108276,0.23690266907215118,0.9691228270530701,0.9881851077079773,0.9881306886672974,0.9960638880729675
145,0.9895955920219421,0.8272647857666016,0.20408576726913452,1e-06,0.9658651351928711,0.9892977476119995,0.9892147183418274,0.9964357614517212,0.9884662628173828,0.8047142624855042,0.23703642189502716,0.9688920974731445,0.9882183074951172,0.9881613850593567,0.9960727095603943
146,0.9896900653839111,0.826562225818634,0.20480643212795258,1e-06,0.9678817391395569,0.9894094467163086,0.9893359541893005,0.996468722820282,0.9884048700332642,0.8036127686500549,0.23697815835475922,0.9689223766326904,0.988152027130127,0.9881005883216858,0.9960533976554871
147,0.9896717071533203,0.8279021978378296,0.20639896392822266,1e-06,0.9669296145439148,0.9893854856491089,0.9892922043800354,0.9964609742164612,0.988444447517395,0.8040269613265991,0.23670440912246704,0.9691072106361389,0.988189697265625,0.9881350994110107,0.9960649013519287
148,0.9894884824752808,0.8239767551422119,0.20829270780086517,1e-06,0.9669046401977539,0.9892047047615051,0.9891164898872375,0.9963997602462769,0.9885091185569763,0.8046742677688599,0.2369491010904312,0.9692897796630859,0.988257884979248,0.9882006645202637,0.9960866570472717
149,0.9893609285354614,0.8247953653335571,0.2067565619945526,1e-06,0.9668110013008118,0.9890879392623901,0.9889951944351196,0.9963592886924744,0.9884699583053589,0.8041782379150391,0.2366044521331787,0.9692755937576294,0.9882153868675232,0.9881623983383179,0.9960739016532898
150,0.9898176193237305,0.8361839652061462,0.2002885341644287,1e-06,0.9677584767341614,0.9895234704017639,0.9894548058509827,0.996509850025177,0.9883833527565002,0.8035451769828796,0.23691949248313904,0.9689542651176453,0.9881336688995361,0.9880816340446472,0.9960448145866394
151,0.9891989231109619,0.8239006400108337,0.20648300647735596,1e-06,0.9658681154251099,0.9889014959335327,0.9888191223144531,0.9963045120239258,0.9885036945343018,0.8046029806137085,0.23682448267936707,0.9691778421401978,0.9882557392120361,0.9881991147994995,0.9960855841636658
152,0.9895602464675903,0.8304263949394226,0.2006794661283493,1e-06,0.9660941958427429,0.989277720451355,0.989181637763977,0.9964290261268616,0.9883669018745422,0.8042662739753723,0.2367311418056488,0.9680189490318298,0.9881142377853394,0.9880598187446594,0.9960389137268066
153,0.9895148873329163,0.8256968259811401,0.20648029446601868,1e-06,0.965893566608429,0.9892300963401794,0.9891448616981506,0.9964102506637573,0.9884656667709351,0.8038408756256104,0.23640987277030945,0.9694247245788574,0.9882130026817322,0.9881626963615417,0.9960718154907227
154,0.9893928170204163,0.8222806453704834,0.2130860686302185,1e-06,0.9672367572784424,0.9890995621681213,0.9890158176422119,0.9963669776916504,0.988518238067627,0.8047444224357605,0.23751135170459747,0.9690210223197937,0.9882609248161316,0.9882076382637024,0.9960876703262329
155,0.9895407557487488,0.829701840877533,0.19994662702083588,1e-06,0.9666928052902222,0.9892694354057312,0.989188015460968,0.9964243173599243,0.9884025454521179,0.8037320971488953,0.23695994913578033,0.9688490629196167,0.9881532192230225,0.9881048202514648,0.9960518479347229
156,0.9896300435066223,0.8303661346435547,0.19977301359176636,1e-06,0.9667213559150696,0.9893617033958435,0.9892736077308655,0.9964523315429688,0.9885428547859192,0.804418683052063,0.23719924688339233,0.9702433347702026,0.9882909655570984,0.9882403612136841,0.9960984587669373
157,0.9892388582229614,0.8223143219947815,0.21198132634162903,1e-06,0.966812789440155,0.9889504313468933,0.9888688921928406,0.9963192343711853,0.9884409308433533,0.8044686913490295,0.23624664545059204,0.9691404104232788,0.9881855249404907,0.9881327152252197,0.9960628747940063
158,0.9896610975265503,0.8318488597869873,0.19910527765750885,1e-06,0.9661053419113159,0.989375114440918,0.989283561706543,0.9964591860771179,0.9885562062263489,0.8042370676994324,0.23623761534690857,0.9705361127853394,0.9882981181144714,0.9882482290267944,0.9960999488830566
159,0.9893655180931091,0.8287224769592285,0.20126143097877502,1e-06,0.966314435005188,0.9890642762184143,0.9889792203903198,0.9963563680648804,0.9884909987449646,0.8046442270278931,0.2361159771680832,0.9693201184272766,0.9882321357727051,0.988182544708252,0.9960777163505554
160,0.9893097877502441,0.8283716440200806,0.2034144550561905,1e-06,0.9661856889724731,0.989043116569519,0.9889705181121826,0.9963477849960327,0.9885077476501465,0.8051188588142395,0.2364463210105896,0.969056248664856,0.9882556796073914,0.988201379776001,0.9960858225822449
161,0.9896886348724365,0.8274072408676147,0.20470623672008514,1e-06,0.9666406512260437,0.9894089102745056,0.9893243908882141,0.996470034122467,0.9884875416755676,0.8043545484542847,0.23611681163311005,0.9694386124610901,0.988233208656311,0.9881818890571594,0.9960797429084778
162,0.9893060922622681,0.8254506587982178,0.20768631994724274,1e-06,0.9672216773033142,0.989057183265686,0.9889717102050781,0.9963512420654297,0.988429605960846,0.8046103119850159,0.2360602468252182,0.9688359498977661,0.9881724119186401,0.9881227612495422,0.9960594773292542
163,0.989686906337738,0.8280786871910095,0.20057184994220734,1e-06,0.966812014579773,0.9894231557846069,0.9893373250961304,0.9964742660522461,0.9884079098701477,0.8040223717689514,0.23616939783096313,0.9688684940338135,0.9881526231765747,0.9881021976470947,0.9960524439811707
164,0.9896567463874817,0.8299255967140198,0.20370309054851532,1e-06,0.9667266607284546,0.9893755912780762,0.9892997741699219,0.9964593648910522,0.9884800910949707,0.8047040700912476,0.23658983409404755,0.9695159196853638,0.9882291555404663,0.9881774187088013,0.9960778951644897
165,0.9895183444023132,0.8266296982765198,0.20580922067165375,1e-06,0.967839241027832,0.9892504215240479,0.9891560673713684,0.9964160919189453,0.9885187149047852,0.8042978048324585,0.2362327128648758,0.9702001214027405,0.9882686138153076,0.9882198572158813,0.9960906505584717
166,0.9896909594535828,0.8288241624832153,0.20468685030937195,1e-06,0.9680885076522827,0.989411473274231,0.9893349409103394,0.9964752793312073,0.9885392785072327,0.8052849769592285,0.23596379160881042,0.9698973894119263,0.9882873296737671,0.9882345199584961,0.9960967302322388
167,0.9895737767219543,0.8258835077285767,0.20737159252166748,1e-06,0.9673504829406738,0.9893271923065186,0.9892284870147705,0.9964407086372375,0.9885237812995911,0.8053247928619385,0.23597273230552673,0.9693797826766968,0.9882668256759644,0.9882147908210754,0.9960905909538269
168,0.9895800948143005,0.8300968408584595,0.2012522965669632,1e-06,0.965968668460846,0.9892913699150085,0.9891954660415649,0.9964314103126526,0.9885611534118652,0.8053470849990845,0.23610569536685944,0.9695214033126831,0.9883065819740295,0.9882557392120361,0.9961032867431641
169,0.9895415902137756,0.8319117426872253,0.2024303823709488,1e-06,0.9673440456390381,0.9892777800559998,0.9891960620880127,0.9964258074760437,0.9884609580039978,0.8046443462371826,0.23555327951908112,0.9690946936607361,0.9882123470306396,0.9881601929664612,0.9960734248161316
170,0.9897822737693787,0.827907919883728,0.2001209408044815,1e-06,0.9684213399887085,0.9895024299621582,0.9894218444824219,0.9965033531188965,0.9885170459747314,0.8050525188446045,0.2356480211019516,0.9691659808158875,0.9882592558860779,0.988214910030365,0.9960885643959045
171,0.9893965125083923,0.8216847777366638,0.20971792936325073,1e-06,0.9670441150665283,0.9891224503517151,0.9890561103820801,0.996375322341919,0.9884945750236511,0.8049177527427673,0.23563285171985626,0.9691147804260254,0.9882398843765259,0.9881927967071533,0.9960795640945435
172,0.9895074367523193,0.8276004791259766,0.2040514051914215,1e-06,0.9672075510025024,0.9892282485961914,0.9891543984413147,0.99640953540802,0.9885290861129761,0.8050740361213684,0.23574671149253845,0.9692049622535706,0.98826664686203,0.9882215261459351,0.9960896372795105
173,0.9898477792739868,0.8361878395080566,0.19303935766220093,1e-06,0.965916633605957,0.9895505905151367,0.9894741177558899,0.9965152740478516,0.9884832501411438,0.8051387667655945,0.23555025458335876,0.9686751365661621,0.9882240295410156,0.9881768226623535,0.9960781335830688
174,0.989334762096405,0.8236683011054993,0.20790961384773254,1e-06,0.9660272598266602,0.9890726804733276,0.9889858365058899,0.9963562488555908,0.9884705543518066,0.8053472638130188,0.2352956235408783,0.9687202572822571,0.9882131814956665,0.9881633520126343,0.9960716366767883
175,0.9899210333824158,0.8326560258865356,0.19664739072322845,1e-06,0.9659470319747925,0.9896389842033386,0.9895485043525696,0.99654620885849,0.9885851740837097,0.8065013289451599,0.23673878610134125,0.9688163995742798,0.9883368015289307,0.9882786273956299,0.996113121509552
176,0.9896306395530701,0.8349636793136597,0.19944840669631958,1e-06,0.9664874076843262,0.9893509745597839,0.9892746806144714,0.9964550733566284,0.9885706901550293,0.8050335049629211,0.23527756333351135,0.9697902202606201,0.9883158206939697,0.9882663488388062,0.9961070418357849
177,0.9895533919334412,0.8210635185241699,0.21009188890457153,1e-06,0.9673802852630615,0.9892748594284058,0.9892017841339111,0.9964266419410706,0.9885028004646301,0.8055570721626282,0.2354271411895752,0.968692421913147,0.9882456660270691,0.9881952404975891,0.9960838556289673
178,0.9892624020576477,0.8257606625556946,0.20720793306827545,1e-06,0.9660519361495972,0.9889720678329468,0.9888789057731628,0.9963245987892151,0.9884757995605469,0.805475115776062,0.23524491488933563,0.9684427976608276,0.9882221221923828,0.9881739616394043,0.996078372001648
179,0.9897208213806152,0.831080436706543,0.19950024783611298,1e-06,0.9667229056358337,0.9894574284553528,0.9893683195114136,0.9964842796325684,0.9886133670806885,0.8062984943389893,0.23585037887096405,0.9695514440536499,0.9883599281311035,0.9883065223693848,0.9961221814155579
180,0.9897119402885437,0.8296098709106445,0.19848546385765076,1e-06,0.9672346115112305,0.9894206523895264,0.9893428087234497,0.9964732527732849,0.9885532259941101,0.8064877390861511,0.23562487959861755,0.9684881567955017,0.9882963299751282,0.9882442951202393,0.9961012005805969
181,0.9900603294372559,0.8337942957878113,0.19923639297485352,1e-06,0.9668741226196289,0.9897623658180237,0.9896894097328186,0.9965918660163879,0.9885449409484863,0.8050531148910522,0.2347390502691269,0.9697203636169434,0.9882869720458984,0.9882389307022095,0.9960989356040955
182,0.9897257089614868,0.8334193229675293,0.19375409185886383,1e-06,0.9672486782073975,0.9894353151321411,0.9893674850463867,0.9964805245399475,0.9885836243629456,0.8056844472885132,0.2351463884115219,0.9699441194534302,0.9883342385292053,0.9882856011390686,0.99611496925354
183,0.9896914958953857,0.8293306827545166,0.20199009776115417,1e-06,0.9670755863189697,0.9893942475318909,0.9893037676811218,0.9964652061462402,0.9886025786399841,0.8054959177970886,0.23500052094459534,0.9699345827102661,0.9883491396903992,0.9882992506027222,0.9961167573928833
184,0.9895843863487244,0.8281024098396301,0.2032853215932846,1e-06,0.9668523073196411,0.9892928600311279,0.9892123341560364,0.9964348077774048,0.9885376691818237,0.8050435781478882,0.23517128825187683,0.969428300857544,0.9882800579071045,0.9882366061210632,0.9960943460464478
185,0.9900786876678467,0.8292758464813232,0.20348109304904938,1e-06,0.9681835770606995,0.9898087382316589,0.9897253513336182,0.9966019988059998,0.9885997176170349,0.8057911396026611,0.2352636158466339,0.9697394371032715,0.9883453249931335,0.988293468952179,0.9961145520210266
186,0.9897538423538208,0.8283250331878662,0.19967110455036163,1e-06,0.9684275388717651,0.9894899129867554,0.9894073605537415,0.99649578332901,0.9886086583137512,0.8057446479797363,0.23524095118045807,0.969751238822937,0.9883556365966797,0.9883064031600952,0.9961182475090027
187,0.9897418022155762,0.8325313329696655,0.19598527252674103,1e-06,0.9669939279556274,0.9894723892211914,0.98939049243927,0.9964914321899414,0.9885650277137756,0.8056245446205139,0.23483037948608398,0.9695132374763489,0.9883109331130981,0.9882637858390808,0.9961042404174805
188,0.9895223379135132,0.8294273018836975,0.20291882753372192,1e-06,0.9669642448425293,0.989217221736908,0.9891379475593567,0.9964092373847961,0.9885290861129761,0.8057922720909119,0.23477083444595337,0.9690651893615723,0.9882693886756897,0.9882223010063171,0.9960926175117493
189,0.9898871183395386,0.8298178315162659,0.20123472809791565,1e-06,0.9684489965438843,0.9896195530891418,0.9895535707473755,0.9965391755104065,0.9885669946670532,0.8060605525970459,0.23496338725090027,0.9692603349685669,0.9883124828338623,0.98826003074646,0.9961044788360596
190,0.9897403717041016,0.834999144077301,0.19559192657470703,1e-06,0.9670090079307556,0.9894657731056213,0.9893913269042969,0.9964897632598877,0.9885605573654175,0.8048927187919617,0.2349860817193985,0.969841480255127,0.9883018732070923,0.9882553815841675,0.996103823184967
191,0.9897880554199219,0.8291874527931213,0.20033006370067596,1e-06,0.9675391912460327,0.9895167946815491,0.9894424080848694,0.9965039491653442,0.9885912537574768,0.8066115975379944,0.2350357472896576,0.9692184925079346,0.9883297085762024,0.9882808327674866,0.996112585067749
192,0.9895861148834229,0.8260132074356079,0.20474325120449066,1e-06,0.9671347737312317,0.989303469657898,0.9892339110374451,0.9964345693588257,0.9885797500610352,0.8065205216407776,0.23488552868366241,0.9692085981369019,0.9883239269256592,0.9882768988609314,0.9961101412773132
193,0.9896116852760315,0.8268734812736511,0.2020762860774994,1e-06,0.9672024250030518,0.9893372058868408,0.9892463088035583,0.9964483976364136,0.9886525869369507,0.8063158988952637,0.2348712831735611,0.9698268175125122,0.9883952736854553,0.9883459210395813,0.9961318969726562
194,0.9898768067359924,0.8358971476554871,0.1942960023880005,1e-06,0.9660749435424805,0.9895995855331421,0.9895151853561401,0.9965339303016663,0.9886257648468018,0.8065720200538635,0.23462313413619995,0.9694758057594299,0.9883720874786377,0.9883200526237488,0.9961228370666504
195,0.989829957485199,0.8315383791923523,0.19685758650302887,1e-06,0.9671672582626343,0.989549994468689,0.9894763827323914,0.9965188503265381,0.9885910153388977,0.80576491355896,0.23448678851127625,0.9697402715682983,0.9883365035057068,0.9882871508598328,0.9961161613464355
196,0.9900571703910828,0.8346739411354065,0.198351189494133,1e-06,0.9687496423721313,0.9897770881652832,0.9897066950798035,0.9965955018997192,0.9885785579681396,0.8054075241088867,0.23447145521640778,0.9697585105895996,0.9883227348327637,0.9882760643959045,0.9961100220680237
197,0.989801824092865,0.8313668370246887,0.19783781468868256,1e-06,0.9672636985778809,0.9894858598709106,0.9894229173660278,0.9965006709098816,0.9886335730552673,0.8063580393791199,0.23456929624080658,0.9694852232933044,0.988378643989563,0.9883272051811218,0.9961287379264832
198,0.9898058176040649,0.8356421589851379,0.19661562144756317,1e-06,0.9654885530471802,0.9895039796829224,0.9894289970397949,0.9965010285377502,0.9885956645011902,0.8059934377670288,0.2341867834329605,0.9693048000335693,0.9883413314819336,0.9882931113243103,0.9961149096488953
199,0.9895062446594238,0.8287915587425232,0.20066124200820923,1e-06,0.9670228958129883,0.9892241954803467,0.9891532063484192,0.9964094758033752,0.988649845123291,0.8061984181404114,0.2340213656425476,0.9697821140289307,0.9883904457092285,0.988342821598053,0.9961303472518921
