epoch,accuracy,dice_coef,loss,lr,mean_io_u_7,precision,sensitivity,specificity,val_accuracy,val_dice_coef,val_loss,val_mean_io_u_7,val_precision,val_sensitivity,val_specificity
0,0.9651792049407959,0.36072173714637756,0.1217029020190239,1e-04,0.796043872833252,0.9757333397865295,0.9478365778923035,0.9922500252723694,0.9728701710700989,0.4116825461387634,0.08576451241970062,0.82021564245224,0.9793158769607544,0.9648692607879639,0.9929544925689697
1,0.9731929302215576,0.44839760661125183,0.07968167215585709,1e-04,0.8211078643798828,0.9820766448974609,0.9625910520553589,0.9938396215438843,0.9764602184295654,0.46669480204582214,0.07332657277584076,0.8890882134437561,0.9804555177688599,0.9714903235435486,0.9933760166168213
2,0.9784886837005615,0.5072787404060364,0.06595910340547562,1e-04,0.8442332744598389,0.9827648401260376,0.971945583820343,0.9941363334655762,0.979567289352417,0.5719197988510132,0.05692394822835922,0.8525649309158325,0.9822359085083008,0.9749833345413208,0.9940245747566223
3,0.9819251298904419,0.5627720952033997,0.05347471311688423,1e-04,0.8685196042060852,0.9846834540367126,0.977130115032196,0.9948074221611023,0.9827890992164612,0.575180172920227,0.052580442279577255,0.8881348371505737,0.9847511053085327,0.978874146938324,0.9948197603225708
4,0.9836475253105164,0.5899944305419922,0.047949377447366714,1e-04,0.8809022903442383,0.9856420755386353,0.9792675971984863,0.9951257109642029,0.9835945963859558,0.5968765020370483,0.05004837363958359,0.8587243556976318,0.9869977831840515,0.9777414798736572,0.9955636858940125
5,0.9846705794334412,0.6150243878364563,0.0455198660492897,1e-04,0.8801678419113159,0.986140787601471,0.9807846546173096,0.9953022599220276,0.9863935708999634,0.6460295915603638,0.041726939380168915,0.9107236266136169,0.9867556095123291,0.9837760925292969,0.9955496788024902
6,0.9864140748977661,0.6381036043167114,0.03916308283805847,1e-04,0.8965498208999634,0.9873456954956055,0.9828988313674927,0.9957118034362793,0.9859350323677063,0.6222083568572998,0.04296764358878136,0.9038812518119812,0.9863524436950684,0.9831328988075256,0.9954038262367249
7,0.9863936305046082,0.6392130255699158,0.039340417832136154,1e-04,0.896973729133606,0.987345278263092,0.9828561544418335,0.9957146048545837,0.9863152503967285,0.6469104886054993,0.040474798530340195,0.8646222352981567,0.98687744140625,0.9834742546081543,0.9955824017524719
8,0.9865246415138245,0.6418764591217041,0.03956510126590729,1e-04,0.8847854137420654,0.9874148964881897,0.9831399321556091,0.9957436323165894,0.9864959716796875,0.6234195828437805,0.04011260345578194,0.8985945582389832,0.9883479475975037,0.9818071126937866,0.9960068464279175
9,0.9878560304641724,0.6608434915542603,0.03520636260509491,1e-04,0.9036948680877686,0.9884229302406311,0.9845359325408936,0.9960768818855286,0.9881776571273804,0.6602119207382202,0.035612694919109344,0.8839905858039856,0.9884234666824341,0.9853330254554749,0.9960958957672119
10,0.9880068302154541,0.66748046875,0.034176744520664215,1e-04,0.9034472703933716,0.9883264303207397,0.9848852753639221,0.9960495829582214,0.9866977334022522,0.6569081544876099,0.04103384166955948,0.9002493619918823,0.9871031641960144,0.9841329455375671,0.9956535696983337
11,0.98871910572052,0.6634200215339661,0.03341209515929222,1e-04,0.8981931805610657,0.9889793992042542,0.9858026504516602,0.9962716698646545,0.9880479574203491,0.674806535243988,0.035327401012182236,0.8859319686889648,0.9877232313156128,0.9858092665672302,0.9958846569061279
12,0.9889711737632751,0.6667448878288269,0.032137494534254074,1e-04,0.9040833711624146,0.9890547394752502,0.9860769510269165,0.9962996244430542,0.9883434176445007,0.6464833617210388,0.03612973913550377,0.8492761850357056,0.9886142611503601,0.9851817488670349,0.9961493611335754
13,0.9889575839042664,0.6755859851837158,0.03164086863398552,1e-04,0.909917950630188,0.9890915751457214,0.9859555959701538,0.9963144063949585,0.987816572189331,0.658694326877594,0.036971449851989746,0.9094642400741577,0.9883599281311035,0.9845697283744812,0.9960705041885376
14,0.9900791049003601,0.6798617243766785,0.027802802622318268,2e-05,0.9127601385116577,0.9899205565452576,0.9873632788658142,0.9965960383415222,0.9898629188537598,0.6858957409858704,0.0312349796295166,0.9341760873794556,0.9897083044052124,0.9872117042541504,0.9965212941169739
15,0.990503191947937,0.7052967548370361,0.026814283803105354,2e-05,0.9209192991256714,0.9902158379554749,0.9877145290374756,0.9966915249824524,0.9903239607810974,0.6937618851661682,0.029518524184823036,0.9204821586608887,0.9900177121162415,0.9876798391342163,0.9966259598731995
16,0.9908341765403748,0.6991390585899353,0.0257395152002573,2e-05,0.9219201803207397,0.9904312491416931,0.98819500207901,0.9967628121376038,0.9903355836868286,0.6983655691146851,0.02949470467865467,0.9338583946228027,0.9898713827133179,0.987934947013855,0.9965892434120178
17,0.9913100004196167,0.7035577893257141,0.024471882730722427,2e-05,0.9274238348007202,0.9907923936843872,0.9887712001800537,0.9968891739845276,0.9903570413589478,0.69395512342453,0.029359249398112297,0.933780312538147,0.9900057911872864,0.9878268837928772,0.9966279864311218
18,0.9914416074752808,0.706397294998169,0.023735860362648964,2e-05,0.9273056983947754,0.9909138679504395,0.9889081716537476,0.9969319701194763,0.9903748035430908,0.7022659778594971,0.029994161799550056,0.9318824410438538,0.9898236989974976,0.988043487071991,0.9965754747390747
19,0.9914438724517822,0.7035887241363525,0.024233730509877205,2e-05,0.9245707988739014,0.9908588528633118,0.9889680743217468,0.9969136118888855,0.990343451499939,0.6961997151374817,0.029157476499676704,0.919589638710022,0.9900193810462952,0.9877221584320068,0.99663245677948
20,0.9913937449455261,0.7150541543960571,0.02408696711063385,2e-05,0.9267091155052185,0.9908542037010193,0.9888559579849243,0.9969081282615662,0.9906709790229797,0.7084497809410095,0.029205016791820526,0.9487203359603882,0.9901561737060547,0.9884195923805237,0.996684193611145
21,0.9915955066680908,0.715488851070404,0.023463498800992966,2e-05,0.928921103477478,0.9909037351608276,0.9891417622566223,0.9969292283058167,0.9906763434410095,0.706653356552124,0.02883385866880417,0.9374635219573975,0.9901126027107239,0.9883095026016235,0.99666827917099
22,0.991652250289917,0.7127141356468201,0.023201677948236465,2e-05,0.9282994270324707,0.9909896850585938,0.9892094135284424,0.9969572424888611,0.9906482696533203,0.7052962183952332,0.028411153703927994,0.9320071935653687,0.9901556968688965,0.9882423877716064,0.9966832399368286
23,0.9916744232177734,0.7137774229049683,0.023566868156194687,2e-05,0.9317412376403809,0.9910425543785095,0.9892447590827942,0.9969716668128967,0.9908962249755859,0.7074236273765564,0.028058350086212158,0.937126874923706,0.9904175996780396,0.9884774088859558,0.996766209602356
24,0.9919630289077759,0.7203452587127686,0.02215109020471573,2e-05,0.9354658126831055,0.9912955164909363,0.9895061254501343,0.9970619678497314,0.9908099174499512,0.7121963500976562,0.02843623235821724,0.9414937496185303,0.9902199506759644,0.9885265827178955,0.9967045783996582
25,0.9914974570274353,0.713374674320221,0.023654617369174957,2e-05,0.9297065734863281,0.990931510925293,0.9889423251152039,0.9969356060028076,0.9908043146133423,0.7095274925231934,0.028369996696710587,0.937389612197876,0.9902637600898743,0.9884942173957825,0.9967222809791565
26,0.9924129247665405,0.7355921268463135,0.021182475611567497,4e-06,0.9353238344192505,0.991663932800293,0.9899940490722656,0.9971849322319031,0.9910567998886108,0.7163676619529724,0.0277541633695364,0.940872073173523,0.9903894662857056,0.9888583421707153,0.9967668056488037
27,0.9923905730247498,0.7180705666542053,0.021336320787668228,4e-06,0.9371182918548584,0.9916366934776306,0.9900597929954529,0.9971730709075928,0.9910798668861389,0.7153783440589905,0.027572978287935257,0.9409704208374023,0.9904565215110779,0.9888097047805786,0.9967868328094482
28,0.9923204779624939,0.7312888503074646,0.02142729051411152,4e-06,0.9361909627914429,0.9915016293525696,0.9899498224258423,0.9971291422843933,0.9911221265792847,0.7149601578712463,0.027368605136871338,0.936762809753418,0.9904575943946838,0.9888318181037903,0.9967864751815796
29,0.9923979043960571,0.7284706234931946,0.0210319422185421,4e-06,0.9389089345932007,0.9915998578071594,0.9899954199790955,0.997159481048584,0.9910793900489807,0.7147589325904846,0.02716843970119953,0.9377491474151611,0.990464448928833,0.9887821078300476,0.9967893362045288
30,0.9923046827316284,0.732711911201477,0.021278969943523407,4e-06,0.9378554821014404,0.9914610385894775,0.989910364151001,0.9971159100532532,0.991137683391571,0.7173016667366028,0.02737896516919136,0.9419284462928772,0.9904839992523193,0.9888744354248047,0.9967989325523376
31,0.9924443960189819,0.7328810691833496,0.021139970049262047,4e-06,0.9410651922225952,0.9916011095046997,0.9900652170181274,0.9971661567687988,0.9911072254180908,0.7159977555274963,0.027210621163249016,0.9358400702476501,0.9904776215553284,0.9887911677360535,0.9967957139015198
32,0.9924522042274475,0.730226993560791,0.020876387134194374,1e-06,0.9378223419189453,0.9916439056396484,0.9900299906730652,0.9971782565116882,0.9911590814590454,0.7172144055366516,0.027349287644028664,0.9409565925598145,0.990515410900116,0.9888736605644226,0.9968072175979614
33,0.9923518896102905,0.7333185076713562,0.021300366148352623,1e-06,0.9400348663330078,0.9915985465049744,0.9899387359619141,0.9971638917922974,0.9911630749702454,0.717713475227356,0.027399564161896706,0.9420748353004456,0.9905107617378235,0.9888993501663208,0.9968029856681824
34,0.9926474690437317,0.7243189215660095,0.020549824461340904,1e-06,0.9407066106796265,0.9918862581253052,0.9903442859649658,0.9972625374794006,0.9911775588989258,0.7185103893280029,0.027416901662945747,0.9407669305801392,0.9905056953430176,0.9889311194419861,0.9968017935752869
35,0.9924406409263611,0.7235386967658997,0.020914679393172264,1e-06,0.9389110207557678,0.9916722178459167,0.9901294112205505,0.9971920847892761,0.991162896156311,0.7175085544586182,0.027229316532611847,0.9379885792732239,0.9905034303665161,0.9888904690742493,0.9968023896217346
36,0.9924972057342529,0.729428231716156,0.02095428667962551,1e-06,0.9378591179847717,0.9916577935218811,0.9901434779167175,0.9971826672554016,0.991138219833374,0.7154458165168762,0.02741207368671894,0.9404321312904358,0.9905086159706116,0.9888417720794678,0.9968043565750122
37,0.9925908446311951,0.7153103947639465,0.02072623372077942,1e-06,0.9391117095947266,0.9917940497398376,0.9902969002723694,0.9972292184829712,0.9911538362503052,0.7145876884460449,0.027208512648940086,0.9391421675682068,0.990533709526062,0.9888246059417725,0.9968109130859375
38,0.9926704168319702,0.7245998978614807,0.020318038761615753,1e-06,0.9402655959129333,0.9918892979621887,0.9903072714805603,0.997260332107544,0.9911779761314392,0.7175998687744141,0.027239151298999786,0.9394958019256592,0.9905095100402832,0.9889086484909058,0.9968055486679077
39,0.9925501346588135,0.7292163968086243,0.020703941583633423,1e-06,0.938789963722229,0.9917212724685669,0.9901797771453857,0.9972057938575745,0.9911819696426392,0.7187542915344238,0.027296151965856552,0.9401271939277649,0.9905151128768921,0.9889366626739502,0.9968076348304749
40,0.9924487471580505,0.7277061343193054,0.02111547812819481,1e-06,0.9397683143615723,0.9916331768035889,0.9900705814361572,0.9971739053726196,0.9911726117134094,0.7171331644058228,0.027199849486351013,0.9408159852027893,0.9905297756195068,0.988891065120697,0.9968120455741882
41,0.9924814701080322,0.7365182638168335,0.02075299061834812,1e-06,0.940070629119873,0.991664469242096,0.9900597929954529,0.9971838593482971,0.9911512136459351,0.7176650762557983,0.027527526021003723,0.9427903890609741,0.9904992580413818,0.9889079928398132,0.9968017935752869
42,0.9924173951148987,0.7223032712936401,0.02108302153646946,1e-06,0.9405173063278198,0.991694450378418,0.9899640083312988,0.9971920847892761,0.9911743402481079,0.7179201245307922,0.027420707046985626,0.9414176940917969,0.9905176162719727,0.988912045955658,0.9968063235282898
43,0.9926095604896545,0.7386310696601868,0.020552726462483406,1e-06,0.9414188265800476,0.9917415976524353,0.9902129173278809,0.9972159266471863,0.9911993145942688,0.7190945744514465,0.027330458164215088,0.9402592182159424,0.9905161261558533,0.9889413118362427,0.996806800365448
44,0.9927798509597778,0.7358596324920654,0.020169366151094437,1e-06,0.9391561150550842,0.9919434785842896,0.990440309047699,0.9972773790359497,0.9911943674087524,0.7197027802467346,0.027304653078317642,0.9386348724365234,0.9905020594596863,0.9889699220657349,0.996804416179657
45,0.9926273226737976,0.7293357253074646,0.020591702312231064,1e-06,0.9380702972412109,0.9917759299278259,0.9902858138084412,0.997223973274231,0.9911891222000122,0.7194509506225586,0.02746719680726528,0.94120854139328,0.990504264831543,0.9889622330665588,0.9968041777610779
46,0.9926614761352539,0.7361537218093872,0.020273711532354355,1e-06,0.939989447593689,0.9918004870414734,0.990302562713623,0.9972295165061951,0.9911715388298035,0.717207670211792,0.02735312283039093,0.940942645072937,0.9905211329460144,0.9889165163040161,0.9968096017837524
47,0.9922464489936829,0.7299606800079346,0.022134266793727875,1e-06,0.9401814937591553,0.9915177822113037,0.9898237586021423,0.9971328377723694,0.9911626577377319,0.7169669270515442,0.02727799490094185,0.940487802028656,0.9905233383178711,0.9888790249824524,0.9968104362487793
48,0.9927206039428711,0.725578784942627,0.02013382874429226,1e-06,0.9405807852745056,0.9919110536575317,0.9904100298881531,0.9972705841064453,0.9911922216415405,0.7194046378135681,0.027473144233226776,0.9418171644210815,0.9905153512954712,0.9889631271362305,0.9968056082725525
49,0.992830753326416,0.7281848192214966,0.020661991089582443,1e-06,0.9410412907600403,0.9920158386230469,0.9905068278312683,0.9973025321960449,0.991159975528717,0.7183092832565308,0.02749049849808216,0.9409619569778442,0.9904995560646057,0.9889128804206848,0.9968023300170898
50,0.992841362953186,0.7288646101951599,0.020283805206418037,1e-06,0.9378091096878052,0.9920260310173035,0.9905340671539307,0.9973081350326538,0.991167426109314,0.719092845916748,0.027430033311247826,0.9399020075798035,0.9904966354370117,0.9889351725578308,0.9968029856681824
51,0.9926650524139404,0.7249422669410706,0.020366402342915535,1e-06,0.9392775297164917,0.9918301105499268,0.9903250932693481,0.997240424156189,0.9911907911300659,0.719211995601654,0.027301844209432602,0.9401074647903442,0.9905195832252502,0.9889657497406006,0.9968099594116211
52,0.9926052093505859,0.7335298657417297,0.0205861683934927,1e-06,0.9389245510101318,0.9917343258857727,0.9902852773666382,0.9972105622291565,0.991219699382782,0.7192226052284241,0.02722860500216484,0.9400166869163513,0.9905402660369873,0.9889850616455078,0.9968160390853882
53,0.9926976561546326,0.7186922430992126,0.020181268453598022,1e-06,0.9404121041297913,0.9918843507766724,0.9903693795204163,0.9972583651542664,0.991196870803833,0.7212122082710266,0.027503952383995056,0.9415180683135986,0.9904953241348267,0.9890144467353821,0.996803343296051
54,0.9927366971969604,0.7321364283561707,0.020166141912341118,1e-06,0.9405572414398193,0.9918991923332214,0.9904290437698364,0.9972639679908752,0.991166889667511,0.7184791564941406,0.027338117361068726,0.9406213760375977,0.9905018210411072,0.9889089465141296,0.9968004822731018
55,0.9923202991485596,0.7296966910362244,0.021562298759818077,1e-06,0.9376809000968933,0.9915027022361755,0.9899156093597412,0.9971305131912231,0.9911910891532898,0.7177212834358215,0.02715553529560566,0.9383275508880615,0.9905254244804382,0.9889099597930908,0.996811032295227
56,0.9929203391075134,0.7362790703773499,0.019847990944981575,1e-06,0.9405872821807861,0.9920198917388916,0.9905655980110168,0.9973022937774658,0.9912012815475464,0.7185738682746887,0.02732986956834793,0.9410969018936157,0.9905288815498352,0.9889662861824036,0.99681156873703
57,0.9927766919136047,0.7350978255271912,0.020140165463089943,1e-06,0.9405355453491211,0.9919381141662598,0.9904460310935974,0.9972773194313049,0.9911854863166809,0.7195915579795837,0.027579644694924355,0.9432266354560852,0.9905053377151489,0.9889789819717407,0.9968038201332092
58,0.9926618337631226,0.7408621907234192,0.020403284579515457,1e-06,0.9395558834075928,0.9918609857559204,0.9902529716491699,0.9972484707832336,0.9911671876907349,0.7196086645126343,0.027601713314652443,0.9438687562942505,0.9905083775520325,0.9889483451843262,0.9968061447143555
59,0.9928770065307617,0.735469400882721,0.019900241866707802,1e-06,0.9407909512519836,0.9919857382774353,0.9905825853347778,0.9972921013832092,0.9911966919898987,0.7190219759941101,0.02737477608025074,0.941448986530304,0.9905250072479248,0.988957405090332,0.9968111515045166
60,0.9929510354995728,0.7388304471969604,0.01963259093463421,1e-06,0.9417456984519958,0.9920256733894348,0.9906363487243652,0.9973103404045105,0.9911932945251465,0.720676064491272,0.027602236717939377,0.9443870186805725,0.9905030727386475,0.9889993667602539,0.9968037009239197
61,0.9927200078964233,0.7326157093048096,0.02035003900527954,1e-06,0.9413855075836182,0.991841733455658,0.9903969168663025,0.9972498416900635,0.9911994934082031,0.7199187874794006,0.027463320642709732,0.9434798359870911,0.9905150532722473,0.9889827370643616,0.9968077540397644
62,0.9926625490188599,0.7241119742393494,0.020367905497550964,1e-06,0.9407490491867065,0.9918131232261658,0.9903368353843689,0.9972369074821472,0.9912289381027222,0.7201563715934753,0.027366219088435173,0.9428495168685913,0.9905228614807129,0.989001989364624,0.996811032295227
63,0.9927667379379272,0.7338698506355286,0.020259520038962364,1e-06,0.9401612281799316,0.9918690323829651,0.9904247522354126,0.9972538352012634,0.9911991953849792,0.7203629612922668,0.027520183473825455,0.9435052871704102,0.9905078411102295,0.9889936447143555,0.996805727481842
64,0.9927576184272766,0.7316685318946838,0.02017826773226261,1e-06,0.940934419631958,0.9919263124465942,0.9904606342315674,0.9972800016403198,0.9912070035934448,0.7197266221046448,0.02732826955616474,0.9416024088859558,0.9905211329460144,0.9889954924583435,0.9968098402023315
65,0.9927822947502136,0.7316263318061829,0.020272495225071907,1e-06,0.9397619962692261,0.9918916821479797,0.9904680252075195,0.9972636103630066,0.9912226796150208,0.7196112275123596,0.027299074456095695,0.9403802156448364,0.9905330538749695,0.9889966249465942,0.9968159198760986
66,0.9928608536720276,0.7228261232376099,0.019752278923988342,1e-06,0.9409089088439941,0.9919856786727905,0.9905493855476379,0.9972944259643555,0.9912055730819702,0.7208654880523682,0.02747706137597561,0.9418236017227173,0.9905101656913757,0.9890025854110718,0.9968072772026062
67,0.9925912022590637,0.7364285588264465,0.020436130464076996,1e-06,0.9386850595474243,0.9917314052581787,0.990249514579773,0.9972116947174072,0.9911995530128479,0.7212432026863098,0.027476442977786064,0.9418977499008179,0.9905028939247131,0.9890038967132568,0.9968051910400391
68,0.9927148222923279,0.7323135733604431,0.0203463863581419,1e-06,0.9390996694564819,0.991831362247467,0.9904264807701111,0.9972441792488098,0.9912212491035461,0.7206196784973145,0.02732522040605545,0.9400755167007446,0.9905195832252502,0.9890069961547852,0.9968111515045166
69,0.9927223324775696,0.7310786247253418,0.020114067941904068,1e-06,0.9403676986694336,0.9918527603149414,0.9903677701950073,0.9972489476203918,0.9912048578262329,0.7216331958770752,0.027461938560009003,0.9416385889053345,0.9904953241348267,0.9890068769454956,0.9968032836914062
70,0.993045449256897,0.7397506237030029,0.019355423748493195,1e-06,0.9408295750617981,0.992131233215332,0.9907495379447937,0.9973396062850952,0.9912285804748535,0.7229248881340027,0.027473250404000282,0.942691445350647,0.9905074238777161,0.9890552759170532,0.9968047142028809
71,0.9926150441169739,0.740117073059082,0.020562700927257538,1e-06,0.9415168762207031,0.991748034954071,0.990273654460907,0.9972134232521057,0.9912264347076416,0.7219944000244141,0.02744688279926777,0.9424949884414673,0.9905136823654175,0.9890250563621521,0.9968082904815674
72,0.9926791787147522,0.7339768409729004,0.020381709560751915,1e-06,0.9400345087051392,0.9918228983879089,0.9903293251991272,0.997238278388977,0.991183876991272,0.720589816570282,0.027552207931876183,0.9435042142868042,0.9905033707618713,0.9889739155769348,0.9968022704124451
73,0.9925147891044617,0.7398039102554321,0.020774153992533684,1e-06,0.9408161640167236,0.9916503429412842,0.9901185035705566,0.9971816539764404,0.9912342429161072,0.7201780676841736,0.02724776603281498,0.9416989088058472,0.9905379414558411,0.9890199303627014,0.9968162775039673
74,0.9926940202713013,0.736610472202301,0.020243383944034576,1e-06,0.9408671855926514,0.9918531775474548,0.9903481602668762,0.9972488880157471,0.9912218451499939,0.7200943827629089,0.027354437857866287,0.9427210092544556,0.9905356764793396,0.9890015125274658,0.9968135356903076
75,0.9927053451538086,0.740310549736023,0.020121028646826744,1e-06,0.941457986831665,0.9918188452720642,0.9903518557548523,0.9972390532493591,0.9911960959434509,0.7196201086044312,0.027479996904730797,0.9445568323135376,0.9905192255973816,0.9889756441116333,0.996810257434845
76,0.9928382039070129,0.7391020059585571,0.02000986970961094,1e-06,0.9413707256317139,0.9919615387916565,0.990501344203949,0.9972829222679138,0.9912548661231995,0.7213147878646851,0.027099374681711197,0.941170334815979,0.9905593991279602,0.9890295267105103,0.9968233704566956
77,0.9926010966300964,0.7361240386962891,0.020652251318097115,1e-06,0.9399237632751465,0.9917268753051758,0.9902266263961792,0.9972070455551147,0.9912291169166565,0.7196781039237976,0.027135048061609268,0.9407757520675659,0.9905532002449036,0.9889774918556213,0.9968223571777344
78,0.9928693771362305,0.734412670135498,0.01981235295534134,1e-06,0.9412765502929688,0.9920214414596558,0.9905700087547302,0.9973042607307434,0.991195797920227,0.7189380526542664,0.027265280485153198,0.9424846172332764,0.9905444979667664,0.9889431595802307,0.9968188405036926
79,0.9926841259002686,0.7332315444946289,0.020179584622383118,1e-06,0.9410427808761597,0.9918255805969238,0.9902965426445007,0.9972401261329651,0.9912176728248596,0.7217091917991638,0.027461161836981773,0.9435087442398071,0.9905237555503845,0.9890174865722656,0.996810257434845
80,0.9925629496574402,0.7316182255744934,0.02071545459330082,1e-06,0.9411090612411499,0.9917093515396118,0.9902074933052063,0.9972034692764282,0.9912020564079285,0.7190143465995789,0.027141889557242393,0.9407109618186951,0.9905387759208679,0.988941490650177,0.9968152046203613
81,0.9927975535392761,0.73210608959198,0.019999181851744652,1e-06,0.9421514272689819,0.9919296503067017,0.9904363751411438,0.9972716569900513,0.9912105798721313,0.7202858924865723,0.027347130700945854,0.9426461458206177,0.990529477596283,0.989007294178009,0.9968113303184509
82,0.9929542541503906,0.7347346544265747,0.019617531448602676,1e-06,0.941794216632843,0.9920411109924316,0.9906876087188721,0.9973136186599731,0.9911993741989136,0.7214354872703552,0.027551213279366493,0.9444307088851929,0.9905105233192444,0.989010751247406,0.9968077540397644
83,0.9926881194114685,0.7384199500083923,0.0201705489307642,1e-06,0.9415898323059082,0.9918741583824158,0.9903249740600586,0.9972550272941589,0.9912213087081909,0.7212827205657959,0.027394738048315048,0.9431437849998474,0.9905259013175964,0.9890103936195374,0.9968117475509644
84,0.9926173090934753,0.7297486662864685,0.020511897280812263,1e-06,0.9392843246459961,0.9917770624160767,0.9902975559234619,0.9972242712974548,0.9911849498748779,0.7195484042167664,0.027326229959726334,0.9411975741386414,0.9905033707618713,0.988968551158905,0.9968044757843018
85,0.9928209185600281,0.7304439544677734,0.019954834133386612,1e-06,0.9404888153076172,0.991936445236206,0.990504801273346,0.997278094291687,0.9912375807762146,0.7215951681137085,0.02739259973168373,0.9423598051071167,0.9905219078063965,0.9890577793121338,0.9968120455741882
86,0.9928334951400757,0.7450981140136719,0.019788503646850586,1e-06,0.9416167140007019,0.991909921169281,0.9904711246490479,0.9972686171531677,0.991239607334137,0.7221519351005554,0.027343841269612312,0.9423208832740784,0.9905275702476501,0.9890591502189636,0.9968120455741882
87,0.9929667115211487,0.7419111132621765,0.019557567313313484,1e-06,0.9408175945281982,0.9920151233673096,0.9906415343284607,0.9973068237304688,0.9912108778953552,0.7219609618186951,0.027418291196227074,0.9420501589775085,0.9905081987380981,0.9890252351760864,0.9968072772026062
88,0.9926013946533203,0.733369767665863,0.020597388967871666,1e-06,0.9406425952911377,0.9917912483215332,0.9902339577674866,0.9972288608551025,0.9911959171295166,0.7210459113121033,0.027518194168806076,0.9424049258232117,0.9905063509941101,0.9889987707138062,0.9968059659004211
89,0.992834210395813,0.7359386682510376,0.019829025492072105,1e-06,0.940613865852356,0.9919276237487793,0.9905380606651306,0.9972766637802124,0.9912316799163818,0.7231634259223938,0.02758689969778061,0.9416626691818237,0.9904937148094177,0.9890613555908203,0.9968039393424988
90,0.9929051399230957,0.7327629327774048,0.019725080579519272,1e-06,0.9402044415473938,0.9920033812522888,0.9906168580055237,0.9973034858703613,0.9912492632865906,0.722531795501709,0.027428733184933662,0.9416991472244263,0.9905323386192322,0.9890759587287903,0.9968158602714539
91,0.99284428358078,0.7213910222053528,0.02006342262029648,1e-06,0.9399958252906799,0.992007315158844,0.9905790686607361,0.9973025321960449,0.9912537932395935,0.7218565344810486,0.02717316523194313,0.9393017292022705,0.9905465245246887,0.9890484809875488,0.9968197345733643
92,0.9927372336387634,0.7364343404769897,0.02020193263888359,1e-06,0.9407421350479126,0.9918946027755737,0.9903942346572876,0.9972611665725708,0.9912339448928833,0.7202453017234802,0.027182210236787796,0.9404212236404419,0.9905452728271484,0.9890071153640747,0.9968162178993225
93,0.992864727973938,0.7369161248207092,0.019826296716928482,1e-06,0.9401277899742126,0.991993248462677,0.9905065298080444,0.9972975850105286,0.9912581443786621,0.7219136357307434,0.02719779871404171,0.9411035180091858,0.9905558824539185,0.9890719652175903,0.9968239068984985
94,0.9927623867988586,0.7354040741920471,0.019947750493884087,1e-06,0.9405182600021362,0.9918734431266785,0.9903659820556641,0.9972554445266724,0.9912601709365845,0.723712682723999,0.02737453021109104,0.9439858794212341,0.9905491471290588,0.9890896081924438,0.9968212842941284
95,0.9930044412612915,0.7354708909988403,0.01924331672489643,1e-06,0.94207364320755,0.9920731782913208,0.9907415509223938,0.9973236918449402,0.991280734539032,0.7250910997390747,0.02756115235388279,0.9451556205749512,0.990540623664856,0.9891563653945923,0.9968187212944031
96,0.9927961826324463,0.7314236760139465,0.02009720727801323,1e-06,0.9438906908035278,0.9919307231903076,0.9905008673667908,0.9972776770591736,0.9912753701210022,0.7229275107383728,0.02734028361737728,0.9428336024284363,0.9905617833137512,0.9890901446342468,0.9968244433403015
97,0.9927949905395508,0.7241553664207458,0.019740810617804527,1e-06,0.9423688650131226,0.9919261932373047,0.9905522465705872,0.9972764253616333,0.9912821054458618,0.7244787216186523,0.027558956295251846,0.9448762536048889,0.9905476570129395,0.9891273975372314,0.996821939945221
98,0.9927265048027039,0.7422201633453369,0.02015720121562481,1e-06,0.9419695138931274,0.9917861223220825,0.9904381632804871,0.9972301721572876,0.9912495017051697,0.7221190333366394,0.027397751808166504,0.9423269033432007,0.9905421733856201,0.9890471696853638,0.9968166351318359
99,0.9927518963813782,0.7395460605621338,0.020003842189908028,1e-06,0.9419132471084595,0.991892397403717,0.9903931617736816,0.9972646236419678,0.9912838339805603,0.7244085073471069,0.02732263319194317,0.9423805475234985,0.9905546307563782,0.9891119003295898,0.996821939945221
100,0.9932120442390442,0.749336302280426,0.01897048018872738,1e-06,0.9415639638900757,0.9922116994857788,0.9909233450889587,0.9973746538162231,0.991287350654602,0.7249377369880676,0.02749047614634037,0.9445978403091431,0.9905588030815125,0.989133894443512,0.9968227744102478
101,0.992781937122345,0.7374723553657532,0.020279984921216965,1e-06,0.9423134326934814,0.9918534159660339,0.9904941916465759,0.9972507357597351,0.9912657737731934,0.7221463322639465,0.02730269730091095,0.9429195523262024,0.9905620813369751,0.9890639185905457,0.9968227744102478
102,0.9929026961326599,0.739834725856781,0.019832968711853027,1e-06,0.9404916763305664,0.9919699430465698,0.9905431270599365,0.9972895383834839,0.9912605881690979,0.7239954471588135,0.027469996362924576,0.9431132078170776,0.9905247688293457,0.9890927672386169,0.9968122839927673
103,0.9927000999450684,0.7369584441184998,0.020281700417399406,1e-06,0.9415823221206665,0.9918177127838135,0.9903514981269836,0.9972373247146606,0.9912323951721191,0.7228848338127136,0.02756633050739765,0.944052517414093,0.9905153512954712,0.9890620112419128,0.9968076944351196
104,0.9927993416786194,0.7296698093414307,0.01996198296546936,1e-06,0.9413743019104004,0.9919262528419495,0.9905136227607727,0.9972755908966064,0.9912670254707336,0.7230179905891418,0.027395570650696754,0.9430961608886719,0.9905385971069336,0.9890876412391663,0.9968172311782837
105,0.9930230379104614,0.737577497959137,0.019498437643051147,1e-06,0.9420231580734253,0.9921027421951294,0.9907419085502625,0.9973357319831848,0.9912696480751038,0.7228745818138123,0.02738334983587265,0.9435480833053589,0.9905476570129395,0.9891096949577332,0.9968185424804688
106,0.9927767515182495,0.7350950837135315,0.020011670887470245,1e-06,0.9408310651779175,0.9918667674064636,0.9904507398605347,0.9972549080848694,0.9912848472595215,0.7230135202407837,0.027317127212882042,0.9431833028793335,0.9905524849891663,0.9891301989555359,0.9968241453170776
107,0.9929640889167786,0.7412985563278198,0.019619693979620934,1e-06,0.9421471357345581,0.992012083530426,0.9906684160232544,0.9973013997077942,0.9912601709365845,0.7226587533950806,0.02729298546910286,0.9427496194839478,0.9905403852462769,0.9890908002853394,0.9968195557594299
108,0.9929842352867126,0.7345378398895264,0.019483136013150215,1e-06,0.9423292279243469,0.9920284748077393,0.9906904101371765,0.9973076581954956,0.9912661910057068,0.7238386869430542,0.027502594515681267,0.9446008801460266,0.9905386567115784,0.9891191124916077,0.9968190789222717
109,0.9929589629173279,0.7338096499443054,0.019610565155744553,1e-06,0.9422585368156433,0.9920397400856018,0.9906553030014038,0.9973095655441284,0.9912458062171936,0.722862184047699,0.027457186952233315,0.9437056183815002,0.9905325770378113,0.9890820384025574,0.9968149065971375
110,0.9929879903793335,0.7335309386253357,0.0196344293653965,1e-06,0.9423503279685974,0.9920733571052551,0.9907265305519104,0.9973248839378357,0.9912708401679993,0.7223301529884338,0.027291998267173767,0.9419183731079102,0.9905534386634827,0.9890832901000977,0.9968206286430359
111,0.9928267002105713,0.7338955998420715,0.019917061552405357,1e-06,0.9418327808380127,0.9919432401657104,0.990497350692749,0.9972796440124512,0.9912737011909485,0.7215501070022583,0.027288179844617844,0.9419704079627991,0.9905655980110168,0.9890638589859009,0.9968260526657104
112,0.9930250644683838,0.734031617641449,0.01958228088915348,1e-06,0.9422683715820312,0.9920790791511536,0.9907155632972717,0.9973247647285461,0.9912813305854797,0.7222285866737366,0.02731279842555523,0.9419553279876709,0.9905630350112915,0.9890820980072021,0.9968230128288269
113,0.9928053021430969,0.736457109451294,0.01985931396484375,1e-06,0.9417897462844849,0.9919426441192627,0.9904845356941223,0.997279942035675,0.9912684559822083,0.7228034734725952,0.027466794475913048,0.9425400495529175,0.9905530214309692,0.9890767335891724,0.9968200325965881
114,0.9928190112113953,0.7377737760543823,0.01995830051600933,1e-06,0.9405231475830078,0.9919048547744751,0.990450918674469,0.9972682595252991,0.9912691116333008,0.7226667404174805,0.02737031877040863,0.9427353143692017,0.9905583262443542,0.989083468914032,0.9968245625495911
115,0.9929304122924805,0.7395718693733215,0.019764414057135582,1e-06,0.9416813850402832,0.9920467734336853,0.9906070232391357,0.9973137378692627,0.9912766218185425,0.7231309413909912,0.027392230927944183,0.9424757957458496,0.9905638098716736,0.989098072052002,0.9968283772468567
116,0.9930053949356079,0.731188952922821,0.019519012421369553,1e-06,0.9421848058700562,0.9921449422836304,0.9907240271568298,0.997348427772522,0.9912814497947693,0.7241390347480774,0.027559898793697357,0.9437184929847717,0.9905519485473633,0.9891431331634521,0.9968227744102478
117,0.9929697513580322,0.7410150766372681,0.01952933520078659,1e-06,0.9423899054527283,0.9920463562011719,0.990679919719696,0.9973157644271851,0.9912817478179932,0.722638726234436,0.02736813575029373,0.942785382270813,0.9905688762664795,0.9891051650047302,0.9968274235725403
118,0.9930158257484436,0.7323783040046692,0.019458221271634102,1e-06,0.9425061941146851,0.9921270608901978,0.9906992316246033,0.9973413348197937,0.9912696480751038,0.7241103649139404,0.027542440220713615,0.9436432123184204,0.990544855594635,0.9891188144683838,0.9968209266662598
119,0.9930521845817566,0.7435486316680908,0.019380314275622368,1e-06,0.9406594038009644,0.9921209812164307,0.990795910358429,0.9973416924476624,0.9912925958633423,0.7234473824501038,0.027425844222307205,0.9427138566970825,0.9905745387077332,0.98912513256073,0.9968299865722656
120,0.9929139018058777,0.7424501180648804,0.01983519084751606,1e-06,0.9410613775253296,0.9919827580451965,0.9905245900154114,0.9972931146621704,0.9912892580032349,0.7244734764099121,0.027509819716215134,0.9425961375236511,0.9905558824539185,0.9891445636749268,0.9968225359916687
121,0.9928777813911438,0.7432532906532288,0.01978408172726631,1e-06,0.941006064414978,0.9919915199279785,0.9905717372894287,0.9972943663597107,0.9912755489349365,0.7227978110313416,0.027369877323508263,0.9427531361579895,0.9905581474304199,0.9891026020050049,0.9968219995498657
122,0.9929789900779724,0.7371296882629395,0.019668739289045334,1e-06,0.941378116607666,0.9921015501022339,0.9906731843948364,0.9973334074020386,0.9912868738174438,0.723615288734436,0.027571283280849457,0.9447826147079468,0.9905572533607483,0.9891420006752014,0.9968255758285522
123,0.9930233359336853,0.7450942993164062,0.01945577561855316,1e-06,0.942657470703125,0.992099940776825,0.9907785058021545,0.9973336458206177,0.9912898540496826,0.7219478487968445,0.02729601040482521,0.9422478079795837,0.9905783534049988,0.9891093969345093,0.9968302845954895
124,0.9929104447364807,0.7319020628929138,0.019713325425982475,1e-06,0.9420043230056763,0.9920260906219482,0.9906311631202698,0.9973084926605225,0.991276204586029,0.72212153673172,0.02728736773133278,0.9410874843597412,0.9905685186386108,0.9890831708908081,0.9968271255493164
125,0.9930230379104614,0.7403042912483215,0.01947878487408161,1e-06,0.9401556253433228,0.9921002388000488,0.9907013773918152,0.9973306655883789,0.9912758469581604,0.7242472767829895,0.027607528492808342,0.9430993795394897,0.9905481338500977,0.9891071319580078,0.9968225359916687
126,0.9929816722869873,0.7365051507949829,0.019498299807310104,1e-06,0.9419779777526855,0.9920618534088135,0.9907062649726868,0.997321605682373,0.9912997484207153,0.7234848141670227,0.027434030547738075,0.9421754479408264,0.990573525428772,0.9891241788864136,0.9968298673629761
127,0.993050754070282,0.7387824654579163,0.01930881291627884,1e-06,0.9415185451507568,0.9921099543571472,0.9907582998275757,0.9973376989364624,0.991294264793396,0.7237172722816467,0.027516238391399384,0.9437133073806763,0.9905778169631958,0.9891309142112732,0.9968310594558716
128,0.9930202960968018,0.7406395673751831,0.019401393830776215,1e-06,0.9424593448638916,0.9921219944953918,0.9907110929489136,0.9973379373550415,0.991269052028656,0.724963903427124,0.027847860008478165,0.9462279677391052,0.9905469417572021,0.9891330599784851,0.996818482875824
129,0.9929987788200378,0.7394559979438782,0.01952076144516468,1e-06,0.9436538219451904,0.992088794708252,0.9907061457633972,0.997330904006958,0.9912686944007874,0.7251181602478027,0.027878889814019203,0.9457623958587646,0.9905389547348022,0.989143431186676,0.9968176484107971
130,0.99278324842453,0.7337778806686401,0.019876141101121902,1e-06,0.9429969787597656,0.9919124841690063,0.9904836416244507,0.9972701668739319,0.9912701845169067,0.7239596843719482,0.027580050751566887,0.9442840814590454,0.9905459880828857,0.9891037344932556,0.996819257736206
131,0.9930150508880615,0.7389508485794067,0.0192925576120615,1e-06,0.9427566528320312,0.9920873045921326,0.9907090663909912,0.9973278045654297,0.9912856221199036,0.7264187932014465,0.027701731771230698,0.9447789192199707,0.9905412197113037,0.9891518950462341,0.9968205094337463
132,0.993244469165802,0.7449870109558105,0.018808158114552498,1e-06,0.9452031254768372,0.992298424243927,0.990990936756134,0.9974000453948975,0.9912813901901245,0.7253640294075012,0.02755105309188366,0.9436753392219543,0.9905492663383484,0.9891276359558105,0.9968199133872986
133,0.993068516254425,0.7375027537345886,0.019131014123558998,1e-06,0.9425071477890015,0.9920880198478699,0.9908180832862854,0.9973306655883789,0.9913201332092285,0.7272656559944153,0.027610110118985176,0.9440205097198486,0.9905508160591125,0.9892221689224243,0.9968237280845642
134,0.9931788444519043,0.7414182424545288,0.01899995282292366,1e-06,0.9434757232666016,0.9922167062759399,0.9909422397613525,0.9973709583282471,0.9912899136543274,0.7251418232917786,0.027424084022641182,0.9438647031784058,0.9905564188957214,0.9891400337219238,0.9968239068984985
135,0.9931724071502686,0.7399148941040039,0.018759526312351227,1e-06,0.9440069198608398,0.9921812415122986,0.9909477233886719,0.9973644018173218,0.9912859797477722,0.7269493937492371,0.027779903262853622,0.9466379284858704,0.9905250668525696,0.9891788959503174,0.9968147277832031
136,0.993050754070282,0.7415007948875427,0.019360056146979332,1e-06,0.9444801211357117,0.9921594262123108,0.9908004403114319,0.9973555207252502,0.9913015365600586,0.7259259223937988,0.027606301009655,0.9446003437042236,0.9905415177345276,0.9891756772994995,0.9968181252479553
137,0.993083119392395,0.736656665802002,0.019110295921564102,1e-06,0.9430932402610779,0.9921207427978516,0.9908192157745361,0.9973412156105042,0.9913147687911987,0.7269245386123657,0.027620790526270866,0.9443999528884888,0.9905407428741455,0.9892027974128723,0.996820867061615
138,0.9929470419883728,0.7431721091270447,0.01955179125070572,1e-06,0.943373441696167,0.9919969439506531,0.9906618595123291,0.99729984998703,0.9912741184234619,0.7252758145332336,0.027650004252791405,0.9449952244758606,0.9905365705490112,0.9891260862350464,0.9968169331550598
139,0.9931149482727051,0.7407076954841614,0.01927170902490616,1e-06,0.9429323673248291,0.9921475052833557,0.9907804727554321,0.9973517656326294,0.9912860989570618,0.7264589667320251,0.027656227350234985,0.9453927874565125,0.9905466437339783,0.9891499280929565,0.9968210458755493
140,0.9931654930114746,0.7441571950912476,0.019091308116912842,1e-06,0.9446957111358643,0.9922072887420654,0.9908536076545715,0.9973662495613098,0.991322934627533,0.7278397679328918,0.027627909556031227,0.9451817870140076,0.9905528426170349,0.9892067313194275,0.9968252778053284
141,0.9932805895805359,0.7376676797866821,0.018677394837141037,1e-06,0.9440244436264038,0.9923038482666016,0.9910344481468201,0.9974021911621094,0.9913152456283569,0.7273322343826294,0.027697620913386345,0.9458772540092468,0.9905531406402588,0.9891985058784485,0.9968241453170776
142,0.9931212663650513,0.7354804277420044,0.01917739026248455,1e-06,0.9445555806159973,0.9922043085098267,0.9908900260925293,0.9973662495613098,0.9913234114646912,0.7264201045036316,0.027593368664383888,0.9453340768814087,0.9905677437782288,0.9891965985298157,0.9968306422233582
143,0.9929322600364685,0.7403260469436646,0.0196551326662302,1e-06,0.9429222345352173,0.9920132756233215,0.9906476140022278,0.9973031878471375,0.9912896752357483,0.7253350019454956,0.027661599218845367,0.9451162815093994,0.9905441999435425,0.9891527891159058,0.9968207478523254
144,0.9931471943855286,0.7382325530052185,0.01895720511674881,1e-06,0.943905234336853,0.9921934604644775,0.9908697605133057,0.9973627328872681,0.9912883043289185,0.7249226570129395,0.027479201555252075,0.9442216753959656,0.9905476570129395,0.9891442060470581,0.9968201518058777
145,0.9931617379188538,0.7431758642196655,0.019101150333881378,1e-06,0.9430367946624756,0.9921891093254089,0.990902841091156,0.9973627924919128,0.9912880659103394,0.724510669708252,0.02747400663793087,0.9443128108978271,0.9905627369880676,0.9891515970230103,0.996825635433197
146,0.9933955073356628,0.7417070269584656,0.018455740064382553,1e-06,0.9447051286697388,0.9923626780509949,0.991169273853302,0.9974243640899658,0.9913035035133362,0.7277507781982422,0.02783503569662571,0.9468518495559692,0.9905468225479126,0.9892054796218872,0.996820867061615
147,0.9930119514465332,0.7420761585235596,0.019412696361541748,1e-06,0.9444593191146851,0.9920293688774109,0.9907325506210327,0.9973126649856567,0.9912921190261841,0.7263294458389282,0.027616828680038452,0.9452751874923706,0.990547239780426,0.9891610741615295,0.9968217611312866
148,0.9931920170783997,0.7416362166404724,0.01890166848897934,1e-06,0.944342851638794,0.9922295212745667,0.9909889698028564,0.9973819255828857,0.9912765622138977,0.7248432636260986,0.02740517072379589,0.9434811472892761,0.9905471801757812,0.989142894744873,0.9968194365501404
149,0.9932710528373718,0.7374124526977539,0.018698208034038544,1e-06,0.9420263171195984,0.9923073649406433,0.9910582900047302,0.997403621673584,0.9913065433502197,0.7259282469749451,0.027401620522141457,0.9441595077514648,0.9905692934989929,0.9891648888587952,0.9968284368515015
150,0.993218183517456,0.7500649690628052,0.018931452184915543,1e-06,0.9434936046600342,0.9922349452972412,0.9909223914146423,0.9973779320716858,0.9913155436515808,0.728347897529602,0.027619052678346634,0.9451907873153687,0.9905519485473633,0.9892183542251587,0.9968219995498657
151,0.9930999875068665,0.7424110770225525,0.019270218908786774,1e-06,0.9431793689727783,0.9921103119850159,0.9908513426780701,0.9973392486572266,0.9912957549095154,0.7257021069526672,0.0275751780718565,0.9445737600326538,0.9905667304992676,0.9891546964645386,0.9968271851539612
152,0.9932201504707336,0.7418385744094849,0.018757451325654984,1e-06,0.9437795281410217,0.9922902584075928,0.9909932017326355,0.997398316860199,0.9912857413291931,0.7271620631217957,0.027805669233202934,0.94659823179245,0.9905434250831604,0.9891892075538635,0.9968211054801941
153,0.9931588768959045,0.7455654740333557,0.01899348758161068,1e-06,0.9441215991973877,0.9922007322311401,0.990863561630249,0.9973627924919128,0.9912839531898499,0.7262974381446838,0.027512716129422188,0.9453997611999512,0.9905524849891663,0.9891655445098877,0.996823251247406
154,0.9932639002799988,0.7477447390556335,0.01877608522772789,1e-06,0.9434351921081543,0.9922541379928589,0.9910289645195007,0.9973857998847961,0.9913119077682495,0.7276414632797241,0.027460644021630287,0.9446725249290466,0.9905565977096558,0.9892018437385559,0.9968255758285522
155,0.993222177028656,0.7487441301345825,0.018899837508797646,1e-06,0.9444239139556885,0.9922257661819458,0.9909443855285645,0.9973772764205933,0.991325318813324,0.7277427315711975,0.027583064511418343,0.9456039667129517,0.9905692338943481,0.9892198443412781,0.9968289136886597
156,0.993408203125,0.7493429183959961,0.018591243773698807,1e-06,0.9423621892929077,0.9923689365386963,0.991184651851654,0.9974232912063599,0.9913373589515686,0.7270188331604004,0.027388621121644974,0.9439976215362549,0.9905960559844971,0.9892006516456604,0.9968372583389282
157,0.9933339357376099,0.7463409304618835,0.018504930660128593,1e-06,0.944137454032898,0.9923621416091919,0.9910812377929688,0.9974244832992554,0.9913071393966675,0.7274335026741028,0.027723627164959908,0.9467594623565674,0.9905821084976196,0.9892027378082275,0.9968336820602417
158,0.9935877919197083,0.7448604702949524,0.017934709787368774,1e-06,0.9462020397186279,0.9925366044044495,0.9913654923439026,0.9974802732467651,0.991348147392273,0.7281814813613892,0.0277048721909523,0.946962296962738,0.9905973672866821,0.9892499446868896,0.9968371391296387
159,0.993044912815094,0.7406548261642456,0.01947138085961342,1e-06,0.9437544941902161,0.9920819401741028,0.990772008895874,0.9973278045654297,0.9913225769996643,0.7264828681945801,0.02755497768521309,0.9451075792312622,0.9905819296836853,0.9891945719718933,0.9968321919441223
160,0.9933639168739319,0.7512121796607971,0.018390532582998276,1e-06,0.9457483291625977,0.9923731684684753,0.9911407232284546,0.9974249005317688,0.9913211464881897,0.7287183403968811,0.027837688103318214,0.9475455284118652,0.9905648827552795,0.9892192482948303,0.9968269467353821
161,0.993401288986206,0.7441595196723938,0.018279600888490677,1e-06,0.94731605052948,0.9923831820487976,0.9911941289901733,0.9974315166473389,0.9913026094436646,0.7285485863685608,0.027990348637104034,0.948988676071167,0.9905694723129272,0.9891929030418396,0.9968271255493164
162,0.9930922389030457,0.7494818568229675,0.01925230585038662,1e-06,0.9458128213882446,0.9921723008155823,0.9907764196395874,0.997355043888092,0.9913057684898376,0.7259821891784668,0.02755986526608467,0.9459086656570435,0.9905864596366882,0.9891777038574219,0.9968352913856506
163,0.9931511878967285,0.7444724440574646,0.019046278670430183,1e-06,0.9434511661529541,0.9922189712524414,0.9909106492996216,0.9973739981651306,0.9913275837898254,0.7274622321128845,0.027592165395617485,0.9463940858840942,0.9905850291252136,0.9892159104347229,0.9968352317810059
164,0.9933608174324036,0.7463588714599609,0.018385697156190872,1e-06,0.9448598027229309,0.9923570156097412,0.9911365509033203,0.9974249005317688,0.9913217425346375,0.7284406423568726,0.02778642252087593,0.9479855298995972,0.9905723333358765,0.9892239570617676,0.9968309998512268
165,0.993276059627533,0.746606171131134,0.018619058653712273,1e-06,0.9458901882171631,0.9922817349433899,0.9909928441047668,0.997394323348999,0.9913252592086792,0.7280309200286865,0.027868660166859627,0.9490963220596313,0.9905725717544556,0.9892352223396301,0.9968314170837402
166,0.9931430220603943,0.7451828122138977,0.019127260893583298,1e-06,0.9459927082061768,0.992177426815033,0.990853488445282,0.9973585605621338,0.991374135017395,0.7283256649971008,0.02751287817955017,0.9451422691345215,0.9905967712402344,0.9892690181732178,0.9968377351760864
167,0.9931991100311279,0.7409828901290894,0.018903929740190506,1e-06,0.9425269365310669,0.9922183752059937,0.9909219145774841,0.9973769783973694,0.9913550615310669,0.7294607162475586,0.027571318671107292,0.9456251859664917,0.9905763268470764,0.989264726638794,0.9968339800834656
168,0.9932121634483337,0.7471820712089539,0.01902877166867256,1e-06,0.9440287947654724,0.9922037124633789,0.9909412264823914,0.9973680973052979,0.9913294911384583,0.727912425994873,0.027528319507837296,0.9437389373779297,0.9905736446380615,0.9892197251319885,0.996831476688385
169,0.9933705925941467,0.7449480295181274,0.018619561567902565,1e-06,0.944024384021759,0.9923540949821472,0.9911344051361084,0.9974238872528076,0.9913640022277832,0.7287120223045349,0.02762324921786785,0.9451058506965637,0.9905946254730225,0.9892656207084656,0.9968404173851013
170,0.9931702613830566,0.7432003021240234,0.018905047327280045,1e-06,0.943882167339325,0.9921958446502686,0.9909136891365051,0.9973649978637695,0.9913375377655029,0.7264701128005981,0.027471857145428658,0.9442198276519775,0.9905842542648315,0.9891902804374695,0.9968329071998596
171,0.9935115575790405,0.7444369196891785,0.018130343407392502,1e-06,0.9451477527618408,0.992500364780426,0.9913370013237,0.9974718689918518,0.9913395643234253,0.7285842299461365,0.027813635766506195,0.9460944533348083,0.9905741810798645,0.9892351627349854,0.9968321323394775
172,0.9932661652565002,0.744584321975708,0.018747996538877487,1e-06,0.9440732002258301,0.9922638535499573,0.990984320640564,0.9973899722099304,0.9913806319236755,0.7290681004524231,0.027642304077744484,0.9470536708831787,0.9906068444252014,0.9892846345901489,0.996843695640564
173,0.9933912754058838,0.7461349964141846,0.018305819481611252,1e-06,0.9459465146064758,0.9923912882804871,0.9911357760429382,0.9974278807640076,0.9913427829742432,0.727669358253479,0.027612803503870964,0.9476567506790161,0.9905993342399597,0.9892277717590332,0.9968394041061401
174,0.9934015870094299,0.7399995923042297,0.018335137516260147,1e-06,0.9459854364395142,0.9924880862236023,0.9911773800849915,0.9974602460861206,0.9913448691368103,0.7284515500068665,0.027565082535147667,0.946784257888794,0.9905958771705627,0.9892387390136719,0.9968369007110596
175,0.9931380152702332,0.7441030740737915,0.019049910828471184,1e-06,0.9453134536743164,0.9921963810920715,0.9908876419067383,0.997369110584259,0.9913604259490967,0.7293941974639893,0.02771885320544243,0.9467813968658447,0.9905858635902405,0.9892808198928833,0.9968373775482178
176,0.9933202862739563,0.7539426684379578,0.018549980595707893,1e-06,0.9450677633285522,0.992237389087677,0.991050660610199,0.997381865978241,0.9913759231567383,0.7299736142158508,0.02763504721224308,0.9460695385932922,0.9905916452407837,0.9892862439155579,0.9968385100364685
177,0.9930871725082397,0.7489656209945679,0.019212549552321434,1e-06,0.9443224668502808,0.9921155571937561,0.9908223152160645,0.9973366260528564,0.9913288354873657,0.727549135684967,0.02763400785624981,0.9468415975570679,0.9905824065208435,0.9892167448997498,0.996832549571991
178,0.9932594895362854,0.7503345012664795,0.018773192539811134,1e-06,0.9443713426589966,0.9922074675559998,0.9909986257553101,0.9973722696304321,0.9913424253463745,0.7300800085067749,0.027881240472197533,0.9485308527946472,0.9905737638473511,0.98927241563797,0.9968318343162537
179,0.9934291839599609,0.7501361966133118,0.018459750339388847,1e-06,0.9454853534698486,0.9923933744430542,0.9912110567092896,0.9974341988563538,0.9913590550422668,0.7278684973716736,0.027413824573159218,0.9447394609451294,0.9905950427055359,0.9892444014549255,0.9968382716178894
180,0.9934391379356384,0.7507256269454956,0.01821536384522915,1e-06,0.9441086053848267,0.9923871159553528,0.9912154674530029,0.9974288940429688,0.9913496375083923,0.7298100590705872,0.027904756367206573,0.9476850032806396,0.9905800819396973,0.989284873008728,0.9968335032463074
181,0.9933887720108032,0.7523729205131531,0.018392737954854965,1e-06,0.9455527067184448,0.9923681616783142,0.9911412000656128,0.9974236488342285,0.9913581013679504,0.729634165763855,0.027810687199234962,0.9477016925811768,0.9905904531478882,0.989288330078125,0.9968374371528625
182,0.9932256937026978,0.7411221861839294,0.01891467534005642,1e-06,0.9443109035491943,0.9922506213188171,0.9909941554069519,0.9973846673965454,0.9913595914840698,0.7274460196495056,0.027652734890580177,0.9468390345573425,0.9906085133552551,0.9892507195472717,0.9968417882919312
183,0.9932595491409302,0.748333215713501,0.018691837787628174,1e-06,0.9450968503952026,0.9922738671302795,0.9909846782684326,0.997393012046814,0.9913495182991028,0.7276980876922607,0.027700573205947876,0.9469073414802551,0.9905912280082703,0.9892399907112122,0.9968361854553223
184,0.993366003036499,0.7441033720970154,0.018457237631082535,1e-06,0.944699227809906,0.9923439025878906,0.9911380410194397,0.9974193572998047,0.9913803935050964,0.7293797731399536,0.02757694385945797,0.9465177655220032,0.9906015396118164,0.989296555519104,0.9968425631523132
185,0.9934489727020264,0.7501533031463623,0.018279023468494415,1e-06,0.9451654553413391,0.9924445152282715,0.9912331104278564,0.9974495768547058,0.991301953792572,0.7279824018478394,0.027942797169089317,0.9486279487609863,0.9905662536621094,0.989235520362854,0.9968277215957642
186,0.9932368993759155,0.7350090742111206,0.019026631489396095,1e-06,0.9450088143348694,0.9922971725463867,0.9910160303115845,0.9974022507667542,0.9913389682769775,0.7270112633705139,0.027714399620890617,0.9470036029815674,0.9905930757522583,0.9892368316650391,0.9968369007110596
187,0.993453860282898,0.743415117263794,0.01820557191967964,1e-06,0.9456602334976196,0.9924303293228149,0.9912446141242981,0.9974519610404968,0.991378664970398,0.7297002673149109,0.027567395940423012,0.9460016489028931,0.9905965924263,0.9892935156822205,0.9968386292457581
188,0.9934682846069336,0.7456225752830505,0.01816244050860405,1e-06,0.9456501007080078,0.9924618005752563,0.9912508726119995,0.9974567294120789,0.9913196563720703,0.7274413108825684,0.02774064429104328,0.9472548961639404,0.990580141544342,0.9892325401306152,0.9968331456184387
189,0.9932023882865906,0.7511562705039978,0.018954960629343987,1e-06,0.9431896209716797,0.992194652557373,0.9909440875053406,0.9973664879798889,0.9913543462753296,0.7288036942481995,0.027559861540794373,0.9450315833091736,0.9905845522880554,0.9892678260803223,0.9968346357345581
190,0.993374764919281,0.7500244975090027,0.018389109522104263,1e-06,0.9451907873153687,0.9922969341278076,0.9910963773727417,0.997402012348175,0.991367518901825,0.7302848100662231,0.027708377689123154,0.9464369416236877,0.9905919432640076,0.9893010258674622,0.9968382716178894
191,0.9934940934181213,0.7529860734939575,0.018292589113116264,1e-06,0.9453582763671875,0.9924880266189575,0.9912598133087158,0.9974625110626221,0.9913614392280579,0.7306116223335266,0.027750777080655098,0.9465248584747314,0.9905897378921509,0.9893055558204651,0.9968383312225342
192,0.9931496381759644,0.748646080493927,0.01908816397190094,1e-06,0.9435883164405823,0.9921391010284424,0.9908906817436218,0.9973474144935608,0.9913420081138611,0.7270436882972717,0.027691666036844254,0.9462068676948547,0.9905955195426941,0.9892323017120361,0.9968372583389282
193,0.9934557676315308,0.7525712847709656,0.01816166378557682,1e-06,0.9444036483764648,0.992429256439209,0.9911918640136719,0.997442364692688,0.9913648366928101,0.7296331524848938,0.02761673741042614,0.9455925226211548,0.9905880689620972,0.9892868399620056,0.9968365430831909
194,0.9931857585906982,0.7393129467964172,0.018869364634156227,1e-06,0.9423314332962036,0.992155909538269,0.9909639358520508,0.997355580329895,0.9913745522499084,0.7301402688026428,0.027853047475218773,0.9472706317901611,0.9906018972396851,0.9893215298652649,0.9968428611755371
195,0.9933671355247498,0.7485688924789429,0.01840599998831749,1e-06,0.9467294812202454,0.9924019575119019,0.9911158084869385,0.9974362850189209,0.9913741946220398,0.7305551171302795,0.027952076867222786,0.947834849357605,0.9905802607536316,0.9893113970756531,0.9968348741531372
196,0.9931797981262207,0.7410076260566711,0.01900368183851242,1e-06,0.9442096948623657,0.9922090172767639,0.990898072719574,0.9973697662353516,0.9913674592971802,0.7300475239753723,0.027823450043797493,0.9473322629928589,0.9905912280082703,0.9892820119857788,0.9968371987342834
197,0.993415117263794,0.7455232739448547,0.018410224467515945,1e-06,0.9454522132873535,0.9924032092094421,0.9911971688270569,0.9974382519721985,0.9913673400878906,0.7294360399246216,0.02778499945998192,0.9465778470039368,0.990582287311554,0.9892877340316772,0.9968353509902954
198,0.9931644201278687,0.7471222281455994,0.01893221028149128,1e-06,0.9440083503723145,0.9921562671661377,0.9908345341682434,0.997351884841919,0.9913702011108398,0.7309422492980957,0.027900677174329758,0.9469799399375916,0.9905734062194824,0.9893081784248352,0.996832549571991
199,0.9933285117149353,0.7477460503578186,0.018781019374728203,1e-06,0.9462559223175049,0.9923090934753418,0.9910492300987244,0.9974062442779541,0.9913581609725952,0.7279284000396729,0.02767137996852398,0.946754515171051,0.9906052947044373,0.9892541766166687,0.996841311454773
