epoch,accuracy,dice_coef,loss,lr,mean_io_u,precision,sensitivity,specificity,val_accuracy,val_dice_coef,val_loss,val_mean_io_u,val_precision,val_sensitivity,val_specificity
0,0.9813867211341858,0.32073715329170227,0.08198335766792297,1e-04,0.7105838060379028,0.983493447303772,0.9706435799598694,0.995279848575592,0.9817025661468506,0.3528619706630707,0.06068865954875946,0.7028759121894836,0.9906711578369141,0.9712406396865845,0.9966856241226196
1,0.9858632683753967,0.3789161145687103,0.04682137072086334,1e-04,0.7319098711013794,0.9893437027931213,0.9810088276863098,0.9963417649269104,0.9883378148078918,0.3995206356048584,0.037730149924755096,0.7381900548934937,0.9924828410148621,0.9811366200447083,0.9972844123840332
2,0.988080620765686,0.4144423305988312,0.037791017442941666,1e-04,0.7558844089508057,0.9904844164848328,0.9837465286254883,0.9967289566993713,0.9902288913726807,0.4642389714717865,0.031486526131629944,0.818412184715271,0.9909900426864624,0.9883553981781006,0.996953010559082
3,0.9894739389419556,0.4470035433769226,0.03288594260811806,1e-04,0.7908406257629395,0.990860104560852,0.9867836833000183,0.9968939423561096,0.9909248352050781,0.477916955947876,0.027969589456915855,0.8015499114990234,0.9913302659988403,0.9891424775123596,0.9970740675926208
4,0.9908923506736755,0.48954442143440247,0.02825469896197319,1e-04,0.7945055961608887,0.9917632937431335,0.9886105060577393,0.997204601764679,0.9916334748268127,0.4967922270298004,0.025789834558963776,0.7909002304077148,0.9920516014099121,0.9898205995559692,0.9973171949386597
5,0.9916042685508728,0.5067312717437744,0.025661757215857506,1e-04,0.7946974039077759,0.9921489357948303,0.9896788597106934,0.9973400235176086,0.9917315244674683,0.5281057357788086,0.02487659454345703,0.8019890785217285,0.9918599128723145,0.9902541637420654,0.997258186340332
6,0.9921720623970032,0.5199194550514221,0.024560414254665375,1e-04,0.775769829750061,0.992533266544342,0.9903719425201416,0.9974761009216309,0.9880006909370422,0.4896761178970337,0.03509727865457535,0.7585736513137817,0.9899342060089111,0.9851915836334229,0.9965974688529968
7,0.9921812415122986,0.5203314423561096,0.024036746472120285,1e-04,0.7916327118873596,0.9925394654273987,0.9902849793434143,0.9974752068519592,0.9916401505470276,0.5169662237167358,0.025659728795289993,0.7676141858100891,0.992709219455719,0.9889672994613647,0.9975074529647827
8,0.9930641651153564,0.5454593896865845,0.020781217142939568,2e-05,0.7933778762817383,0.9931998252868652,0.9913764595985413,0.997698187828064,0.993421733379364,0.5531951189041138,0.019581863656640053,0.7964500188827515,0.9933730363845825,0.99188232421875,0.9977633953094482
9,0.9939695596694946,0.5586338639259338,0.018016990274190903,2e-05,0.8098167181015015,0.9939563274383545,0.9924330115318298,0.9979548454284668,0.9932891130447388,0.5621934533119202,0.01987329125404358,0.8179205656051636,0.9932323694229126,0.9919470548629761,0.9977218508720398
10,0.9938044548034668,0.5612254738807678,0.018543997779488564,2e-05,0.7998011708259583,0.9937787652015686,0.9922360181808472,0.9978940486907959,0.9934754967689514,0.5643631815910339,0.018999403342604637,0.8215815424919128,0.9935076832771301,0.9920134544372559,0.9978115558624268
11,0.9938704967498779,0.5704370141029358,0.018000390380620956,2e-05,0.8070135116577148,0.9937930107116699,0.9923354387283325,0.9979044198989868,0.9938144683837891,0.5677381753921509,0.018119892105460167,0.8110333681106567,0.9938317537307739,0.9921557903289795,0.9979168772697449
12,0.9940495491027832,0.5627471208572388,0.017428355291485786,2e-05,0.8159193992614746,0.9939581751823425,0.9925554394721985,0.997958242893219,0.9937326908111572,0.5707095265388489,0.018266256898641586,0.818606972694397,0.993622362613678,0.9922775626182556,0.9978532791137695
13,0.9939690232276917,0.5683629512786865,0.01796572282910347,2e-05,0.8155026435852051,0.9938991665840149,0.9924286007881165,0.9979355931282043,0.9936590790748596,0.563930869102478,0.018389221280813217,0.8226156234741211,0.9937927722930908,0.9918835759162903,0.9978994727134705
14,0.9943629503250122,0.5774001479148865,0.016466738656163216,4e-06,0.8232628107070923,0.9941797852516174,0.9928220510482788,0.9980354309082031,0.9939557909965515,0.5807642936706543,0.01777348667383194,0.8221101760864258,0.9937222003936768,0.992599606513977,0.9978922605514526
15,0.9941546320915222,0.575300395488739,0.017126062884926796,4e-06,0.8196917772293091,0.993981659412384,0.9926601052284241,0.9979664087295532,0.9939975142478943,0.5791707038879395,0.017526771873235703,0.8299590349197388,0.9938397407531738,0.9925898909568787,0.9979268908500671
16,0.9943554401397705,0.5840972065925598,0.016324656084179878,4e-06,0.8256587386131287,0.9941402673721313,0.992864191532135,0.9980199337005615,0.9940136671066284,0.579302966594696,0.01739273965358734,0.8308089971542358,0.9938825368881226,0.9925876259803772,0.9979392290115356
17,0.9945499300956726,0.5856902599334717,0.016044240444898605,4e-06,0.8248311281204224,0.9942683577537537,0.9930580854415894,0.9980643391609192,0.9939740300178528,0.5788846611976624,0.017563974484801292,0.827893853187561,0.993821918964386,0.9925933480262756,0.9979202747344971
18,0.9943960905075073,0.5799375176429749,0.016550863161683083,4e-06,0.8260337114334106,0.9941791892051697,0.9928715825080872,0.9980353713035583,0.9941005706787109,0.5835927724838257,0.01722443662583828,0.8344017267227173,0.9939091205596924,0.9927434921264648,0.9979506731033325
19,0.9946289658546448,0.5856006741523743,0.015942929312586784,4e-06,0.8251603841781616,0.9943861961364746,0.9931600689888,0.9981048703193665,0.9940953254699707,0.5871343016624451,0.01734461449086666,0.835848331451416,0.9938655495643616,0.9927890300750732,0.9979382753372192
20,0.9945341348648071,0.5859771966934204,0.015938550233840942,4e-06,0.8270546197891235,0.9942492246627808,0.9930709004402161,0.998062789440155,0.9940411448478699,0.5792672634124756,0.01723618432879448,0.8265132904052734,0.9939093589782715,0.9925974607467651,0.9979487061500549
21,0.9946705102920532,0.578331470489502,0.015583710744976997,1e-06,0.8257451057434082,0.994442343711853,0.9932230710983276,0.998123049736023,0.9941112995147705,0.5835264325141907,0.017091326415538788,0.8313232660293579,0.9939409494400024,0.992709755897522,0.9979603290557861
22,0.9944637417793274,0.5726982355117798,0.016198672354221344,1e-06,0.8306647539138794,0.9942276477813721,0.9930294752120972,0.9980522394180298,0.9941359162330627,0.5847773551940918,0.017111990600824356,0.8316124677658081,0.9939295053482056,0.9927648305892944,0.9979565739631653
23,0.9943127632141113,0.581627368927002,0.01641869731247425,1e-06,0.828632116317749,0.9941026568412781,0.9928272366523743,0.9980081915855408,0.9941232800483704,0.5839108824729919,0.01712518371641636,0.8288363218307495,0.9939337968826294,0.992719292640686,0.9979591369628906
24,0.9945268630981445,0.5925086736679077,0.01600460149347782,1e-06,0.8263945579528809,0.9942904114723206,0.9930530786514282,0.9980722069740295,0.9941450357437134,0.584815502166748,0.01709916442632675,0.8289748430252075,0.9939419031143188,0.9927458763122559,0.9979638457298279
25,0.9947723150253296,0.5920100808143616,0.014916786924004555,1e-06,0.8327810764312744,0.9945067167282104,0.9933158159255981,0.9981433749198914,0.994131863117218,0.5889702439308167,0.017270853742957115,0.8368930816650391,0.9938808679580688,0.9928417801856995,0.9979441165924072
26,0.9945850372314453,0.5919275283813477,0.015684114769101143,1e-06,0.8325998783111572,0.9943234324455261,0.993125855922699,0.998084545135498,0.9941419363021851,0.584613561630249,0.017006179317831993,0.8343449831008911,0.9939647912979126,0.9927359223365784,0.9979695081710815
27,0.994694709777832,0.5885875821113586,0.015506722964346409,1e-06,0.8343700170516968,0.9944204092025757,0.993242621421814,0.9981198310852051,0.9941617250442505,0.5861489772796631,0.017047787085175514,0.8340761661529541,0.9939435720443726,0.9927901029586792,0.9979641437530518
28,0.9946439862251282,0.5869818329811096,0.015526430681347847,1e-06,0.8326735496520996,0.9943840503692627,0.9931714534759521,0.9981013536453247,0.9941412806510925,0.585750937461853,0.017061512917280197,0.8360174894332886,0.9939479231834412,0.9927678108215332,0.9979639649391174
29,0.9948697686195374,0.6022143959999084,0.014806568622589111,1e-06,0.8375911712646484,0.9945389628410339,0.9934135675430298,0.9981592297554016,0.9941537976264954,0.5877540707588196,0.017061026766896248,0.8388043642044067,0.9939420223236084,0.9927790760993958,0.997963547706604
30,0.9946871399879456,0.5829454064369202,0.015394712798297405,1e-06,0.8362646102905273,0.9943987727165222,0.993266761302948,0.9981107115745544,0.994124710559845,0.5870276093482971,0.017111897468566895,0.8402981758117676,0.9939361214637756,0.9927659630775452,0.9979581236839294
31,0.9948336482048035,0.5901499390602112,0.014931282959878445,1e-06,0.8357170820236206,0.994523286819458,0.9933768510818481,0.9981520175933838,0.9941453337669373,0.5882613062858582,0.017053909599781036,0.8401839733123779,0.9939375519752502,0.9927867650985718,0.997962474822998
32,0.9946168661117554,0.5865141153335571,0.015760621055960655,1e-06,0.8381630182266235,0.9943362474441528,0.9931820034980774,0.9980889558792114,0.9941390752792358,0.5855140089988708,0.01709703542292118,0.8361198306083679,0.9939363598823547,0.9927607178688049,0.9979602098464966
33,0.9946431517601013,0.5861004590988159,0.015561230480670929,1e-06,0.8343209028244019,0.9944115281105042,0.9931732416152954,0.9981138706207275,0.9941719174385071,0.5859680771827698,0.01697341725230217,0.8363537788391113,0.9939730167388916,0.9927657246589661,0.997973620891571
34,0.9945045113563538,0.5809714198112488,0.015927597880363464,1e-06,0.8354463577270508,0.9942618608474731,0.9930387139320374,0.998062252998352,0.9941787123680115,0.5870429277420044,0.016975151374936104,0.8368149995803833,0.9939676523208618,0.9928021430969238,0.9979708194732666
35,0.994744062423706,0.5913870930671692,0.015373781323432922,1e-06,0.8355851173400879,0.9944369196891785,0.9932889342308044,0.9981240630149841,0.9941608905792236,0.5866987109184265,0.01700552925467491,0.8389226198196411,0.9939603805541992,0.9927919507026672,0.9979681372642517
36,0.9945935010910034,0.58560711145401,0.015587996691465378,1e-06,0.8344305753707886,0.9943346977233887,0.9931321740150452,0.9980860948562622,0.9941802620887756,0.5888298749923706,0.0170389823615551,0.8368865251541138,0.9939369559288025,0.9928560256958008,0.9979639649391174
37,0.9946609139442444,0.5911470055580139,0.01566977985203266,1e-06,0.8340600728988647,0.9943854808807373,0.9932166337966919,0.9981043934822083,0.9941600561141968,0.5870306491851807,0.01701035536825657,0.8376351594924927,0.9939485192298889,0.9928076863288879,0.9979637265205383
38,0.9947395324707031,0.5877669453620911,0.015141570009291172,1e-06,0.8323734998703003,0.9944252371788025,0.9933151602745056,0.99811851978302,0.9941800832748413,0.5891817212104797,0.017085492610931396,0.8390650153160095,0.9939253926277161,0.992865800857544,0.9979569315910339
39,0.994838297367096,0.5953266620635986,0.015116212889552116,1e-06,0.8368803262710571,0.9945111274719238,0.9934229254722595,0.9981500506401062,0.9941295385360718,0.5868399143218994,0.017130695283412933,0.8405368328094482,0.9939181208610535,0.9927864074707031,0.9979543685913086
40,0.9945011734962463,0.5834491848945618,0.015973234549164772,1e-06,0.8341671228408813,0.994238018989563,0.9930395483970642,0.9980566501617432,0.994159460067749,0.5850672125816345,0.01701962575316429,0.8348284959793091,0.9939572215080261,0.992778480052948,0.9979673624038696
41,0.9946948289871216,0.5959806442260742,0.015196987427771091,1e-06,0.8360581398010254,0.9944341778755188,0.9932082891464233,0.9981212615966797,0.9942004084587097,0.5872011184692383,0.016900647431612015,0.8377323150634766,0.9939923882484436,0.992817223072052,0.997978925704956
42,0.9948590993881226,0.598156213760376,0.014961407519876957,1e-06,0.8353492617607117,0.9945557117462158,0.9933786392211914,0.9981622695922852,0.9941949248313904,0.5871677398681641,0.016949716955423355,0.8353366851806641,0.9939886927604675,0.9928227066993713,0.9979774951934814
43,0.9948784112930298,0.5885298848152161,0.014719057828187943,1e-06,0.836211085319519,0.9945634007453918,0.9934912323951721,0.9981667995452881,0.9942259192466736,0.590154230594635,0.0169321708381176,0.8389257192611694,0.9939821362495422,0.9929000735282898,0.9979759454727173
44,0.9946221709251404,0.5917266011238098,0.015667740255594254,1e-06,0.8317356109619141,0.9943252205848694,0.993172824382782,0.9980846643447876,0.9941954016685486,0.5876972079277039,0.01695205457508564,0.8348543047904968,0.9939790964126587,0.9928357601165771,0.9979745149612427
45,0.9946166276931763,0.5888584852218628,0.015645422041416168,1e-06,0.8308136463165283,0.9943451881408691,0.9931900501251221,0.9980966448783875,0.9941986799240112,0.5865578055381775,0.016949260607361794,0.8328677415847778,0.9939749240875244,0.9928287863731384,0.9979729056358337
46,0.9949228763580322,0.5847241282463074,0.014639724977314472,1e-06,0.8310188055038452,0.9946158528327942,0.9935104846954346,0.9981848001480103,0.9941760301589966,0.5887063145637512,0.017005858942866325,0.8380509614944458,0.9939627051353455,0.9928263425827026,0.9979691505432129
47,0.9947147369384766,0.5910654067993164,0.015397646464407444,1e-06,0.8307772874832153,0.9944239258766174,0.993268609046936,0.9981192350387573,0.9941951036453247,0.5901049375534058,0.016998566687107086,0.8387763500213623,0.9939517974853516,0.9928807020187378,0.9979680776596069
48,0.9947026968002319,0.597209095954895,0.015353115275502205,1e-06,0.8351921439170837,0.9943863749504089,0.9932429194450378,0.998104989528656,0.9941831827163696,0.5868244171142578,0.016916701570153236,0.8350662589073181,0.9939790964126587,0.9927929639816284,0.997974157333374
49,0.9947778582572937,0.5928351283073425,0.014940771274268627,1e-06,0.8332356810569763,0.9945076704025269,0.9932941794395447,0.9981425404548645,0.9941905736923218,0.5893986821174622,0.016937317326664925,0.8391929864883423,0.9939687252044678,0.9928483366966248,0.9979725480079651
50,0.9947541356086731,0.6053162813186646,0.01506049558520317,1e-06,0.8390552997589111,0.9944790005683899,0.9932619333267212,0.9981316924095154,0.9942120313644409,0.5916146039962769,0.016931449994444847,0.8412512540817261,0.993959903717041,0.992888867855072,0.9979699850082397
51,0.994604229927063,0.6005008816719055,0.015496702864766121,1e-06,0.8339619636535645,0.9943191409111023,0.993144154548645,0.998078465461731,0.9941760301589966,0.5882580876350403,0.01689770258963108,0.8376905918121338,0.9939743280410767,0.9928075075149536,0.9979736804962158
52,0.994804859161377,0.5918093919754028,0.01522399578243494,1e-06,0.8341434001922607,0.9945169687271118,0.9933229684829712,0.9981455206871033,0.9942100048065186,0.5915961265563965,0.01697232574224472,0.84022057056427,0.9939519762992859,0.992904782295227,0.9979685544967651
53,0.9947551488876343,0.5924735069274902,0.015086282975971699,1e-06,0.8377041816711426,0.9944580793380737,0.9933526515960693,0.9981289505958557,0.9942048788070679,0.5885176658630371,0.016848817467689514,0.8390477895736694,0.9939937591552734,0.9928343296051025,0.9979788064956665
54,0.9948415756225586,0.5864377617835999,0.015287897549569607,1e-06,0.8344693183898926,0.9945625066757202,0.9934180974960327,0.9981625080108643,0.9942285418510437,0.5889179110527039,0.016850978136062622,0.8349268436431885,0.9939912557601929,0.9928814768791199,0.9979792237281799
55,0.9946958422660828,0.5979106426239014,0.015536350198090076,1e-06,0.8302023410797119,0.9943910241127014,0.993236243724823,0.9981074929237366,0.9942187070846558,0.5897944569587708,0.01691734977066517,0.837249755859375,0.9939755797386169,0.9928884506225586,0.9979742169380188
56,0.9945412874221802,0.5934038758277893,0.015781333670020103,1e-06,0.8315398693084717,0.9942577481269836,0.9930514693260193,0.9980592131614685,0.9942204356193542,0.5882797241210938,0.01681044138967991,0.837131142616272,0.9940061569213867,0.9928236603736877,0.9979827404022217
57,0.9947707056999207,0.5852016806602478,0.015032526105642319,1e-06,0.8409526348114014,0.9944786429405212,0.9933788776397705,0.9981398582458496,0.9942321181297302,0.5899195075035095,0.01685071364045143,0.8422381281852722,0.9940032362937927,0.9928854703903198,0.9979824423789978
58,0.994880735874176,0.6015458703041077,0.014866885729134083,1e-06,0.8381667137145996,0.9945942759513855,0.9934166073799133,0.998173177242279,0.9942203760147095,0.5906516313552856,0.01690664142370224,0.8398915529251099,0.9939778447151184,0.992878258228302,0.997973620891571
59,0.9948924779891968,0.599800169467926,0.014762199483811855,1e-06,0.8392943739891052,0.9945759177207947,0.9934363961219788,0.9981685280799866,0.9942137598991394,0.5902803540229797,0.016858283430337906,0.8425192832946777,0.9939940571784973,0.9928560853004456,0.9979791641235352
60,0.9949790835380554,0.595098614692688,0.014471559785306454,1e-06,0.8402734994888306,0.9946425557136536,0.993550181388855,0.9981927275657654,0.9942442178726196,0.5928794741630554,0.016857266426086426,0.8425307273864746,0.9939827919006348,0.9929333329200745,0.9979782700538635
61,0.9949893951416016,0.5951853394508362,0.014499285258352757,1e-06,0.8442620635032654,0.9946423172950745,0.9935817122459412,0.9981929063796997,0.9942153692245483,0.5905181169509888,0.01686544343829155,0.8449385762214661,0.993991494178772,0.9928737282752991,0.997979462146759
62,0.9948196411132812,0.5971025824546814,0.015014142729341984,1e-06,0.8408750295639038,0.9945138692855835,0.9933911561965942,0.9981464743614197,0.9942571520805359,0.591303825378418,0.016760068014264107,0.8397119045257568,0.9940084218978882,0.9929164052009583,0.9979848265647888
63,0.9948083758354187,0.5950448513031006,0.015092352405190468,1e-06,0.8378955721855164,0.9945043325424194,0.9934007525444031,0.9981425404548645,0.9942539930343628,0.5900275707244873,0.01671712100505829,0.8401127457618713,0.9940235018730164,0.9928852319717407,0.9979910850524902
64,0.9947936534881592,0.6025401949882507,0.015006810426712036,1e-06,0.8373242616653442,0.9944994449615479,0.9933348894119263,0.9981396198272705,0.9942513704299927,0.5904064178466797,0.016750330105423927,0.8413841724395752,0.9940224289894104,0.9929008483886719,0.9979901313781738
65,0.9950375556945801,0.5943891406059265,0.01436312310397625,1e-06,0.8365168571472168,0.9946492314338684,0.9936478137969971,0.9981966614723206,0.9942652583122253,0.5924906134605408,0.016760259866714478,0.838654637336731,0.9939966797828674,0.9929459095001221,0.9979826807975769
66,0.9949807524681091,0.6068387627601624,0.01447153091430664,1e-06,0.8379108905792236,0.994645357131958,0.9935508370399475,0.9981905817985535,0.9942696690559387,0.5915710926055908,0.016734762117266655,0.8395553231239319,0.9940117597579956,0.9929466247558594,0.9979866743087769
67,0.9949294924736023,0.5943934321403503,0.014532465487718582,1e-06,0.8399631977081299,0.9945859909057617,0.9935379028320312,0.9981752634048462,0.9942560791969299,0.591979444026947,0.01677234098315239,0.8417896032333374,0.9940078258514404,0.9929274320602417,0.9979860782623291
68,0.9948205351829529,0.5989752411842346,0.01501893624663353,1e-06,0.8392981290817261,0.9944823980331421,0.9933893084526062,0.9981381893157959,0.9942587018013,0.5931369066238403,0.01680348627269268,0.8427308797836304,0.9939887523651123,0.9929510354995728,0.9979792833328247
69,0.9947881698608398,0.5872641205787659,0.015200004912912846,1e-06,0.8369662165641785,0.9944823384284973,0.9933275580406189,0.9981364011764526,0.9942306876182556,0.5902400612831116,0.016783857718110085,0.8386552333831787,0.993993878364563,0.9928549528121948,0.9979796409606934
70,0.9950185418128967,0.6007994413375854,0.014330084435641766,1e-06,0.841027021408081,0.9946662187576294,0.993572473526001,0.9982006549835205,0.9942643642425537,0.5944451093673706,0.01680748350918293,0.8445152044296265,0.9939879775047302,0.9929683804512024,0.9979792237281799
71,0.9948953986167908,0.591766893863678,0.014705488458275795,1e-06,0.8420090675354004,0.9945600628852844,0.9935028553009033,0.9981644153594971,0.9942433834075928,0.5912237763404846,0.0167540330439806,0.841769814491272,0.9940070509910583,0.992893636226654,0.9979850053787231
72,0.9948393106460571,0.5969261527061462,0.014986093156039715,1e-06,0.8393445611000061,0.9945122003555298,0.9934231638908386,0.9981481432914734,0.9942432641983032,0.5901970863342285,0.01675286702811718,0.837712287902832,0.9940080642700195,0.9928718209266663,0.9979854226112366
73,0.9945957064628601,0.5940285325050354,0.015664808452129364,1e-06,0.8354325294494629,0.9943329691886902,0.9930974841117859,0.9980860352516174,0.9942451119422913,0.590062141418457,0.01676545850932598,0.840535044670105,0.9940141439437866,0.9928805828094482,0.9979880452156067
74,0.9948245286941528,0.5968759059906006,0.01495481189340353,1e-06,0.8396406173706055,0.994505763053894,0.9933879971504211,0.9981473088264465,0.9942541718482971,0.5916552543640137,0.016743391752243042,0.8430215120315552,0.9940117597579956,0.992904543876648,0.9979875087738037
75,0.9950589537620544,0.6037217974662781,0.014261037111282349,1e-06,0.8423830270767212,0.994688093662262,0.9936448931694031,0.998205840587616,0.9942413568496704,0.593299150466919,0.01686720922589302,0.8439891338348389,0.993972659111023,0.9929394721984863,0.9979736804962158
76,0.994985044002533,0.5920904874801636,0.014256750233471394,1e-06,0.8439576029777527,0.9946566224098206,0.993628203868866,0.9982001781463623,0.9942647814750671,0.5948269367218018,0.016832157969474792,0.8464549779891968,0.9939868450164795,0.9929726719856262,0.9979802966117859
77,0.9949737191200256,0.6027398109436035,0.014536714181303978,1e-06,0.8445413112640381,0.9946001172065735,0.9935345649719238,0.9981772899627686,0.9942695498466492,0.5939552783966064,0.016749560832977295,0.8460373878479004,0.99400395154953,0.9929625988006592,0.9979848861694336
78,0.9948309063911438,0.5917404294013977,0.01495394017547369,1e-06,0.8427069783210754,0.9945234060287476,0.9934443235397339,0.99815434217453,0.9942654371261597,0.5915989279747009,0.016743026673793793,0.8447827100753784,0.9940165281295776,0.9929027557373047,0.9979888796806335
79,0.9949885010719299,0.5976577997207642,0.014565572142601013,1e-06,0.8413602709770203,0.9946560263633728,0.9935867786407471,0.9981980323791504,0.9942701458930969,0.5925824046134949,0.016727712005376816,0.8400885462760925,0.9939966797828674,0.9929302930831909,0.9979845881462097
80,0.9949564933776855,0.5995439291000366,0.014558725990355015,1e-06,0.838679313659668,0.9945933818817139,0.9935330152511597,0.9981774687767029,0.994273841381073,0.5959107279777527,0.016778502613306046,0.8436298370361328,0.9939863681793213,0.9929828643798828,0.9979799389839172
81,0.9951097369194031,0.603329598903656,0.014058338478207588,1e-06,0.8415800333023071,0.9947203993797302,0.9937095046043396,0.9982179403305054,0.9942721724510193,0.5957556366920471,0.016749953851103783,0.8437842726707458,0.9939892888069153,0.9929854273796082,0.9979814887046814
82,0.9947360157966614,0.6000252366065979,0.015279924497008324,1e-06,0.834828794002533,0.9943788647651672,0.9932984113693237,0.9981065988540649,0.9942933320999146,0.5928624868392944,0.01662493869662285,0.8406120538711548,0.9940348863601685,0.9929438233375549,0.9979972243309021
83,0.9949161410331726,0.5947515368461609,0.014607085846364498,1e-06,0.8404209613800049,0.9946017861366272,0.9935046434402466,0.998175323009491,0.9942967891693115,0.5940038561820984,0.016646401956677437,0.840986967086792,0.9940205812454224,0.9929817914962769,0.9979915022850037
84,0.9950153231620789,0.5951796770095825,0.01438415888696909,1e-06,0.8391304612159729,0.9946668148040771,0.9936032295227051,0.9982011914253235,0.9942950010299683,0.5944920182228088,0.016678836196660995,0.8407835960388184,0.994016170501709,0.9929806590080261,0.9979887008666992
85,0.9948199987411499,0.5928114652633667,0.014966738410294056,1e-06,0.8410836458206177,0.9945028424263,0.9934142827987671,0.998145580291748,0.994290292263031,0.595178484916687,0.016733799129724503,0.8395620584487915,0.9939935803413391,0.9930025339126587,0.9979833364486694
86,0.9949280619621277,0.603621780872345,0.01451631635427475,1e-06,0.8396992087364197,0.994612991809845,0.9935100078582764,0.9981766939163208,0.9942805767059326,0.5954302549362183,0.01672767847776413,0.8421789407730103,0.9939938187599182,0.9930064082145691,0.997983455657959
87,0.994886040687561,0.5955460071563721,0.014752469956874847,1e-06,0.8401976823806763,0.9945433139801025,0.9934893250465393,0.9981578588485718,0.9942826628684998,0.5944593548774719,0.016681890934705734,0.8428212404251099,0.994015634059906,0.9929807186126709,0.9979881644248962
88,0.9948151111602783,0.6055752635002136,0.014888279139995575,1e-06,0.8365991115570068,0.9944647550582886,0.993375301361084,0.9981318712234497,0.9942955374717712,0.5939651131629944,0.01660914719104767,0.8400603532791138,0.9940327405929565,0.9929543733596802,0.9979956746101379
89,0.9948121309280396,0.595122218132019,0.014978507533669472,1e-06,0.8383619785308838,0.9944927096366882,0.993411660194397,0.9981400370597839,0.994289219379425,0.5931648015975952,0.0166102796792984,0.8424829244613647,0.9940424561500549,0.9929444193840027,0.9979976415634155
90,0.9950674772262573,0.6039872765541077,0.014265637844800949,1e-06,0.8429676294326782,0.9947274923324585,0.9936493039131165,0.9982194900512695,0.9942886233329773,0.5948572754859924,0.01665901206433773,0.8443588614463806,0.9940213561058044,0.9929758906364441,0.9979918599128723
91,0.9951287508010864,0.6131153702735901,0.013997762463986874,1e-06,0.8423250913619995,0.9947531819343567,0.9937126040458679,0.998226523399353,0.9942929744720459,0.597649872303009,0.01675952784717083,0.8487024307250977,0.9940065145492554,0.9930263161659241,0.9979865550994873
92,0.9950357675552368,0.6002808213233948,0.014255418442189693,1e-06,0.8443810939788818,0.9946851134300232,0.9936498403549194,0.9982060194015503,0.994317889213562,0.5956053733825684,0.0166007149964571,0.8422459363937378,0.9940392971038818,0.9930070042610168,0.9979989528656006
93,0.9948737621307373,0.5918686985969543,0.01472947932779789,1e-06,0.8398887515068054,0.9945611357688904,0.9934849739074707,0.998164176940918,0.9942926168441772,0.5935864448547363,0.016610922291874886,0.8390837907791138,0.9940395951271057,0.9929569363594055,0.9979970455169678
94,0.9948638677597046,0.5994765758514404,0.01471691019833088,1e-06,0.8360050916671753,0.9945191740989685,0.9934165477752686,0.9981468915939331,0.9942701458930969,0.592003345489502,0.016629455611109734,0.8418831825256348,0.9940460324287415,0.9929089546203613,0.9979968667030334
95,0.9949673414230347,0.5988714098930359,0.014608850702643394,1e-06,0.8370822668075562,0.994606077671051,0.9935343861579895,0.9981798529624939,0.9942872524261475,0.593233585357666,0.01661088317632675,0.8408553600311279,0.9940399527549744,0.9929512739181519,0.997996985912323
96,0.9948782324790955,0.5994349122047424,0.014756162650883198,1e-06,0.8387681245803833,0.9946152567863464,0.9934521317481995,0.9981821775436401,0.9942939877510071,0.5927357077598572,0.01659523881971836,0.8419772386550903,0.9940488338470459,0.9929486513137817,0.99800044298172
97,0.995398223400116,0.6076378226280212,0.013178079389035702,1e-06,0.8407931327819824,0.9950066208839417,0.9940281510353088,0.9983155131340027,0.9943020343780518,0.5972227454185486,0.016728896647691727,0.8467518091201782,0.9940118789672852,0.9930346012115479,0.9979890584945679
98,0.9945715069770813,0.5943716168403625,0.015714971348643303,1e-06,0.8355875611305237,0.9942536950111389,0.9931125640869141,0.9980599284172058,0.9942747354507446,0.5902102589607239,0.016578322276473045,0.838252604007721,0.994076669216156,0.9928616881370544,0.9980062246322632
99,0.9949867725372314,0.609065592288971,0.014332246966660023,1e-06,0.8357298970222473,0.9946452975273132,0.9935176968574524,0.9981904625892639,0.9942702054977417,0.5968904495239258,0.016854869201779366,0.8445708751678467,0.9939847588539124,0.9930128455162048,0.9979809522628784
100,0.9951261878013611,0.6047270894050598,0.013979232870042324,1e-06,0.8417373299598694,0.9947158098220825,0.9937649369239807,0.9982197880744934,0.9943046569824219,0.5966518521308899,0.0166363213211298,0.8410499691963196,0.994010865688324,0.993003785610199,0.9979889988899231
101,0.9949701428413391,0.5946927070617676,0.014608858153223991,1e-06,0.8382613658905029,0.9946197271347046,0.9935582280158997,0.998186469078064,0.9942923188209534,0.5959910154342651,0.016713911667466164,0.840493381023407,0.9940041899681091,0.9930061101913452,0.9979857802391052
102,0.9948952794075012,0.6029874682426453,0.014665045775473118,1e-06,0.8387025594711304,0.9945463538169861,0.993487536907196,0.9981598258018494,0.9943145513534546,0.5957338809967041,0.016601121053099632,0.8380284309387207,0.9940300583839417,0.9930146336555481,0.9979944825172424
103,0.9950013160705566,0.6010702252388,0.014408864080905914,1e-06,0.8347293138504028,0.994665801525116,0.993594229221344,0.9982002377510071,0.9942877888679504,0.594832718372345,0.016610734164714813,0.8413320779800415,0.9940312504768372,0.9929830431938171,0.99799644947052
104,0.99502032995224,0.6011642813682556,0.014250937849283218,1e-06,0.8388532400131226,0.9946693181991577,0.9936158657073975,0.9981988072395325,0.9943000078201294,0.598876953125,0.01670336350798607,0.8428748846054077,0.9940034747123718,0.9930526614189148,0.9979885220527649
105,0.9950045347213745,0.6028147339820862,0.014247492887079716,1e-06,0.8391164541244507,0.9946362972259521,0.9936330914497375,0.998192548751831,0.9943233132362366,0.5981436371803284,0.016624681651592255,0.8435179591178894,0.9940285086631775,0.9930329322814941,0.9979948401451111
106,0.9950782656669617,0.6036437749862671,0.014209133572876453,1e-06,0.8416218757629395,0.994692325592041,0.9936996102333069,0.998210072517395,0.994331955909729,0.5964499711990356,0.016599828377366066,0.842139720916748,0.9940446615219116,0.9930296540260315,0.9979984760284424
107,0.9951807856559753,0.6036478877067566,0.013889450579881668,1e-06,0.8412986993789673,0.9948239326477051,0.9938197731971741,0.998254656791687,0.9943192601203918,0.5963273048400879,0.016554532572627068,0.8407178521156311,0.9940395951271057,0.9930150508880615,0.9979982972145081
108,0.9950870871543884,0.5969568490982056,0.014134458266198635,1e-06,0.8427032828330994,0.9947239756584167,0.9936928153038025,0.9982210993766785,0.9943113923072815,0.5967738032341003,0.0166171845048666,0.8454200029373169,0.9940423369407654,0.9930153489112854,0.997997522354126
109,0.9949869513511658,0.598430335521698,0.01448451541364193,1e-06,0.8424819707870483,0.9946253895759583,0.9935983419418335,0.9981870651245117,0.9942983984947205,0.5951693058013916,0.01666088216006756,0.8435424566268921,0.9940405488014221,0.9929837584495544,0.9979977011680603
110,0.9951210618019104,0.6054704189300537,0.01398585457354784,1e-06,0.841586709022522,0.9947609305381775,0.9937330484390259,0.9982309937477112,0.9943073987960815,0.5955206155776978,0.01661265268921852,0.8456798791885376,0.9940498471260071,0.9930171966552734,0.9980014562606812
111,0.9949176907539368,0.5986734628677368,0.014627572149038315,1e-06,0.8402448892593384,0.9945858120918274,0.9934712648391724,0.9981744289398193,0.9943247437477112,0.5954986810684204,0.01650291122496128,0.8418951630592346,0.9940598011016846,0.9929890632629395,0.9980055093765259
112,0.9950989484786987,0.5999814867973328,0.014184307307004929,1e-06,0.8425264954566956,0.9947150945663452,0.993739128112793,0.9982184767723083,0.9943290948867798,0.5956676006317139,0.0165365282446146,0.8436708450317383,0.9940662384033203,0.9930247664451599,0.9980087876319885
113,0.9952274560928345,0.6075625419616699,0.013792039826512337,1e-06,0.8388156890869141,0.9948442578315735,0.9938439130783081,0.9982595443725586,0.994339108467102,0.6000810265541077,0.016673699021339417,0.8424871563911438,0.9940195679664612,0.9931086897850037,0.9979917407035828
114,0.9950026273727417,0.6062302589416504,0.01421002484858036,1e-06,0.8394670486450195,0.9946238994598389,0.9936235547065735,0.9981892704963684,0.9943458437919617,0.5979645252227783,0.016564657911658287,0.844816267490387,0.9940521121025085,0.9930534958839417,0.9980037808418274
115,0.9951416850090027,0.5875025987625122,0.013741305097937584,1e-06,0.8452928066253662,0.9947938919067383,0.9938178658485413,0.9982429146766663,0.9943473935127258,0.5995191335678101,0.016601961106061935,0.8428822755813599,0.9940282702445984,0.993078351020813,0.9979952573776245
116,0.9952426552772522,0.601864755153656,0.01361844316124916,1e-06,0.8417894244194031,0.9948645830154419,0.9938866496086121,0.9982679486274719,0.9943479895591736,0.6013777852058411,0.01671392284333706,0.8464806079864502,0.9940173625946045,0.9931135773658752,0.9979923367500305
117,0.9950240254402161,0.5992342829704285,0.014302798546850681,1e-06,0.8410743474960327,0.9946507811546326,0.993602454662323,0.9981980323791504,0.9943327307701111,0.5975110530853271,0.01660185120999813,0.8453732132911682,0.9940536022186279,0.9930425882339478,0.9980014562606812
118,0.9951614141464233,0.6017812490463257,0.013793648220598698,1e-06,0.8429522514343262,0.9947679042816162,0.9938255548477173,0.9982370734214783,0.9943578839302063,0.5999487042427063,0.01660681702196598,0.8451291918754578,0.9940457940101624,0.9930964112281799,0.997999370098114
119,0.9952335357666016,0.6024324893951416,0.01352506410330534,1e-06,0.8419267535209656,0.9948421120643616,0.9938895106315613,0.9982607364654541,0.9943581819534302,0.6015200018882751,0.016552653163671494,0.8446872234344482,0.9940471053123474,0.9931012988090515,0.997998833656311
120,0.9952129125595093,0.6116029024124146,0.013769366778433323,1e-06,0.841512143611908,0.9947821497917175,0.9938370585441589,0.9982405304908752,0.9943702816963196,0.6004874110221863,0.016478411853313446,0.8407752513885498,0.9940536022186279,0.9931020140647888,0.9980037808418274
121,0.9950433969497681,0.5992441773414612,0.014301106333732605,1e-06,0.8367418050765991,0.9946836233139038,0.9936896562576294,0.998206377029419,0.9943551421165466,0.5971134901046753,0.0164983831346035,0.8388631939888,0.9940716028213501,0.9930489659309387,0.9980076551437378
122,0.9949743151664734,0.5967438817024231,0.014545605517923832,1e-06,0.8331500291824341,0.994614839553833,0.9935566186904907,0.9981832504272461,0.9943719506263733,0.5969463586807251,0.016423014923930168,0.8379298448562622,0.9940829873085022,0.9930522441864014,0.9980111718177795
123,0.9951571226119995,0.615748941898346,0.01388208195567131,1e-06,0.840454638004303,0.9947775602340698,0.993736982345581,0.9982370138168335,0.9943580627441406,0.6003170013427734,0.016502181068062782,0.8401914834976196,0.9940393567085266,0.9930744767189026,0.9979997873306274
124,0.9950636625289917,0.6077433228492737,0.014018760994076729,1e-06,0.8381431698799133,0.994653582572937,0.9936522841453552,0.9981972575187683,0.9943631887435913,0.6008874773979187,0.01653648167848587,0.8430513143539429,0.9940385222434998,0.9930973649024963,0.9980000853538513
125,0.9950720071792603,0.603948175907135,0.014107193797826767,1e-06,0.8436994552612305,0.9947289824485779,0.9936792254447937,0.9982237219810486,0.9943516850471497,0.5983768105506897,0.016505630686879158,0.8464030623435974,0.9940699934959412,0.9930337071418762,0.9980089068412781
126,0.9950442314147949,0.5997187495231628,0.01422306802123785,1e-06,0.8421745300292969,0.9946597218513489,0.9936808943748474,0.9982032179832458,0.9943749308586121,0.5995185971260071,0.0164708960801363,0.8445178270339966,0.9940697550773621,0.9930791258811951,0.9980089068412781
127,0.9951446056365967,0.6024887561798096,0.014069686643779278,1e-06,0.8385591506958008,0.9947554469108582,0.993748664855957,0.9982282519340515,0.9943608641624451,0.5992290377616882,0.016565749421715736,0.841708242893219,0.9940541386604309,0.9930722713470459,0.9980034232139587
128,0.9950228333473206,0.6112470626831055,0.0143457455560565,1e-06,0.8361173868179321,0.9946317076683044,0.9935917258262634,0.9981887340545654,0.9943475723266602,0.5983837246894836,0.01645730435848236,0.8413983583450317,0.9940731525421143,0.9930230975151062,0.9980093836784363
129,0.9952002167701721,0.6147130727767944,0.013716400600969791,1e-06,0.8430997133255005,0.994818925857544,0.9937543272972107,0.9982499480247498,0.9943552017211914,0.600103497505188,0.01653333753347397,0.8456007838249207,0.9940662980079651,0.9930636286735535,0.9980071783065796
130,0.9952658414840698,0.6112446784973145,0.013560404069721699,1e-06,0.845747709274292,0.9948243498802185,0.9938818216323853,0.9982558488845825,0.9943640828132629,0.6031832098960876,0.016667040064930916,0.8483684062957764,0.9940217137336731,0.9931318759918213,0.9979951977729797
131,0.9951645731925964,0.6055838465690613,0.013956843875348568,1e-06,0.8474055528640747,0.9947949051856995,0.9938032031059265,0.9982460737228394,0.9943584203720093,0.5987361073493958,0.01651531085371971,0.8525513410568237,0.9940831661224365,0.9930586814880371,0.9980126619338989
132,0.9949814677238464,0.5988667011260986,0.014295951463282108,1e-06,0.8447186946868896,0.9946309328079224,0.9935711026191711,0.9981861710548401,0.9943686723709106,0.6014270782470703,0.016585374251008034,0.843718945980072,0.9940356612205505,0.993116021156311,0.9979984760284424
133,0.9952778816223145,0.6050886511802673,0.01365498173981905,1e-06,0.8431558012962341,0.9948980808258057,0.9939177632331848,0.9982795715332031,0.9943773150444031,0.6020832657814026,0.016543004661798477,0.8474255800247192,0.9940594434738159,0.993128776550293,0.9980061650276184
134,0.9953031539916992,0.6079473495483398,0.013471812941133976,1e-06,0.8456283807754517,0.9949192404747009,0.9939203858375549,0.9982868432998657,0.9943460822105408,0.6012684106826782,0.016649913042783737,0.8484852313995361,0.9940381646156311,0.9931044578552246,0.9979998469352722
135,0.9952033758163452,0.6036965847015381,0.013738411478698254,1e-06,0.8459088802337646,0.9947896599769592,0.9938440918922424,0.9982460737228394,0.9943767786026001,0.6005996465682983,0.01641692966222763,0.8456941843032837,0.9940654635429382,0.9930980205535889,0.9980075359344482
136,0.9950657486915588,0.6083688735961914,0.01405160129070282,1e-06,0.843035101890564,0.9946713447570801,0.9936391115188599,0.9982026219367981,0.9943838119506836,0.6020371913909912,0.016457512974739075,0.845368504524231,0.9940632581710815,0.9931222200393677,0.9980074167251587
137,0.9952083230018616,0.6059861183166504,0.014034303836524487,1e-06,0.8410600423812866,0.9948338270187378,0.9938381314277649,0.9982559680938721,0.994351863861084,0.5987406373023987,0.016437573358416557,0.8392742872238159,0.9940766096115112,0.9930450916290283,0.9980117678642273
138,0.9951216578483582,0.601652979850769,0.013864502310752869,1e-06,0.8401672840118408,0.994784951210022,0.993751585483551,0.9982429146766663,0.9943513870239258,0.6001671552658081,0.01657189056277275,0.8431611657142639,0.9940582513809204,0.9930710792541504,0.9980048537254333
139,0.9950434565544128,0.6036725044250488,0.01413118839263916,1e-06,0.8405790328979492,0.9946803450584412,0.9936702847480774,0.9982075095176697,0.9943797588348389,0.6002748608589172,0.016418032348155975,0.8417920470237732,0.9940718412399292,0.9930735230445862,0.9980093240737915
140,0.9952806234359741,0.6144229769706726,0.01350108627229929,1e-06,0.8418899774551392,0.9948842525482178,0.9939109086990356,0.9982742071151733,0.9943371415138245,0.6005047559738159,0.016658473759889603,0.8458921909332275,0.9940451979637146,0.9930795431137085,0.9980010390281677
141,0.9952041506767273,0.6052144169807434,0.013640218414366245,1e-06,0.842502236366272,0.9948241710662842,0.9938594102859497,0.9982525706291199,0.9943609833717346,0.6003416180610657,0.01652771607041359,0.8434122800827026,0.9940705895423889,0.9930826425552368,0.9980090856552124
142,0.995166003704071,0.6072677969932556,0.013727590441703796,1e-06,0.8427854776382446,0.994788408279419,0.9937807321548462,0.9982402324676514,0.9943689703941345,0.6025643944740295,0.016615387052297592,0.8471777439117432,0.9940570592880249,0.9931250810623169,0.9980049729347229
143,0.9951271414756775,0.6172187328338623,0.013715318404138088,1e-06,0.8427343368530273,0.9947448968887329,0.9937645196914673,0.9982253909111023,0.9944072365760803,0.602306604385376,0.016395220533013344,0.8440225124359131,0.9940953254699707,0.9931173920631409,0.9980173110961914
144,0.9953746795654297,0.6147143840789795,0.013383346609771252,1e-06,0.8423629403114319,0.9949748516082764,0.9940473437309265,0.9983033537864685,0.9944032430648804,0.6025603413581848,0.016458526253700256,0.8409425020217896,0.9940767288208008,0.9931252598762512,0.9980102181434631
145,0.9952257871627808,0.6090449094772339,0.01377528253942728,1e-06,0.8385117053985596,0.994827389717102,0.9938518404960632,0.99825519323349,0.9943690299987793,0.6020135283470154,0.016582924872636795,0.8448811769485474,0.9940600395202637,0.9931140542030334,0.998004138469696
146,0.9950577616691589,0.6132729649543762,0.014166440814733505,1e-06,0.8401727676391602,0.994674563407898,0.9936386942863464,0.9982051849365234,0.994398832321167,0.6020938158035278,0.016487909480929375,0.8451075553894043,0.9940798878669739,0.9931455850601196,0.9980138540267944
147,0.9951711297035217,0.6073071956634521,0.013680892065167427,1e-06,0.8432152271270752,0.9948056936264038,0.9937734603881836,0.9982463717460632,0.9943715929985046,0.5998483300209045,0.01643192023038864,0.8456234931945801,0.9940884113311768,0.9930556416511536,0.9980143308639526
148,0.9953582286834717,0.6140150427818298,0.01336121466010809,1e-06,0.8460404872894287,0.9949113726615906,0.993954598903656,0.9982850551605225,0.9943723082542419,0.6039336919784546,0.01660357415676117,0.8499715328216553,0.9940622448921204,0.9931380152702332,0.9980069994926453
149,0.9954298734664917,0.6105647683143616,0.012991993688046932,1e-06,0.8467721939086914,0.9950010776519775,0.9941384196281433,0.9983149170875549,0.9944178462028503,0.6065026521682739,0.016499074175953865,0.8508861064910889,0.9940749406814575,0.9931901693344116,0.9980131387710571
150,0.9953098893165588,0.6084535121917725,0.01339033804833889,1e-06,0.8471581935882568,0.9948994517326355,0.9939866065979004,0.9982821941375732,0.9944258332252502,0.6056813597679138,0.016457168385386467,0.8457134366035461,0.9940782189369202,0.993185818195343,0.9980126619338989
151,0.9952593445777893,0.6117762923240662,0.013567841611802578,1e-06,0.845955491065979,0.9948621988296509,0.9938855767250061,0.9982670545578003,0.9944149851799011,0.6042887568473816,0.016436727717518806,0.846283495426178,0.9940875768661499,0.9931558966636658,0.9980139136314392
152,0.995169460773468,0.6043160557746887,0.013771845027804375,1e-06,0.8451207876205444,0.994766891002655,0.993807315826416,0.998235821723938,0.9944021701812744,0.6034729480743408,0.016461309045553207,0.8461505174636841,0.9940795302391052,0.9931419491767883,0.9980125427246094
153,0.9949588775634766,0.6099265217781067,0.014504953287541866,1e-06,0.8412213325500488,0.9945851564407349,0.993536651134491,0.9981715083122253,0.9943735599517822,0.5976784825325012,0.016388747841119766,0.8419616222381592,0.9941057562828064,0.9930328130722046,0.9980171918869019
154,0.995216429233551,0.6169085502624512,0.013664568774402142,1e-06,0.8432480096817017,0.9948503375053406,0.993759036064148,0.9982579946517944,0.9944142699241638,0.6023961901664734,0.01637795753777027,0.8457521200180054,0.9940953254699707,0.9931387901306152,0.9980176687240601
155,0.9952456951141357,0.60822993516922,0.013480653055012226,1e-06,0.8438936471939087,0.9948632717132568,0.9938341379165649,0.998262882232666,0.9944095015525818,0.6066744327545166,0.01659083180129528,0.8495320677757263,0.9940540194511414,0.9931952357292175,0.9980047345161438
156,0.9949347972869873,0.6138733625411987,0.014284861274063587,1e-06,0.8428984880447388,0.9945709109306335,0.9935296177864075,0.998167097568512,0.994419276714325,0.5998640060424805,0.01631297916173935,0.8462369441986084,0.9941393733024597,0.9930866956710815,0.9980292320251465
157,0.9952681064605713,0.607681930065155,0.013555901125073433,1e-06,0.8442175388336182,0.9948728084564209,0.9938439726829529,0.9982674717903137,0.9944376349449158,0.6049782633781433,0.01639673300087452,0.8463925123214722,0.9940916895866394,0.9931772947311401,0.9980182647705078
158,0.9952512979507446,0.6028527021408081,0.013537428341805935,1e-06,0.8430183529853821,0.9948448538780212,0.9938915967941284,0.9982619285583496,0.9943945407867432,0.6056655645370483,0.016555819660425186,0.8489652872085571,0.9940641522407532,0.9931713938713074,0.9980074763298035
159,0.995345413684845,0.6200987100601196,0.01318507269024849,1e-06,0.8444072008132935,0.9949154853820801,0.9939720034599304,0.9982837438583374,0.9943898916244507,0.6029481887817383,0.016433067619800568,0.8477775454521179,0.9940949082374573,0.9930996298789978,0.9980171322822571
160,0.9953802824020386,0.6146381497383118,0.013238866813480854,1e-06,0.8475269675254822,0.9949705004692078,0.9940216541290283,0.9983038902282715,0.9943961501121521,0.6034074425697327,0.016471849754452705,0.8502163887023926,0.9940893650054932,0.9931169748306274,0.9980165958404541
161,0.9951355457305908,0.607015073299408,0.013951113447546959,1e-06,0.8456050157546997,0.9947172403335571,0.9937768578529358,0.998218297958374,0.9944063425064087,0.6021823287010193,0.01633390039205551,0.8464064598083496,0.9941052198410034,0.9931122064590454,0.9980195760726929
162,0.9952751398086548,0.6137004494667053,0.013460254296660423,1e-06,0.8429124355316162,0.9948520660400391,0.99388587474823,0.9982640147209167,0.9944488406181335,0.6040482521057129,0.01629607379436493,0.8476955890655518,0.9941273331642151,0.9931575655937195,0.9980282783508301
163,0.9954047799110413,0.6123987436294556,0.013211408630013466,1e-06,0.8481245040893555,0.9950007200241089,0.994024932384491,0.9983128905296326,0.9944238066673279,0.6070219874382019,0.0164067130535841,0.8471550941467285,0.9940833449363708,0.9931647181510925,0.9980137944221497
164,0.9951911568641663,0.6156640648841858,0.013648001477122307,1e-06,0.8464761972427368,0.9948074221611023,0.9938027262687683,0.998247504234314,0.994438886642456,0.6035630702972412,0.01628916896879673,0.8474714159965515,0.9941352605819702,0.9931253790855408,0.9980292320251465
165,0.995311439037323,0.6153744459152222,0.013320288620889187,1e-06,0.8449302911758423,0.9948934316635132,0.993922770023346,0.9982777237892151,0.9944509267807007,0.6043790578842163,0.0163283608853817,0.8480594158172607,0.9941307902336121,0.9931555390357971,0.9980282783508301
166,0.9952497482299805,0.6121903657913208,0.013587434776127338,1e-06,0.8453433513641357,0.9948243498802185,0.9938848614692688,0.998253583908081,0.9944257140159607,0.6040701866149902,0.01640487276017666,0.8470025062561035,0.9941096901893616,0.9931430220603943,0.9980226159095764
167,0.9953659176826477,0.6115636229515076,0.01321613322943449,1e-06,0.8480470180511475,0.994927167892456,0.9939798712730408,0.9982909560203552,0.9944259524345398,0.6051154136657715,0.016410984098911285,0.8498471975326538,0.9941040277481079,0.993158221244812,0.9980193972587585
168,0.995503842830658,0.6183712482452393,0.012698289006948471,1e-06,0.850837230682373,0.995059609413147,0.9941613078117371,0.9983336925506592,0.9944254755973816,0.6094483733177185,0.01662125065922737,0.8537020683288574,0.9940730333328247,0.9932259321212769,0.9980113506317139
169,0.9953668117523193,0.6213923692703247,0.013096419163048267,1e-06,0.847823441028595,0.9949482083320618,0.9940237402915955,0.998298168182373,0.9944301843643188,0.6064110994338989,0.01645786501467228,0.8547568321228027,0.9940975904464722,0.9931802153587341,0.9980183839797974
170,0.9953244924545288,0.6143093705177307,0.013370988890528679,1e-06,0.8488227128982544,0.9948899149894714,0.9939460754394531,0.9982771277427673,0.9944131970405579,0.6062068343162537,0.01643165946006775,0.850322961807251,0.9940783977508545,0.9931695461273193,0.9980119466781616
171,0.9952055215835571,0.6129313111305237,0.013613097369670868,1e-06,0.8488397598266602,0.9947914481163025,0.9938203692436218,0.9982407093048096,0.9944211840629578,0.605069637298584,0.016358155757188797,0.8488422632217407,0.9940961599349976,0.993158221244812,0.9980180859565735
172,0.995343029499054,0.6138094663619995,0.013311807066202164,1e-06,0.8502304553985596,0.9949741959571838,0.9939542412757874,0.998304009437561,0.9944236278533936,0.6063592433929443,0.016507571563124657,0.8507500886917114,0.9940961003303528,0.993180513381958,0.9980190396308899
173,0.9951062798500061,0.617207944393158,0.013934765011072159,1e-06,0.8479665517807007,0.994714617729187,0.993694007396698,0.9982156753540039,0.9944165349006653,0.6004652380943298,0.016306370496749878,0.848875880241394,0.9941492676734924,0.9930670857429504,0.9980335235595703
174,0.9952437281608582,0.6090739965438843,0.013778380118310452,1e-06,0.8468681573867798,0.9948706030845642,0.993838906288147,0.9982683062553406,0.9944189786911011,0.6028614044189453,0.01633402891457081,0.8496417999267578,0.9941238164901733,0.9931263327598572,0.9980247616767883
175,0.9953284859657288,0.607208251953125,0.013257641345262527,1e-06,0.8473296761512756,0.9949213862419128,0.993944525718689,0.9982854723930359,0.9944239258766174,0.605770468711853,0.016449429094791412,0.8543314337730408,0.9941151738166809,0.9931663274765015,0.9980251789093018
176,0.9953482747077942,0.6203802227973938,0.01316167414188385,1e-06,0.8504421710968018,0.9949261546134949,0.9939658641815186,0.9982882738113403,0.9944297671318054,0.6048455238342285,0.016366787254810333,0.852033257484436,0.9941293001174927,0.9931545257568359,0.9980282783508301
177,0.9951884150505066,0.6107978820800781,0.01374955102801323,1e-06,0.8471037149429321,0.9947990775108337,0.9937818050384521,0.9982426762580872,0.9944579005241394,0.6056799292564392,0.016296936199069023,0.8495391607284546,0.9941321611404419,0.9931929707527161,0.9980305433273315
178,0.9952781796455383,0.6091324687004089,0.013331211172044277,1e-06,0.8449538946151733,0.9948859214782715,0.9939216375350952,0.9982752203941345,0.9944406747817993,0.6059489846229553,0.016392696648836136,0.8462504744529724,0.9941025376319885,0.9931873679161072,0.9980208873748779
179,0.995275616645813,0.6202319264411926,0.013517000712454319,1e-06,0.8421177268028259,0.9948734045028687,0.9938572645187378,0.9982699155807495,0.994454562664032,0.6044222712516785,0.01628064550459385,0.8448992371559143,0.9941324591636658,0.9931636452674866,0.998030424118042
180,0.9953096508979797,0.6080085039138794,0.013267560862004757,1e-06,0.8419198989868164,0.9948955774307251,0.993958592414856,0.9982830882072449,0.9944395422935486,0.6067659854888916,0.01644112914800644,0.8464045524597168,0.9941073656082153,0.9931937456130981,0.9980227947235107
181,0.995270848274231,0.608485996723175,0.01356665138155222,1e-06,0.8457292914390564,0.9948842525482178,0.993885338306427,0.9982746243476868,0.9944344758987427,0.6047685146331787,0.0163723137229681,0.8472384214401245,0.9941154718399048,0.9931672811508179,0.998025119304657
182,0.9952037930488586,0.6090702414512634,0.013657739385962486,1e-06,0.8442941904067993,0.9947966933250427,0.993817925453186,0.9982450604438782,0.9944285750389099,0.6016720533370972,0.01630491204559803,0.8459199070930481,0.994140625,0.9931105971336365,0.9980303645133972
183,0.9952943921089172,0.6167471408843994,0.013507687486708164,1e-06,0.8390902280807495,0.9949169158935547,0.9938700795173645,0.9982851147651672,0.9944401383399963,0.606493353843689,0.016336869448423386,0.8445307016372681,0.9941090941429138,0.9931907057762146,0.998022198677063
184,0.9953101873397827,0.6045476198196411,0.01340457983314991,1e-06,0.8427076935768127,0.9948818683624268,0.9939448833465576,0.9982749223709106,0.9944337010383606,0.605307936668396,0.016336193308234215,0.8464992046356201,0.9941137433052063,0.9931783080101013,0.9980231523513794
185,0.9954553246498108,0.6232012510299683,0.012880975380539894,1e-06,0.8472396731376648,0.9949832558631897,0.9940990209579468,0.9983078837394714,0.9944427609443665,0.6071648597717285,0.016392719000577927,0.8510759472846985,0.9941160082817078,0.9932100772857666,0.9980242252349854
186,0.9954975247383118,0.6207271218299866,0.012821706011891365,1e-06,0.8470659255981445,0.9950663447380066,0.994162380695343,0.9983336925506592,0.9944154024124146,0.6102908253669739,0.016589945182204247,0.8507143259048462,0.9940606951713562,0.9932312369346619,0.9980076551437378
187,0.9953616857528687,0.6163368225097656,0.013331221416592598,1e-06,0.8445055484771729,0.9949032664299011,0.9940175414085388,0.9982832074165344,0.9944577813148499,0.6061006784439087,0.01629357784986496,0.8448289632797241,0.9941207766532898,0.993190348148346,0.9980263710021973
188,0.9954533576965332,0.6160326600074768,0.012919447384774685,1e-06,0.8471711874008179,0.9950273036956787,0.9941140413284302,0.9983219504356384,0.994452714920044,0.6074187159538269,0.01635458506643772,0.8433754444122314,0.9941039681434631,0.9932171702384949,0.9980208277702332
189,0.9955759048461914,0.6165202260017395,0.012618696317076683,1e-06,0.8440614938735962,0.9951174259185791,0.994236171245575,0.9983547329902649,0.9944542646408081,0.608329176902771,0.016384614631533623,0.8436814546585083,0.9941006302833557,0.9932205677032471,0.9980201125144958
190,0.9952866435050964,0.6160826683044434,0.013447129167616367,1e-06,0.8441696763038635,0.9948720932006836,0.9939151406288147,0.9982681274414062,0.9944451451301575,0.605850338935852,0.016309894621372223,0.8434597849845886,0.9941096901893616,0.9931825995445251,0.9980225563049316
191,0.9954062104225159,0.6209501624107361,0.013119040988385677,1e-06,0.8432903289794922,0.9949803352355957,0.9940266609191895,0.9983058571815491,0.9944556951522827,0.6090094447135925,0.016387712210416794,0.846809983253479,0.994103193283081,0.9932315349578857,0.9980212450027466
192,0.9953168034553528,0.6147422194480896,0.013388535007834435,1e-06,0.8440117835998535,0.9948848485946655,0.9939572215080261,0.9982739090919495,0.9944571256637573,0.6059658527374268,0.016322875395417213,0.8438793420791626,0.9941222071647644,0.9931782484054565,0.9980264902114868
193,0.9954336881637573,0.6155416965484619,0.012937179766595364,1e-06,0.8423629999160767,0.9950010776519775,0.9941025972366333,0.9983153343200684,0.9944601058959961,0.6118503212928772,0.016514336690306664,0.8466461896896362,0.9940869212150574,0.9932684302330017,0.9980156421661377
194,0.9953697323799133,0.6165712475776672,0.013186801224946976,1e-06,0.8428584337234497,0.9949080944061279,0.9940187931060791,0.9982851147651672,0.9944608211517334,0.6091532707214355,0.01641082391142845,0.8456556797027588,0.9941074252128601,0.9932321310043335,0.9980223774909973
195,0.9951481819152832,0.6120877861976624,0.013955673202872276,1e-06,0.8393115997314453,0.9947575926780701,0.9937456846237183,0.9982319474220276,0.9944667816162109,0.6060171127319336,0.016246525570750237,0.8435302972793579,0.9941397905349731,0.99319988489151,0.9980329871177673
196,0.9957030415534973,0.6231353282928467,0.012149910442531109,1e-06,0.847836434841156,0.9952474236488342,0.9943772554397583,0.9983965754508972,0.9944797158241272,0.6105712056159973,0.016409732401371002,0.8497540354728699,0.9941133260726929,0.9932665824890137,0.9980247616767883
197,0.9952624440193176,0.6251936554908752,0.013334551826119423,1e-06,0.8466750383377075,0.9948413372039795,0.9938656091690063,0.9982585310935974,0.9944591522216797,0.6076028347015381,0.016322992742061615,0.8463584184646606,0.9941254258155823,0.9931994676589966,0.9980283975601196
198,0.9955079555511475,0.6144620180130005,0.012963272631168365,1e-06,0.8480962514877319,0.9950660467147827,0.994128406047821,0.9983359575271606,0.9944748282432556,0.608467698097229,0.01630370505154133,0.8507810831069946,0.9941347241401672,0.9932374358177185,0.9980311393737793
199,0.9953387379646301,0.6148868799209595,0.013193672522902489,1e-06,0.8489944338798523,0.9949401021003723,0.993963360786438,0.9982917904853821,0.9944643974304199,0.6101382374763489,0.01640845462679863,0.8520002961158752,0.9941189289093018,0.9932423233985901,0.9980266094207764
