epoch,accuracy,dice_coef,loss,lr,mean_io_u,precision,sensitivity,specificity,val_accuracy,val_dice_coef,val_loss,val_mean_io_u,val_precision,val_sensitivity,val_specificity
0,0.9706607460975647,0.35277438163757324,0.10488729178905487,1e-04,0.6823626160621643,0.9768285155296326,0.9552038311958313,0.9935129880905151,0.977766215801239,0.40583235025405884,0.06906832009553909,0.7293229103088379,0.9834135174751282,0.9703470468521118,0.9943245649337769
1,0.9782949686050415,0.4186956286430359,0.06476464867591858,1e-04,0.7564712166786194,0.98552006483078,0.9693512320518494,0.9949858784675598,0.978516697883606,0.4255509376525879,0.06526002287864685,0.7903295755386353,0.9857826828956604,0.9682208299636841,0.9950676560401917
2,0.9813401103019714,0.4506950378417969,0.056729890406131744,1e-04,0.7867764234542847,0.9864943623542786,0.9738044738769531,0.9953316450119019,0.9839509129524231,0.49237725138664246,0.050664130598306656,0.8154113292694092,0.9867534041404724,0.9788567423820496,0.9954670667648315
3,0.9852355122566223,0.5132590532302856,0.04482235014438629,1e-04,0.8022439479827881,0.9877629280090332,0.9806623458862305,0.9958295822143555,0.987174928188324,0.5222205519676208,0.04300636425614357,0.6790542006492615,0.988865077495575,0.9831364154815674,0.9961968660354614
4,0.9865801930427551,0.5558765530586243,0.040500398725271225,1e-04,0.7904105186462402,0.9882299900054932,0.9830220341682434,0.9960026741027832,0.9870076775550842,0.568446159362793,0.03877678140997887,0.8269102573394775,0.9893925189971924,0.9823090434074402,0.9964030981063843
5,0.9877774715423584,0.5799676179885864,0.037175219506025314,1e-04,0.7965690493583679,0.9888572096824646,0.9846351742744446,0.9962334632873535,0.9838489294052124,0.5486160516738892,0.04810919612646103,0.7828710079193115,0.9851183891296387,0.980236828327179,0.994985818862915
6,0.988893449306488,0.6002084612846375,0.033143844455480576,1e-04,0.8135960102081299,0.9894847273826599,0.9861008524894714,0.9964463710784912,0.9900373220443726,0.6326943039894104,0.031085286289453506,0.8458424806594849,0.9899871945381165,0.9881212711334229,0.9966375231742859
7,0.9894182085990906,0.6157527565956116,0.0313732773065567,1e-04,0.8099175095558167,0.9898824691772461,0.9867384433746338,0.9965840578079224,0.9892975687980652,0.6083596348762512,0.03219336271286011,0.7804829478263855,0.9900592565536499,0.9861704111099243,0.9966456294059753
8,0.9888818264007568,0.6074427962303162,0.034002743661403656,1e-04,0.7877109050750732,0.9894720911979675,0.9861065745353699,0.9964431524276733,0.989923894405365,0.6143282651901245,0.03004799410700798,0.8001701831817627,0.990473747253418,0.9869204163551331,0.9967710375785828
9,0.9904413223266602,0.6319166421890259,0.028027590364217758,1e-04,0.8171511888504028,0.9907401204109192,0.987917423248291,0.9968650937080383,0.9891083836555481,0.6127033233642578,0.03209932893514633,0.7873992919921875,0.9895808696746826,0.9867904782295227,0.9964848756790161
10,0.9906187057495117,0.6415873169898987,0.027728548273444176,1e-04,0.8148533701896667,0.990751326084137,0.9881133437156677,0.9968660473823547,0.9876070618629456,0.5939332246780396,0.03666049242019653,0.7921582460403442,0.9884265065193176,0.9847428798675537,0.9960943460464478
11,0.9915616512298584,0.653996467590332,0.024481287226080894,2e-05,0.8172930479049683,0.9912706613540649,0.9893044829368591,0.9970556497573853,0.9916661381721497,0.6571742296218872,0.024962080642580986,0.8407365679740906,0.9913062453269958,0.989698588848114,0.997075080871582
12,0.991963803768158,0.661006510257721,0.02299736998975277,2e-05,0.8410385847091675,0.9916935563087463,0.9897742867469788,0.9971941709518433,0.9918960928916931,0.654597818851471,0.024145692586898804,0.8330098986625671,0.9916061758995056,0.9897375106811523,0.9971659183502197
13,0.9924435615539551,0.6655019521713257,0.02186240255832672,2e-05,0.8400036096572876,0.9921642541885376,0.9902715086936951,0.9973484873771667,0.9915828704833984,0.6493128538131714,0.02459762804210186,0.8404053449630737,0.9914435744285583,0.9893815517425537,0.997107982635498
14,0.9921724200248718,0.6786585450172424,0.02300233021378517,2e-05,0.8313831686973572,0.9918482303619385,0.9898917078971863,0.9972417950630188,0.9917441606521606,0.660153329372406,0.024839196354150772,0.8307746648788452,0.9915116429328918,0.9897279143333435,0.9971386194229126
15,0.9926052093505859,0.676078736782074,0.021182266995310783,4e-06,0.8234694600105286,0.992206871509552,0.9904322624206543,0.9973646402359009,0.9920396208763123,0.6609901785850525,0.023670116439461708,0.8216352462768555,0.9917336702346802,0.989951491355896,0.9972115755081177
16,0.9928807020187378,0.6708883047103882,0.02026459202170372,4e-06,0.8242659568786621,0.9924603700637817,0.9908137917518616,0.9974529147148132,0.9921663403511047,0.6701846718788147,0.023519471287727356,0.8334628343582153,0.991715133190155,0.9902667999267578,0.9972113370895386
17,0.9931515455245972,0.6832501292228699,0.019413258880376816,4e-06,0.8292282819747925,0.9925934672355652,0.9911154508590698,0.9975003004074097,0.9922142624855042,0.6721085906028748,0.02350190095603466,0.840275764465332,0.9917511343955994,0.9903494715690613,0.9972236752510071
18,0.9928314685821533,0.6819233298301697,0.020268475636839867,4e-06,0.827940821647644,0.9923484325408936,0.9907524585723877,0.9974180459976196,0.9923070073127747,0.6696358323097229,0.02311837486922741,0.8351238965988159,0.9918721914291382,0.9903011322021484,0.9972614049911499
19,0.9927444458007812,0.6693063378334045,0.020854562520980835,4e-06,0.8283449411392212,0.9923064708709717,0.9906681776046753,0.9974045157432556,0.9922946095466614,0.6683739423751831,0.022985199466347694,0.8275623917579651,0.9918456673622131,0.9902694225311279,0.997253954410553
20,0.9929388761520386,0.6684802770614624,0.019888026639819145,4e-06,0.8304076194763184,0.9925185441970825,0.9908671975135803,0.9974720478057861,0.992286741733551,0.6721582412719727,0.02321619726717472,0.8365551233291626,0.9918168187141418,0.9903822541236877,0.9972442984580994
21,0.9929679036140442,0.6889124512672424,0.020008239895105362,4e-06,0.8272944092750549,0.9923969507217407,0.9908784031867981,0.9974350929260254,0.9923709630966187,0.6703680157661438,0.02286333218216896,0.8357137441635132,0.991915762424469,0.9903762340545654,0.9972785115242004
22,0.9928673505783081,0.6751740574836731,0.020355993881821632,4e-06,0.8262815475463867,0.992352306842804,0.9907410144805908,0.9974165558815002,0.9923592209815979,0.6716265678405762,0.022890252992510796,0.8410922288894653,0.9918671250343323,0.9904486536979675,0.9972625374794006
23,0.9930938482284546,0.6819307804107666,0.019582847133278847,4e-06,0.839945912361145,0.99256432056427,0.991007924079895,0.9974861145019531,0.9923742413520813,0.6716145277023315,0.022841958329081535,0.8370270729064941,0.9919004440307617,0.9904155731201172,0.9972703456878662
24,0.9934220910072327,0.6733174324035645,0.018694423139095306,1e-06,0.8362237215042114,0.9928756952285767,0.9914334416389465,0.997595489025116,0.9924062490463257,0.6728142499923706,0.022769000381231308,0.8394816517829895,0.9919246435165405,0.9904606938362122,0.9972805380821228
25,0.9935345649719238,0.6889410614967346,0.01828790083527565,1e-06,0.8403949737548828,0.9929147958755493,0.9914649128913879,0.9976073503494263,0.9924260973930359,0.6762003302574158,0.022849805653095245,0.843920111656189,0.991904616355896,0.9905651807785034,0.9972760081291199
26,0.9932143688201904,0.6878669857978821,0.019417433068156242,1e-06,0.8363773822784424,0.992634654045105,0.9911364912986755,0.9975135922431946,0.992414116859436,0.6736133694648743,0.022793758660554886,0.8423503637313843,0.9919238090515137,0.9905089735984802,0.9972798824310303
27,0.9929726123809814,0.6803908348083496,0.019839052110910416,1e-06,0.8336755037307739,0.9925000071525574,0.9908879995346069,0.9974631667137146,0.9924302697181702,0.6735337972640991,0.022767867892980576,0.8396120071411133,0.991933286190033,0.9905158877372742,0.9972827434539795
28,0.9929209351539612,0.6796634197235107,0.020147882401943207,1e-06,0.8372730612754822,0.9924670457839966,0.9908440709114075,0.9974569082260132,0.9924250841140747,0.6708246469497681,0.02263403683900833,0.8373085856437683,0.9919657111167908,0.9904282093048096,0.997294008731842
29,0.9929922819137573,0.6782427430152893,0.01991780661046505,1e-06,0.8358495235443115,0.9924523234367371,0.9909201860427856,0.9974533319473267,0.9924024343490601,0.6718202233314514,0.022748414427042007,0.8389043807983398,0.9919321537017822,0.9904531240463257,0.9972814917564392
30,0.9932088851928711,0.6851385235786438,0.019272679463028908,1e-06,0.8373690843582153,0.9926583766937256,0.9911534190177917,0.9975223541259766,0.9924348592758179,0.673676073551178,0.02274252474308014,0.8410317897796631,0.9919261336326599,0.9905321002006531,0.9972814917564392
31,0.99333655834198,0.6870668530464172,0.018905816599726677,1e-06,0.8354939222335815,0.9927927255630493,0.9913346171379089,0.9975666999816895,0.992440402507782,0.6744480729103088,0.022754264995455742,0.8406360745429993,0.9919294714927673,0.9905479550361633,0.9972828030586243
32,0.9931886196136475,0.6883624792098999,0.0194175336509943,1e-06,0.8378114700317383,0.992650032043457,0.9911121129989624,0.9975196719169617,0.9924411773681641,0.6735758781433105,0.02269330807030201,0.8405598402023315,0.9919500946998596,0.9905229806900024,0.9972907304763794
33,0.9931415915489197,0.6756898164749146,0.019501741975545883,1e-06,0.8350107669830322,0.9926312565803528,0.9910772442817688,0.9975171089172363,0.9924718737602234,0.67430180311203,0.022564135491847992,0.8390974998474121,0.9919683337211609,0.9905466437339783,0.9972944259643555
34,0.9932832717895508,0.6910365223884583,0.019281668588519096,1e-06,0.8354623317718506,0.9927083253860474,0.9912125468254089,0.9975379109382629,0.9924813508987427,0.6746599078178406,0.022576691582798958,0.840729832649231,0.9919645190238953,0.9905723929405212,0.9972955584526062
35,0.9930694103240967,0.6912192106246948,0.019604871049523354,1e-06,0.8374286890029907,0.9925306439399719,0.9909875988960266,0.9974755048751831,0.9924917221069336,0.6742839813232422,0.022560961544513702,0.8429612517356873,0.9919872283935547,0.9905723929405212,0.9973040819168091
36,0.9934037327766418,0.6884074807167053,0.018613314256072044,1e-06,0.840904712677002,0.9928410053253174,0.9913719296455383,0.9975810647010803,0.9924900531768799,0.6754531264305115,0.022621292620897293,0.8444348573684692,0.9919927716255188,0.9905907511711121,0.997305691242218
37,0.9934818148612976,0.6918789744377136,0.018557140603661537,1e-06,0.8404802083969116,0.9929360747337341,0.9914649724960327,0.9976140260696411,0.9925316572189331,0.6758761405944824,0.022507788613438606,0.8436070680618286,0.9920118451118469,0.990635871887207,0.9973127245903015
38,0.9931123852729797,0.6882219314575195,0.019557079300284386,1e-06,0.8384542465209961,0.9925399422645569,0.991093099117279,0.9974835515022278,0.9925276637077332,0.6745717525482178,0.022381022572517395,0.840033769607544,0.9920125007629395,0.990601122379303,0.9973104000091553
39,0.9932529330253601,0.6979667544364929,0.01911134086549282,1e-06,0.835806667804718,0.9926600456237793,0.9911214709281921,0.9975214600563049,0.9925129413604736,0.6754132509231567,0.022457260638475418,0.84108567237854,0.9920007586479187,0.9906099438667297,0.9973065257072449
40,0.993370532989502,0.6923836469650269,0.0189707949757576,1e-06,0.8339786529541016,0.9927197694778442,0.9913250207901001,0.9975443482398987,0.9925243854522705,0.6758571863174438,0.022448016330599785,0.8406622409820557,0.9920157194137573,0.9906200170516968,0.9973123669624329
41,0.9933081269264221,0.6785337328910828,0.018882092088460922,1e-06,0.8365604281425476,0.9927482604980469,0.9913044571876526,0.9975526332855225,0.9925022125244141,0.6760004162788391,0.022509073838591576,0.8389304876327515,0.9919788837432861,0.9906147718429565,0.9973016381263733
42,0.9932243227958679,0.6857272386550903,0.019224535673856735,1e-06,0.8332074880599976,0.9926066994667053,0.9911848902702332,0.997502863407135,0.9925243854522705,0.6777366399765015,0.022511491551995277,0.8394854068756104,0.9919840693473816,0.9906610250473022,0.9973044991493225
43,0.9932684898376465,0.6902039051055908,0.019144220277667046,1e-06,0.8382129073143005,0.992723822593689,0.9912177324295044,0.9975401163101196,0.9925110340118408,0.6763921976089478,0.022562148049473763,0.8430891036987305,0.9919937252998352,0.9906301498413086,0.9973060488700867
44,0.9934471249580383,0.6856474280357361,0.018499508500099182,1e-06,0.8389146327972412,0.992914617061615,0.9914363622665405,0.9976055026054382,0.9925625324249268,0.6769635677337646,0.022425420582294464,0.8434245586395264,0.9920321702957153,0.9906642436981201,0.9973181486129761
45,0.9935092926025391,0.6892117261886597,0.018404493108391762,1e-06,0.8405594825744629,0.9928978085517883,0.991500973701477,0.9976007342338562,0.992531418800354,0.676925003528595,0.02253548614680767,0.8457295894622803,0.9920099973678589,0.9906446933746338,0.9973099827766418
46,0.9934326410293579,0.6938861608505249,0.01869991049170494,1e-06,0.8390874862670898,0.9928168654441833,0.9914048314094543,0.9975747466087341,0.992547869682312,0.6782559156417847,0.022517258301377296,0.8453776836395264,0.9920042157173157,0.9906975030899048,0.9973092675209045
47,0.993337094783783,0.6818222999572754,0.0189492329955101,1e-06,0.8401583433151245,0.9927584528923035,0.9913519620895386,0.9975565671920776,0.9925385117530823,0.6745548248291016,0.02239069528877735,0.8438165187835693,0.9920343160629272,0.9906071424484253,0.997317910194397
48,0.9931854009628296,0.6890966892242432,0.019264593720436096,1e-06,0.8384144306182861,0.9926141500473022,0.9911295771598816,0.9975080490112305,0.9925684928894043,0.6764057874679565,0.022292181849479675,0.8423545360565186,0.9920337200164795,0.99066561460495,0.9973191618919373
49,0.9933414459228516,0.6880892515182495,0.01890057511627674,1e-06,0.8379302024841309,0.9927448034286499,0.9913085699081421,0.9975532293319702,0.9925481677055359,0.6752687692642212,0.02238292060792446,0.8453648090362549,0.9920300841331482,0.9906359314918518,0.9973163604736328
50,0.9934867024421692,0.6837343573570251,0.018526367843151093,1e-06,0.8435312509536743,0.9929041266441345,0.9914445281028748,0.9976035356521606,0.9925369620323181,0.6762897968292236,0.022553838789463043,0.8503687977790833,0.9920047521591187,0.990665853023529,0.9973085522651672
51,0.9935835599899292,0.6922687292098999,0.01819640025496483,1e-06,0.8433111906051636,0.992915153503418,0.9915845394134521,0.997609555721283,0.9925700426101685,0.6799219846725464,0.022543253377079964,0.8500778675079346,0.991982102394104,0.9907543659210205,0.9973047375679016
52,0.9934706687927246,0.6885558366775513,0.018580596894025803,1e-06,0.8447526693344116,0.9928693175315857,0.991477906703949,0.9975942969322205,0.9925735592842102,0.6770530343055725,0.022338127717375755,0.8479447364807129,0.9920399785041809,0.9906926155090332,0.9973232746124268
53,0.9934729933738708,0.6870826482772827,0.01850898563861847,1e-06,0.8440274000167847,0.9928476810455322,0.991457462310791,0.9975866079330444,0.9925453066825867,0.6781186461448669,0.022520724684000015,0.8503711223602295,0.9920108318328857,0.9906944632530212,0.9973123669624329
54,0.9936999082565308,0.6968181729316711,0.01779083162546158,1e-06,0.8472485542297363,0.9930556416511536,0.9916897416114807,0.9976549744606018,0.9925545454025269,0.6783692240715027,0.02247077412903309,0.8502418398857117,0.992031455039978,0.9906989932060242,0.9973181486129761
55,0.9936982989311218,0.6958236694335938,0.01788029819726944,1e-06,0.8476593494415283,0.9930788278579712,0.9917428493499756,0.9976624846458435,0.992588996887207,0.678878128528595,0.022431999444961548,0.8478599190711975,0.9920383095741272,0.9907310605049133,0.997321605682373
56,0.9935238361358643,0.6890748739242554,0.01841762289404869,1e-06,0.8426533341407776,0.9929570555686951,0.9915286302566528,0.9976226687431335,0.9925652146339417,0.675851583480835,0.022383838891983032,0.8488835692405701,0.9920652508735657,0.9906380772590637,0.9973298907279968
57,0.9935992360115051,0.7006812691688538,0.018099961802363396,1e-06,0.8439818024635315,0.9929781556129456,0.9915493726730347,0.9976246356964111,0.9925915002822876,0.6803760528564453,0.02249138429760933,0.8507293462753296,0.992037832736969,0.9907529950141907,0.9973234534263611
58,0.9933426976203918,0.6909593939781189,0.018600815907120705,1e-06,0.8436412811279297,0.99275141954422,0.9913688898086548,0.997555673122406,0.9925904273986816,0.6823976039886475,0.022549785673618317,0.8509364128112793,0.99200838804245,0.990780770778656,0.9973143935203552
59,0.9932836890220642,0.6890795826911926,0.01897074468433857,1e-06,0.8426994681358337,0.9927031397819519,0.9912703633308411,0.9975379705429077,0.9925785064697266,0.6793125867843628,0.02245211787521839,0.8496987819671631,0.992026150226593,0.9907234907150269,0.9973163604736328
60,0.9935712814331055,0.6936853528022766,0.0183367058634758,1e-06,0.84574955701828,0.9929296374320984,0.9915396571159363,0.9976122379302979,0.9925748705863953,0.6796821355819702,0.022509334608912468,0.8501386642456055,0.9920252561569214,0.9907192587852478,0.997317910194397
61,0.9936599731445312,0.6912919282913208,0.0177997425198555,1e-06,0.8462405204772949,0.9930500984191895,0.9916524291038513,0.997654378414154,0.992567777633667,0.6819894909858704,0.022652041167020798,0.853195309638977,0.9920111298561096,0.9907599687576294,0.9973124861717224
62,0.993462085723877,0.6882647275924683,0.018587499856948853,1e-06,0.8448891639709473,0.9928507804870605,0.991456151008606,0.9975862503051758,0.992571234703064,0.6790077090263367,0.022438889369368553,0.8477577567100525,0.9920344352722168,0.990696907043457,0.9973200559616089
63,0.9934907555580139,0.6942734122276306,0.018509062007069588,1e-06,0.8415011167526245,0.992850124835968,0.9914789199829102,0.9975903034210205,0.992602527141571,0.6799527406692505,0.022381003946065903,0.8472280502319336,0.9920514822006226,0.9907348155975342,0.9973246455192566
64,0.9933763146400452,0.6852353811264038,0.018932465463876724,1e-06,0.8431553244590759,0.9927567839622498,0.9913970828056335,0.9975534081459045,0.9925961494445801,0.6779611706733704,0.022285258397459984,0.8453192710876465,0.9920646548271179,0.9906794428825378,0.9973298907279968
65,0.9935207962989807,0.6969846487045288,0.018359366804361343,1e-06,0.8406156301498413,0.9928799867630005,0.9914253950119019,0.9975916147232056,0.9925885200500488,0.6788839101791382,0.02238496206700802,0.8486803770065308,0.9920496344566345,0.9907128214836121,0.997326135635376
66,0.993493378162384,0.6962073445320129,0.01837759278714657,1e-06,0.8478984236717224,0.9928889870643616,0.9914973974227905,0.997600257396698,0.9925984144210815,0.6790410876274109,0.022341400384902954,0.84972083568573,0.9920588731765747,0.9907082319259644,0.9973282814025879
67,0.9935288429260254,0.6914983987808228,0.018336093053221703,1e-06,0.8459296226501465,0.9929103851318359,0.9914904832839966,0.9976077079772949,0.9926252365112305,0.67854243516922,0.02225741371512413,0.851361870765686,0.9920911192893982,0.9907107949256897,0.9973382353782654
68,0.9935199618339539,0.6927387118339539,0.01838843896985054,1e-06,0.8460923433303833,0.9929051399230957,0.9914824366569519,0.9976045489311218,0.9926362037658691,0.6806991696357727,0.02231043577194214,0.8507105112075806,0.9920803904533386,0.9907785058021545,0.9973353147506714
69,0.9934073686599731,0.6817059516906738,0.01861790008842945,1e-06,0.8473465442657471,0.9928529262542725,0.9914038777351379,0.997592031955719,0.9926405549049377,0.6798387169837952,0.02224780060350895,0.8497233986854553,0.9920821785926819,0.9907525777816772,0.9973362684249878
70,0.9934079051017761,0.6913954615592957,0.018760601058602333,1e-06,0.8419475555419922,0.9927784204483032,0.9913673996925354,0.9975618720054626,0.9926313161849976,0.6794523596763611,0.022233644500374794,0.846703052520752,0.992072582244873,0.9907467365264893,0.9973317980766296
71,0.9937153458595276,0.7000424265861511,0.01776963844895363,1e-06,0.8449380397796631,0.993052065372467,0.9917272925376892,0.997658908367157,0.9926249980926514,0.6808447241783142,0.022359231486916542,0.8501527309417725,0.9920575618743896,0.9907779693603516,0.9973293542861938
72,0.9938008189201355,0.6927390694618225,0.017501868307590485,1e-06,0.8484103083610535,0.9931310415267944,0.9918409585952759,0.9976820349693298,0.9926577806472778,0.6833614706993103,0.022356441244482994,0.8523754477500916,0.9920690655708313,0.9908502697944641,0.9973331689834595
73,0.993781566619873,0.6945815086364746,0.017708254978060722,1e-06,0.84824538230896,0.9930887222290039,0.991770327091217,0.9976671934127808,0.9926661252975464,0.684126079082489,0.022408580407500267,0.8541527986526489,0.9920727014541626,0.9908637404441833,0.9973339438438416
74,0.9937599301338196,0.698997437953949,0.01765509508550167,1e-06,0.8478196859359741,0.9930711984634399,0.9918166399002075,0.9976601004600525,0.9926649928092957,0.682212769985199,0.022299593314528465,0.8522138595581055,0.9920893907546997,0.9908226728439331,0.9973386526107788
75,0.99367755651474,0.7004912495613098,0.017925621941685677,1e-06,0.8446537256240845,0.993004560470581,0.9917075634002686,0.9976382851600647,0.9926832318305969,0.6816932559013367,0.022162996232509613,0.8487693071365356,0.9921166300773621,0.9908201098442078,0.9973469972610474
76,0.9936650991439819,0.6989566087722778,0.01791183464229107,1e-06,0.8441131114959717,0.9929749965667725,0.9916217923164368,0.9976288676261902,0.9926895499229431,0.6830673217773438,0.02220791019499302,0.8512563109397888,0.992110550403595,0.9908618927001953,0.9973463416099548
77,0.9934946298599243,0.6824710369110107,0.018531231209635735,1e-06,0.8466724157333374,0.9928861260414124,0.9914884567260742,0.9976000785827637,0.9926958680152893,0.6825626492500305,0.02218211069703102,0.8473381996154785,0.9921128153800964,0.9908536672592163,0.9973475933074951
78,0.9936589598655701,0.6998202204704285,0.017871113494038582,1e-06,0.8455555438995361,0.9930071234703064,0.9917040467262268,0.9976423382759094,0.9926472902297974,0.6809848546981812,0.02227463573217392,0.8517876267433167,0.9921050071716309,0.9907839298248291,0.9973428845405579
79,0.9935916662216187,0.700577974319458,0.018140848726034164,1e-06,0.8457410335540771,0.992957592010498,0.9915781021118164,0.9976244568824768,0.9926806092262268,0.681571364402771,0.022193951532244682,0.8516923785209656,0.9921211004257202,0.9908288717269897,0.9973511099815369
80,0.993675947189331,0.6904006600379944,0.01780475676059723,1e-06,0.8497267365455627,0.9930613040924072,0.9916634559631348,0.9976542592048645,0.9926664233207703,0.6837056875228882,0.022381922230124474,0.8547672033309937,0.9920846223831177,0.990863561630249,0.9973390698432922
81,0.9935417175292969,0.6915892958641052,0.018249420449137688,1e-06,0.848829984664917,0.9929196238517761,0.9915744066238403,0.9976097941398621,0.9926905632019043,0.6833707094192505,0.022237325087189674,0.8511775732040405,0.9921001195907593,0.9908645749092102,0.9973438382148743
82,0.993746817111969,0.6990167498588562,0.01770961657166481,1e-06,0.846625566482544,0.9930517077445984,0.9917647242546082,0.997654914855957,0.9926952719688416,0.6809449195861816,0.02217812091112137,0.8502583503723145,0.9921369552612305,0.9908144474029541,0.9973548650741577
83,0.9935206770896912,0.688766598701477,0.018253328278660774,1e-06,0.8500858545303345,0.9929329752922058,0.991490364074707,0.997612714767456,0.9926915168762207,0.6821452379226685,0.022274671122431755,0.8559483289718628,0.9921196103096008,0.9908542633056641,0.997350811958313
84,0.9935436844825745,0.7005645632743835,0.01827949658036232,1e-06,0.8478603363037109,0.9928854703903198,0.9915440678596497,0.9975988864898682,0.9927018284797668,0.6806841492652893,0.022087223827838898,0.8500351905822754,0.9921380877494812,0.9908249378204346,0.9973539113998413
85,0.9934149980545044,0.6920642852783203,0.01853092759847641,1e-06,0.8486288785934448,0.9928008913993835,0.9913607239723206,0.9975711107254028,0.9926593899726868,0.6806767582893372,0.02217279002070427,0.8489850759506226,0.9920973777770996,0.9907867908477783,0.9973421692848206
86,0.9937213063240051,0.6973180174827576,0.017844308167696,1e-06,0.8463456630706787,0.9930683970451355,0.9917345643043518,0.997658908367157,0.9926692843437195,0.6823840141296387,0.022241687402129173,0.8491347432136536,0.9920965433120728,0.9908371567726135,0.9973410367965698
87,0.9937641024589539,0.6958643198013306,0.017788467928767204,1e-06,0.8444000482559204,0.9930645227432251,0.9918043613433838,0.9976603984832764,0.9927108883857727,0.6807640194892883,0.02205668017268181,0.8485609292984009,0.9921360015869141,0.9908427000045776,0.9973554611206055
88,0.9939179420471191,0.690255343914032,0.017110586166381836,1e-06,0.8474814295768738,0.9932419657707214,0.991966187953949,0.9977179169654846,0.9926818013191223,0.6820549368858337,0.022213926538825035,0.8532922267913818,0.9921145439147949,0.9908565282821655,0.9973469972610474
89,0.993636965751648,0.6925035119056702,0.017983095720410347,1e-06,0.8478553295135498,0.9929817914962769,0.9916478991508484,0.9976332783699036,0.9926996231079102,0.681243360042572,0.022113757207989693,0.8532824516296387,0.9921262860298157,0.9908435344696045,0.9973528981208801
90,0.9936723709106445,0.695122480392456,0.017952008172869682,1e-06,0.8467398285865784,0.9930230975151062,0.9916750192642212,0.9976430535316467,0.9927080273628235,0.6835951209068298,0.02210082672536373,0.8490363359451294,0.9921077489852905,0.9908813834190369,0.9973462820053101
91,0.9936287999153137,0.7041316628456116,0.017883209511637688,1e-06,0.8437202572822571,0.9929540157318115,0.9916108250617981,0.9976212978363037,0.9927167296409607,0.6816131472587585,0.022078251466155052,0.8509390354156494,0.9921495914459229,0.9908531904220581,0.997357964515686
92,0.9936098456382751,0.6948481202125549,0.01785082370042801,1e-06,0.8486542701721191,0.9929537177085876,0.9916405081748962,0.9976209998130798,0.9927058219909668,0.6828684210777283,0.022178879007697105,0.8529874086380005,0.9921262264251709,0.990878701210022,0.9973505735397339
93,0.993625819683075,0.7015479207038879,0.01821035146713257,1e-06,0.8456774950027466,0.99294513463974,0.9916306734085083,0.9976168870925903,0.9927261471748352,0.6827754974365234,0.02211408130824566,0.8533491492271423,0.9921416640281677,0.9908848404884338,0.9973580241203308
94,0.9937140345573425,0.6898123621940613,0.01769280433654785,1e-06,0.8491243124008179,0.9930437207221985,0.9917654991149902,0.9976534247398376,0.9927247762680054,0.6839382648468018,0.02213900163769722,0.8530848026275635,0.9921246767044067,0.9909048080444336,0.997353196144104
95,0.9935740232467651,0.6876690983772278,0.018109453842043877,1e-06,0.8489280939102173,0.9929080009460449,0.9916160106658936,0.9976070523262024,0.99272221326828,0.6839230060577393,0.022111495956778526,0.8512005805969238,0.9921163320541382,0.990902304649353,0.9973500370979309
96,0.9936631321907043,0.6992214918136597,0.017893142998218536,1e-06,0.8468458652496338,0.9930086135864258,0.9916291236877441,0.9976367354393005,0.9927359223365784,0.6843366622924805,0.02213965356349945,0.853053629398346,0.9921408295631409,0.9909238219261169,0.9973590970039368
97,0.993575930595398,0.6953327059745789,0.018039636313915253,1e-06,0.8468112945556641,0.9929163455963135,0.9916263222694397,0.9976129531860352,0.9927260875701904,0.682910680770874,0.022073885425925255,0.8480669856071472,0.9921461343765259,0.9908848404884338,0.9973594546318054
98,0.9936727285385132,0.6981814503669739,0.01796649396419525,1e-06,0.8440077304840088,0.9930142164230347,0.991661548614502,0.9976431131362915,0.9927193522453308,0.6833524703979492,0.022162772715091705,0.8509203195571899,0.9921374320983887,0.9908891916275024,0.997355043888092
99,0.993742048740387,0.6964335441589355,0.01767461746931076,1e-06,0.8437796831130981,0.9930974841117859,0.9917564988136292,0.9976727366447449,0.9927228689193726,0.6848686337471008,0.022234132513403893,0.8528903722763062,0.992134690284729,0.9909265637397766,0.9973551034927368
100,0.9938011169433594,0.6999998092651367,0.017582548782229424,1e-06,0.8470799326896667,0.9930552840232849,0.9918318390846252,0.9976592659950256,0.9927096366882324,0.6828567981719971,0.02221578359603882,0.8532603979110718,0.9921450614929199,0.9908754825592041,0.9973567724227905
101,0.9937947392463684,0.707719087600708,0.017644334584474564,1e-06,0.847227156162262,0.9931184649467468,0.9918057322502136,0.9976763725280762,0.9927264451980591,0.6845546960830688,0.022152695804834366,0.8514308929443359,0.9921442866325378,0.9909102320671082,0.9973586201667786
102,0.9936345219612122,0.7044026255607605,0.017844459041953087,1e-06,0.8446630239486694,0.992960512638092,0.9916191697120667,0.9976258873939514,0.9927330613136292,0.6852755546569824,0.022192077711224556,0.8509687781333923,0.9921348690986633,0.9909292459487915,0.9973542094230652
103,0.9937986731529236,0.7048594951629639,0.01762276701629162,1e-06,0.8439856767654419,0.9930718541145325,0.9917962551116943,0.9976625442504883,0.9926847219467163,0.6829143762588501,0.022326910868287086,0.851716160774231,0.9921173453330994,0.9908655881881714,0.9973488450050354
104,0.9938029646873474,0.705803394317627,0.017480136826634407,1e-06,0.8458459377288818,0.9931271076202393,0.9918031692504883,0.9976820349693298,0.99274080991745,0.6836397051811218,0.022164076566696167,0.8538529872894287,0.9921735525131226,0.9909151196479797,0.9973652958869934
105,0.993798553943634,0.704282820224762,0.017410194501280785,1e-06,0.8476755619049072,0.9931294322013855,0.9918587803840637,0.997681736946106,0.9927167296409607,0.6840559840202332,0.02224496379494667,0.8539913892745972,0.9921493530273438,0.9908979535102844,0.9973591566085815
106,0.9939289689064026,0.6947557926177979,0.01717488281428814,1e-06,0.848383903503418,0.993239164352417,0.991953432559967,0.9977191090583801,0.9927514791488647,0.684705376625061,0.022136950865387917,0.8515045046806335,0.9921544194221497,0.9909309148788452,0.9973631501197815
107,0.9937466979026794,0.7000991702079773,0.017632491886615753,1e-06,0.8467585444450378,0.9930450320243835,0.9917840361595154,0.9976565837860107,0.9927749633789062,0.6857782006263733,0.022104403004050255,0.8514142036437988,0.9921541810035706,0.990969717502594,0.9973621368408203
108,0.9937346577644348,0.695182740688324,0.01770920306444168,1e-06,0.8489784598350525,0.9930651783943176,0.9918047785758972,0.9976629018783569,0.9927604794502258,0.6837857961654663,0.022117573767900467,0.8534097671508789,0.9921693205833435,0.990921676158905,0.9973658919334412
109,0.9936536550521851,0.696751594543457,0.017816809937357903,1e-06,0.8474956154823303,0.9930118322372437,0.9916219115257263,0.997639536857605,0.9927389025688171,0.6848453283309937,0.022190039977431297,0.8534546494483948,0.9921467304229736,0.9909204244613647,0.9973576068878174
110,0.99406498670578,0.6975905299186707,0.016838422045111656,1e-06,0.8522083163261414,0.9933463931083679,0.9921626448631287,0.9977561831474304,0.9927479028701782,0.6861713528633118,0.022201592102646828,0.852544367313385,0.9921414256095886,0.990944504737854,0.9973584413528442
111,0.9938403367996216,0.7084127068519592,0.017501965165138245,1e-06,0.8469293117523193,0.9930930733680725,0.991844654083252,0.9976670742034912,0.9927266836166382,0.687136709690094,0.022334519773721695,0.8555153012275696,0.9921337366104126,0.9909575581550598,0.9973558187484741
112,0.9937765002250671,0.7039722204208374,0.01763053424656391,1e-06,0.8467229604721069,0.9930642247200012,0.9918031096458435,0.9976595640182495,0.9927555322647095,0.6859461665153503,0.022126037627458572,0.850089430809021,0.9921526908874512,0.9909502267837524,0.9973620176315308
113,0.9938315153121948,0.6992119550704956,0.017325107008218765,1e-06,0.8467593193054199,0.9931269884109497,0.9918763041496277,0.9976805448532104,0.9927433729171753,0.6848316788673401,0.022170644253492355,0.8529098033905029,0.9921678304672241,0.99092036485672,0.9973672032356262
114,0.9940431118011475,0.7011740207672119,0.016796404495835304,1e-06,0.8494080901145935,0.9933271408081055,0.9921310544013977,0.997750461101532,0.9927687048912048,0.6865417957305908,0.022161750122904778,0.8534695506095886,0.9921743273735046,0.9909684658050537,0.9973670840263367
115,0.9939586520195007,0.7032853364944458,0.017154259607195854,1e-06,0.8513633608818054,0.993221640586853,0.9920055270195007,0.9977163672447205,0.9927797317504883,0.6841936111450195,0.0220055989921093,0.8550455570220947,0.9921929240226746,0.9909301400184631,0.9973734617233276
116,0.9940478801727295,0.7026787996292114,0.016782691702246666,1e-06,0.8557696342468262,0.9933335781097412,0.9920966029167175,0.9977526068687439,0.9927690029144287,0.6869766712188721,0.022324878722429276,0.8612199425697327,0.9921581149101257,0.9909982681274414,0.9973630905151367
117,0.9939619898796082,0.689167857170105,0.017066920176148415,1e-06,0.8549603819847107,0.9932772517204285,0.9920738339424133,0.9977335333824158,0.9927881956100464,0.6860846877098083,0.022075802087783813,0.8562270998954773,0.9921790361404419,0.9909766912460327,0.99737149477005
118,0.9940086603164673,0.7011993527412415,0.016782838851213455,1e-06,0.8546799421310425,0.9933204054832458,0.9920697808265686,0.9977462887763977,0.9927648305892944,0.6856042742729187,0.022221418097615242,0.8572573065757751,0.9921748638153076,0.9909619688987732,0.9973687529563904
119,0.9939655661582947,0.7090767621994019,0.017158089205622673,1e-06,0.8501276969909668,0.9932355880737305,0.9920050501823425,0.9977165460586548,0.9927959442138672,0.6885455846786499,0.022181950509548187,0.8550546169281006,0.9921600818634033,0.9910315871238708,0.9973657727241516
120,0.9940497279167175,0.7032477259635925,0.016735278069972992,1e-06,0.8507578372955322,0.9933029413223267,0.9921622276306152,0.9977476596832275,0.9927769303321838,0.6875702738761902,0.022156350314617157,0.8549751043319702,0.9921690225601196,0.9909934401512146,0.997367262840271
121,0.9937319159507751,0.6967887878417969,0.017651302739977837,1e-06,0.848391592502594,0.9930651187896729,0.9918118119239807,0.9976624846458435,0.9927552938461304,0.6861851811408997,0.022210614755749702,0.8540976047515869,0.9921634197235107,0.9909532070159912,0.9973652958869934
122,0.9938834309577942,0.7008084058761597,0.017378734424710274,1e-06,0.848814845085144,0.9931822419166565,0.9918938875198364,0.9976969361305237,0.9927699565887451,0.6854819059371948,0.022083358839154243,0.8530303239822388,0.9921693801879883,0.9909579753875732,0.9973669648170471
123,0.9940754771232605,0.7064908146858215,0.016830425709486008,1e-06,0.848473072052002,0.9933152198791504,0.9921324849128723,0.997743546962738,0.9927784204483032,0.6884542107582092,0.022256754338741302,0.8544806838035583,0.9921518564224243,0.9910204410552979,0.9973627328872681
124,0.9936164617538452,0.695545494556427,0.018002687022089958,1e-06,0.8484696745872498,0.9929556250572205,0.9917002320289612,0.9976248741149902,0.9927763938903809,0.6853107213973999,0.022123079746961594,0.8519418239593506,0.9921807646751404,0.9909564256668091,0.9973701238632202
125,0.9940817952156067,0.7027174830436707,0.01666204072535038,1e-06,0.8502079248428345,0.9933580160140991,0.9921289086341858,0.9977557063102722,0.9927636384963989,0.685849130153656,0.022225396707654,0.8552897572517395,0.9921731948852539,0.9909562468528748,0.997367799282074
126,0.9939379096031189,0.7008723616600037,0.017090296372771263,1e-06,0.8508777618408203,0.9932183623313904,0.991986870765686,0.9977126717567444,0.9928137063980103,0.6892110109329224,0.022267095744609833,0.8573790788650513,0.9921724796295166,0.9910563826560974,0.99737149477005
127,0.9940487742424011,0.7072620987892151,0.01675197295844555,1e-06,0.8509442806243896,0.9932828545570374,0.99212247133255,0.9977374076843262,0.9927803874015808,0.6880308985710144,0.022319894284009933,0.8581468462944031,0.9921640753746033,0.9910114407539368,0.9973666667938232
128,0.9939586520195007,0.7038522362709045,0.017048940062522888,1e-06,0.8527450561523438,0.993224024772644,0.9920253753662109,0.9977132678031921,0.9927663803100586,0.6861200332641602,0.022142011672258377,0.8570159077644348,0.9921621084213257,0.9909500479698181,0.9973650574684143
129,0.9940504431724548,0.7042576670646667,0.016790566965937614,1e-06,0.8524876832962036,0.9933313727378845,0.992136538028717,0.9977508187294006,0.9927796721458435,0.6882741451263428,0.022291021421551704,0.859182596206665,0.9921637773513794,0.9910117387771606,0.9973665475845337
130,0.9939019680023193,0.7084718942642212,0.01734064146876335,1e-06,0.8499044179916382,0.9931948184967041,0.9919394254684448,0.9977043867111206,0.9927648901939392,0.6861574053764343,0.02221774309873581,0.854290246963501,0.9921643733978271,0.9909613728523254,0.9973653554916382
131,0.9940023422241211,0.7015301585197449,0.017000967636704445,1e-06,0.8504006266593933,0.9932900667190552,0.9920675754547119,0.9977377653121948,0.9927886128425598,0.6865681409835815,0.022155391052365303,0.8537877798080444,0.9921779632568359,0.9909846782684326,0.9973697662353516
132,0.9938866496086121,0.7025293707847595,0.017219074070453644,1e-06,0.8513733744621277,0.9931679368019104,0.9919451475143433,0.9976955056190491,0.992783784866333,0.6867721676826477,0.02212754264473915,0.8543188571929932,0.9921592473983765,0.9909862875938416,0.9973641633987427
133,0.9941422939300537,0.7047224640846252,0.016463715583086014,1e-06,0.8535219430923462,0.993412435054779,0.992232620716095,0.9977775812149048,0.9927930235862732,0.6875596642494202,0.02230812981724739,0.8597158193588257,0.9921709299087524,0.9910250902175903,0.997368335723877
134,0.9937607049942017,0.6971876621246338,0.017536524683237076,1e-06,0.853169322013855,0.9930945038795471,0.9918020963668823,0.9976722598075867,0.9927511215209961,0.6849517822265625,0.022187720984220505,0.8560792207717896,0.9921773672103882,0.9909263849258423,0.9973704218864441
135,0.9938827157020569,0.7055898308753967,0.017031323164701462,1e-06,0.8529293537139893,0.9931843876838684,0.9919208288192749,0.9977012872695923,0.9928029775619507,0.6874692440032959,0.022163469344377518,0.8552836179733276,0.9921810626983643,0.9910037517547607,0.9973720908164978
136,0.9937868118286133,0.7059104442596436,0.01738050952553749,1e-06,0.8493282794952393,0.9930806756019592,0.991848349571228,0.9976667761802673,0.9927819967269897,0.6851902008056641,0.022136598825454712,0.8560423254966736,0.992186963558197,0.9909656047821045,0.9973710775375366
137,0.9940627813339233,0.6921249032020569,0.016653375700116158,1e-06,0.8525866270065308,0.9933786392211914,0.9921404719352722,0.9977668523788452,0.9928069710731506,0.6895803809165955,0.022284969687461853,0.8584964275360107,0.9921708106994629,0.9910615682601929,0.9973695874214172
138,0.9940875768661499,0.7050511240959167,0.0165728572756052,1e-06,0.8542500734329224,0.9933804273605347,0.9921686053276062,0.9977641701698303,0.9928224086761475,0.688659131526947,0.02215285785496235,0.8589005470275879,0.992203950881958,0.9910476803779602,0.99737948179245
139,0.9938960671424866,0.7103601694107056,0.017059439793229103,1e-06,0.8539301156997681,0.9931116700172424,0.9919387698173523,0.9976791739463806,0.9928247332572937,0.6884585618972778,0.02218615449965,0.8616352677345276,0.992204487323761,0.9910477995872498,0.9973785877227783
140,0.9938371181488037,0.6985875964164734,0.01746293529868126,1e-06,0.8561402559280396,0.9931474328041077,0.9919016361236572,0.997690737247467,0.9927839636802673,0.6836883425712585,0.02204120345413685,0.8545540571212769,0.9921934604644775,0.990929126739502,0.9973740577697754
141,0.9941801428794861,0.709892988204956,0.016235794872045517,1e-06,0.8522608280181885,0.9934207797050476,0.9922494888305664,0.9977809190750122,0.9928327798843384,0.6899356842041016,0.022152680903673172,0.8594588041305542,0.9921894073486328,0.9910740852355957,0.9973739981651306
142,0.9940485954284668,0.7097640633583069,0.016596321016550064,1e-06,0.8534989356994629,0.9932692646980286,0.9921180605888367,0.9977287650108337,0.9928218126296997,0.6895149350166321,0.022128308191895485,0.8586175441741943,0.9921953082084656,0.9910514950752258,0.997376024723053
143,0.9940993189811707,0.7066831588745117,0.01669306866824627,1e-06,0.8540880680084229,0.9933560490608215,0.992209255695343,0.9977596402168274,0.9927577972412109,0.6886272430419922,0.022380545735359192,0.8594313859939575,0.9921464323997498,0.9910024404525757,0.9973597526550293
144,0.9938136339187622,0.705615222454071,0.017353352159261703,1e-06,0.8510695695877075,0.9930757880210876,0.9918429851531982,0.9976664185523987,0.9927693605422974,0.6879376769065857,0.02238336391746998,0.8588584661483765,0.9921558499336243,0.9910049438476562,0.9973631501197815
145,0.9939498901367188,0.7011286616325378,0.01699056103825569,1e-06,0.8500527143478394,0.9931783676147461,0.99196857213974,0.9976979494094849,0.9928151965141296,0.6888781189918518,0.022207321599125862,0.857796311378479,0.992182731628418,0.9910522103309631,0.9973732233047485
146,0.994144082069397,0.7008059024810791,0.016403788700699806,1e-06,0.8537054061889648,0.9933958053588867,0.9922305941581726,0.9977750182151794,0.9928261041641235,0.6888806819915771,0.022138305008411407,0.8575546145439148,0.9921994209289551,0.9910569787025452,0.9973792433738708
147,0.9940663576126099,0.7120406031608582,0.016644161194562912,1e-06,0.854529619216919,0.9932763576507568,0.9921309351921082,0.9977332353591919,0.99281245470047,0.6876423954963684,0.022118763998150826,0.8570423722267151,0.9922044277191162,0.991005539894104,0.9973793625831604
148,0.9941554069519043,0.6999648213386536,0.01638631336390972,1e-06,0.8556174039840698,0.9933943152427673,0.9922519326210022,0.9977740049362183,0.9928008913993835,0.690534234046936,0.02234473265707493,0.860678493976593,0.9921770691871643,0.9910698533058167,0.9973718523979187
149,0.9940347671508789,0.7053874135017395,0.016767479479312897,1e-06,0.852703332901001,0.9932880997657776,0.9921384453773499,0.997736930847168,0.9928312301635742,0.6915260553359985,0.022269655019044876,0.858001708984375,0.9921907186508179,0.9910973310470581,0.9973775148391724
150,0.9945111274719238,0.7088853716850281,0.015437891706824303,1e-06,0.8514373302459717,0.9936877489089966,0.992677628993988,0.9978711605072021,0.9928284287452698,0.6935014724731445,0.022413253784179688,0.8622595071792603,0.9921754002571106,0.9911193251609802,0.997371256351471
151,0.9942047595977783,0.7084560990333557,0.016383137553930283,1e-06,0.8554959297180176,0.9934461116790771,0.9923200607299805,0.9977903366088867,0.9928333759307861,0.6901305317878723,0.02218102663755417,0.859087347984314,0.9922094941139221,0.9910708665847778,0.9973800778388977
152,0.9941750764846802,0.7054645419120789,0.016403451561927795,1e-06,0.8554246425628662,0.9934351444244385,0.9922568202018738,0.9977847337722778,0.9928555488586426,0.691808819770813,0.02217208221554756,0.8587484359741211,0.9922139644622803,0.9911128878593445,0.9973840713500977
153,0.9942445755004883,0.7022725939750671,0.016235556453466415,1e-06,0.8552956581115723,0.9934453368186951,0.9923651218414307,0.9977909326553345,0.9928312301635742,0.6931579113006592,0.02240290306508541,0.8598451614379883,0.9921779036521912,0.9911238551139832,0.9973730444908142
154,0.9942601323127747,0.7120116353034973,0.016172587871551514,1e-06,0.8548656702041626,0.993463933467865,0.9923622012138367,0.9977964758872986,0.9928606748580933,0.6919954419136047,0.02222171425819397,0.8603291511535645,0.992222011089325,0.9911131858825684,0.9973867535591125
155,0.9942798614501953,0.7174795269966125,0.01609291136264801,1e-06,0.8543989658355713,0.9935032725334167,0.9923649430274963,0.997807502746582,0.9928393363952637,0.692029595375061,0.022203395143151283,0.8585196733474731,0.9922019839286804,0.9910944700241089,0.9973801970481873
156,0.994246244430542,0.7093666195869446,0.016244610771536827,1e-06,0.8538130521774292,0.993463397026062,0.9923180937767029,0.997795820236206,0.9928552508354187,0.6933925151824951,0.022283945232629776,0.8608624935150146,0.992199718952179,0.9911301732063293,0.9973785281181335
157,0.9941310286521912,0.7147930264472961,0.01655024290084839,1e-06,0.8551379442214966,0.9933738708496094,0.9921918511390686,0.9977633357048035,0.9928317666053772,0.6907511949539185,0.02225758507847786,0.8619696497917175,0.9922156929969788,0.9910705089569092,0.9973829388618469
158,0.9940648078918457,0.7106078863143921,0.016754623502492905,1e-06,0.8563765287399292,0.993287980556488,0.9921141266822815,0.9977363348007202,0.9928315877914429,0.6902797222137451,0.022110335528850555,0.8595374822616577,0.9922207593917847,0.9910736680030823,0.9973844289779663
159,0.9942187666893005,0.710843026638031,0.01635979488492012,1e-06,0.8526688814163208,0.9934004545211792,0.9922789335250854,0.9977729916572571,0.9928653240203857,0.6907215714454651,0.022083530202507973,0.8576951026916504,0.9922360777854919,0.9911085367202759,0.9973893761634827
160,0.9942852258682251,0.7130880951881409,0.016005249693989754,1e-06,0.852967381477356,0.9935484528541565,0.9923930764198303,0.9978229999542236,0.9928455352783203,0.6923231482505798,0.022205326706171036,0.8594461679458618,0.9922273755073547,0.9911178946495056,0.997389018535614
161,0.9940958023071289,0.7055513262748718,0.016681203618645668,1e-06,0.8527859449386597,0.993333101272583,0.9921800494194031,0.9977510571479797,0.9928560256958008,0.6922910809516907,0.022179001942276955,0.8557498455047607,0.9921976923942566,0.9911121129989624,0.9973797798156738
162,0.9940630793571472,0.704887330532074,0.016832934692502022,1e-06,0.8500580787658691,0.9933192133903503,0.9921546578407288,0.9977454543113708,0.9928659200668335,0.6897745132446289,0.021938510239124298,0.8552340865135193,0.9922440052032471,0.9910756349563599,0.9973921179771423
163,0.9941394329071045,0.711910605430603,0.01643996499478817,1e-06,0.8540220260620117,0.993363082408905,0.992200493812561,0.9977651834487915,0.992871880531311,0.6919696927070618,0.022164495661854744,0.8619450330734253,0.9922357201576233,0.9911271929740906,0.997391939163208
164,0.9941127896308899,0.7149443626403809,0.01664985902607441,1e-06,0.8537334203720093,0.9933441281318665,0.9921877980232239,0.9977557063102722,0.9928324222564697,0.6924413442611694,0.02231585420668125,0.8587997555732727,0.9921892881393433,0.9911023378372192,0.9973753094673157
165,0.993932843208313,0.7038852572441101,0.01708318665623665,1e-06,0.8497409820556641,0.9931875467300415,0.9920052289962769,0.9977042078971863,0.9928525686264038,0.6907258629798889,0.02214009501039982,0.8573998212814331,0.9922086596488953,0.9910922050476074,0.9973819255828857
166,0.9941238164901733,0.7155267000198364,0.01667078770697117,1e-06,0.8516064882278442,0.9933486580848694,0.9921759963035583,0.9977551102638245,0.9928569793701172,0.6912267208099365,0.02225206419825554,0.8577103614807129,0.9921964406967163,0.9911055564880371,0.9973782300949097
167,0.9941621422767639,0.6987304091453552,0.016580287367105484,1e-06,0.8555154800415039,0.9934195280075073,0.9922369718551636,0.9977816939353943,0.9928434491157532,0.6885538101196289,0.02211146615445614,0.8577485084533691,0.9922117590904236,0.9910558462142944,0.997380793094635
168,0.9939787983894348,0.7064933776855469,0.01677851378917694,1e-06,0.8526780605316162,0.9932060241699219,0.9919704794883728,0.9977073669433594,0.9928216338157654,0.6899442672729492,0.022274034097790718,0.8620957136154175,0.9922030568122864,0.9910705089569092,0.9973799586296082
169,0.9941244721412659,0.7048749923706055,0.016516797244548798,1e-06,0.8537644147872925,0.9933658242225647,0.9922085404396057,0.9977623820304871,0.9928673505783081,0.6927089095115662,0.022166801616549492,0.8568182587623596,0.992212176322937,0.9911371469497681,0.9973856210708618
170,0.994271457195282,0.7185789346694946,0.01617623306810856,1e-06,0.8506306409835815,0.9934912919998169,0.9923635125160217,0.9978026151657104,0.9928597807884216,0.6928301453590393,0.022267194464802742,0.8581410646438599,0.9922152161598206,0.9911252856254578,0.9973852038383484
171,0.9939990043640137,0.7095175385475159,0.01685759797692299,1e-06,0.8496440649032593,0.9932472705841064,0.9920290112495422,0.9977194666862488,0.9928265810012817,0.6900009512901306,0.02228507213294506,0.8585324287414551,0.9922121167182922,0.991072952747345,0.9973823428153992
172,0.9942145943641663,0.711391270160675,0.016213834285736084,1e-06,0.8527892231941223,0.9934197068214417,0.9923252463340759,0.9977782368659973,0.9928705096244812,0.6940075755119324,0.02228449657559395,0.85589599609375,0.9921948313713074,0.9911550283432007,0.9973798990249634
173,0.9943504929542542,0.713849663734436,0.015903837978839874,1e-06,0.8547004461288452,0.9935362935066223,0.992462158203125,0.9978206753730774,0.9928929805755615,0.6940123438835144,0.022260557860136032,0.8605735898017883,0.9922298192977905,0.9911780953407288,0.99739009141922
174,0.9942802786827087,0.7134910821914673,0.016227971762418747,1e-06,0.8549098968505859,0.9935115575790405,0.992403507232666,0.997811496257782,0.9928529262542725,0.6942817568778992,0.02248568832874298,0.8607908487319946,0.9921865463256836,0.9911504983901978,0.9973758459091187
175,0.9943633675575256,0.7229564785957336,0.015784945338964462,1e-06,0.8563042879104614,0.9935204386711121,0.9924618005752563,0.9978136420249939,0.9928750395774841,0.6945924758911133,0.02231721207499504,0.8609254360198975,0.9922104477882385,0.9911651015281677,0.9973846077919006
176,0.9943453669548035,0.720500648021698,0.015816783532500267,1e-06,0.8554818630218506,0.9935278296470642,0.9924459457397461,0.9978170990943909,0.9928758144378662,0.6972942352294922,0.02255300246179104,0.8644327521324158,0.99220210313797,0.991202712059021,0.9973819255828857
177,0.9940335154533386,0.7091646194458008,0.016789212822914124,1e-06,0.853721022605896,0.9933083653450012,0.9921320676803589,0.9977430105209351,0.9928368330001831,0.6905228495597839,0.02210223861038685,0.8560447096824646,0.9922204613685608,0.9910480976104736,0.9973852038383484
178,0.994348406791687,0.7143414616584778,0.01600983738899231,1e-06,0.8536826968193054,0.9935736656188965,0.9924437999725342,0.9978316426277161,0.9928565621376038,0.6917661428451538,0.022217167541384697,0.8574061989784241,0.9922186136245728,0.9911049604415894,0.9973839521408081
179,0.9941794276237488,0.7075871229171753,0.016417590901255608,1e-06,0.85259610414505,0.9934070706367493,0.9922346472740173,0.9977725148200989,0.9927911758422852,0.6885506510734558,0.022271061316132545,0.8611173629760742,0.9922075867652893,0.9910197257995605,0.9973806142807007
180,0.9943379759788513,0.708122968673706,0.016001855954527855,1e-06,0.8560583591461182,0.9935123920440674,0.9924367666244507,0.9978158473968506,0.9928780198097229,0.6927122473716736,0.02220519445836544,0.8596481084823608,0.992234468460083,0.9911360740661621,0.9973904490470886
181,0.9942790865898132,0.712046205997467,0.016054920852184296,1e-06,0.8526943922042847,0.9935007095336914,0.9923622012138367,0.9978070259094238,0.9928805828094482,0.6928765177726746,0.022215886041522026,0.8596220016479492,0.9922409653663635,0.9911375641822815,0.9973934888839722
182,0.9944177865982056,0.7190088033676147,0.01563454605638981,1e-06,0.8545951247215271,0.9935521483421326,0.9925203919410706,0.9978280663490295,0.9928788542747498,0.6953907012939453,0.022385146468877792,0.8614183664321899,0.9922171831130981,0.991175651550293,0.9973876476287842
183,0.9943820238113403,0.717001736164093,0.015770234167575836,1e-06,0.8565699458122253,0.9934996366500854,0.9925402402877808,0.9978079795837402,0.9928510785102844,0.691188395023346,0.022167326882481575,0.8596889972686768,0.9922224283218384,0.9910832047462463,0.9973872900009155
184,0.994351327419281,0.7148086428642273,0.015888188034296036,1e-06,0.8553874492645264,0.9935468435287476,0.992436408996582,0.9978234171867371,0.992885172367096,0.6948055028915405,0.02234490029513836,0.8612896203994751,0.9922194480895996,0.9911729693412781,0.9973885416984558
185,0.994400143623352,0.7129244208335876,0.01595819927752018,1e-06,0.854430079460144,0.9936336874961853,0.9925463795661926,0.9978564381599426,0.9928365349769592,0.6911135911941528,0.022266371175646782,0.8579694628715515,0.9922161102294922,0.9910730123519897,0.9973830580711365
186,0.9943326115608215,0.7159870266914368,0.016040010377764702,1e-06,0.8525726795196533,0.9935418963432312,0.9924518465995789,0.9978225231170654,0.992877185344696,0.6913040280342102,0.022143278270959854,0.8560377359390259,0.9922438263893127,0.9910982847213745,0.9973931908607483
187,0.994435727596283,0.7165061235427856,0.015653232112526894,1e-06,0.8533462285995483,0.9936224222183228,0.992529571056366,0.9978479146957397,0.9928839802742004,0.6963364481925964,0.022340890020132065,0.859894871711731,0.9922097325325012,0.9911705851554871,0.9973828196525574
188,0.9943991303443909,0.7144741415977478,0.01587614230811596,1e-06,0.8556411266326904,0.9935755133628845,0.9925283193588257,0.997832179069519,0.9928907155990601,0.6954167485237122,0.022414637729525566,0.8629592061042786,0.9922316074371338,0.9911894202232361,0.9973909854888916
189,0.9943135380744934,0.7164772748947144,0.016053970903158188,1e-06,0.8523180484771729,0.993497908115387,0.9924115538597107,0.997809648513794,0.9928616881370544,0.6939505338668823,0.02241213247179985,0.8609369993209839,0.9922117590904236,0.9911383986473083,0.997385561466217
190,0.9942915439605713,0.7106086015701294,0.015858400613069534,1e-06,0.855107307434082,0.9935000538825989,0.9923450350761414,0.997806966304779,0.9929097294807434,0.6974123120307922,0.022380977869033813,0.8624871969223022,0.9922307729721069,0.9912217855453491,0.9973910450935364
191,0.994167149066925,0.715722918510437,0.0163250882178545,1e-06,0.8529948592185974,0.9933668971061707,0.9922654628753662,0.9977635741233826,0.9928759336471558,0.693173348903656,0.022259877994656563,0.8598641157150269,0.9922349452972412,0.9911380410194397,0.9973905086517334
192,0.9944450259208679,0.7237682342529297,0.015532609075307846,1e-06,0.8537929058074951,0.9935790300369263,0.9925382733345032,0.9978331327438354,0.9929059743881226,0.6978137493133545,0.022436106577515602,0.8619333505630493,0.9922196269035339,0.9912230372428894,0.9973881840705872
193,0.9944822788238525,0.7242762446403503,0.015482250601053238,1e-06,0.8568475842475891,0.9936284422874451,0.9926576614379883,0.9978541731834412,0.9928987622261047,0.6986744999885559,0.022546855732798576,0.8611645698547363,0.9922038912773132,0.9912303686141968,0.9973840713500977
194,0.994309663772583,0.7102815508842468,0.01612478494644165,1e-06,0.8530529737472534,0.9934782385826111,0.9924238920211792,0.997800886631012,0.9928993582725525,0.6982330679893494,0.022523576393723488,0.8621273040771484,0.9922154545783997,0.9912295937538147,0.9973868727684021
195,0.9944459199905396,0.7128095030784607,0.015612063929438591,1e-06,0.8522334694862366,0.9935969114303589,0.9926013946533203,0.9978435039520264,0.9929006099700928,0.6972009539604187,0.0224990863353014,0.8602913618087769,0.9922119975090027,0.991223156452179,0.9973857402801514
196,0.9943349957466125,0.7147842049598694,0.016008738428354263,1e-06,0.8513467311859131,0.9935001134872437,0.9924401640892029,0.9978116154670715,0.9928304553031921,0.6925843954086304,0.022423287853598595,0.8587181568145752,0.9921779632568359,0.9911080598831177,0.9973730444908142
197,0.9943647980690002,0.7115952372550964,0.015878379344940186,1e-06,0.8559824824333191,0.9935515522956848,0.9925090670585632,0.9978261590003967,0.9928566813468933,0.6937010884284973,0.02248019352555275,0.8620578050613403,0.9921977519989014,0.9911386370658875,0.9973794221878052
198,0.994353175163269,0.7092424631118774,0.015880079939961433,1e-06,0.8552802801132202,0.9935078024864197,0.992499828338623,0.9978116154670715,0.9928739666938782,0.6954300999641418,0.022499287500977516,0.8611972332000732,0.9921920895576477,0.9911742806434631,0.997378945350647
199,0.9942002296447754,0.7137969136238098,0.01630697399377823,1e-06,0.8548130989074707,0.9933760166168213,0.9922674298286438,0.9977698922157288,0.992882251739502,0.6933361887931824,0.022262929007411003,0.8604305386543274,0.9922265410423279,0.9911412000656128,0.9973888397216797
