epoch,accuracy,dice_coef,loss,lr,mean_io_u,precision,sensitivity,specificity,val_accuracy,val_dice_coef,val_loss,val_mean_io_u,val_precision,val_sensitivity,val_specificity
0,0.9622447490692139,0.35318976640701294,0.13420268893241882,1e-04,0.6335750818252563,0.9701223373413086,0.9418337941169739,0.9920045137405396,0.9739209413528442,0.42002132534980774,0.08143060654401779,0.6100852489471436,0.9818072319030762,0.9625504612922668,0.993701159954071
1,0.9725841283798218,0.4243618845939636,0.08201821893453598,1e-04,0.6238366365432739,0.9821434617042542,0.9611774682998657,0.993858277797699,0.9742063283920288,0.4508053660392761,0.08085454255342484,0.8089728951454163,0.979530930519104,0.9668830633163452,0.9930810928344727
2,0.9766426086425781,0.477810263633728,0.06996249407529831,1e-04,0.7190324068069458,0.982266902923584,0.9689111113548279,0.9939544200897217,0.974977970123291,0.4822523295879364,0.06930279731750488,0.7198866605758667,0.9820585250854492,0.967036247253418,0.9939907193183899
3,0.9792004823684692,0.5240832567214966,0.061189718544483185,1e-04,0.7581230401992798,0.9830596446990967,0.9731897711753845,0.9942375421524048,0.9824182391166687,0.5516173243522644,0.052788637578487396,0.8152799606323242,0.9868112802505493,0.9756279587745667,0.9954701066017151
4,0.9815688133239746,0.5563560724258423,0.054080791771411896,1e-04,0.7709767818450928,0.9843885898590088,0.9767317175865173,0.9947077035903931,0.9829691052436829,0.5888094902038574,0.049902282655239105,0.8070847988128662,0.9852745532989502,0.9787818789482117,0.9950125813484192
5,0.9830360412597656,0.580035388469696,0.05046932399272919,1e-04,0.7521766424179077,0.9850717186927795,0.9787184000015259,0.9949460029602051,0.985479474067688,0.6035434007644653,0.04420613870024681,0.7759460210800171,0.987248420715332,0.9812621474266052,0.9956576228141785
6,0.9857601523399353,0.6183927655220032,0.04141366109251976,1e-04,0.7675460577011108,0.9869243502616882,0.982125461101532,0.9955784678459167,0.9863000512123108,0.630523145198822,0.04098556563258171,0.807245135307312,0.9872605800628662,0.9830488562583923,0.995701253414154
7,0.9865633845329285,0.634620726108551,0.03992593660950661,1e-04,0.765357255935669,0.9873582124710083,0.983142077922821,0.995730459690094,0.9845201373100281,0.6105996966362,0.0467686764895916,0.754525899887085,0.9859510064125061,0.981114387512207,0.9952788352966309
8,0.9860098958015442,0.6430439352989197,0.041574180126190186,1e-04,0.7450138330459595,0.9868592023849487,0.9825147986412048,0.9955644011497498,0.9847139120101929,0.6153070330619812,0.048769157379865646,0.7121045589447021,0.9861503839492798,0.9807168841362,0.9953340888023376
9,0.9882135987281799,0.6516867876052856,0.03373092785477638,2e-05,0.7936230897903442,0.9885110259056091,0.9851850271224976,0.9961192607879639,0.988876461982727,0.6660600900650024,0.03293423354625702,0.7975972294807434,0.9889534115791321,0.9859675168991089,0.996276319026947
10,0.9892810583114624,0.6734457015991211,0.030715635046362877,2e-05,0.7990558743476868,0.9893204569816589,0.9864250421524048,0.9963943958282471,0.9888824820518494,0.6611791849136353,0.03330444544553757,0.813308596611023,0.9891846179962158,0.9859041571617126,0.9963433742523193
11,0.9887725710868835,0.6727739572525024,0.03176799416542053,2e-05,0.797669529914856,0.9888837933540344,0.9858350157737732,0.9962458610534668,0.9891931414604187,0.6680811047554016,0.03258196637034416,0.8130176067352295,0.9892496466636658,0.986361563205719,0.996366024017334
12,0.9892429709434509,0.6746025085449219,0.030804045498371124,2e-05,0.8078746199607849,0.9892160892486572,0.9863600134849548,0.9963593482971191,0.9891634583473206,0.6704813241958618,0.03221510350704193,0.815291166305542,0.9892072677612305,0.9864872694015503,0.9963558912277222
13,0.990087628364563,0.6770765781402588,0.028393741697072983,2e-05,0.8113404512405396,0.9899646043777466,0.9873538613319397,0.9966113567352295,0.9890061616897583,0.6771590113639832,0.033736955374479294,0.8321000337600708,0.9887316823005676,0.9867790341377258,0.9962136745452881
14,0.9900007843971252,0.6911638975143433,0.028147708624601364,2e-05,0.8136374950408936,0.989790678024292,0.9872741103172302,0.996558427810669,0.9894118309020996,0.675365686416626,0.03161872550845146,0.8280088901519775,0.98961341381073,0.986494779586792,0.9964917898178101
15,0.9904170632362366,0.6884094476699829,0.027015145868062973,2e-05,0.8259032964706421,0.9901418089866638,0.9877872467041016,0.9966686367988586,0.9897059202194214,0.6864292621612549,0.031549010425806046,0.8558828234672546,0.9894285202026367,0.9872816205024719,0.9964414834976196
16,0.9901269674301147,0.6761015057563782,0.027844106778502464,2e-05,0.8209462761878967,0.9899945855140686,0.987375795841217,0.9966182708740234,0.9898212552070618,0.6874695420265198,0.03093225695192814,0.8294732570648193,0.9895480275154114,0.987422525882721,0.9964792132377625
17,0.9903515577316284,0.6856359243392944,0.027113089337944984,2e-05,0.812727689743042,0.9900733828544617,0.9877105355262756,0.9966455101966858,0.9894391298294067,0.6760970950126648,0.031214362010359764,0.8349449038505554,0.9894528985023499,0.9866743683815002,0.996441662311554
18,0.9903297424316406,0.6874291300773621,0.02709636278450489,2e-05,0.8182259798049927,0.9899961948394775,0.9876770973205566,0.9966225028038025,0.9901575446128845,0.6923540830612183,0.029600972309708595,0.841700553894043,0.9898021817207336,0.9877636432647705,0.9965675473213196
19,0.9903610348701477,0.6777774691581726,0.027001282200217247,2e-05,0.8185029029846191,0.9900796413421631,0.9877984523773193,0.9966559410095215,0.9899495840072632,0.6879961490631104,0.02983369305729866,0.8238022327423096,0.9896178245544434,0.9874761700630188,0.99651038646698
20,0.9906590580940247,0.6985183358192444,0.02623467892408371,2e-05,0.8218538761138916,0.9903129935264587,0.9880790710449219,0.9967346787452698,0.9901337027549744,0.6948618292808533,0.029977785423398018,0.8206117749214172,0.9897022247314453,0.9878061413764954,0.9965373873710632
21,0.9908463358879089,0.6941394805908203,0.025411298498511314,4e-06,0.8186659216880798,0.9904571771621704,0.9883435964584351,0.9967800974845886,0.9903489947319031,0.6934922337532043,0.029055139049887657,0.8256231546401978,0.9899628162384033,0.9879133105278015,0.99662184715271
22,0.9911951422691345,0.702621340751648,0.0246121846139431,4e-06,0.8211623430252075,0.9907774925231934,0.9886603951454163,0.9968915581703186,0.9904406666755676,0.6961922645568848,0.028572626411914825,0.828180193901062,0.9900766611099243,0.9879961013793945,0.9966599941253662
23,0.9915047883987427,0.7035008072853088,0.023991812020540237,4e-06,0.8264065980911255,0.9909598231315613,0.9889993071556091,0.9969507455825806,0.990383505821228,0.6968263387680054,0.029133521020412445,0.8395834565162659,0.9899601936340332,0.9880664944648743,0.9966243505477905
24,0.9911305904388428,0.698460578918457,0.024681376293301582,4e-06,0.8265751600265503,0.990688145160675,0.9885939359664917,0.9968569874763489,0.9904714226722717,0.69694584608078,0.028873611241579056,0.8392730355262756,0.9900608062744141,0.988128125667572,0.9966521263122559
25,0.9915607571601868,0.705377995967865,0.023711664602160454,1e-06,0.8281409740447998,0.9910147190093994,0.9890652298927307,0.9969657063484192,0.9905604720115662,0.6970967054367065,0.028417611494660378,0.8355848789215088,0.9901658296585083,0.9881464242935181,0.9966906309127808
26,0.9914206266403198,0.7040674686431885,0.02415325865149498,1e-06,0.8245752453804016,0.9909306168556213,0.988950252532959,0.996940553188324,0.9905544519424438,0.6979210376739502,0.02851826883852482,0.8357028365135193,0.9901405572891235,0.9881780743598938,0.9966825246810913
27,0.9916970729827881,0.7072462439537048,0.02328614890575409,1e-06,0.8291533589363098,0.9911278486251831,0.9892234206199646,0.9970027208328247,0.9905652403831482,0.6995371580123901,0.028409363701939583,0.8317773342132568,0.9901090860366821,0.9882358312606812,0.9966732859611511
28,0.9908998608589172,0.6996063590049744,0.025287646800279617,1e-06,0.8256398439407349,0.9904528856277466,0.9883545637130737,0.9967830777168274,0.9905560612678528,0.6966519355773926,0.02839742600917816,0.8341566324234009,0.9901672005653381,0.9881418347358704,0.9966880083084106
29,0.9917035102844238,0.7074891328811646,0.02326825261116028,1e-06,0.8297953009605408,0.9911864995956421,0.9892581105232239,0.9970281720161438,0.9905571341514587,0.6991726160049438,0.02847212925553322,0.8347902297973633,0.9901362061500549,0.988210916519165,0.9966816902160645
30,0.9914641380310059,0.712329089641571,0.023883415386080742,1e-06,0.8282507658004761,0.9909208416938782,0.9889636039733887,0.9969379901885986,0.990581750869751,0.6992560625076294,0.028351765125989914,0.8347673416137695,0.9901556968688965,0.9882180690765381,0.9966891407966614
31,0.9917094707489014,0.7049066424369812,0.023183995857834816,1e-06,0.8304248452186584,0.9911372661590576,0.9893022179603577,0.9970139265060425,0.9905624985694885,0.6986696720123291,0.028337588533759117,0.8324275016784668,0.9901524782180786,0.988165557384491,0.9966852068901062
32,0.9914653897285461,0.7120428085327148,0.02404862269759178,1e-06,0.8268339037895203,0.9909247159957886,0.9889443516731262,0.996938169002533,0.9905797243118286,0.6990678310394287,0.02834751456975937,0.8332332372665405,0.9901472926139832,0.9882166981697083,0.9966834783554077
33,0.9913175106048584,0.7068926692008972,0.02438311092555523,1e-06,0.8288768529891968,0.9907634854316711,0.9887736439704895,0.996884286403656,0.9905831217765808,0.6987484693527222,0.028386568650603294,0.8358989953994751,0.99014812707901,0.9882152676582336,0.9966844320297241
34,0.9917188286781311,0.7113629579544067,0.023313753306865692,1e-06,0.8296971321105957,0.9911991357803345,0.9892690181732178,0.9970289468765259,0.9905761480331421,0.6993778347969055,0.028395840898156166,0.8375704884529114,0.9901474714279175,0.9882132411003113,0.9966862797737122
35,0.9916370511054993,0.7098531126976013,0.023347875103354454,1e-06,0.8320183753967285,0.9910117983818054,0.9891957640647888,0.996964693069458,0.9905576705932617,0.7005177140235901,0.02855972945690155,0.8380309343338013,0.9901029467582703,0.9882411360740662,0.9966722726821899
36,0.9918079376220703,0.7165905237197876,0.02288823015987873,1e-06,0.8325801491737366,0.9911881685256958,0.9893704056739807,0.997025191783905,0.9905712604522705,0.7008152008056641,0.02847672626376152,0.8377254009246826,0.9901113510131836,0.9882470369338989,0.9966760873794556
37,0.9911975264549255,0.7053982615470886,0.02465691976249218,1e-06,0.8281196355819702,0.9906665086746216,0.9887022972106934,0.9968553185462952,0.9905792474746704,0.6997960805892944,0.02838798612356186,0.8371982574462891,0.9901398420333862,0.9882240891456604,0.9966845512390137
38,0.9915880560874939,0.7009835839271545,0.023593971505761147,1e-06,0.8366791009902954,0.99103182554245,0.9891576170921326,0.9969756007194519,0.9905534982681274,0.6985217928886414,0.028489459306001663,0.8384447693824768,0.9901264905929565,0.9881812334060669,0.996675431728363
39,0.9917905330657959,0.7103282809257507,0.02289639227092266,1e-06,0.8344947099685669,0.9912150502204895,0.9893438220024109,0.9970383644104004,0.9905647039413452,0.7008747458457947,0.02851961739361286,0.840713620185852,0.9901063442230225,0.9882437586784363,0.9966715574264526
40,0.9917493462562561,0.7155503034591675,0.02319769188761711,1e-06,0.835814356803894,0.9911741018295288,0.98930823802948,0.9970200657844543,0.9905974864959717,0.7003747224807739,0.028340673074126244,0.8412179946899414,0.9901463389396667,0.9882389903068542,0.9966873526573181
41,0.9916778206825256,0.7102408409118652,0.023193033412098885,1e-06,0.8360475301742554,0.9911296963691711,0.9892072677612305,0.9970099925994873,0.9905669689178467,0.7002162337303162,0.028583312407135963,0.8465787172317505,0.990138590335846,0.9882291555404663,0.996680498123169
42,0.9912025928497314,0.7091413140296936,0.024539396166801453,1e-06,0.8353270292282104,0.990653932094574,0.9886649250984192,0.9968476295471191,0.990595817565918,0.7009470462799072,0.028417984023690224,0.8398452997207642,0.9901218414306641,0.9882503747940063,0.9966750144958496
43,0.9913539290428162,0.70005863904953,0.024191103875637054,1e-06,0.8342434167861938,0.9908829927444458,0.9888452291488647,0.9969223141670227,0.9906037449836731,0.6996537446975708,0.028481500223279,0.8424772620201111,0.9901601076126099,0.9882405400276184,0.9966890811920166
44,0.991603434085846,0.707006573677063,0.023584861308336258,1e-06,0.8354448080062866,0.9910701513290405,0.9891061782836914,0.9969867467880249,0.9906279444694519,0.7008158564567566,0.02842167764902115,0.8449968099594116,0.9901703596115112,0.9882885813713074,0.9966940879821777
45,0.9916940331459045,0.7094942927360535,0.023357786238193512,1e-06,0.8337940573692322,0.9910827875137329,0.9892743229866028,0.9969940781593323,0.9906303286552429,0.6997261643409729,0.028254594653844833,0.8410431146621704,0.9901793599128723,0.9882475137710571,0.9966955780982971
46,0.9918599724769592,0.7120361328125,0.022794216871261597,1e-06,0.835363507270813,0.9912884831428528,0.9893923997879028,0.99705970287323,0.9906448125839233,0.7010560631752014,0.028160108253359795,0.8416843414306641,0.9901831150054932,0.988290011882782,0.996696949005127
47,0.9918497204780579,0.7045971751213074,0.022679824382066727,1e-06,0.8360781073570251,0.9912945032119751,0.9894497990608215,0.9970661997795105,0.9906027913093567,0.7008442878723145,0.028409482911229134,0.8453633189201355,0.990154504776001,0.9882580041885376,0.9966861605644226
48,0.9919565916061401,0.703462541103363,0.022564055398106575,1e-06,0.8406238555908203,0.9913460612297058,0.989560604095459,0.9970808625221252,0.9906336069107056,0.7021846771240234,0.0282477755099535,0.8403691649436951,0.9901444911956787,0.9883153438568115,0.996684193611145
49,0.9917737245559692,0.7124873399734497,0.023005276918411255,1e-06,0.8354165554046631,0.9911373257637024,0.9893541932106018,0.9970123767852783,0.9906349778175354,0.7011675834655762,0.028249338269233704,0.8425827026367188,0.9901787638664246,0.9882909655570984,0.9966939091682434
50,0.9917984008789062,0.7102188467979431,0.023146487772464752,1e-06,0.8364864587783813,0.9911908507347107,0.9893689155578613,0.9970303177833557,0.9906328916549683,0.7010325193405151,0.02817884273827076,0.8396930694580078,0.9901697635650635,0.9882678389549255,0.9966916441917419
51,0.9916839003562927,0.7014772891998291,0.02348022535443306,1e-06,0.8372797966003418,0.9911288022994995,0.9892244935035706,0.9970072507858276,0.9906443953514099,0.7012003064155579,0.028113501146435738,0.8407764434814453,0.990206241607666,0.988295316696167,0.9967041015625
52,0.9914648532867432,0.6991946697235107,0.02373955398797989,1e-06,0.8344836831092834,0.9910305738449097,0.9889938831329346,0.9969748258590698,0.9906612038612366,0.7010524868965149,0.028086235746741295,0.8419166803359985,0.9902177453041077,0.9882925152778625,0.9967087507247925
53,0.9916543960571289,0.7134827971458435,0.023374805226922035,1e-06,0.8358555436134338,0.9910618662834167,0.9891664981842041,0.9969840049743652,0.99066162109375,0.7010971307754517,0.028151100501418114,0.842552900314331,0.9902201294898987,0.9882991313934326,0.9967077374458313
54,0.9918755888938904,0.7092512845993042,0.022764701396226883,1e-06,0.832855224609375,0.9913092851638794,0.9893830418586731,0.9970654249191284,0.9906590580940247,0.7019936442375183,0.02823992259800434,0.8439186215400696,0.9901991486549377,0.9883373975753784,0.996701180934906
55,0.9917224049568176,0.6979867219924927,0.023186679929494858,1e-06,0.8362812399864197,0.9911674857139587,0.9893665909767151,0.9970263242721558,0.9906481504440308,0.7006835341453552,0.0281771682202816,0.8419856429100037,0.9902229309082031,0.9882784485816956,0.9967089891433716
56,0.9917855262756348,0.710323691368103,0.02307610772550106,1e-06,0.834850013256073,0.9911978840827942,0.9893669486045837,0.9970349669456482,0.9906738996505737,0.7029315829277039,0.028171436861157417,0.8410576581954956,0.9901852011680603,0.9883560538291931,0.9966973662376404
57,0.991792619228363,0.7230792045593262,0.02320386841893196,1e-06,0.8329848647117615,0.9911646842956543,0.9892783761024475,0.9970203638076782,0.9906772971153259,0.7024036645889282,0.028172938153147697,0.8406074047088623,0.9902182817459106,0.9883505702018738,0.9967085123062134
58,0.9917396903038025,0.7193000316619873,0.023162228986620903,1e-06,0.8326123356819153,0.9910889863967896,0.9892690181732178,0.9969953298568726,0.9906916618347168,0.7030423879623413,0.02812362276017666,0.8423669338226318,0.9902064204216003,0.9883754253387451,0.9967063665390015
59,0.9916115403175354,0.7153920531272888,0.02353118732571602,1e-06,0.8346553444862366,0.9910025596618652,0.9891388416290283,0.9969660639762878,0.9906959533691406,0.7027114629745483,0.028110148385167122,0.8431103825569153,0.9902280569076538,0.9883686304092407,0.9967119693756104
60,0.9916023015975952,0.7139476537704468,0.02349337562918663,1e-06,0.8359508514404297,0.9910064935684204,0.989154577255249,0.9969674944877625,0.9906747341156006,0.7015494108200073,0.028030842542648315,0.8393018245697021,0.9902114868164062,0.9883024096488953,0.9967067241668701
61,0.9914401173591614,0.7100927829742432,0.023923464119434357,1e-06,0.8336924910545349,0.9909193515777588,0.9889780282974243,0.9969356060028076,0.9906712770462036,0.7017475962638855,0.02812378853559494,0.8399291038513184,0.9902027249336243,0.9883282780647278,0.9967027306556702
62,0.9918973445892334,0.7062641978263855,0.022646818310022354,1e-06,0.8357605934143066,0.9913324117660522,0.9894310832023621,0.9970749020576477,0.9906927943229675,0.7031415700912476,0.028176063671708107,0.8434645533561707,0.9902178645133972,0.9883863925933838,0.9967089891433716
63,0.9921720623970032,0.710216224193573,0.022023553028702736,1e-06,0.8377825021743774,0.99150151014328,0.9897842407226562,0.9971327781677246,0.9907092452049255,0.7038868069648743,0.028091872110962868,0.8444234132766724,0.99021977186203,0.9884068965911865,0.9967105388641357
64,0.9916245937347412,0.7181460857391357,0.023652013391256332,1e-06,0.8357012271881104,0.9910190105438232,0.9891858100891113,0.9969699382781982,0.9907222986221313,0.702142059803009,0.027918770909309387,0.8393598794937134,0.990247905254364,0.9883646368980408,0.9967166781425476
65,0.991957426071167,0.7199901342391968,0.022601217031478882,1e-06,0.8340388536453247,0.9912983775138855,0.9895248413085938,0.9970640540122986,0.9906591176986694,0.7010622024536133,0.028052639216184616,0.8403151631355286,0.9902393221855164,0.9882791638374329,0.9967161417007446
66,0.9918474555015564,0.717500627040863,0.022776052355766296,1e-06,0.8349145650863647,0.9912102222442627,0.989421546459198,0.9970358610153198,0.9907076358795166,0.7035095691680908,0.028124822303652763,0.8456259965896606,0.9902375936508179,0.9883830547332764,0.9967148900032043
67,0.9920405745506287,0.7222040891647339,0.022441666573286057,1e-06,0.8385868072509766,0.9913312196731567,0.9896531105041504,0.9970787763595581,0.9907195568084717,0.7037181258201599,0.028127742931246758,0.8439373970031738,0.9902365207672119,0.9884067177772522,0.9967142939567566
68,0.9919003248214722,0.7096480131149292,0.02278829924762249,1e-06,0.8369330167770386,0.9913288354873657,0.9894844889640808,0.9970766305923462,0.9907124638557434,0.7034673690795898,0.028130007907748222,0.8444889187812805,0.9902516007423401,0.9883924126625061,0.9967173933982849
69,0.9915880560874939,0.7107305526733398,0.0235262680798769,1e-06,0.8339316844940186,0.9910233020782471,0.9892029762268066,0.9969726800918579,0.9906795024871826,0.7009351849555969,0.027998443692922592,0.8395052552223206,0.9902600049972534,0.9882831573486328,0.9967203736305237
70,0.9917852282524109,0.7149074673652649,0.023087114095687866,1e-06,0.8311216831207275,0.9910764694213867,0.989308774471283,0.9969906806945801,0.9907258152961731,0.7026806473731995,0.027946967631578445,0.8385534286499023,0.9902348518371582,0.9883805513381958,0.996714174747467
71,0.9911352396011353,0.6994451284408569,0.024457832798361778,1e-06,0.8331946134567261,0.9906247854232788,0.9886321425437927,0.9968397617340088,0.9907232522964478,0.7025068998336792,0.027863288298249245,0.8389705419540405,0.9902347922325134,0.9883654713630676,0.9967129230499268
72,0.9920343160629272,0.7103263139724731,0.022344041615724564,1e-06,0.8367514610290527,0.9914112091064453,0.9896095395088196,0.9971016049385071,0.9907495975494385,0.7048905491828918,0.02810259349644184,0.8442180156707764,0.9902250170707703,0.9884752035140991,0.9967129230499268
73,0.9923141598701477,0.7135530114173889,0.021689362823963165,1e-06,0.8397636413574219,0.9916234612464905,0.9899325966835022,0.9971726536750793,0.9907454252243042,0.7038918137550354,0.027997879311442375,0.8432313203811646,0.9902458786964417,0.988436222076416,0.9967197179794312
74,0.9919299483299255,0.7158842086791992,0.02243177779018879,1e-06,0.8368372917175293,0.9912628531455994,0.9895026087760925,0.9970563054084778,0.9907457828521729,0.7046805024147034,0.02804119512438774,0.8428497314453125,0.9902336001396179,0.9884454011917114,0.9967156052589417
75,0.9918085932731628,0.7140307426452637,0.02290922775864601,1e-06,0.8360486626625061,0.9912311434745789,0.98934406042099,0.9970440864562988,0.990715742111206,0.7043154239654541,0.02809188701212406,0.8432458639144897,0.9902247786521912,0.9884091019630432,0.9967113733291626
76,0.99209064245224,0.7103449106216431,0.022300755605101585,1e-06,0.8389185667037964,0.9914887547492981,0.9896842837333679,0.9971256256103516,0.9907041192054749,0.7039237022399902,0.028185654431581497,0.8488876819610596,0.9902396202087402,0.9884092211723328,0.9967182278633118
77,0.9918581247329712,0.7137622833251953,0.02283487841486931,1e-06,0.8385142683982849,0.9912799000740051,0.9894258379936218,0.9970626831054688,0.990683376789093,0.7044188976287842,0.02836139127612114,0.8477368950843811,0.9902017712593079,0.9884045720100403,0.996703565120697
78,0.9916998744010925,0.7110574841499329,0.022994475439190865,1e-06,0.8374073505401611,0.9910885691642761,0.9892916083335876,0.9969999194145203,0.9907212257385254,0.7023201584815979,0.027962997555732727,0.8437902331352234,0.9902750253677368,0.9883362054824829,0.9967262148857117
79,0.9922443628311157,0.7141955494880676,0.021945862099528313,1e-06,0.8391504287719727,0.9916149973869324,0.9898293018341064,0.9971715807914734,0.9907286167144775,0.7050244808197021,0.02801373042166233,0.8431858420372009,0.9902284145355225,0.9884329438209534,0.996714174747467
80,0.9920281171798706,0.7097927927970886,0.022441264241933823,1e-06,0.8404092192649841,0.9914003014564514,0.98968106508255,0.9970979690551758,0.9907798767089844,0.7043710350990295,0.027847906574606895,0.8394086360931396,0.9902734756469727,0.9884527325630188,0.9967297911643982
81,0.9920861124992371,0.7165706753730774,0.02214750461280346,1e-06,0.8339184522628784,0.9913687705993652,0.9896917939186096,0.9970871210098267,0.9907506108283997,0.7067567706108093,0.02808789163827896,0.8417038917541504,0.990216851234436,0.9884913563728333,0.9967120289802551
82,0.9918425679206848,0.7119790315628052,0.022703463211655617,1e-06,0.8364652395248413,0.9912586212158203,0.9895024299621582,0.9970545172691345,0.9907488822937012,0.7040167450904846,0.027970250695943832,0.8436805009841919,0.9902762770652771,0.988415539264679,0.9967287182807922
83,0.9919482469558716,0.7122336626052856,0.022522956132888794,1e-06,0.8356233239173889,0.9913625717163086,0.9894696474075317,0.9970822334289551,0.9907518029212952,0.7049323916435242,0.02803080901503563,0.8428651094436646,0.9902427196502686,0.9884501695632935,0.996717631816864
84,0.9919202327728271,0.7108147144317627,0.02272007055580616,1e-06,0.8341667652130127,0.9913105964660645,0.989517331123352,0.9970677495002747,0.9907588362693787,0.7055768370628357,0.02800113707780838,0.8429030776023865,0.9902471899986267,0.9884681701660156,0.9967214465141296
85,0.9917715787887573,0.7125157117843628,0.022923538461327553,1e-06,0.8363940715789795,0.9911295771598816,0.9893676042556763,0.9970130324363708,0.9907743334770203,0.7049005627632141,0.02791421301662922,0.843294620513916,0.9902671575546265,0.9884687066078186,0.9967264533042908
86,0.9917734861373901,0.710013210773468,0.023152733221650124,1e-06,0.8369039297103882,0.9911799430847168,0.9893941283226013,0.9970276355743408,0.9907569289207458,0.7034070491790771,0.027822183445096016,0.8403277397155762,0.9902756810188293,0.9884008765220642,0.996728241443634
87,0.9921402335166931,0.7157551646232605,0.022087007761001587,1e-06,0.8396061658859253,0.9914918541908264,0.9897341728210449,0.9971321225166321,0.9907663464546204,0.7046166658401489,0.027851488441228867,0.842842161655426,0.9902610182762146,0.9884688258171082,0.9967221617698669
88,0.9920159578323364,0.7158951163291931,0.022459741681814194,1e-06,0.8364881277084351,0.9914153814315796,0.9895966649055481,0.997105062007904,0.9907360672950745,0.7032231092453003,0.0280027873814106,0.8467127084732056,0.9902777671813965,0.9884033203125,0.9967267513275146
89,0.9919812083244324,0.7321011424064636,0.02232213132083416,1e-06,0.8400877714157104,0.9912634491920471,0.9895246624946594,0.9970538020133972,0.9907805919647217,0.7071753144264221,0.02807200886309147,0.8483965992927551,0.9902404546737671,0.9885436296463013,0.9967185258865356
90,0.9916351437568665,0.7130119800567627,0.02338341251015663,1e-06,0.8396247625350952,0.9909812211990356,0.9892140030860901,0.9969611763954163,0.9907442927360535,0.7038145661354065,0.02796873264014721,0.8456382751464844,0.9902717471122742,0.9884082078933716,0.9967271089553833
91,0.9921488761901855,0.7126578092575073,0.021897433325648308,1e-06,0.8412367105484009,0.991481363773346,0.9897735714912415,0.9971289038658142,0.9907553195953369,0.7054288387298584,0.02803604118525982,0.8455034494400024,0.9902448654174805,0.9884659051895142,0.9967169761657715
92,0.9919443130493164,0.714972734451294,0.022329462692141533,1e-06,0.8396762609481812,0.9913171529769897,0.9894993901252747,0.9970709085464478,0.9907729625701904,0.7069429159164429,0.028072476387023926,0.8501802682876587,0.990245521068573,0.9885237216949463,0.9967212080955505
93,0.9922417402267456,0.719954788684845,0.021778173744678497,1e-06,0.841296911239624,0.9915270209312439,0.9898393154144287,0.9971440434455872,0.9907588958740234,0.7063899636268616,0.028066445142030716,0.8497350811958313,0.9902439713478088,0.9884986281394958,0.9967209696769714
94,0.9921445846557617,0.7132887244224548,0.021856317296624184,1e-06,0.8428260087966919,0.9915139079093933,0.9897833466529846,0.9971407651901245,0.9907592535018921,0.7073261737823486,0.02812092751264572,0.8495972156524658,0.9902521967887878,0.9885072708129883,0.9967224597930908
95,0.9923915266990662,0.7190921306610107,0.021246517077088356,1e-06,0.8441392183303833,0.9916567802429199,0.9900646805763245,0.9971874952316284,0.9907790422439575,0.7084581255912781,0.02813337743282318,0.8478267192840576,0.9902340769767761,0.9885461330413818,0.9967164397239685
96,0.9920461773872375,0.7128866314888,0.02216939628124237,1e-06,0.8420698046684265,0.9913837313652039,0.9897070527076721,0.9970985054969788,0.9907673001289368,0.7068565487861633,0.028110722079873085,0.8447214365005493,0.9902393817901611,0.9885014295578003,0.9967159628868103
97,0.9921082258224487,0.7212347984313965,0.022048141807317734,1e-06,0.8392902612686157,0.9914655685424805,0.9896907210350037,0.9971195459365845,0.990775465965271,0.7077017426490784,0.028105705976486206,0.8469864130020142,0.9902481436729431,0.988519012928009,0.9967197179794312
98,0.9923983812332153,0.7109286785125732,0.02121899276971817,1e-06,0.8401574492454529,0.9917601346969604,0.9900593161582947,0.9972171783447266,0.9907798171043396,0.7083892822265625,0.028218524530529976,0.8471024036407471,0.9902307391166687,0.9885464906692505,0.9967155456542969
99,0.9921914339065552,0.7316297292709351,0.02176446095108986,1e-06,0.8403043746948242,0.991451621055603,0.9898163080215454,0.9971160292625427,0.9907710552215576,0.7071697115898132,0.028088504448533058,0.8466055989265442,0.9902469515800476,0.9885038733482361,0.9967190623283386
100,0.9919344782829285,0.7184533476829529,0.022560516372323036,1e-06,0.8396624326705933,0.9912726283073425,0.989486813545227,0.9970524311065674,0.9907814860343933,0.7075698375701904,0.02817320078611374,0.847427248954773,0.9902421832084656,0.9885224103927612,0.9967181086540222
101,0.9920637607574463,0.7127602100372314,0.02215193212032318,1e-06,0.837343692779541,0.9914088845252991,0.9896540641784668,0.9971004724502563,0.9908019304275513,0.706742525100708,0.027915524318814278,0.8449604511260986,0.9902699589729309,0.9885149002075195,0.9967307448387146
102,0.9921954870223999,0.718233048915863,0.022006919607520103,1e-06,0.8376320600509644,0.9914663434028625,0.9898540377616882,0.9971233010292053,0.9908176064491272,0.7070239186286926,0.02786816656589508,0.8427184820175171,0.9902774095535278,0.9885475635528564,0.9967294335365295
103,0.9923886060714722,0.7155172228813171,0.021264852955937386,1e-06,0.8387656211853027,0.991719663143158,0.9900651574134827,0.9972058534622192,0.9908161759376526,0.7090595364570618,0.028121765702962875,0.8472830057144165,0.9902500510215759,0.9885916113853455,0.9967220425605774
104,0.992311418056488,0.7236453294754028,0.021494967862963676,1e-06,0.843279242515564,0.9916366934776306,0.9899329543113708,0.9971784949302673,0.9908085465431213,0.7084375619888306,0.02813560888171196,0.8475379943847656,0.9902512431144714,0.9885804653167725,0.9967206120491028
105,0.9921212792396545,0.7186804413795471,0.021965978667140007,1e-06,0.8364982008934021,0.9913944005966187,0.989740788936615,0.9971024990081787,0.9908077716827393,0.7100360989570618,0.028129534795880318,0.845190703868866,0.9902288913726807,0.9886078834533691,0.9967173933982849
106,0.9922419786453247,0.7264765501022339,0.02175188809633255,1e-06,0.8368288278579712,0.9915333986282349,0.9898754954338074,0.9971452355384827,0.9907922744750977,0.7087748050689697,0.028129851445555687,0.8461631536483765,0.990243136882782,0.988587498664856,0.9967206120491028
107,0.9922121167182922,0.7154271602630615,0.02147568203508854,1e-06,0.8396938443183899,0.9915429949760437,0.9899172782897949,0.9971486330032349,0.9908268451690674,0.7090170383453369,0.02791069820523262,0.8450722694396973,0.9902699589729309,0.988592267036438,0.9967275857925415
108,0.9921829104423523,0.7127654552459717,0.02160237915813923,1e-06,0.8412573337554932,0.9915869832038879,0.9898615479469299,0.9971703886985779,0.9908122420310974,0.7071004509925842,0.027903398498892784,0.8468586206436157,0.9902863502502441,0.9885244965553284,0.9967353343963623
109,0.992273211479187,0.7254021763801575,0.021693676710128784,1e-06,0.8410806059837341,0.9915693998336792,0.9899211525917053,0.9971581101417542,0.9907985329627991,0.7068983316421509,0.02785477787256241,0.8453327417373657,0.9902955293655396,0.988499641418457,0.9967367649078369
110,0.9921962022781372,0.714384913444519,0.021864905953407288,1e-06,0.8410193920135498,0.9915313124656677,0.9898144006729126,0.9971433281898499,0.9907739758491516,0.7049462795257568,0.027869995683431625,0.846314549446106,0.9903198480606079,0.9884353876113892,0.996740460395813
111,0.9921956062316895,0.7198517918586731,0.021910466253757477,1e-06,0.837569534778595,0.991481602191925,0.9898012280464172,0.9971288442611694,0.9907985925674438,0.7083855271339417,0.027918942272663116,0.8454328775405884,0.990265965461731,0.9885274767875671,0.9967292547225952
112,0.9923272132873535,0.7100851535797119,0.021382993087172508,1e-06,0.8435702323913574,0.9915803670883179,0.9899898171424866,0.9971616268157959,0.9908173680305481,0.707761287689209,0.02789316512644291,0.8494542837142944,0.9902921915054321,0.9885475635528564,0.9967358112335205
113,0.9917927384376526,0.710992693901062,0.022751344367861748,1e-06,0.8436069488525391,0.9911870360374451,0.9893929958343506,0.9970288872718811,0.9908155798912048,0.7069914937019348,0.02790294587612152,0.8467471599578857,0.9902865290641785,0.9885255694389343,0.9967336058616638
114,0.9923067092895508,0.7144463658332825,0.021601224318146706,1e-06,0.8413101434707642,0.9915967583656311,0.9899566173553467,0.9971668720245361,0.9908224940299988,0.7080078125,0.027927184477448463,0.8475377559661865,0.9902908205986023,0.9885528087615967,0.9967377185821533
115,0.9925485253334045,0.724509060382843,0.020968899130821228,1e-06,0.8449916243553162,0.9917987585067749,0.9902428388595581,0.997235894203186,0.990830659866333,0.7087558507919312,0.027993345633149147,0.8495668172836304,0.9902876019477844,0.9885770678520203,0.9967357516288757
116,0.9924098253250122,0.7224428653717041,0.021098170429468155,1e-06,0.8441911935806274,0.991728663444519,0.9900733828544617,0.997207760810852,0.9908063411712646,0.7098115086555481,0.028151467442512512,0.8526742458343506,0.9902641177177429,0.9885836839675903,0.996725857257843
117,0.9923439025878906,0.7257190942764282,0.02133210375905037,1e-06,0.843774139881134,0.9916336536407471,0.9900022149085999,0.9971762895584106,0.9908179044723511,0.7092744708061218,0.027944397181272507,0.8497252464294434,0.990258514881134,0.9885660409927368,0.9967256188392639
118,0.9921180009841919,0.7167665958404541,0.02181728556752205,1e-06,0.8428901433944702,0.9914233684539795,0.9897928237915039,0.9971087574958801,0.9908282160758972,0.7082987427711487,0.02799246646463871,0.8499000072479248,0.9902750849723816,0.9885560870170593,0.9967299699783325
119,0.992264449596405,0.7208965420722961,0.021806836128234863,1e-06,0.842498779296875,0.9915149211883545,0.9899025559425354,0.9971379041671753,0.9908373355865479,0.7074362635612488,0.02792823128402233,0.8488136529922485,0.990317702293396,0.9885532855987549,0.9967436194419861
120,0.9920538067817688,0.7212818264961243,0.022046057507395744,1e-06,0.8413306474685669,0.9913768768310547,0.9896538257598877,0.9970945119857788,0.9908350110054016,0.7082101702690125,0.02803853526711464,0.8501149415969849,0.9902889728546143,0.9885759949684143,0.9967355132102966
121,0.992075502872467,0.7192007899284363,0.02197081781923771,1e-06,0.8422302007675171,0.9913171529769897,0.9896931648254395,0.9970771074295044,0.9908515214920044,0.7078482508659363,0.0278621893376112,0.8479273319244385,0.990300178527832,0.9885704517364502,0.9967382550239563
122,0.9923838973045349,0.7253261208534241,0.021204255521297455,1e-06,0.8434020280838013,0.9915961623191833,0.9900736212730408,0.9971691370010376,0.99085932970047,0.7101791501045227,0.027930423617362976,0.8462165594100952,0.9902672171592712,0.9886280298233032,0.9967281222343445
123,0.9924882054328918,0.7239368557929993,0.02090771310031414,1e-06,0.8443734049797058,0.9917072057723999,0.9901823401451111,0.9972041845321655,0.9908716678619385,0.7103801965713501,0.02796325460076332,0.8500505685806274,0.9902961850166321,0.9886425733566284,0.9967373609542847
124,0.9924303293228149,0.7230867147445679,0.0211385115981102,1e-06,0.8467104434967041,0.9916623830795288,0.9901185631752014,0.9971930384635925,0.9908377528190613,0.7096250653266907,0.028068866580724716,0.8501133918762207,0.9902671575546265,0.9885982275009155,0.9967288970947266
125,0.9923439025878906,0.7186443209648132,0.021418284624814987,1e-06,0.8433388471603394,0.9916847348213196,0.9900200366973877,0.9971994161605835,0.9908544421195984,0.7097247838973999,0.028044091537594795,0.8503418564796448,0.9902954697608948,0.9886151552200317,0.9967378377914429
126,0.9923498630523682,0.7185809016227722,0.021385645493865013,1e-06,0.8439169526100159,0.9916526079177856,0.9899957180023193,0.9971853494644165,0.9908603429794312,0.7089850902557373,0.027911679819226265,0.8487356901168823,0.990306556224823,0.9885990023612976,0.9967411160469055
127,0.992435097694397,0.7284977436065674,0.021158715710043907,1e-06,0.8429505825042725,0.991711437702179,0.9900587797164917,0.9972012042999268,0.9908678531646729,0.7088594436645508,0.027922486886382103,0.8502095937728882,0.9903068542480469,0.9886161684989929,0.9967411160469055
128,0.9924094080924988,0.7235236763954163,0.021372441202402115,1e-06,0.8432941436767578,0.9917298555374146,0.9900674819946289,0.997212290763855,0.9908519983291626,0.7078695893287659,0.027772413566708565,0.8484377861022949,0.9903206825256348,0.9885770082473755,0.9967467188835144
129,0.9926841855049133,0.7278290390968323,0.020428810268640518,1e-06,0.8446176052093506,0.9919043779373169,0.9904487133026123,0.9972708225250244,0.990887463092804,0.7115675806999207,0.027979573234915733,0.8517248630523682,0.9903038144111633,0.9886918663978577,0.9967421293258667
130,0.9924570322036743,0.7192999124526978,0.02102896012365818,1e-06,0.8422539830207825,0.9917062520980835,0.9901220798492432,0.9972036480903625,0.9908667802810669,0.7116908431053162,0.028026612475514412,0.8508725166320801,0.9902748465538025,0.9886634945869446,0.9967323541641235
131,0.9925059080123901,0.7254542708396912,0.02093813754618168,1e-06,0.8457095623016357,0.9917491674423218,0.9901416897773743,0.9972165822982788,0.9908381104469299,0.7109695076942444,0.028162483125925064,0.8529931306838989,0.9902784824371338,0.9886378049850464,0.9967325925827026
132,0.9924757480621338,0.7203285694122314,0.020868031308054924,1e-06,0.8455846309661865,0.991769015789032,0.9902053475379944,0.9972221851348877,0.9908354878425598,0.7106893658638,0.028187831863760948,0.8544273376464844,0.9902696013450623,0.988629162311554,0.9967288970947266
133,0.9923264980316162,0.7241445779800415,0.02138189785182476,1e-06,0.8438827991485596,0.9916075468063354,0.9899821877479553,0.9971691370010376,0.9908743500709534,0.7103196382522583,0.027785178273916245,0.8483151793479919,0.9902815818786621,0.9886381030082703,0.9967337846755981
134,0.9922741055488586,0.7209465503692627,0.021555550396442413,1e-06,0.8432861566543579,0.9916035532951355,0.9899113774299622,0.9971657991409302,0.990896463394165,0.7114424109458923,0.028016449883580208,0.8507095575332642,0.9902987480163574,0.9886977076530457,0.9967399835586548
135,0.9925839900970459,0.7251796126365662,0.020700950175523758,1e-06,0.8467851877212524,0.9918078184127808,0.99031001329422,0.9972401857376099,0.9908781051635742,0.7102262377738953,0.02787848562002182,0.8500745296478271,0.9902969002723694,0.9886415600776672,0.9967387914657593
136,0.9923538565635681,0.7234732508659363,0.02117334119975567,1e-06,0.8436811566352844,0.9916480779647827,0.9899188876152039,0.9971840381622314,0.9908490180969238,0.711541473865509,0.028210792690515518,0.8539020419120789,0.9902656078338623,0.9886682033538818,0.9967283606529236
137,0.9922928214073181,0.7264813780784607,0.021406741812825203,1e-06,0.8458452224731445,0.991547703742981,0.9899463653564453,0.9971504211425781,0.9908275008201599,0.7099978923797607,0.02821713127195835,0.8521600961685181,0.9902527928352356,0.988612174987793,0.9967235326766968
138,0.9923079609870911,0.7298316359519958,0.021364444866776466,1e-06,0.8426276445388794,0.9915557503700256,0.9899188876152039,0.9971523284912109,0.9908667802810669,0.7112313508987427,0.028123198077082634,0.8508386015892029,0.9902846813201904,0.9886477589607239,0.996733546257019
139,0.9922153353691101,0.7282886505126953,0.02163231372833252,1e-06,0.8391231894493103,0.991461455821991,0.9898372888565063,0.9971222281455994,0.9909031391143799,0.7106633186340332,0.027914099395275116,0.8469473123550415,0.9903180003166199,0.9886617660522461,0.9967448115348816
140,0.9927491545677185,0.7344653606414795,0.020471176132559776,1e-06,0.8407993316650391,0.9919241666793823,0.9904099702835083,0.9972733855247498,0.9909005761146545,0.7111311554908752,0.02797265164554119,0.8499404191970825,0.9903090000152588,0.9886732697486877,0.9967424869537354
141,0.992363452911377,0.7208273410797119,0.021577296778559685,1e-06,0.8414289951324463,0.991588830947876,0.9900222420692444,0.9971684813499451,0.9908758401870728,0.7110773921012878,0.028265945613384247,0.8516823053359985,0.9902756810188293,0.9886671900749207,0.996730387210846
142,0.9924827218055725,0.7239197492599487,0.020989641547203064,1e-06,0.845307469367981,0.9917400479316711,0.9901536107063293,0.9972158670425415,0.9908739924430847,0.7105401754379272,0.028199562802910805,0.8512457013130188,0.9902910590171814,0.988649845123291,0.9967364072799683
143,0.992586612701416,0.720681369304657,0.020748676732182503,1e-06,0.8456412553787231,0.9918138980865479,0.990260124206543,0.9972421526908875,0.9908854961395264,0.7106145024299622,0.02793043665587902,0.8485579490661621,0.9903007745742798,0.9886574149131775,0.9967397451400757
144,0.9923403263092041,0.7291973233222961,0.02128867246210575,1e-06,0.8435152173042297,0.9915757775306702,0.9899927973747253,0.9971609115600586,0.990868091583252,0.7091988325119019,0.027894634753465652,0.8504527807235718,0.9903134703636169,0.988597571849823,0.9967434406280518
145,0.9922845959663391,0.7213891744613647,0.021561382338404655,1e-06,0.845943808555603,0.991544783115387,0.9899101853370667,0.9971494674682617,0.9908625483512878,0.7111274600028992,0.02822289429605007,0.8527029752731323,0.9902764558792114,0.9886630773544312,0.9967321157455444
146,0.9925298690795898,0.7319040894508362,0.02072465419769287,1e-06,0.8460437655448914,0.9917449355125427,0.9901743531227112,0.9972178936004639,0.9908784627914429,0.7137906551361084,0.02810794673860073,0.8523856401443481,0.9902558922767639,0.9887207746505737,0.9967295527458191
147,0.9923087954521179,0.721290111541748,0.02127740904688835,1e-06,0.8464112281799316,0.9915351271629333,0.9900078773498535,0.997147262096405,0.9908720850944519,0.7118760943412781,0.028125863522291183,0.8514789342880249,0.9902805089950562,0.9886699914932251,0.9967341423034668
148,0.9923607110977173,0.7284895777702332,0.021389514207839966,1e-06,0.8408156633377075,0.9915911555290222,0.9900164008140564,0.9971612095832825,0.9908697009086609,0.7102517485618591,0.0280879195779562,0.8495656847953796,0.9903051853179932,0.9886266589164734,0.9967436194419861
149,0.9922734498977661,0.7300271391868591,0.021571103483438492,1e-06,0.8426523208618164,0.9915127158164978,0.9898813962936401,0.9971359372138977,0.9909073710441589,0.7109414339065552,0.02788521908223629,0.8458395600318909,0.990328848361969,0.988673985004425,0.9967501759529114
150,0.9924220442771912,0.7269056439399719,0.021255746483802795,1e-06,0.8378302454948425,0.991654634475708,0.9901034235954285,0.997183620929718,0.9909060001373291,0.710813045501709,0.027904631569981575,0.8443006277084351,0.9903223514556885,0.9886635541915894,0.9967475533485413
151,0.9924585223197937,0.7278156876564026,0.021235652267932892,1e-06,0.839393138885498,0.991696298122406,0.9900979995727539,0.9972043633460999,0.9909054040908813,0.7118866443634033,0.028085509315133095,0.8482997417449951,0.9902955293655396,0.9886926412582397,0.9967398643493652
152,0.9926523566246033,0.7324038743972778,0.02081081084907055,1e-06,0.839537501335144,0.9918196201324463,0.99029940366745,0.9972397089004517,0.9909088015556335,0.711078941822052,0.027952326461672783,0.8464811444282532,0.9903237223625183,0.9886782765388489,0.9967477321624756
153,0.992435097694397,0.7255887389183044,0.021084586158394814,1e-06,0.8404532074928284,0.9916921257972717,0.9901149868965149,0.9972034692764282,0.9909061193466187,0.7105916142463684,0.027793923392891884,0.8451958894729614,0.9903261065483093,0.9886670112609863,0.9967498779296875
154,0.9924864768981934,0.7173054814338684,0.021071821451187134,1e-06,0.8399779796600342,0.9917458295822144,0.9902116060256958,0.9972165822982788,0.9908871650695801,0.7097974419593811,0.027917061001062393,0.8472574949264526,0.9903203845024109,0.9886545538902283,0.9967479705810547
155,0.9924054741859436,0.7216811776161194,0.021328292787075043,1e-06,0.8400059938430786,0.9916473031044006,0.99007648229599,0.9971832633018494,0.9908987283706665,0.7101318836212158,0.027883851900696754,0.8472022414207458,0.9903232455253601,0.9886537790298462,0.9967479109764099
156,0.9925004839897156,0.7179955244064331,0.02108726091682911,1e-06,0.8406139612197876,0.9917247891426086,0.990188717842102,0.9972087740898132,0.9908950328826904,0.7106505036354065,0.02792571857571602,0.8479418754577637,0.9903097748756409,0.9886680841445923,0.9967442154884338
157,0.9927311539649963,0.7242796421051025,0.020388303324580193,1e-06,0.845953106880188,0.9919183850288391,0.9904645681381226,0.9972756505012512,0.9909408092498779,0.7136428952217102,0.0279683917760849,0.8489771485328674,0.9903185367584229,0.9887641668319702,0.9967491626739502
158,0.9924225807189941,0.7289720773696899,0.02130388654768467,1e-06,0.8405328392982483,0.991653323173523,0.9900690317153931,0.9971851110458374,0.9909167885780334,0.711004912853241,0.027785183861851692,0.8457118272781372,0.9903292059898376,0.9886824488639832,0.9967507719993591
159,0.9923230409622192,0.7321674227714539,0.02122623659670353,1e-06,0.8408708572387695,0.9915461540222168,0.9899284839630127,0.9971495270729065,0.9909380078315735,0.7128652334213257,0.027981333434581757,0.8499912023544312,0.9903167486190796,0.988740861415863,0.9967471957206726
160,0.9924855828285217,0.728283703327179,0.02115943655371666,1e-06,0.8419188857078552,0.9916714429855347,0.9901255369186401,0.9971923828125,0.9909183382987976,0.7124115824699402,0.02793240174651146,0.8506909608840942,0.9903119802474976,0.9887323975563049,0.9967465400695801
161,0.9924604892730713,0.7200514078140259,0.021122513338923454,1e-06,0.8427209854125977,0.991675853729248,0.9901817440986633,0.9971963763237,0.9908851385116577,0.7122883200645447,0.028139956295490265,0.8506720662117004,0.9902827739715576,0.9887120723724365,0.996735692024231
162,0.9924913644790649,0.7328206896781921,0.02090025506913662,1e-06,0.8425424098968506,0.9917090535163879,0.9901298880577087,0.997205376625061,0.9909212589263916,0.7129627466201782,0.028039364144206047,0.850860595703125,0.9903205037117004,0.9887497425079346,0.9967477321624756
163,0.9925031661987305,0.7285219430923462,0.020854011178016663,1e-06,0.8429064750671387,0.9917208552360535,0.990174412727356,0.9972071051597595,0.9909220933914185,0.7136638760566711,0.028034750372171402,0.8478221893310547,0.9902993440628052,0.9887598156929016,0.9967411160469055
164,0.9924306273460388,0.7298970818519592,0.021250233054161072,1e-06,0.8397517204284668,0.9916398525238037,0.9901099801063538,0.9971839189529419,0.9908854365348816,0.7133045196533203,0.02816510573029518,0.848228931427002,0.9902723431587219,0.988704264163971,0.9967330098152161
165,0.9924497604370117,0.7300261855125427,0.02102377638220787,1e-06,0.8417917490005493,0.991658091545105,0.9901494979858398,0.9971882104873657,0.9909164309501648,0.711265504360199,0.02788984216749668,0.8492354154586792,0.9903342127799988,0.9886908531188965,0.9967516660690308
166,0.9926210045814514,0.7301420569419861,0.020690839737653732,1e-06,0.8450785875320435,0.9918598532676697,0.9903132319450378,0.9972556233406067,0.9909117221832275,0.7128673195838928,0.02805030159652233,0.8476583957672119,0.990288496017456,0.9887198209762573,0.9967386722564697
167,0.992271900177002,0.7299829125404358,0.02141830511391163,1e-06,0.8414433002471924,0.9914671182632446,0.9899008274078369,0.9971264004707336,0.9909074306488037,0.711280345916748,0.027868211269378662,0.8478701710700989,0.9903290867805481,0.9886656403541565,0.9967472553253174
168,0.9924055933952332,0.7226898074150085,0.02106376923620701,1e-06,0.8435393571853638,0.991671085357666,0.9900877475738525,0.9971928000450134,0.9909438490867615,0.7129473090171814,0.028094904497265816,0.849526047706604,0.9903318881988525,0.9887471795082092,0.9967508912086487
169,0.9927275776863098,0.7326136231422424,0.020259493961930275,1e-06,0.8434408903121948,0.9918585419654846,0.9904216527938843,0.9972586035728455,0.990912675857544,0.7135407328605652,0.028052762150764465,0.8483678102493286,0.9902937412261963,0.9887153506278992,0.9967397451400757
170,0.9927756190299988,0.7217334508895874,0.020053043961524963,1e-06,0.8476830720901489,0.9919702410697937,0.9905202984809875,0.997294545173645,0.9908860921859741,0.7119710445404053,0.02803364396095276,0.8503299951553345,0.990289032459259,0.9886842966079712,0.9967373013496399
171,0.9924490451812744,0.72693932056427,0.02102246694266796,1e-06,0.8445243835449219,0.9916855692863464,0.9901024103164673,0.9971975088119507,0.9909212589263916,0.7122299075126648,0.02806573361158371,0.8507961630821228,0.9903141856193542,0.9887138605117798,0.9967430233955383
172,0.9926276803016663,0.730930745601654,0.020639793947339058,1e-06,0.8422591686248779,0.9918234348297119,0.9903077483177185,0.9972431659698486,0.9909339547157288,0.7128729820251465,0.028054382652044296,0.8484521508216858,0.9903090596199036,0.9887354969978333,0.9967448711395264
173,0.9927582740783691,0.7288684248924255,0.020527200773358345,1e-06,0.8408459424972534,0.9919065833091736,0.9904730319976807,0.9972712397575378,0.9909737706184387,0.7145506143569946,0.02795088104903698,0.8470818400382996,0.9903290867805481,0.9887905120849609,0.9967510104179382
174,0.9923936128616333,0.7254733443260193,0.02120635099709034,1e-06,0.8392612934112549,0.9916322827339172,0.990044355392456,0.9971767067909241,0.990959107875824,0.7134614586830139,0.02786020189523697,0.8460931777954102,0.9903346300125122,0.988777220249176,0.9967536330223083
175,0.9923738837242126,0.7267639636993408,0.02126576192677021,1e-06,0.8408420085906982,0.9915475845336914,0.9900583028793335,0.997154712677002,0.9909324645996094,0.7120963335037231,0.028035294264554977,0.8495230674743652,0.9903210997581482,0.9887073636054993,0.9967471957206726
176,0.992753267288208,0.7226179242134094,0.020296521484851837,1e-06,0.8436884880065918,0.9919226169586182,0.9904812574386597,0.9972804188728333,0.9909213781356812,0.7120054364204407,0.027869222685694695,0.8456666469573975,0.9903178811073303,0.9887105226516724,0.9967465400695801
177,0.9927101731300354,0.7289379239082336,0.020336652174592018,1e-06,0.8427773714065552,0.9919210076332092,0.9904338717460632,0.997275173664093,0.9909485578536987,0.7147965431213379,0.028261521831154823,0.8523730635643005,0.9903184771537781,0.988785982131958,0.9967480301856995
178,0.9923253655433655,0.7331255078315735,0.021473370492458344,1e-06,0.8416697978973389,0.991553544998169,0.990001916885376,0.9971544742584229,0.9909378290176392,0.7120708227157593,0.0279680248349905,0.847933292388916,0.9903357028961182,0.9887083768844604,0.9967522025108337
179,0.9924664497375488,0.7292839288711548,0.02101691998541355,1e-06,0.8423328399658203,0.99171382188797,0.9901259541511536,0.9972043037414551,0.9909473061561584,0.7128269076347351,0.027883391827344894,0.847360372543335,0.9903486967086792,0.9887324571609497,0.9967584609985352
180,0.9923712611198425,0.72828209400177,0.021461406722664833,1e-06,0.842085063457489,0.9915924668312073,0.990021824836731,0.9971618056297302,0.990943968296051,0.7111983895301819,0.02772962860763073,0.8453345894813538,0.9903734922409058,0.9886775612831116,0.9967649579048157
181,0.9924333691596985,0.7231101393699646,0.021266020834445953,1e-06,0.8405563831329346,0.9916773438453674,0.9900540113449097,0.9971944093704224,0.9909582138061523,0.713302493095398,0.027845259755849838,0.8458102345466614,0.9903483986854553,0.9887543320655823,0.9967566728591919
182,0.9925652742385864,0.7242864370346069,0.020869072526693344,1e-06,0.8410739898681641,0.9917820692062378,0.9902364611625671,0.9972272515296936,0.9909321665763855,0.7120990753173828,0.027868125587701797,0.8479231595993042,0.9903375506401062,0.9886991381645203,0.9967540502548218
183,0.9927597045898438,0.731714129447937,0.02022080309689045,1e-06,0.8459745645523071,0.9919162392616272,0.9904257655143738,0.9972763061523438,0.9909588098526001,0.7147834300994873,0.028139440342783928,0.8499632477760315,0.9903280735015869,0.988787055015564,0.9967500567436218
184,0.9925373196601868,0.7257812023162842,0.020777272060513496,1e-06,0.8438961505889893,0.9917210340499878,0.9902116656303406,0.9972094893455505,0.9909433126449585,0.7153017520904541,0.028138309717178345,0.8536224365234375,0.9903256297111511,0.9887996315956116,0.9967500567436218
185,0.9927557706832886,0.7313186526298523,0.020252183079719543,1e-06,0.8457173109054565,0.9919969439506531,0.990470826625824,0.9972989559173584,0.9909647703170776,0.7144324779510498,0.02791602723300457,0.8499066233634949,0.9903378486633301,0.9887806177139282,0.9967571496963501
186,0.9927722811698914,0.7310929894447327,0.02027212083339691,1e-06,0.8453483581542969,0.9919508099555969,0.9905121326446533,0.9972855448722839,0.9909775257110596,0.7144563794136047,0.0279025100171566,0.8488922715187073,0.9903343319892883,0.9887983202934265,0.9967545866966248
187,0.9924694895744324,0.7205767631530762,0.021099146455526352,1e-06,0.8432633876800537,0.9917097091674805,0.9901676177978516,0.9972073435783386,0.9909401535987854,0.7138979434967041,0.027984032407402992,0.8498481512069702,0.9903014302253723,0.9887673258781433,0.9967416524887085
188,0.9926145076751709,0.7310600876808167,0.020634615793824196,1e-06,0.8457510471343994,0.991786539554596,0.9902798533439636,0.997234582901001,0.9909659028053284,0.7139498591423035,0.028087705373764038,0.8519272804260254,0.9903246760368347,0.9887872338294983,0.9967522621154785
189,0.992619514465332,0.7289284467697144,0.020419076085090637,1e-06,0.8455435037612915,0.9918068647384644,0.9903284907341003,0.9972372651100159,0.990970253944397,0.7139587998390198,0.027943994849920273,0.8512094020843506,0.9903591871261597,0.9887796640396118,0.9967599511146545
190,0.9924088716506958,0.7326329350471497,0.021066466346383095,1e-06,0.8441253900527954,0.9915962219238281,0.9900493025779724,0.9971660375595093,0.9909776449203491,0.7150959372520447,0.02803157828748226,0.8538210391998291,0.9903407096862793,0.9888115525245667,0.9967541098594666
191,0.9927816390991211,0.7214013934135437,0.020262621343135834,1e-06,0.8442609906196594,0.9919771552085876,0.9905076622962952,0.9972978830337524,0.9910002946853638,0.7160067558288574,0.027935685589909554,0.8514418601989746,0.9903501868247986,0.9888219237327576,0.9967580437660217
192,0.992591142654419,0.7304261922836304,0.02073366753757,1e-06,0.8430328369140625,0.9918001890182495,0.9902673363685608,0.997234046459198,0.9909838438034058,0.7153144478797913,0.027982616797089577,0.8520650863647461,0.9903554320335388,0.9888198375701904,0.9967606663703918
193,0.992794394493103,0.724601686000824,0.020145375281572342,1e-06,0.8466104865074158,0.9919682145118713,0.9905341863632202,0.9972933530807495,0.9909602403640747,0.7147179841995239,0.02811928652226925,0.8528919816017151,0.9903311133384705,0.988796591758728,0.9967530965805054
194,0.9929662942886353,0.7373812198638916,0.01980672962963581,1e-06,0.8451391458511353,0.992053747177124,0.9906601309776306,0.997324526309967,0.9910117983818054,0.7194887399673462,0.028271188959479332,0.8536221981048584,0.9903318285942078,0.9889165163040161,0.9967545866966248
195,0.9924372434616089,0.7311539053916931,0.021196454763412476,1e-06,0.8452718257904053,0.9915919303894043,0.9901139140129089,0.997165858745575,0.9909658432006836,0.7148154973983765,0.028008054941892624,0.8520653247833252,0.9903560876846313,0.9887983202934265,0.9967597723007202
196,0.9926580190658569,0.7383618950843811,0.020531103014945984,1e-06,0.844357967376709,0.9917561411857605,0.9903252124786377,0.9972231984138489,0.9909886717796326,0.7191326022148132,0.028236065059900284,0.8508376479148865,0.9903082847595215,0.9889010190963745,0.9967489838600159
197,0.9928135871887207,0.7315748333930969,0.020062636584043503,1e-06,0.8445190787315369,0.9919230341911316,0.9905511736869812,0.9972796440124512,0.9909921288490295,0.7172061204910278,0.028216199949383736,0.8492281436920166,0.990325927734375,0.9888792634010315,0.9967515468597412
198,0.992621898651123,0.727046012878418,0.020695004612207413,1e-06,0.8456674218177795,0.9918482303619385,0.9903178811073303,0.9972524046897888,0.990972638130188,0.7139965295791626,0.028031259775161743,0.8507080078125,0.9903718829154968,0.988782525062561,0.9967663884162903
199,0.9925009608268738,0.7328799366950989,0.020945923402905464,1e-06,0.8409148454666138,0.9916696548461914,0.9901615381240845,0.9971936941146851,0.990983247756958,0.7153680324554443,0.028078924864530563,0.8512876629829407,0.9903524518013,0.9888188242912292,0.9967607259750366
