epoch,accuracy,dice_coef,loss,lr,mean_io_u_1,precision,sensitivity,specificity,val_accuracy,val_dice_coef,val_loss,val_mean_io_u_1,val_precision,val_sensitivity,val_specificity
0,0.9656511545181274,0.33158013224601746,0.1269664317369461,1e-04,0.765924334526062,0.9720682501792908,0.9496994018554688,0.9928731322288513,0.9746934771537781,0.38114672899246216,0.07426775991916656,0.8239824771881104,0.9850113391876221,0.9622710347175598,0.9947406649589539
1,0.9758497476577759,0.3961990773677826,0.07168562710285187,1e-04,0.8596078157424927,0.9863396286964417,0.9640612602233887,0.995171070098877,0.9790877103805542,0.41875898838043213,0.06491301953792572,0.901119589805603,0.9856558442115784,0.9695514440536499,0.9950031638145447
2,0.9787536859512329,0.4384508430957794,0.06318053603172302,1e-04,0.8568087220191956,0.9862979054450989,0.969565212726593,0.9952322244644165,0.9817584156990051,0.47444701194763184,0.054880328476428986,0.8369577527046204,0.9848452806472778,0.9776056408882141,0.9948746562004089
3,0.9827080368995667,0.49017953872680664,0.05005895718932152,1e-04,0.8813990354537964,0.986823558807373,0.9771415591239929,0.9954809546470642,0.9812215566635132,0.4942447245121002,0.05467154085636139,0.8731499910354614,0.9871224761009216,0.973745584487915,0.995576798915863
4,0.9835481643676758,0.5182662010192871,0.04856053367257118,1e-04,0.8791419267654419,0.9867258071899414,0.9787633419036865,0.9954732060432434,0.9843780398368835,0.5125714540481567,0.04743780195713043,0.8908191919326782,0.9881249070167542,0.978766679763794,0.9959337115287781
5,0.9853670597076416,0.5479214787483215,0.04326840862631798,1e-04,0.8810023069381714,0.9876011610031128,0.9813018441200256,0.995783805847168,0.9856970310211182,0.5412580370903015,0.04318278655409813,0.8913134336471558,0.9890183806419373,0.9802807569503784,0.9962307214736938
6,0.9862828254699707,0.5562868118286133,0.04063652455806732,1e-04,0.887412428855896,0.9881184101104736,0.9825752973556519,0.9959586262702942,0.9862619042396545,0.5364504456520081,0.04391639307141304,0.8521157503128052,0.9895961880683899,0.9804204702377319,0.9964005351066589
7,0.9874072074890137,0.5783772468566895,0.037191711366176605,1e-04,0.8887196779251099,0.9887720942497253,0.9840859174728394,0.9961880445480347,0.9833694100379944,0.5698128938674927,0.04858192428946495,0.8363689184188843,0.9846965670585632,0.9800660014152527,0.9948732256889343
8,0.9884096384048462,0.6099254488945007,0.03273632377386093,2e-05,0.8918781280517578,0.98926842212677,0.9853742718696594,0.9963551759719849,0.9890514612197876,0.6074907183647156,0.03220641240477562,0.8977338671684265,0.989858090877533,0.9860216379165649,0.9965659379959106
9,0.9896281957626343,0.6192052960395813,0.02954775281250477,2e-05,0.905498743057251,0.990136444568634,0.9868788719177246,0.9966490268707275,0.9893888235092163,0.6261451244354248,0.03139546141028404,0.918552041053772,0.9895651340484619,0.987051248550415,0.9964914321899414
10,0.989595890045166,0.614296019077301,0.02973407506942749,2e-05,0.9101983308792114,0.990056037902832,0.9868739247322083,0.9966259002685547,0.9894781708717346,0.6114039421081543,0.031080737709999084,0.9044736623764038,0.9902688264846802,0.9863630533218384,0.9967005252838135
11,0.9900867342948914,0.6328575015068054,0.02805572934448719,2e-05,0.9135464429855347,0.9904230237007141,0.9874194860458374,0.9967599511146545,0.9898349642753601,0.6211268901824951,0.02981388382613659,0.9105241298675537,0.990344762802124,0.9870451092720032,0.9967313408851624
12,0.990227222442627,0.6345869898796082,0.027713527902960777,2e-05,0.9162842035293579,0.9905084371566772,0.9876316785812378,0.9967803359031677,0.9897986650466919,0.6211423873901367,0.02992796152830124,0.9158222675323486,0.9903461337089539,0.9869202971458435,0.9967314004898071
13,0.9902507662773132,0.6382403373718262,0.02775215171277523,2e-05,0.9143434166908264,0.9905588030815125,0.9875738024711609,0.9967978000640869,0.9894828796386719,0.627525806427002,0.03046414814889431,0.9080097079277039,0.9897564649581909,0.9869519472122192,0.996553361415863
14,0.9907293319702148,0.6364890933036804,0.026425020769238472,4e-06,0.9107365012168884,0.9907554984092712,0.9882276654243469,0.9968698024749756,0.9901371002197266,0.6347745656967163,0.028873348608613014,0.9151742458343506,0.9902794361114502,0.9877727627754211,0.9967222809791565
15,0.9902560710906982,0.627500057220459,0.027543077245354652,4e-06,0.9115716218948364,0.9904812574386597,0.9877024292945862,0.9967742562294006,0.9902067184448242,0.6317093372344971,0.028788644820451736,0.9146862030029297,0.9904569387435913,0.9876291155815125,0.9967795014381409
16,0.9911011457443237,0.6402654647827148,0.025240952149033546,4e-06,0.9177228808403015,0.9911895990371704,0.9886538982391357,0.9970153570175171,0.9903197884559631,0.6370545029640198,0.02848438359797001,0.9153683185577393,0.9904093742370605,0.9879114627838135,0.9967703819274902
17,0.9907104969024658,0.6390106678009033,0.026136355474591255,4e-06,0.9180639386177063,0.9907718896865845,0.9882384538650513,0.9968790411949158,0.9903090596199036,0.6339995265007019,0.028401367366313934,0.912577748298645,0.9905059337615967,0.987758457660675,0.9967975616455078
18,0.9911047220230103,0.6467681527137756,0.025062350556254387,4e-06,0.9193160533905029,0.9910888671875,0.988638699054718,0.9969777464866638,0.9903267025947571,0.6399843692779541,0.02849850058555603,0.920792818069458,0.990399181842804,0.9880084991455078,0.9967679977416992
19,0.9909000396728516,0.6436882019042969,0.02565527707338333,1e-06,0.9201208353042603,0.990908145904541,0.9884158968925476,0.9969245195388794,0.9903903603553772,0.6390504240989685,0.028216823935508728,0.9196797013282776,0.9905035495758057,0.98797607421875,0.9967987537384033
20,0.9908801317214966,0.6415507793426514,0.02558305859565735,1e-06,0.9214308857917786,0.9910428524017334,0.988327145576477,0.996959924697876,0.9904025197029114,0.6385773420333862,0.028230564668774605,0.9200565218925476,0.9905518293380737,0.9879453778266907,0.9968144297599792
21,0.9908669590950012,0.6413008570671082,0.02589382603764534,1e-06,0.9183052182197571,0.9910088777542114,0.9883074760437012,0.9969503283500671,0.990403413772583,0.6408533453941345,0.02827250212430954,0.9214807748794556,0.9904932379722595,0.9880586862564087,0.9967945218086243
22,0.9909594655036926,0.6376308798789978,0.025189660489559174,1e-06,0.9191877841949463,0.9910584688186646,0.9884851574897766,0.9969667792320251,0.9904199838638306,0.6404337286949158,0.028200004249811172,0.919435441493988,0.9905142188072205,0.988032341003418,0.9968048930168152
23,0.9906715154647827,0.6428658366203308,0.026352189481258392,1e-06,0.9196550846099854,0.9907079339027405,0.9881198406219482,0.9968531131744385,0.9904199838638306,0.64044189453125,0.02822716534137726,0.9183334112167358,0.9904897212982178,0.9880622625350952,0.9967935681343079
24,0.9912588596343994,0.6436132192611694,0.024672893807291985,1e-06,0.9193896055221558,0.9912357330322266,0.9888303279876709,0.9970298409461975,0.9904378652572632,0.642134964466095,0.02820301428437233,0.9219241738319397,0.9904939532279968,0.9881086349487305,0.9967962503433228
25,0.9907540082931519,0.639976441860199,0.0260934941470623,1e-06,0.9218593239784241,0.9908455610275269,0.9883068799972534,0.9969093203544617,0.990435004234314,0.641538143157959,0.028194114565849304,0.9185048341751099,0.9904869794845581,0.9880983233451843,0.9967951774597168
26,0.9912519454956055,0.650770902633667,0.024723323062062263,1e-06,0.9191786050796509,0.9911950826644897,0.9888288974761963,0.9970155954360962,0.9904446601867676,0.6423834562301636,0.028213033452630043,0.9215087890625,0.9904884696006775,0.9881384372711182,0.9967928528785706
27,0.9910324215888977,0.6459285020828247,0.025189785286784172,1e-06,0.9195978045463562,0.991034984588623,0.9885887503623962,0.9969590306282043,0.9904611706733704,0.6419510841369629,0.02814416214823723,0.9207227826118469,0.9905226230621338,0.9881105422973633,0.9968058466911316
28,0.9911313056945801,0.6420575380325317,0.025134818628430367,1e-06,0.9199633598327637,0.9911165833473206,0.9887785911560059,0.9969962239265442,0.9904599785804749,0.642231822013855,0.02807709015905857,0.9179624319076538,0.9904929399490356,0.9881216883659363,0.9967948794364929
29,0.9913404583930969,0.6516646146774292,0.024441974237561226,1e-06,0.9193217754364014,0.9913231730461121,0.9889166355133057,0.9970587491989136,0.9904787540435791,0.643606960773468,0.02811793051660061,0.9211381077766418,0.9904996752738953,0.9881762266159058,0.9967977404594421
30,0.9908678531646729,0.645626425743103,0.02559628151357174,1e-06,0.9206384420394897,0.9909482002258301,0.9883716702461243,0.9969363212585449,0.9904751777648926,0.6461453437805176,0.028102150186896324,0.9229124188423157,0.9904499650001526,0.9882187247276306,0.9967830777168274
31,0.9913578033447266,0.638705313205719,0.02415499836206436,1e-06,0.9225952625274658,0.9913612008094788,0.9890167117118835,0.9970763921737671,0.990490734577179,0.6452076435089111,0.028071189299225807,0.9237008690834045,0.9904978275299072,0.9882223606109619,0.9968002438545227
32,0.9908081293106079,0.6430964469909668,0.025983337312936783,1e-06,0.9205218553543091,0.9908831715583801,0.9883373975753784,0.9969117641448975,0.9905003309249878,0.642634928226471,0.02799844555556774,0.9218892455101013,0.9905543923377991,0.9881616830825806,0.9968160390853882
33,0.9910102486610413,0.629111111164093,0.025495368987321854,1e-06,0.9195955991744995,0.9910933971405029,0.9886561036109924,0.9969801902770996,0.9905025362968445,0.642640233039856,0.02794126607477665,0.9198322296142578,0.9905363321304321,0.9881730079650879,0.9968096017837524
34,0.9909102916717529,0.6401984095573425,0.025598352774977684,1e-06,0.9185281991958618,0.9909465312957764,0.9884211421012878,0.9969415068626404,0.990504264831543,0.6429520845413208,0.027972720563411713,0.9220272302627563,0.9905504584312439,0.9881646037101746,0.9968165159225464
35,0.9910721182823181,0.6353098154067993,0.02532253786921501,1e-06,0.9213472604751587,0.9911165833473206,0.988681435585022,0.9969938397407532,0.9905083179473877,0.6422606110572815,0.0279704499989748,0.9218704700469971,0.9905687570571899,0.9881475567817688,0.9968224167823792
36,0.9909037947654724,0.64290851354599,0.025790754705667496,1e-06,0.9210648536682129,0.9909666776657104,0.988385796546936,0.9969416260719299,0.9904987812042236,0.6433822512626648,0.027973417192697525,0.9201356172561646,0.9905437231063843,0.9881376624107361,0.9968149662017822
37,0.991168200969696,0.642800509929657,0.02527446672320366,1e-06,0.9185695648193359,0.9911789298057556,0.988677978515625,0.9970127940177917,0.9905142188072205,0.6439052224159241,0.027999810874462128,0.921167254447937,0.9905545711517334,0.9881824851036072,0.9968155026435852
38,0.9908269643783569,0.6507218480110168,0.025722965598106384,1e-06,0.9215297698974609,0.9908710718154907,0.9883228540420532,0.9969133734703064,0.9905208945274353,0.6427772045135498,0.027910487726330757,0.9202765226364136,0.9905699491500854,0.9881542325019836,0.9968205690383911
39,0.9908660650253296,0.6409452557563782,0.025868605822324753,1e-06,0.9180138111114502,0.9909108877182007,0.9883534908294678,0.9969220161437988,0.9905228018760681,0.6401712894439697,0.027834037318825722,0.9186058044433594,0.9906501770019531,0.9880735874176025,0.9968457221984863
40,0.9910831451416016,0.6352534294128418,0.0252398569136858,1e-06,0.92006516456604,0.9911693334579468,0.9886255860328674,0.9970130324363708,0.9905445575714111,0.6412493586540222,0.02775399759411812,0.9174380898475647,0.9906297326087952,0.9881309270858765,0.9968385100364685
41,0.9913438558578491,0.646876871585846,0.024584800004959106,1e-06,0.9194691777229309,0.9913133382797241,0.9888952374458313,0.9970583319664001,0.9905620217323303,0.6440252065658569,0.027728194370865822,0.9183347225189209,0.990588366985321,0.9882349371910095,0.9968286156654358
42,0.9912306666374207,0.6471116542816162,0.0248603243380785,1e-06,0.9190133810043335,0.9911709427833557,0.9888221025466919,0.9970121383666992,0.9905685782432556,0.6439530849456787,0.027744535356760025,0.9200223684310913,0.9906079173088074,0.9882315993309021,0.9968357086181641
43,0.9911206960678101,0.6525565385818481,0.02510415017604828,1e-06,0.9203509092330933,0.99118572473526,0.9886242151260376,0.9970102906227112,0.9905734658241272,0.6453779339790344,0.027767909690737724,0.9209070801734924,0.990583598613739,0.9882853031158447,0.9968273639678955
44,0.9910330176353455,0.6436045169830322,0.025379814207553864,1e-06,0.9198956489562988,0.9910880327224731,0.9885658025741577,0.9969759583473206,0.990556538105011,0.6458021998405457,0.027849840000271797,0.9214741587638855,0.9905592799186707,0.9882679581642151,0.9968202114105225
45,0.9914193749427795,0.6490978002548218,0.024011019617319107,1e-06,0.9220297336578369,0.9913411140441895,0.9890309572219849,0.9970600605010986,0.9905560612678528,0.6475433111190796,0.02789016254246235,0.9242979288101196,0.9905285835266113,0.9883006811141968,0.9968136548995972
46,0.9914800524711609,0.651944100856781,0.02404266595840454,1e-06,0.9240474700927734,0.991368293762207,0.9891385436058044,0.9970759153366089,0.9905808568000793,0.6479629278182983,0.02783346176147461,0.9224632382392883,0.9905373454093933,0.9883432388305664,0.9968152046203613
47,0.9912264347076416,0.647178590297699,0.024744903668761253,1e-06,0.9222087860107422,0.9911684393882751,0.988837480545044,0.9970124363899231,0.9905821084976196,0.6463894844055176,0.027823280543088913,0.9214073419570923,0.9905650615692139,0.9883043766021729,0.9968199133872986
48,0.9915017485618591,0.6577983498573303,0.023953163996338844,1e-06,0.9222016930580139,0.9914053082466125,0.989141583442688,0.9970871210098267,0.9905781745910645,0.6494017243385315,0.02791290171444416,0.9245036840438843,0.9905192852020264,0.9883750081062317,0.9968098998069763
49,0.9915269613265991,0.6577295064926147,0.023898044601082802,1e-06,0.9249571561813354,0.9914090633392334,0.989203929901123,0.9970945119857788,0.990581214427948,0.6462515592575073,0.027806436643004417,0.9214156270027161,0.9905863404273987,0.9882839322090149,0.9968259334564209
50,0.9912011623382568,0.6446459293365479,0.02483869530260563,1e-06,0.921613335609436,0.9911550283432007,0.9888343811035156,0.9970071911811829,0.9905756711959839,0.6460700631141663,0.027824580669403076,0.9251400232315063,0.9906082153320312,0.9882721304893494,0.9968358874320984
51,0.9914432168006897,0.6521756649017334,0.02399282529950142,1e-06,0.9255598783493042,0.9913828372955322,0.9891126751899719,0.9970845580101013,0.9905944466590881,0.6464836597442627,0.02770344354212284,0.9232205748558044,0.9905991554260254,0.988287627696991,0.9968350529670715
52,0.9910317659378052,0.6495354771614075,0.025418633595108986,1e-06,0.9227111339569092,0.9910606741905212,0.9885541200637817,0.9969707131385803,0.9905773997306824,0.6452934741973877,0.027722463011741638,0.9225029945373535,0.9906065464019775,0.9882612824440002,0.9968342781066895
53,0.9911305904388428,0.6458600163459778,0.02494986541569233,1e-06,0.9218931198120117,0.9911141395568848,0.9887270331382751,0.9969897270202637,0.9905903339385986,0.6457431316375732,0.027699170634150505,0.9225839376449585,0.9906094074249268,0.9882748126983643,0.9968371391296387
54,0.9913777709007263,0.6496607661247253,0.0244340468198061,1e-06,0.9251248240470886,0.9913354516029358,0.9889426827430725,0.9970633387565613,0.9905989766120911,0.6463830471038818,0.027594344690442085,0.9211164116859436,0.9906046986579895,0.9882960915565491,0.9968376159667969
55,0.9911096096038818,0.6524054408073425,0.025099435821175575,1e-06,0.9209203720092773,0.9911008477210999,0.9886628985404968,0.9969853162765503,0.990604817867279,0.6450794339179993,0.02766798809170723,0.9192904233932495,0.9906256198883057,0.9882915616035461,0.9968401789665222
56,0.9913412928581238,0.6505917310714722,0.024178026244044304,1e-06,0.9228100776672363,0.991293728351593,0.9890074729919434,0.9970572590827942,0.9906027913093567,0.6463923454284668,0.027642251923680305,0.9219090938568115,0.9906110763549805,0.9882960915565491,0.9968376159667969
57,0.9912096261978149,0.6502622961997986,0.024419859051704407,1e-06,0.9248446226119995,0.9911317229270935,0.9888243675231934,0.996998131275177,0.9905650019645691,0.6458098292350769,0.027700720354914665,0.9224766492843628,0.9905987977981567,0.9882197976112366,0.996832549571991
58,0.9911632537841797,0.64649498462677,0.02460561878979206,1e-06,0.9242086410522461,0.9911497831344604,0.9887990355491638,0.997002363204956,0.9906248450279236,0.6481585502624512,0.02762085199356079,0.9245728850364685,0.9906134605407715,0.9883423447608948,0.9968376159667969
59,0.9911762475967407,0.6404719948768616,0.024878406897187233,1e-06,0.9243829250335693,0.9911868572235107,0.9887993931770325,0.9970151782035828,0.9906408190727234,0.6475473642349243,0.02747529186308384,0.9200576543807983,0.990623950958252,0.9883320331573486,0.9968413710594177
60,0.9910520911216736,0.6437450647354126,0.025418296456336975,1e-06,0.9210349917411804,0.9910299777984619,0.9886473417282104,0.9969637393951416,0.9906312227249146,0.6460064649581909,0.02748456597328186,0.9186639785766602,0.9906545281410217,0.9882937669754028,0.996849775314331
61,0.9911205768585205,0.6519293785095215,0.0251915380358696,1e-06,0.9180078506469727,0.9911311864852905,0.9886748790740967,0.9969922304153442,0.9906457662582397,0.6495777368545532,0.027536317706108093,0.9204565286636353,0.9905960559844971,0.9883993268013,0.9968329071998596
62,0.9911771416664124,0.64169842004776,0.02501160278916359,1e-06,0.9206781387329102,0.9912709593772888,0.9887694120407104,0.9970377683639526,0.9906244277954102,0.6436302065849304,0.02760518528521061,0.9202935695648193,0.9907028675079346,0.9882265329360962,0.996860921382904
63,0.991491436958313,0.6487067937850952,0.02396067976951599,1e-06,0.9225927591323853,0.99144446849823,0.9890809059143066,0.9971065521240234,0.9906261563301086,0.6486073732376099,0.027599848806858063,0.924491286277771,0.9906084537506104,0.9883661866188049,0.9968367218971252
64,0.9912359118461609,0.6481110453605652,0.02472786419093609,1e-06,0.9229304790496826,0.9911741018295288,0.988865077495575,0.9970159530639648,0.990634560585022,0.6461946368217468,0.0275434423238039,0.9230743646621704,0.9906622767448425,0.9883028864860535,0.9968529939651489
65,0.9911527633666992,0.6529656648635864,0.02482215128839016,1e-06,0.9228370785713196,0.9911326169967651,0.9887171983718872,0.9969938397407532,0.9906476140022278,0.6498249769210815,0.027544818818569183,0.9232130646705627,0.9905874729156494,0.9884041547775269,0.9968315362930298
66,0.9916649460792542,0.654064416885376,0.023194722831249237,1e-06,0.9254919290542603,0.9915784597396851,0.9893852472305298,0.9971472024917603,0.9906489849090576,0.6505846977233887,0.027543023228645325,0.9242020845413208,0.9905921816825867,0.9884079098701477,0.9968318939208984
67,0.9913477301597595,0.672238290309906,0.02466723881661892,1e-06,0.9205802083015442,0.9912201762199402,0.9888976216316223,0.9970272779464722,0.990660548210144,0.6492006182670593,0.027536695823073387,0.9209184646606445,0.9906138181686401,0.9884110689163208,0.9968400001525879
68,0.9912030100822449,0.6442137956619263,0.024851471185684204,1e-06,0.921696662902832,0.991143524646759,0.9887872934341431,0.9970002174377441,0.9906609058380127,0.6475337147712708,0.027452053502202034,0.9220312833786011,0.990663468837738,0.9883498549461365,0.9968516826629639
69,0.9916753768920898,0.6547370553016663,0.023503854870796204,1e-06,0.9231894612312317,0.9915574193000793,0.9893043637275696,0.9971424341201782,0.9906538128852844,0.6491886377334595,0.02759747952222824,0.9257293939590454,0.9906386137008667,0.9883877635002136,0.9968462586402893
70,0.9913358688354492,0.6537472605705261,0.024358214810490608,1e-06,0.9244997501373291,0.9913138151168823,0.9890410900115967,0.9970580339431763,0.9906611442565918,0.6485249996185303,0.027404876425862312,0.9190776348114014,0.9906457662582397,0.9883627891540527,0.9968472719192505
71,0.9915795922279358,0.6509050726890564,0.023804262280464172,1e-06,0.9219279289245605,0.9915546178817749,0.9892105460166931,0.9971351623535156,0.9906842112541199,0.6519339084625244,0.02746041677892208,0.9218560457229614,0.9906133413314819,0.9884781837463379,0.9968386292457581
72,0.9916497468948364,0.6584891080856323,0.023715632036328316,1e-06,0.9214504957199097,0.9915598630905151,0.9892953038215637,0.997132420539856,0.9906960129737854,0.6523438096046448,0.027416151016950607,0.9224840998649597,0.9906055331230164,0.9884928464889526,0.9968401193618774
73,0.9912457466125488,0.6557306051254272,0.024752484634518623,1e-06,0.9216197729110718,0.991234540939331,0.9888901710510254,0.9970275163650513,0.9906650185585022,0.6472277641296387,0.02735096961259842,0.9202595949172974,0.9906904697418213,0.9883188605308533,0.9968619346618652
74,0.9914702773094177,0.6560380458831787,0.02390320412814617,1e-06,0.9218271970748901,0.9914133548736572,0.9891262650489807,0.9970919489860535,0.9906980395317078,0.6504067182540894,0.027444137260317802,0.9237667918205261,0.9906649589538574,0.9884563684463501,0.9968557357788086
75,0.9909307956695557,0.649743378162384,0.02560584992170334,1e-06,0.9216707944869995,0.990954577922821,0.9885118007659912,0.9969388246536255,0.9906684160232544,0.6459193229675293,0.027335776016116142,0.9213383793830872,0.9907328486442566,0.9882819652557373,0.9968756437301636
76,0.9912198185920715,0.660004734992981,0.024579260498285294,1e-06,0.92110276222229,0.9911807179450989,0.9887120127677917,0.9970072507858276,0.9907122254371643,0.6493982672691345,0.027281254529953003,0.9236303567886353,0.9906991124153137,0.9884266257286072,0.9968649744987488
77,0.991252064704895,0.6586299538612366,0.024291398003697395,1e-06,0.9223695993423462,0.9911416172981262,0.9889041781425476,0.9970006346702576,0.9907225966453552,0.6500697731971741,0.027244877070188522,0.9215918183326721,0.990694522857666,0.9884400367736816,0.9968626499176025
78,0.9911808967590332,0.6568561792373657,0.025137312710285187,1e-06,0.9187957048416138,0.9910559058189392,0.9887505173683167,0.996966540813446,0.9906911253929138,0.6510342359542847,0.027299992740154266,0.920021116733551,0.9906420111656189,0.9884352087974548,0.9968489408493042
79,0.9912758469581604,0.6524345278739929,0.02463143691420555,1e-06,0.9196621179580688,0.9911931753158569,0.9888855814933777,0.9970160126686096,0.9906866550445557,0.6511250734329224,0.027399461716413498,0.9215714931488037,0.9906423687934875,0.9884364604949951,0.9968467354774475
80,0.9912520051002502,0.6549997329711914,0.024610599502921104,1e-06,0.9213956594467163,0.9912270307540894,0.9888757467269897,0.9970287084579468,0.9907035231590271,0.6513281464576721,0.027429699897766113,0.9231048822402954,0.9906469583511353,0.9884639978408813,0.9968499541282654
81,0.9912322759628296,0.662678599357605,0.02451147697865963,1e-06,0.9215444326400757,0.9911671876907349,0.9888345003128052,0.997002899646759,0.9907065033912659,0.6528580188751221,0.027401290833950043,0.9230177402496338,0.9906244277954102,0.9884973764419556,0.9968432188034058
82,0.9914344549179077,0.6596062779426575,0.024193037301301956,1e-06,0.9212548136711121,0.9913562536239624,0.988987147808075,0.9970691800117493,0.9906795620918274,0.6511241793632507,0.027425406500697136,0.9234954118728638,0.9906410574913025,0.9884200096130371,0.9968494176864624
83,0.9915719628334045,0.6515178084373474,0.023768577724695206,1e-06,0.9248045682907104,0.9914742708206177,0.9892690777778625,0.997118353843689,0.9906611442565918,0.6541846394538879,0.027637453749775887,0.9253058433532715,0.9905668497085571,0.9885053038597107,0.9968222379684448
84,0.991413414478302,0.6560990810394287,0.024104755371809006,1e-06,0.9247457981109619,0.991309404373169,0.9890733957290649,0.9970609545707703,0.9907215237617493,0.6508634090423584,0.027336031198501587,0.9234311580657959,0.9906871318817139,0.9884487390518188,0.9968619346618652
85,0.9911980032920837,0.6492321491241455,0.02470872923731804,1e-06,0.9230031967163086,0.9912305474281311,0.9887871742248535,0.9970230460166931,0.9907166957855225,0.6497748494148254,0.027316085994243622,0.9218743443489075,0.9907076954841614,0.9884121417999268,0.9968698620796204
86,0.9916824698448181,0.6479508280754089,0.02316298522055149,1e-06,0.9232226014137268,0.9915778040885925,0.9893885850906372,0.9971515536308289,0.9907345771789551,0.6526963710784912,0.02729756012558937,0.9245178699493408,0.9906724095344543,0.9885000586509705,0.9968592524528503
87,0.9915271997451782,0.6506486535072327,0.02368035726249218,1e-06,0.9257215261459351,0.9914698600769043,0.9892696738243103,0.9971131682395935,0.9907387495040894,0.6521115303039551,0.02725181356072426,0.9229055643081665,0.990685760974884,0.9884800314903259,0.9968629479408264
88,0.9915598630905151,0.6608403921127319,0.02368588000535965,1e-06,0.923730731010437,0.9914320111274719,0.9891679883003235,0.9970980286598206,0.9907447099685669,0.6521411538124084,0.027388600632548332,0.9256255626678467,0.9906982183456421,0.988492488861084,0.9968667030334473
89,0.9918613433837891,0.6536043286323547,0.02281874418258667,1e-06,0.9254159331321716,0.9917229413986206,0.9895774126052856,0.9971940517425537,0.9907580018043518,0.6534265279769897,0.027291269972920418,0.925464928150177,0.9906872510910034,0.988533079624176,0.9968663454055786
90,0.9919319152832031,0.6527187824249268,0.022577935829758644,1e-06,0.9272583723068237,0.9917787909507751,0.9897711277008057,0.9972145557403564,0.9907758831977844,0.6533240675926208,0.027234863489866257,0.9259332418441772,0.9907063245773315,0.9885460138320923,0.9968709945678711
91,0.9912809729576111,0.6507519483566284,0.02473517507314682,1e-06,0.9241304993629456,0.991176426410675,0.9888511300086975,0.9970112442970276,0.9907562136650085,0.6520724296569824,0.027168992906808853,0.9231661558151245,0.9907137751579285,0.9884844422340393,0.9968711733818054
92,0.9918932914733887,0.6558830142021179,0.022805040702223778,1e-06,0.9250314235687256,0.9917342662811279,0.9896295666694641,0.9972005486488342,0.9907680153846741,0.655238926410675,0.027293922379612923,0.9266266226768494,0.9906588792800903,0.988581657409668,0.996854841709137
93,0.991359293460846,0.661709189414978,0.024246150627732277,1e-06,0.9239444136619568,0.9912512898445129,0.9889253377914429,0.997039794921875,0.9907705783843994,0.6526632308959961,0.027112560346722603,0.9247639179229736,0.9907195568084717,0.9885213375091553,0.9968730807304382
94,0.9914045333862305,0.6646941304206848,0.024280501529574394,1e-06,0.9240865111351013,0.9912969470024109,0.988978385925293,0.9970484972000122,0.9907659888267517,0.6545677781105042,0.02716818079352379,0.9244616031646729,0.9906793236732483,0.9885497689247131,0.996863067150116
95,0.9918643832206726,0.6561978459358215,0.023144729435443878,1e-06,0.9246935844421387,0.9917283654212952,0.9895871877670288,0.9971941113471985,0.9907806515693665,0.6528934240341187,0.02718583308160305,0.9259316921234131,0.9907335638999939,0.9885324835777283,0.9968786835670471
96,0.9917619824409485,0.659783661365509,0.02300724759697914,1e-06,0.9267292022705078,0.9916307330131531,0.9894581437110901,0.9971649050712585,0.9907858967781067,0.6541874408721924,0.027200570330023766,0.925904393196106,0.990705132484436,0.9885659217834473,0.9968687295913696
97,0.9916529059410095,0.6568747758865356,0.02360205166041851,1e-06,0.9269563555717468,0.9915933012962341,0.9893600940704346,0.9971520304679871,0.9907902479171753,0.6557742953300476,0.02716818079352379,0.9257326126098633,0.9906834363937378,0.9886026382446289,0.9968653321266174
98,0.9916136264801025,0.6663771867752075,0.0237478818744421,1e-06,0.9252375364303589,0.9915224313735962,0.9892578721046448,0.9971300363540649,0.990790843963623,0.6551072001457214,0.027224261313676834,0.92685866355896,0.9907011389732361,0.9886006116867065,0.9968681335449219
99,0.9916003942489624,0.6615837812423706,0.023606114089488983,1e-06,0.9247643351554871,0.9914914965629578,0.9892765283584595,0.9971200823783875,0.9907804727554321,0.6527494192123413,0.027289913967251778,0.9264071583747864,0.9907431602478027,0.9885320663452148,0.9968805313110352
