epoch,accuracy,dice_coef,loss,lr,mean_io_u,precision,sensitivity,specificity,val_accuracy,val_dice_coef,val_loss,val_mean_io_u,val_precision,val_sensitivity,val_specificity
0,0.9620519280433655,0.399347722530365,0.1169615238904953,1e-04,0.6529220938682556,0.977512776851654,0.9420580267906189,0.9930110573768616,0.9585517048835754,0.42493489384651184,0.11175306141376495,0.7895281314849854,0.9866049289703369,0.9350981712341309,0.9950922131538391
1,0.9721590876579285,0.48107224702835083,0.07590533047914505,1e-04,0.747163712978363,0.9840598702430725,0.9580636620521545,0.9943749904632568,0.9741331934928894,0.5072806477546692,0.07147809863090515,0.8069774508476257,0.9825944304466248,0.9639980792999268,0.9939810633659363
2,0.9757005572319031,0.5281486511230469,0.06732495874166489,1e-04,0.7400038242340088,0.9827060103416443,0.9664839506149292,0.9940648674964905,0.977948009967804,0.5431017279624939,0.0625230073928833,0.7556613683700562,0.9848880767822266,0.9682691097259521,0.994765043258667
3,0.9779739379882812,0.5573374629020691,0.0604960173368454,1e-04,0.7563048601150513,0.9831981658935547,0.9705657362937927,0.9942699670791626,0.9801357984542847,0.5817869305610657,0.055766668170690536,0.7694133520126343,0.9839943647384644,0.9737744331359863,0.9945566654205322
4,0.9798738956451416,0.5949443578720093,0.0541582927107811,1e-04,0.7686201333999634,0.9836402535438538,0.973780632019043,0.9944334030151367,0.980460524559021,0.6112613081932068,0.05552777647972107,0.7782958745956421,0.9833276867866516,0.9753745794296265,0.9943768978118896
5,0.9810205101966858,0.6146795153617859,0.052237123250961304,1e-04,0.7688189744949341,0.9841281771659851,0.9753978252410889,0.9946138858795166,0.9789785742759705,0.59562087059021,0.06105995178222656,0.7831460237503052,0.9818910360336304,0.9738118052482605,0.993905246257782
6,0.982802152633667,0.6223892569541931,0.04742607846856117,1e-04,0.7547609806060791,0.9850985407829285,0.9779637455940247,0.9949650168418884,0.9822140336036682,0.6369329690933228,0.04886407405138016,0.7986006736755371,0.9844425916671753,0.97756427526474,0.9947542548179626
7,0.9844833016395569,0.6506862640380859,0.042684055864810944,1e-04,0.7829395532608032,0.9860811829566956,0.980183482170105,0.9952852725982666,0.9835671186447144,0.6606901288032532,0.04708493873476982,0.81913161277771,0.9845746159553528,0.9798553586006165,0.9948244094848633
8,0.9842767715454102,0.6440397500991821,0.043482668697834015,1e-04,0.7187816500663757,0.9860223531723022,0.9798786640167236,0.9952666759490967,0.9837790727615356,0.6493111848831177,0.0483047291636467,0.8255679607391357,0.9850590229034424,0.9801351428031921,0.9949725866317749
9,0.9854874014854431,0.6667255163192749,0.039574068039655685,1e-04,0.7435057163238525,0.9868947267532349,0.9814060926437378,0.9955635070800781,0.985639214515686,0.6760950684547424,0.04189831763505936,0.8001472353935242,0.9865244626998901,0.9821243286132812,0.9954559206962585
10,0.9853730797767639,0.6693742275238037,0.04102189093828201,1e-04,0.7285532355308533,0.9865880608558655,0.981317937374115,0.9954699277877808,0.985962450504303,0.6848071217536926,0.0394611619412899,0.7755988836288452,0.9869641065597534,0.9822489619255066,0.995607316493988
11,0.9868784546852112,0.6905158758163452,0.036384791135787964,1e-04,0.7314925789833069,0.9876701235771179,0.9830754399299622,0.9958322048187256,0.9857780933380127,0.7002032995223999,0.04223687946796417,0.7838174700737,0.986132025718689,0.9829084277153015,0.9953438639640808
12,0.987468421459198,0.6993415951728821,0.03432406112551689,1e-04,0.7799772024154663,0.9880579113960266,0.9839966297149658,0.9959664344787598,0.9861997365951538,0.6927186250686646,0.04506947100162506,0.8119746446609497,0.9866071939468384,0.9830239415168762,0.9955010414123535
13,0.9888513684272766,0.7104303240776062,0.030810944736003876,2e-05,0.792153537273407,0.9891086220741272,0.985580325126648,0.9963108897209167,0.98707115650177,0.7096163630485535,0.03825940564274788,0.8016663789749146,0.9872968196868896,0.9841449856758118,0.9957308173179626
14,0.9894626140594482,0.7213843464851379,0.029408473521471024,2e-05,0.8047242760658264,0.9894109964370728,0.9862527847290039,0.996425986289978,0.9872561693191528,0.7084851861000061,0.03777272626757622,0.8028217554092407,0.9875066876411438,0.9841921329498291,0.9957924485206604
15,0.9899976849555969,0.7438716888427734,0.027794871479272842,2e-05,0.776892364025116,0.9898009300231934,0.9869535565376282,0.9965500831604004,0.9872742295265198,0.7163515090942383,0.03845859691500664,0.7991983890533447,0.9874048829078674,0.9843987226486206,0.995762050151825
16,0.9896518588066101,0.7375924587249756,0.02847481518983841,2e-05,0.8061754703521729,0.9895575046539307,0.9864593148231506,0.996478796005249,0.9873411059379578,0.7232754230499268,0.03884865343570709,0.8058168888092041,0.9873372316360474,0.9846270084381104,0.9957478046417236
17,0.9901551008224487,0.7413256168365479,0.027307214215397835,4e-06,0.8011517524719238,0.9898499846458435,0.9870292544364929,0.9965822696685791,0.9873223900794983,0.7219168543815613,0.037943948060274124,0.8003981709480286,0.9873988628387451,0.9845189452171326,0.9957617521286011
18,0.9903122186660767,0.744418203830719,0.026903918012976646,4e-06,0.8018930554389954,0.9901248216629028,0.9872580766677856,0.9966526031494141,0.9875491857528687,0.7241345047950745,0.038044024258852005,0.8150920867919922,0.9875565767288208,0.9848138689994812,0.9958165287971497
19,0.9906060695648193,0.7435539960861206,0.026063214987516403,1e-06,0.8101193904876709,0.9903339743614197,0.9876566529273987,0.9967318177223206,0.9875349998474121,0.7253440618515015,0.03807784244418144,0.8169162273406982,0.9875279664993286,0.984838604927063,0.995805561542511
20,0.9908111095428467,0.7505773305892944,0.025829685851931572,1e-06,0.8127259016036987,0.9903973937034607,0.9877955317497253,0.9967682361602783,0.9875738024711609,0.726397693157196,0.03807033970952034,0.8174701929092407,0.9875566959381104,0.9848969578742981,0.995814323425293
21,0.9906433820724487,0.7500462532043457,0.02615426667034626,1e-06,0.8149150609970093,0.9902855753898621,0.9877279996871948,0.9967145919799805,0.9874902963638306,0.7272091507911682,0.03820320963859558,0.8140546083450317,0.9874337911605835,0.9848222136497498,0.9957759976387024
22,0.9905003309249878,0.7454822063446045,0.0263950377702713,1e-06,0.8104510307312012,0.9901753067970276,0.9875326752662659,0.9966815710067749,0.9875562191009521,0.7257583141326904,0.038042131811380386,0.8159745931625366,0.9875481724739075,0.9848437905311584,0.9958124160766602
23,0.9905712604522705,0.7457380890846252,0.02619869075715542,1e-06,0.8149123787879944,0.9902958273887634,0.9876141548156738,0.9967225790023804,0.9875484704971313,0.7270361185073853,0.03817535191774368,0.819145917892456,0.9875307679176331,0.9848717451095581,0.9958093166351318
24,0.9903383255004883,0.7499586939811707,0.026586122810840607,1e-06,0.8156091570854187,0.9900038242340088,0.9873649477958679,0.9966337084770203,0.9875136613845825,0.7270272970199585,0.038221701979637146,0.8169147372245789,0.987492561340332,0.984836220741272,0.995795726776123
25,0.9906272888183594,0.7523621916770935,0.026011569425463676,1e-06,0.8139902353286743,0.9902767539024353,0.9876351952552795,0.99671870470047,0.9875494241714478,0.7265342473983765,0.03813011944293976,0.8195281028747559,0.98753821849823,0.9848663806915283,0.9958099126815796
26,0.9904994964599609,0.7520540952682495,0.026168448850512505,1e-06,0.8134049773216248,0.9901825785636902,0.9875137805938721,0.9966865181922913,0.9875454902648926,0.7268977761268616,0.038200244307518005,0.8197805881500244,0.9875181317329407,0.9848639369010925,0.9958028197288513
27,0.9905917048454285,0.7425146698951721,0.02624192088842392,1e-06,0.815764307975769,0.9902609586715698,0.9876154065132141,0.9967103004455566,0.9875888824462891,0.7267979979515076,0.03798805549740791,0.817778468132019,0.9875810146331787,0.9849022030830383,0.9958234429359436
28,0.9907850027084351,0.7505584359169006,0.025781866163015366,1e-06,0.8140972852706909,0.990479588508606,0.9878954887390137,0.9967826008796692,0.9875513315200806,0.7260816097259521,0.037894152104854584,0.8169409036636353,0.9875442385673523,0.9848551750183105,0.9958110451698303
29,0.990715742111206,0.7524830102920532,0.025820763781666756,1e-06,0.8140146732330322,0.990353524684906,0.9876596927642822,0.9967325329780579,0.9875585436820984,0.728074848651886,0.038147080689668655,0.8198049664497375,0.9875091314315796,0.9849268794059753,0.9958024621009827
30,0.9905876517295837,0.75042724609375,0.025837523862719536,1e-06,0.8182405233383179,0.9902137517929077,0.9876729249954224,0.996708869934082,0.9875918626785278,0.7267587184906006,0.03801890090107918,0.8223281502723694,0.9875857830047607,0.9849238991737366,0.9958254098892212
31,0.9905566573143005,0.7561006546020508,0.026319656521081924,1e-06,0.8189260363578796,0.9901753067970276,0.9875019192695618,0.9966957569122314,0.9875687956809998,0.7279543876647949,0.03799821063876152,0.823351263999939,0.9875293374061584,0.9849298000335693,0.9958100318908691
32,0.9906072020530701,0.7498704195022583,0.02614523470401764,1e-06,0.8202884197235107,0.9903290271759033,0.9876551032066345,0.9967301487922668,0.9876164197921753,0.7258698344230652,0.037725578993558884,0.8190622329711914,0.9876160621643066,0.9848963618278503,0.9958382844924927
33,0.9907186627388,0.7515326142311096,0.025833185762166977,1e-06,0.8178197741508484,0.9903498291969299,0.987786591053009,0.9967445731163025,0.9875956177711487,0.7279166579246521,0.03783918544650078,0.8212746381759644,0.987567663192749,0.984948992729187,0.995822012424469
34,0.990632176399231,0.7515484094619751,0.02594062313437462,1e-06,0.820901095867157,0.9902117848396301,0.9876047372817993,0.9966985583305359,0.9876161813735962,0.7284087538719177,0.03787032887339592,0.8208171129226685,0.9875873923301697,0.9849725961685181,0.9958288073539734
35,0.9910193681716919,0.7533840537071228,0.02493765577673912,1e-06,0.8220111131668091,0.9906545877456665,0.9882099628448486,0.9968343377113342,0.9876135587692261,0.728419840335846,0.03795590251684189,0.8214380145072937,0.9875643253326416,0.984971821308136,0.9958195686340332
36,0.9907025694847107,0.7531739473342896,0.025785574689507484,1e-06,0.8167522549629211,0.9903449416160583,0.9877616167068481,0.9967322945594788,0.9875443577766418,0.7278719544410706,0.038049906492233276,0.8217568397521973,0.9875032901763916,0.9848998188972473,0.9958034753799438
37,0.9907956123352051,0.756524384021759,0.02568746730685234,1e-06,0.815961480140686,0.9903858304023743,0.9878147840499878,0.9967501759529114,0.9876229166984558,0.7289336323738098,0.038055483251810074,0.8203865885734558,0.9875787496566772,0.9850034713745117,0.9958215355873108
38,0.9906798601150513,0.7615651488304138,0.025846032425761223,1e-06,0.8187453746795654,0.9902758598327637,0.9876604676246643,0.996715784072876,0.9876058101654053,0.7284507155418396,0.03797508031129837,0.8243226408958435,0.9875748753547668,0.9849690794944763,0.9958258867263794
39,0.9908277988433838,0.7547159194946289,0.025593768805265427,1e-06,0.8215290307998657,0.9904668927192688,0.9879125952720642,0.9967726469039917,0.9876158237457275,0.7263450026512146,0.03782624378800392,0.8239629864692688,0.9876149296760559,0.9849144220352173,0.9958352446556091
40,0.9909173846244812,0.7540640830993652,0.02533731795847416,1e-06,0.8227642774581909,0.990490734577179,0.9880266189575195,0.9967864751815796,0.9875890016555786,0.729429304599762,0.0381302572786808,0.8246111273765564,0.9875224828720093,0.9849721789360046,0.99580979347229
41,0.9906876087188721,0.7540184259414673,0.025690706446766853,1e-06,0.8266157507896423,0.9903302788734436,0.9878204464912415,0.9967343807220459,0.9876360297203064,0.7301727533340454,0.03815620020031929,0.8253016471862793,0.9875736236572266,0.9850228428840637,0.9958245158195496
42,0.9907022714614868,0.7606515884399414,0.02584521658718586,1e-06,0.8201406002044678,0.9903395771980286,0.9877285361289978,0.9967363476753235,0.9876110553741455,0.7286382913589478,0.03799724951386452,0.8239737749099731,0.9875655770301819,0.9849769473075867,0.9958217740058899
43,0.9907539486885071,0.7559838891029358,0.025611694902181625,1e-06,0.8222955465316772,0.9903877973556519,0.9878379702568054,0.9967547059059143,0.9876190423965454,0.7294110059738159,0.03807401284575462,0.8260873556137085,0.9875645637512207,0.9850081205368042,0.9958232641220093
44,0.9906617403030396,0.7532395124435425,0.025910496711730957,1e-06,0.82118821144104,0.9902132749557495,0.9877627491950989,0.9967054128646851,0.9875974655151367,0.7305238246917725,0.038109466433525085,0.8247184753417969,0.9875045418739319,0.9850099682807922,0.9958024621009827
45,0.9908458590507507,0.7577017545700073,0.025422407314181328,1e-06,0.8259518146514893,0.9904471635818481,0.9880017042160034,0.9967827796936035,0.9875617027282715,0.7286342978477478,0.038276441395282745,0.8291152715682983,0.9875061511993408,0.9849401116371155,0.9958048462867737
46,0.990837574005127,0.7588370442390442,0.025527026504278183,1e-06,0.8270785212516785,0.990458071231842,0.9878882765769958,0.996784508228302,0.9876103401184082,0.7301626801490784,0.03821451961994171,0.8286746740341187,0.987531840801239,0.9850174784660339,0.9958139061927795
47,0.9911141395568848,0.7642180323600769,0.024689609184861183,1e-06,0.8270635008811951,0.9906672239303589,0.9883053302764893,0.9968459010124207,0.9876489043235779,0.7323123216629028,0.03837921842932701,0.8320409655570984,0.9875425696372986,0.9850993156433105,0.995818018913269
48,0.9910667538642883,0.7553701400756836,0.024987123906612396,1e-06,0.8275281190872192,0.9905736446380615,0.9882398247718811,0.996828019618988,0.9876167178153992,0.7312602996826172,0.03836029767990112,0.8309205770492554,0.9875152707099915,0.9850571751594543,0.9958080649375916
49,0.9906264543533325,0.7520700693130493,0.02594809979200363,1e-06,0.8251653909683228,0.9902654886245728,0.9877305626869202,0.9967170357704163,0.9876002073287964,0.7299919724464417,0.03821375221014023,0.8295614719390869,0.987531840801239,0.9850038886070251,0.9958108067512512
50,0.9907252192497253,0.7571666836738586,0.025700025260448456,1e-06,0.8257112503051758,0.9902284145355225,0.9877443313598633,0.9967045783996582,0.9876037240028381,0.7293114066123962,0.0380411259829998,0.8295280933380127,0.9875579476356506,0.9849993586540222,0.9958191514015198
51,0.9905856251716614,0.7515456080436707,0.025910483673214912,1e-06,0.8262768983840942,0.9902494549751282,0.9877458214759827,0.9966962933540344,0.9876316785812378,0.7311957478523254,0.03832665830850601,0.8297744393348694,0.9875439405441284,0.9850430488586426,0.9958158135414124
52,0.9906594753265381,0.7516652345657349,0.025867674499750137,1e-06,0.8246546983718872,0.9902549982070923,0.9877244830131531,0.9967129826545715,0.9876015782356262,0.7306961417198181,0.03810045123100281,0.8294483423233032,0.987546980381012,0.9850282073020935,0.9958166480064392
53,0.9908565282821655,0.7568477392196655,0.02536434680223465,1e-06,0.82547926902771,0.9904701113700867,0.9880715012550354,0.9967944622039795,0.9876487255096436,0.7308682799339294,0.038117293268442154,0.8280766010284424,0.9875761270523071,0.9850542545318604,0.995824933052063
54,0.9909317493438721,0.7625823020935059,0.024857904762029648,1e-06,0.8283862471580505,0.990471601486206,0.988083004951477,0.9967826008796692,0.987632155418396,0.7323036193847656,0.038219403475522995,0.8292554616928101,0.9875231385231018,0.9850648641586304,0.9958110451698303
55,0.9908964037895203,0.7613528370857239,0.025136936455965042,1e-06,0.8284769058227539,0.9904260039329529,0.9879993200302124,0.9967788457870483,0.9876365065574646,0.732781171798706,0.03844330459833145,0.8318391442298889,0.9875310063362122,0.985099196434021,0.9958104491233826
56,0.9910842776298523,0.7643232345581055,0.02480275370180607,1e-06,0.8267122507095337,0.9906087517738342,0.9882136583328247,0.9968278408050537,0.9875971078872681,0.7346276044845581,0.03854944929480553,0.8291618824005127,0.9874539971351624,0.9850863218307495,0.9957855939865112
57,0.9908320903778076,0.7584846019744873,0.025550013408064842,1e-06,0.8266364336013794,0.9903945922851562,0.9879853129386902,0.9967761039733887,0.9876477718353271,0.7315036654472351,0.03833242505788803,0.8288967609405518,0.987586498260498,0.9850703477859497,0.9958275556564331
58,0.991102933883667,0.7650940418243408,0.024733802303671837,1e-06,0.8249505162239075,0.9906138777732849,0.9883142709732056,0.9968382120132446,0.9876461029052734,0.7332503199577332,0.03847021609544754,0.8288312554359436,0.9875319600105286,0.9850889444351196,0.9958117008209229
59,0.9910460710525513,0.7633553743362427,0.025188293308019638,1e-06,0.8248711824417114,0.9905034303665161,0.9882357716560364,0.9968006610870361,0.9876567125320435,0.731459379196167,0.038179680705070496,0.827979564666748,0.9875937104225159,0.9850814938545227,0.9958317875862122
60,0.9909625053405762,0.7606920003890991,0.025210458785295486,1e-06,0.824714183807373,0.990549623966217,0.9880563616752625,0.9968093633651733,0.9876428842544556,0.7329738140106201,0.038416530936956406,0.8297739624977112,0.987521231174469,0.9850839376449585,0.9958099126815796
61,0.9909248352050781,0.7619317173957825,0.0251694917678833,1e-06,0.8247279524803162,0.9905141592025757,0.9880318641662598,0.9967897534370422,0.987652599811554,0.7340678572654724,0.03851468488574028,0.8306982517242432,0.9875262379646301,0.9851081967353821,0.9958095550537109
62,0.990788459777832,0.7575010657310486,0.02555467002093792,1e-06,0.8297388553619385,0.990336537361145,0.9878183603286743,0.9967408776283264,0.9876684546470642,0.7316351532936096,0.038318343460559845,0.8311811685562134,0.9875843524932861,0.9850962162017822,0.995826005935669
63,0.990757405757904,0.7553013563156128,0.025458388030529022,1e-06,0.828255295753479,0.9904089570045471,0.9878218770027161,0.996773898601532,0.9876301884651184,0.7341344356536865,0.038576968014240265,0.8339593410491943,0.9874736070632935,0.9851118922233582,0.9957953095436096
64,0.991022527217865,0.7633591890335083,0.025000352412462234,1e-06,0.8304765224456787,0.9905427694320679,0.9882389307022095,0.996814489364624,0.9876561164855957,0.7324240803718567,0.03835606575012207,0.8301126956939697,0.9875534176826477,0.9850989580154419,0.9958193898200989
65,0.9908818006515503,0.7589859366416931,0.025358617305755615,1e-06,0.8304667472839355,0.9904605746269226,0.9879879355430603,0.9967787861824036,0.9876078367233276,0.7314749360084534,0.038235802203416824,0.831416130065918,0.9875373244285583,0.9850296974182129,0.995814323425293
66,0.9910653233528137,0.7582646012306213,0.0249433945864439,1e-06,0.8294885158538818,0.9906461834907532,0.9882439374923706,0.9968531131744385,0.9877057671546936,0.7347496151924133,0.038647040724754333,0.8360143303871155,0.9875848889350891,0.9851978421211243,0.9958296418190002
67,0.9912844896316528,0.7704073786735535,0.024226564913988113,1e-06,0.8317448496818542,0.990749180316925,0.9883794784545898,0.9968705773353577,0.9876607060432434,0.7331362366676331,0.0383172407746315,0.8344355821609497,0.987557053565979,0.9851197600364685,0.9958207607269287
68,0.9908772110939026,0.7600188255310059,0.025417186319828033,1e-06,0.8299752473831177,0.9903925657272339,0.9879701733589172,0.9967576861381531,0.9876660704612732,0.7333595156669617,0.038291748613119125,0.8330244421958923,0.9875425696372986,0.9851269125938416,0.9958142042160034
69,0.990970253944397,0.7614057660102844,0.025162458419799805,1e-06,0.8306019306182861,0.9904964566230774,0.9880778789520264,0.9967946410179138,0.987680971622467,0.7346916794776917,0.03839793801307678,0.8334625363349915,0.9875538349151611,0.9851661920547485,0.9958177804946899
70,0.9909662008285522,0.7569843530654907,0.025170477107167244,1e-06,0.8249951601028442,0.9905297160148621,0.9881240725517273,0.9967942237854004,0.9876734614372253,0.7356229424476624,0.03843807801604271,0.8292187452316284,0.9875155091285706,0.9851585626602173,0.9958065748214722
71,0.9913530945777893,0.7643530964851379,0.024118106812238693,1e-06,0.826949954032898,0.9908244609832764,0.988544225692749,0.996910035610199,0.9876734614372253,0.7367787957191467,0.038620300590991974,0.8330808877944946,0.9874938130378723,0.9851868748664856,0.9958010911941528
72,0.9913390278816223,0.7607331871986389,0.024200381711125374,1e-06,0.8314657211303711,0.9907934665679932,0.9885368347167969,0.9969059228897095,0.9877094030380249,0.7369124293327332,0.03854266554117203,0.8327793478965759,0.9875206351280212,0.9852189421653748,0.995810329914093
73,0.991169273853302,0.7669906616210938,0.02452089451253414,1e-06,0.8328827619552612,0.9906267523765564,0.9883355498313904,0.9968357086181641,0.9877102375030518,0.7360233068466187,0.038546137511730194,0.833915114402771,0.9875465631484985,0.9852063655853271,0.9958175420761108
74,0.991350531578064,0.770594596862793,0.02402140013873577,1e-06,0.834553599357605,0.9908674359321594,0.9885831475257874,0.9969174861907959,0.9876624941825867,0.7359697222709656,0.038650032132864,0.834607720375061,0.9874935746192932,0.9851452112197876,0.9958034753799438
75,0.9910138845443726,0.7624731659889221,0.025055598467588425,1e-06,0.829386830329895,0.9905396103858948,0.988135814666748,0.9968159794807434,0.9876941442489624,0.735752284526825,0.038556840270757675,0.8328263163566589,0.98753422498703,0.9851618409156799,0.9958130717277527
76,0.9914272427558899,0.7668351531028748,0.02405790239572525,1e-06,0.8373492360115051,0.9908861517906189,0.9886071681976318,0.9969363212585449,0.987684965133667,0.7376704812049866,0.038698457181453705,0.8344089984893799,0.9875021576881409,0.985218346118927,0.9958044290542603
77,0.9913464784622192,0.7655012607574463,0.024258537217974663,1e-06,0.8329185247421265,0.9908348917961121,0.9886307120323181,0.9969097971916199,0.9876596331596375,0.7346663475036621,0.038500066846609116,0.8331397175788879,0.9875256419181824,0.9851358532905579,0.9958100914955139
78,0.9912939667701721,0.7687240242958069,0.024381272494792938,1e-06,0.8307592272758484,0.990763783454895,0.9884520769119263,0.9968739151954651,0.987686276435852,0.7371370792388916,0.03873342275619507,0.8337434530258179,0.987496554851532,0.9852066040039062,0.9958052039146423
79,0.9911239147186279,0.7601250410079956,0.024693544954061508,1e-06,0.8347465395927429,0.9906226992607117,0.9883387088775635,0.9968498945236206,0.9876530170440674,0.7368947863578796,0.03879057243466377,0.8359713554382324,0.9874803423881531,0.9851690530776978,0.9957990646362305
80,0.9912465810775757,0.7680965065956116,0.024386491626501083,1e-06,0.8365264534950256,0.9906679391860962,0.9883794784545898,0.9968578219413757,0.9876461029052734,0.7354915738105774,0.03867137432098389,0.835586667060852,0.9875075221061707,0.9851431250572205,0.9958053231239319
81,0.9911624193191528,0.7720978856086731,0.02459936961531639,1e-06,0.8342235088348389,0.9906315803527832,0.9883806109428406,0.9968367218971252,0.9876875281333923,0.7359353303909302,0.03868977352976799,0.8360229730606079,0.9875354766845703,0.9851769208908081,0.9958131909370422
82,0.9912568926811218,0.7623848915100098,0.02432633377611637,1e-06,0.8339528441429138,0.9907659292221069,0.9884971976280212,0.9968678951263428,0.9876585006713867,0.7367247343063354,0.038718029856681824,0.8352292776107788,0.9874833226203918,0.9851721525192261,0.9957965612411499
83,0.9912434220314026,0.7674127817153931,0.02430712804198265,1e-06,0.832503080368042,0.9907310605049133,0.9884207844734192,0.9968757629394531,0.9876905679702759,0.7335184812545776,0.0384519100189209,0.8363285064697266,0.9875837564468384,0.9851254820823669,0.9958317875862122
84,0.9913513660430908,0.7708365321159363,0.024062974378466606,1e-06,0.8340960741043091,0.9907618761062622,0.9885066747665405,0.9968911409378052,0.9876917004585266,0.738792896270752,0.03881705552339554,0.8349577188491821,0.9874836802482605,0.985222339630127,0.9957990646362305
85,0.9912979602813721,0.7690931558609009,0.024438858032226562,1e-06,0.8350825309753418,0.9907423853874207,0.9885152578353882,0.9968777298927307,0.9876765608787537,0.7359734177589417,0.038512155413627625,0.8346251249313354,0.98753422498703,0.9851683974266052,0.9958146810531616
86,0.9913071393966675,0.7658603191375732,0.02407294139266014,1e-06,0.8350592255592346,0.9908292293548584,0.9885204434394836,0.9969052076339722,0.987628698348999,0.7356811761856079,0.03865467756986618,0.8371506929397583,0.9874974489212036,0.985116183757782,0.9958052039146423
87,0.9913218021392822,0.768401026725769,0.024203922599554062,1e-06,0.8365136384963989,0.9907160401344299,0.9885190725326538,0.9968780875205994,0.987682044506073,0.736616849899292,0.03871238976716995,0.8378313183784485,0.98752361536026,0.9851917624473572,0.9958128333091736
88,0.9912450909614563,0.7720122933387756,0.02423125132918358,1e-06,0.8362718224525452,0.9906693696975708,0.9884141683578491,0.9968550801277161,0.9876911640167236,0.7366030812263489,0.038660045713186264,0.8386693000793457,0.9875316023826599,0.9852047562599182,0.9958166480064392
89,0.9913723468780518,0.7721509337425232,0.024089600890874863,1e-06,0.8353124856948853,0.9907938838005066,0.988551139831543,0.9968973994255066,0.9876941442489624,0.7382354736328125,0.038756486028432846,0.8364105820655823,0.9875141382217407,0.9852362871170044,0.9958088397979736
90,0.9916308522224426,0.7738707661628723,0.023437192663550377,1e-06,0.8362368941307068,0.9910166263580322,0.988889217376709,0.9969837069511414,0.9877051711082458,0.738659679889679,0.03877439349889755,0.8376296162605286,0.9875181317329407,0.9852416515350342,0.9958106875419617
91,0.9914381504058838,0.7709857821464539,0.023886747658252716,1e-06,0.8343790769577026,0.9908496141433716,0.9887151718139648,0.996913492679596,0.9876973032951355,0.7394170761108398,0.038839276880025864,0.8371442556381226,0.987482488155365,0.9852420091629028,0.9958004355430603
92,0.9915065169334412,0.77065509557724,0.023674912750720978,1e-06,0.8360698223114014,0.990894615650177,0.988752007484436,0.9969425797462463,0.9877297282218933,0.7397720217704773,0.038812797516584396,0.8390598297119141,0.98750239610672,0.9852805733680725,0.9958100318908691
93,0.9912735819816589,0.7589690685272217,0.02427869476377964,1e-06,0.8398730158805847,0.9908162355422974,0.9885258674621582,0.9968944787979126,0.9876962900161743,0.735876202583313,0.038517147302627563,0.8392611742019653,0.9875431060791016,0.985176682472229,0.9958221912384033
94,0.9912925362586975,0.7670965790748596,0.02432074584066868,1e-06,0.8363217115402222,0.9907524585723877,0.9885229468345642,0.9968687295913696,0.9877092838287354,0.7380768656730652,0.038660481572151184,0.8393515348434448,0.9875191450119019,0.9852416515350342,0.9958144426345825
95,0.9913803935050964,0.7702792286872864,0.024107305333018303,1e-06,0.8365316390991211,0.9907535314559937,0.9885063767433167,0.9968891739845276,0.9877726435661316,0.7397942543029785,0.03891078010201454,0.8395369052886963,0.9875625371932983,0.985331118106842,0.9958274960517883
96,0.9912450909614563,0.7707018852233887,0.024227572605013847,1e-06,0.8356745839118958,0.9907159209251404,0.9884147644042969,0.9968769550323486,0.9876702427864075,0.7377606630325317,0.03888784721493721,0.8422707319259644,0.9874967932701111,0.9852092266082764,0.9958038330078125
97,0.991569995880127,0.7744465470314026,0.02351725846529007,1e-06,0.8407605290412903,0.9908854961395264,0.9888007640838623,0.9969303011894226,0.9877145290374756,0.7385414242744446,0.038783106952905655,0.8393007516860962,0.9875192642211914,0.9852476716041565,0.9958139061927795
98,0.9913999438285828,0.7735462188720703,0.024067919701337814,1e-06,0.8377368450164795,0.990778923034668,0.9885790944099426,0.9968951344490051,0.987712025642395,0.7376922369003296,0.03872210159897804,0.8385109901428223,0.9875224828720093,0.9852207899093628,0.9958144426345825
99,0.9914326667785645,0.7720615267753601,0.023919684812426567,1e-06,0.835120439529419,0.9908600449562073,0.9886571764945984,0.9969084858894348,0.9877087473869324,0.740085244178772,0.038885366171598434,0.836890459060669,0.9874954223632812,0.985259473323822,0.9958065748214722
100,0.9913312792778015,0.7719229459762573,0.02415824681520462,1e-06,0.8371255397796631,0.9907248020172119,0.9885509014129639,0.9968674778938293,0.987724244594574,0.7377810478210449,0.038745298981666565,0.8384214639663696,0.9875450730323792,0.9852418899536133,0.9958211779594421
101,0.9915874600410461,0.7744309902191162,0.023561803624033928,1e-06,0.8371646404266357,0.9909186959266663,0.9887608885765076,0.996933102607727,0.9877173900604248,0.7406477332115173,0.03907918184995651,0.8396887183189392,0.9874979257583618,0.9853044152259827,0.9958060383796692
102,0.991657018661499,0.773049533367157,0.023440316319465637,1e-06,0.8402146100997925,0.9910991191864014,0.9889179468154907,0.996993899345398,0.9876949191093445,0.7408140301704407,0.03907101973891258,0.8400043249130249,0.9874703288078308,0.9852733612060547,0.9957972168922424
103,0.9915030598640442,0.7683583498001099,0.023490820080041885,1e-06,0.8368297219276428,0.9908958077430725,0.9888148307800293,0.996932864189148,0.987703263759613,0.7404077053070068,0.03913472965359688,0.8400116562843323,0.9874746203422546,0.9852797985076904,0.9957984685897827
104,0.9916529655456543,0.7737454771995544,0.023358987644314766,1e-06,0.8389682769775391,0.9909435510635376,0.9888760447502136,0.9969503283500671,0.9877296090126038,0.740045428276062,0.03913314267992973,0.8409877419471741,0.9875151515007019,0.9853086471557617,0.9958130717277527
105,0.9914507865905762,0.7786804437637329,0.023771950975060463,1e-06,0.8380392789840698,0.9908554553985596,0.9886529445648193,0.9969019889831543,0.9877331852912903,0.742341935634613,0.03931928798556328,0.8388892412185669,0.9874826073646545,0.9853150248527527,0.9958022236824036
106,0.9914829134941101,0.7740928530693054,0.02381904609501362,1e-06,0.8354581594467163,0.990865170955658,0.9887183904647827,0.9969177842140198,0.9877233505249023,0.7391098141670227,0.03895582631230354,0.8379628658294678,0.9875303506851196,0.9852507710456848,0.9958167672157288
107,0.9915449619293213,0.7755070924758911,0.023564225062727928,1e-06,0.8375392556190491,0.990986168384552,0.9887758493423462,0.9969527721405029,0.987699031829834,0.738991916179657,0.03903888538479805,0.841626763343811,0.9875215291976929,0.9852293133735657,0.9958140850067139
108,0.9915501475334167,0.7709362506866455,0.023622455075383186,1e-06,0.8395388126373291,0.9909515976905823,0.9888298511505127,0.996944785118103,0.9877082705497742,0.7399372458457947,0.03918393328785896,0.8421345949172974,0.9875020384788513,0.9852744340896606,0.99580979347229
109,0.9915280342102051,0.7689118981361389,0.02350969798862934,1e-06,0.838876485824585,0.9909365177154541,0.9887933135032654,0.9969369769096375,0.9877345561981201,0.7421106100082397,0.03961542248725891,0.8437334299087524,0.9874858260154724,0.9853344559669495,0.995805561542511
110,0.9916021227836609,0.7730726003646851,0.023443175479769707,1e-06,0.838875412940979,0.9910007119178772,0.9889320731163025,0.9969699382781982,0.9877358078956604,0.7404394745826721,0.03913279250264168,0.8408219814300537,0.9875328540802002,0.9852938055992126,0.9958186745643616
111,0.9916486740112305,0.7734522819519043,0.023307690396904945,1e-06,0.8389106392860413,0.9909651279449463,0.9888455867767334,0.9969709515571594,0.987692654132843,0.7397124171257019,0.03925696015357971,0.8434505462646484,0.9874810576438904,0.9852663278579712,0.9958022236824036
112,0.9916070103645325,0.773662805557251,0.023424215614795685,1e-06,0.8422382473945618,0.9909879565238953,0.9888764023780823,0.996959388256073,0.9876804351806641,0.7404625415802002,0.039310891181230545,0.843374490737915,0.9874597787857056,0.9852495193481445,0.9957964420318604
113,0.9915659427642822,0.7749983668327332,0.023596981540322304,1e-06,0.8403733372688293,0.9908891320228577,0.9887505769729614,0.9969284534454346,0.9877076148986816,0.7395297884941101,0.03923811390995979,0.8437635898590088,0.987502932548523,0.9852762222290039,0.9958108067512512
114,0.9917739033699036,0.7751486897468567,0.023139193654060364,1e-06,0.8404266834259033,0.991084098815918,0.9891273379325867,0.9969906210899353,0.9876673221588135,0.740837037563324,0.03938135877251625,0.8418582081794739,0.9874472618103027,0.9852659702301025,0.9957898259162903
115,0.9917250871658325,0.7755355834960938,0.02309403568506241,1e-06,0.8430768251419067,0.9910783171653748,0.988976001739502,0.9969959259033203,0.9876815676689148,0.7406583428382874,0.03931054472923279,0.8430785536766052,0.9874789714813232,0.9852848052978516,0.9957983493804932
116,0.991482675075531,0.7728163599967957,0.023684455081820488,1e-06,0.8416353464126587,0.9908429980278015,0.9887226223945618,0.9968968033790588,0.9877070188522339,0.7389866709709167,0.03902706503868103,0.8430581092834473,0.9875143766403198,0.9852737188339233,0.9958099126815796
117,0.9914039373397827,0.7725132703781128,0.02397463470697403,1e-06,0.8393323421478271,0.9908440709114075,0.9886763691902161,0.9969122409820557,0.987709641456604,0.7380891442298889,0.03902739658951759,0.8435924053192139,0.9875310063362122,0.9852358102798462,0.9958164095878601
118,0.9916693568229675,0.7754562497138977,0.023327216506004333,1e-06,0.8437319993972778,0.9910596609115601,0.9888898730278015,0.9969766736030579,0.9877033829689026,0.7397189140319824,0.03908693045377731,0.8430388569831848,0.9874940514564514,0.9852611422538757,0.995806097984314
119,0.9917244911193848,0.7783527970314026,0.023183710873126984,1e-06,0.8421889543533325,0.9910987615585327,0.9889809489250183,0.9969903826713562,0.9877238869667053,0.7413748502731323,0.03913422301411629,0.841555118560791,0.9874891638755798,0.9853158593177795,0.9958029389381409
120,0.9915894865989685,0.7740207314491272,0.02357153780758381,1e-06,0.8400886058807373,0.9909021258354187,0.98880535364151,0.9969278573989868,0.9877106547355652,0.7397316694259644,0.03910529986023903,0.8434312343597412,0.9875011444091797,0.9852775931358337,0.9958080649375916
121,0.9915610551834106,0.773968517780304,0.023550359532237053,1e-06,0.8405936360359192,0.9909721612930298,0.9888166189193726,0.9969541430473328,0.9877021312713623,0.742303192615509,0.039618536829948425,0.8447420597076416,0.9874606132507324,0.9853171110153198,0.9957953095436096
122,0.9918086528778076,0.7800123691558838,0.022877678275108337,1e-06,0.8413982391357422,0.9910618662834167,0.9891431331634521,0.9969974756240845,0.9876879453659058,0.7419913411140442,0.03944568708539009,0.845165491104126,0.987449049949646,0.9852950572967529,0.9957893490791321
123,0.9917879700660706,0.7770269513130188,0.02302098646759987,1e-06,0.8444903492927551,0.991090714931488,0.9891242384910583,0.9970020055770874,0.9877420663833618,0.7399646639823914,0.03921906277537346,0.8465276956558228,0.9875388741493225,0.98530513048172,0.9958204030990601
124,0.9917925596237183,0.7762588262557983,0.022877784445881844,1e-06,0.845845103263855,0.9910857677459717,0.9890716075897217,0.9969998002052307,0.9876940250396729,0.7397698760032654,0.03911292180418968,0.8465165495872498,0.9874938130378723,0.9852696061134338,0.9958049654960632
125,0.9916974902153015,0.7781438231468201,0.02323453314602375,1e-06,0.847481369972229,0.9910231828689575,0.9889495372772217,0.9969661235809326,0.9877319931983948,0.74120032787323,0.03909257426857948,0.84732586145401,0.9874973297119141,0.98532634973526,0.9958091974258423
126,0.9915398359298706,0.7759013175964355,0.023474548012018204,1e-06,0.841909646987915,0.9909026622772217,0.9888498783111572,0.9969245195388794,0.9877638816833496,0.7426303625106812,0.03928401321172714,0.8460947275161743,0.9875310063362122,0.9853929877281189,0.9958175420761108
127,0.9920709133148193,0.7777369022369385,0.02234644629061222,1e-06,0.8438000679016113,0.9914001226425171,0.9894396066665649,0.9970930218696594,0.9877442121505737,0.7456839084625244,0.03971472755074501,0.8462220430374146,0.9874436855316162,0.9854162931442261,0.9957904815673828
128,0.9918439984321594,0.7826152443885803,0.022812461480498314,1e-06,0.8461312055587769,0.991151750087738,0.989095151424408,0.997019350528717,0.9877932071685791,0.7428279519081116,0.039298348128795624,0.8463411331176758,0.9875320792198181,0.9854110479354858,0.9958171844482422
129,0.9918233156204224,0.7808420062065125,0.022947661578655243,1e-06,0.8454736471176147,0.9910920858383179,0.9891386032104492,0.99700528383255,0.9877238273620605,0.7413292527198792,0.03924133628606796,0.8454463481903076,0.9874972105026245,0.9853238463401794,0.9958095550537109
130,0.9919123649597168,0.7797855138778687,0.02268720604479313,1e-06,0.8466475605964661,0.9912481904029846,0.989209771156311,0.997045636177063,0.9877656698226929,0.7446030378341675,0.03970341011881828,0.848326563835144,0.9874915480613708,0.9854376316070557,0.9958062171936035
131,0.9917535185813904,0.780280590057373,0.023165155202150345,1e-06,0.8457401990890503,0.991032600402832,0.9890009760856628,0.9969795346260071,0.9877482056617737,0.7429578304290771,0.03951301798224449,0.84747314453125,0.9874860644340515,0.9853812456130981,0.995803952217102
132,0.9916489720344543,0.7712589502334595,0.023555975407361984,1e-06,0.8470462560653687,0.9910061359405518,0.9889375567436218,0.9969649910926819,0.987765908241272,0.7409420013427734,0.039250198751688004,0.8458757996559143,0.9875410795211792,0.9853554368019104,0.9958196878433228
133,0.9917598366737366,0.7783841490745544,0.0232246071100235,1e-06,0.8456286191940308,0.9909994602203369,0.988990306854248,0.9969675540924072,0.9877468347549438,0.7412422299385071,0.039243292063474655,0.8458027839660645,0.9875240325927734,0.9853442311286926,0.9958139061927795
134,0.9920039772987366,0.7804909944534302,0.02252381481230259,1e-06,0.8453707695007324,0.9913208484649658,0.9892712235450745,0.997066855430603,0.9877333045005798,0.7419909238815308,0.0394192673265934,0.8479496240615845,0.9875030517578125,0.9853629469871521,0.9958096742630005
135,0.9918497204780579,0.7845824956893921,0.022903280332684517,1e-06,0.8467888832092285,0.9911467432975769,0.9891107678413391,0.9970138669013977,0.9877806305885315,0.7426184415817261,0.03953735530376434,0.8473390340805054,0.9875463247299194,0.98540198802948,0.995822548866272
136,0.991974949836731,0.7846985459327698,0.022457266226410866,1e-06,0.8505162596702576,0.9912545680999756,0.9893195629119873,0.9970595836639404,0.98778235912323,0.7428056597709656,0.03934599459171295,0.8465532064437866,0.9875316023826599,0.9854070544242859,0.995818555355072
137,0.9917994737625122,0.7778511047363281,0.022913333028554916,1e-06,0.8448725938796997,0.991121232509613,0.989175021648407,0.9970185160636902,0.9877224564552307,0.7425743937492371,0.03945063427090645,0.8462556600570679,0.9874746203422546,0.9853546619415283,0.9958024621009827
138,0.9918755888938904,0.7807596325874329,0.02260344848036766,1e-06,0.8487839698791504,0.9911696910858154,0.9891807436943054,0.9970117211341858,0.9877671599388123,0.7449209690093994,0.03982838988304138,0.8478432297706604,0.987473726272583,0.9854254126548767,0.9957998394966125
139,0.9919795393943787,0.7828360795974731,0.022521449252963066,1e-06,0.8480332493782043,0.9912671446800232,0.9892988801002502,0.9970622062683105,0.9877578020095825,0.742841899394989,0.039644088596105576,0.8484144806861877,0.9875103831291199,0.9853869676589966,0.995810329914093
140,0.9916592836380005,0.7822795510292053,0.023448223248124123,1e-06,0.8483994007110596,0.9909637570381165,0.9888939261436462,0.9969497323036194,0.9877314567565918,0.7434203624725342,0.039666563272476196,0.8453485369682312,0.987467885017395,0.9853580594062805,0.9957975745201111
141,0.9919556975364685,0.7803981900215149,0.022635893896222115,1e-06,0.8465671539306641,0.9912383556365967,0.9892882704734802,0.9970395565032959,0.9877264499664307,0.7430686950683594,0.03966587781906128,0.8475558161735535,0.9874682426452637,0.98536217212677,0.9957993626594543
142,0.9919798374176025,0.7851124405860901,0.02253124862909317,1e-06,0.8457514047622681,0.9913161993026733,0.9893183708190918,0.9970694780349731,0.9877138733863831,0.7439882755279541,0.03984982147812843,0.8467851877212524,0.9874423146247864,0.9853602647781372,0.9957910776138306
143,0.9920910000801086,0.7854737043380737,0.022131098434329033,1e-06,0.8472698330879211,0.9913434982299805,0.9894318580627441,0.9970822930335999,0.9877330660820007,0.7445559501647949,0.03991801291704178,0.8499542474746704,0.9874541163444519,0.9853992462158203,0.9957944750785828
144,0.9919140338897705,0.7844894528388977,0.022608326748013496,1e-06,0.8503289222717285,0.9911498427391052,0.9892536997795105,0.9970194101333618,0.9877209663391113,0.7459487318992615,0.04005548730492592,0.8491741418838501,0.9874342083930969,0.9854065775871277,0.9957910776138306
145,0.991831362247467,0.7777326703071594,0.022800946608185768,1e-06,0.8493218421936035,0.991199254989624,0.9891979694366455,0.9970319867134094,0.9877241253852844,0.7447874546051025,0.04000623896718025,0.8486697673797607,0.9874663949012756,0.9853898882865906,0.9957990646362305
146,0.9919896125793457,0.7864789366722107,0.022311681881546974,1e-06,0.8466158509254456,0.9912607073783875,0.9893683791160583,0.997056245803833,0.9877306222915649,0.7446991205215454,0.0399400070309639,0.8482881784439087,0.9874547719955444,0.9853895902633667,0.9957967400550842
147,0.9919692277908325,0.7826026678085327,0.022531243041157722,1e-06,0.8466017246246338,0.9912842512130737,0.989338755607605,0.9970620274543762,0.9877762794494629,0.7444065809249878,0.03987235948443413,0.8477907180786133,0.9875216484069824,0.9854317903518677,0.9958140850067139
148,0.9918485879898071,0.7795710563659668,0.02268254943192005,1e-06,0.8473364114761353,0.991156816482544,0.9891614317893982,0.9970132112503052,0.9877958297729492,0.742193341255188,0.039598505944013596,0.8479913473129272,0.9875491857528687,0.9854018092155457,0.9958214163780212
149,0.99217689037323,0.7863651514053345,0.022058460861444473,1e-06,0.8460954427719116,0.9913936257362366,0.9894590973854065,0.9971081614494324,0.9877021312713623,0.7469991445541382,0.04034280404448509,0.8499778509140015,0.9873669147491455,0.9854041934013367,0.995769739151001
150,0.9918859004974365,0.7811190485954285,0.022573931142687798,1e-06,0.8486137390136719,0.9911633729934692,0.9891412258148193,0.9970245957374573,0.9877517819404602,0.7466409206390381,0.040226049721241,0.8503564596176147,0.9874356985092163,0.9854593276977539,0.9957884550094604
151,0.9920177459716797,0.7844221591949463,0.022347941994667053,1e-06,0.8484721183776855,0.991223931312561,0.9893622994422913,0.9970465302467346,0.9877220988273621,0.7455157041549683,0.040076639503240585,0.8509886264801025,0.9874410629272461,0.9854243993759155,0.9957892298698425
152,0.9919413328170776,0.7891147136688232,0.022465819492936134,1e-06,0.8501845598220825,0.9912592172622681,0.9892773628234863,0.9970391988754272,0.9877809882164001,0.7468633651733398,0.040238648653030396,0.8524423837661743,0.9874696135520935,0.9854850172996521,0.9958009719848633
153,0.9920447468757629,0.78315669298172,0.02223747782409191,1e-06,0.8502775430679321,0.9913298487663269,0.9894042015075684,0.9970763325691223,0.9877198934555054,0.7452149987220764,0.040111083537340164,0.8513326644897461,0.9874358177185059,0.9854089617729187,0.9957872033119202
154,0.9920545220375061,0.7873010039329529,0.022342437878251076,1e-06,0.8529489040374756,0.9912583231925964,0.9893608689308167,0.9970450401306152,0.9876983761787415,0.745580792427063,0.04026477411389351,0.8529866933822632,0.9874082207679749,0.9854033589363098,0.9957811236381531
155,0.9921714067459106,0.7813762426376343,0.022084994241595268,1e-06,0.849682092666626,0.9913816452026367,0.9895579814910889,0.9970985054969788,0.9877121448516846,0.7464944124221802,0.04019108787178993,0.8508245944976807,0.9874104857444763,0.98541259765625,0.995780885219574
156,0.9920562505722046,0.7841240167617798,0.022274281829595566,1e-06,0.8517537117004395,0.9912989139556885,0.9895289540290833,0.9970794916152954,0.9877036213874817,0.7446321845054626,0.03988919034600258,0.8478066921234131,0.987427830696106,0.9853707551956177,0.9957813620567322
157,0.9920797944068909,0.7841049432754517,0.022156089544296265,1e-06,0.848006010055542,0.9912751317024231,0.9894097447395325,0.9970638751983643,0.9877815842628479,0.7470946311950684,0.04033321887254715,0.8530617952346802,0.9874637722969055,0.9854964017868042,0.99579918384552
158,0.9920217990875244,0.7890787720680237,0.022235730662941933,1e-06,0.8516579270362854,0.9913448095321655,0.9894120097160339,0.9970763325691223,0.9877711534500122,0.7470710873603821,0.040533650666475296,0.8538966178894043,0.9874922037124634,0.9855068922042847,0.9958033561706543
159,0.9921484589576721,0.7869652509689331,0.022030867636203766,1e-06,0.8515177965164185,0.9913288354873657,0.9895269274711609,0.9970937371253967,0.9877352118492126,0.7470642924308777,0.0403050072491169,0.8528637886047363,0.987445056438446,0.9854497313499451,0.9957900047302246
160,0.9921268820762634,0.7891653180122375,0.021796029061079025,1e-06,0.8528748154640198,0.991328239440918,0.9895404577255249,0.9970679879188538,0.9877604246139526,0.7460060119628906,0.04016202315688133,0.8532285690307617,0.9874779582023621,0.9854679703712463,0.9957975745201111
161,0.992072582244873,0.7875964641571045,0.0222186092287302,1e-06,0.8488207459449768,0.9913176894187927,0.9894430041313171,0.99708092212677,0.9876897931098938,0.7459866404533386,0.040256425738334656,0.8521847724914551,0.9874022603034973,0.9853958487510681,0.995776891708374
162,0.991797149181366,0.7860330939292908,0.022894475609064102,1e-06,0.8514611721038818,0.991063117980957,0.9891322255134583,0.996974527835846,0.9877667427062988,0.7455809116363525,0.040018558502197266,0.850714921951294,0.987483561038971,0.9854463934898376,0.9957996010780334
163,0.9921895265579224,0.790973961353302,0.021833816543221474,1e-06,0.8518549203872681,0.9913924336433411,0.9895134568214417,0.9971053004264832,0.9877292513847351,0.7458938360214233,0.04022528603672981,0.8524810075759888,0.9874420166015625,0.9854216575622559,0.9957878589630127
164,0.9921156764030457,0.7875713109970093,0.021868575364351273,1e-06,0.8534626364707947,0.991365373134613,0.9895390272140503,0.9970930814743042,0.9877937436103821,0.7469215989112854,0.04041103646159172,0.8555589914321899,0.9875036478042603,0.9855211973190308,0.9958084225654602
165,0.9921208620071411,0.7873742580413818,0.021856054663658142,1e-06,0.8541076183319092,0.991395890712738,0.9895946979522705,0.9971001148223877,0.9877762794494629,0.7451969385147095,0.04008370637893677,0.855396032333374,0.9875116348266602,0.9854671955108643,0.9958086609840393
166,0.9922705292701721,0.7952293753623962,0.021732216700911522,1e-06,0.8513140678405762,0.9914416074752808,0.9895749092102051,0.9971120357513428,0.9877750277519226,0.7477113604545593,0.04042082652449608,0.8523427248001099,0.9874675869941711,0.9854987859725952,0.9957963228225708
167,0.992253303527832,0.7888078093528748,0.02191786654293537,1e-06,0.8538004159927368,0.9914414882659912,0.9895257353782654,0.997118353843689,0.9877467155456543,0.7469174265861511,0.040499839931726456,0.8552668690681458,0.987427294254303,0.985476553440094,0.9957852363586426
168,0.9920042753219604,0.7875713109970093,0.022357281297445297,1e-06,0.852556586265564,0.9912678003311157,0.989353358745575,0.9970529079437256,0.9877419471740723,0.7461951971054077,0.040523748844861984,0.8554813861846924,0.9874480366706848,0.9854527115821838,0.9957880973815918
169,0.9921702742576599,0.7849570512771606,0.021826593205332756,1e-06,0.8546224236488342,0.991396963596344,0.9896177053451538,0.9971039891242981,0.9877946972846985,0.7460730075836182,0.04044158756732941,0.8558436632156372,0.9875178933143616,0.985506534576416,0.9958102107048035
170,0.9922481179237366,0.7909716367721558,0.021716302260756493,1e-06,0.8521060943603516,0.991448700428009,0.9895802736282349,0.9971168637275696,0.987778902053833,0.7456434965133667,0.04045500233769417,0.8542758822441101,0.9875019192695618,0.9854662418365479,0.9958050847053528
171,0.9922233819961548,0.7882835268974304,0.021763579919934273,1e-06,0.8546956777572632,0.9914559125900269,0.9896047115325928,0.9971230626106262,0.9878001809120178,0.746488630771637,0.040435828268527985,0.8543226718902588,0.9875080585479736,0.9854940176010132,0.9958090782165527
172,0.9920019507408142,0.7842880487442017,0.022474296391010284,1e-06,0.8511101603507996,0.9913456439971924,0.9893588423728943,0.9970884323120117,0.987721860408783,0.7433759570121765,0.040226880460977554,0.8538889288902283,0.9874838590621948,0.9853683114051819,0.9958005547523499
173,0.9921214580535889,0.7879111170768738,0.02213023044168949,1e-06,0.8533338308334351,0.9913188815116882,0.9894545078277588,0.9970794916152954,0.9877782464027405,0.7472166419029236,0.04054256156086922,0.853077232837677,0.9874662160873413,0.9854825735092163,0.9957979321479797
174,0.992473840713501,0.7927708029747009,0.02138676308095455,1e-06,0.8558878898620605,0.99165278673172,0.9898899793624878,0.9971819519996643,0.9877363443374634,0.7462974786758423,0.040383897721767426,0.8544497489929199,0.9874398112297058,0.9854592084884644,0.9957863688468933
175,0.9919959306716919,0.7881301641464233,0.02237422578036785,1e-06,0.8539181351661682,0.9912059903144836,0.9893755316734314,0.9970409274101257,0.9878056645393372,0.7475977540016174,0.04052957147359848,0.855644702911377,0.9875117540359497,0.9855412840843201,0.9958066940307617
176,0.9920717477798462,0.785957396030426,0.022000577300786972,1e-06,0.8553715348243713,0.9912804961204529,0.9894341230392456,0.997054398059845,0.9877778887748718,0.7465035319328308,0.040436502546072006,0.8561971187591553,0.9874860644340515,0.9854966402053833,0.9958005547523499
177,0.9922642111778259,0.7902929782867432,0.021694783121347427,1e-06,0.854794979095459,0.9914730191230774,0.9896751046180725,0.9971345663070679,0.9877700209617615,0.7475915551185608,0.04044179245829582,0.8547762632369995,0.9874575138092041,0.985481321811676,0.9957908391952515
178,0.9920022487640381,0.7843228578567505,0.022165946662425995,1e-06,0.8563188314437866,0.9912541508674622,0.989376962184906,0.9970417618751526,0.9877647757530212,0.7472485899925232,0.040646083652973175,0.8585044145584106,0.9874586462974548,0.9855027794837952,0.9957918524742126
179,0.9923340082168579,0.7900460362434387,0.021571455523371696,1e-06,0.8604722023010254,0.9915900826454163,0.9897119402885437,0.9971656203269958,0.9877768754959106,0.7484862208366394,0.04102195054292679,0.8591251373291016,0.9874569177627563,0.9855443239212036,0.9957910776138306
180,0.9921306371688843,0.7905405759811401,0.02202172763645649,1e-06,0.8550585508346558,0.9913625121116638,0.9895280003547668,0.9970825910568237,0.9878053069114685,0.7461180090904236,0.04043557494878769,0.8557643890380859,0.9875289797782898,0.9855194687843323,0.9958140850067139
181,0.9923391342163086,0.791865885257721,0.02152048982679844,1e-06,0.8575665354728699,0.9914848208427429,0.9897099137306213,0.9971449375152588,0.9878246784210205,0.7468348145484924,0.04060840234160423,0.8562047481536865,0.987525224685669,0.9855321049690247,0.9958154559135437
182,0.992128312587738,0.792689859867096,0.022109825164079666,1e-06,0.8555691242218018,0.9913271069526672,0.989519476890564,0.9970776438713074,0.9877811074256897,0.7484725713729858,0.040854450315237045,0.8563138246536255,0.9874683618545532,0.985525369644165,0.995795488357544
183,0.992219090461731,0.7903038263320923,0.021780433133244514,1e-06,0.8569291234016418,0.9914163947105408,0.9895883798599243,0.9971110820770264,0.9878076910972595,0.7487562894821167,0.040947236120700836,0.8567310571670532,0.9874967932701111,0.9855589270591736,0.9958060383796692
184,0.9921404123306274,0.7908992171287537,0.022008728235960007,1e-06,0.8544797897338867,0.9913498759269714,0.9895599484443665,0.9970783591270447,0.9877587556838989,0.74942547082901,0.040989626199007034,0.8558339476585388,0.9874283075332642,0.985525369644165,0.9957813620567322
185,0.9920556545257568,0.7891807556152344,0.02224084734916687,1e-06,0.8538877964019775,0.9912997484207153,0.9893959164619446,0.9970565438270569,0.9877396821975708,0.746806263923645,0.040655914694070816,0.8558275699615479,0.9874405264854431,0.9854698181152344,0.9957861304283142
186,0.9922805428504944,0.7934689521789551,0.02160053886473179,1e-06,0.8551318645477295,0.9913901090621948,0.9896734356880188,0.9970883131027222,0.9877622723579407,0.746241569519043,0.04049169272184372,0.854957103729248,0.987486720085144,0.9854782819747925,0.9957975745201111
187,0.9924135208129883,0.7948147654533386,0.021278338506817818,1e-06,0.8540788292884827,0.9916315674781799,0.9898273944854736,0.9971808791160583,0.9877724051475525,0.7487910985946655,0.04082835465669632,0.8550925254821777,0.987442135810852,0.9855175018310547,0.995786726474762
188,0.9921050667762756,0.7872793674468994,0.02196243777871132,1e-06,0.8559951782226562,0.9913653135299683,0.9895590543746948,0.9970831871032715,0.9877749085426331,0.7490347027778625,0.04103098809719086,0.8566852807998657,0.9874682426452637,0.9855440258979797,0.9957964420318604
189,0.9924414157867432,0.7973715662956238,0.021263858303427696,1e-06,0.8588104248046875,0.9916040897369385,0.9898431897163391,0.9971672296524048,0.9877975583076477,0.749226450920105,0.04090046510100365,0.8568476438522339,0.9874797463417053,0.9855612516403198,0.9957978129386902
190,0.9923394322395325,0.7915722727775574,0.02145797200500965,1e-06,0.8559538722038269,0.991474449634552,0.9897279143333435,0.997134268283844,0.9877646565437317,0.7501216530799866,0.04108346626162529,0.8584305047988892,0.9874319434165955,0.9855569005012512,0.9957829713821411
191,0.9923523664474487,0.7950243353843689,0.021450836211442947,1e-06,0.8558777570724487,0.9915059208869934,0.9897526502609253,0.9971417784690857,0.9877837300300598,0.7481425404548645,0.040968574583530426,0.8573580980300903,0.9874703884124756,0.9855439066886902,0.9957948327064514
192,0.992347776889801,0.790529191493988,0.021376129239797592,1e-06,0.8569025993347168,0.9914645552635193,0.9897328019142151,0.9971291422843933,0.9878025650978088,0.7488871812820435,0.04107440635561943,0.8578428030014038,0.98749178647995,0.9855758547782898,0.9958016872406006
193,0.9921723008155823,0.7937133312225342,0.021869877353310585,1e-06,0.8555840253829956,0.9913617372512817,0.9895591139793396,0.9970865249633789,0.9877557754516602,0.7480869889259338,0.040817782282829285,0.8566337823867798,0.9874376654624939,0.9854926466941833,0.9957854747772217
194,0.9924796223640442,0.7995147109031677,0.021236127242445946,1e-06,0.8560253381729126,0.991580605506897,0.9898074865341187,0.9971668124198914,0.987821638584137,0.7481565475463867,0.0407932884991169,0.8568587303161621,0.9874999523162842,0.9855566620826721,0.995806097984314
195,0.9923750758171082,0.7961386442184448,0.021603770554065704,1e-06,0.8566316366195679,0.9915191531181335,0.9897102117538452,0.9971403479576111,0.9878144264221191,0.7493813037872314,0.04099153354763985,0.8558880090713501,0.9874997735023499,0.9855657815933228,0.9958063364028931
196,0.9923454523086548,0.7932232022285461,0.021570095792412758,1e-06,0.8543834090232849,0.9914253950119019,0.9897069334983826,0.9971151947975159,0.9878081679344177,0.748997151851654,0.04104083776473999,0.857958972454071,0.9875146150588989,0.9855650067329407,0.9958102107048035
197,0.9924155473709106,0.7944570183753967,0.021187186241149902,1e-06,0.8571538925170898,0.9915139675140381,0.9898603558540344,0.9971456527709961,0.9877853393554688,0.7498077154159546,0.041169337928295135,0.8573316335678101,0.9874516725540161,0.9855668544769287,0.9957882165908813
198,0.9924882054328918,0.7915905117988586,0.021215075626969337,1e-06,0.8576663136482239,0.9916311502456665,0.9899101257324219,0.9971773624420166,0.9877832531929016,0.7466166615486145,0.0406993143260479,0.8569179773330688,0.9875026941299438,0.985511839389801,0.9958034753799438
199,0.9924529194831848,0.7998741269111633,0.02123144455254078,1e-06,0.8589338064193726,0.9916228652000427,0.9898261427879333,0.9971734285354614,0.987748920917511,0.7495044469833374,0.04139941930770874,0.858599841594696,0.9874147176742554,0.9855284690856934,0.9957773685455322
