epoch,accuracy,dice_coef,loss,lr,mean_io_u,precision,sensitivity,specificity,val_accuracy,val_dice_coef,val_loss,val_mean_io_u,val_precision,val_sensitivity,val_specificity
0,0.9814794659614563,0.3302910625934601,0.07805311679840088,1e-04,0.6548430919647217,0.9857308268547058,0.9714735746383667,0.9951838254928589,0.9837290048599243,0.38183528184890747,0.058527588844299316,0.5699853897094727,0.9857009053230286,0.9818552136421204,0.9951877593994141
1,0.9858145713806152,0.39604517817497253,0.04659518599510193,1e-04,0.737238883972168,0.9896283745765686,0.980597972869873,0.996408998966217,0.9877049326896667,0.43762731552124023,0.03829598054289818,0.8034545183181763,0.9908722043037415,0.9820066094398499,0.9968317151069641
2,0.9869044423103333,0.4191403090953827,0.041218601167201996,1e-04,0.7785452008247375,0.9897271990776062,0.9822514057159424,0.9964653253555298,0.987038254737854,0.42098599672317505,0.039777740836143494,0.7919515371322632,0.9892151951789856,0.9838600754737854,0.9963297247886658
3,0.9887199997901917,0.46017986536026,0.03491787239909172,1e-04,0.7753477096557617,0.9906288981437683,0.9851909875869751,0.9967865347862244,0.9900584816932678,0.48165205121040344,0.030701862648129463,0.7291629314422607,0.9903106093406677,0.9884307384490967,0.9967406988143921
4,0.9900278449058533,0.47857528924942017,0.031248055398464203,1e-04,0.7616636753082275,0.9911025166511536,0.9874082803726196,0.9969698786735535,0.9904776811599731,0.5015601515769958,0.02872483804821968,0.7764233946800232,0.9918113946914673,0.9875549674034119,0.997215747833252
5,0.9911215901374817,0.5213461518287659,0.026738431304693222,1e-04,0.7805219888687134,0.9918695688247681,0.9888466000556946,0.9972334504127502,0.9905602335929871,0.4852405786514282,0.03026360273361206,0.7349038124084473,0.9921029210090637,0.9869338274002075,0.9972846508026123
6,0.991849422454834,0.5442334413528442,0.024714171886444092,1e-04,0.7823295593261719,0.9921639561653137,0.9898507595062256,0.9973497986793518,0.9920002818107605,0.5454942584037781,0.0238778255879879,0.8030518293380737,0.992106020450592,0.9902754426002502,0.9973382949829102
7,0.9913281202316284,0.5396499037742615,0.02681433968245983,1e-04,0.7782067060470581,0.9917576909065247,0.9893245100975037,0.9972129464149475,0.9924874901771545,0.5388346910476685,0.023937508463859558,0.7901865839958191,0.9930469393730164,0.9901131391525269,0.9976215362548828
8,0.9921939373016357,0.5574919581413269,0.023736881092190742,1e-04,0.781543493270874,0.992355227470398,0.9903004169464111,0.9974172711372375,0.9916530251502991,0.5299028754234314,0.025303194299340248,0.795815110206604,0.992107093334198,0.9897868633270264,0.9973282217979431
9,0.9936725497245789,0.5833895206451416,0.0188558641821146,2e-05,0.8044246435165405,0.9934693574905396,0.9920447468757629,0.9977940320968628,0.9935173988342285,0.5923077464103699,0.018782183527946472,0.814369797706604,0.9932762384414673,0.9920004606246948,0.9977368712425232
10,0.9940214157104492,0.5988301038742065,0.017199082300066948,2e-05,0.8207714557647705,0.9937341213226318,0.9924535155296326,0.9978832006454468,0.9934127926826477,0.596341609954834,0.019493695348501205,0.8359173536300659,0.9931137561798096,0.9920587539672852,0.9976861476898193
11,0.9939701557159424,0.596126139163971,0.017668232321739197,2e-05,0.8301640748977661,0.9937290549278259,0.9923849105834961,0.9978803396224976,0.993668258190155,0.5930584073066711,0.018271807581186295,0.8267238140106201,0.9935275316238403,0.992006242275238,0.99781334400177
12,0.9941999912261963,0.6101173758506775,0.016651596873998642,2e-05,0.8264551758766174,0.9939084053039551,0.9926081299781799,0.997939944267273,0.9935858845710754,0.5983676314353943,0.018342871218919754,0.8119076490402222,0.9934029579162598,0.9919657707214355,0.9977832436561584
13,0.9941771626472473,0.6098544597625732,0.0167093425989151,2e-05,0.8240375518798828,0.9938666224479675,0.9926060438156128,0.9979265928268433,0.9937940835952759,0.6075695157051086,0.017989734187722206,0.8256269693374634,0.9934968948364258,0.9924174547195435,0.9978154301643372
14,0.994259774684906,0.6055353283882141,0.01658611372113228,2e-05,0.821279764175415,0.9939345121383667,0.9927318096160889,0.9979531168937683,0.9938486814498901,0.6053479313850403,0.017853401601314545,0.833005428314209,0.9934805035591125,0.9924456477165222,0.9978075623512268
15,0.9943760633468628,0.6074658036231995,0.016211939975619316,2e-05,0.8154403567314148,0.9940449595451355,0.9928191304206848,0.9979878067970276,0.9938398003578186,0.6053387522697449,0.017692241817712784,0.8273570537567139,0.9936320781707764,0.9923147559165955,0.9978527426719666
16,0.9945513606071472,0.6156666278839111,0.015874311327934265,2e-05,0.813086986541748,0.9941684007644653,0.9929946660995483,0.9980295896530151,0.9939342141151428,0.6063714623451233,0.017694903537631035,0.8426361083984375,0.9936404824256897,0.9925327301025391,0.9978580474853516
17,0.9943008422851562,0.6145468950271606,0.016649331897497177,2e-05,0.8197029232978821,0.9939183592796326,0.9927598237991333,0.9979454874992371,0.9937846064567566,0.598175585269928,0.018225030973553658,0.7968697547912598,0.9935126304626465,0.992243230342865,0.997818648815155
18,0.9945595264434814,0.6190757751464844,0.015550948679447174,4e-06,0.8234180212020874,0.9941511750221252,0.9930426478385925,0.9980278015136719,0.9940232634544373,0.6122802495956421,0.017315316945314407,0.8304798603057861,0.9937079548835754,0.9926199316978455,0.997884213924408
19,0.9948325753211975,0.6257297396659851,0.014821945689618587,4e-06,0.8212882280349731,0.99437415599823,0.9933709502220154,0.9980977773666382,0.9940535426139832,0.6150768995285034,0.01715615950524807,0.8208165168762207,0.9937071800231934,0.9926871657371521,0.9978846311569214
20,0.9949090480804443,0.6340813636779785,0.014562363736331463,4e-06,0.8223313093185425,0.9944257140159607,0.9934539198875427,0.9981187582015991,0.9941003322601318,0.6211981773376465,0.017221642658114433,0.8281394243240356,0.9936785697937012,0.9927689433097839,0.9978752732276917
21,0.9949045181274414,0.624701976776123,0.014644363895058632,4e-06,0.8327335119247437,0.9944354891777039,0.9934254884719849,0.9981225728988647,0.9941654801368713,0.6234241724014282,0.017038991674780846,0.8393786549568176,0.9937349557876587,0.9928296804428101,0.9978964328765869
22,0.9948005676269531,0.6257376670837402,0.01484169252216816,4e-06,0.83254075050354,0.9943216443061829,0.9932911396026611,0.9980829358100891,0.9940273761749268,0.612975001335144,0.017198214307427406,0.8430495262145996,0.9937377572059631,0.9926092028617859,0.9978926181793213
23,0.994854211807251,0.6226728558540344,0.014945638366043568,4e-06,0.8344056010246277,0.9944474101066589,0.9933662414550781,0.9981251955032349,0.9941509366035461,0.621903657913208,0.017020640894770622,0.8372687101364136,0.9937250018119812,0.992828905582428,0.9978943467140198
24,0.9949923753738403,0.6323397159576416,0.014367916621267796,1e-06,0.8372995853424072,0.9945021867752075,0.9935590624809265,0.9981452226638794,0.9941851496696472,0.6199882626533508,0.01684666983783245,0.8385352492332458,0.9937824010848999,0.992831826210022,0.997911810874939
25,0.9949318766593933,0.6308459043502808,0.014464659616351128,1e-06,0.8405027985572815,0.9944302439689636,0.9934347867965698,0.9981244802474976,0.9941964745521545,0.6203138828277588,0.016832886263728142,0.8418622016906738,0.9937962889671326,0.9928353428840637,0.9979164004325867
26,0.9947962164878845,0.6315053701400757,0.015049220994114876,1e-06,0.8371131420135498,0.9943362474441528,0.9932886958122253,0.9980888962745667,0.9941892623901367,0.6158947944641113,0.016726968809962273,0.8373230695724487,0.9938269257545471,0.9927663207054138,0.9979246258735657
27,0.9951332211494446,0.6265764832496643,0.014030324295163155,1e-06,0.838249921798706,0.9946256279945374,0.993685781955719,0.9981861114501953,0.9941924810409546,0.6197880506515503,0.01677655428647995,0.8391280174255371,0.9937949180603027,0.9928273558616638,0.9979146718978882
28,0.9950571656227112,0.6347403526306152,0.014173256233334541,1e-06,0.835776150226593,0.9945449829101562,0.9935742020606995,0.9981595277786255,0.9941732287406921,0.6235807538032532,0.016971591860055923,0.8423228859901428,0.993757426738739,0.9928728342056274,0.997901976108551
29,0.9948984384536743,0.6303905248641968,0.014537602663040161,1e-06,0.8357645273208618,0.9944029450416565,0.9934581518173218,0.9981099367141724,0.9941895604133606,0.6221694946289062,0.01688372530043125,0.8380624651908875,0.9937753677368164,0.9928587675094604,0.9979090094566345
30,0.9950324296951294,0.6244959831237793,0.014325045049190521,1e-06,0.837530255317688,0.994557797908783,0.9936078190803528,0.9981675744056702,0.994218111038208,0.6199943423271179,0.01672469824552536,0.8385915160179138,0.9938142895698547,0.9928532838821411,0.9979215264320374
31,0.9948911666870117,0.6258741617202759,0.014587420970201492,1e-06,0.8390019536018372,0.9944220185279846,0.9934296011924744,0.9981180429458618,0.9942048788070679,0.6209163665771484,0.01677895337343216,0.8422225713729858,0.9938001036643982,0.9928646087646484,0.9979169964790344
32,0.9950200915336609,0.6261112093925476,0.014501301571726799,1e-06,0.8394473791122437,0.9945203065872192,0.9935551881790161,0.998154878616333,0.9942041039466858,0.6221333146095276,0.016824644058942795,0.8411529064178467,0.9937875866889954,0.9928802847862244,0.9979122281074524
33,0.9949221014976501,0.6291832327842712,0.014717533253133297,1e-06,0.8354350924491882,0.9944213032722473,0.9934576749801636,0.9981159567832947,0.9942096471786499,0.6207351684570312,0.016747113317251205,0.839235782623291,0.9937973022460938,0.9928608536720276,0.9979152083396912
34,0.9948580265045166,0.6252870559692383,0.014732176437973976,1e-06,0.8348958492279053,0.9943779706954956,0.9933621287345886,0.9981048107147217,0.9942284822463989,0.6195353269577026,0.016655441373586655,0.8394937515258789,0.9938329458236694,0.992851972579956,0.9979259967803955
35,0.9949583411216736,0.630888819694519,0.014464755542576313,1e-06,0.837646484375,0.9944791197776794,0.9934573769569397,0.9981363415718079,0.9941949248313904,0.6216192245483398,0.01683301292359829,0.8427563905715942,0.993793785572052,0.9928696751594543,0.9979146718978882
36,0.995093584060669,0.6321701407432556,0.014067932963371277,1e-06,0.8406389951705933,0.9946227073669434,0.9936453104019165,0.998187243938446,0.9942033886909485,0.6176629066467285,0.016706494614481926,0.8396809101104736,0.9938412308692932,0.9928034543991089,0.9979285597801208
37,0.9950869679450989,0.6282227039337158,0.014114595018327236,1e-06,0.8392380475997925,0.9945741891860962,0.9936385750770569,0.9981714487075806,0.9942135810852051,0.6193096041679382,0.016723105683922768,0.8412299156188965,0.9938295483589172,0.9928418397903442,0.9979255199432373
38,0.9949639439582825,0.6303248405456543,0.014290517196059227,1e-06,0.8408515453338623,0.9944857358932495,0.9935250282287598,0.9981401562690735,0.994205117225647,0.6185869574546814,0.016678551211953163,0.8388603925704956,0.9938309192657471,0.9928191304206848,0.9979261755943298
39,0.9949923753738403,0.6302635073661804,0.014395788311958313,1e-06,0.8375446200370789,0.9945383667945862,0.9934819936752319,0.9981541037559509,0.9942415952682495,0.6211827993392944,0.016647551208734512,0.8371440172195435,0.9938436150550842,0.9928828477859497,0.9979299902915955
40,0.9950687289237976,0.6318233013153076,0.014096241444349289,1e-06,0.8386544585227966,0.9945774674415588,0.9936320781707764,0.9981721043586731,0.9942274689674377,0.6211969256401062,0.016721365973353386,0.8388341665267944,0.9938217997550964,0.9928792715072632,0.9979243278503418
41,0.9950255751609802,0.6273311376571655,0.014385655522346497,1e-06,0.8418023586273193,0.9945579767227173,0.9935935139656067,0.9981633424758911,0.9942321181297302,0.6194376349449158,0.016659338027238846,0.8350562453269958,0.9938507676124573,0.9928469061851501,0.9979305267333984
42,0.9950522780418396,0.6254900097846985,0.014185375533998013,1e-06,0.8330811262130737,0.9945662617683411,0.9935957789421082,0.9981666207313538,0.9942194223403931,0.6192545294761658,0.016710376366972923,0.8382021188735962,0.9938536286354065,0.9928394556045532,0.9979315400123596
43,0.9951052665710449,0.630778968334198,0.014012978412210941,1e-06,0.8419656753540039,0.9945924282073975,0.9936586618423462,0.9981753826141357,0.9942094683647156,0.6214279532432556,0.016797985881567,0.8423874974250793,0.9938263297080994,0.9928802251815796,0.9979246854782104
44,0.995101809501648,0.6307129859924316,0.01401220727711916,1e-06,0.8364520072937012,0.9946110844612122,0.9936694502830505,0.9981842637062073,0.9942377805709839,0.6250927448272705,0.016783976927399635,0.84278404712677,0.993818461894989,0.9929327964782715,0.9979217648506165
45,0.9951027631759644,0.6384629011154175,0.013971123844385147,1e-06,0.8401554822921753,0.9945600628852844,0.9936464428901672,0.998165488243103,0.9942355155944824,0.6239476799964905,0.016782347112894058,0.8443005084991455,0.9938272833824158,0.9929205179214478,0.9979262351989746
46,0.9950990676879883,0.6384020447731018,0.013940396718680859,1e-06,0.8402721285820007,0.9945639967918396,0.9936373829841614,0.9981668591499329,0.9942030906677246,0.6246243715286255,0.016893213614821434,0.846186637878418,0.9937995076179504,0.992906391620636,0.9979171752929688
47,0.9950448274612427,0.6377294063568115,0.014091221615672112,1e-06,0.8423475623130798,0.9945454001426697,0.9935873746871948,0.9981594681739807,0.9942412376403809,0.6224720478057861,0.0166977196931839,0.8432667255401611,0.9938400983810425,0.9928868412971497,0.9979296922683716
48,0.9951733350753784,0.6359537839889526,0.013703042641282082,1e-06,0.842444658279419,0.9946438670158386,0.9937117099761963,0.9981931447982788,0.9942543506622314,0.6252011060714722,0.016711167991161346,0.8439574837684631,0.9938311576843262,0.9929280877113342,0.9979278445243835
49,0.995233952999115,0.6389946937561035,0.013703228905797005,1e-06,0.8396824598312378,0.994687557220459,0.9938106536865234,0.9982094168663025,0.9942435026168823,0.6251246333122253,0.01675894856452942,0.8440321087837219,0.9938321113586426,0.9929287433624268,0.9979275465011597
50,0.9949873089790344,0.6361013650894165,0.014266044832766056,1e-06,0.8384746313095093,0.9944562911987305,0.9935266971588135,0.998129665851593,0.9942349791526794,0.6236620545387268,0.016748081892728806,0.8431850671768188,0.9938313364982605,0.9929018616676331,0.9979267716407776
51,0.9951553344726562,0.6365188956260681,0.013697424903512001,1e-06,0.8434169292449951,0.9946416616439819,0.9937102794647217,0.9981897473335266,0.9942286610603333,0.626488208770752,0.016888663172721863,0.8465175032615662,0.993807852268219,0.9929291605949402,0.9979210495948792
52,0.9952428340911865,0.6361379027366638,0.013814120553433895,1e-06,0.8402935266494751,0.9946831464767456,0.9938333630561829,0.9982103705406189,0.9942639470100403,0.6258160471916199,0.016727527603507042,0.8429329991340637,0.9938446879386902,0.9929417967796326,0.9979325532913208
53,0.9952147006988525,0.6370806097984314,0.013689517043530941,1e-06,0.8412911891937256,0.9946977496147156,0.9937841892242432,0.9982146620750427,0.9942392110824585,0.6294851899147034,0.016910694539546967,0.8438588380813599,0.993794322013855,0.992975652217865,0.9979164600372314
54,0.9952666163444519,0.6382642984390259,0.013603056780993938,1e-06,0.8400366306304932,0.9947317838668823,0.9938450455665588,0.9982239603996277,0.9942474365234375,0.6238481998443604,0.016644032672047615,0.839522659778595,0.9938317537307739,0.9929085969924927,0.9979287385940552
55,0.9949217438697815,0.629693865776062,0.014488380402326584,1e-06,0.8395928144454956,0.9944326877593994,0.9934124946594238,0.9981207847595215,0.9942659139633179,0.6243058443069458,0.016654279083013535,0.8398213386535645,0.9938361644744873,0.9929326772689819,0.9979290962219238
56,0.995274543762207,0.6360624432563782,0.013495219871401787,1e-06,0.8403056263923645,0.9947538375854492,0.9938247203826904,0.9982292056083679,0.9942286610603333,0.6267656683921814,0.016868831589818,0.845718502998352,0.9938021302223206,0.9929461479187012,0.9979183077812195
57,0.9951629042625427,0.6315176486968994,0.014033861458301544,1e-06,0.8394366502761841,0.9946494698524475,0.9937673211097717,0.9981966018676758,0.9942600131034851,0.6242350935935974,0.016658738255500793,0.8357138633728027,0.9938293099403381,0.9929378628730774,0.9979278445243835
58,0.9950358867645264,0.6343331336975098,0.014386090449988842,1e-06,0.8325502872467041,0.9945356845855713,0.9935556650161743,0.9981570839881897,0.9942554235458374,0.6223452687263489,0.01665046066045761,0.8378931283950806,0.9938488602638245,0.9929225444793701,0.997934103012085
59,0.9951015114784241,0.6389398574829102,0.014077489264309406,1e-06,0.8363093733787537,0.9946117401123047,0.9936143159866333,0.9981794357299805,0.9942607283592224,0.6245991587638855,0.01671687327325344,0.8401175737380981,0.9938448667526245,0.992949903011322,0.9979323744773865
60,0.9952199459075928,0.636838436126709,0.013705513440072536,1e-06,0.8405375480651855,0.994713306427002,0.9937949776649475,0.9982149004936218,0.9942235946655273,0.622856616973877,0.016806326806545258,0.8378185033798218,0.9938220977783203,0.9928884506225586,0.9979241490364075
61,0.9951305985450745,0.6343100070953369,0.01405460387468338,1e-06,0.8332816958427429,0.9946195483207703,0.9936854243278503,0.9981855750083923,0.9942265748977661,0.6242992281913757,0.01682109944522381,0.8365246057510376,0.9938154816627502,0.9929092526435852,0.9979191422462463
62,0.9952262043952942,0.6323007941246033,0.013743801973760128,1e-06,0.8351389169692993,0.9947280883789062,0.9938027262687683,0.9982198476791382,0.9942581653594971,0.6261472105979919,0.016740521416068077,0.8345754146575928,0.9938274621963501,0.9929493069648743,0.9979259967803955
63,0.9952505230903625,0.6435097455978394,0.013726422563195229,1e-06,0.8325858116149902,0.9947168827056885,0.9937930107116699,0.9982180595397949,0.9942625761032104,0.6268875598907471,0.016752848401665688,0.8373246192932129,0.993833601474762,0.9929730892181396,0.9979283213615417
64,0.9952911734580994,0.6281883120536804,0.013437841087579727,1e-06,0.8347727656364441,0.9947864413261414,0.9939241409301758,0.998242974281311,0.9942501783370972,0.6292439699172974,0.016856100410223007,0.8378105163574219,0.9938094019889832,0.9929710030555725,0.9979206323623657
65,0.9951663613319397,0.6360793113708496,0.013890920206904411,1e-06,0.8361850380897522,0.9946386814117432,0.9937166571617126,0.9981916546821594,0.9942594170570374,0.6260486245155334,0.0166991725564003,0.8399825096130371,0.9938462972640991,0.9929511547088623,0.9979342222213745
66,0.995073676109314,0.6312730312347412,0.014012875966727734,1e-06,0.8373205065727234,0.9945639371871948,0.9936537742614746,0.9981674551963806,0.9942498207092285,0.6283397674560547,0.016821660101413727,0.8421791791915894,0.9938187003135681,0.9929718375205994,0.9979251027107239
67,0.9950743913650513,0.6382687091827393,0.014129062183201313,1e-06,0.8389419317245483,0.9945681095123291,0.9936274886131287,0.998164713382721,0.9942864179611206,0.6248189806938171,0.016615761443972588,0.8391687273979187,0.9938668012619019,0.9929576516151428,0.9979386925697327
68,0.9951117038726807,0.6400226354598999,0.01405944675207138,1e-06,0.83454430103302,0.9945871233940125,0.9936386942863464,0.9981731176376343,0.9942644238471985,0.625666081905365,0.016693612560629845,0.8421051502227783,0.9938303232192993,0.9929506778717041,0.9979275465011597
69,0.9951122999191284,0.6347261071205139,0.014101558364927769,1e-06,0.8408939242362976,0.9946156740188599,0.9936283826828003,0.9981828331947327,0.9942455887794495,0.6229755282402039,0.016717657446861267,0.8431316018104553,0.9938486218452454,0.9929149150848389,0.9979333281517029
70,0.9952571988105774,0.6344966292381287,0.013527892529964447,1e-06,0.8422199487686157,0.9947549104690552,0.9938113689422607,0.9982303977012634,0.9942521452903748,0.6269311308860779,0.016868380829691887,0.845398485660553,0.9938269853591919,0.9929704666137695,0.9979262351989746
71,0.995141327381134,0.6378377676010132,0.013774952851235867,1e-06,0.8466195464134216,0.9946510195732117,0.9937359094619751,0.9981958270072937,0.9942781329154968,0.6251565217971802,0.01667119562625885,0.8382900953292847,0.9938539862632751,0.9929710030555725,0.9979346990585327
72,0.9951530694961548,0.6337885856628418,0.013900564052164555,1e-06,0.8372451066970825,0.9946212768554688,0.9937421679496765,0.9981868267059326,0.9942805767059326,0.6241167783737183,0.016644787043333054,0.8398451805114746,0.9938617944717407,0.9929551482200623,0.9979382157325745
73,0.9952181577682495,0.6404367089271545,0.013627130538225174,1e-06,0.8394617438316345,0.9946993589401245,0.9937641024589539,0.9982115030288696,0.994246244430542,0.624133288860321,0.016792384907603264,0.8440576791763306,0.9938454031944275,0.9929329752922058,0.9979315996170044
74,0.9950907826423645,0.6384891867637634,0.014089437201619148,1e-06,0.8415893912315369,0.9945896863937378,0.993618369102478,0.9981752634048462,0.994282603263855,0.6287806034088135,0.0167732872068882,0.8471169471740723,0.993831217288971,0.993002712726593,0.9979289770126343
75,0.9953205585479736,0.6426482796669006,0.013384033925831318,1e-06,0.8438924551010132,0.9947791695594788,0.9939202070236206,0.9982383847236633,0.994282603263855,0.6268258094787598,0.01672345958650112,0.8437504768371582,0.9938502907752991,0.9929786324501038,0.9979327917098999
76,0.9954177141189575,0.6341411471366882,0.013306189328432083,1e-06,0.8390305638313293,0.9948405027389526,0.9940376281738281,0.9982625842094421,0.9942792057991028,0.6286259293556213,0.016792161390185356,0.8401942253112793,0.9938291311264038,0.9929953217506409,0.9979272484779358
77,0.9952191710472107,0.6382133960723877,0.013652995228767395,1e-06,0.8390833139419556,0.9946981072425842,0.9937852025032043,0.9982123374938965,0.9942617416381836,0.6255764961242676,0.01673467457294464,0.8412107825279236,0.9938476085662842,0.992943286895752,0.9979326725006104
78,0.995310366153717,0.6402686238288879,0.01349703036248684,1e-06,0.8372688293457031,0.9947488903999329,0.9938645362854004,0.9982287883758545,0.9942819476127625,0.6284129023551941,0.016733091324567795,0.8395476341247559,0.9938412308692932,0.9929993748664856,0.9979310631752014
79,0.9954844117164612,0.64698326587677,0.0129780825227499,1e-06,0.8429255485534668,0.9949057698249817,0.9941015839576721,0.9982814192771912,0.9943016767501831,0.630142092704773,0.01672481745481491,0.8416231870651245,0.993845522403717,0.9930243492126465,0.9979333281517029
80,0.995369017124176,0.649313747882843,0.013197214342653751,1e-06,0.8407689332962036,0.9947868585586548,0.9939627051353455,0.9982402324676514,0.9942514896392822,0.6293371915817261,0.016898371279239655,0.843235194683075,0.9938230514526367,0.9929813742637634,0.9979223608970642
81,0.9952586889266968,0.6392756700515747,0.01361649390310049,1e-06,0.8397508859634399,0.9946749210357666,0.99382483959198,0.9982055425643921,0.9942852854728699,0.6280727386474609,0.016720321029424667,0.8436453342437744,0.9938472509384155,0.992996335029602,0.9979317784309387
82,0.9952303767204285,0.6430248022079468,0.013669349253177643,1e-06,0.8389813899993896,0.9946721792221069,0.9937978386878967,0.9982006549835205,0.9943158030509949,0.6280269622802734,0.016595425084233284,0.8392565250396729,0.9938523173332214,0.9930151700973511,0.9979345202445984
83,0.9951655864715576,0.6404738426208496,0.013892716728150845,1e-06,0.836327075958252,0.9946407675743103,0.9937225580215454,0.9981921315193176,0.9942771792411804,0.6284592747688293,0.016819456592202187,0.8451077342033386,0.9938335418701172,0.9930118918418884,0.9979297518730164
84,0.9954051375389099,0.6453021168708801,0.013253523036837578,1e-06,0.8385998010635376,0.994846761226654,0.9939960837364197,0.9982624650001526,0.9943029880523682,0.6273522973060608,0.016620712354779243,0.8417943716049194,0.9938793182373047,0.9930012226104736,0.9979420900344849
85,0.9953550100326538,0.6389034390449524,0.013213224709033966,1e-06,0.840141773223877,0.9947713613510132,0.9939635396003723,0.998237669467926,0.9942961931228638,0.6311977505683899,0.016832182183861732,0.8450558185577393,0.9938392639160156,0.9930347800254822,0.9979299902915955
86,0.9952247738838196,0.6455646753311157,0.013672222383320332,1e-06,0.8439825773239136,0.9947032928466797,0.9937911629676819,0.998214066028595,0.9942770600318909,0.6276940703392029,0.01678118295967579,0.8454793691635132,0.9938564896583557,0.9929934740066528,0.9979371428489685
87,0.9951154589653015,0.6454913020133972,0.013908804394304752,1e-06,0.8419071435928345,0.9946083426475525,0.9936840534210205,0.9981791973114014,0.9942948222160339,0.6265149712562561,0.016648801043629646,0.8417881727218628,0.9938749670982361,0.9929943084716797,0.9979422092437744
88,0.9954724907875061,0.6373677253723145,0.012883484363555908,1e-06,0.8444686532020569,0.9949111938476562,0.9940580725669861,0.9982833862304688,0.9942981004714966,0.6321098804473877,0.016886724159121513,0.8482528924942017,0.993843138217926,0.9930474758148193,0.9979317784309387
89,0.9952371716499329,0.6423877477645874,0.013558718375861645,1e-06,0.8425607681274414,0.9946935772895813,0.9938316345214844,0.998210608959198,0.994286835193634,0.626560628414154,0.016733719035983086,0.8470780849456787,0.993873119354248,0.992989718914032,0.9979398250579834
90,0.9953172206878662,0.6401360034942627,0.013359233736991882,1e-06,0.8455397486686707,0.9948017597198486,0.9939233660697937,0.9982460737228394,0.9943170547485352,0.6304652690887451,0.01669534482061863,0.8466740846633911,0.9938677549362183,0.9930420517921448,0.9979395866394043
91,0.9951632618904114,0.6394973397254944,0.013825048692524433,1e-06,0.8439395427703857,0.994609534740448,0.9937465786933899,0.9981807470321655,0.9943114519119263,0.6284902691841125,0.016640033572912216,0.8414579629898071,0.993868887424469,0.9930141568183899,0.9979380965232849
92,0.9954100251197815,0.6440786719322205,0.013030670583248138,1e-06,0.8418718576431274,0.9948710203170776,0.9940313100814819,0.9982680082321167,0.9943200349807739,0.6308022737503052,0.016626469790935516,0.8433932662010193,0.9938554763793945,0.9930457472801208,0.9979355931282043
93,0.9952971935272217,0.6431688666343689,0.013462359085679054,1e-06,0.839396595954895,0.9947373270988464,0.9938453435897827,0.9982223510742188,0.9942997694015503,0.6301535964012146,0.016769757494330406,0.8435678482055664,0.9938448667526245,0.9930354356765747,0.9979323148727417
94,0.9951119422912598,0.6342283487319946,0.01395405363291502,1e-06,0.8414983749389648,0.9945864081382751,0.9936760663986206,0.9981719851493835,0.9943004250526428,0.6284348368644714,0.016682926565408707,0.8417803049087524,0.9938596487045288,0.9930109977722168,0.9979371428489685
95,0.9953281283378601,0.6340492367744446,0.01329608354717493,1e-06,0.8420897722244263,0.9947745203971863,0.9939095377922058,0.9982377886772156,0.9942832589149475,0.6299247741699219,0.016797762364149094,0.8458112478256226,0.9938533902168274,0.9930214881896973,0.997934103012085
96,0.995284914970398,0.644177258014679,0.013531949371099472,1e-06,0.8428068161010742,0.9947463274002075,0.9938895106315613,0.9982274174690247,0.9942945837974548,0.6264601349830627,0.01666858419775963,0.8433285355567932,0.9938840866088867,0.9929855465888977,0.9979434013366699
97,0.9952846169471741,0.6326214671134949,0.01354269403964281,1e-06,0.8436062335968018,0.9947735667228699,0.9938843250274658,0.9982389807701111,0.9942939877510071,0.6246886849403381,0.016588930040597916,0.8440732359886169,0.9938790798187256,0.9929608702659607,0.9979424476623535
98,0.9953505992889404,0.6419188976287842,0.01320705097168684,1e-06,0.8422561883926392,0.9948273301124573,0.9939181804656982,0.9982555508613586,0.9942976832389832,0.6322400569915771,0.01686432771384716,0.8498393893241882,0.9938446879386902,0.993056058883667,0.9979342818260193
99,0.9953023791313171,0.6411558389663696,0.013466976583003998,1e-06,0.8431061506271362,0.9947519898414612,0.9938915967941284,0.9982315897941589,0.9942940473556519,0.6285760998725891,0.01671999879181385,0.8438562154769897,0.9938628077507019,0.993019163608551,0.9979376792907715
100,0.9952754378318787,0.6461786031723022,0.013504778034985065,1e-06,0.8400380611419678,0.9947411417961121,0.9938147068023682,0.9982264637947083,0.9942842125892639,0.6274139881134033,0.016767727211117744,0.8449137210845947,0.9938704967498779,0.9930042028427124,0.997941255569458
101,0.9952890872955322,0.6417726874351501,0.013378772884607315,1e-06,0.8373317122459412,0.9947302341461182,0.9938800930976868,0.9982239007949829,0.9943291544914246,0.6328070163726807,0.016757981851696968,0.8436324596405029,0.9938608407974243,0.9930803775787354,0.9979379177093506
102,0.9953802824020386,0.6446360945701599,0.013179435394704342,1e-06,0.8404133319854736,0.9948238134384155,0.9939975738525391,0.9982566833496094,0.99430912733078,0.6287471652030945,0.016670269891619682,0.8400778770446777,0.9938598871231079,0.9930289387702942,0.9979368448257446
103,0.9952307343482971,0.6333577036857605,0.013595538213849068,1e-06,0.8396700024604797,0.9946658611297607,0.9937983751296997,0.998202383518219,0.9942991137504578,0.627746045589447,0.016775352880358696,0.8464018106460571,0.9938618540763855,0.9930093288421631,0.9979382157325745
104,0.9953225255012512,0.641530454158783,0.01334836520254612,1e-06,0.8439668416976929,0.9947674870491028,0.993899405002594,0.9982337951660156,0.994296133518219,0.6275874972343445,0.016649696975946426,0.8417729139328003,0.993869960308075,0.993004560470581,0.9979410171508789
105,0.9955418705940247,0.6500130891799927,0.012790601700544357,1e-06,0.8436787724494934,0.9949692487716675,0.9941630363464355,0.9983060956001282,0.9943011999130249,0.6321614980697632,0.016809120774269104,0.8434144258499146,0.9938502907752991,0.9930585026741028,0.9979334473609924
106,0.9953851699829102,0.6402273178100586,0.013195293955504894,1e-06,0.8397578597068787,0.9948510527610779,0.9940009117126465,0.998263418674469,0.9943270087242126,0.6329551339149475,0.016748007386922836,0.8432700634002686,0.9938706159591675,0.9930768013000488,0.997941792011261
107,0.9953743815422058,0.647419273853302,0.013165532611310482,1e-06,0.8433865308761597,0.9948121309280396,0.9939865469932556,0.9982523322105408,0.9943079948425293,0.6269595623016357,0.016598952934145927,0.839928150177002,0.9938884973526001,0.9929920434951782,0.9979456663131714
108,0.9954429268836975,0.6423591375350952,0.01312171295285225,1e-06,0.840598464012146,0.9948835372924805,0.9940427541732788,0.9982727766036987,0.9942996501922607,0.6313837170600891,0.016816528514027596,0.8462420701980591,0.9938420057296753,0.9930378794670105,0.9979325532913208
109,0.9953004121780396,0.6450830101966858,0.01342676766216755,1e-06,0.8429480791091919,0.9947435259819031,0.9938459992408752,0.9982248544692993,0.994325578212738,0.6299203038215637,0.01665966585278511,0.8435380458831787,0.9938865303993225,0.9930421113967896,0.9979457855224609
110,0.9952372908592224,0.6444550156593323,0.013701009564101696,1e-06,0.83805251121521,0.9946913123130798,0.9937793016433716,0.9982087016105652,0.9943180084228516,0.6300099492073059,0.016675006598234177,0.8395451307296753,0.9938738346099854,0.9930395483970642,0.997941792011261
111,0.995366632938385,0.6402822136878967,0.013186458498239517,1e-06,0.8384205102920532,0.9948270320892334,0.9939619898796082,0.9982579350471497,0.9942895174026489,0.6288179159164429,0.01675962470471859,0.8453912734985352,0.993877649307251,0.9930050373077393,0.997941792011261
112,0.9951884746551514,0.6474977731704712,0.013654332607984543,1e-06,0.8413787484169006,0.9946829080581665,0.993741512298584,0.998205304145813,0.9943329691886902,0.6331424117088318,0.016715485602617264,0.8431847095489502,0.9938697814941406,0.9930770993232727,0.9979426264762878
113,0.9953928589820862,0.647305965423584,0.013217047788202763,1e-06,0.8406249284744263,0.9948061108589172,0.9939767122268677,0.9982495307922363,0.9943178296089172,0.6290134787559509,0.016608498990535736,0.8409522771835327,0.993883490562439,0.9930187463760376,0.9979449510574341
114,0.9954462051391602,0.6471930146217346,0.012936667539179325,1e-06,0.8431414365768433,0.9948573112487793,0.9940300583839417,0.9982653856277466,0.9943329095840454,0.6316852569580078,0.01667843759059906,0.8447566032409668,0.9938828945159912,0.9930635094642639,0.997944176197052
115,0.9954982399940491,0.6482577919960022,0.012802562676370144,1e-06,0.8482098579406738,0.9949455857276917,0.994105339050293,0.9982976317405701,0.9942817091941833,0.6317659020423889,0.01695886440575123,0.8486322164535522,0.9938506484031677,0.9930377006530762,0.9979334473609924
116,0.9953386187553406,0.6530928015708923,0.013227025046944618,1e-06,0.843041718006134,0.9948053956031799,0.9939161539077759,0.998245894908905,0.994323194026947,0.6319059133529663,0.01680826023221016,0.8444626331329346,0.9938730001449585,0.9930601716041565,0.9979435205459595
117,0.9954885244369507,0.6448395848274231,0.01286502368748188,1e-06,0.8423135280609131,0.9948980212211609,0.9940943717956543,0.998279869556427,0.9943423867225647,0.6317210793495178,0.016659826040267944,0.8417865037918091,0.993891179561615,0.9930657148361206,0.9979479312896729
118,0.9953135848045349,0.6435294151306152,0.013351762667298317,1e-06,0.84264075756073,0.9947685599327087,0.9938953518867493,0.9982377886772156,0.9943348169326782,0.6312232613563538,0.016633780673146248,0.8403379917144775,0.9938872456550598,0.9930525422096252,0.9979455471038818
119,0.9954974055290222,0.6471605896949768,0.012803938239812851,1e-06,0.839885950088501,0.9949288368225098,0.9940982460975647,0.9982922077178955,0.9943119883537292,0.6360490918159485,0.01696578413248062,0.845961332321167,0.9938464164733887,0.993086040019989,0.9979337453842163
120,0.9953590035438538,0.6498129963874817,0.013230427168309689,1e-06,0.8440427780151367,0.9947904944419861,0.9939523935317993,0.9982422590255737,0.9943299889564514,0.6317813396453857,0.016679251566529274,0.8457232117652893,0.9938859939575195,0.9930658340454102,0.9979456663131714
121,0.9954612851142883,0.6542038321495056,0.013130871579051018,1e-06,0.8396086692810059,0.9948785901069641,0.9940397143363953,0.9982740879058838,0.9943279027938843,0.6333373188972473,0.016804704442620277,0.8406749963760376,0.9938571453094482,0.9930781722068787,0.9979363679885864
122,0.9953852891921997,0.6534473299980164,0.013029680587351322,1e-06,0.8415372967720032,0.9948059916496277,0.9939870238304138,0.9982485175132751,0.9943469166755676,0.6331590414047241,0.016688616946339607,0.8426586389541626,0.9938773512840271,0.9930843710899353,0.997941792011261
123,0.995326578617096,0.6439173817634583,0.013310200534760952,1e-06,0.843580961227417,0.9948047399520874,0.9938992261886597,0.9982461929321289,0.9943205118179321,0.6325718760490417,0.01684419810771942,0.8460694551467896,0.9938700199127197,0.9930580258369446,0.9979408383369446
124,0.9955897927284241,0.6529167890548706,0.012635829858481884,1e-06,0.8441998958587646,0.9949642419815063,0.9941907525062561,0.9983012676239014,0.9942998290061951,0.6375375986099243,0.01704593002796173,0.8487722873687744,0.9938331842422485,0.9930852651596069,0.9979296326637268
125,0.995440661907196,0.6437987089157104,0.013080141507089138,1e-06,0.8425582647323608,0.9948764443397522,0.9940507411956787,0.9982728958129883,0.99432772397995,0.6353883743286133,0.016873981803655624,0.8443177342414856,0.9938596487045288,0.993090033531189,0.9979373812675476
126,0.9952361583709717,0.641224205493927,0.013557887636125088,1e-06,0.840895414352417,0.9946832060813904,0.9938146471977234,0.9982085227966309,0.9943225383758545,0.6320346593856812,0.016802800819277763,0.8433453440666199,0.9938672184944153,0.9930461645126343,0.9979379177093506
127,0.9956178069114685,0.6438272595405579,0.012564149685204029,1e-06,0.8406848907470703,0.9950013160705566,0.9942423105239868,0.9983165860176086,0.994317352771759,0.6345067620277405,0.016864852979779243,0.842383086681366,0.9938601851463318,0.9930738210678101,0.9979352355003357
128,0.9954220056533813,0.6490920782089233,0.013147053308784962,1e-06,0.839869499206543,0.9948544502258301,0.9940139055252075,0.9982635378837585,0.9943050742149353,0.6288295984268188,0.016752179712057114,0.8429101705551147,0.9938779473304749,0.993010401725769,0.9979426264762878
129,0.9955110549926758,0.6506829261779785,0.01275564730167389,1e-06,0.8427796363830566,0.9949434399604797,0.994125485420227,0.9982914328575134,0.9943345189094543,0.6342409253120422,0.01687777228653431,0.8443176746368408,0.9938604831695557,0.993084192276001,0.9979391694068909
130,0.9955100417137146,0.6452457308769226,0.012747332453727722,1e-06,0.845932126045227,0.9949656128883362,0.9941238760948181,0.9983029365539551,0.9943119883537292,0.6354962587356567,0.017066961154341698,0.8504419922828674,0.9938534498214722,0.9930843710899353,0.9979363083839417
131,0.9954734444618225,0.6450632810592651,0.013067470863461494,1e-06,0.8421507477760315,0.9949235916137695,0.9940659999847412,0.9982867240905762,0.9942945837974548,0.6291686296463013,0.016845714300870895,0.842819094657898,0.9938713312149048,0.9929969906806946,0.9979411363601685
132,0.9955213665962219,0.6425459384918213,0.012717031873762608,1e-06,0.8422948122024536,0.9949566721916199,0.9941244721412659,0.998299777507782,0.9943512082099915,0.6352248191833496,0.016776317730545998,0.8401576280593872,0.9938791990280151,0.9931015372276306,0.9979448318481445
133,0.9953733682632446,0.6441317200660706,0.013269424438476562,1e-06,0.8375991582870483,0.994819700717926,0.9939729571342468,0.9982532262802124,0.9943326711654663,0.6312729120254517,0.0167292021214962,0.8378796577453613,0.9938923120498657,0.9930605888366699,0.9979473948478699
134,0.995347261428833,0.6441799998283386,0.013209398835897446,1e-06,0.835485577583313,0.9948045611381531,0.9939175844192505,0.998248279094696,0.994282603263855,0.629055380821228,0.016863249242305756,0.8414453268051147,0.9938696026802063,0.99299556016922,0.9979400038719177
135,0.9954305291175842,0.6410314440727234,0.012939770705997944,1e-06,0.8379400968551636,0.9948801398277283,0.9940076470375061,0.998271644115448,0.9943446516990662,0.6360821723937988,0.01686386577785015,0.8429002165794373,0.9938768148422241,0.9931050539016724,0.9979439377784729
136,0.9955212473869324,0.6480780243873596,0.012731517665088177,1e-06,0.8461737632751465,0.9949470162391663,0.9941624402999878,0.9982974529266357,0.9943168759346008,0.6330949068069458,0.01689099334180355,0.8471481800079346,0.9938766956329346,0.993068277835846,0.9979429841041565
137,0.9956524968147278,0.6443464756011963,0.012429543770849705,1e-06,0.8425339460372925,0.9950770735740662,0.9942830204963684,0.9983398914337158,0.9943180680274963,0.6348634958267212,0.01694479212164879,0.8448923826217651,0.9938666820526123,0.9930835962295532,0.9979414343833923
138,0.9954943656921387,0.649986207485199,0.012731303460896015,1e-06,0.8411650061607361,0.9948928356170654,0.9940841794013977,0.9982773661613464,0.9943321943283081,0.6354584097862244,0.016971949487924576,0.8466541767120361,0.9938725829124451,0.9930952787399292,0.9979419112205505
139,0.9955366253852844,0.6506105661392212,0.01285697240382433,1e-06,0.8413281440734863,0.9949400424957275,0.9941592216491699,0.998295247554779,0.9943391680717468,0.6342602968215942,0.01685323193669319,0.8437005281448364,0.9938698410987854,0.9930858612060547,0.9979413747787476
140,0.9954052567481995,0.6467304825782776,0.012975679710507393,1e-06,0.8407812118530273,0.9948227405548096,0.9939875602722168,0.9982521533966064,0.9943371415138245,0.6357018351554871,0.01687745191156864,0.8459265828132629,0.9938663244247437,0.9930998086929321,0.9979389309883118
141,0.9954609274864197,0.6489249467849731,0.01286639180034399,1e-06,0.8478008508682251,0.9948695302009583,0.9940511584281921,0.9982704520225525,0.9943383932113647,0.6323204636573792,0.01676322892308235,0.8470790386199951,0.9938921928405762,0.9930647015571594,0.9979468584060669
142,0.9954103231430054,0.6462397575378418,0.013099797070026398,1e-06,0.8456974029541016,0.9948582053184509,0.994003176689148,0.9982661604881287,0.9943153858184814,0.631779134273529,0.016854386776685715,0.8418232202529907,0.9938780069351196,0.9930508136749268,0.997943639755249
143,0.995570957660675,0.6463613510131836,0.012705200351774693,1e-06,0.8398834466934204,0.9949765205383301,0.9941794276237488,0.9983053803443909,0.9943646192550659,0.6371650695800781,0.016801321879029274,0.8441755771636963,0.993889570236206,0.9931310415267944,0.9979475140571594
144,0.9954985976219177,0.6470636129379272,0.012855579145252705,1e-06,0.839684009552002,0.9949010014533997,0.9941275119781494,0.9982812404632568,0.9943029880523682,0.633411169052124,0.016988415271043777,0.8471861481666565,0.9938737750053406,0.9930661916732788,0.9979422092437744
145,0.9954932332038879,0.649729311466217,0.012730473652482033,1e-06,0.8418201208114624,0.9949092864990234,0.994101345539093,0.9982835054397583,0.9943262338638306,0.638387143611908,0.01700107380747795,0.8479885458946228,0.9938580989837646,0.9931089878082275,0.997938334941864
146,0.9956124424934387,0.6549362540245056,0.012552771717309952,1e-06,0.8453477621078491,0.9950162768363953,0.9942437410354614,0.998321533203125,0.9943405985832214,0.6370363831520081,0.016975751146674156,0.8437385559082031,0.993869960308075,0.9931153655052185,0.9979413747787476
147,0.9955800771713257,0.6551951766014099,0.01258197519928217,1e-06,0.841875433921814,0.9950008392333984,0.9941799640655518,0.9983149170875549,0.9943472146987915,0.6375148296356201,0.016915548592805862,0.8432239294052124,0.993877112865448,0.9931174516677856,0.9979456067085266
148,0.9955527782440186,0.6537971496582031,0.012650237418711185,1e-06,0.8439344167709351,0.9949480295181274,0.9941425919532776,0.9982988238334656,0.9943416118621826,0.6365616321563721,0.016840387135744095,0.8484519720077515,0.9938822388648987,0.9931018948554993,0.997945249080658
149,0.9957276582717896,0.6555343270301819,0.012175841256976128,1e-06,0.8471236824989319,0.9951242804527283,0.9943469762802124,0.9983552694320679,0.9943296909332275,0.639072060585022,0.01705935224890709,0.8513408899307251,0.9938597679138184,0.9931249618530273,0.9979373812675476
150,0.9955355525016785,0.6457114815711975,0.012664166279137135,1e-06,0.8471317291259766,0.9949628710746765,0.9941697716712952,0.9983025789260864,0.9943488240242004,0.637635350227356,0.01692538894712925,0.8463139533996582,0.9938792586326599,0.9931188821792603,0.9979451298713684
151,0.9956159591674805,0.6584498286247253,0.01252561341971159,1e-06,0.8467819690704346,0.9950389862060547,0.994223415851593,0.9983274340629578,0.9943466186523438,0.6388046145439148,0.01701514422893524,0.8478708267211914,0.9938716888427734,0.9931225776672363,0.9979408383369446
152,0.9954419732093811,0.647253155708313,0.012902412563562393,1e-06,0.843909502029419,0.9948793053627014,0.9940614700317383,0.998271644115448,0.9943463206291199,0.6371741890907288,0.016908150166273117,0.8466770648956299,0.993879497051239,0.9931058883666992,0.9979450106620789
153,0.9955455660820007,0.6614804267883301,0.012662127614021301,1e-06,0.8450332880020142,0.9949280619621277,0.9941568374633789,0.9982900023460388,0.9943094253540039,0.6352950930595398,0.016943782567977905,0.8478814363479614,0.9938654899597168,0.9930711388587952,0.9979375600814819
154,0.9953444600105286,0.6558278799057007,0.013140775263309479,1e-06,0.8466472625732422,0.9947759509086609,0.9939004778862,0.9982377886772156,0.9943211078643799,0.6378113627433777,0.017015038058161736,0.849980354309082,0.9938713908195496,0.9931035041809082,0.9979434609413147
155,0.9956113696098328,0.6603038907051086,0.012477749027311802,1e-06,0.8477767109870911,0.9950163960456848,0.9942479133605957,0.9983187317848206,0.9943475127220154,0.6409915089607239,0.017016766592860222,0.8466843366622925,0.9938564896583557,0.9931368827819824,0.9979358315467834
156,0.9956014752388,0.6536092758178711,0.012610047124326229,1e-06,0.8440918922424316,0.9949970841407776,0.9942203760147095,0.9983131289482117,0.9943162202835083,0.6343187093734741,0.01686992309987545,0.8454731106758118,0.9938746094703674,0.9930634498596191,0.9979420304298401
157,0.9956706762313843,0.6483246088027954,0.012370215728878975,1e-06,0.8433878421783447,0.9950540661811829,0.9942864775657654,0.9983305335044861,0.9943012595176697,0.6385195255279541,0.017126835882663727,0.8491804599761963,0.9938505291938782,0.9930943250656128,0.9979342222213745
158,0.9954388737678528,0.6532682776451111,0.012951364740729332,1e-06,0.841310977935791,0.9948523044586182,0.9940212368965149,0.9982646703720093,0.9943051338195801,0.6340257525444031,0.01683984324336052,0.8438116312026978,0.9938735365867615,0.9930513501167297,0.9979419112205505
159,0.9956297874450684,0.6498571634292603,0.012422541156411171,1e-06,0.8437315821647644,0.995007336139679,0.9942489266395569,0.9983201026916504,0.9943537712097168,0.6385382413864136,0.016847174614667892,0.8437086939811707,0.9938769340515137,0.9931269884109497,0.9979448318481445
160,0.9956380724906921,0.6545430421829224,0.012490750290453434,1e-06,0.8445181846618652,0.9950271248817444,0.9942320585250854,0.9983225464820862,0.9943490028381348,0.6393514275550842,0.016967900097370148,0.8502516150474548,0.9938760995864868,0.9931426048278809,0.9979435205459595
161,0.9955157041549683,0.6589866280555725,0.012771506793797016,1e-06,0.8455251455307007,0.9949042797088623,0.9941202402114868,0.9982833862304688,0.9943390488624573,0.638852596282959,0.017075104638934135,0.8493459224700928,0.9938648343086243,0.9931251406669617,0.9979387521743774
162,0.9956064224243164,0.6476404070854187,0.012584340758621693,1e-06,0.846126139163971,0.9950270652770996,0.994225025177002,0.9983236789703369,0.9943246245384216,0.6347376704216003,0.016941970214247704,0.8479950428009033,0.9938762187957764,0.9930849075317383,0.9979435205459595
163,0.995549201965332,0.6536237001419067,0.012536072172224522,1e-06,0.8467534780502319,0.9949694275856018,0.9941273927688599,0.9983005523681641,0.9943385720252991,0.6364663243293762,0.01688270829617977,0.8516539335250854,0.9938945770263672,0.993108332157135,0.9979491829872131
164,0.9954651594161987,0.6512384414672852,0.012930408120155334,1e-06,0.8496243953704834,0.9948717355728149,0.9940627813339233,0.9982743859291077,0.9943293929100037,0.6370206475257874,0.01691536419093609,0.8498926162719727,0.9938753247261047,0.9930961728096008,0.997943103313446
165,0.995495080947876,0.6461759805679321,0.01275937631726265,1e-06,0.8507788777351379,0.9949178099632263,0.9940966367721558,0.9982848167419434,0.9943082332611084,0.6343823671340942,0.016985686495900154,0.8498367667198181,0.9938737750053406,0.9930533170700073,0.9979414343833923
166,0.9956308007240295,0.6548024415969849,0.012372997589409351,1e-06,0.854204535484314,0.995059609413147,0.9942610859870911,0.9983333945274353,0.9943456649780273,0.6389309167861938,0.016980359330773354,0.8517570495605469,0.9938715696334839,0.9931137561798096,0.9979418516159058
167,0.9956790208816528,0.6581921577453613,0.0122543815523386,1e-06,0.8488298654556274,0.995050311088562,0.9942939877510071,0.9983329772949219,0.9943135380744934,0.6401330828666687,0.017134899273514748,0.8506927490234375,0.9938505291938782,0.9930978417396545,0.9979349970817566
168,0.9955936074256897,0.6602103114128113,0.012516832910478115,1e-06,0.8478149175643921,0.9949319362640381,0.9941965341567993,0.9982908964157104,0.9943327307701111,0.6396584510803223,0.017042292281985283,0.8525595664978027,0.9938573241233826,0.9931164979934692,0.997937023639679
169,0.9955980181694031,0.6573696732521057,0.012570548802614212,1e-06,0.8499858379364014,0.9949709177017212,0.9942200183868408,0.9983047842979431,0.9943189024925232,0.6402451395988464,0.017118332907557487,0.8503625988960266,0.9938430190086365,0.9931156039237976,0.9979333281517029
170,0.9957240223884583,0.6540965437889099,0.012165638618171215,1e-06,0.847482442855835,0.9951237440109253,0.9943605065345764,0.9983565807342529,0.9943253397941589,0.6384365558624268,0.017164023593068123,0.8536583781242371,0.9938660860061646,0.9931228160858154,0.9979390501976013
171,0.9956668615341187,0.6613976955413818,0.012357600033283234,1e-06,0.8493106961250305,0.995058536529541,0.9942920207977295,0.9983338713645935,0.9943436980247498,0.6387209892272949,0.017040256410837173,0.8479139804840088,0.9938727617263794,0.9931347370147705,0.997943639755249
172,0.9955896735191345,0.6422247886657715,0.012565754354000092,1e-06,0.8431271314620972,0.9950105547904968,0.9942089319229126,0.998317301273346,0.9943554401397705,0.6405011415481567,0.0169838760048151,0.8506701588630676,0.993882417678833,0.9931370615959167,0.9979466795921326
173,0.9955145716667175,0.6565117239952087,0.012730413116514683,1e-06,0.8455755114555359,0.9949226379394531,0.9940975308418274,0.9982890486717224,0.9943405389785767,0.6406967639923096,0.01701221615076065,0.848383903503418,0.9938663244247437,0.9931342601776123,0.9979404807090759
174,0.9954975247383118,0.6486892700195312,0.0127250449731946,1e-06,0.8447141647338867,0.9949057102203369,0.9941187500953674,0.9982824921607971,0.9943559765815735,0.6399543285369873,0.016987476497888565,0.8471071720123291,0.9938821196556091,0.9931437969207764,0.9979451298713684
175,0.9956637024879456,0.6546850800514221,0.012394160032272339,1e-06,0.8452314138412476,0.9950509667396545,0.9942934513092041,0.9983308911323547,0.9943551421165466,0.6404571533203125,0.01703115738928318,0.8502136468887329,0.9938896894454956,0.9931506514549255,0.9979487657546997
176,0.9955672025680542,0.6551873683929443,0.012629609555006027,1e-06,0.8458314538002014,0.9949567914009094,0.9941914677619934,0.9982985258102417,0.9943667650222778,0.6402391791343689,0.017038241028785706,0.8458095788955688,0.9938769340515137,0.9931460618972778,0.9979444742202759
177,0.9956948757171631,0.650963544845581,0.012316007167100906,1e-06,0.8454787731170654,0.9950770735740662,0.9943385124206543,0.99834144115448,0.9943316578865051,0.6384263634681702,0.01701544225215912,0.8481835126876831,0.9938510656356812,0.9931064248085022,0.9979349374771118
178,0.9956396222114563,0.6523915529251099,0.012289074249565601,1e-06,0.8482844829559326,0.9950617551803589,0.9942266941070557,0.9983329772949219,0.9943411350250244,0.6435338258743286,0.01728554628789425,0.8510492444038391,0.9938621520996094,0.9931644201278687,0.9979382157325745
179,0.9956925511360168,0.6589222550392151,0.012275285087525845,1e-06,0.8460732102394104,0.9950830340385437,0.9943311810493469,0.9983411431312561,0.9943354725837708,0.6384100317955017,0.017035135999321938,0.84720379114151,0.9938820004463196,0.9931164979934692,0.9979458451271057
180,0.9955969452857971,0.6667385101318359,0.01248903013765812,1e-06,0.846433162689209,0.9949538707733154,0.9941537380218506,0.9982984662055969,0.9943485260009766,0.6421321034431458,0.01717696525156498,0.8488136529922485,0.9938819408416748,0.9931555390357971,0.9979456663131714
181,0.9955695867538452,0.6581676602363586,0.012677771970629692,1e-06,0.8462206721305847,0.9949460029602051,0.9941757917404175,0.9982969164848328,0.9943623542785645,0.6386006474494934,0.016875024884939194,0.8432614803314209,0.9938907027244568,0.9931336045265198,0.9979477524757385
182,0.99567049741745,0.6564071178436279,0.01239344198256731,1e-06,0.843417763710022,0.9950389862060547,0.9943044781684875,0.9983275532722473,0.9943342804908752,0.6357365846633911,0.01684275083243847,0.8397865295410156,0.9938849210739136,0.9930897951126099,0.9979469180107117
183,0.9956165552139282,0.6575998067855835,0.012460839934647083,1e-06,0.8440839648246765,0.9949997067451477,0.9942445158958435,0.9983149170875549,0.994384229183197,0.6439189314842224,0.016994677484035492,0.8444315195083618,0.9938977956771851,0.9931806921958923,0.9979516267776489
184,0.9955507516860962,0.6607458591461182,0.01261941809207201,1e-06,0.8442986607551575,0.9949498176574707,0.9941489696502686,0.9982953667640686,0.9943458437919617,0.6427466869354248,0.01725795678794384,0.8490302562713623,0.9938734769821167,0.993153989315033,0.9979420304298401
185,0.9957376718521118,0.6560794115066528,0.01216861791908741,1e-06,0.8491388559341431,0.9951460957527161,0.9944031238555908,0.9983614683151245,0.9943612217903137,0.6400262117385864,0.01706005074083805,0.8454958200454712,0.99388188123703,0.9931374192237854,0.9979453682899475
186,0.9956910610198975,0.6529895067214966,0.012356650084257126,1e-06,0.8460731506347656,0.9950809478759766,0.994307279586792,0.9983425736427307,0.994332492351532,0.6399127244949341,0.01715560257434845,0.8480710983276367,0.9938745498657227,0.9931211471557617,0.9979422092437744
187,0.9956349730491638,0.6604548096656799,0.012304834090173244,1e-06,0.8454141020774841,0.9950305819511414,0.9942857623100281,0.9983236789703369,0.9943355917930603,0.6386840343475342,0.016992105171084404,0.8486984968185425,0.9938839673995972,0.9931092262268066,0.9979457855224609
188,0.9957616925239563,0.6544227004051208,0.012085121124982834,1e-06,0.8491227030754089,0.9951723217964172,0.9944061636924744,0.9983720183372498,0.9943566918373108,0.642998218536377,0.017129607498645782,0.8502397537231445,0.9938853979110718,0.993168294429779,0.9979477524757385
189,0.995769739151001,0.6523013114929199,0.012057445012032986,1e-06,0.8505995273590088,0.9951452016830444,0.99444580078125,0.9983628392219543,0.9943356513977051,0.6396185755729675,0.017114466056227684,0.843989908695221,0.9938769340515137,0.9931122064590454,0.9979434609413147
190,0.9958577752113342,0.6576688289642334,0.011743300594389439,1e-06,0.8480374217033386,0.9952454566955566,0.9945104718208313,0.9983984231948853,0.9943389892578125,0.640592098236084,0.017099956050515175,0.8502514958381653,0.9938753843307495,0.993108868598938,0.9979426264762878
191,0.995805025100708,0.6629232168197632,0.011997364461421967,1e-06,0.8438061475753784,0.9951463341712952,0.9944227337837219,0.9983618855476379,0.9943474531173706,0.6468205451965332,0.017422620207071304,0.8483498692512512,0.9938691854476929,0.9931811690330505,0.9979408979415894
192,0.9957587122917175,0.6668485999107361,0.011944589205086231,1e-06,0.8449078798294067,0.9951021671295166,0.9943946003913879,0.9983510375022888,0.994356632232666,0.6448737978935242,0.017256993800401688,0.8477262854576111,0.9938896894454956,0.9931865334510803,0.9979479908943176
193,0.9956371784210205,0.6542415618896484,0.012261965312063694,1e-06,0.8441058397293091,0.995040774345398,0.9942672252655029,0.9983270168304443,0.9943440556526184,0.6419275999069214,0.017127403989434242,0.8475837707519531,0.993870198726654,0.9931373000144958,0.9979416728019714
194,0.9958008527755737,0.6617445349693298,0.012043115682899952,1e-06,0.8486340045928955,0.9951638579368591,0.994454562664032,0.9983705282211304,0.9943333864212036,0.6427796483039856,0.01727364957332611,0.8482166528701782,0.9938657879829407,0.9931469559669495,0.9979398250579834
195,0.9956322312355042,0.6523977518081665,0.012550090439617634,1e-06,0.8447905778884888,0.995053231716156,0.9942542314529419,0.9983312487602234,0.9942895174026489,0.6418920159339905,0.017527267336845398,0.8499617576599121,0.9938363432884216,0.9931079745292664,0.9979298710823059
196,0.9957969784736633,0.6664185523986816,0.01189835462719202,1e-06,0.8475664854049683,0.9951921105384827,0.9944264888763428,0.9983792901039124,0.9943675994873047,0.6436019539833069,0.017212513834238052,0.8522225022315979,0.9938821792602539,0.9931797385215759,0.9979468584060669
197,0.995930016040802,0.6639096140861511,0.011450842954218388,1e-06,0.8504146933555603,0.9952853322029114,0.9945977926254272,0.9984107613563538,0.9943561553955078,0.6459947824478149,0.017419468611478806,0.8533100485801697,0.9938711524009705,0.9931960105895996,0.9979434609413147
198,0.9957997798919678,0.6600096225738525,0.01199083961546421,1e-06,0.849297285079956,0.9951688647270203,0.9944683909416199,0.9983723759651184,0.9943691492080688,0.6460028886795044,0.01744695194065571,0.8526507616043091,0.9938873052597046,0.9932003617286682,0.9979467988014221
199,0.995625913143158,0.6576478481292725,0.012422283180058002,1e-06,0.8475341200828552,0.9950115084648132,0.9942177534103394,0.9983183741569519,0.994384765625,0.6461775898933411,0.01717982441186905,0.8490203022956848,0.9938924908638,0.9932079315185547,0.9979498982429504
