epoch,accuracy,dice_coef,loss,lr,mean_io_u,precision,sensitivity,specificity,val_accuracy,val_dice_coef,val_loss,val_mean_io_u,val_precision,val_sensitivity,val_specificity
0,0.9581496715545654,0.3763226568698883,0.13051283359527588,1e-04,0.6016296148300171,0.9725521802902222,0.9409369230270386,0.9918573498725891,0.9648963809013367,0.42282986640930176,0.09370855242013931,0.7287610769271851,0.9799119830131531,0.9524415135383606,0.9930541515350342
1,0.9705029129981995,0.4605487883090973,0.07972375303506851,1e-04,0.7529181241989136,0.9841570854187012,0.9547220468521118,0.9943675994873047,0.9744735360145569,0.5094495415687561,0.0713440328836441,0.7626105546951294,0.9844690561294556,0.9620789885520935,0.9945527911186218
2,0.975456953048706,0.5229508280754089,0.06789812445640564,1e-04,0.7545856833457947,0.9828001260757446,0.9658693075180054,0.9940828084945679,0.9766215085983276,0.5318065285682678,0.0662744790315628,0.7897562980651855,0.9816784858703613,0.9696397185325623,0.9937698841094971
3,0.978927493095398,0.5678252577781677,0.0578203946352005,1e-04,0.7596827149391174,0.9836980104446411,0.9720836877822876,0.9944276809692383,0.979828417301178,0.5894734859466553,0.05796327814459801,0.8523108959197998,0.982732355594635,0.9748584032058716,0.9941694140434265
4,0.980635941028595,0.5974674224853516,0.052511222660541534,1e-04,0.7495550513267517,0.9843804836273193,0.9746267795562744,0.9946731925010681,0.9803741574287415,0.6094614267349243,0.05495239049196243,0.7595983147621155,0.9824672937393188,0.975823700428009,0.9941073060035706
5,0.9815676808357239,0.6166924238204956,0.051384612917900085,1e-04,0.7396185994148254,0.9843961000442505,0.9761739373207092,0.9947147965431213,0.9815819263458252,0.6278935670852661,0.05403788387775421,0.769452691078186,0.9827752709388733,0.9782558679580688,0.9942134618759155
6,0.983534574508667,0.6347832083702087,0.04544828087091446,1e-04,0.7638201713562012,0.9857580661773682,0.978818416595459,0.9951741099357605,0.9824257493019104,0.6407661437988281,0.04837364703416824,0.724274754524231,0.9849787950515747,0.9776992201805115,0.994901716709137
7,0.9844324588775635,0.6552743911743164,0.04284721985459328,1e-04,0.7623206377029419,0.9860956072807312,0.9800484776496887,0.9952865242958069,0.9839034080505371,0.6619873046875,0.04723655432462692,0.8485610485076904,0.9852712154388428,0.9802932143211365,0.9950408339500427
8,0.9853001236915588,0.6696386933326721,0.04044212028384209,1e-04,0.7667942047119141,0.986531674861908,0.9811742901802063,0.9954517483711243,0.9844907522201538,0.6776296496391296,0.04477604478597641,0.7648380994796753,0.9851773977279663,0.9814278483390808,0.9950252175331116
9,0.9859808683395386,0.6804361939430237,0.03862076997756958,1e-04,0.7900186777114868,0.9871295690536499,0.9821379780769348,0.9956423044204712,0.9837589859962463,0.6898107528686523,0.0465405248105526,0.7844822406768799,0.9839089512825012,0.981109082698822,0.9946131706237793
10,0.986397922039032,0.6816554069519043,0.03773057088255882,1e-04,0.7918995022773743,0.9873819947242737,0.9825670719146729,0.995730459690094,0.9855871200561523,0.6600576639175415,0.04092956706881523,0.7366467118263245,0.9873396158218384,0.9811092019081116,0.9956926703453064
11,0.9874457120895386,0.7046171426773071,0.034535665065050125,1e-04,0.7868446707725525,0.9880816340446472,0.9838107228279114,0.995959997177124,0.985768735408783,0.6864948272705078,0.04049147292971611,0.7937964200973511,0.9861707091331482,0.9825776815414429,0.9953576922416687
12,0.9874123930931091,0.7018361687660217,0.034523855894804,1e-04,0.8119837641716003,0.9880135655403137,0.9839035868644714,0.9959439635276794,0.9861149191856384,0.6911282539367676,0.04106728360056877,0.7843512296676636,0.9868967533111572,0.9828274250030518,0.9955856204032898
13,0.9878808856010437,0.7071433663368225,0.033465687185525894,1e-04,0.7967892289161682,0.9883542060852051,0.9844974875450134,0.9960442781448364,0.9862635135650635,0.7067582607269287,0.04025114327669144,0.8480499982833862,0.9867331981658936,0.9831089973449707,0.9955382347106934
14,0.9882648587226868,0.7172694802284241,0.03230183199048042,1e-04,0.8259975910186768,0.9886325001716614,0.9849358797073364,0.9961538314819336,0.9850343465805054,0.6828070878982544,0.04610468074679375,0.7531456351280212,0.9854719638824463,0.9816855788230896,0.995123028755188
15,0.9883387088775635,0.7200108170509338,0.032429758459329605,1e-04,0.8253393173217773,0.9886232018470764,0.9850993156433105,0.9961607456207275,0.9870075583457947,0.7112520933151245,0.03827498108148575,0.8263376355171204,0.9871978759765625,0.9839317798614502,0.9956931471824646
16,0.9894585609436035,0.7266124486923218,0.029367143288254738,1e-04,0.8388620615005493,0.9894657135009766,0.9863078594207764,0.9964465498924255,0.986472487449646,0.7230910062789917,0.04131076857447624,0.830903947353363,0.9864975214004517,0.9839226603507996,0.9954819679260254
17,0.988574206829071,0.7222847938537598,0.031333375722169876,1e-04,0.8175066709518433,0.9887822270393372,0.9853977560997009,0.9962217211723328,0.987122654914856,0.7086167931556702,0.03770149499177933,0.8329864740371704,0.9875267744064331,0.9839306473731995,0.9957996010780334
18,0.9898147583007812,0.7415125370025635,0.028545422479510307,1e-04,0.8343341946601868,0.9896705746650696,0.9867904186248779,0.9965047836303711,0.98610919713974,0.7091298699378967,0.041844017803668976,0.8036644458770752,0.9864209294319153,0.9832903742790222,0.9954478740692139
19,0.9892911314964294,0.7318564057350159,0.029983459040522575,1e-04,0.7939572334289551,0.989236056804657,0.9861154556274414,0.9963743090629578,0.98701012134552,0.7216180562973022,0.03759945556521416,0.8351877331733704,0.9872914552688599,0.9840803146362305,0.9957284927368164
20,0.9901904463768005,0.7511475086212158,0.02697451040148735,1e-04,0.8401932716369629,0.98995441198349,0.9873155355453491,0.9966069459915161,0.9871715903282166,0.7319998741149902,0.04179352894425392,0.8425772786140442,0.9870784878730774,0.9847193360328674,0.9956669807434082
21,0.9899629354476929,0.7498681545257568,0.028075499460101128,1e-04,0.8163859844207764,0.9896422028541565,0.9871299266815186,0.9965102076530457,0.9881718158721924,0.7339028716087341,0.03572092577815056,0.8237988948822021,0.9881609678268433,0.9853910803794861,0.9960171580314636
22,0.990178108215332,0.7550377249717712,0.027417322620749474,1e-04,0.8085629940032959,0.9899199604988098,0.9873120784759521,0.9965841770172119,0.9880926012992859,0.7361359000205994,0.03598873317241669,0.8211225867271423,0.9880161285400391,0.9854951500892639,0.9959790706634521
23,0.9908453226089478,0.7600435614585876,0.025371601805090904,1e-04,0.8310998678207397,0.9904444813728333,0.9881792664527893,0.9967635273933411,0.9877189993858337,0.7307335138320923,0.03608686849474907,0.8125166296958923,0.9877548217773438,0.9848350882530212,0.9958917498588562
24,0.9918666481971741,0.7853281497955322,0.022675134241580963,2e-05,0.8541336059570312,0.9911903738975525,0.9892462491989136,0.9970239400863647,0.9885771870613098,0.7592998147010803,0.0361194871366024,0.8512064218521118,0.9881769418716431,0.9862870573997498,0.9960392117500305
25,0.9922521114349365,0.7906458973884583,0.021793298423290253,2e-05,0.8570406436920166,0.9914680123329163,0.9896903038024902,0.9971230626106262,0.9886678457260132,0.7588546276092529,0.03562644124031067,0.8539474010467529,0.9882069230079651,0.9863535761833191,0.9960534572601318
26,0.9921096563339233,0.7928828597068787,0.02207878604531288,4e-06,0.859908938407898,0.9912956953048706,0.9894906282424927,0.9970719814300537,0.9888325333595276,0.7613947987556458,0.035497456789016724,0.8529043197631836,0.9884047508239746,0.9865308403968811,0.996118426322937
27,0.9923058152198792,0.7934374809265137,0.021496916189789772,4e-06,0.8616943359375,0.9915450215339661,0.9897942543029785,0.9971480965614319,0.9888424873352051,0.7616912722587585,0.03581134229898453,0.8600705862045288,0.9884283542633057,0.9865649342536926,0.9961254596710205
28,0.9924152493476868,0.7973531484603882,0.021292168647050858,4e-06,0.8638224601745605,0.9916044473648071,0.989901602268219,0.997170627117157,0.9888180494308472,0.7598790526390076,0.035309381783008575,0.8581627607345581,0.9884541630744934,0.9865131378173828,0.9961277842521667
29,0.9922004342079163,0.7911587953567505,0.021742647513747215,4e-06,0.8620606660842896,0.9914147257804871,0.9896211624145508,0.9971040487289429,0.9887984991073608,0.7618430852890015,0.03557634353637695,0.8548476696014404,0.9883934259414673,0.9865318536758423,0.9961092472076416
30,0.9923787713050842,0.7982484102249146,0.021214788779616356,4e-06,0.8609774112701416,0.9914733171463013,0.9898554086685181,0.9971399903297424,0.9887768626213074,0.7621484398841858,0.035653747618198395,0.8572324514389038,0.9884112477302551,0.986535370349884,0.9961143136024475
31,0.9922871589660645,0.7957741618156433,0.021513555198907852,1e-06,0.8645377159118652,0.9914773106575012,0.9898101687431335,0.9971235990524292,0.9887953400611877,0.7621630430221558,0.03560153767466545,0.8566854596138,0.9884139895439148,0.9865423440933228,0.9961162209510803
32,0.9925327301025391,0.7979112267494202,0.020874405279755592,1e-06,0.8635716438293457,0.9916595220565796,0.9900148510932922,0.9971842169761658,0.9888495206832886,0.7617090344429016,0.035499781370162964,0.8581274747848511,0.9884448051452637,0.9865771532058716,0.9961283206939697
33,0.9925973415374756,0.8002284169197083,0.020598487928509712,1e-06,0.865078330039978,0.9917276501655579,0.9901320338249207,0.9972129464149475,0.9888352751731873,0.7625201344490051,0.03561215475201607,0.8596014976501465,0.9884384274482727,0.9865943193435669,0.9961251616477966
34,0.9923322796821594,0.7954398393630981,0.021404625847935677,1e-06,0.8627679347991943,0.9914649128913879,0.9897406101226807,0.9971190094947815,0.9888092279434204,0.7636672258377075,0.03569111227989197,0.8578641414642334,0.9883830547332764,0.9865775108337402,0.9961078763008118
35,0.992483913898468,0.8010979890823364,0.020989980548620224,1e-06,0.8678364753723145,0.9915786385536194,0.9899910092353821,0.9971616268157959,0.9888320565223694,0.7620810866355896,0.03557923436164856,0.8591543436050415,0.9884538054466248,0.9865797758102417,0.9961265921592712
36,0.9927392601966858,0.7984447479248047,0.02028914913535118,1e-06,0.8673516511917114,0.9918308854103088,0.9902423620223999,0.997247576713562,0.988865077495575,0.763633668422699,0.035673581063747406,0.8593512773513794,0.9884499311447144,0.9866250157356262,0.9961308240890503
37,0.9922124743461609,0.7978407740592957,0.021768053993582726,1e-06,0.863850474357605,0.9913495779037476,0.9896454811096191,0.9970847368240356,0.9888417720794678,0.7640872597694397,0.03574107214808464,0.8588477373123169,0.9884329438209534,0.9866042137145996,0.9961212277412415
38,0.9925060272216797,0.7976910471916199,0.02112308330833912,1e-06,0.8646597862243652,0.9916600584983826,0.9900164008140564,0.9971863627433777,0.9888449907302856,0.7641667127609253,0.035854488611221313,0.8592854738235474,0.9884248375892639,0.98662930727005,0.9961204528808594
39,0.9924758672714233,0.7964639067649841,0.021189725026488304,1e-06,0.8628129363059998,0.9916662573814392,0.9899770021438599,0.9971850514411926,0.9888598322868347,0.7628461122512817,0.0356009416282177,0.8574762344360352,0.9884482622146606,0.9866119623184204,0.9961292743682861
40,0.9925129413604736,0.802106499671936,0.020920949056744576,1e-06,0.8622781038284302,0.9916030764579773,0.9899864196777344,0.9971624612808228,0.9888383746147156,0.7638137340545654,0.035699065774679184,0.8573053479194641,0.9884107112884521,0.9866101741790771,0.9961174726486206
41,0.9927111268043518,0.7964668273925781,0.02061396837234497,1e-06,0.8632137775421143,0.991835355758667,0.9902358055114746,0.997251570224762,0.988834798336029,0.7645159959793091,0.035801514983177185,0.8582719564437866,0.988398015499115,0.9866234064102173,0.9961163401603699
42,0.9926232099533081,0.8008401393890381,0.02065304107964039,1e-06,0.8639757633209229,0.9917040467262268,0.9901127815246582,0.9972060322761536,0.988847017288208,0.7643744349479675,0.035740677267313004,0.8592544794082642,0.9884105920791626,0.9866282939910889,0.9961172342300415
43,0.9924615025520325,0.8025669455528259,0.021062325686216354,1e-06,0.8652709722518921,0.9915465712547302,0.9899769425392151,0.9971640706062317,0.9888346195220947,0.7633234262466431,0.03572642058134079,0.8603993654251099,0.9884093403816223,0.9866079688072205,0.9961162209510803
44,0.9924890995025635,0.8024033308029175,0.021036677062511444,1e-06,0.8652516603469849,0.9916175603866577,0.9899806976318359,0.9971724152565002,0.9888539910316467,0.7637499570846558,0.03569434955716133,0.8590469360351562,0.9884308576583862,0.9866229295730591,0.9961239695549011
45,0.9925275444984436,0.7948927879333496,0.020960848778486252,1e-06,0.864965558052063,0.9916297793388367,0.9900385141372681,0.9971811771392822,0.9888668060302734,0.7630974054336548,0.035636451095342636,0.8593560457229614,0.9884441494941711,0.9866237640380859,0.9961256980895996
46,0.9925074577331543,0.7986109256744385,0.02093649096786976,1e-06,0.8662524223327637,0.9916614294052124,0.9901062846183777,0.9971922636032104,0.9888758063316345,0.7635017037391663,0.035616710782051086,0.8589655160903931,0.988445520401001,0.9866248965263367,0.9961305260658264
47,0.992815375328064,0.7994139194488525,0.02024451456964016,1e-06,0.8661333322525024,0.9919066429138184,0.9903823137283325,0.9972701668739319,0.9888443946838379,0.7649701237678528,0.035926416516304016,0.8608284592628479,0.9883981347084045,0.9866442680358887,0.9961147308349609
48,0.992626965045929,0.805637001991272,0.020484130829572678,1e-06,0.8665111064910889,0.9917230010032654,0.9902021288871765,0.9972107410430908,0.9888644814491272,0.7627076506614685,0.035607703030109406,0.8596261143684387,0.9884465336799622,0.9866131544113159,0.9961283206939697
49,0.9928251504898071,0.8044083714485168,0.02012312039732933,1e-06,0.8665580153465271,0.9919528961181641,0.9903863072395325,0.9972807765007019,0.9888600707054138,0.7644938230514526,0.035912543535232544,0.8618069887161255,0.9884258508682251,0.9866626858711243,0.9961219429969788
50,0.9927507638931274,0.8044467568397522,0.020517997443675995,1e-06,0.8678133487701416,0.9918190836906433,0.9902713298797607,0.9972496628761292,0.988855242729187,0.7642547488212585,0.03578370064496994,0.8610250949859619,0.9884259700775146,0.986652135848999,0.996122419834137
51,0.9926490783691406,0.8086066246032715,0.020727545022964478,1e-06,0.8679860830307007,0.9917145371437073,0.9901363849639893,0.9972050189971924,0.9888543486595154,0.7647830843925476,0.03589729219675064,0.8623947501182556,0.9884289503097534,0.9866645932197571,0.9961223006248474
52,0.9926088452339172,0.7986800074577332,0.020798472687602043,1e-06,0.867038369178772,0.9916344285011292,0.9900442361831665,0.997177243232727,0.9888550043106079,0.7639958262443542,0.03588147833943367,0.8620904684066772,0.9884308576583862,0.9866614937782288,0.9961260557174683
53,0.9924463033676147,0.8063172101974487,0.021129699423909187,1e-06,0.867051362991333,0.991485595703125,0.9899022579193115,0.9971398711204529,0.9888663291931152,0.7642396688461304,0.0359182208776474,0.8626551628112793,0.9884425401687622,0.9866626858711243,0.9961273074150085
54,0.9925327301025391,0.8074148893356323,0.020753340795636177,1e-06,0.8675189018249512,0.9916350841522217,0.9900758266448975,0.9971807599067688,0.9888362884521484,0.7653663754463196,0.03602146729826927,0.86211758852005,0.9884016513824463,0.9866462349891663,0.9961132407188416
55,0.992637574672699,0.8033497333526611,0.020622001960873604,1e-06,0.8674544095993042,0.9917413592338562,0.9902288317680359,0.9972206950187683,0.9887978434562683,0.7653120160102844,0.03612462431192398,0.8624910116195679,0.9883726835250854,0.9866118431091309,0.9961009621620178
56,0.9927605390548706,0.8080613613128662,0.02020448073744774,1e-06,0.8683409690856934,0.9918766021728516,0.9903570413589478,0.9972633719444275,0.9888786673545837,0.7649227380752563,0.035948745906353,0.8624122738838196,0.9884525537490845,0.9866780638694763,0.9961299300193787
57,0.9925671815872192,0.8051655888557434,0.020830679684877396,1e-06,0.8660805225372314,0.9916402697563171,0.9900063276290894,0.9971819519996643,0.9888573884963989,0.7658257484436035,0.03607882931828499,0.8627697229385376,0.9884242415428162,0.9866708517074585,0.9961212277412415
58,0.9928021430969238,0.806401789188385,0.02032340317964554,1e-06,0.8706744909286499,0.9919033646583557,0.9903619289398193,0.9972676634788513,0.9888793230056763,0.7646263241767883,0.036001648753881454,0.8645079135894775,0.9884697794914246,0.9866812825202942,0.9961352944374084
59,0.9926823973655701,0.8031871914863586,0.020664237439632416,1e-06,0.8692551851272583,0.9917840957641602,0.9901599884033203,0.9972249865531921,0.9888639450073242,0.7657879590988159,0.03614471107721329,0.8648293614387512,0.9884262084960938,0.9866873025894165,0.9961210489273071
60,0.9927441477775574,0.8044914603233337,0.0205756314098835,1e-06,0.8714876174926758,0.9918133020401001,0.9903188347816467,0.9972461462020874,0.988878071308136,0.7634062767028809,0.035793621093034744,0.8637657165527344,0.988458514213562,0.9866530895233154,0.996130645275116
61,0.9928558468818665,0.804757297039032,0.0201557744294405,1e-06,0.8717719316482544,0.9919454455375671,0.990329384803772,0.997279703617096,0.9888918995857239,0.7657288908958435,0.03611278161406517,0.8655441999435425,0.9884428977966309,0.9867039918899536,0.9961261749267578
62,0.9926013946533203,0.7980921864509583,0.02086109295487404,1e-06,0.8706983327865601,0.9916900992393494,0.9900996685028076,0.9971964955329895,0.9888778328895569,0.7646905183792114,0.03591310977935791,0.8634193539619446,0.9884322285652161,0.9866609573364258,0.9961246848106384
63,0.9930893778800964,0.808559775352478,0.019618146121501923,1e-06,0.8723680973052979,0.9921008348464966,0.9906706213951111,0.9973403811454773,0.9888637065887451,0.7663309574127197,0.03616469353437424,0.864825963973999,0.9883989095687866,0.9866840243339539,0.9961110949516296
64,0.9929021000862122,0.8058195114135742,0.02010486088693142,1e-06,0.8693230152130127,0.9919469952583313,0.9904276132583618,0.9972861409187317,0.9888761639595032,0.7650143504142761,0.0359790176153183,0.8647856712341309,0.9884370565414429,0.9866812825202942,0.9961279034614563
65,0.9929693341255188,0.8060939908027649,0.019853442907333374,1e-06,0.8722991943359375,0.9920628666877747,0.9905379414558411,0.9973134994506836,0.9888526201248169,0.7659662365913391,0.03627066686749458,0.8669484257698059,0.9884000420570374,0.9866929054260254,0.99611496925354
66,0.9927045106887817,0.802996814250946,0.020168296992778778,1e-06,0.8703300952911377,0.9918308258056641,0.9903090596199036,0.997239351272583,0.9888635873794556,0.7661906480789185,0.03618648275732994,0.8654557466506958,0.988412618637085,0.9867017865180969,0.9961204528808594
67,0.9928035736083984,0.8077458143234253,0.020380763337016106,1e-06,0.8708407878875732,0.9918617606163025,0.9903779029846191,0.997257649898529,0.9888532161712646,0.7657496929168701,0.036122020334005356,0.8652366995811462,0.9884105920791626,0.9866694211959839,0.9961171746253967
68,0.9929052591323853,0.8066897392272949,0.02007361315190792,1e-06,0.8717382550239563,0.9919230937957764,0.9904816746711731,0.9972836375236511,0.9888720512390137,0.7649957537651062,0.03598247841000557,0.8638803958892822,0.988418459892273,0.9866683483123779,0.9961218237876892
69,0.9928288459777832,0.8041020631790161,0.020430654287338257,1e-06,0.8687002062797546,0.9918622970581055,0.9903319478034973,0.9972620606422424,0.9888615012168884,0.7655298709869385,0.0360649898648262,0.8631700277328491,0.9884052276611328,0.9866775274276733,0.9961159825325012
70,0.9927605390548706,0.8037517070770264,0.02036084048449993,1e-06,0.8685632944107056,0.9918334484100342,0.9903138875961304,0.9972467422485352,0.9888452291488647,0.7658513784408569,0.03615077584981918,0.8647620677947998,0.9883825182914734,0.9866714477539062,0.9961099624633789
71,0.9927828907966614,0.8053083419799805,0.020262781530618668,1e-06,0.8720582723617554,0.9918621182441711,0.9903380870819092,0.9972531795501709,0.9888567328453064,0.7645643949508667,0.03603537753224373,0.8654172420501709,0.9884269833564758,0.9866623282432556,0.9961240887641907
72,0.9928176403045654,0.8041856288909912,0.02005666121840477,1e-06,0.8729549646377563,0.9919069409370422,0.9903662204742432,0.9972679018974304,0.9888584613800049,0.766801655292511,0.036327481269836426,0.8645884990692139,0.9883912801742554,0.9866966605186462,0.9961132407188416
73,0.9927866458892822,0.8082120418548584,0.02017042227089405,1e-06,0.8710760474205017,0.991884708404541,0.990342378616333,0.9972568154335022,0.988896906375885,0.7658258080482483,0.03627040982246399,0.8671474456787109,0.9884536862373352,0.9867213368415833,0.9961305260658264
74,0.9929736256599426,0.8081724047660828,0.019810965284705162,1e-06,0.8729811310768127,0.9920258522033691,0.9905896782875061,0.9973126649856567,0.9889019131660461,0.7648684978485107,0.03607910871505737,0.8662324547767639,0.9884694814682007,0.9867061376571655,0.9961386322975159
75,0.9928788542747498,0.8067424893379211,0.020124465227127075,1e-06,0.8722629547119141,0.9918882846832275,0.990423858165741,0.9972708821296692,0.9888971447944641,0.7657041549682617,0.03606536611914635,0.8647047281265259,0.9884576797485352,0.9867157340049744,0.9961325526237488
76,0.9930531978607178,0.8126612305641174,0.019506249576807022,1e-06,0.8707672953605652,0.9920526742935181,0.9905997514724731,0.9973148107528687,0.9888858199119568,0.7670704126358032,0.036381203681230545,0.8673485517501831,0.9884247183799744,0.9867340922355652,0.9961223006248474
77,0.9929696321487427,0.8080657720565796,0.019797705113887787,1e-06,0.8726350665092468,0.992038905620575,0.990566074848175,0.9973143339157104,0.9888964295387268,0.7673531770706177,0.0364069864153862,0.8680112361907959,0.9884305596351624,0.986749529838562,0.9961236715316772
78,0.9928340315818787,0.8065423369407654,0.020189393311738968,1e-06,0.8722580075263977,0.9919438362121582,0.9904308319091797,0.9972814917564392,0.9889087677001953,0.7666409611701965,0.0363137423992157,0.867448091506958,0.9884480237960815,0.9867407083511353,0.9961280822753906
79,0.9929865598678589,0.8090848326683044,0.01965237408876419,1e-06,0.8726644515991211,0.9920125007629395,0.9906138181686401,0.9973152875900269,0.9889123439788818,0.7661929130554199,0.03628303483128548,0.8681265115737915,0.9884475469589233,0.9867339730262756,0.9961317777633667
80,0.9927788972854614,0.8058629631996155,0.02033384144306183,1e-06,0.8732470870018005,0.9918148517608643,0.9903126955032349,0.9972439408302307,0.9888806939125061,0.764892578125,0.03614052012562752,0.8673055171966553,0.9884515404701233,0.9866983890533447,0.9961313009262085
81,0.9929368495941162,0.8127405047416687,0.020003043115139008,1e-06,0.873536229133606,0.9919204711914062,0.9904646277427673,0.9972839951515198,0.988865315914154,0.7671180367469788,0.03640730306506157,0.8677855730056763,0.9884072542190552,0.9867228269577026,0.9961170554161072
82,0.9929472208023071,0.8066843748092651,0.01997331529855728,1e-06,0.8736095428466797,0.9919326305389404,0.9905120730400085,0.997294545173645,0.988901674747467,0.7667747735977173,0.03630533069372177,0.8669378161430359,0.9884289503097534,0.9867388010025024,0.996124804019928
83,0.99293053150177,0.8099116683006287,0.019887670874595642,1e-06,0.8707952499389648,0.9919916987419128,0.9904865622520447,0.9972915649414062,0.988881528377533,0.7659772634506226,0.03626052662730217,0.8672964572906494,0.9884280562400818,0.9867244362831116,0.9961250424385071
84,0.9928668141365051,0.8119931817054749,0.02009556069970131,1e-06,0.8749638795852661,0.9918966889381409,0.990380585193634,0.9972705841064453,0.988880455493927,0.7671681642532349,0.03646669164299965,0.8691728115081787,0.9884071350097656,0.9867439270019531,0.9961220622062683
85,0.993087112903595,0.8119742274284363,0.019528023898601532,1e-06,0.8756018280982971,0.9920592308044434,0.9906496405601501,0.9973231554031372,0.988859236240387,0.7683897018432617,0.03671613708138466,0.8703943490982056,0.9883814454078674,0.9867540597915649,0.9961103200912476
86,0.993080198764801,0.8141350150108337,0.019626209512352943,1e-06,0.8761011362075806,0.9920822381973267,0.9906651973724365,0.9973386526107788,0.9888925552368164,0.767265260219574,0.036432478576898575,0.870620608329773,0.9884238243103027,0.9867523908615112,0.9961264133453369
87,0.9929977655410767,0.8088507652282715,0.0198404248803854,1e-06,0.8746095299720764,0.9920201897621155,0.9905970692634583,0.9973183274269104,0.9888743162155151,0.7685365080833435,0.03651999682188034,0.8684039115905762,0.9884011149406433,0.9867570400238037,0.9961164593696594
88,0.9929118752479553,0.8053427934646606,0.019839342683553696,1e-06,0.8749350309371948,0.9919403195381165,0.990530788898468,0.9972916841506958,0.9888820648193359,0.7683157324790955,0.03655039519071579,0.8678395748138428,0.988398015499115,0.9867528080940247,0.9961145520210266
89,0.9928061962127686,0.8090701103210449,0.020181121304631233,1e-06,0.8707454204559326,0.9918377995491028,0.9903718829154968,0.9972507357597351,0.988921582698822,0.7673088908195496,0.036388881504535675,0.8678064346313477,0.9884548783302307,0.9867715239524841,0.9961348176002502
90,0.9928529858589172,0.8049901127815247,0.019977174699306488,1e-06,0.873406708240509,0.9918858408927917,0.9904400110244751,0.9972656965255737,0.9889034032821655,0.7681836485862732,0.03657524660229683,0.8692309856414795,0.9884268641471863,0.9867721199989319,0.9961252808570862
91,0.992937445640564,0.8056374192237854,0.01988253742456436,1e-06,0.8735055327415466,0.9919191002845764,0.9905048608779907,0.9972890615463257,0.9889165163040161,0.7674582004547119,0.036445099860429764,0.8705352544784546,0.9884475469589233,0.9867694973945618,0.9961315393447876
92,0.9929282665252686,0.8092493414878845,0.019836468622088432,1e-06,0.8740320801734924,0.9918774366378784,0.9904752969741821,0.997268557548523,0.988905668258667,0.7670167088508606,0.03633904457092285,0.868874192237854,0.988438069820404,0.98675537109375,0.9961325526237488
93,0.9930132627487183,0.8051234483718872,0.019764143973588943,1e-06,0.8769427537918091,0.9920358657836914,0.9905649423599243,0.9973172545433044,0.9888864159584045,0.7684242725372314,0.03660539910197258,0.8709752559661865,0.9883915185928345,0.986762285232544,0.9961158633232117
94,0.9929928779602051,0.8050255179405212,0.01982233114540577,1e-06,0.8750696182250977,0.9919278621673584,0.9905106425285339,0.9972924590110779,0.9889153838157654,0.7687609791755676,0.036696478724479675,0.870442807674408,0.9884339570999146,0.9867991805076599,0.9961292743682861
95,0.9929977655410767,0.8050088882446289,0.01981204003095627,1e-06,0.8760117888450623,0.9919920563697815,0.9905238151550293,0.9973024725914001,0.9888914227485657,0.768624484539032,0.0366448238492012,0.869944155216217,0.9883959293365479,0.9867714643478394,0.9961153268814087
96,0.9928389191627502,0.8126237392425537,0.020066170021891594,1e-06,0.8737971782684326,0.9918138384819031,0.9903853535652161,0.9972445368766785,0.988881528377533,0.7676298022270203,0.036512184888124466,0.8688913583755493,0.9884087443351746,0.9867395758628845,0.9961195588111877
97,0.9928673505783081,0.8085929155349731,0.019980741664767265,1e-06,0.8734493255615234,0.9918666481971741,0.9904540181159973,0.9972615242004395,0.988905668258667,0.7680588960647583,0.03657079115509987,0.8698052763938904,0.988422691822052,0.986753523349762,0.9961239099502563
98,0.9927748441696167,0.8007899522781372,0.020309505984187126,1e-06,0.8758141994476318,0.99187171459198,0.9903537631034851,0.9972611665725708,0.9889183640480042,0.7668415904045105,0.03643655776977539,0.8701800107955933,0.9884425401687622,0.986757755279541,0.9961327910423279
99,0.9930017590522766,0.807989776134491,0.019816506654024124,1e-06,0.8757714629173279,0.9919465184211731,0.9905213117599487,0.9972952008247375,0.9889231324195862,0.7678268551826477,0.0365944504737854,0.8701817989349365,0.9884480237960815,0.9867692589759827,0.996133029460907
100,0.992965579032898,0.8089133501052856,0.01965218409895897,1e-06,0.8775473833084106,0.9920165538787842,0.9905487895011902,0.997298002243042,0.9888958930969238,0.7687180638313293,0.036808986216783524,0.8706486821174622,0.9884088635444641,0.9867770075798035,0.9961181879043579
101,0.993035078048706,0.8099559545516968,0.01963493414223194,1e-06,0.875352144241333,0.9920134544372559,0.9905954003334045,0.9973116517066956,0.9888957738876343,0.7687398791313171,0.03672601282596588,0.8694810271263123,0.9884103536605835,0.9867732524871826,0.996117353439331
102,0.9929314255714417,0.8120291829109192,0.01994428038597107,1e-06,0.8733677268028259,0.9919490218162537,0.9905187487602234,0.9972864389419556,0.9889053702354431,0.7694604396820068,0.03687926381826401,0.8723230361938477,0.9884058833122253,0.9867918491363525,0.9961199760437012
103,0.9931261539459229,0.8160147070884705,0.019413607195019722,1e-06,0.8754755854606628,0.9920865297317505,0.990678071975708,0.9973294734954834,0.9889107346534729,0.7695774435997009,0.0368683896958828,0.8703898191452026,0.9884107112884521,0.9867929816246033,0.9961209297180176
104,0.9930434226989746,0.8118741512298584,0.019715450704097748,1e-06,0.8753281831741333,0.992024838924408,0.9906152486801147,0.9973179697990417,0.9888890385627747,0.7699625492095947,0.036998994648456573,0.8713514804840088,0.9883930087089539,0.9867886900901794,0.9961156845092773
105,0.9929641485214233,0.8081613183021545,0.019628437235951424,1e-06,0.8754169344902039,0.9920225739479065,0.9905238151550293,0.9973124861717224,0.9888980388641357,0.7693657875061035,0.036840979009866714,0.8717442154884338,0.9884189963340759,0.9867852330207825,0.9961239695549011
106,0.9929658770561218,0.8147148489952087,0.019784018397331238,1e-06,0.8780450820922852,0.9919477105140686,0.9905012249946594,0.9972867965698242,0.9889090061187744,0.7696899771690369,0.03693649545311928,0.8722137808799744,0.9884163737297058,0.9867950677871704,0.9961220622062683
107,0.992888331413269,0.8119146823883057,0.019860748201608658,1e-06,0.8777335286140442,0.9919297099113464,0.9905023574829102,0.997282862663269,0.9889045357704163,0.7686765789985657,0.03677336126565933,0.8710384964942932,0.988413393497467,0.9867686033248901,0.9961209297180176
108,0.9930413961410522,0.8126384615898132,0.01974264532327652,1e-06,0.8769384026527405,0.9920672178268433,0.9906370639801025,0.9973382353782654,0.9888895750045776,0.768340528011322,0.03669222444295883,0.8706080317497253,0.9884000420570374,0.986761748790741,0.9961194396018982
109,0.9931942224502563,0.8083516359329224,0.01924826391041279,1e-06,0.8774592876434326,0.9922565221786499,0.9908329248428345,0.9974021911621094,0.9888972640037537,0.7687211632728577,0.03677009046077728,0.8711562156677246,0.9884122610092163,0.9867677688598633,0.9961229562759399
110,0.9930362701416016,0.8106756806373596,0.01968633383512497,1e-06,0.8764477372169495,0.992039144039154,0.9906189441680908,0.9973245859146118,0.9888997673988342,0.7685734033584595,0.03674681857228279,0.8702692985534668,0.9884142279624939,0.9867731332778931,0.9961225986480713
111,0.9931445121765137,0.8110506534576416,0.019372032955288887,1e-06,0.876419723033905,0.992113471031189,0.9906999468803406,0.9973410964012146,0.9889062643051147,0.7686363458633423,0.03680714592337608,0.871487557888031,0.9884141087532043,0.986777126789093,0.9961249232292175
112,0.9931766986846924,0.8105643391609192,0.019272303208708763,1e-06,0.8764996528625488,0.9921979308128357,0.9907910227775574,0.9973692297935486,0.9888931512832642,0.7689439654350281,0.03694286569952965,0.8723916411399841,0.9884123802185059,0.9867884516716003,0.996121346950531
113,0.9930893778800964,0.8119069337844849,0.019489767029881477,1e-06,0.8774983882904053,0.9920833110809326,0.9906724095344543,0.9973382353782654,0.9889090061187744,0.7683481574058533,0.03675757348537445,0.8715695142745972,0.9884227514266968,0.9867742657661438,0.9961269497871399
114,0.9928759932518005,0.8075769543647766,0.020041050389409065,1e-06,0.8775123357772827,0.9919506311416626,0.9904788136482239,0.9972915649414062,0.9889096021652222,0.7686376571655273,0.03685314580798149,0.8714432716369629,0.9884225726127625,0.9867848753929138,0.9961254596710205
115,0.9931327700614929,0.8078746795654297,0.01946278288960457,1e-06,0.8784834146499634,0.9921572208404541,0.9907194375991821,0.9973534941673279,0.988910973072052,0.7684443593025208,0.036772336810827255,0.8712726831436157,0.9884263277053833,0.986778199672699,0.9961276650428772
116,0.9928926229476929,0.8047702312469482,0.02007872425019741,1e-06,0.8781426548957825,0.9918622970581055,0.9903820157051086,0.9972631335258484,0.9889107346534729,0.7692137956619263,0.036864206194877625,0.8719217777252197,0.9884233474731445,0.9868012070655823,0.9961258172988892
117,0.9932938814163208,0.8137332797050476,0.0190658587962389,1e-06,0.8784038424491882,0.9922690987586975,0.9909070730209351,0.9974043965339661,0.9889119863510132,0.7703187465667725,0.03709859028458595,0.8727872371673584,0.9884061217308044,0.9868170619010925,0.9961194396018982
118,0.9930732846260071,0.811635434627533,0.01945491135120392,1e-06,0.8760223984718323,0.9920671582221985,0.990667462348938,0.9973281025886536,0.9889193773269653,0.7698556184768677,0.037048403173685074,0.8726549744606018,0.9884133338928223,0.9868203997612,0.9961245656013489
119,0.9932016730308533,0.813519299030304,0.019290801137685776,1e-06,0.8786321878433228,0.9921737313270569,0.9908596873283386,0.9973734617233276,0.9889039993286133,0.7701306939125061,0.037159789353609085,0.8732922673225403,0.9884095191955566,0.9868109226226807,0.996121346950531
120,0.9931646585464478,0.8177648186683655,0.019203824922442436,1e-06,0.8766862154006958,0.9921398162841797,0.9908509850502014,0.9973458051681519,0.9889158606529236,0.7690199017524719,0.03690061718225479,0.8709498643875122,0.9884249567985535,0.9867863655090332,0.9961296916007996
121,0.9932252168655396,0.8137168288230896,0.019095446914434433,1e-06,0.8768856525421143,0.9922029376029968,0.9908521771430969,0.9973695874214172,0.9889082312583923,0.7698079943656921,0.03694403916597366,0.8713768720626831,0.9884254932403564,0.98680579662323,0.9961284399032593
122,0.993272066116333,0.8170079588890076,0.01898382045328617,1e-06,0.876990795135498,0.9922093152999878,0.9909285306930542,0.9973810911178589,0.988925576210022,0.7694843411445618,0.03689594939351082,0.871537983417511,0.9884302020072937,0.9868134260177612,0.9961293339729309
123,0.9931755661964417,0.8157569766044617,0.019279712811112404,1e-06,0.8769372701644897,0.992132842540741,0.9907515645027161,0.9973520040512085,0.9889053702354431,0.7689175605773926,0.036835189908742905,0.8716170191764832,0.9884151220321655,0.986793577671051,0.9961220622062683
124,0.9932065606117249,0.8075889945030212,0.019332388415932655,1e-06,0.8764384388923645,0.9921833872795105,0.9908153414726257,0.9973724484443665,0.9889000058174133,0.7693665027618408,0.03694475442171097,0.8720967769622803,0.9884136319160461,0.9868003129959106,0.9961239099502563
125,0.9929917454719543,0.8090388178825378,0.019758619368076324,1e-06,0.8783156871795654,0.9920136332511902,0.9905591607093811,0.9973133206367493,0.9889038801193237,0.7705100774765015,0.037159617990255356,0.8736768960952759,0.9884008765220642,0.9868180155754089,0.9961205720901489
126,0.9932267069816589,0.8173273205757141,0.019125260412693024,1e-06,0.8801851272583008,0.9922180771827698,0.9908924102783203,0.9973846673965454,0.9889204502105713,0.7680094838142395,0.03668438643217087,0.8718250393867493,0.988436222076416,0.9867862462997437,0.996135413646698
127,0.9931778311729431,0.8104417324066162,0.019396258518099785,1e-06,0.8783494234085083,0.9921552538871765,0.99074786901474,0.9973615407943726,0.9888981580734253,0.7696976065635681,0.037008341401815414,0.8730385899543762,0.9883899092674255,0.9867981672286987,0.9961168169975281
128,0.9930925369262695,0.8120291829109192,0.01946118287742138,1e-06,0.878124475479126,0.9920738935470581,0.990673840045929,0.9973375797271729,0.9889445304870605,0.769911527633667,0.03703155741095543,0.8736904859542847,0.9884379506111145,0.9868378639221191,0.9961367845535278
129,0.9932525157928467,0.8134495615959167,0.019164279103279114,1e-06,0.8801678419113159,0.9921146035194397,0.9907709360122681,0.9973601698875427,0.9889497756958008,0.768653392791748,0.03693508729338646,0.8749792575836182,0.988454282283783,0.9868249893188477,0.9961410164833069
130,0.99305260181427,0.8082613348960876,0.019663846120238304,1e-06,0.8816289305686951,0.9920437335968018,0.9906069040298462,0.9973211288452148,0.9889232516288757,0.7700700163841248,0.037092339247465134,0.8747266530990601,0.9884198307991028,0.9868273735046387,0.9961240887641907
131,0.9933010935783386,0.8134104013442993,0.018932869657874107,1e-06,0.880820631980896,0.9922448992729187,0.9909222722053528,0.9973876476287842,0.9889338612556458,0.7701573967933655,0.03709084168076515,0.8755432367324829,0.9884350895881653,0.9868462085723877,0.99613356590271
132,0.9931238293647766,0.812094509601593,0.019554583355784416,1e-06,0.8787789940834045,0.9920877814292908,0.9906958937644958,0.997336208820343,0.9889528155326843,0.7699242234230042,0.036961957812309265,0.8740911483764648,0.988452136516571,0.9868490695953369,0.9961421489715576
133,0.9930890798568726,0.8092275261878967,0.0196816585958004,1e-06,0.8765108585357666,0.9920587539672852,0.9906648993492126,0.9973322153091431,0.9889222383499146,0.769416868686676,0.03687634691596031,0.8734424114227295,0.9884278178215027,0.9868207573890686,0.9961308240890503
134,0.9932769536972046,0.816088080406189,0.019101524725556374,1e-06,0.878251850605011,0.9921646118164062,0.9908556342124939,0.9973762631416321,0.9889334440231323,0.7705133557319641,0.03710831329226494,0.875138521194458,0.9884253144264221,0.986853301525116,0.9961292743682861
135,0.9931706786155701,0.8152465224266052,0.019252032041549683,1e-06,0.8786292672157288,0.9921436905860901,0.9907148480415344,0.9973538517951965,0.9889183640480042,0.7706224322319031,0.037084780633449554,0.874174952507019,0.9884041547775269,0.9868395924568176,0.9961229562759399
136,0.993345320224762,0.8178797364234924,0.01878594048321247,1e-06,0.8824526071548462,0.9922558665275574,0.9909738898277283,0.9974096417427063,0.9889128804206848,0.770875096321106,0.03718001767992973,0.8750689029693604,0.988387942314148,0.9868378639221191,0.996120810508728
137,0.9932427406311035,0.8189964294433594,0.019115742295980453,1e-06,0.8802050948143005,0.9922025799751282,0.9908401370048523,0.9973829388618469,0.9889272451400757,0.7701013684272766,0.03719419240951538,0.8770954608917236,0.9884155988693237,0.9868385195732117,0.9961300492286682
138,0.9932186603546143,0.8179150223731995,0.019280338659882545,1e-06,0.8788734078407288,0.9921671748161316,0.9908142685890198,0.9973629117012024,0.9889377951622009,0.7702324986457825,0.036994583904743195,0.8734711408615112,0.9884300827980042,0.9868442416191101,0.9961344003677368
139,0.9933708906173706,0.8172406554222107,0.01885642297565937,1e-06,0.8792592883110046,0.9923382997512817,0.9909860491752625,0.9974282383918762,0.988903284072876,0.771577775478363,0.03742001950740814,0.8766319155693054,0.9883950352668762,0.9868444800376892,0.9961180686950684
140,0.9932407736778259,0.8208646178245544,0.019094491377472878,1e-06,0.8808166980743408,0.992179811000824,0.9908358454704285,0.9973708987236023,0.9889302253723145,0.7708231210708618,0.037244245409965515,0.8760913610458374,0.9884233474731445,0.9868523478507996,0.9961321949958801
141,0.9933076500892639,0.8139084577560425,0.01894429884850979,1e-06,0.879209041595459,0.9922235012054443,0.9909181594848633,0.997387707233429,0.9889219999313354,0.770521342754364,0.037277620285749435,0.876491129398346,0.9884137511253357,0.9868568181991577,0.9961280822753906
142,0.9932398796081543,0.8184292316436768,0.018971430137753487,1e-06,0.8830382227897644,0.9921537637710571,0.9908234477043152,0.9973592162132263,0.9889258146286011,0.7723314762115479,0.03748800978064537,0.8756660223007202,0.9883949160575867,0.9868794083595276,0.9961211681365967
143,0.9931614995002747,0.8140795826911926,0.01936362497508526,1e-06,0.8788659572601318,0.9921537041664124,0.9907415509223938,0.9973506927490234,0.9889211058616638,0.769254744052887,0.03717970475554466,0.8751555681228638,0.9884322285652161,0.986818790435791,0.9961333274841309
144,0.993320882320404,0.8164656162261963,0.018828991800546646,1e-06,0.8792160749435425,0.9923146963119507,0.9910003542900085,0.9974178671836853,0.9889224767684937,0.7704744935035706,0.03720153495669365,0.8752351999282837,0.9884122610092163,0.9868462085723877,0.9961283206939697
145,0.9932531118392944,0.8184974789619446,0.019026001915335655,1e-06,0.8793628215789795,0.9921759366989136,0.9908438920974731,0.9973752498626709,0.9888972640037537,0.7725512385368347,0.03765152394771576,0.8771837949752808,0.9883812069892883,0.9868599772453308,0.9961146116256714
146,0.9932281374931335,0.8171988725662231,0.01904253475368023,1e-06,0.8803687691688538,0.9921286702156067,0.9908421635627747,0.9973629713058472,0.9889110326766968,0.7717743515968323,0.03748728334903717,0.8771767616271973,0.9884012937545776,0.9868570566177368,0.9961237907409668
147,0.9933587908744812,0.8176903128623962,0.018950331956148148,1e-06,0.8798218965530396,0.9922534227371216,0.9909664392471313,0.997395932674408,0.9889336824417114,0.771506667137146,0.03736630082130432,0.8757894039154053,0.9884329438209534,0.9868680238723755,0.9961352944374084
148,0.9934033155441284,0.8214542865753174,0.01870487630367279,1e-06,0.8790833353996277,0.9922925233840942,0.9910261631011963,0.9974055290222168,0.9889333248138428,0.7713606953620911,0.03728357329964638,0.8757449388504028,0.9884251952171326,0.9868675470352173,0.9961313009262085
149,0.9933869242668152,0.8202798962593079,0.018670648336410522,1e-06,0.8791844844818115,0.9922794699668884,0.9910092949867249,0.9973989725112915,0.9889354705810547,0.771198570728302,0.03723038733005524,0.8756699562072754,0.9884294271469116,0.986868679523468,0.9961346983909607
150,0.9934754371643066,0.8228448629379272,0.01863688975572586,1e-06,0.8821502923965454,0.9923906922340393,0.9911020994186401,0.9974411725997925,0.9889434576034546,0.7707499861717224,0.037324052304029465,0.8774312734603882,0.9884506464004517,0.9868755340576172,0.9961385130882263
151,0.9934070706367493,0.8207565546035767,0.018649810925126076,1e-06,0.8833452463150024,0.9923668503761292,0.9910695552825928,0.9974268078804016,0.9889286160469055,0.7713718414306641,0.037462856620550156,0.8773460984230042,0.9884257316589355,0.9868733882904053,0.996131420135498
152,0.9933496117591858,0.8208463788032532,0.018896866589784622,1e-06,0.8837876319885254,0.9923296570777893,0.9909917712211609,0.9974129796028137,0.9889132380485535,0.7727607488632202,0.03759213164448738,0.8765283823013306,0.9883750677108765,0.9868764281272888,0.9961150884628296
153,0.9932821393013,0.8178603053092957,0.019039778038859367,1e-06,0.8823646306991577,0.992220401763916,0.9909464120864868,0.9973812103271484,0.9889485239982605,0.7706330418586731,0.03736056387424469,0.8772917985916138,0.9884436726570129,0.9868758916854858,0.9961373209953308
154,0.9933030605316162,0.8192079067230225,0.018943019211292267,1e-06,0.8815907835960388,0.9922192096710205,0.9909032583236694,0.9973819255828857,0.9889280796051025,0.7714895606040955,0.03738667443394661,0.8752844333648682,0.9884129762649536,0.9868646860122681,0.9961279034614563
155,0.9933047890663147,0.8196133971214294,0.01882370002567768,1e-06,0.8797904849052429,0.9923194646835327,0.9909705519676208,0.9974129796028137,0.9889071583747864,0.7718319296836853,0.03750598058104515,0.8762653470039368,0.9883875250816345,0.9868505597114563,0.9961192011833191
156,0.9931841492652893,0.8194830417633057,0.019388556480407715,1e-06,0.8822124004364014,0.9921385049819946,0.9907590746879578,0.9973487257957458,0.9889237284660339,0.7711771130561829,0.03745580092072487,0.8766731023788452,0.9884223341941833,0.9868448376655579,0.9961282014846802
157,0.9934326410293579,0.8205002546310425,0.018587592989206314,1e-06,0.880529522895813,0.9923477172851562,0.991062343120575,0.9974240064620972,0.9889065027236938,0.7736607193946838,0.0378137081861496,0.8770488500595093,0.9883694648742676,0.9868789315223694,0.9961145520210266
158,0.9932200908660889,0.817502498626709,0.019178733229637146,1e-06,0.8798766732215881,0.9921219944953918,0.9908602237701416,0.997355580329895,0.9889121055603027,0.7727399468421936,0.037639569491147995,0.8762136101722717,0.9883844256401062,0.9868578314781189,0.996117353439331
159,0.9933645725250244,0.8171122670173645,0.018772276118397713,1e-06,0.8824560642242432,0.9923407435417175,0.9910503029823303,0.9974194765090942,0.9889358282089233,0.772182822227478,0.03750644251704216,0.8778239488601685,0.9884151220321655,0.9868773818016052,0.9961275458335876
160,0.9934883117675781,0.8245182037353516,0.018435101956129074,1e-06,0.8837350606918335,0.9923810958862305,0.9911379814147949,0.9974386096000671,0.9889339804649353,0.772538423538208,0.03754362091422081,0.8788248300552368,0.9884133338928223,0.9868963956832886,0.996125340461731
161,0.9933826327323914,0.8233415484428406,0.01857072301208973,1e-06,0.8843351602554321,0.9922833442687988,0.9910386204719543,0.9974105954170227,0.9889469146728516,0.7731952667236328,0.03763578087091446,0.8784792423248291,0.9884217381477356,0.9869120717048645,0.996131956577301
162,0.9932361841201782,0.8177879452705383,0.018975846469402313,1e-06,0.8824707865715027,0.9921494722366333,0.9908472299575806,0.9973626136779785,0.9889240860939026,0.7708624601364136,0.037400197237730026,0.8787856101989746,0.9884214401245117,0.9868581891059875,0.99612957239151
163,0.9932625889778137,0.8220587372779846,0.019192801788449287,1e-06,0.8843374252319336,0.9921618700027466,0.9908372759819031,0.9973661303520203,0.9889543056488037,0.7722737789154053,0.03750624507665634,0.8782153129577637,0.9884293079376221,0.9868976473808289,0.9961351752281189
164,0.993237316608429,0.8150947690010071,0.019117599353194237,1e-06,0.8843300938606262,0.9921675324440002,0.9908418655395508,0.9973573684692383,0.9889415502548218,0.7724912762641907,0.03756330534815788,0.8778490424156189,0.9884118437767029,0.9868831634521484,0.9961286783218384
165,0.9933783411979675,0.8190853595733643,0.018719330430030823,1e-06,0.8822526335716248,0.992321252822876,0.9910345673561096,0.9974119067192078,0.9889223575592041,0.7721493244171143,0.03773313760757446,0.8790580630302429,0.9884143471717834,0.9868700504302979,0.9961285591125488
166,0.9934573173522949,0.8182376623153687,0.01867973804473877,1e-06,0.8829749822616577,0.9923148155212402,0.9910199046134949,0.9974165558815002,0.9889429211616516,0.7719332575798035,0.037698764353990555,0.8799983263015747,0.988429844379425,0.9868984818458557,0.9961358904838562
167,0.9933817982673645,0.8178801536560059,0.018859032541513443,1e-06,0.884251594543457,0.9923138618469238,0.991002082824707,0.997411847114563,0.9889204502105713,0.7717497944831848,0.03762861713767052,0.8789128065109253,0.9884080290794373,0.9868732690811157,0.9961264133453369
168,0.9934004545211792,0.8212090730667114,0.018759092316031456,1e-06,0.8839680552482605,0.9923559427261353,0.9910595417022705,0.9974150657653809,0.9889247417449951,0.772070050239563,0.03766118362545967,0.878472089767456,0.9884136319160461,0.9868870377540588,0.9961304068565369
169,0.9934042096138,0.8185737729072571,0.01867988333106041,1e-06,0.8830962777137756,0.9923800230026245,0.9910971522331238,0.9974367618560791,0.9889218807220459,0.7724751830101013,0.03766508772969246,0.878409743309021,0.9883941411972046,0.986885130405426,0.9961197972297668
170,0.9934058785438538,0.8192675113677979,0.01884310506284237,1e-06,0.8831452131271362,0.9923332929611206,0.9909992814064026,0.9974187612533569,0.9889323115348816,0.7721001505851746,0.037575364112854004,0.8779497146606445,0.9884177446365356,0.9868897795677185,0.9961304068565369
171,0.9931985139846802,0.8164335489273071,0.01939503848552704,1e-06,0.8832758665084839,0.9920976161956787,0.9907929301261902,0.9973385334014893,0.9889378547668457,0.77308189868927,0.037680111825466156,0.8773164749145508,0.9884089827537537,0.9868958592414856,0.9961245656013489
172,0.9933990240097046,0.8238187432289124,0.018617097288370132,1e-06,0.882523775100708,0.9923203587532043,0.9910187125205994,0.9974109530448914,0.9889376759529114,0.7715542316436768,0.037526603788137436,0.8776286840438843,0.9884305596351624,0.9868821501731873,0.9961346983909607
173,0.993523359298706,0.8237820267677307,0.01837197318673134,1e-06,0.883192241191864,0.9924439787864685,0.9911807775497437,0.9974583387374878,0.9889307022094727,0.7716622948646545,0.03760644420981407,0.8792145252227783,0.9884207248687744,0.9868911504745483,0.9961320757865906
174,0.9933803677558899,0.819401204586029,0.01875048503279686,1e-06,0.8848239183425903,0.9923005700111389,0.9910212755203247,0.997409999370575,0.9889364242553711,0.7721192240715027,0.037714142352342606,0.8797886967658997,0.9884051084518433,0.986881673336029,0.9961244463920593
175,0.9933728575706482,0.8146478533744812,0.018779629841446877,1e-06,0.8851604461669922,0.9922717809677124,0.9909454584121704,0.9973986744880676,0.988923966884613,0.7733374834060669,0.037866659462451935,0.8795306086540222,0.9883893132209778,0.9869088530540466,0.9961169362068176
176,0.993369996547699,0.8230060338973999,0.01870383322238922,1e-06,0.8834220170974731,0.9922892451286316,0.9909942746162415,0.9974028468132019,0.9889398217201233,0.7712864279747009,0.03760490566492081,0.8798670172691345,0.9884388446807861,0.9868958592414856,0.996135413646698
177,0.9934811592102051,0.8219727277755737,0.018500661477446556,1e-06,0.885409951210022,0.9923800230026245,0.9911500215530396,0.9974287152290344,0.9889168739318848,0.7736395597457886,0.03800366073846817,0.8793878555297852,0.988398015499115,0.9869097471237183,0.9961236715316772
178,0.9933188557624817,0.8200622797012329,0.018948804587125778,1e-06,0.8818061351776123,0.9922009110450745,0.9908289313316345,0.997377336025238,0.9889094829559326,0.7727468609809875,0.037837427109479904,0.8790655136108398,0.9883854389190674,0.986878514289856,0.9961196780204773
179,0.9935538172721863,0.8256489634513855,0.018439918756484985,1e-06,0.8838233947753906,0.992393434047699,0.9911454319953918,0.997441828250885,0.9889286160469055,0.7713236808776855,0.037636492401361465,0.8785710334777832,0.988425076007843,0.9868900179862976,0.9961301684379578
180,0.9934124946594238,0.8234092593193054,0.01867074705660343,1e-06,0.8829824328422546,0.9923431873321533,0.9910719394683838,0.9974179267883301,0.9889254570007324,0.7731667160987854,0.03794800490140915,0.8797762989997864,0.988395631313324,0.9869081974029541,0.9961206912994385
181,0.9934800267219543,0.8209757804870605,0.018447505310177803,1e-06,0.8855016827583313,0.9923785328865051,0.9910975098609924,0.9974390268325806,0.9889243245124817,0.7721975445747375,0.03768692538142204,0.8789572715759277,0.9884049892425537,0.9868908524513245,0.996124804019928
182,0.9934127926826477,0.8195322751998901,0.018696164712309837,1e-06,0.8845720887184143,0.9923186898231506,0.9910256266593933,0.9974172711372375,0.9889022707939148,0.7723326086997986,0.03787052258849144,0.8792608976364136,0.9883819222450256,0.9868715405464172,0.9961155652999878
183,0.9934216737747192,0.8186160326004028,0.018655551597476006,1e-06,0.8844050168991089,0.9923446178436279,0.9910842776298523,0.9974253177642822,0.988934338092804,0.7718874216079712,0.037904683500528336,0.8814873099327087,0.9884302020072937,0.9869003891944885,0.9961338043212891
184,0.9934625029563904,0.8189675211906433,0.01841197907924652,1e-06,0.8846616744995117,0.992404580116272,0.9911462664604187,0.9974417090415955,0.9889258146286011,0.7722996473312378,0.037987563759088516,0.8814738988876343,0.9884200692176819,0.9869012236595154,0.9961287975311279
185,0.993425726890564,0.8198708295822144,0.0186315905302763,1e-06,0.8865494728088379,0.9924039244651794,0.9911361932754517,0.9974430799484253,0.9889199733734131,0.7717914581298828,0.03773000091314316,0.8793749809265137,0.9884060025215149,0.986871063709259,0.9961239695549011
186,0.9933602213859558,0.8184646964073181,0.018910562619566917,1e-06,0.882483720779419,0.9922207593917847,0.9909552931785583,0.9973812103271484,0.9889429211616516,0.7729978561401367,0.0380130335688591,0.8806813955307007,0.9884359240531921,0.9869199395179749,0.9961360096931458
187,0.9933576583862305,0.8191725015640259,0.018846558406949043,1e-06,0.8835747241973877,0.9922663569450378,0.990953803062439,0.9973973631858826,0.9889208674430847,0.7729504108428955,0.03791190683841705,0.8797823190689087,0.9884041547775269,0.9869090914726257,0.9961259365081787
188,0.9936468601226807,0.8218525052070618,0.01805306226015091,1e-06,0.8872499465942383,0.9925693869590759,0.9913080334663391,0.9974943995475769,0.9889342188835144,0.7737863063812256,0.038150399923324585,0.8812445998191833,0.9884064793586731,0.9869360327720642,0.9961265325546265
189,0.9934509992599487,0.8247560858726501,0.018672900274395943,1e-06,0.8851019740104675,0.9922524094581604,0.9910113215446472,0.9973992109298706,0.9889274835586548,0.7729651927947998,0.03790610656142235,0.8792329430580139,0.9883944988250732,0.9869089722633362,0.9961246848106384
190,0.9935787916183472,0.8195462822914124,0.018250977620482445,1e-06,0.8839513063430786,0.9924824237823486,0.9912537336349487,0.9974738359451294,0.9889238476753235,0.773366391658783,0.03798067942261696,0.8787841200828552,0.9884065985679626,0.9869210720062256,0.9961239695549011
191,0.9935808181762695,0.8246885538101196,0.01807081140577793,1e-06,0.8848536014556885,0.9924741983413696,0.9912320971488953,0.9974660873413086,0.9889368414878845,0.7736890912055969,0.03795445337891579,0.8785570859909058,0.9884093999862671,0.9869266748428345,0.9961291551589966
192,0.993561863899231,0.8267274498939514,0.01818714290857315,1e-06,0.8842660188674927,0.9924119710922241,0.9912371039390564,0.9974502921104431,0.9889242053031921,0.7746031880378723,0.03824882581830025,0.8810204267501831,0.9883967638015747,0.9869372844696045,0.9961221814155579
193,0.9934906363487244,0.8232864141464233,0.01849592849612236,1e-06,0.8845676183700562,0.9924049973487854,0.9911152720451355,0.997447669506073,0.9889485836029053,0.7736915946006775,0.03798376023769379,0.8805524110794067,0.9884254336357117,0.9869426488876343,0.9961329102516174
194,0.9935986399650574,0.8243227005004883,0.018151067197322845,1e-06,0.8848727941513062,0.9924653768539429,0.9912988543510437,0.9974643588066101,0.9889288544654846,0.7741826772689819,0.038030460476875305,0.8806248903274536,0.9884036183357239,0.9869361519813538,0.9961261749267578
195,0.9936322569847107,0.8244717717170715,0.018206853419542313,1e-06,0.8874735832214355,0.9925023913383484,0.9912626147270203,0.9974823594093323,0.9889431595802307,0.7732155323028564,0.037973739206790924,0.8808085322380066,0.9884197115898132,0.9869234561920166,0.996129035949707
196,0.9934070706367493,0.8204340934753418,0.01878027245402336,1e-06,0.8852262496948242,0.9923343658447266,0.9911018013954163,0.9974209666252136,0.9889454245567322,0.7732217311859131,0.03789636492729187,0.8796596527099609,0.9884177446365356,0.9869280457496643,0.9961293339729309
197,0.9935871362686157,0.818086564540863,0.018213538452982903,1e-06,0.8860507011413574,0.9925126433372498,0.991259753704071,0.9974810481071472,0.9889532923698425,0.7734078764915466,0.038084328174591064,0.8817588090896606,0.9884476661682129,0.9869468808174133,0.9961365461349487
198,0.9934958219528198,0.8248754739761353,0.01846899837255478,1e-06,0.8831273913383484,0.9923338890075684,0.9910885095596313,0.9974223971366882,0.9889408349990845,0.7740118503570557,0.038167424499988556,0.8816596865653992,0.9884272217750549,0.9869385361671448,0.996131956577301
199,0.9936388731002808,0.8286135792732239,0.01808251067996025,1e-06,0.8849217891693115,0.9925147294998169,0.9912996888160706,0.9974731206893921,0.9889005422592163,0.77527916431427,0.038523733615875244,0.8816999197006226,0.9883736968040466,0.9869314432144165,0.9961140751838684
