----------
model name: unet_v1
epochs: 200
steps_per_epoch: 850
dimension: 128
n_channels: 2
input layer: KerasTensor(type_spec=TensorSpec(shape=(None, 128, 128, 2), dtype=tf.float32, name='input_1'), name='input_1', description="created by layer 'input_1'")
kernel init: he_normal
dropout: 0.2
learning rate: 0.0001
loss function: categorical_crossentropy
train cases: 850
train slices: 7678
validation cases: 251
val slices: 2139
slice index: 40 ~ 116
tumor ratio: 0.15 ~ 0.2
test cases: 150
start training at: Mar-23_15-46-03
----------
