epoch,accuracy,dice_coef,loss,lr,mean_io_u,precision,sensitivity,specificity,val_accuracy,val_dice_coef,val_loss,val_mean_io_u,val_precision,val_sensitivity,val_specificity
0,0.9622949361801147,0.39372414350509644,0.12032485008239746,1e-04,0.6528137922286987,0.9776559472084045,0.9427390694618225,0.9928926825523376,0.9684372544288635,0.4220660626888275,0.09276804327964783,0.6970869302749634,0.9767736792564392,0.957200288772583,0.9920842051506042
1,0.9726134538650513,0.48206040263175964,0.07838467508554459,1e-04,0.6826264262199402,0.9815811514854431,0.9611554145812988,0.9936547875404358,0.9732565879821777,0.4842780828475952,0.07574363052845001,0.7106673121452332,0.9851715564727783,0.955940842628479,0.9948095679283142
2,0.9770289659500122,0.5374256372451782,0.06408315151929855,1e-04,0.72682124376297,0.9829432368278503,0.9689912796020508,0.9941394925117493,0.9790084958076477,0.569778323173523,0.05671536922454834,0.7482541799545288,0.9819055199623108,0.9739351868629456,0.9938846230506897
3,0.9799472093582153,0.5823500752449036,0.05564878508448601,1e-04,0.7385231256484985,0.9835801124572754,0.973892092704773,0.9943972826004028,0.9792449474334717,0.5647072196006775,0.06018536537885666,0.7792335152626038,0.9852939248085022,0.9704670906066895,0.9949195981025696
4,0.9824860692024231,0.6158369183540344,0.049520812928676605,1e-04,0.7397288084030151,0.984806478023529,0.9776945114135742,0.9948398470878601,0.984172523021698,0.6460500955581665,0.04571413993835449,0.7390151023864746,0.985399603843689,0.9801374077796936,0.9950756430625916
5,0.9764850735664368,0.5543746948242188,0.0740196704864502,1e-04,0.7182193398475647,0.9818761944770813,0.9685043692588806,0.9938399195671082,0.9815362691879272,0.6054653525352478,0.053530022501945496,0.7391738295555115,0.9832999110221863,0.9774318933486938,0.9943596720695496
6,0.9831175208091736,0.6298334002494812,0.04731849208474159,1e-04,0.7606916427612305,0.9851908683776855,0.978355348110199,0.9949705004692078,0.9841969609260559,0.6455177664756775,0.04519761726260185,0.7914186716079712,0.9855901002883911,0.9801890850067139,0.9951335191726685
7,0.9844643473625183,0.6541317701339722,0.043787602335214615,1e-04,0.7410379648208618,0.9859079122543335,0.9802332520484924,0.9952192306518555,0.985447108745575,0.6632899045944214,0.04208388552069664,0.8007901906967163,0.9862034916877747,0.9820115566253662,0.9953415989875793
8,0.985309898853302,0.6604891419410706,0.04114416614174843,1e-04,0.7307859063148499,0.9864789843559265,0.9812138676643372,0.9954112768173218,0.9832788109779358,0.6281715631484985,0.04774909093976021,0.6660988330841064,0.9860740303993225,0.9776577949523926,0.9952550530433655
9,0.985893726348877,0.6710160374641418,0.03990127518773079,1e-04,0.6961650848388672,0.9867760539054871,0.9820840358734131,0.9955199360847473,0.9860747456550598,0.6877972483634949,0.04254159331321716,0.7619543075561523,0.9865575432777405,0.9830290675163269,0.9954562783241272
10,0.9884594678878784,0.6975417137145996,0.032227396965026855,2e-05,0.7265009880065918,0.9886267781257629,0.9851741194725037,0.9961371421813965,0.9873955249786377,0.706344723701477,0.037422847002744675,0.758868396282196,0.9873098134994507,0.984660804271698,0.995730996131897
11,0.9885716438293457,0.7033593058586121,0.031746894121170044,2e-05,0.7444677352905273,0.988621711730957,0.9853932857513428,0.9961438179016113,0.9875565767288208,0.7080721855163574,0.036626748740673065,0.7918003797531128,0.9874137043952942,0.9847783446311951,0.9957685470581055
12,0.9887824058532715,0.7092952728271484,0.031347181648015976,2e-05,0.7518301010131836,0.988719642162323,0.9855901598930359,0.9961761236190796,0.9871529936790466,0.6950278282165527,0.03777807950973511,0.7409043908119202,0.9875293374061584,0.9838329553604126,0.9957880973815918
13,0.9889052510261536,0.7089746594429016,0.030690234154462814,2e-05,0.7650370597839355,0.9888971447944641,0.9856324791908264,0.9962342977523804,0.9876024723052979,0.7068161964416504,0.0364072248339653,0.7636942267417908,0.9874953031539917,0.9847966432571411,0.9957922101020813
14,0.9895474910736084,0.7176297307014465,0.029085183516144753,2e-05,0.7644802331924438,0.9893718361854553,0.9864989519119263,0.9964056015014648,0.9879299402236938,0.7118475437164307,0.03588743507862091,0.7980243563652039,0.9878125786781311,0.985236406326294,0.9958997368812561
15,0.9893270134925842,0.7151793837547302,0.02953021414577961,2e-05,0.7658449411392212,0.989173948764801,0.9861664175987244,0.996330738067627,0.9880988597869873,0.7154088616371155,0.03569967672228813,0.8120625019073486,0.9878233075141907,0.9855560064315796,0.9959104657173157
16,0.9899222254753113,0.7260555028915405,0.0280479546636343,2e-05,0.7795214653015137,0.9896756410598755,0.9869807958602905,0.9965034127235413,0.9877440333366394,0.7179890275001526,0.03593418374657631,0.7663507461547852,0.9875048995018005,0.9851711988449097,0.9958053231239319
17,0.9897058606147766,0.7259005308151245,0.02847116068005562,2e-05,0.765223503112793,0.9894618391990662,0.9866118431091309,0.9964379668235779,0.9879611134529114,0.7063422799110413,0.03471049293875694,0.7807506322860718,0.988148033618927,0.9849347472190857,0.9960026741027832
18,0.9901620745658875,0.7327762246131897,0.027165360748767853,2e-05,0.7823712825775146,0.9897966384887695,0.9872138500213623,0.9965512752532959,0.9880849123001099,0.7220009565353394,0.03527276962995529,0.7909730672836304,0.987824559211731,0.9855101108551025,0.995912492275238
19,0.9902207851409912,0.7333115339279175,0.027150090783834457,2e-05,0.7864556312561035,0.9898330569267273,0.9872817993164062,0.9965665340423584,0.9877368211746216,0.7194551825523376,0.03635232523083687,0.7776781320571899,0.9873983860015869,0.9852451682090759,0.9957799911499023
20,0.9908638000488281,0.7371513247489929,0.025232702493667603,4e-06,0.787039041519165,0.9902978539466858,0.988062858581543,0.9967184066772461,0.9885145425796509,0.7231461405754089,0.03404047340154648,0.7993823289871216,0.9882092475891113,0.9859100580215454,0.9960399866104126
21,0.9907198548316956,0.7372152805328369,0.025871239602565765,4e-06,0.7975502014160156,0.9902188777923584,0.9878255724906921,0.9966843724250793,0.9886065721511841,0.7212281227111816,0.03375773876905441,0.8134317994117737,0.9883736968040466,0.9859268069267273,0.996089518070221
22,0.9906398057937622,0.7408841252326965,0.025846397504210472,4e-06,0.8067177534103394,0.9901382327079773,0.9877185225486755,0.9966602325439453,0.988506555557251,0.7222947478294373,0.03407342731952667,0.804766833782196,0.9882570505142212,0.9858932495117188,0.9960525631904602
23,0.9910702705383301,0.7397415041923523,0.02481275051832199,4e-06,0.8106462359428406,0.9905550479888916,0.9882468581199646,0.9967992901802063,0.9885014295578003,0.7245633006095886,0.03398028761148453,0.8113899230957031,0.9881781935691833,0.9859355092048645,0.9960298538208008
24,0.9909103512763977,0.7442893385887146,0.025113731622695923,1e-06,0.806061327457428,0.9903081655502319,0.9880643486976624,0.9967216849327087,0.9885619282722473,0.7246510982513428,0.033930692821741104,0.812950849533081,0.9882473349571228,0.9859933853149414,0.9960550665855408
25,0.9912769794464111,0.7456813454627991,0.024140791967511177,1e-06,0.8100408315658569,0.9906661510467529,0.9884641170501709,0.9968441724777222,0.9885666966438293,0.7242922186851501,0.03389190137386322,0.8155319094657898,0.9882842302322388,0.9859908223152161,0.9960655570030212
26,0.9908908009529114,0.7459891438484192,0.025429924950003624,1e-06,0.8129085302352905,0.9903347492218018,0.9879987835884094,0.9967300295829773,0.98855060338974,0.7263486385345459,0.03405870869755745,0.8186399936676025,0.9882400631904602,0.9860233664512634,0.9960519671440125
27,0.9909443259239197,0.7391321659088135,0.025164498016238213,1e-06,0.8161821365356445,0.9904178977012634,0.9881273508071899,0.9967547059059143,0.9886345267295837,0.7258477807044983,0.033785004168748856,0.8141750693321228,0.9883142113685608,0.9860957264900208,0.9960744380950928
28,0.9909977316856384,0.7428820729255676,0.024877237156033516,1e-06,0.8129380345344543,0.9904033541679382,0.9881758093833923,0.9967577457427979,0.9886305332183838,0.7269517183303833,0.033915892243385315,0.8131221532821655,0.9882749915122986,0.9861270189285278,0.9960615634918213
29,0.9913473129272461,0.7385868430137634,0.024195563048124313,1e-06,0.8151510953903198,0.9907380938529968,0.9885855913162231,0.9968598484992981,0.9886304140090942,0.7273496389389038,0.033940911293029785,0.8145077228546143,0.9882591962814331,0.9861258864402771,0.9960589408874512
30,0.9913332462310791,0.7457766532897949,0.02404354140162468,1e-06,0.814111590385437,0.9906728863716125,0.9885270595550537,0.9968485832214355,0.9886562824249268,0.7270849943161011,0.03390006721019745,0.8174837231636047,0.9882953763008118,0.9861568212509155,0.9960716962814331
31,0.9912667870521545,0.7391756772994995,0.02442856691777706,1e-06,0.8161088228225708,0.9906455874443054,0.988490641117096,0.9968389272689819,0.988644540309906,0.727124035358429,0.03380493447184563,0.8190705180168152,0.9882884621620178,0.9861370325088501,0.9960684180259705
32,0.991171658039093,0.7421867251396179,0.024438530206680298,1e-06,0.8182713389396667,0.9905659556388855,0.9883880019187927,0.9968082308769226,0.9886161088943481,0.7272274494171143,0.03391635790467262,0.819428563117981,0.9882626533508301,0.9861156940460205,0.9960619211196899
33,0.9910651445388794,0.7436000108718872,0.024639926850795746,1e-06,0.8174493312835693,0.9903950095176697,0.9882681369781494,0.9967479109764099,0.9886519908905029,0.7259218692779541,0.03372965380549431,0.8169523477554321,0.9883239269256592,0.986121654510498,0.9960782527923584
34,0.9911419749259949,0.7494009137153625,0.02452395297586918,1e-06,0.8129619359970093,0.9904894828796387,0.9883681535720825,0.9967848658561707,0.9886718392372131,0.7258766889572144,0.033757492899894714,0.8172021508216858,0.9883379936218262,0.986140251159668,0.9960843920707703
35,0.9912654161453247,0.7473522424697876,0.024161983281373978,1e-06,0.8188452124595642,0.9906907081604004,0.9884907007217407,0.9968428015708923,0.9886918067932129,0.7273586988449097,0.03387691080570221,0.8187481164932251,0.9883331656455994,0.9861928820610046,0.9960827827453613
36,0.9913081526756287,0.7470231652259827,0.024038521572947502,1e-06,0.8175656795501709,0.990630030632019,0.9885318279266357,0.9968307018280029,0.988663375377655,0.7273021340370178,0.033847928047180176,0.817278265953064,0.9882943630218506,0.9861637949943542,0.9960706830024719
37,0.9913375377655029,0.7442832589149475,0.024233566597104073,1e-06,0.8131685256958008,0.9906476736068726,0.9885947108268738,0.9968413710594177,0.9886382818222046,0.7275143265724182,0.03386828675866127,0.8174930214881897,0.9882686734199524,0.9861433506011963,0.9960639476776123
38,0.9912185668945312,0.747895359992981,0.024301160126924515,1e-06,0.8160784840583801,0.9905433654785156,0.988457441329956,0.9968047738075256,0.988624095916748,0.726616621017456,0.03393194451928139,0.8178211450576782,0.9882792830467224,0.9860932230949402,0.9960654377937317
39,0.9910891056060791,0.742435872554779,0.024607880041003227,1e-06,0.8199527859687805,0.990462601184845,0.988287091255188,0.996776819229126,0.9886935353279114,0.7271932363510132,0.03377304971218109,0.8170667886734009,0.9883418679237366,0.9861648082733154,0.9960861206054688
40,0.9912320971488953,0.7407386898994446,0.024477217346429825,1e-06,0.8145567178726196,0.9906834363937378,0.9883939623832703,0.99685138463974,0.9886388182640076,0.7255578637123108,0.03369153290987015,0.8164647817611694,0.9883410334587097,0.9860691428184509,0.9960843920707703
41,0.9910962581634521,0.7446514368057251,0.02474825270473957,1e-06,0.8168426752090454,0.9905115365982056,0.9882528185844421,0.9967852234840393,0.9886873364448547,0.7276971936225891,0.03379891440272331,0.8191403150558472,0.988341748714447,0.986169159412384,0.9960840344429016
42,0.9913562536239624,0.749640703201294,0.02395661361515522,1e-06,0.8155808448791504,0.9906901121139526,0.9885528683662415,0.9968444108963013,0.9886659979820251,0.7299589514732361,0.034023649990558624,0.8171020746231079,0.9882631897926331,0.9862118363380432,0.996062695980072
43,0.991335928440094,0.7473743557929993,0.023944154381752014,1e-06,0.8170801401138306,0.9906635880470276,0.9886499047279358,0.9968456029891968,0.9886645078659058,0.7279890179634094,0.03382500261068344,0.8157437443733215,0.9882975816726685,0.9861415028572083,0.996073305606842
44,0.9913240075111389,0.750320315361023,0.0239303857088089,1e-06,0.8163167238235474,0.9906464219093323,0.9885405898094177,0.9968312978744507,0.9886745810508728,0.7287806868553162,0.03391256183385849,0.8183079957962036,0.9882835149765015,0.9861810207366943,0.9960682988166809
45,0.9913208484649658,0.7497376799583435,0.024135882034897804,1e-06,0.816045343875885,0.9906985759735107,0.9885300397872925,0.9968504309654236,0.988688051700592,0.7283557057380676,0.03383851796388626,0.8189226388931274,0.9883257746696472,0.9862020015716553,0.9960793852806091
46,0.9913026094436646,0.7455761432647705,0.02414141222834587,1e-06,0.8183643817901611,0.9906506538391113,0.9885202050209045,0.9968395829200745,0.9886220693588257,0.7282508015632629,0.03392050415277481,0.81627357006073,0.9882705211639404,0.986117422580719,0.9960618019104004
47,0.991402804851532,0.7415414452552795,0.023798128589987755,1e-06,0.8184984922409058,0.9907706379890442,0.988657534122467,0.9968758821487427,0.988694429397583,0.7284438014030457,0.0337558351457119,0.8194984793663025,0.9883289337158203,0.9862017631530762,0.9960814118385315
48,0.9914933443069458,0.7512555718421936,0.02359512634575367,1e-06,0.8200777769088745,0.9908024072647095,0.9887519478797913,0.9968892335891724,0.988700270652771,0.7286084890365601,0.03377896174788475,0.8201694488525391,0.9883496165275574,0.9862151145935059,0.9960880279541016
49,0.9915854930877686,0.7484119534492493,0.023411104455590248,1e-06,0.8189164400100708,0.9908772110939026,0.9889236092567444,0.9969191551208496,0.9887213706970215,0.7290729284286499,0.03374498710036278,0.8167977333068848,0.98834228515625,0.9862414002418518,0.996085524559021
50,0.9914424419403076,0.7508178949356079,0.023721186444163322,1e-06,0.8164466619491577,0.9907715320587158,0.9886610507965088,0.9968745708465576,0.9887423515319824,0.7294878959655762,0.03388363867998123,0.8202502131462097,0.9883460998535156,0.9862930774688721,0.996087372303009
51,0.9913468956947327,0.7478047013282776,0.024182716384530067,1e-06,0.8200714588165283,0.9906723499298096,0.9885661005973816,0.9968470931053162,0.9886728525161743,0.7281254529953003,0.03380613029003143,0.8191118240356445,0.9883056879043579,0.9861686825752258,0.9960755109786987
52,0.9913351535797119,0.7467066645622253,0.024008506909012794,1e-06,0.8174680471420288,0.9906739592552185,0.9885885715484619,0.9968427419662476,0.98872971534729,0.7287172079086304,0.033822622150182724,0.8206958770751953,0.9883525967597961,0.9862419366836548,0.9960892796516418
53,0.9914224147796631,0.7543389797210693,0.02380044385790825,1e-06,0.8211643695831299,0.9907014966011047,0.9886544346809387,0.9968506097793579,0.9887133836746216,0.7302695512771606,0.03397088870406151,0.8202592134475708,0.9883095622062683,0.9862599968910217,0.9960762858390808
54,0.991426408290863,0.7520668506622314,0.023860102519392967,1e-06,0.8184278607368469,0.9907676577568054,0.9886878132820129,0.9968791604042053,0.9887061715126038,0.7303261160850525,0.034043893218040466,0.8224682807922363,0.9882956147193909,0.986259400844574,0.9960734248161316
55,0.9915779829025269,0.7513091564178467,0.0232955701649189,1e-06,0.818930983543396,0.9908766746520996,0.9888880848884583,0.9969152808189392,0.988669753074646,0.7297784686088562,0.0339869000017643,0.8172932267189026,0.9882676601409912,0.9862205982208252,0.9960622191429138
56,0.9915500283241272,0.7496286034584045,0.02340617962181568,1e-06,0.8204050064086914,0.9908190965652466,0.9888657331466675,0.9968948364257812,0.9887616634368896,0.7332866787910461,0.03432736545801163,0.8234720826148987,0.988298237323761,0.9863885045051575,0.9960756301879883
57,0.9915105700492859,0.7497397661209106,0.023505277931690216,1e-06,0.8225663900375366,0.9908235669136047,0.9887664318084717,0.996898353099823,0.9887160062789917,0.7293262481689453,0.03389767184853554,0.82147216796875,0.9883326292037964,0.9862415790557861,0.9960834980010986
58,0.9914679527282715,0.7516865134239197,0.023795682936906815,1e-06,0.8209446668624878,0.9907475113868713,0.9886531233787537,0.996869683265686,0.9887664318084717,0.7298815250396729,0.03390011563897133,0.8243582248687744,0.9883507490158081,0.9862933158874512,0.996091902256012
59,0.991232693195343,0.7482843399047852,0.024189487099647522,1e-06,0.818264365196228,0.9905547499656677,0.988396406173706,0.9968061447143555,0.9887267351150513,0.7303054928779602,0.03384947031736374,0.8213779926300049,0.9883248209953308,0.9862605333328247,0.9960800409317017
60,0.9916906952857971,0.7517573237419128,0.023081764578819275,1e-06,0.8252909183502197,0.9909837245941162,0.9890395998954773,0.9969507455825806,0.9887282252311707,0.7301663160324097,0.033890075981616974,0.8234659433364868,0.9883226752281189,0.9862715005874634,0.9960818886756897
61,0.9913840889930725,0.7518366575241089,0.023715751245617867,1e-06,0.8238544464111328,0.9906521439552307,0.9886359572410583,0.9968405961990356,0.9887486696243286,0.7305251955986023,0.03382585570216179,0.823083758354187,0.9883419871330261,0.9862787127494812,0.9960866570472717
62,0.991492509841919,0.7461817264556885,0.023467063903808594,1e-06,0.8275210857391357,0.9908099174499512,0.9887121319770813,0.9968882203102112,0.9887650609016418,0.7323960661888123,0.034092579036951065,0.8262290358543396,0.9883407354354858,0.98634934425354,0.9960876107215881
63,0.9915086627006531,0.7513951063156128,0.023730967193841934,1e-06,0.8238034248352051,0.990802526473999,0.9887748956680298,0.996889591217041,0.9887697696685791,0.7304917573928833,0.0337805412709713,0.8251240253448486,0.9883729219436646,0.9862987995147705,0.996096134185791
64,0.9914683699607849,0.7454566359519958,0.023595944046974182,1e-06,0.823799192905426,0.9907569289207458,0.9887201189994812,0.9968746304512024,0.9887341260910034,0.7299322485923767,0.03387603163719177,0.8246867060661316,0.9883459806442261,0.986278235912323,0.996087372303009
65,0.9914284944534302,0.7553071975708008,0.023692527785897255,1e-06,0.822862982749939,0.9907217025756836,0.9886659979820251,0.9968570470809937,0.9887510538101196,0.7302289009094238,0.03376176208257675,0.8238340020179749,0.9883570671081543,0.9862939119338989,0.9960923790931702
66,0.9913923144340515,0.750677227973938,0.023845072835683823,1e-06,0.8247534036636353,0.9907327890396118,0.9885814189910889,0.9968686699867249,0.9886955618858337,0.729841947555542,0.03394186496734619,0.8254035711288452,0.9883084297180176,0.9862462878227234,0.9960775375366211
67,0.9916681051254272,0.748963475227356,0.022979119792580605,1e-06,0.8244982957839966,0.9909295439720154,0.9889942407608032,0.9969295263290405,0.9887948632240295,0.7317478060722351,0.03410736471414566,0.828988790512085,0.9883745908737183,0.9864000082015991,0.9960981011390686
68,0.9915171265602112,0.7513420581817627,0.023652832955121994,1e-06,0.8244460821151733,0.9908439517021179,0.9887576699256897,0.9969037175178528,0.9887397289276123,0.7323617935180664,0.03394240140914917,0.8256173133850098,0.9883164167404175,0.9863215088844299,0.9960809946060181
69,0.9917185306549072,0.7597590088844299,0.02300623059272766,1e-06,0.8245925903320312,0.9909328818321228,0.9890123009681702,0.9969394207000732,0.9887654185295105,0.7315542101860046,0.03390726447105408,0.8252509832382202,0.988350510597229,0.9863540530204773,0.9960917234420776
70,0.9915885925292969,0.7516263127326965,0.023397641256451607,1e-06,0.8220092058181763,0.9908427000045776,0.9888428449630737,0.996902585029602,0.9887957572937012,0.731526792049408,0.0338025838136673,0.8255259990692139,0.988391637802124,0.986365795135498,0.9961037039756775
71,0.9915257096290588,0.7496833801269531,0.02353738062083721,1e-06,0.8251546621322632,0.9908316731452942,0.9888081550598145,0.9968942403793335,0.9887937307357788,0.7327069044113159,0.033831123262643814,0.8242248892784119,0.9883573651313782,0.9863760471343994,0.9960951209068298
72,0.9915755391120911,0.7519784569740295,0.023577779531478882,1e-06,0.8192323446273804,0.990828812122345,0.9888255596160889,0.9968993663787842,0.9888169169425964,0.7313209176063538,0.033645011484622955,0.8243675827980042,0.9884280562400818,0.9863584637641907,0.9961166977882385
73,0.9915814399719238,0.7582359910011292,0.02343848906457424,1e-06,0.8228241205215454,0.9908484816551208,0.9888877272605896,0.9969145655632019,0.9887824058532715,0.7296656966209412,0.033620595932006836,0.8226649165153503,0.9884194731712341,0.986301064491272,0.9961118698120117
74,0.9917519688606262,0.7584733366966248,0.02300688996911049,1e-06,0.825140118598938,0.9910103678703308,0.9890627861022949,0.9969578385353088,0.9887778759002686,0.7324992418289185,0.034003037959337234,0.8258941173553467,0.9883442521095276,0.9863898754119873,0.9960891604423523
75,0.9917304515838623,0.7537990212440491,0.02286418154835701,1e-06,0.8248380422592163,0.9909289479255676,0.9890246391296387,0.9969360828399658,0.988773763179779,0.7325224280357361,0.0338650606572628,0.8247339129447937,0.9883391261100769,0.9863690137863159,0.9960882663726807
76,0.9917261600494385,0.7475736737251282,0.02311902493238449,1e-06,0.8247674107551575,0.9910088777542114,0.9890202879905701,0.9969598650932312,0.9887701869010925,0.7344630360603333,0.03418194502592087,0.8262351751327515,0.98832106590271,0.9864123463630676,0.9960845112800598
77,0.9916925430297852,0.7529211640357971,0.02308488078415394,1e-06,0.8249391317367554,0.9909258484840393,0.9890029430389404,0.9969292283058167,0.9887700080871582,0.73386549949646,0.0340445302426815,0.8252586126327515,0.988327145576477,0.9863914847373962,0.9960854053497314
78,0.9917340874671936,0.7512410283088684,0.023095857352018356,1e-06,0.8261092901229858,0.9909953474998474,0.9891027808189392,0.9969505667686462,0.9887675642967224,0.7303661704063416,0.03365074843168259,0.8215967416763306,0.9883906841278076,0.9863024353981018,0.9961013793945312
79,0.9918305277824402,0.7518657445907593,0.022742541506886482,1e-06,0.8251206278800964,0.9911122918128967,0.9891771078109741,0.9969892501831055,0.9887438416481018,0.7329970002174377,0.0340566411614418,0.8251063227653503,0.9883326292037964,0.9863499402999878,0.996087372303009
80,0.991558313369751,0.7543575763702393,0.02368072234094143,1e-06,0.8231886029243469,0.9908057451248169,0.9888281226158142,0.9968858957290649,0.9887604117393494,0.7327384352684021,0.03394812345504761,0.82399582862854,0.988343358039856,0.9863468408584595,0.9960901141166687
81,0.9918581247329712,0.7618325352668762,0.02257527969777584,1e-06,0.825474202632904,0.9910672307014465,0.9891598224639893,0.9969807267189026,0.9888167977333069,0.7340613007545471,0.03399326279759407,0.8288933634757996,0.9883859157562256,0.9864481091499329,0.9961028695106506
82,0.9920386672019958,0.7564573884010315,0.022169169038534164,1e-06,0.825413703918457,0.9912492036819458,0.9894322156906128,0.9970424771308899,0.988785982131958,0.7347478866577148,0.034045349806547165,0.8239871859550476,0.9883518815040588,0.9864255785942078,0.9960927367210388
83,0.9915470480918884,0.7522120475769043,0.023647142574191093,1e-06,0.8222392797470093,0.9908480048179626,0.988828182220459,0.9969035983085632,0.9888356328010559,0.7325285077095032,0.03369814157485962,0.8243101835250854,0.988429844379425,0.9864033460617065,0.9961164593696594
84,0.9917864799499512,0.7565732002258301,0.022826850414276123,1e-06,0.8255655765533447,0.9910125136375427,0.9890989065170288,0.9969544410705566,0.9887946248054504,0.7309192419052124,0.03379708155989647,0.8252365589141846,0.9884016513824463,0.9863462448120117,0.99610835313797
85,0.9918403029441833,0.7564598917961121,0.022825658321380615,1e-06,0.8240680694580078,0.9910401105880737,0.9891093373298645,0.9969689846038818,0.9888085722923279,0.7353743314743042,0.034097231924533844,0.8250894546508789,0.9883460998535156,0.9864603877067566,0.9960924983024597
86,0.9917014241218567,0.7617670893669128,0.02298818528652191,1e-06,0.8241873383522034,0.9908960461616516,0.989023745059967,0.9969267249107361,0.9888690710067749,0.7339415550231934,0.03376835957169533,0.8235460519790649,0.9884240627288818,0.9864751100540161,0.9961148500442505
87,0.9917471408843994,0.75567227602005,0.022977452725172043,1e-06,0.8210595846176147,0.9910463690757751,0.989072859287262,0.9969658851623535,0.9888074398040771,0.7359275221824646,0.034081973135471344,0.8254828453063965,0.9883447289466858,0.9864563941955566,0.9960914850234985
88,0.9918217062950134,0.7506777048110962,0.022728122770786285,1e-06,0.8282687664031982,0.9910643100738525,0.9891853332519531,0.9969794750213623,0.9888261556625366,0.7333576083183289,0.033809397369623184,0.8278205394744873,0.9884009957313538,0.9864208102226257,0.9961075782775879
89,0.9916926622390747,0.7491365075111389,0.02305632457137108,1e-06,0.829460620880127,0.9909237623214722,0.9890141487121582,0.9969326853752136,0.98879474401474,0.7342162728309631,0.03401739522814751,0.8269357681274414,0.9883467555046082,0.9864173531532288,0.9960901141166687
90,0.9917899966239929,0.7565001249313354,0.022895831614732742,1e-06,0.8306052684783936,0.9910368323326111,0.9891275763511658,0.9969741702079773,0.988834023475647,0.7337599396705627,0.03376460075378418,0.8278311491012573,0.988403856754303,0.9864199161529541,0.9961096048355103
91,0.9919514060020447,0.766133189201355,0.022406738251447678,1e-06,0.8268975019454956,0.9910969734191895,0.989308774471283,0.9969889521598816,0.9888049364089966,0.7352477312088013,0.033988453447818756,0.8273895978927612,0.9883517026901245,0.9864367842674255,0.9960932731628418
92,0.9917730093002319,0.7503994107246399,0.02289917878806591,1e-06,0.8282551169395447,0.9909710884094238,0.9890560507774353,0.9969460368156433,0.9888608455657959,0.734739363193512,0.033832479268312454,0.8279308080673218,0.9884098768234253,0.9864854216575623,0.9961135983467102
93,0.9917157292366028,0.7547788619995117,0.02301480621099472,1e-06,0.8259769082069397,0.990964412689209,0.9890108704566956,0.9969474673271179,0.988868236541748,0.7349284887313843,0.03378875181078911,0.829517126083374,0.9884385466575623,0.9864863157272339,0.9961233139038086
94,0.9919045567512512,0.7619597315788269,0.022451169788837433,1e-06,0.827387273311615,0.9911142587661743,0.9892000555992126,0.9969969987869263,0.988834023475647,0.7367622256278992,0.03415385261178017,0.832079291343689,0.9883756637573242,0.9864789247512817,0.9961004853248596
95,0.991866409778595,0.7581747174263,0.02239122800529003,1e-06,0.8341960310935974,0.9910576939582825,0.9892438650131226,0.9969794154167175,0.9888386726379395,0.7336568832397461,0.03365642577409744,0.8300492167472839,0.9884368181228638,0.9864230751991272,0.9961178302764893
96,0.9921256303787231,0.7595548629760742,0.02186400257050991,1e-06,0.832009494304657,0.9912844896316528,0.9894944429397583,0.9970524311065674,0.9888489842414856,0.7347605228424072,0.033895060420036316,0.8334881663322449,0.9884219765663147,0.9864746928215027,0.9961158037185669
97,0.9918755292892456,0.7518278956413269,0.022788990288972855,1e-06,0.8307132720947266,0.9911205768585205,0.9891977906227112,0.996993362903595,0.988865315914154,0.7337427139282227,0.03382838889956474,0.8310975432395935,0.9884555339813232,0.9864744544029236,0.9961265921592712
98,0.9917945265769958,0.7582804560661316,0.022921541705727577,1e-06,0.8305495977401733,0.9910207390785217,0.9891002774238586,0.9969602823257446,0.9888319373130798,0.733841598033905,0.03383458033204079,0.8301966190338135,0.9884082674980164,0.9864358901977539,0.9961110949516296
99,0.9917492866516113,0.7540975213050842,0.02278328314423561,1e-06,0.8313103914260864,0.9909493327140808,0.989073634147644,0.9969437718391418,0.9888837933540344,0.7339000701904297,0.03380889818072319,0.8330059051513672,0.9884487986564636,0.9864969253540039,0.9961239099502563
100,0.9920628666877747,0.7637948989868164,0.022091569378972054,1e-06,0.8340543508529663,0.9912537932395935,0.989400327205658,0.997037947177887,0.9889191389083862,0.7366741895675659,0.03395669162273407,0.8355289101600647,0.988439679145813,0.9865784049034119,0.9961225986480713
101,0.9921085834503174,0.765900731086731,0.022008240222930908,1e-06,0.8338041305541992,0.9912610054016113,0.9894502758979797,0.9970387816429138,0.9888976216316223,0.7366499304771423,0.03393804654479027,0.8324109315872192,0.9884275794029236,0.9865688681602478,0.9961211681365967
102,0.9919118285179138,0.7614210844039917,0.022391432896256447,1e-06,0.8318502902984619,0.9911221861839294,0.9892467260360718,0.9969956874847412,0.9888948798179626,0.7376155853271484,0.03408292680978775,0.8343992829322815,0.9884101152420044,0.9865791201591492,0.9961131811141968
103,0.9919058084487915,0.7602835893630981,0.02251405641436577,1e-06,0.8301365971565247,0.9911007881164551,0.9892662763595581,0.9969892501831055,0.9889012575149536,0.7364473342895508,0.03396084904670715,0.8281655311584473,0.9884381890296936,0.9865460991859436,0.9961239099502563
104,0.9919858574867249,0.7633610963821411,0.022319968789815903,1e-06,0.8286988735198975,0.9911338090896606,0.9893290996551514,0.9969998598098755,0.9888753294944763,0.7357983589172363,0.03386161848902702,0.8293077945709229,0.9884167313575745,0.9865302443504333,0.9961158633232117
105,0.9919825792312622,0.7613047361373901,0.022261962294578552,1e-06,0.8301974534988403,0.9911075830459595,0.9893476963043213,0.9969909191131592,0.9889344573020935,0.7372550964355469,0.03387121111154556,0.8316765427589417,0.9884462952613831,0.98660808801651,0.9961259365081787
106,0.9918408989906311,0.7567833065986633,0.02274378389120102,1e-06,0.8314270973205566,0.9910321235656738,0.9891942143440247,0.9969696402549744,0.9888663291931152,0.7347432374954224,0.033778347074985504,0.8291801810264587,0.9884334206581116,0.986482560634613,0.9961205720901489
107,0.9919794797897339,0.7623405456542969,0.022184619680047035,1e-06,0.83402419090271,0.9911491274833679,0.9894015192985535,0.9970096945762634,0.9889354705810547,0.7371899485588074,0.033814556896686554,0.831717848777771,0.9884556531906128,0.9865989685058594,0.9961280822753906
108,0.9919402599334717,0.7551895976066589,0.022489456459879875,1e-06,0.8334875106811523,0.9911426305770874,0.9892981052398682,0.9970026612281799,0.9889010190963745,0.7363389730453491,0.033874448388814926,0.8314622044563293,0.9884325861930847,0.9865420460700989,0.9961206912994385
109,0.9919125437736511,0.7581616044044495,0.022561009973287582,1e-06,0.8342310786247253,0.9911168217658997,0.9892222881317139,0.9969921708106995,0.9888768196105957,0.7359695434570312,0.03384463116526604,0.8313119411468506,0.9884329438209534,0.9865106344223022,0.9961199164390564
110,0.9919280409812927,0.756550669670105,0.0223169457167387,1e-06,0.8360535502433777,0.9911279082298279,0.9892675876617432,0.9970028400421143,0.9888976216316223,0.7349659204483032,0.03374757245182991,0.8335713148117065,0.9884756207466125,0.9865064024925232,0.9961327910423279
111,0.9922425150871277,0.760871410369873,0.02166152000427246,1e-06,0.8322234153747559,0.9913991689682007,0.989693820476532,0.9970912933349609,0.9889076352119446,0.7350038886070251,0.03378962352871895,0.8310449123382568,0.9884777069091797,0.986534059047699,0.9961320757865906
112,0.9919060468673706,0.7625020146369934,0.02250068634748459,1e-06,0.8300685882568359,0.9911050200462341,0.9892752170562744,0.9969878792762756,0.9887940883636475,0.7316485643386841,0.03378433361649513,0.8284296989440918,0.9884206056594849,0.9863498210906982,0.9961143136024475
113,0.9920012354850769,0.7588102221488953,0.022316360846161842,1e-06,0.8294957280158997,0.9912436604499817,0.9893541932106018,0.9970425367355347,0.9888819456100464,0.7357015013694763,0.033976417034864426,0.8314600586891174,0.9884417057037354,0.9865318536758423,0.9961217045783997
114,0.9921054840087891,0.7634579539299011,0.021947916597127914,1e-06,0.8286024928092957,0.9912543296813965,0.989483654499054,0.9970428943634033,0.9888989925384521,0.7377583384513855,0.034023307263851166,0.8284721374511719,0.988406240940094,0.9865848422050476,0.9961134791374207
115,0.9917261004447937,0.7623417973518372,0.023017583414912224,1e-06,0.8274677395820618,0.9909050464630127,0.9890509247779846,0.9969263672828674,0.988951563835144,0.7360031008720398,0.033764902502298355,0.8278976678848267,0.9884898662567139,0.9866024255752563,0.9961379170417786
116,0.9921177625656128,0.7599490880966187,0.021982595324516296,1e-06,0.8297953605651855,0.9912776350975037,0.989517331123352,0.9970493912696838,0.9888745546340942,0.7362321615219116,0.03398692607879639,0.8297560214996338,0.9884160757064819,0.9865325689315796,0.9961152076721191
117,0.992011547088623,0.7648670673370361,0.022242963314056396,1e-06,0.8276947736740112,0.9911375045776367,0.9893414378166199,0.9970067143440247,0.9888936877250671,0.7355045676231384,0.033902667462825775,0.8277038335800171,0.9884299635887146,0.9865376949310303,0.9961204528808594
118,0.992152988910675,0.7561730146408081,0.02187519334256649,1e-06,0.8294358253479004,0.9913071393966675,0.9895747900009155,0.9970594048500061,0.9888554811477661,0.7365485429763794,0.03408249840140343,0.8284682035446167,0.9883861541748047,0.9865201115608215,0.9961063265800476
119,0.9922748804092407,0.7626007199287415,0.02163708768785,1e-06,0.8320669531822205,0.9914070963859558,0.989654541015625,0.997094988822937,0.9888976216316223,0.7377609610557556,0.034113962203264236,0.8315421342849731,0.9884060025215149,0.9865877628326416,0.9961129426956177
120,0.9919980764389038,0.7569934725761414,0.022353416308760643,1e-06,0.8320740461349487,0.9911435842514038,0.9893414378166199,0.9970088601112366,0.9889904856681824,0.7383967638015747,0.03405941277742386,0.8347508907318115,0.9884909391403198,0.986687421798706,0.9961419105529785
121,0.9921379685401917,0.7656549215316772,0.021850351244211197,1e-06,0.8348527550697327,0.9913053512573242,0.9895025491714478,0.997053861618042,0.9889348149299622,0.7380310893058777,0.034134384244680405,0.8339295387268066,0.9884310960769653,0.9866352677345276,0.9961215853691101
122,0.9921404123306274,0.7642956972122192,0.02185971848666668,1e-06,0.8352544903755188,0.9912799000740051,0.9895268082618713,0.9970495700836182,0.9889107346534729,0.7368665337562561,0.03404788300395012,0.8354429006576538,0.9884334206581116,0.9865959882736206,0.996122419834137
123,0.992098331451416,0.7589666843414307,0.022103119641542435,1e-06,0.8323237895965576,0.9912568926811218,0.989445149898529,0.9970426559448242,0.988942563533783,0.7382365465164185,0.03413505479693413,0.8340315818786621,0.9884540438652039,0.9866434931755066,0.9961277842521667
124,0.9921435713768005,0.7662099599838257,0.02194422483444214,1e-06,0.8338756561279297,0.9912429451942444,0.9895458817481995,0.9970435500144958,0.9889211058616638,0.7361636757850647,0.034061431884765625,0.8337585926055908,0.9884637594223022,0.9865687489509583,0.9961325526237488
125,0.9920428395271301,0.7573661804199219,0.022124681621789932,1e-06,0.8325573205947876,0.99119633436203,0.9894223809242249,0.9970255494117737,0.9889405965805054,0.7376226782798767,0.03401264548301697,0.8329481482505798,0.9884671568870544,0.9866095781326294,0.9961316585540771
126,0.9922852516174316,0.7611034512519836,0.021518578752875328,1e-06,0.8337880373001099,0.9914233684539795,0.9896798729896545,0.997098445892334,0.9889420866966248,0.7386009693145752,0.03436318039894104,0.8367574214935303,0.9884475469589233,0.986652135848999,0.9961265921592712
127,0.9920644760131836,0.7638024091720581,0.022034522145986557,1e-06,0.8345706462860107,0.9911983013153076,0.9894149899482727,0.9970222115516663,0.9888874292373657,0.7387406826019287,0.03424115106463432,0.8348621129989624,0.9883841872215271,0.9865944981575012,0.9961066246032715
128,0.992132306098938,0.7605984210968018,0.021861348301172256,1e-06,0.8320568799972534,0.991311252117157,0.989533543586731,0.9970598220825195,0.9889580011367798,0.7388712167739868,0.034222375601530075,0.8339753746986389,0.9884631633758545,0.986670196056366,0.996131420135498
129,0.9922246932983398,0.7630050182342529,0.021685289219021797,1e-06,0.8353864550590515,0.9913719892501831,0.9896455407142639,0.9970823526382446,0.9889108538627625,0.7379398345947266,0.03412032499909401,0.8335201144218445,0.988415002822876,0.9866034388542175,0.9961159825325012
130,0.9923133254051208,0.7691313028335571,0.021392371505498886,1e-06,0.8335213661193848,0.9914155602455139,0.9897257089614868,0.997096836566925,0.988922119140625,0.738647997379303,0.03418267145752907,0.8341503143310547,0.9884095191955566,0.9866326451301575,0.9961145520210266
131,0.9922547936439514,0.7677011489868164,0.021532049402594566,1e-06,0.8345522880554199,0.9913660287857056,0.9896550178527832,0.997081458568573,0.9888599514961243,0.7374659776687622,0.034211624413728714,0.8352962732315063,0.988393247127533,0.9865416884422302,0.9961065053939819
132,0.9922360181808472,0.7661861181259155,0.02168918214738369,1e-06,0.8354467153549194,0.9913539290428162,0.9896155595779419,0.9970780611038208,0.988959014415741,0.7396515607833862,0.034189194440841675,0.8353443145751953,0.988440215587616,0.9866880178451538,0.9961236715316772
133,0.9924512505531311,0.7658612132072449,0.021159721538424492,1e-06,0.8355560302734375,0.9914949536323547,0.9899045825004578,0.9971264600753784,0.9889810085296631,0.7395843267440796,0.03411705419421196,0.8356738090515137,0.988460898399353,0.9867003560066223,0.9961324334144592
134,0.9924300312995911,0.7659515142440796,0.021247971802949905,1e-06,0.8363604545593262,0.9914948344230652,0.9898723363876343,0.9971237182617188,0.9889380931854248,0.7360789775848389,0.03398480638861656,0.8312786817550659,0.9884675145149231,0.9866078495979309,0.9961320757865906
135,0.992315411567688,0.7656166553497314,0.02151508256793022,1e-06,0.8337576389312744,0.9914182424545288,0.9897182583808899,0.9970992207527161,0.9889187216758728,0.7370691895484924,0.033839743584394455,0.8324003219604492,0.9884383082389832,0.9865840077400208,0.9961237907409668
136,0.9925054311752319,0.7702926993370056,0.021032270044088364,1e-06,0.835364580154419,0.9916025400161743,0.9899218678474426,0.9971570372581482,0.9889077544212341,0.7381620407104492,0.03398090600967407,0.8341846466064453,0.9884199500083923,0.9866018295288086,0.9961181879043579
137,0.9924102425575256,0.7701767086982727,0.021001391112804413,1e-06,0.8359622359275818,0.9915168881416321,0.9898475408554077,0.9971293807029724,0.988921582698822,0.7394704222679138,0.03422635421156883,0.8370710611343384,0.9884320497512817,0.9866201877593994,0.9961228370666504
138,0.9923151731491089,0.7634295225143433,0.021383386105298996,1e-06,0.8374497890472412,0.9914409518241882,0.9897258877754211,0.9971054196357727,0.9889888763427734,0.7418029308319092,0.03437038138508797,0.8376098275184631,0.9884565472602844,0.9867398142814636,0.9961310625076294
139,0.9922144412994385,0.7676236629486084,0.021708188578486443,1e-06,0.8362084627151489,0.9913502931594849,0.9896337985992432,0.997073769569397,0.9889862537384033,0.740485429763794,0.03412213549017906,0.8337994813919067,0.988470733165741,0.9866877794265747,0.9961340427398682
140,0.9923326969146729,0.7708944082260132,0.021475454792380333,1e-06,0.8304411172866821,0.9914385676383972,0.9897188544273376,0.9971075057983398,0.9890019297599792,0.7391870021820068,0.034048184752464294,0.8369908332824707,0.9885227680206299,0.9867069721221924,0.9961521625518799
141,0.9924845099449158,0.7683446407318115,0.020925750955939293,1e-06,0.8365761041641235,0.9915833473205566,0.9899335503578186,0.9971538782119751,0.9889434576034546,0.7406787872314453,0.0341808944940567,0.8356602191925049,0.9884309768676758,0.9866713285446167,0.996121346950531
142,0.9924834966659546,0.7664961218833923,0.021058300510048866,1e-06,0.8356952667236328,0.991538941860199,0.9899699091911316,0.9971422553062439,0.9889837503433228,0.7394604682922363,0.034027308225631714,0.8357448577880859,0.9884905815124512,0.986680805683136,0.9961414337158203
143,0.9921794533729553,0.7661580443382263,0.021638456732034683,1e-06,0.8367373943328857,0.991264820098877,0.989561140537262,0.9970434308052063,0.9890238046646118,0.740298867225647,0.034004468470811844,0.8376978635787964,0.9885156750679016,0.9867286086082458,0.9961502552032471
144,0.992250919342041,0.7712268829345703,0.021541986614465714,1e-06,0.8392529487609863,0.9913082122802734,0.9896737933158875,0.9970644116401672,0.9889554381370544,0.7396952509880066,0.03403625637292862,0.8383341431617737,0.9884607791900635,0.9866526126861572,0.996131181716919
145,0.9922702312469482,0.7644415497779846,0.021548839285969734,1e-06,0.838086724281311,0.9913837313652039,0.9896336197853088,0.9970853328704834,0.9889812469482422,0.7403433918952942,0.03430775925517082,0.8411591053009033,0.9884800910949707,0.9867106080055237,0.9961382746696472
146,0.9924505949020386,0.7708699107170105,0.021160608157515526,1e-06,0.8424735069274902,0.9915473461151123,0.9898674488067627,0.9971425533294678,0.9889635443687439,0.7412948608398438,0.034402452409267426,0.8409936428070068,0.9884433150291443,0.9867010116577148,0.9961251616477966
147,0.9922705888748169,0.7659295797348022,0.021522827446460724,1e-06,0.8402296304702759,0.9914080500602722,0.9896798133850098,0.9970877170562744,0.9889345765113831,0.7386255860328674,0.03405163437128067,0.8404073715209961,0.9884621500968933,0.9866113066673279,0.996129035949707
148,0.992500364780426,0.7662575840950012,0.020896265283226967,1e-06,0.8396117687225342,0.9916066527366638,0.9899372458457947,0.9971632361412048,0.9889436960220337,0.740477442741394,0.034144945442676544,0.840381383895874,0.9884281158447266,0.9866513609886169,0.9961217045783997
149,0.992595911026001,0.7682762145996094,0.02081684023141861,1e-06,0.8433254361152649,0.99164879322052,0.9899990558624268,0.9971761107444763,0.9889106154441833,0.7398626804351807,0.034322623163461685,0.8423910140991211,0.9884053468704224,0.9866277575492859,0.9961144328117371
150,0.9924755692481995,0.7608650326728821,0.021098436787724495,1e-06,0.8425830006599426,0.9915539622306824,0.9899173974990845,0.9971458315849304,0.9889817237854004,0.7392066121101379,0.03391605243086815,0.8406471610069275,0.9884944558143616,0.9866604804992676,0.9961430430412292
151,0.9924364686012268,0.774066686630249,0.021216794848442078,1e-06,0.8408187031745911,0.9915381669998169,0.989823579788208,0.9971370697021484,0.9890249967575073,0.7428919672966003,0.03448288142681122,0.8459084033966064,0.9884872436523438,0.9867967963218689,0.9961410164833069
152,0.9924744367599487,0.7731093168258667,0.02086109295487404,1e-06,0.8429102897644043,0.9915111660957336,0.9899145364761353,0.9971296191215515,0.9889844655990601,0.7418076395988464,0.03434344753623009,0.8443466424942017,0.9884536266326904,0.9867449402809143,0.9961301684379578
153,0.9925066232681274,0.7697351574897766,0.021025611087679863,1e-06,0.8438242673873901,0.9915627241134644,0.9899677038192749,0.9971497058868408,0.9889600276947021,0.7400585412979126,0.03415627032518387,0.8411555290222168,0.9884492754936218,0.9866779446601868,0.9961276650428772
154,0.9925225973129272,0.7653636336326599,0.020944761112332344,1e-06,0.8426321744918823,0.9915974736213684,0.9899700284004211,0.9971593618392944,0.9889791011810303,0.7427502274513245,0.03441615030169487,0.8417724967002869,0.988429605960846,0.9867584109306335,0.9961240887641907
155,0.992367148399353,0.7720221281051636,0.021235546097159386,1e-06,0.8411712646484375,0.9914402961730957,0.9897765517234802,0.9971097111701965,0.9889503121376038,0.7389150261878967,0.0342232920229435,0.8430465459823608,0.9884665012359619,0.9866676926612854,0.9961340427398682
156,0.9922407865524292,0.7678323984146118,0.021605532616376877,1e-06,0.8413246870040894,0.9912996888160706,0.9896597266197205,0.9970604777336121,0.9890121817588806,0.7411143183708191,0.03432396426796913,0.8393970131874084,0.9884853363037109,0.9867442846298218,0.9961403012275696
157,0.9922979474067688,0.769127607345581,0.021454166620969772,1e-06,0.8390613794326782,0.9913994073867798,0.9896671175956726,0.997097909450531,0.9890064597129822,0.7409592270851135,0.03412497043609619,0.8412632942199707,0.9884958267211914,0.9867298603057861,0.9961432814598083
158,0.992364764213562,0.766333281993866,0.02113976888358593,1e-06,0.8414727449417114,0.9914179444313049,0.9897484183311462,0.9971021413803101,0.9889471530914307,0.7414278984069824,0.034468989819288254,0.842805802822113,0.9884393215179443,0.9866951704025269,0.9961256980895996
159,0.9924407005310059,0.7639769911766052,0.021036412566900253,1e-06,0.8446235656738281,0.9914964437484741,0.989902913570404,0.9971305727958679,0.9890185594558716,0.7426181435585022,0.034409407526254654,0.844911515712738,0.9884780049324036,0.9867846965789795,0.9961390495300293
160,0.9924519062042236,0.7695623636245728,0.020970486104488373,1e-06,0.8412255048751831,0.9915185570716858,0.989857017993927,0.9971288442611694,0.9889489412307739,0.7416422367095947,0.034432586282491684,0.8415021896362305,0.9884157180786133,0.9867106080055237,0.99611896276474
161,0.9924249649047852,0.7777935266494751,0.021052708849310875,1e-06,0.8435178995132446,0.9914702773094177,0.989896833896637,0.99712073802948,0.9890663027763367,0.7430867552757263,0.03443266823887825,0.8427209854125977,0.9885116815567017,0.9868443608283997,0.9961493611335754
162,0.9922926425933838,0.7724299430847168,0.021400850266218185,1e-06,0.8433108329772949,0.9913232922554016,0.9897153377532959,0.9970688819885254,0.9890394806861877,0.7410882711410522,0.03439110517501831,0.8454679250717163,0.9885057806968689,0.9867992997169495,0.9961477518081665
163,0.9925127029418945,0.7706448435783386,0.020892424508929253,1e-06,0.845513641834259,0.9915426969528198,0.9899617433547974,0.9971413016319275,0.98896324634552,0.7402252554893494,0.03433868661522865,0.8444986343383789,0.9884368181228638,0.9867023825645447,0.9961244463920593
164,0.9925717115402222,0.7684820294380188,0.020835869014263153,1e-06,0.8452832698822021,0.9916364550590515,0.9900432229042053,0.9971734881401062,0.9890295267105103,0.7440495491027832,0.03470246493816376,0.846522331237793,0.9884706139564514,0.9868367314338684,0.9961369037628174
165,0.9926613569259644,0.7705113291740417,0.020356152206659317,1e-06,0.8439823389053345,0.9916620254516602,0.9901723265647888,0.9971837401390076,0.989025890827179,0.743074357509613,0.03459043428301811,0.8452792167663574,0.9884887337684631,0.9868088960647583,0.9961431622505188
166,0.9925307035446167,0.7796106934547424,0.020940620452165604,1e-06,0.8439056277275085,0.991532027721405,0.9899338483810425,0.997133195400238,0.9889942407608032,0.7411352396011353,0.034387361258268356,0.8457524180412292,0.9884798526763916,0.9867229461669922,0.9961398839950562
167,0.9924730658531189,0.7674561142921448,0.020931122824549675,1e-06,0.8430938720703125,0.9915563464164734,0.989888608455658,0.9971426725387573,0.9889596700668335,0.7385010123252869,0.03398304805159569,0.8430255651473999,0.9884874820709229,0.9866352677345276,0.9961400032043457
168,0.9925225377082825,0.7661300897598267,0.020871499553322792,1e-06,0.8463964462280273,0.9915887117385864,0.989984393119812,0.9971579313278198,0.989011824131012,0.742685854434967,0.03446267172694206,0.8438605666160583,0.9884721040725708,0.9867822527885437,0.9961364269256592
169,0.992458701133728,0.7683483958244324,0.02107410877943039,1e-06,0.8441762924194336,0.9915144443511963,0.9898940324783325,0.9971375465393066,0.9890651702880859,0.7428284287452698,0.034238554537296295,0.8442912101745605,0.9885265231132507,0.9868112802505493,0.9961550235748291
170,0.9925283193588257,0.7667175531387329,0.02089463174343109,1e-06,0.8437048196792603,0.9916009306907654,0.9900239109992981,0.997168242931366,0.9889568090438843,0.7451762557029724,0.03472990542650223,0.8436152935028076,0.9883902668952942,0.9867507815361023,0.9961124658584595
171,0.9923636317253113,0.7753438949584961,0.021187104284763336,1e-06,0.8428748250007629,0.9913374781608582,0.9897648096084595,0.9970724582672119,0.9890304207801819,0.7436361312866211,0.03423401713371277,0.8417301177978516,0.9884775876998901,0.9867818355560303,0.9961410164833069
172,0.9926235675811768,0.7693403363227844,0.020639944821596146,1e-06,0.8414586782455444,0.9916568398475647,0.9901232123374939,0.9971796274185181,0.9890241622924805,0.7427623867988586,0.03444792330265045,0.8432257175445557,0.9884832501411438,0.9867991805076599,0.9961405396461487
173,0.9925429821014404,0.7696122527122498,0.02074044570326805,1e-06,0.8438772559165955,0.9915676116943359,0.9900251030921936,0.9971509575843811,0.9890584349632263,0.74427330493927,0.0344943031668663,0.8439080715179443,0.9884939789772034,0.9868467450141907,0.9961442947387695
174,0.9923917651176453,0.765204906463623,0.021242361515760422,1e-06,0.843826413154602,0.9914750456809998,0.9898502230644226,0.9971222281455994,0.989032506942749,0.7430696487426758,0.03441167250275612,0.8447432518005371,0.9884850978851318,0.9867889881134033,0.99614018201828
175,0.9924542307853699,0.7693578600883484,0.02103194035589695,1e-06,0.8439782857894897,0.9915493130683899,0.9898808598518372,0.9971437454223633,0.989017903804779,0.7408527731895447,0.03414749354124069,0.8445626497268677,0.9885144233703613,0.9867456555366516,0.9961487650871277
176,0.9925201535224915,0.7758392095565796,0.020939353853464127,1e-06,0.844950258731842,0.9915543794631958,0.9899628758430481,0.9971466660499573,0.9890261292457581,0.7415029406547546,0.03423517942428589,0.8435673713684082,0.9884848594665527,0.9867731332778931,0.996141791343689
177,0.9925289154052734,0.7705610990524292,0.020729022100567818,1e-06,0.8456385135650635,0.9915258884429932,0.9900097846984863,0.9971387386322021,0.9890323877334595,0.7433412075042725,0.03451809659600258,0.8446876406669617,0.9884833693504333,0.9868072867393494,0.9961398839950562
178,0.9927602410316467,0.7746473550796509,0.02028595842421055,1e-06,0.8464084267616272,0.9917312264442444,0.9902377724647522,0.997207522392273,0.9890322685241699,0.7406392693519592,0.03411581367254257,0.8434058427810669,0.9885252714157104,0.9867426753044128,0.9961541295051575
179,0.9925656914710999,0.7734649777412415,0.020800072699785233,1e-06,0.84295654296875,0.9915374517440796,0.9899852275848389,0.99714195728302,0.9890667200088501,0.7425665259361267,0.03415998816490173,0.8436939716339111,0.9885492324829102,0.9868330955505371,0.9961598515510559
180,0.9926835894584656,0.7742220759391785,0.020523173734545708,1e-06,0.8442891836166382,0.9916813373565674,0.9901326298713684,0.9971888661384583,0.989052951335907,0.7428380250930786,0.03435651957988739,0.845325231552124,0.9885059595108032,0.9868161678314209,0.996147632598877
181,0.9926915764808655,0.7746873497962952,0.020430127158761024,1e-06,0.8470293283462524,0.9917497634887695,0.9901569485664368,0.9972126483917236,0.9890738129615784,0.746440589427948,0.03479699417948723,0.8476611971855164,0.9884743690490723,0.9868943691253662,0.9961386322975159
182,0.9925041198730469,0.772911012172699,0.020870408043265343,1e-06,0.8456583619117737,0.991565465927124,0.98993980884552,0.9971466660499573,0.9890247583389282,0.7435105443000793,0.03463765233755112,0.8469103574752808,0.9884913563728333,0.9868160486221313,0.9961448907852173
183,0.9927381873130798,0.7777191996574402,0.02029252238571644,1e-06,0.8469377756118774,0.991758406162262,0.9902216792106628,0.9972097873687744,0.9890478253364563,0.7453078031539917,0.03470056131482124,0.8454275727272034,0.9884681105613708,0.986864447593689,0.9961379170417786
184,0.9926297664642334,0.7740347385406494,0.02060665190219879,1e-06,0.8469353914260864,0.991649866104126,0.9900586009025574,0.9971818923950195,0.989040732383728,0.743355393409729,0.034461699426174164,0.8468239307403564,0.9884992241859436,0.9868052005767822,0.996147871017456
185,0.9925446510314941,0.7796416282653809,0.020724717527627945,1e-06,0.8480567932128906,0.9915668964385986,0.9900144934654236,0.9971472024917603,0.9890236258506775,0.7443761825561523,0.03451664745807648,0.8449152708053589,0.9884538054466248,0.9867987036705017,0.9961317777633667
186,0.9925806522369385,0.7687399983406067,0.02073180302977562,1e-06,0.8461573719978333,0.991619348526001,0.9900842905044556,0.9971608519554138,0.9890117049217224,0.7432190775871277,0.0344826839864254,0.8446575999259949,0.988456666469574,0.9867916107177734,0.996131956577301
187,0.9927090406417847,0.7788644433021545,0.020329177379608154,1e-06,0.8470978736877441,0.9917202591896057,0.9902200698852539,0.9972031116485596,0.9890334010124207,0.7456820607185364,0.03487372770905495,0.8453619480133057,0.9884533882141113,0.9868481159210205,0.9961341619491577
188,0.9927111268043518,0.7709205746650696,0.020451318472623825,1e-06,0.8479741811752319,0.9917282462120056,0.990188717842102,0.9972028136253357,0.989051342010498,0.7444602251052856,0.034551262855529785,0.8456295728683472,0.9885004162788391,0.9868485927581787,0.9961472749710083
189,0.9928374290466309,0.776073694229126,0.019999606534838676,1e-06,0.8436083793640137,0.9917973279953003,0.9903096556663513,0.9972289204597473,0.989065945148468,0.7443941235542297,0.034502722322940826,0.8453000783920288,0.9885192513465881,0.9868572950363159,0.9961541295051575
190,0.9926508069038391,0.7737592458724976,0.020568005740642548,1e-06,0.8476406335830688,0.9917009472846985,0.9901403784751892,0.997195839881897,0.9890684485435486,0.7449141144752502,0.034373681992292404,0.8425140380859375,0.9885249137878418,0.9868479371070862,0.9961533546447754
191,0.9926540851593018,0.7792161107063293,0.02061094529926777,1e-06,0.844056248664856,0.9916749596595764,0.9900838136672974,0.9971818923950195,0.9890466332435608,0.7441129684448242,0.03451515734195709,0.8444948196411133,0.9885023236274719,0.9868277311325073,0.9961470365524292
192,0.9926918745040894,0.778513491153717,0.020414559170603752,1e-06,0.8458207845687866,0.9916660189628601,0.9901690483093262,0.9971831440925598,0.9890751838684082,0.7448645234107971,0.03444453701376915,0.8461573123931885,0.9885179996490479,0.9868801236152649,0.9961534142494202
193,0.9926970601081848,0.7695666551589966,0.02036905661225319,1e-06,0.8454123735427856,0.9916943907737732,0.9902632832527161,0.9971933364868164,0.9890346527099609,0.7431676983833313,0.034332916140556335,0.8426954746246338,0.9884863495826721,0.986786961555481,0.9961423873901367
194,0.9928019642829895,0.7792593836784363,0.020070470869541168,1e-06,0.8476691246032715,0.9917824268341064,0.9902516007423401,0.9972212910652161,0.989027738571167,0.7448707222938538,0.034753330051898956,0.8479686379432678,0.9884634017944336,0.9868318438529968,0.9961358904838562
195,0.9928942918777466,0.777570366859436,0.019859060645103455,1e-06,0.8513349294662476,0.991884171962738,0.9903764128684998,0.997255802154541,0.9890745282173157,0.7455944418907166,0.03462594747543335,0.8492374420166016,0.9885422587394714,0.9868892431259155,0.9961602687835693
196,0.9929055571556091,0.7819529175758362,0.019915251061320305,1e-06,0.8496516942977905,0.9918462634086609,0.9904305934906006,0.9972531199455261,0.9890875220298767,0.7468077540397644,0.03468702360987663,0.8481971025466919,0.9885287284851074,0.9869148135185242,0.9961571097373962
197,0.9927095174789429,0.7723711729049683,0.020242128521203995,1e-06,0.8483741879463196,0.9917269349098206,0.9902253150939941,0.9972029328346252,0.989019513130188,0.745503306388855,0.03458667919039726,0.8433456420898438,0.9884567856788635,0.9868331551551819,0.9961324334144592
198,0.9926557540893555,0.78229159116745,0.020345721393823624,1e-06,0.8454040288925171,0.991600751876831,0.9901055097579956,0.9971631765365601,0.9890908002853394,0.746085524559021,0.034727878868579865,0.8497761487960815,0.9885237812995911,0.9869239330291748,0.996156632900238
199,0.992805540561676,0.7731783986091614,0.020092107355594635,1e-06,0.8504903316497803,0.9918166399002075,0.9903107285499573,0.9972328543663025,0.989057183265686,0.7451925277709961,0.03456854075193405,0.8479442596435547,0.988506555557251,0.9868497252464294,0.9961496591567993
