epoch,accuracy,dice_coef,loss,lr,mean_io_u,precision,sensitivity,specificity,val_accuracy,val_dice_coef,val_loss,val_mean_io_u,val_precision,val_sensitivity,val_specificity
0,0.9611352682113647,0.36947932839393616,0.1351548433303833,1e-04,0.6531239151954651,0.972333550453186,0.940906822681427,0.9918267726898193,0.9690662622451782,0.4288908541202545,0.09158042073249817,0.6471099853515625,0.9841046929359436,0.9511755704879761,0.9943973422050476
1,0.969632089138031,0.4533173441886902,0.08949398994445801,1e-04,0.6645821332931519,0.9810510873794556,0.9558093547821045,0.9934642314910889,0.9760413765907288,0.5077105760574341,0.07062090188264847,0.7429631948471069,0.9825437664985657,0.9662662744522095,0.9939808249473572
2,0.976603090763092,0.5469638109207153,0.06813644617795944,1e-04,0.7341028451919556,0.9813435673713684,0.9693983793258667,0.9936738610267639,0.9802045226097107,0.5820556879043579,0.06264543533325195,0.7117719650268555,0.9838545322418213,0.9738733172416687,0.994522750377655
3,0.9797807335853577,0.587212085723877,0.05967637896537781,1e-04,0.7245858907699585,0.9829683899879456,0.9742105007171631,0.9942190647125244,0.9815094470977783,0.6204273104667664,0.05622882395982742,0.7942003011703491,0.9823985695838928,0.9782593846321106,0.9940838813781738
4,0.983223021030426,0.6330353021621704,0.04929797723889351,1e-04,0.7373756170272827,0.9852274656295776,0.9785301089286804,0.9949862360954285,0.9836861491203308,0.6497515439987183,0.051513537764549255,0.7855762243270874,0.9850308299064636,0.9798503518104553,0.9949429035186768
5,0.984309196472168,0.6471595764160156,0.04565272107720375,1e-04,0.7576897144317627,0.9858353734016418,0.9800254702568054,0.995190441608429,0.9856025576591492,0.6629250049591064,0.0436834990978241,0.6561299562454224,0.9865403175354004,0.9815869331359863,0.9954375624656677
6,0.9851115345954895,0.6651987433433533,0.042704060673713684,1e-04,0.7562260627746582,0.986225426197052,0.9811082482337952,0.9953347444534302,0.9856027960777283,0.6866666078567505,0.04420110583305359,0.8220641613006592,0.9856377243995667,0.9830152988433838,0.9951728582382202
7,0.9866958260536194,0.6830830574035645,0.03802606463432312,1e-04,0.7769075632095337,0.9872704148292542,0.9830412864685059,0.9956896901130676,0.9872435331344604,0.6833826303482056,0.03905380889773369,0.8391495943069458,0.9878025650978088,0.983872652053833,0.9958673119544983
8,0.9875513911247253,0.6931325197219849,0.03522754833102226,1e-04,0.8146159648895264,0.9879136681556702,0.9840466976165771,0.9959056973457336,0.9871495962142944,0.682866096496582,0.03924884274601936,0.805729866027832,0.9874728322029114,0.9836757779121399,0.9957635402679443
9,0.9874784350395203,0.6903306841850281,0.03699800372123718,1e-04,0.7846142649650574,0.9877063632011414,0.9840996861457825,0.9958493709564209,0.9815192818641663,0.6317909359931946,0.05982348695397377,0.41220059990882874,0.9828177094459534,0.9775850772857666,0.9942426681518555
10,0.9884254336357117,0.7027755379676819,0.03357729688286781,2e-05,0.7726314067840576,0.9883072376251221,0.9852627515792847,0.9960547685623169,0.9885470867156982,0.7136561870574951,0.034418556839227676,0.8158765435218811,0.9882745146751404,0.9858155250549316,0.9960554242134094
11,0.9898450970649719,0.7213414907455444,0.02857823856174946,2e-05,0.8006137609481812,0.9893009066581726,0.9870474934577942,0.9963981509208679,0.9888333082199097,0.7273964881896973,0.03447747603058815,0.8011528253555298,0.9882622957229614,0.986457884311676,0.9960600733757019
12,0.9904125928878784,0.7354120016098022,0.026961104944348335,2e-05,0.8038384914398193,0.9897764921188354,0.9875807762145996,0.9965515732765198,0.9887494444847107,0.7289090156555176,0.033962469547986984,0.8202275037765503,0.9882038831710815,0.9863762855529785,0.9960477352142334
13,0.9904083609580994,0.730894148349762,0.02674414962530136,2e-05,0.8154891729354858,0.9897723197937012,0.9876527190208435,0.9965498447418213,0.9890207648277283,0.7214807868003845,0.03356434032320976,0.8206532001495361,0.9885900020599365,0.9863488078117371,0.9961646199226379
14,0.9907864928245544,0.7345500588417053,0.02585378848016262,2e-05,0.8162411451339722,0.9901584982872009,0.9879540801048279,0.996678352355957,0.9892147779464722,0.7336180210113525,0.03280383348464966,0.8204346895217896,0.9884887337684631,0.9869223237037659,0.9961413741111755
15,0.9904474020004272,0.7308979630470276,0.02679603546857834,2e-05,0.8076881170272827,0.9898306131362915,0.9876610636711121,0.9965677261352539,0.9893938899040222,0.7338288426399231,0.03171128034591675,0.8148510456085205,0.9887493252754211,0.9868893623352051,0.9962218999862671
16,0.9912807941436768,0.7465772032737732,0.02400469407439232,2e-05,0.8181308507919312,0.9904607534408569,0.9886122941970825,0.9967813491821289,0.9891782402992249,0.7317532300949097,0.033046845346689224,0.8247847557067871,0.9885502457618713,0.9867671132087708,0.9961594939231873
17,0.9914904236793518,0.7543187737464905,0.023623595014214516,2e-05,0.8262301683425903,0.9905950427055359,0.9888438582420349,0.9968271851539612,0.9893780946731567,0.7379618883132935,0.03280232474207878,0.838603138923645,0.9886486530303955,0.9870464205741882,0.9961950182914734
18,0.9919297099113464,0.7552514672279358,0.02252323180437088,4e-06,0.8284426927566528,0.9909662008285522,0.9893354177474976,0.9969557523727417,0.9896315932273865,0.7392670512199402,0.03183307126164436,0.84259033203125,0.988896906375885,0.987284243106842,0.9962777495384216
19,0.9916999340057373,0.7552300691604614,0.02306557446718216,4e-06,0.8326308727264404,0.9908124208450317,0.9890921115875244,0.9968999028205872,0.9896933436393738,0.7416808009147644,0.03184041008353233,0.8419239521026611,0.9889289736747742,0.9873826503753662,0.996288001537323
20,0.9919045567512512,0.7559984922409058,0.022472316399216652,1e-06,0.8333414196968079,0.9909687638282776,0.9893024563789368,0.9969544410705566,0.9896526336669922,0.7401973605155945,0.0315270870923996,0.8419511318206787,0.9889333248138428,0.9873037934303284,0.9962887167930603
21,0.9919419288635254,0.7539577484130859,0.02236829698085785,1e-06,0.8340656757354736,0.9910298585891724,0.9893831610679626,0.996969997882843,0.9897121787071228,0.7415925860404968,0.03152377903461456,0.8438864946365356,0.9889624118804932,0.9873868823051453,0.9962988495826721
22,0.9920697212219238,0.7596713304519653,0.02210158482193947,1e-06,0.836563229560852,0.9910759329795837,0.9895097017288208,0.996991753578186,0.9897391200065613,0.7421951293945312,0.03167754039168358,0.8474556803703308,0.9889852404594421,0.9874194860458374,0.9963059425354004
23,0.9920631051063538,0.7543749809265137,0.02206985093653202,1e-06,0.8404521942138672,0.9911287426948547,0.9894984364509583,0.9970076084136963,0.9897024035453796,0.7410630583763123,0.031657781451940536,0.8501994609832764,0.9889757633209229,0.987363338470459,0.9963030815124512
24,0.9921310544013977,0.7587946057319641,0.021963857114315033,1e-06,0.8385127782821655,0.9911455512046814,0.989507257938385,0.9970112442970276,0.9897588491439819,0.743100106716156,0.03169671446084976,0.850287914276123,0.9890004396438599,0.9874672293663025,0.9963119626045227
25,0.9920833706855774,0.7577977180480957,0.021830357611179352,1e-06,0.8437186479568481,0.9911359548568726,0.9895623326301575,0.9970104098320007,0.9897130131721497,0.743541955947876,0.0317741222679615,0.8493267893791199,0.9889596700668335,0.9874269366264343,0.9962968230247498
26,0.9921228289604187,0.7558819055557251,0.021986443549394608,1e-06,0.8393740653991699,0.9911389946937561,0.9895802140235901,0.99700927734375,0.9897197484970093,0.7425479888916016,0.03160632401704788,0.8492962121963501,0.9889780879020691,0.9874095916748047,0.9963032007217407
27,0.991933286190033,0.754348635673523,0.02252703532576561,1e-06,0.8405060768127441,0.9910368919372559,0.989345133304596,0.9969766736030579,0.9897323846817017,0.7425234317779541,0.0316137820482254,0.8480876684188843,0.9889792203903198,0.9874120950698853,0.9963045716285706
28,0.9919792413711548,0.7557176947593689,0.0222289077937603,1e-06,0.8409695625305176,0.9910320043563843,0.9893413186073303,0.996972382068634,0.9897762537002563,0.743522047996521,0.03159862011671066,0.8487227559089661,0.9890084266662598,0.9875021576881409,0.9963161945343018
29,0.9923520684242249,0.7575960159301758,0.02131761610507965,1e-06,0.8400630950927734,0.9913306832313538,0.9898449778556824,0.9970740675926208,0.9898057579994202,0.7446718811988831,0.03186667338013649,0.8517451286315918,0.9890269041061401,0.9875733852386475,0.9963221549987793
30,0.9923689961433411,0.7539112567901611,0.021258430555462837,1e-06,0.841188907623291,0.9913204908370972,0.9898268580436707,0.9970731735229492,0.9897893667221069,0.7443883419036865,0.03158928453922272,0.8475135564804077,0.9890114068984985,0.9875304698944092,0.9963165521621704
31,0.9921647310256958,0.7598627209663391,0.021925177425146103,1e-06,0.8404337763786316,0.9911745190620422,0.9896077513694763,0.9970226883888245,0.9897773861885071,0.7442351579666138,0.031379349529743195,0.8442500829696655,0.988997220993042,0.9874960780143738,0.9963114261627197
32,0.9923559427261353,0.7659115195274353,0.021289795637130737,1e-06,0.8422003984451294,0.9913775324821472,0.989818811416626,0.9970893263816833,0.9897427558898926,0.743168830871582,0.03158614784479141,0.853867769241333,0.989008903503418,0.9874582886695862,0.9963140487670898
33,0.9921727180480957,0.762493908405304,0.021733490750193596,1e-06,0.8446143865585327,0.9912027716636658,0.9895827770233154,0.9970298409461975,0.9897887706756592,0.7436743378639221,0.03135886788368225,0.8526582717895508,0.9890477061271667,0.9875063896179199,0.9963290095329285
34,0.9922051429748535,0.7575376033782959,0.021689405664801598,1e-06,0.8450967073440552,0.9912102818489075,0.9896684288978577,0.997032880783081,0.9898257851600647,0.7445574998855591,0.03179817274212837,0.8542149662971497,0.9890458583831787,0.9875757694244385,0.9963284134864807
35,0.9923752546310425,0.760136604309082,0.02146339789032936,1e-06,0.8463115692138672,0.9913666844367981,0.989825963973999,0.9970832467079163,0.9898006319999695,0.7433221340179443,0.03143230825662613,0.8530199527740479,0.9890547394752502,0.9875050187110901,0.9963288903236389
36,0.9923646450042725,0.7579799294471741,0.02122749574482441,1e-06,0.8428164720535278,0.9913194179534912,0.9898340702056885,0.9970730543136597,0.9898168444633484,0.7445975542068481,0.0314587838947773,0.8513234257698059,0.9890415072441101,0.9875707626342773,0.9963282942771912
37,0.9923511743545532,0.7655538320541382,0.021314414218068123,1e-06,0.8442174196243286,0.9913256764411926,0.9898018836975098,0.9970728158950806,0.9898442625999451,0.7443835735321045,0.0314248651266098,0.8517690896987915,0.9890660643577576,0.9875910878181458,0.9963344931602478
38,0.9923244118690491,0.7624496817588806,0.02134857140481472,1e-06,0.8444901704788208,0.9913648366928101,0.9897786974906921,0.99708491563797,0.9898074865341187,0.7434782981872559,0.03149771690368652,0.8544216156005859,0.9890499711036682,0.9875332117080688,0.9963287711143494
39,0.9922946095466614,0.7638276815414429,0.021363556385040283,1e-06,0.8468557596206665,0.9913238286972046,0.9897628426551819,0.9970720410346985,0.9898127317428589,0.7444148659706116,0.03135893493890762,0.8519108295440674,0.9890424609184265,0.9875274896621704,0.9963244199752808
40,0.992297351360321,0.7575865387916565,0.02144000306725502,1e-06,0.8421802520751953,0.9913064241409302,0.9897549748420715,0.9970660209655762,0.9898501634597778,0.7452008128166199,0.031353846192359924,0.849355936050415,0.989061713218689,0.9875810146331787,0.9963307976722717
41,0.9924646019935608,0.7647855281829834,0.021022191271185875,1e-06,0.8429456949234009,0.9914608001708984,0.989931046962738,0.9971151947975159,0.9897814989089966,0.7437063455581665,0.03162868320941925,0.854668378829956,0.9890217781066895,0.9875160455703735,0.9963204264640808
42,0.9924240112304688,0.7622884511947632,0.021067596971988678,1e-06,0.8471236228942871,0.9913491010665894,0.9898945093154907,0.9970802068710327,0.9898083209991455,0.743746280670166,0.03132917732000351,0.8527867794036865,0.9890422224998474,0.9875289797782898,0.9963263869285583
43,0.9922074675559998,0.757401704788208,0.021589018404483795,1e-06,0.8447430729866028,0.9912290573120117,0.9896902441978455,0.9970422387123108,0.9898380637168884,0.7447357177734375,0.031417686492204666,0.8522619605064392,0.9890673160552979,0.9875667691230774,0.9963340163230896
44,0.992280125617981,0.7573501467704773,0.021451683714985847,1e-06,0.8461676836013794,0.991305410861969,0.9897423386573792,0.9970688223838806,0.9897878766059875,0.7442090511322021,0.03154677152633667,0.8558793067932129,0.9890361428260803,0.9875044226646423,0.9963223934173584
45,0.9921096563339233,0.7570186853408813,0.021796921268105507,1e-06,0.8416992425918579,0.9911260604858398,0.989589512348175,0.9970058798789978,0.9898078441619873,0.743697464466095,0.031442027539014816,0.8511500358581543,0.9890393614768982,0.9875102639198303,0.9963245391845703
46,0.9925000071525574,0.7708658576011658,0.020993037149310112,1e-06,0.8444989919662476,0.9914667010307312,0.9899741411209106,0.9971230626106262,0.9898180961608887,0.7449228167533875,0.03171104937791824,0.8531812429428101,0.9890352487564087,0.9875722527503967,0.9963228106498718
47,0.9922566413879395,0.7589244842529297,0.02154501900076866,1e-06,0.8421714901924133,0.9912566542625427,0.9897326827049255,0.9970519542694092,0.9897961020469666,0.744063675403595,0.03133845701813698,0.8518662452697754,0.989030659198761,0.9875211119651794,0.9963224530220032
48,0.9923589825630188,0.7610633969306946,0.021238697692751884,1e-06,0.8456856608390808,0.991350531578064,0.9898102283477783,0.9970812201499939,0.9898303151130676,0.7450759410858154,0.0315215177834034,0.8525995016098022,0.9890406131744385,0.9875907301902771,0.9963269233703613
49,0.9924430847167969,0.7632554769515991,0.021145548671483994,1e-06,0.845726728439331,0.9913979172706604,0.9898940920829773,0.9970970153808594,0.9898068308830261,0.7447794079780579,0.031273335218429565,0.8510088920593262,0.9890319108963013,0.9875324964523315,0.9963234066963196
50,0.9925006031990051,0.7630891799926758,0.020763034000992775,1e-06,0.8486914038658142,0.9914796948432922,0.9899285435676575,0.9971195459365845,0.9898410439491272,0.7462043762207031,0.03178124502301216,0.8574507236480713,0.9890370965003967,0.9876271486282349,0.9963266849517822
51,0.9922710657119751,0.7648977041244507,0.02142309583723545,1e-06,0.849659264087677,0.9912478923797607,0.9897109270095825,0.9970449209213257,0.9898351430892944,0.7455885410308838,0.03146560117602348,0.8514008522033691,0.9890329837799072,0.9875900149345398,0.9963224530220032
52,0.9927154183387756,0.7653124332427979,0.02034769207239151,1e-06,0.8448949456214905,0.9916777610778809,0.990179717540741,0.9971868991851807,0.9898653626441956,0.7464389801025391,0.03166605904698372,0.8562746047973633,0.9890478253364563,0.9876667261123657,0.9963312745094299
53,0.9922497272491455,0.7699146866798401,0.02151159755885601,1e-06,0.8470227718353271,0.9911642074584961,0.9897034168243408,0.9970208406448364,0.9898737072944641,0.7456937432289124,0.03135784715414047,0.8539179563522339,0.9890733361244202,0.9876378774642944,0.9963375329971313
54,0.9926080107688904,0.7659557461738586,0.020657386630773544,1e-06,0.8496088981628418,0.9915555119514465,0.9901286959648132,0.9971492290496826,0.9898741841316223,0.7463558912277222,0.03138165920972824,0.8542101383209229,0.9890639781951904,0.9876378774642944,0.9963342547416687
55,0.9927586913108826,0.7622714638710022,0.020200105383992195,1e-06,0.8530044555664062,0.9917247295379639,0.9902908205986023,0.9972079396247864,0.989854097366333,0.7458352446556091,0.03149668499827385,0.8566880226135254,0.9890708327293396,0.9876226782798767,0.9963364005088806
56,0.9926021695137024,0.7627685070037842,0.020621003583073616,1e-06,0.8500543832778931,0.9915192723274231,0.9901354312896729,0.9971398711204529,0.989861011505127,0.745853066444397,0.031342845410108566,0.8530000448226929,0.9890663027763367,0.9876089692115784,0.9963343739509583
57,0.9925302863121033,0.775041937828064,0.020880166441202164,1e-06,0.846632719039917,0.9914251565933228,0.9900097846984863,0.9971057176589966,0.9898634552955627,0.7459160089492798,0.0313432402908802,0.8527172803878784,0.9890546202659607,0.9876188039779663,0.9963310360908508
58,0.992588460445404,0.7706042528152466,0.020749494433403015,1e-06,0.8481577634811401,0.9914810657501221,0.9900580644607544,0.997128427028656,0.9898781776428223,0.7463631629943848,0.03148127347230911,0.8543225526809692,0.9890668392181396,0.9876482486724854,0.9963359236717224
59,0.9926092028617859,0.7718199491500854,0.020492982119321823,1e-06,0.8486104011535645,0.9915229082107544,0.9900873303413391,0.9971394538879395,0.9898755550384521,0.7471014261245728,0.03173677250742912,0.8568544387817383,0.9890504479408264,0.987663984298706,0.996329665184021
60,0.9925718903541565,0.7653610706329346,0.02063320390880108,1e-06,0.8504781723022461,0.9915145039558411,0.9900341033935547,0.9971363544464111,0.9898500442504883,0.7455436587333679,0.031579822301864624,0.85788893699646,0.9890701770782471,0.9875937104225159,0.9963349103927612
61,0.9926000237464905,0.7636582255363464,0.020696165040135384,1e-06,0.852353572845459,0.9915275573730469,0.9900362491607666,0.9971427917480469,0.989881694316864,0.7469200491905212,0.03150433301925659,0.8555474281311035,0.9890760779380798,0.9876466393470764,0.9963374137878418
62,0.9926764965057373,0.7629228234291077,0.02021055854856968,1e-06,0.8490529656410217,0.9916509389877319,0.9901877045631409,0.9971843361854553,0.9898862838745117,0.747600793838501,0.031844887882471085,0.8591011762619019,0.9890570640563965,0.9876982569694519,0.9963325262069702
63,0.9926662445068359,0.7715327143669128,0.020567761734128,1e-06,0.8505714535713196,0.9915946125984192,0.9901273250579834,0.9971635341644287,0.9898586273193359,0.7462190985679626,0.03153355047106743,0.8559851050376892,0.9890522360801697,0.9876223206520081,0.996329665184021
64,0.9924778938293457,0.7618300914764404,0.020815562456846237,1e-06,0.8484835624694824,0.9914462566375732,0.990009069442749,0.9971141219139099,0.9898808002471924,0.7475650310516357,0.0316726453602314,0.8541113138198853,0.9890387654304504,0.9876708388328552,0.9963284134864807
65,0.9927737712860107,0.7674419283866882,0.020142672583460808,1e-06,0.8474124670028687,0.9916514158248901,0.9902895092964172,0.9971833229064941,0.9898678660392761,0.7467373013496399,0.03148594871163368,0.8554118871688843,0.9890409708023071,0.9876548647880554,0.9963266849517822
66,0.9926820397377014,0.7691720128059387,0.020451681688427925,1e-06,0.8494834899902344,0.9915944337844849,0.9901853203773499,0.9971638917922974,0.9898700714111328,0.7454819083213806,0.03126634284853935,0.854037880897522,0.9890738129615784,0.9876319169998169,0.9963371157646179
67,0.9925403594970703,0.7644400000572205,0.020743796601891518,1e-06,0.8487660884857178,0.9914544224739075,0.9900022745132446,0.9971135854721069,0.9898688197135925,0.746810257434845,0.03134981542825699,0.8555749654769897,0.9890626072883606,0.9876464009284973,0.9963345527648926
68,0.9925585985183716,0.7633196115493774,0.02072898857295513,1e-06,0.8523541688919067,0.9915156960487366,0.9900561571121216,0.9971392750740051,0.989867091178894,0.7471736669540405,0.03147716075181961,0.857525646686554,0.9890580773353577,0.9876514673233032,0.9963330030441284
69,0.9927978515625,0.7635872960090637,0.02022366039454937,1e-06,0.8500154614448547,0.9917058944702148,0.9903374910354614,0.9972016215324402,0.9898831844329834,0.7477693557739258,0.03160112351179123,0.855034589767456,0.9890421032905579,0.9876881837844849,0.9963286519050598
70,0.9926773905754089,0.7745266556739807,0.020380156114697456,1e-06,0.8490652441978455,0.9915903806686401,0.9901782870292664,0.9971601963043213,0.9898988008499146,0.7487441897392273,0.031695760786533356,0.8562982082366943,0.9890549778938293,0.9877333045005798,0.9963328838348389
71,0.9926887154579163,0.7644067406654358,0.02040145732462406,1e-06,0.8485877513885498,0.9915940165519714,0.9902122616767883,0.997164249420166,0.9898619651794434,0.7480178475379944,0.031753748655319214,0.8569643497467041,0.9890376329421997,0.9876829385757446,0.9963259100914001
72,0.9925879836082458,0.7684652805328369,0.02060544863343239,1e-06,0.8479250073432922,0.9915327429771423,0.9900799989700317,0.9971411228179932,0.9898976683616638,0.7484707832336426,0.031652577221393585,0.8557766675949097,0.9890620708465576,0.9877111315727234,0.9963345527648926
73,0.9927763342857361,0.7702572345733643,0.02018684148788452,1e-06,0.8461428880691528,0.9916417598724365,0.990327000617981,0.997185468673706,0.9899193644523621,0.7476208806037903,0.03137974068522453,0.8552941083908081,0.9890933632850647,0.9877024292945862,0.9963452816009521
74,0.9929641485214233,0.7741416096687317,0.019648408517241478,1e-06,0.8522723913192749,0.9918429851531982,0.9905009865760803,0.9972473978996277,0.9899019002914429,0.748362123966217,0.03164243325591087,0.8584725856781006,0.9890844225883484,0.9877099990844727,0.9963416457176208
75,0.9926708340644836,0.7756217122077942,0.02038685977458954,1e-06,0.851263165473938,0.9915880560874939,0.9901987314224243,0.9971625208854675,0.9898884296417236,0.7483064532279968,0.031616710126399994,0.8581645488739014,0.9890613555908203,0.9876841902732849,0.9963344931602478
76,0.9927518367767334,0.7697731852531433,0.020167434588074684,1e-06,0.8509750366210938,0.9916089773178101,0.9902436137199402,0.9971744418144226,0.9899259805679321,0.7486036419868469,0.031631212681531906,0.860798716545105,0.9890984892845154,0.9877368211746216,0.9963470101356506
77,0.9926031231880188,0.763538658618927,0.02052728831768036,1e-06,0.8501209020614624,0.9915437698364258,0.9900873303413391,0.9971497058868408,0.9898970127105713,0.7486129403114319,0.031450264155864716,0.8577520847320557,0.9890812635421753,0.987699031829834,0.9963406324386597
78,0.9928091168403625,0.7706067562103271,0.020042002201080322,1e-06,0.8540787696838379,0.9916948676109314,0.9902947545051575,0.9971961379051208,0.9899223446846008,0.7491887807846069,0.031760863959789276,0.860440194606781,0.989093005657196,0.9877515435218811,0.9963452219963074
79,0.992769181728363,0.7684197425842285,0.020120840519666672,1e-06,0.8537000417709351,0.9916751384735107,0.990299642086029,0.9971891641616821,0.989875853061676,0.7482641935348511,0.03176005557179451,0.8606714606285095,0.989051342010498,0.987712025642395,0.9963302612304688
80,0.9927384257316589,0.7760242223739624,0.020133962854743004,1e-06,0.8537631034851074,0.9916349053382874,0.9902396202087402,0.9971782565116882,0.9898959398269653,0.7482959628105164,0.03168598562479019,0.8579511642456055,0.989057719707489,0.9877193570137024,0.9963328838348389
81,0.9928344488143921,0.7677209973335266,0.019908146932721138,1e-06,0.8534929752349854,0.9917055368423462,0.9903603196144104,0.9972039461135864,0.9899171590805054,0.7493827939033508,0.031738657504320145,0.8600770235061646,0.9890722036361694,0.9877498149871826,0.9963392615318298
82,0.9927316904067993,0.7643396854400635,0.020182477310299873,1e-06,0.8522481918334961,0.9916581511497498,0.9902656078338623,0.9971872568130493,0.9898928999900818,0.749673068523407,0.03178912773728371,0.8583491444587708,0.9890531897544861,0.9877256155014038,0.9963319301605225
83,0.9929041862487793,0.7727776169776917,0.01973891630768776,1e-06,0.8524950742721558,0.9917459487915039,0.9904637932777405,0.997218132019043,0.9899250864982605,0.7493759393692017,0.03181842714548111,0.8617328405380249,0.9890947341918945,0.9877662658691406,0.996346652507782
84,0.9930287003517151,0.7772673964500427,0.019516125321388245,1e-06,0.8541730642318726,0.9918509721755981,0.9905961155891418,0.9972531795501709,0.9898910522460938,0.7511515617370605,0.031979821622371674,0.8592268824577332,0.9890216588973999,0.9877527952194214,0.9963222742080688
85,0.9929285645484924,0.7663085460662842,0.019695118069648743,1e-06,0.8530389070510864,0.9917982220649719,0.9905076026916504,0.9972375631332397,0.9898983240127563,0.7499598264694214,0.03191858157515526,0.8617749214172363,0.9890524744987488,0.9877433180809021,0.9963337779045105
86,0.9929486513137817,0.7701141834259033,0.01963062956929207,1e-06,0.854385495185852,0.9917924404144287,0.9904963970184326,0.9972289204597473,0.9899293780326843,0.7500152587890625,0.03167099133133888,0.8585213422775269,0.9890682101249695,0.9877620339393616,0.9963392615318298
87,0.9930293560028076,0.7698206901550293,0.019473083317279816,1e-06,0.8551409840583801,0.9918934106826782,0.9905659556388855,0.9972654581069946,0.9898964166641235,0.7499020099639893,0.03194759413599968,0.8625879287719727,0.9890498518943787,0.9877412915229797,0.9963330030441284
88,0.9930887818336487,0.7770258784294128,0.019359266385436058,1e-06,0.8556098937988281,0.9919485449790955,0.9906412959098816,0.9972834587097168,0.989901065826416,0.7498927712440491,0.03172628954052925,0.8602910041809082,0.9890574812889099,0.9877268671989441,0.9963335394859314
89,0.9929640889167786,0.7734205722808838,0.019584819674491882,1e-06,0.8576980829238892,0.9918251037597656,0.9905233979225159,0.9972419738769531,0.9899136424064636,0.74936842918396,0.031723812222480774,0.8607255220413208,0.9890852570533752,0.9877358078956604,0.9963412880897522
90,0.992769181728363,0.7637048363685608,0.02021142654120922,1e-06,0.8536899089813232,0.9916926026344299,0.9903098344802856,0.9971952438354492,0.9899272322654724,0.7481855154037476,0.03156323730945587,0.8597261905670166,0.9890921711921692,0.9877396821975708,0.9963455200195312
91,0.9928473830223083,0.7696711421012878,0.019922805950045586,1e-06,0.8551034927368164,0.991733729839325,0.9904303550720215,0.9972131252288818,0.9899466633796692,0.7497712969779968,0.03164629265666008,0.8605841398239136,0.9891007542610168,0.9877756237983704,0.99634850025177
92,0.9930301308631897,0.7713819146156311,0.019501810893416405,1e-06,0.8579259514808655,0.9919135570526123,0.9905809760093689,0.9972713589668274,0.9899711608886719,0.7502135038375854,0.03173975273966789,0.8631004691123962,0.9891279339790344,0.9878057241439819,0.9963579773902893
93,0.9928196668624878,0.7695028185844421,0.020014170557260513,1e-06,0.8536922931671143,0.9917089939117432,0.9903729557991028,0.9972004294395447,0.9899393320083618,0.7501733303070068,0.03173599764704704,0.8594335913658142,0.9890916347503662,0.987772524356842,0.9963446259498596
94,0.9928860068321228,0.7667157053947449,0.019978949800133705,1e-06,0.8537822365760803,0.9917810559272766,0.9904602766036987,0.9972286224365234,0.9899492859840393,0.7488189339637756,0.03160419687628746,0.8590229153633118,0.9891111254692078,0.9877484440803528,0.9963511228561401
95,0.9928571581840515,0.7700331807136536,0.01988806389272213,1e-06,0.8558036088943481,0.9917334914207458,0.9903682470321655,0.9972094893455505,0.9899662733078003,0.7495182752609253,0.03165991231799126,0.8615078330039978,0.9891172051429749,0.9878023266792297,0.9963536262512207
96,0.9929112792015076,0.7795544266700745,0.019828611984848976,1e-06,0.8537174463272095,0.9917160868644714,0.9903926849365234,0.9972018599510193,0.9899874925613403,0.7503875494003296,0.031674936413764954,0.8596092462539673,0.9891274571418762,0.9878445863723755,0.9963575005531311
97,0.993074893951416,0.7732042074203491,0.01938234083354473,1e-06,0.8512903451919556,0.991919219493866,0.9906115531921387,0.9972748756408691,0.9899979829788208,0.7513834834098816,0.03164776414632797,0.8569554686546326,0.9891204833984375,0.9878655672073364,0.9963562488555908
98,0.9929817318916321,0.7733525037765503,0.019657203927636147,1e-06,0.8534911870956421,0.991867184638977,0.9905284643173218,0.99725741147995,0.9899426102638245,0.7517221570014954,0.0318344384431839,0.8571088314056396,0.9890667200088501,0.9878160357475281,0.9963381290435791
99,0.9930166602134705,0.7721782922744751,0.019437436014413834,1e-06,0.8536845445632935,0.9918718934059143,0.9906136393547058,0.9972575306892395,0.9899351000785828,0.7500025629997253,0.03158901259303093,0.8576617240905762,0.9890766739845276,0.9877731204032898,0.9963411092758179
100,0.9929599761962891,0.7722105383872986,0.01952964998781681,1e-06,0.8521203994750977,0.991787314414978,0.9905294179916382,0.9972302913665771,0.9899526834487915,0.7506437301635742,0.03180118650197983,0.860472559928894,0.9890933632850647,0.9878226518630981,0.996346652507782
101,0.9930079579353333,0.7755939960479736,0.019570088014006615,1e-06,0.8547216653823853,0.9918224811553955,0.9905768632888794,0.9972449541091919,0.9899659156799316,0.7513962984085083,0.03186880424618721,0.8618838787078857,0.9891124963760376,0.9878315329551697,0.9963533878326416
102,0.9930459856987,0.7748238444328308,0.01928093098104,1e-06,0.8572295904159546,0.991901159286499,0.9905973672866821,0.9972670078277588,0.9899490475654602,0.7515684962272644,0.031962040811777115,0.861481785774231,0.9890897870063782,0.9878220558166504,0.9963458776473999
103,0.9931918978691101,0.7768978476524353,0.01891765184700489,1e-06,0.8564968705177307,0.9919781684875488,0.9907650947570801,0.9972976446151733,0.9899511933326721,0.750979483127594,0.031893469393253326,0.865503191947937,0.9891082048416138,0.987820565700531,0.9963511228561401
104,0.9930885434150696,0.7777902483940125,0.019230561330914497,1e-06,0.8599300384521484,0.9919012784957886,0.9906286597251892,0.9972700476646423,0.9899885058403015,0.7535520792007446,0.03226357698440552,0.86457359790802,0.9890999794006348,0.9879076480865479,0.9963510036468506
105,0.9930362701416016,0.7710863351821899,0.01938621886074543,1e-06,0.859123706817627,0.9918941855430603,0.9906134605407715,0.9972628355026245,0.9899306297302246,0.7509347796440125,0.03188131004571915,0.8639467358589172,0.9890961647033691,0.9877857565879822,0.9963455200195312
106,0.9931213855743408,0.7763388752937317,0.01914111152291298,1e-06,0.8577953577041626,0.9919813871383667,0.9907122254371643,0.9972957968711853,0.9899542927742004,0.7519512176513672,0.03206028416752815,0.8656075596809387,0.9891068339347839,0.9878443479537964,0.9963499903678894
107,0.9931139945983887,0.7832640409469604,0.01927831582725048,1e-06,0.8538245558738708,0.991906464099884,0.9906826019287109,0.9972673654556274,0.9899952411651611,0.7515648603439331,0.03168607875704765,0.860054612159729,0.9891232252120972,0.9878587126731873,0.9963566064834595
108,0.9928977489471436,0.7758772969245911,0.01966209150850773,1e-06,0.8548880815505981,0.9917353391647339,0.990411102771759,0.9972118139266968,0.9899493455886841,0.7519436478614807,0.0320085845887661,0.8619174957275391,0.9890785217285156,0.9878260493278503,0.9963409900665283
109,0.9931437969207764,0.779406726360321,0.01908920332789421,1e-06,0.8568335771560669,0.9919970035552979,0.9907338619232178,0.9973008036613464,0.9899688959121704,0.7521456480026245,0.03215719759464264,0.8654561042785645,0.9891002178192139,0.9878580570220947,0.9963488578796387
110,0.9930573105812073,0.775039553642273,0.01931454986333847,1e-06,0.8574972152709961,0.9919032454490662,0.9906269907951355,0.9972677230834961,0.9900018572807312,0.7516992688179016,0.03190912678837776,0.8626054525375366,0.9891258478164673,0.9878726601600647,0.9963582158088684
111,0.9933489561080933,0.781138002872467,0.018675314262509346,1e-06,0.8562372326850891,0.9921354651451111,0.990925669670105,0.9973477125167847,0.9899332523345947,0.7521308660507202,0.032029926776885986,0.8625666499137878,0.9890735745429993,0.9878128170967102,0.9963399171829224
112,0.993087649345398,0.7778286337852478,0.01929611712694168,1e-06,0.8575178980827332,0.991889476776123,0.9906274676322937,0.9972608685493469,0.9899223446846008,0.7517315149307251,0.03191323205828667,0.8620929718017578,0.9890714287757874,0.9877858757972717,0.9963391423225403
113,0.9929836392402649,0.7775758504867554,0.019437825307250023,1e-06,0.8554786443710327,0.9918531179428101,0.9905399680137634,0.9972501993179321,0.9899801015853882,0.7524056434631348,0.031941238790750504,0.8608803749084473,0.9891026020050049,0.9878630638122559,0.9963505864143372
114,0.9931162595748901,0.7775282263755798,0.019143512472510338,1e-06,0.8598048686981201,0.9919427037239075,0.9906810522079468,0.9972803592681885,0.9899359941482544,0.7526283264160156,0.032115109264850616,0.8674004673957825,0.989074170589447,0.9878423810005188,0.9963406324386597
115,0.9932294487953186,0.7807222008705139,0.01899542473256588,1e-06,0.8589577078819275,0.992024302482605,0.9908173084259033,0.9973105788230896,0.9899545311927795,0.75225830078125,0.0319846086204052,0.8652901649475098,0.9890983700752258,0.9878460168838501,0.9963472485542297
116,0.9932294487953186,0.7791690826416016,0.018836889415979385,1e-06,0.8589596748352051,0.9920036196708679,0.9908135533332825,0.9973034858703613,0.9899818897247314,0.7527850866317749,0.03185179829597473,0.8630044460296631,0.9891133308410645,0.9878679513931274,0.9963512420654297
117,0.9932722449302673,0.7730540633201599,0.018732337281107903,1e-06,0.8577340841293335,0.9920653700828552,0.9908660054206848,0.9973242282867432,0.9899448156356812,0.753248393535614,0.032266996800899506,0.8668147921562195,0.989078164100647,0.9878652095794678,0.9963425993919373
118,0.9931805729866028,0.7812495827674866,0.019047711044549942,1e-06,0.8595407605171204,0.9919695854187012,0.9907854795455933,0.9972952604293823,0.9899356961250305,0.752902626991272,0.03211324289441109,0.8619199395179749,0.989057719707489,0.9878361225128174,0.996336042881012
119,0.993190348148346,0.7781863212585449,0.01902211643755436,1e-06,0.8551344871520996,0.9919695258140564,0.9907515048980713,0.9972930550575256,0.9900012016296387,0.7548199892044067,0.03209298104047775,0.8629290461540222,0.989095151424408,0.9879169464111328,0.9963482618331909
120,0.9931418895721436,0.7821049094200134,0.018992401659488678,1e-06,0.8603445887565613,0.9919461011886597,0.9907361268997192,0.9972807765007019,0.9900391697883606,0.7540542483329773,0.03211726248264313,0.8646786212921143,0.9891420602798462,0.9879414439201355,0.9963622093200684
121,0.9932004809379578,0.780971109867096,0.019043834879994392,1e-06,0.8590589761734009,0.991977334022522,0.990780234336853,0.9972921013832092,0.9899782538414001,0.7520638108253479,0.03204024210572243,0.863146185874939,0.9891023635864258,0.9878654479980469,0.9963490962982178
122,0.9933145642280579,0.7770508527755737,0.018575143069028854,1e-06,0.8621688485145569,0.9921435713768005,0.9909058213233948,0.9973477721214294,0.9899320006370544,0.7523728609085083,0.032389264553785324,0.8661203384399414,0.9890725612640381,0.9878334999084473,0.9963406324386597
123,0.9934216737747192,0.7831563353538513,0.01849014312028885,1e-06,0.8601862788200378,0.9921990036964417,0.991055428981781,0.9973674416542053,0.9899761080741882,0.7529587745666504,0.032136086374521255,0.8652114868164062,0.9891018867492676,0.9878717064857483,0.9963493943214417
124,0.9933183789253235,0.7807230949401855,0.0185551717877388,1e-06,0.8623775243759155,0.992121160030365,0.9909570813179016,0.9973419308662415,0.9899941086769104,0.7543519139289856,0.03222212940454483,0.8649952411651611,0.9890921711921692,0.9879198670387268,0.9963474869728088
125,0.9934779405593872,0.7784668803215027,0.01830628141760826,1e-06,0.8604921102523804,0.9922631978988647,0.9911021590232849,0.9973893761634827,0.9899340867996216,0.7537685632705688,0.03219925984740257,0.8656318187713623,0.9890609383583069,0.9878473877906799,0.996335506439209
126,0.993375301361084,0.7873632311820984,0.018575875088572502,1e-06,0.8587349653244019,0.9921400547027588,0.9909777641296387,0.9973488450050354,0.9899635314941406,0.7539470791816711,0.032202091068029404,0.8628416657447815,0.9890771508216858,0.987878680229187,0.9963428974151611
127,0.9933030605316162,0.777111828327179,0.0186199638992548,1e-06,0.8595612049102783,0.9920797944068909,0.9909025430679321,0.9973273873329163,0.9900159239768982,0.7545093894004822,0.03223154693841934,0.8665909767150879,0.9891324043273926,0.9879394173622131,0.9963592290878296
128,0.993367075920105,0.7778512835502625,0.018500715494155884,1e-06,0.8626940846443176,0.9921563863754272,0.9909517168998718,0.9973522424697876,0.9900235533714294,0.7555933594703674,0.0324455201625824,0.8688605427742004,0.989130437374115,0.9879772067070007,0.9963610768318176
129,0.9933292269706726,0.7756364941596985,0.01866316981613636,1e-06,0.8619940280914307,0.9921314716339111,0.9909566640853882,0.9973477721214294,0.9900647401809692,0.7554014325141907,0.032106008380651474,0.8649693727493286,0.9891712069511414,0.9879927039146423,0.9963740706443787
130,0.9933793544769287,0.7768430709838867,0.01856931485235691,1e-06,0.8583497405052185,0.9921488761901855,0.9909787178039551,0.9973495006561279,0.9900258183479309,0.7551517486572266,0.031989093869924545,0.8633382320404053,0.9891471266746521,0.9879575371742249,0.9963653087615967
131,0.9933360815048218,0.7825204133987427,0.018616491928696632,1e-06,0.8610116243362427,0.9921159148216248,0.9909470677375793,0.9973424077033997,0.9900121688842773,0.7544876337051392,0.03214448317885399,0.8661162853240967,0.9891427755355835,0.9879238605499268,0.9963628649711609
132,0.9932815432548523,0.7781607508659363,0.018785633146762848,1e-06,0.8596228361129761,0.9920496940612793,0.9908334016799927,0.997316837310791,0.990040123462677,0.7559932470321655,0.03225867450237274,0.8656463623046875,0.9891405701637268,0.9879785776138306,0.996364951133728
133,0.9934205412864685,0.7838317155838013,0.01833377219736576,1e-06,0.8629633188247681,0.992185115814209,0.9910448789596558,0.9973674416542053,0.9900296330451965,0.755055844783783,0.03245859593153,0.8665217161178589,0.9891433119773865,0.9879617691040039,0.9963644742965698
134,0.9933605790138245,0.7816797494888306,0.01855834759771824,1e-06,0.8607659339904785,0.9921499490737915,0.9909856915473938,0.9973487257957458,0.9899942278862,0.753915011882782,0.031947679817676544,0.8614859580993652,0.9891127347946167,0.9878816604614258,0.9963533282279968
135,0.9933565258979797,0.7796476483345032,0.01847655512392521,1e-06,0.8598906993865967,0.99214106798172,0.9909458160400391,0.9973474740982056,0.9899802803993225,0.7535995244979858,0.03198176994919777,0.8635327219963074,0.9891189932823181,0.9878800511360168,0.9963532090187073
136,0.9935333728790283,0.7849476337432861,0.018093151971697807,1e-06,0.8613881468772888,0.9923369288444519,0.9911868572235107,0.9974157214164734,0.9900110363960266,0.7560845613479614,0.032464418560266495,0.8678759336471558,0.9891241788864136,0.9879542589187622,0.9963589906692505
137,0.9932793378829956,0.7828330397605896,0.018740540370345116,1e-06,0.8610693216323853,0.992107629776001,0.9908475875854492,0.9973375201225281,0.9899806380271912,0.7559810876846313,0.03249572962522507,0.867512583732605,0.9890874028205872,0.9879214763641357,0.9963452219963074
138,0.993503212928772,0.78684002161026,0.01820582151412964,1e-06,0.8622472286224365,0.9922345280647278,0.9911208152770996,0.9973787069320679,0.9899893403053284,0.7555953860282898,0.03236106410622597,0.8657218217849731,0.9890958666801453,0.9879370331764221,0.9963476061820984
139,0.9934298992156982,0.7806348204612732,0.018368257209658623,1e-06,0.8603075742721558,0.9921684861183167,0.9910019040107727,0.997357964515686,0.9899868965148926,0.7553708553314209,0.032291244715452194,0.8652534484863281,0.9890917539596558,0.987920343875885,0.996346652507782
140,0.9935158491134644,0.7851260304450989,0.018124930560588837,1e-06,0.861825704574585,0.9922261834144592,0.9911723136901855,0.9973811507225037,0.9899896383285522,0.7558973431587219,0.03234529867768288,0.8675590753555298,0.9890928864479065,0.9879446625709534,0.9963472485542297
141,0.9934369325637817,0.7778728604316711,0.018373804166913033,1e-06,0.8636099100112915,0.9921908974647522,0.9910932183265686,0.9973655343055725,0.9900047183036804,0.7550086975097656,0.03223409876227379,0.866485059261322,0.9891042709350586,0.9879375696182251,0.996351957321167
142,0.9934452772140503,0.7877156138420105,0.018222739920020103,1e-06,0.8630333542823792,0.9921801686286926,0.9910471439361572,0.9973627328872681,0.9900133013725281,0.7560334801673889,0.032379765063524246,0.8679413795471191,0.9891135692596436,0.9879691004753113,0.9963549971580505
143,0.9933480024337769,0.7764780521392822,0.018494317308068275,1e-06,0.860080361366272,0.9921342134475708,0.9909952878952026,0.9973458051681519,0.9899953603744507,0.7561691999435425,0.032620061188936234,0.868289589881897,0.9890980124473572,0.9879555106163025,0.9963492751121521
144,0.9936485886573792,0.7883581519126892,0.017819378525018692,1e-06,0.861868679523468,0.9923818707466125,0.9912705421447754,0.9974291324615479,0.9900083541870117,0.7559506893157959,0.032410554587841034,0.8672025799751282,0.989112377166748,0.9879688620567322,0.9963552355766296
145,0.9933939576148987,0.7813988327980042,0.018420571461319923,1e-06,0.8638732433319092,0.9921472668647766,0.9909845590591431,0.9973528981208801,0.9899707436561584,0.7561848163604736,0.03250522166490555,0.8683242797851562,0.9890674352645874,0.9879211187362671,0.9963394999504089
146,0.9935542345046997,0.7870062589645386,0.017958955839276314,1e-06,0.8635624647140503,0.9922656416893005,0.9912096261978149,0.9973961710929871,0.9900403618812561,0.7564933896064758,0.032523129135370255,0.8706159591674805,0.9891290664672852,0.9880052804946899,0.9963594675064087
147,0.9934278726577759,0.78287273645401,0.018456103280186653,1e-06,0.8632538318634033,0.9921541810035706,0.9910088181495667,0.9973568916320801,0.9900147914886475,0.7561520338058472,0.03253529965877533,0.8685688972473145,0.9891197085380554,0.9879687428474426,0.9963558316230774
148,0.9934479594230652,0.78033047914505,0.0183243490755558,1e-06,0.8641761541366577,0.9922201037406921,0.9910635352134705,0.997376561164856,0.9900120496749878,0.7561254501342773,0.03264045715332031,0.8673807382583618,0.9891154766082764,0.987972617149353,0.9963553547859192
149,0.99354487657547,0.7843199372291565,0.018007917329669,1e-06,0.8634530305862427,0.9923136830329895,0.9911937117576599,0.997407078742981,0.9900231957435608,0.7561641335487366,0.03259524703025818,0.8684673309326172,0.9891233444213867,0.9879696369171143,0.9963577389717102
150,0.9936544299125671,0.7850808501243591,0.01769835501909256,1e-06,0.8625432848930359,0.9923549294471741,0.9912897348403931,0.9974217414855957,0.9900463819503784,0.756987452507019,0.032635658979415894,0.8668597936630249,0.9891371726989746,0.9880308508872986,0.9963636994361877
151,0.9935734272003174,0.7865452766418457,0.018032032996416092,1e-06,0.8619966506958008,0.9923211336135864,0.9912421107292175,0.9974086880683899,0.9899862408638,0.7560144662857056,0.03258131816983223,0.8680063486099243,0.9890934824943542,0.9879341721534729,0.9963473677635193
152,0.9935653805732727,0.7783806324005127,0.017970029264688492,1e-06,0.8613604307174683,0.9923471212387085,0.9912096261978149,0.9974173307418823,0.9899788498878479,0.7558569312095642,0.0325700119137764,0.869875967502594,0.9890966415405273,0.9879351854324341,0.9963470101356506
153,0.9935972690582275,0.7849128842353821,0.018031520769000053,1e-06,0.8636788129806519,0.9923005104064941,0.9912288188934326,0.9974039196968079,0.9900074601173401,0.7563711404800415,0.032482922077178955,0.8669239282608032,0.9891101121902466,0.9879751205444336,0.9963536262512207
154,0.9934858679771423,0.7805262804031372,0.018193978816270828,1e-06,0.8625918030738831,0.9922160506248474,0.9911078810691833,0.9973788857460022,0.9900202751159668,0.7565431594848633,0.032579950988292694,0.8677934408187866,0.9891168475151062,0.9879788756370544,0.9963559508323669
155,0.993567705154419,0.7916521430015564,0.018014004454016685,1e-06,0.8620806932449341,0.9922714233398438,0.9911577105522156,0.9973942041397095,0.9899848699569702,0.756435751914978,0.03290726989507675,0.8735499382019043,0.9891077280044556,0.9879570007324219,0.9963523745536804
156,0.9937549829483032,0.7801783680915833,0.017455430701375008,1e-06,0.8645700812339783,0.9925101399421692,0.9914780855178833,0.9974725246429443,0.9900063276290894,0.7582274675369263,0.032809920608997345,0.8703970313072205,0.9890922904014587,0.9880031943321228,0.99634850025177
157,0.99351966381073,0.7867770791053772,0.017990371212363243,1e-06,0.8654857873916626,0.9923134446144104,0.9911766648292542,0.9974087476730347,0.9899809956550598,0.7568957805633545,0.032602474093437195,0.8701103925704956,0.9890852570533752,0.9879430532455444,0.9963451027870178
158,0.9937594532966614,0.7896562814712524,0.017543338239192963,1e-06,0.8651279211044312,0.9924829602241516,0.9914231896400452,0.9974643588066101,0.9900014400482178,0.7583290934562683,0.03288999944925308,0.8727903366088867,0.9890950322151184,0.9879931807518005,0.9963489770889282
159,0.9937826991081238,0.7823876142501831,0.017329499125480652,1e-06,0.8659099340438843,0.9925149083137512,0.9914719462394714,0.9974772930145264,0.99003666639328,0.7587881684303284,0.03287719190120697,0.8722047805786133,0.9891279339790344,0.9880463480949402,0.9963598251342773
160,0.9937382340431213,0.7871314883232117,0.01763351447880268,1e-06,0.8659012317657471,0.9924429655075073,0.9914131164550781,0.99745112657547,0.9900311827659607,0.7581030130386353,0.032728374004364014,0.8700447082519531,0.9891247153282166,0.988020658493042,0.99635910987854
161,0.9935215711593628,0.785750150680542,0.018162909895181656,1e-06,0.863976240158081,0.992203950881958,0.9911163449287415,0.9973711371421814,0.9899328351020813,0.7559297680854797,0.03257177397608757,0.8663710951805115,0.9890413880348206,0.9878848791122437,0.996329128742218
162,0.9938110113143921,0.7858375310897827,0.017293965443968773,1e-06,0.8632797598838806,0.9925212264060974,0.9914963245391846,0.9974779486656189,0.9899863600730896,0.757680356502533,0.03272292762994766,0.8694219589233398,0.9890860319137573,0.9879737496376038,0.9963439106941223
163,0.9936838150024414,0.787312388420105,0.017771001905202866,1e-06,0.8646726608276367,0.9923824667930603,0.9913011193275452,0.997430682182312,0.9900325536727905,0.7581467032432556,0.032625939697027206,0.8693264722824097,0.9891255497932434,0.9880089163780212,0.9963585734367371
164,0.9937746524810791,0.7935361862182617,0.017367128282785416,1e-06,0.8654931783676147,0.9924556016921997,0.9914108514785767,0.9974557161331177,0.9899949431419373,0.7599565386772156,0.03308685123920441,0.8702089786529541,0.9890731573104858,0.988018274307251,0.9963424801826477
165,0.9934775829315186,0.7852063775062561,0.018161309882998466,1e-06,0.8643431663513184,0.9921748042106628,0.9911196827888489,0.9973613619804382,0.9899688959121704,0.7578834295272827,0.032902371138334274,0.8680056929588318,0.9890604615211487,0.9879571199417114,0.9963347911834717
166,0.9936487674713135,0.7901033163070679,0.01771947368979454,1e-06,0.8651140928268433,0.9923633337020874,0.9912989139556885,0.997424304485321,0.990029513835907,0.7590157389640808,0.032933223992586136,0.8710674047470093,0.9891157150268555,0.9880431294441223,0.9963551163673401
167,0.9936824440956116,0.7879103422164917,0.017609000205993652,1e-06,0.8661121129989624,0.9924018383026123,0.9913358688354492,0.997434675693512,0.9900356531143188,0.7595733404159546,0.03293949365615845,0.8693596124649048,0.989112377166748,0.9880519509315491,0.9963552355766296
168,0.9936329126358032,0.7927951216697693,0.017735956236720085,1e-06,0.865175187587738,0.9923274517059326,0.991273820400238,0.9974130988121033,0.9899982213973999,0.7592755556106567,0.03287837654352188,0.869329571723938,0.9890754222869873,0.9880090355873108,0.9963428974151611
169,0.9936766028404236,0.7928984761238098,0.017791489139199257,1e-06,0.8651955723762512,0.992394208908081,0.991307258605957,0.997433066368103,0.9900292754173279,0.75811368227005,0.03273773565888405,0.8688241243362427,0.9891193509101868,0.9880174994468689,0.9963561296463013
170,0.9935972690582275,0.7947482466697693,0.017868099734187126,1e-06,0.8632708787918091,0.9922720193862915,0.9912122488021851,0.9973933100700378,0.9900535941123962,0.7583863735198975,0.032704971730709076,0.869755744934082,0.9891376495361328,0.9880443215370178,0.9963628649711609
171,0.9936585426330566,0.7858209013938904,0.017798274755477905,1e-06,0.8659924268722534,0.992388129234314,0.9913167357444763,0.9974315762519836,0.990014910697937,0.7574702501296997,0.032634053379297256,0.8697037696838379,0.9891200661659241,0.9879902005195618,0.9963572025299072
172,0.9937143921852112,0.7922857999801636,0.017678888514637947,1e-06,0.8654109239578247,0.992416262626648,0.9913169145584106,0.9974393844604492,0.9899930953979492,0.758147656917572,0.03296809643507004,0.872109055519104,0.9890882968902588,0.9879981875419617,0.9963456392288208
173,0.9937350749969482,0.7886768579483032,0.017536429688334465,1e-06,0.8663358092308044,0.9924177527427673,0.991366982460022,0.9974421858787537,0.9900557398796082,0.757799506187439,0.032581623643636703,0.8711193799972534,0.9891569018363953,0.9880446195602417,0.9963672161102295
174,0.9937402606010437,0.7933940291404724,0.017534082755446434,1e-06,0.8689502477645874,0.9924397468566895,0.991405189037323,0.997454047203064,0.9900341629981995,0.7581838369369507,0.032741159200668335,0.8704806566238403,0.9891153573989868,0.9880373477935791,0.9963560104370117
175,0.9936439990997314,0.7881301045417786,0.017810532823204994,1e-06,0.8655140399932861,0.9923619031906128,0.9912811517715454,0.9974220991134644,0.9900360107421875,0.7591968774795532,0.03294612094759941,0.8710305690765381,0.9891173243522644,0.9880419969558716,0.9963547587394714
176,0.9938930869102478,0.7850984930992126,0.01720060408115387,1e-06,0.8661990165710449,0.9926267266273499,0.9915851950645447,0.9975122213363647,0.9899632930755615,0.7576087713241577,0.032651908695697784,0.8678162693977356,0.9890530705451965,0.9879540205001831,0.9963344931602478
177,0.9938436150550842,0.7955201864242554,0.017319560050964355,1e-06,0.8645033836364746,0.9924601316452026,0.9914316534996033,0.9974568486213684,0.9899939894676208,0.75850909948349,0.03290175274014473,0.8720817565917969,0.9890903830528259,0.9880074262619019,0.9963486194610596
178,0.9937615394592285,0.7894424796104431,0.017472878098487854,1e-06,0.8664919137954712,0.9924882054328918,0.9914625287055969,0.9974684119224548,0.9899439215660095,0.7587419748306274,0.03299436345696449,0.869461178779602,0.9890310168266296,0.9879426956176758,0.9963270425796509
179,0.9937455058097839,0.7976554036140442,0.017501015216112137,1e-06,0.8692111968994141,0.9924432039260864,0.9913715720176697,0.9974531531333923,0.9900203943252563,0.7586822509765625,0.0328817255795002,0.8731319904327393,0.9891231060028076,0.9880251288414001,0.9963569641113281
180,0.9936371445655823,0.8000229597091675,0.01789339818060398,1e-06,0.8681777715682983,0.9923257231712341,0.991256058216095,0.9974133968353271,0.9900624752044678,0.758257269859314,0.032630614936351776,0.872584342956543,0.9891647696495056,0.9880484342575073,0.9963705539703369
181,0.9938066601753235,0.7904107570648193,0.017344340682029724,1e-06,0.8686836361885071,0.9924991130828857,0.9914453029632568,0.9974660873413086,0.9900481104850769,0.7606285810470581,0.032995205372571945,0.8729533553123474,0.9891270399093628,0.9880790114402771,0.9963601231575012
182,0.9937366247177124,0.7840478420257568,0.017564421519637108,1e-06,0.8680064678192139,0.9924909472465515,0.9914014935493469,0.9974660277366638,0.9899936318397522,0.7583306431770325,0.03289172053337097,0.8747597932815552,0.9891067147254944,0.9879915714263916,0.9963518381118774
183,0.9938645958900452,0.7898008227348328,0.01722564548254013,1e-06,0.869964599609375,0.9925627708435059,0.9915423393249512,0.9974923133850098,0.9900901317596436,0.7597703337669373,0.03276054188609123,0.8728936910629272,0.9891782402992249,0.9881093502044678,0.996377170085907
184,0.9939746260643005,0.7963853478431702,0.016933750361204147,1e-06,0.8716555833816528,0.9926390051841736,0.9916505217552185,0.9975187182426453,0.9900754690170288,0.7602676749229431,0.032788459211587906,0.8721421957015991,0.9891579151153564,0.9881004691123962,0.9963681101799011
185,0.9938495755195618,0.7905443906784058,0.017229048535227776,1e-06,0.8673815727233887,0.9925305247306824,0.9915273785591125,0.997480034828186,0.9900749325752258,0.7597233653068542,0.03278109431266785,0.8735620975494385,0.9891757369041443,0.988074004650116,0.996375322341919
186,0.9939832091331482,0.7917095422744751,0.016894105821847916,1e-06,0.8683308959007263,0.9926571249961853,0.9916396737098694,0.9975210428237915,0.9900760650634766,0.7606744766235352,0.032862886786460876,0.8732259273529053,0.9891576170921326,0.9881038665771484,0.9963701963424683
187,0.9938059449195862,0.7869440317153931,0.017438912764191628,1e-06,0.8683915734291077,0.9924794435501099,0.9914814829826355,0.9974660277366638,0.9901008605957031,0.7608547806739807,0.03296313434839249,0.8739076256752014,0.9891856908798218,0.9881225824356079,0.9963791966438293
188,0.9938809871673584,0.7856974005699158,0.01719095930457115,1e-06,0.868893563747406,0.9925540089607239,0.9915810823440552,0.9974889159202576,0.9900558590888977,0.7603867053985596,0.03290508687496185,0.8720597624778748,0.9891364574432373,0.9880785346031189,0.9963622093200684
189,0.9940010905265808,0.790972888469696,0.016916224732995033,1e-06,0.868364155292511,0.9926809668540955,0.9916841983795166,0.9975323677062988,0.9900596141815186,0.7602372169494629,0.03288623318076134,0.872409462928772,0.9891487956047058,0.98807692527771,0.996366560459137
190,0.9938889741897583,0.7957291007041931,0.017139064148068428,1e-06,0.8698960542678833,0.9925175905227661,0.9915292263031006,0.997477114200592,0.9900765419006348,0.7607433795928955,0.03290680795907974,0.8714203238487244,0.9891514182090759,0.9880956411361694,0.9963670969009399
191,0.993898332118988,0.7906874418258667,0.017108069732785225,1e-06,0.8685047626495361,0.9925835728645325,0.9915975332260132,0.9974997639656067,0.990117609500885,0.7623408436775208,0.033431656658649445,0.8745485544204712,0.9891983270645142,0.9881765842437744,0.9963830709457397
192,0.993867039680481,0.7980857491493225,0.017311416566371918,1e-06,0.8698351383209229,0.992518424987793,0.9915368556976318,0.9974775314331055,0.9900884032249451,0.7603302001953125,0.03294113650918007,0.872381329536438,0.9891703724861145,0.9881070852279663,0.9963723421096802
193,0.9938522577285767,0.7911218404769897,0.01726192608475685,1e-06,0.8679625988006592,0.9925105571746826,0.9915252923965454,0.9974731206893921,0.9900223016738892,0.758645236492157,0.032745711505413055,0.871672511100769,0.9891360402107239,0.9880238771438599,0.9963597059249878
194,0.9938443303108215,0.7923863530158997,0.01738850772380829,1e-06,0.8678322434425354,0.9925398230552673,0.9915021061897278,0.9974839687347412,0.9900636076927185,0.7608745098114014,0.03326159715652466,0.8756390810012817,0.9891542792320251,0.9881043434143066,0.9963685870170593
195,0.9940125346183777,0.8035025000572205,0.01675255596637726,1e-06,0.8700233101844788,0.9926361441612244,0.9917066693305969,0.9975176453590393,0.990070104598999,0.7611284852027893,0.033359095454216,0.8779764175415039,0.9891560077667236,0.9881054759025574,0.9963693022727966
196,0.993756890296936,0.7902960777282715,0.017594369128346443,1e-06,0.8702428936958313,0.9924455881118774,0.9914243221282959,0.9974513053894043,0.9900715947151184,0.7609128355979919,0.03321348503232002,0.8733217716217041,0.9891504049301147,0.9881083369255066,0.9963670969009399
197,0.9939668774604797,0.79090815782547,0.016897451132535934,1e-06,0.8712256550788879,0.9926214218139648,0.991635799407959,0.9975119829177856,0.9900503754615784,0.7604964971542358,0.032997794449329376,0.872717022895813,0.9891224503517151,0.9880690574645996,0.9963582158088684
198,0.9939228296279907,0.7911338210105896,0.016995390877127647,1e-06,0.8668231964111328,0.992613673210144,0.9916006922721863,0.9975102543830872,0.9900429844856262,0.7616151571273804,0.03330184146761894,0.8753015995025635,0.989116370677948,0.9880921244621277,0.9963560104370117
199,0.993968665599823,0.7928300499916077,0.016913389787077904,1e-06,0.8717106580734253,0.9926467537879944,0.9916475415229797,0.9975206255912781,0.9900143146514893,0.7614014148712158,0.03336756303906441,0.8741981983184814,0.9890998601913452,0.9880598187446594,0.9963511228561401
