epoch,accuracy,dice_coef,loss,lr,mean_io_u,precision,sensitivity,specificity,val_accuracy,val_dice_coef,val_loss,val_mean_io_u,val_precision,val_sensitivity,val_specificity
0,0.9254558086395264,0.4097139537334442,0.6020494103431702,1e-04,0.757683515548706,0.9400845766067505,0.9067573547363281,0.9806168079376221,0.966903030872345,0.5713756680488586,0.4349888265132904,0.756346583366394,0.967689573764801,0.965814471244812,0.9892436861991882
1,0.9651256799697876,0.6185681223869324,0.3902292847633362,1e-04,0.768485426902771,0.9654760956764221,0.9642767906188965,0.9885099530220032,0.9611499309539795,0.6368479132652283,0.3679531514644623,0.772201657295227,0.9613412022590637,0.9604671597480774,0.9871259331703186
2,0.9755816459655762,0.6972851753234863,0.3157765865325928,1e-04,0.8086011409759521,0.9754435420036316,0.9750261306762695,0.9918187856674194,0.9787617325782776,0.6996762156486511,0.3188652992248535,0.8945724964141846,0.9786361455917358,0.9783191680908203,0.992882490158081
3,0.9782181978225708,0.715152382850647,0.2975623309612274,1e-04,0.8333898782730103,0.9780176281929016,0.9777318835258484,0.9926750659942627,0.9797034859657288,0.7210832238197327,0.2921517491340637,0.8443455100059509,0.9795284867286682,0.9792794585227966,0.9931789040565491
4,0.9799797534942627,0.7301880717277527,0.28699392080307007,1e-04,0.8443335890769958,0.9797633290290833,0.9795238971710205,0.9932569861412048,0.9820259213447571,0.7273465394973755,0.28540024161338806,0.857184648513794,0.9818097352981567,0.9815719127655029,0.9939391613006592
5,0.9808213114738464,0.739211916923523,0.276684433221817,1e-04,0.8604056239128113,0.9806034564971924,0.9803879261016846,0.9935372471809387,0.9822208881378174,0.7554823160171509,0.2572026252746582,0.8707871437072754,0.9819635152816772,0.9818074703216553,0.9939895272254944
6,0.9830405712127686,0.7596451640129089,0.25712209939956665,1e-04,0.8621771335601807,0.9827643036842346,0.9826034903526306,0.9942569732666016,0.9841811656951904,0.7591453194618225,0.25564807653427124,0.9004039168357849,0.9839351177215576,0.983817458152771,0.9946475028991699
7,0.9837304949760437,0.7667301893234253,0.2515893280506134,1e-04,0.8724515438079834,0.9834671020507812,0.9833395481109619,0.9944900274276733,0.9855110049247742,0.7727814316749573,0.24622973799705505,0.8903986215591431,0.9852386713027954,0.9851689338684082,0.9950824975967407
8,0.9851813912391663,0.7723602056503296,0.24758851528167725,1e-04,0.8741586804389954,0.9849065542221069,0.9848181009292603,0.9949709177017212,0.9838438034057617,0.7740193009376526,0.2507697641849518,0.9159783124923706,0.98360276222229,0.983523964881897,0.9945364594459534
9,0.9843493700027466,0.7635644674301147,0.25630661845207214,1e-04,0.8836952447891235,0.9840971231460571,0.9840102791786194,0.9947006702423096,0.9854936599731445,0.7791262865066528,0.2399211823940277,0.8798052072525024,0.9852309226989746,0.9851769208908081,0.9950796365737915
10,0.9847075343132019,0.77114337682724,0.2472238540649414,1e-04,0.875765323638916,0.9844399094581604,0.984346330165863,0.9948148131370544,0.9838486909866333,0.7724650502204895,0.2434983104467392,0.8677822351455688,0.983554482460022,0.9834932684898376,0.9945211410522461
11,0.982171356678009,0.7618482112884521,0.2611321806907654,1e-04,0.8753856420516968,0.9819165468215942,0.9818101525306702,0.9939749836921692,0.9833365678787231,0.7752814888954163,0.2581150531768799,0.8646442890167236,0.9830960631370544,0.9830480217933655,0.9943691492080688
12,0.986089825630188,0.7843912839889526,0.2336483746767044,2e-05,0.8720800876617432,0.985783576965332,0.9857266545295715,0.9952640533447266,0.9866341352462769,0.8006002306938171,0.2230067402124405,0.8921103477478027,0.9863508343696594,0.986326277256012,0.995452880859375
13,0.9872496724128723,0.7994412183761597,0.21776878833770752,2e-05,0.8959341049194336,0.9869503974914551,0.9869095683097839,0.995651125907898,0.9869359135627747,0.804902195930481,0.21966807544231415,0.9114211797714233,0.9866566061973572,0.9866381287574768,0.9955535531044006
14,0.988391637802124,0.8145756721496582,0.20544050633907318,2e-05,0.8985167741775513,0.988086462020874,0.9880593419075012,0.9960310459136963,0.9870390892028809,0.8060186505317688,0.21389435231685638,0.9049478769302368,0.9867715239524841,0.986755907535553,0.9955933690071106
15,0.9880143404006958,0.8132482767105103,0.21275997161865234,2e-05,0.9357360601425171,0.9877439737319946,0.9877257347106934,0.9959180355072021,0.9874489307403564,0.8088334202766418,0.2097339779138565,0.9601086378097534,0.9872096180915833,0.9872140884399414,0.9957379698753357
16,0.9883264899253845,0.8285354971885681,0.18862701952457428,2e-05,0.9308093786239624,0.9880532622337341,0.9880585670471191,0.9960206747055054,0.9869820475578308,0.8136062026023865,0.21445462107658386,0.927601158618927,0.9867463111877441,0.9867652654647827,0.9955844879150391
17,0.9890905618667603,0.8292486667633057,0.18076002597808838,2e-05,0.9171651005744934,0.9888024926185608,0.9888055920600891,0.996269166469574,0.9881705641746521,0.8255215883255005,0.18947845697402954,0.9157698154449463,0.9879050254821777,0.987916111946106,0.9959700107574463
18,0.9884210824966431,0.826528012752533,0.1901598423719406,2e-05,0.9263846278190613,0.9881318807601929,0.9881395697593689,0.9960454702377319,0.9857713580131531,0.793371856212616,0.23243845999240875,0.9345532655715942,0.9855400323867798,0.9855550527572632,0.9951815605163574
19,0.9884209632873535,0.828956127166748,0.18479245901107788,2e-05,0.9107688069343567,0.9881225824356079,0.9881320595741272,0.9960423111915588,0.9880857467651367,0.8273851275444031,0.1873955875635147,0.9209222793579102,0.9878132939338684,0.9878291487693787,0.9959399104118347
20,0.9888857007026672,0.8291504383087158,0.18132945895195007,2e-05,0.9215890169143677,0.9886030554771423,0.9886165857315063,0.9962022304534912,0.987975001335144,0.8278188109397888,0.1862538754940033,0.9087743163108826,0.9877117872238159,0.987726092338562,0.9959052205085754
21,0.9894036054611206,0.8373252153396606,0.17166642844676971,2e-05,0.9239917993545532,0.989117443561554,0.9891323447227478,0.9963730573654175,0.9881028532981873,0.827971339225769,0.18706615269184113,0.9602410793304443,0.987851619720459,0.9878717064857483,0.9959530234336853
22,0.9893290996551514,0.8388599157333374,0.1725640743970871,2e-05,0.9325052499771118,0.9890343546867371,0.9890457987785339,0.9963464140892029,0.9881865382194519,0.8273696899414062,0.18865619599819183,0.9182966947555542,0.9879046082496643,0.9879192113876343,0.9959695935249329
23,0.989630937576294,0.8409876823425293,0.1704649031162262,4e-06,0.9266260862350464,0.9893324971199036,0.9893468618392944,0.9964452981948853,0.9885159134864807,0.8318082094192505,0.18316049873828888,0.927460789680481,0.988241970539093,0.9882575273513794,0.9960826635360718
24,0.9893699884414673,0.8404377102851868,0.1695317029953003,4e-06,0.9153656959533691,0.9890739321708679,0.9890863299369812,0.9963600635528564,0.9883031845092773,0.8321049213409424,0.18323341012001038,0.9160752296447754,0.988035261631012,0.9880529642105103,0.996013879776001
25,0.9897098541259766,0.8422483801841736,0.166385680437088,4e-06,0.9137094020843506,0.9894081950187683,0.9894214868545532,0.9964701533317566,0.988562285900116,0.8307117819786072,0.183963343501091,0.9246062636375427,0.9882895946502686,0.9883044362068176,0.9960972666740417
26,0.9898557662963867,0.8482321500778198,0.1598934382200241,1e-06,0.9194066524505615,0.9895594120025635,0.9895687103271484,0.9965206980705261,0.988427460193634,0.8311197757720947,0.18332523107528687,0.9171413779258728,0.9881548881530762,0.9881704449653625,0.99605393409729
27,0.9898183345794678,0.8459080457687378,0.16589735448360443,1e-06,0.9173052310943604,0.9895114302635193,0.9895249605178833,0.996505856513977,0.9885692000389099,0.8320577144622803,0.18240468204021454,0.9233384132385254,0.9882981181144714,0.9883130788803101,0.9961010813713074
28,0.9895537495613098,0.840725302696228,0.16857032477855682,1e-06,0.9180257320404053,0.9892531633377075,0.9892677664756775,0.9964206218719482,0.9885451197624207,0.8315201997756958,0.18283085525035858,0.9232617616653442,0.9882716536521912,0.9882872104644775,0.9960927367210388
29,0.9900041818618774,0.8442017436027527,0.16578488051891327,1e-06,0.9207315444946289,0.9897070527076721,0.9897257089614868,0.9965695142745972,0.9885267615318298,0.8323766589164734,0.18222147226333618,0.9223901033401489,0.9882585406303406,0.9882752299308777,0.9960877895355225
30,0.9900397062301636,0.8482256531715393,0.16024911403656006,1e-06,0.9202076196670532,0.9897373914718628,0.9897497296333313,0.9965805411338806,0.9885979890823364,0.8320498466491699,0.18232572078704834,0.9206646680831909,0.9883261919021606,0.9883418679237366,0.9961121082305908
31,0.9900071620941162,0.8426983952522278,0.16766953468322754,1e-06,0.912479043006897,0.9897052645683289,0.9897186756134033,0.9965695142745972,0.9885250329971313,0.8319634795188904,0.1822138875722885,0.912667453289032,0.9882538318634033,0.9882699251174927,0.9960863590240479
32,0.9898544549942017,0.8439669013023376,0.16502812504768372,1e-06,0.9092788696289062,0.9895569086074829,0.9895704388618469,0.9965202808380127,0.988542377948761,0.8319483995437622,0.18206225335597992,0.9132044315338135,0.9882701635360718,0.9882861375808716,0.9960907697677612
33,0.9901423454284668,0.847786009311676,0.1613762378692627,1e-06,0.910749077796936,0.9898408651351929,0.9898537993431091,0.9966145753860474,0.9885970950126648,0.831919252872467,0.1824904829263687,0.9146997928619385,0.9883244037628174,0.988339900970459,0.9961106181144714
34,0.9896711707115173,0.846775233745575,0.16107870638370514,1e-06,0.9106251001358032,0.9893662929534912,0.9893803000450134,0.9964568018913269,0.9885386228561401,0.83194500207901,0.18165524303913116,0.9093587398529053,0.9882662892341614,0.9882819056510925,0.9960902333259583
35,0.9900873899459839,0.8511044383049011,0.15704864263534546,1e-06,0.9079501628875732,0.9897845983505249,0.9898005127906799,0.9965962767601013,0.9885615706443787,0.831742525100708,0.18186591565608978,0.9096215963363647,0.9882879853248596,0.9883039593696594,0.9960973858833313
36,0.9901981353759766,0.843967080116272,0.16498558223247528,1e-06,0.9116396903991699,0.989895761013031,0.9899099469184875,0.9966328740119934,0.9885901212692261,0.8318169713020325,0.18197965621948242,0.9140340685844421,0.9883151650428772,0.9883314967155457,0.996107816696167
37,0.9903258681297302,0.8536126613616943,0.1559513360261917,1e-06,0.9127639532089233,0.9900201559066772,0.9900315999984741,0.9966745376586914,0.9885557293891907,0.8321114778518677,0.18160361051559448,0.9183735847473145,0.9882847666740417,0.9882994890213013,0.9960973858833313
38,0.9901831746101379,0.8500459790229797,0.15893077850341797,1e-06,0.9134494066238403,0.9898682236671448,0.9898800849914551,0.9966251850128174,0.988650918006897,0.8319091200828552,0.18157577514648438,0.9192987680435181,0.9883795380592346,0.9883947968482971,0.9961277842521667
39,0.9904261231422424,0.8498233556747437,0.15860271453857422,1e-06,0.9109744429588318,0.990113377571106,0.990128219127655,0.9967058897018433,0.9885598421096802,0.8316996097564697,0.18187151849269867,0.91290283203125,0.9882853627204895,0.9883006811141968,0.9960973858833313
40,0.9906100034713745,0.8468896746635437,0.1616692990064621,1e-06,0.9131338596343994,0.9903050065040588,0.9903167486190796,0.9967694878578186,0.9886159300804138,0.8327856063842773,0.18180467188358307,0.9189690947532654,0.9883460998535156,0.9883614778518677,0.9961163401603699
41,0.9905783534049988,0.8489705324172974,0.15773026645183563,1e-06,0.9160515069961548,0.9902758598327637,0.9902886748313904,0.9967601895332336,0.9886119365692139,0.8330040574073792,0.18150660395622253,0.9194436073303223,0.98834228515625,0.9883592128753662,0.9961156845092773
42,0.9901238083839417,0.8519782423973083,0.1556006222963333,1e-06,0.9156461954116821,0.9898200631141663,0.9898362755775452,0.9966082572937012,0.9886481165885925,0.8329309821128845,0.1813926100730896,0.9189193248748779,0.9883763194084167,0.9883931279182434,0.9961275458335876
43,0.990167498588562,0.8468355536460876,0.1628199964761734,1e-06,0.9143329858779907,0.9898741245269775,0.9898842573165894,0.9966257810592651,0.9884953498840332,0.8328845500946045,0.18134407699108124,0.9126764535903931,0.9882248640060425,0.9882420897483826,0.9960761666297913
44,0.990216851234436,0.8475456833839417,0.16223779320716858,1e-06,0.9104561805725098,0.9899107217788696,0.9899259209632874,0.9966394901275635,0.9885291457176208,0.8324883580207825,0.18140366673469543,0.9119160175323486,0.9882578253746033,0.9882741570472717,0.9960883855819702
45,0.990391194820404,0.8499702215194702,0.15676359832286835,1e-06,0.9121544361114502,0.990094780921936,0.9901102185249329,0.996699333190918,0.9886468052864075,0.833341121673584,0.1808662861585617,0.9207183122634888,0.9883789420127869,0.9883958697319031,0.9961274266242981
46,0.9901868104934692,0.8409079313278198,0.1689790040254593,1e-06,0.9119690656661987,0.9898847341537476,0.9898923635482788,0.9966300129890442,0.9885355234146118,0.8328007459640503,0.1811441034078598,0.917323112487793,0.9882655143737793,0.9882821440696716,0.9960899949073792
47,0.9903445243835449,0.8513839244842529,0.15736818313598633,1e-06,0.9150632619857788,0.9900339841842651,0.990045964717865,0.9966803193092346,0.9885582327842712,0.8326919078826904,0.18116967380046844,0.9160408973693848,0.9882856011390686,0.9882999658584595,0.9960969686508179
48,0.9902232885360718,0.846384584903717,0.16211465001106262,1e-06,0.910439670085907,0.9899126887321472,0.9899271726608276,0.9966402649879456,0.9887111186981201,0.832963228225708,0.1807195544242859,0.9204404354095459,0.988437294960022,0.9884529113769531,0.996148407459259
49,0.9901708364486694,0.8468936681747437,0.15835633873939514,1e-06,0.9116406440734863,0.9898598790168762,0.9898688793182373,0.9966209530830383,0.9886533617973328,0.8327397704124451,0.18153218924999237,0.9195999503135681,0.9883809089660645,0.988396167755127,0.9961292743682861
50,0.9902904629707336,0.851722002029419,0.15717941522598267,1e-06,0.9158724546432495,0.9899870753288269,0.9899992346763611,0.9966641664505005,0.9886114597320557,0.8321579098701477,0.1821630895137787,0.9197163581848145,0.988337516784668,0.9883540868759155,0.9961148500442505
51,0.9902803301811218,0.8483994603157043,0.15898220241069794,1e-06,0.9158583879470825,0.9899663329124451,0.9899813532829285,0.9966574311256409,0.988581657409668,0.8316993117332458,0.18244493007659912,0.9153534173965454,0.9883063435554504,0.98832106590271,0.9961016178131104
52,0.9905110001564026,0.8515506982803345,0.15572161972522736,1e-06,0.9118925929069519,0.9901936650276184,0.9902032017707825,0.9967331290245056,0.9885475039482117,0.8323365449905396,0.18201962113380432,0.9180614948272705,0.9882746338844299,0.9882903695106506,0.9960939884185791
53,0.990445077419281,0.8495497703552246,0.1595611721277237,1e-06,0.9162781238555908,0.9901401400566101,0.9901518225669861,0.996715247631073,0.9886236786842346,0.8320749998092651,0.18179166316986084,0.9205315709114075,0.9883522391319275,0.9883670806884766,0.9961193203926086
54,0.990588366985321,0.853442370891571,0.15444280207157135,1e-06,0.920441746711731,0.9902895092964172,0.9903040528297424,0.9967645406723022,0.9886413812637329,0.8334527015686035,0.18072295188903809,0.9258887767791748,0.9883716702461243,0.9883886575698853,0.9961261749267578
55,0.9905133843421936,0.8504932522773743,0.157128244638443,1e-06,0.9231081008911133,0.9902070760726929,0.9902179837226868,0.9967369437217712,0.9886265397071838,0.8334504961967468,0.18074123561382294,0.9267463088035583,0.9883602261543274,0.9883779287338257,0.996122419834137
56,0.9901488423347473,0.8506754040718079,0.15670016407966614,1e-06,0.9201406240463257,0.9898419380187988,0.9898555278778076,0.9966163039207458,0.988663375377655,0.8341493606567383,0.17938923835754395,0.92453932762146,0.9883962869644165,0.9884132146835327,0.9961348176002502
57,0.9899669885635376,0.8483145236968994,0.15926925837993622,1e-06,0.9150793552398682,0.9896702170372009,0.9896801710128784,0.996557891368866,0.9885501861572266,0.8335207104682922,0.18007536232471466,0.9149198532104492,0.9882806539535522,0.9882975816726685,0.9960954785346985
58,0.9903188347816467,0.8482965230941772,0.1602376252412796,1e-06,0.9144535064697266,0.9900200366973877,0.9900309443473816,0.9966739416122437,0.988583505153656,0.8339312076568604,0.17970384657382965,0.9207196831703186,0.9883154630661011,0.9883317947387695,0.9961073398590088
59,0.9902284741401672,0.8488000631332397,0.15984289348125458,1e-06,0.9209437370300293,0.9899294972419739,0.9899460673332214,0.9966443777084351,0.9885368943214417,0.8335279822349548,0.1793384701013565,0.9175407886505127,0.9882674217224121,0.9882844686508179,0.9960910081863403
60,0.9902698397636414,0.8535546660423279,0.15396495163440704,1e-06,0.9148691892623901,0.9899694323539734,0.9899806380271912,0.9966568350791931,0.9886148571968079,0.8335133194923401,0.17937621474266052,0.917151927947998,0.9883451461791992,0.988361120223999,0.9961166977882385
61,0.9903085231781006,0.8533223271369934,0.1559952199459076,1e-06,0.9130712151527405,0.990001916885376,0.990014910697937,0.9966682195663452,0.9886177182197571,0.833831787109375,0.17908897995948792,0.9216046333312988,0.9883507490158081,0.9883659482002258,0.9961180686950684
62,0.9903324842453003,0.849416196346283,0.15702681243419647,1e-06,0.9214287996292114,0.9900295734405518,0.99004727602005,0.9966773390769958,0.9886260628700256,0.8339411616325378,0.17930817604064941,0.9239498376846313,0.9883592128753662,0.9883744716644287,0.9961230754852295
63,0.9906967878341675,0.8530239462852478,0.1554354876279831,1e-06,0.919457197189331,0.9903932213783264,0.9904047250747681,0.9967988729476929,0.9886577725410461,0.8335865139961243,0.18011367321014404,0.9205901622772217,0.9883868098258972,0.9884020090103149,0.9961313009262085
64,0.9903613328933716,0.8487105965614319,0.15995579957962036,1e-06,0.9190923571586609,0.9900580048561096,0.9900680780410767,0.9966875910758972,0.9887015223503113,0.8332809209823608,0.18003393709659576,0.9246126413345337,0.9884320497512817,0.9884477853775024,0.9961457848548889
65,0.9904181957244873,0.8521612882614136,0.1543155014514923,1e-06,0.9184116721153259,0.9901080131530762,0.9901256561279297,0.9967051148414612,0.9886138439178467,0.8329755663871765,0.18046414852142334,0.9226702451705933,0.9883447289466858,0.9883603453636169,0.996117353439331
66,0.9904078841209412,0.8554992079734802,0.15192392468452454,1e-06,0.9193694591522217,0.9900996685028076,0.9901155829429626,0.9967016577720642,0.9886784553527832,0.8334031701087952,0.18003657460212708,0.9222143888473511,0.9884085059165955,0.9884222149848938,0.9961388111114502
67,0.9904043674468994,0.8547317385673523,0.1515807956457138,1e-06,0.9188210964202881,0.9901013970375061,0.9901139140129089,0.9967019557952881,0.9886213541030884,0.8340312242507935,0.17940762639045715,0.9181667566299438,0.9883503913879395,0.988366961479187,0.9961190819740295
68,0.9905868172645569,0.8608577251434326,0.14728684723377228,1e-06,0.9160301685333252,0.9902738928794861,0.9902889728546143,0.9967592358589172,0.9886366724967957,0.8335203528404236,0.1806671917438507,0.9186768531799316,0.9883652329444885,0.9883806705474854,0.9961240887641907
69,0.9903570413589478,0.8496341705322266,0.15707045793533325,1e-06,0.9191297292709351,0.9900496006011963,0.9900645017623901,0.9966840147972107,0.9886276721954346,0.8323858976364136,0.18096810579299927,0.9211007356643677,0.9883551001548767,0.9883702993392944,0.9961204528808594
70,0.990595817565918,0.8557203412055969,0.1514570713043213,1e-06,0.9177442193031311,0.9902818202972412,0.9902951717376709,0.9967620968818665,0.9886964559555054,0.8325698375701904,0.18069703876972198,0.924708366394043,0.9884262084960938,0.9884417057037354,0.9961446523666382
71,0.9907524585723877,0.8532158136367798,0.15366524457931519,1e-06,0.9235742092132568,0.9904352426528931,0.9904497861862183,0.996813178062439,0.9886248111724854,0.8327814340591431,0.18080821633338928,0.9268547296524048,0.9883573651313782,0.9883726835250854,0.9961217045783997
72,0.9905547499656677,0.8547846078872681,0.1534660905599594,1e-06,0.9251993298530579,0.9902551174163818,0.9902694821357727,0.9967525005340576,0.9887165427207947,0.8330682516098022,0.18041455745697021,0.9295010566711426,0.9884516596794128,0.9884684085845947,0.9961501359939575
73,0.9904027581214905,0.8522721529006958,0.1543199121952057,1e-06,0.9235672354698181,0.9901057481765747,0.9901150465011597,0.9967031478881836,0.9886677265167236,0.8330904841423035,0.18039946258068085,0.9262005686759949,0.9884011149406433,0.9884172081947327,0.9961355328559875
74,0.9906995892524719,0.8551324605941772,0.1513979136943817,1e-06,0.9215720891952515,0.9903907179832458,0.9904054403305054,0.9967979788780212,0.9886562824249268,0.832394003868103,0.18031814694404602,0.9211558103561401,0.9883860349655151,0.9884020090103149,0.9961305260658264
75,0.9906469583511353,0.8499758243560791,0.15740607678890228,1e-06,0.9200863242149353,0.9903433322906494,0.9903571605682373,0.9967826008796692,0.9886646270751953,0.8326011896133423,0.18048696219921112,0.9238592982292175,0.9883987903594971,0.9884143471717834,0.9961345195770264
76,0.99025958776474,0.8482863903045654,0.15889890491962433,1e-06,0.9228260517120361,0.9899513721466064,0.9899694323539734,0.9966522455215454,0.9887407422065735,0.8333508372306824,0.18007324635982513,0.9251589775085449,0.9884721040725708,0.9884874820709229,0.9961592555046082
77,0.990639865398407,0.8544082641601562,0.1547403633594513,1e-06,0.9184662103652954,0.9903302192687988,0.9903470277786255,0.9967784285545349,0.9887146353721619,0.8343778848648071,0.17908024787902832,0.9241235852241516,0.9884481430053711,0.9884659051895142,0.9961521029472351
78,0.9901571273803711,0.8497066497802734,0.159659743309021,1e-06,0.9160798788070679,0.9898470640182495,0.9898626804351807,0.9966174364089966,0.9886595010757446,0.8337196111679077,0.17932935059070587,0.9165797233581543,0.988388180732727,0.988406240940094,0.996131420135498
79,0.9904561638832092,0.8488855957984924,0.15852223336696625,1e-06,0.914770245552063,0.9901548027992249,0.990169107913971,0.9967191815376282,0.9887287616729736,0.8334604501724243,0.17988841235637665,0.9186696410179138,0.9884587526321411,0.9884744882583618,0.9961544871330261
80,0.9907668828964233,0.8543293476104736,0.15331155061721802,1e-06,0.9169583320617676,0.9904569983482361,0.9904691576957703,0.9968206286430359,0.9886960387229919,0.8335909843444824,0.17989112436771393,0.924578070640564,0.9884280562400818,0.9884456992149353,0.9961444139480591
81,0.990261971950531,0.8535274267196655,0.15345492959022522,1e-06,0.9189633131027222,0.9899552464485168,0.9899718761444092,0.9966533184051514,0.9886459112167358,0.8317102789878845,0.18121568858623505,0.9209965467453003,0.9883773326873779,0.9883927702903748,0.9961287975311279
82,0.990622341632843,0.8518046140670776,0.15472733974456787,1e-06,0.9202860593795776,0.9903236031532288,0.9903388023376465,0.9967754483222961,0.9886380434036255,0.8329600095748901,0.18066273629665375,0.9255329370498657,0.9883702993392944,0.9883855581283569,0.9961258172988892
83,0.9902279376983643,0.849606990814209,0.1567830741405487,1e-06,0.9252082109451294,0.9899192452430725,0.989932119846344,0.9966406226158142,0.988721489906311,0.833309531211853,0.17995260655879974,0.9277322292327881,0.9884522557258606,0.9884686470031738,0.9961534142494202
84,0.9907139539718628,0.8599201440811157,0.14665839076042175,1e-06,0.9233701229095459,0.9904047846794128,0.9904195070266724,0.996803343296051,0.9887183904647827,0.8340249061584473,0.17947182059288025,0.9266637563705444,0.9884489178657532,0.9884650111198425,0.9961521029472351
85,0.9906178116798401,0.8500661849975586,0.1575394868850708,1e-06,0.9252241849899292,0.9903066158294678,0.9903215765953064,0.9967706203460693,0.9887053966522217,0.8336037993431091,0.179573655128479,0.9261680841445923,0.9884361624717712,0.9884533882141113,0.9961467385292053
86,0.9904174208641052,0.850383996963501,0.1553218513727188,1e-06,0.9213827848434448,0.9901127219200134,0.9901209473609924,0.9967061281204224,0.9885963797569275,0.8323062062263489,0.18085961043834686,0.924587607383728,0.988329291343689,0.9883449673652649,0.9961121082305908
87,0.9906402230262756,0.8461279273033142,0.16239489614963531,1e-06,0.9235891699790955,0.9903372526168823,0.9903491139411926,0.9967806339263916,0.9886721968650818,0.8319639563560486,0.1807369738817215,0.9291092753410339,0.9884068965911865,0.9884234666824341,0.9961376786231995
88,0.9907324910163879,0.8530356884002686,0.15380452573299408,1e-06,0.9260134696960449,0.9904276728630066,0.9904430508613586,0.9968116879463196,0.9886623620986938,0.8317378163337708,0.18172113597393036,0.9266380071640015,0.9883951544761658,0.9884096384048462,0.9961339235305786
89,0.9911242723464966,0.8552985787391663,0.14991919696331024,1e-06,0.9262414574623108,0.9908128380775452,0.9908241629600525,0.9969391226768494,0.9886522889137268,0.8315294981002808,0.18170380592346191,0.9261430501937866,0.9883822798728943,0.9883970022201538,0.9961291551589966
90,0.990617036819458,0.8544204235076904,0.152401864528656,1e-06,0.9252071380615234,0.9903112053871155,0.990328848361969,0.996772050857544,0.9887086749076843,0.8326745629310608,0.18050505220890045,0.9280480146408081,0.9884409308433533,0.9884573817253113,0.9961497783660889
91,0.9907820224761963,0.8608771562576294,0.1463981568813324,1e-06,0.9257489442825317,0.9904685616493225,0.9904865622520447,0.9968238472938538,0.9887450933456421,0.8334201574325562,0.18023571372032166,0.9303842782974243,0.9884803295135498,0.988495945930481,0.996162474155426
92,0.9908781051635742,0.8572359681129456,0.14913755655288696,1e-06,0.9282002449035645,0.9905755519866943,0.9905921816825867,0.9968584775924683,0.9887127876281738,0.8328946232795715,0.18077340722084045,0.9275351762771606,0.9884440302848816,0.9884614944458008,0.9961491227149963
93,0.9910743832588196,0.8600578904151917,0.14695438742637634,1e-06,0.928638756275177,0.9907732009887695,0.9907897114753723,0.9969255328178406,0.9886974096298218,0.8334000110626221,0.18055985867977142,0.9291737675666809,0.9884316921234131,0.9884486794471741,0.9961466193199158
94,0.9905093908309937,0.8496346473693848,0.15658940374851227,1e-06,0.9263625144958496,0.9902091026306152,0.9902200698852539,0.9967374801635742,0.9887444376945496,0.8342456221580505,0.17952339351177216,0.9272331595420837,0.9884788393974304,0.9884942173957825,0.9961613416671753
95,0.9909138679504395,0.858359158039093,0.1468677967786789,1e-06,0.9228447675704956,0.9906054139137268,0.9906172156333923,0.9968689680099487,0.9887769222259521,0.8327952027320862,0.18117110431194305,0.9271582365036011,0.9885061979293823,0.9885227680206299,0.9961701035499573
96,0.9908224940299988,0.8555446267127991,0.15098817646503448,1e-06,0.922184407711029,0.9905140399932861,0.9905292391777039,0.9968402981758118,0.9887871146202087,0.8337127566337585,0.1794479638338089,0.924323320388794,0.98851478099823,0.9885307550430298,0.9961724877357483
97,0.9907743334770203,0.8597081899642944,0.14686784148216248,1e-06,0.92478346824646,0.9904618859291077,0.9904758334159851,0.9968212842941284,0.9887292385101318,0.8336884379386902,0.18000663816928864,0.9236449599266052,0.9884619116783142,0.9884784817695618,0.9961549043655396
98,0.9905928373336792,0.8562976717948914,0.15089604258537292,1e-06,0.9232492446899414,0.990291953086853,0.990310549736023,0.9967647790908813,0.9888156652450562,0.8338755965232849,0.17948107421398163,0.9273775815963745,0.98854660987854,0.9885632991790771,0.9961838126182556
99,0.9908312559127808,0.8535688519477844,0.15154676139354706,1e-06,0.923565149307251,0.9905211925506592,0.9905347228050232,0.9968423247337341,0.9887398481369019,0.8324640393257141,0.18081362545490265,0.922697901725769,0.9884688854217529,0.9884853363037109,0.9961577653884888
100,0.9910515546798706,0.8586001396179199,0.147929847240448,1e-06,0.9240221977233887,0.9907392859458923,0.9907560348510742,0.996915876865387,0.9887555837631226,0.8332167863845825,0.1802646964788437,0.9281082153320312,0.9884909391403198,0.9885060787200928,0.996164858341217
101,0.9910098314285278,0.8609637022018433,0.14619125425815582,1e-06,0.9262802600860596,0.9907053709030151,0.9907176494598389,0.996903121471405,0.9887468218803406,0.8341771960258484,0.1794448345899582,0.9272689819335938,0.9884796142578125,0.9884963035583496,0.9961618781089783
102,0.9904338717460632,0.8520383834838867,0.1536727249622345,1e-06,0.9253286123275757,0.9901358485221863,0.9901514649391174,0.9967133402824402,0.9887535572052002,0.8340047001838684,0.17955762147903442,0.9248430728912354,0.9884852170944214,0.9885022044181824,0.9961642026901245
103,0.9908639788627625,0.8539711833000183,0.15291820466518402,1e-06,0.9254775047302246,0.9905585050582886,0.9905717372894287,0.996852695941925,0.9888021945953369,0.8335533142089844,0.17956136167049408,0.9284956455230713,0.9885320067405701,0.9885468482971191,0.9961784482002258
104,0.9909915924072266,0.854616105556488,0.15171416103839874,1e-06,0.9231372475624084,0.9906853437423706,0.9906992316246033,0.9968967437744141,0.988703191280365,0.8327494859695435,0.18019771575927734,0.9225884675979614,0.9884312152862549,0.9884480237960815,0.996146023273468
105,0.9908030033111572,0.8543725609779358,0.1523759365081787,1e-06,0.9233952760696411,0.9904967546463013,0.9905124306678772,0.9968341588973999,0.9887833595275879,0.8331036567687988,0.1801350712776184,0.9323605298995972,0.9885160326957703,0.9885320067405701,0.9961748123168945
106,0.990974485874176,0.8550164699554443,0.15171051025390625,1e-06,0.9306544065475464,0.9906739592552185,0.9906886219978333,0.9968923926353455,0.9887251257896423,0.8333931565284729,0.18030136823654175,0.9294373989105225,0.9884570240974426,0.9884737730026245,0.9961540102958679
107,0.9912304878234863,0.8681853413581848,0.13812808692455292,1e-06,0.9302482604980469,0.9909218549728394,0.9909353256225586,0.9969750046730042,0.9887932538986206,0.8334234952926636,0.17998521029949188,0.9335273504257202,0.9885243773460388,0.988541841506958,0.996177077293396
108,0.9906111359596252,0.855609118938446,0.1507737934589386,1e-06,0.9277726411819458,0.9903080463409424,0.990318238735199,0.9967703819274902,0.988782525062561,0.833995521068573,0.1794171780347824,0.931469202041626,0.9885160326957703,0.9885323643684387,0.9961740970611572
109,0.9910115599632263,0.8591763973236084,0.14882968366146088,1e-06,0.9303745031356812,0.990707516670227,0.9907201528549194,0.996903121471405,0.9887704253196716,0.8334569334983826,0.1800101101398468,0.9273847341537476,0.9885023236274719,0.9885172843933105,0.9961699843406677
110,0.990779459476471,0.8544318079948425,0.15255367755889893,1e-06,0.9222027659416199,0.9904729127883911,0.9904894232749939,0.9968262910842896,0.9887897372245789,0.8336741924285889,0.1793310046195984,0.9225020408630371,0.9885180592536926,0.9885348677635193,0.9961738586425781
111,0.9905684590339661,0.8514883518218994,0.15548443794250488,1e-06,0.9176258444786072,0.9902632236480713,0.9902787804603577,0.9967553615570068,0.9886481165885925,0.8320788741111755,0.1814512014389038,0.9179284572601318,0.9883773326873779,0.988392174243927,0.9961265325546265
112,0.9909560084342957,0.85625821352005,0.15030011534690857,1e-06,0.9200698137283325,0.9906371831893921,0.9906536936759949,0.9968804717063904,0.9887039065361023,0.8312812447547913,0.18162652850151062,0.9263411164283752,0.9884344339370728,0.988450288772583,0.9961463809013367
113,0.9910500645637512,0.8602589964866638,0.14540137350559235,1e-06,0.9234709739685059,0.9907385110855103,0.9907529354095459,0.9969132542610168,0.9887470602989197,0.830535352230072,0.18250639736652374,0.9266636371612549,0.9884775876998901,0.9884915947914124,0.9961614608764648
114,0.9906327724456787,0.8544390797615051,0.1537434607744217,1e-06,0.9220768213272095,0.9903246164321899,0.990338146686554,0.9967769980430603,0.9887617826461792,0.8313350081443787,0.18170583248138428,0.9227129220962524,0.9884878396987915,0.9885047078132629,0.9961642026901245
115,0.9911877512931824,0.8587989807128906,0.14863373339176178,1e-06,0.9248833656311035,0.9908801913261414,0.9908939599990845,0.9969611763954163,0.9887954592704773,0.8331878185272217,0.1803908497095108,0.9269266128540039,0.9885255098342896,0.9885421395301819,0.996177077293396
116,0.9908636212348938,0.8598551154136658,0.146831214427948,1e-06,0.9232649207115173,0.9905582666397095,0.9905708432197571,0.9968544840812683,0.9888073205947876,0.8320043683052063,0.18116888403892517,0.9244839549064636,0.9885385036468506,0.9885520935058594,0.9961803555488586
117,0.9910522699356079,0.8625262379646301,0.14374348521232605,1e-06,0.9247230291366577,0.9907526969909668,0.9907652139663696,0.9969190359115601,0.9888079762458801,0.8320627808570862,0.1809389591217041,0.9264305830001831,0.9885367155075073,0.988552451133728,0.9961809515953064
118,0.9908663630485535,0.8566481471061707,0.14995135366916656,1e-06,0.9241294860839844,0.9905648827552795,0.9905775189399719,0.9968569874763489,0.9888448715209961,0.8333005309104919,0.1798275113105774,0.9289520382881165,0.9885770082473755,0.9885928630828857,0.9961943030357361
119,0.990821897983551,0.8558101654052734,0.1519603729248047,1e-06,0.9268056154251099,0.9905174374580383,0.990532636642456,0.9968408942222595,0.9888932704925537,0.8330456614494324,0.18048037588596344,0.9338362216949463,0.9886253476142883,0.9886409044265747,0.9962096214294434
120,0.9908478856086731,0.8581384420394897,0.14914382994174957,1e-06,0.9281452894210815,0.9905434846878052,0.9905567765235901,0.9968498945236206,0.9886246919631958,0.8311731815338135,0.18191739916801453,0.9239448308944702,0.9883576035499573,0.9883741736412048,0.9961206912994385
121,0.990891695022583,0.8569244146347046,0.1496676802635193,1e-06,0.9277870655059814,0.9905830025672913,0.9906001687049866,0.9968620538711548,0.9887731671333313,0.8328139781951904,0.18059836328029633,0.9313223361968994,0.988504946231842,0.9885203838348389,0.996170699596405
122,0.9907751679420471,0.8620464205741882,0.14511173963546753,1e-06,0.9311572313308716,0.9904729127883911,0.9904851913452148,0.9968253970146179,0.9887716770172119,0.8310990929603577,0.18182730674743652,0.9350254535675049,0.9885040521621704,0.9885203838348389,0.9961696267127991
123,0.9907008409500122,0.8566712141036987,0.1500997394323349,1e-06,0.9304449558258057,0.9904005527496338,0.9904125928878784,0.9968018531799316,0.9888185858726501,0.8322808146476746,0.1810208559036255,0.9313778877258301,0.9885511994361877,0.9885664582252502,0.9961844682693481
124,0.9912182092666626,0.8630824685096741,0.14535164833068848,1e-06,0.9287042021751404,0.9909118413925171,0.9909281730651855,0.9969717860221863,0.9888232946395874,0.8338140845298767,0.17941702902317047,0.935131311416626,0.9885593056678772,0.9885774254798889,0.9961874485015869
125,0.9905760288238525,0.8492938876152039,0.15646113455295563,1e-06,0.9269952774047852,0.9902746081352234,0.9902869462966919,0.9967595934867859,0.9888404011726379,0.833014965057373,0.18022926151752472,0.9291466474533081,0.9885730743408203,0.9885885119438171,0.9961920380592346
126,0.9907787442207336,0.8556423783302307,0.15032844245433807,1e-06,0.927526593208313,0.9904782176017761,0.9904910326004028,0.9968274831771851,0.9887844920158386,0.8320451974868774,0.18109801411628723,0.9295134544372559,0.9885159134864807,0.9885308742523193,0.9961744546890259
127,0.9911726117134094,0.8578630089759827,0.148725688457489,1e-06,0.9313926100730896,0.9908691644668579,0.9908847212791443,0.9969571232795715,0.9887970089912415,0.8319478034973145,0.18072959780693054,0.9319404363632202,0.9885295033454895,0.9885443449020386,0.9961782097816467
128,0.9909068942070007,0.8588964939117432,0.14720691740512848,1e-06,0.9305511116981506,0.9906017184257507,0.9906122088432312,0.9968674778938293,0.9887930154800415,0.8321564197540283,0.18045596778392792,0.9328792095184326,0.9885283708572388,0.9885452389717102,0.9961780905723572
129,0.9908133745193481,0.8588199615478516,0.14764779806137085,1e-06,0.9305055141448975,0.990505576133728,0.9905199408531189,0.9968355894088745,0.9888139367103577,0.8315085768699646,0.18132130801677704,0.935655951499939,0.9885472059249878,0.9885632991790771,0.9961847066879272
130,0.990729808807373,0.856993556022644,0.1494353711605072,1e-06,0.9346623420715332,0.9904224276542664,0.9904391169548035,0.9968088865280151,0.9888530969619751,0.8327431082725525,0.18042995035648346,0.9387791156768799,0.9885917901992798,0.9886081218719482,0.9961995482444763
131,0.9909721612930298,0.856997549533844,0.14882268011569977,1e-06,0.9366052746772766,0.9906706809997559,0.9906906485557556,0.9968911409378052,0.9887581467628479,0.8318076133728027,0.1815159022808075,0.9358013868331909,0.9884936809539795,0.9885088205337524,0.9961668252944946
132,0.9910123348236084,0.8610243797302246,0.14488288760185242,1e-06,0.9346480369567871,0.9907064437866211,0.9907209277153015,0.9969034194946289,0.9888330101966858,0.8319098353385925,0.18108263611793518,0.93761146068573,0.9885655641555786,0.9885806441307068,0.9961904287338257
133,0.9907938838005066,0.8585811853408813,0.14834778010845184,1e-06,0.9334243535995483,0.9904918670654297,0.9905029535293579,0.9968310594558716,0.9888070821762085,0.8321605920791626,0.1809004694223404,0.9344526529312134,0.9885389804840088,0.9885555505752563,0.9961822032928467
134,0.9908784031867981,0.8570850491523743,0.14830328524112701,1e-06,0.9337145090103149,0.9905714392662048,0.9905862212181091,0.9968591928482056,0.9887687563896179,0.8326127529144287,0.180172398686409,0.9337871074676514,0.9885019063949585,0.9885172843933105,0.9961704611778259
135,0.9909459948539734,0.8601242899894714,0.14638476073741913,1e-06,0.9327762126922607,0.9906343221664429,0.9906498193740845,0.9968790411949158,0.9888346195220947,0.8321739435195923,0.1804584413766861,0.9319299459457397,0.9885676503181458,0.9885838031768799,0.9961910843849182
136,0.9911800622940063,0.8638814091682434,0.14246059954166412,1e-06,0.929908275604248,0.9908664226531982,0.9908807277679443,0.9969574213027954,0.9888687133789062,0.8331444263458252,0.17954279482364655,0.9302335977554321,0.9885994791984558,0.9886158108711243,0.996202290058136
137,0.990839421749115,0.8551093339920044,0.15250825881958008,1e-06,0.9253238439559937,0.9905275106430054,0.9905415773391724,0.9968445301055908,0.9888390302658081,0.8332123756408691,0.1793965846300125,0.9254266023635864,0.9885662794113159,0.9885826706886292,0.9961909055709839
138,0.9909182786941528,0.8554489612579346,0.1498786360025406,1e-06,0.92413330078125,0.9906095862388611,0.990623950958252,0.9968713521957397,0.9887788891792297,0.8324588537216187,0.1803508847951889,0.9243497252464294,0.9885103106498718,0.9885259866714478,0.9961726069450378
139,0.9908708930015564,0.86102694272995,0.14465203881263733,1e-06,0.9233843088150024,0.9905607104301453,0.990577220916748,0.9968547224998474,0.9888010621070862,0.8313873410224915,0.18090803921222687,0.9261837005615234,0.9885268807411194,0.9885419607162476,0.996177077293396
140,0.9910180568695068,0.8638232946395874,0.1414320170879364,1e-06,0.9277067184448242,0.9907068014144897,0.9907170534133911,0.9969038367271423,0.9887992143630981,0.8312140107154846,0.18151137232780457,0.9312769174575806,0.9885286092758179,0.9885433316230774,0.9961779713630676
141,0.9912621974945068,0.8620317578315735,0.1438007652759552,1e-06,0.930215060710907,0.9909482598304749,0.9909639358520508,0.9969836473464966,0.9888341426849365,0.8322774171829224,0.17980127036571503,0.9318910837173462,0.988564670085907,0.9885806441307068,0.9961910247802734
142,0.9911051392555237,0.863926887512207,0.14193694293498993,1e-06,0.9296044111251831,0.9907923936843872,0.9908086657524109,0.9969314932823181,0.9888080954551697,0.8331788778305054,0.17953607439994812,0.9327629804611206,0.9885443449020386,0.9885596036911011,0.9961835741996765
143,0.9911224842071533,0.8626235127449036,0.14185860753059387,1e-06,0.9307889938354492,0.9908121824264526,0.990828275680542,0.9969390630722046,0.9888620972633362,0.8327995538711548,0.18010853230953217,0.9339550733566284,0.9885917901992798,0.9886080026626587,0.9961993098258972
144,0.9910651445388794,0.8615459203720093,0.14435458183288574,1e-06,0.931221604347229,0.9907537698745728,0.9907669425010681,0.9969193935394287,0.9887225031852722,0.8324604630470276,0.1806267499923706,0.929998517036438,0.9884548783302307,0.9884692430496216,0.9961536526679993
145,0.9912797808647156,0.8659597039222717,0.1416182667016983,1e-06,0.9362893104553223,0.9909781217575073,0.9909928441047668,0.9969944953918457,0.9888539910316467,0.8330949544906616,0.1803349405527115,0.9394786357879639,0.9885887503623962,0.9886059761047363,0.9961993098258972
146,0.9909890294075012,0.8571584820747375,0.15048711001873016,1e-06,0.9359743595123291,0.9906784296035767,0.9906927347183228,0.9968949556350708,0.9889047741889954,0.8324906826019287,0.18054908514022827,0.938616931438446,0.9886358976364136,0.9886506199836731,0.9962136149406433
147,0.9910331964492798,0.8620176315307617,0.1442938894033432,1e-06,0.9342013597488403,0.9907311201095581,0.9907441139221191,0.996910810470581,0.9888783097267151,0.8331964015960693,0.17969173192977905,0.9367105960845947,0.9886112213134766,0.9886285662651062,0.9962053894996643
148,0.9912910461425781,0.8610621094703674,0.14723384380340576,1e-06,0.9361914396286011,0.990979015827179,0.9909975528717041,0.9969937205314636,0.9888854026794434,0.8337032198905945,0.17916931211948395,0.9363367557525635,0.9886161088943481,0.9886319041252136,0.9962069988250732
149,0.9913133382797241,0.8657349944114685,0.13950808346271515,1e-06,0.9326192140579224,0.9909902811050415,0.9910063147544861,0.9969984889030457,0.9888429045677185,0.8327953219413757,0.17947858572006226,0.9328432083129883,0.9885711669921875,0.9885870218276978,0.9961923360824585
150,0.9909870624542236,0.859372615814209,0.14656217396259308,1e-06,0.931466281414032,0.9906813502311707,0.99069744348526,0.9968955516815186,0.9889126420021057,0.8330903649330139,0.1798374354839325,0.9376296997070312,0.9886415600776672,0.9886582493782043,0.996216356754303
151,0.9909102320671082,0.8600189685821533,0.14608660340309143,1e-06,0.9316666126251221,0.9905969500541687,0.990612268447876,0.9968671798706055,0.9888402819633484,0.8329347968101501,0.18039847910404205,0.9365312457084656,0.9885714054107666,0.9885877966880798,0.9961914420127869
152,0.991054356098175,0.8585138916969299,0.148647278547287,1e-06,0.9345181584358215,0.9907457232475281,0.9907581210136414,0.9969170689582825,0.9888371229171753,0.8323076367378235,0.1802567094564438,0.933548092842102,0.9885700345039368,0.9885838031768799,0.9961922764778137
153,0.9910377264022827,0.8569551110267639,0.1492183804512024,1e-06,0.9306675791740417,0.9907247424125671,0.9907391667366028,0.9969096779823303,0.9889107346534729,0.8325834274291992,0.17984715104103088,0.9383726119995117,0.9886425137519836,0.9886592626571655,0.9962159991264343
154,0.9910289645195007,0.8615937829017639,0.14568130671977997,1e-06,0.931876540184021,0.9907193779945374,0.9907312989234924,0.9969078898429871,0.9888664484024048,0.8319798707962036,0.1805948168039322,0.9364395141601562,0.9885990023612976,0.9886138439178467,0.9962016344070435
155,0.9910547733306885,0.8641312718391418,0.14457321166992188,1e-06,0.9332884550094604,0.9907482862472534,0.9907655715942383,0.9969178438186646,0.9888811707496643,0.833465576171875,0.1792227178812027,0.9360610246658325,0.9886142015457153,0.9886313080787659,0.9962077736854553
156,0.9910004734992981,0.8609007596969604,0.14374585449695587,1e-06,0.9291884303092957,0.9906879663467407,0.9907023906707764,0.9968968033790588,0.9888487458229065,0.8334064483642578,0.17927078902721405,0.9321190118789673,0.9885811805725098,0.9885966181755066,0.9961944222450256
157,0.990913450717926,0.8628576397895813,0.14367951452732086,1e-06,0.9295586347579956,0.9906067848205566,0.9906244874000549,0.9968704581260681,0.9888189435005188,0.8326875567436218,0.17987780272960663,0.9303512573242188,0.98855060338974,0.9885658025741577,0.9961851835250854
158,0.9914014935493469,0.8602613806724548,0.1447390913963318,1e-06,0.9320704340934753,0.9910962581634521,0.9911129474639893,0.9970346093177795,0.9888393878936768,0.831993043422699,0.18022207915782928,0.9373266696929932,0.9885730147361755,0.9885891079902649,0.9961926937103271
159,0.9907865524291992,0.8630687594413757,0.14385463297367096,1e-06,0.9321117401123047,0.990478515625,0.9904943108558655,0.9968274831771851,0.9888430237770081,0.8324152231216431,0.1803523749113083,0.9301720857620239,0.9885739088058472,0.9885900020599365,0.9961929321289062
160,0.9909070730209351,0.8529011011123657,0.15509550273418427,1e-06,0.9290608763694763,0.9906080961227417,0.9906251430511475,0.996870756149292,0.9888868927955627,0.8340568542480469,0.17885389924049377,0.933165431022644,0.9886171817779541,0.9886342883110046,0.9962080121040344
161,0.990986168384552,0.8567743301391602,0.14944368600845337,1e-06,0.9282172918319702,0.9906871914863586,0.9907002449035645,0.9968969821929932,0.9888503551483154,0.8332344889640808,0.17932875454425812,0.9282293319702148,0.9885810613632202,0.9885967373847961,0.9961956739425659
162,0.9910573363304138,0.8625053763389587,0.14351007342338562,1e-06,0.9289655685424805,0.9907464981079102,0.9907622933387756,0.9969162940979004,0.9888435006141663,0.8332876563072205,0.17950761318206787,0.9344691038131714,0.9885756373405457,0.9885901212692261,0.996193528175354
163,0.991010308265686,0.8604735136032104,0.14655469357967377,1e-06,0.9317988157272339,0.9907026886940002,0.9907188415527344,0.9969015121459961,0.9888786673545837,0.8338481187820435,0.17862190306186676,0.935661792755127,0.9886108636856079,0.9886285662651062,0.9962060451507568
164,0.9913825988769531,0.8672389984130859,0.13898548483848572,1e-06,0.9361023902893066,0.9910740852355957,0.9910897016525269,0.9970258474349976,0.9889205098152161,0.8336215615272522,0.179264098405838,0.9382452964782715,0.9886538982391357,0.9886710047721863,0.9962190985679626
165,0.9911163449287415,0.8607150912284851,0.14516043663024902,1e-06,0.9337945580482483,0.9908087253570557,0.9908251166343689,0.9969379305839539,0.988813042640686,0.8334579467773438,0.179575115442276,0.9347169399261475,0.9885454773902893,0.9885618090629578,0.9961824417114258
166,0.9914529323577881,0.8692132234573364,0.13661307096481323,1e-06,0.9360820651054382,0.9911433458328247,0.9911519885063171,0.9970495700836182,0.9888920187950134,0.832969605922699,0.18007183074951172,0.9386069774627686,0.9886268377304077,0.9886437654495239,0.9962098002433777
167,0.9910686016082764,0.861701250076294,0.1440809965133667,1e-06,0.9352725744247437,0.990763247013092,0.9907798171043396,0.99692302942276,0.9888869524002075,0.8328099846839905,0.18025174736976624,0.9371042251586914,0.9886203408241272,0.988635778427124,0.9962084293365479
168,0.9912467002868652,0.8610396981239319,0.14490275084972382,1e-06,0.934484601020813,0.990935206413269,0.9909524321556091,0.9969794750213623,0.9889143705368042,0.8330393433570862,0.1797550916671753,0.9344652891159058,0.9886460304260254,0.9886622428894043,0.9962166547775269
169,0.9910550713539124,0.8598342537879944,0.14620736241340637,1e-06,0.9301552176475525,0.9907523989677429,0.9907686710357666,0.9969177842140198,0.9888070821762085,0.8324960470199585,0.18076501786708832,0.9302965998649597,0.9885377287864685,0.9885545969009399,0.9961807131767273
170,0.9908406138420105,0.8564691543579102,0.1486639827489853,1e-06,0.9251276850700378,0.9905338883399963,0.9905513525009155,0.996845006942749,0.9888637065887451,0.8321313858032227,0.18042941391468048,0.9278600215911865,0.9885904788970947,0.988606870174408,0.9961991906166077
171,0.9909847974777222,0.8613782525062561,0.1443580836057663,1e-06,0.9266510009765625,0.9906700849533081,0.9906837344169617,0.9968917369842529,0.9888525009155273,0.8327330350875854,0.1798221319913864,0.9291476011276245,0.9885842800140381,0.9886001348495483,0.9961947798728943
172,0.9910381436347961,0.8628211617469788,0.14432936906814575,1e-06,0.9256405234336853,0.9907289147377014,0.990742027759552,0.9969092011451721,0.9889609217643738,0.8323895335197449,0.18015152215957642,0.933540940284729,0.9886914491653442,0.9887065291404724,0.9962312579154968
173,0.9910404682159424,0.8594541549682617,0.14693878591060638,1e-06,0.9317163228988647,0.9907307028770447,0.9907465577125549,0.996911883354187,0.9888952970504761,0.8323327302932739,0.17992591857910156,0.9330120086669922,0.988627552986145,0.9886431694030762,0.9962103962898254
174,0.9913027286529541,0.8615063428878784,0.14485779404640198,1e-06,0.9313527345657349,0.9909992814064026,0.9910147190093994,0.9970009922981262,0.988928496837616,0.833355724811554,0.17936067283153534,0.935454249382019,0.9886608719825745,0.9886763691902161,0.9962214827537537
175,0.9915949702262878,0.8668847680091858,0.13937659561634064,1e-06,0.9331424236297607,0.9912810921669006,0.9912993907928467,0.9970945715904236,0.9889061450958252,0.8332110643386841,0.1795499473810196,0.9318829774856567,0.988636314868927,0.9886540174484253,0.9962139129638672
176,0.9912834167480469,0.8638330101966858,0.14113087952136993,1e-06,0.9295438528060913,0.9909629225730896,0.9909778833389282,0.9969891905784607,0.9888203144073486,0.8317716121673584,0.18035566806793213,0.9308488368988037,0.9885533452033997,0.9885696768760681,0.9961856603622437
177,0.9914308190345764,0.8659173846244812,0.13993048667907715,1e-06,0.9336780905723572,0.9911213517189026,0.9911351799964905,0.9970422387123108,0.9888935089111328,0.8321384787559509,0.18044523894786835,0.936326265335083,0.9886285662651062,0.9886448979377747,0.9962120056152344
178,0.9907891750335693,0.8540232181549072,0.15354979038238525,1e-06,0.9331059455871582,0.9904860258102417,0.9905005097389221,0.9968299269676208,0.9889030456542969,0.8317340016365051,0.18009598553180695,0.9327287673950195,0.9886330366134644,0.9886475205421448,0.9962126612663269
179,0.9910843968391418,0.8632471561431885,0.14158710837364197,1e-06,0.9303717613220215,0.9907714128494263,0.9907878041267395,0.9969258904457092,0.9888600707054138,0.8322638869285583,0.179691880941391,0.9306756258010864,0.9885921478271484,0.9886074662208557,0.9961984157562256
180,0.9914613962173462,0.8666691780090332,0.1388716995716095,1e-06,0.9325703382492065,0.9911551475524902,0.9911681413650513,0.9970530271530151,0.9888827800750732,0.8316493630409241,0.18059225380420685,0.9348406195640564,0.9886146187782288,0.9886289238929749,0.9962045550346375
181,0.9914748668670654,0.8609649538993835,0.1451386660337448,1e-06,0.935813307762146,0.9911608099937439,0.991176962852478,0.9970549941062927,0.988976776599884,0.8326345086097717,0.1801089346408844,0.9376277923583984,0.988709032535553,0.9887242317199707,0.9962385892868042
182,0.9913068413734436,0.8601154685020447,0.14463156461715698,1e-06,0.9332897663116455,0.9910081624984741,0.9910264015197754,0.997003972530365,0.9889273643493652,0.8317853808403015,0.1797170788049698,0.9343631267547607,0.9886624813079834,0.9886776208877563,0.9962226152420044
183,0.9911757707595825,0.8639646172523499,0.14125145971775055,1e-06,0.9315719604492188,0.9908624887466431,0.990877091884613,0.9969564080238342,0.9889112710952759,0.8322279453277588,0.18032404780387878,0.9379723072052002,0.988646924495697,0.9886632561683655,0.9962185025215149
184,0.9913046956062317,0.8602439165115356,0.14543545246124268,1e-06,0.9340051412582397,0.990993320941925,0.9910082817077637,0.9969991445541382,0.9888588786125183,0.8322415947914124,0.18017996847629547,0.9347531795501709,0.9885923862457275,0.9886103272438049,0.996199905872345
185,0.9914456009864807,0.8674273490905762,0.13840964436531067,1e-06,0.934951663017273,0.9911348223686218,0.9911494851112366,0.9970455169677734,0.988880455493927,0.8334795832633972,0.17985442280769348,0.9390120506286621,0.9886181950569153,0.988637387752533,0.9962085485458374
186,0.9912202954292297,0.8643196225166321,0.1416480541229248,1e-06,0.9393315315246582,0.9909018278121948,0.9909204244613647,0.996969997882843,0.9889023900032043,0.8322691321372986,0.1804209202528,0.9388103485107422,0.9886350631713867,0.9886521697044373,0.9962127804756165
187,0.9911276698112488,0.8626225590705872,0.1416691243648529,1e-06,0.9346326589584351,0.9908193349838257,0.9908376336097717,0.9969412684440613,0.9889375567436218,0.831657886505127,0.18078480660915375,0.9365148544311523,0.9886718392372131,0.9886865615844727,0.9962248802185059
188,0.991463840007782,0.8654059171676636,0.13931168615818024,1e-06,0.9340630173683167,0.9911608099937439,0.9911766052246094,0.9970546364784241,0.9889182448387146,0.8320463299751282,0.1805369108915329,0.9381638765335083,0.9886540174484253,0.9886699914932251,0.9962198734283447
189,0.9911268353462219,0.8589296340942383,0.1474691480398178,1e-06,0.9367706775665283,0.9908273220062256,0.9908427000045776,0.9969432950019836,0.9888952970504761,0.8322898745536804,0.1804628223180771,0.9382409453392029,0.9886313080787659,0.988648533821106,0.9962126612663269
190,0.9911493062973022,0.8625140190124512,0.14371883869171143,1e-06,0.9346849918365479,0.9908376932144165,0.9908579587936401,0.9969471096992493,0.9888855218887329,0.8316062092781067,0.180564284324646,0.9349329471588135,0.9886179566383362,0.9886347055435181,0.9962090253829956
191,0.9912517070770264,0.8629866242408752,0.14275240898132324,1e-06,0.9365984201431274,0.9909358620643616,0.9909527897834778,0.9969798922538757,0.988966166973114,0.8317005634307861,0.18069863319396973,0.9377350807189941,0.9886996746063232,0.988715410232544,0.9962335824966431
192,0.9913755059242249,0.8666812181472778,0.1397404670715332,1e-06,0.9339371919631958,0.9910650253295898,0.9910826683044434,0.9970223307609558,0.9888671040534973,0.8314597606658936,0.18029579520225525,0.9340998530387878,0.9885969758033752,0.9886132478713989,0.9962002635002136
193,0.9912070631980896,0.8606484532356262,0.14665627479553223,1e-06,0.9378721714019775,0.9909048080444336,0.9909216165542603,0.9969691634178162,0.9889388084411621,0.8324531316757202,0.18058772385120392,0.936531126499176,0.9886714816093445,0.9886897206306458,0.9962267279624939
194,0.9914844036102295,0.8649927973747253,0.1406247913837433,1e-06,0.9356163144111633,0.9911803007125854,0.9911940097808838,0.9970613121986389,0.9889423251152039,0.832373857498169,0.18004582822322845,0.9388110041618347,0.9886757135391235,0.9886924624443054,0.996226966381073
195,0.9916582703590393,0.867153525352478,0.1389489620923996,1e-06,0.936497688293457,0.991352915763855,0.9913678765296936,0.9971190690994263,0.9889662861824036,0.8324236869812012,0.18014073371887207,0.939446747303009,0.9887016415596008,0.9887183904647827,0.9962348341941833
196,0.9915485978126526,0.8726122379302979,0.13164213299751282,1e-06,0.9371165633201599,0.9912304878234863,0.9912487864494324,0.997078001499176,0.9888989925384521,0.831603467464447,0.18065720796585083,0.9367377161979675,0.9886345267295837,0.9886515140533447,0.9962146282196045
197,0.99142986536026,0.8635126352310181,0.1411566138267517,1e-06,0.9351775646209717,0.9911277294158936,0.9911421537399292,0.9970437288284302,0.9889129996299744,0.8308101296424866,0.18081508576869965,0.9370825290679932,0.9886462688446045,0.9886628985404968,0.9962176084518433
198,0.9911578297615051,0.8613362312316895,0.14426127076148987,1e-06,0.9350259304046631,0.9908448457717896,0.9908639192581177,0.9969496726989746,0.9889858365058899,0.8324810862541199,0.18066361546516418,0.9404484033584595,0.988722026348114,0.9887372255325317,0.9962430596351624
199,0.9912897348403931,0.8621753454208374,0.14274844527244568,1e-06,0.9362645149230957,0.9909840822219849,0.9910032749176025,0.9969964027404785,0.9889453053474426,0.8317506313323975,0.18040761351585388,0.9372438192367554,0.9886793494224548,0.9886938333511353,0.996229887008667
