epoch,accuracy,dice_coef,loss,lr,mean_io_u,precision,sensitivity,specificity,val_accuracy,val_dice_coef,val_loss,val_mean_io_u,val_precision,val_sensitivity,val_specificity
0,0.9645386338233948,0.34561002254486084,0.12215615808963776,1e-04,0.6447334289550781,0.9696191549301147,0.9501753449440002,0.9928935766220093,0.9769663214683533,0.3943192660808563,0.07295882701873779,0.7659469842910767,0.9851113557815552,0.9668916463851929,0.9948172569274902
1,0.9787784814834595,0.43289080262184143,0.0647716373205185,1e-04,0.7212070226669312,0.985419511795044,0.9702459573745728,0.9949345588684082,0.9794195890426636,0.4503564238548279,0.06169027090072632,0.6413068771362305,0.9852193593978882,0.9717456102371216,0.9949695467948914
2,0.980815052986145,0.4584523141384125,0.06107727438211441,1e-04,0.7444814443588257,0.9857416152954102,0.9738202095031738,0.9950892329216003,0.9806757569313049,0.45479345321655273,0.062149155884981155,0.7751808762550354,0.9841660857200623,0.9758583307266235,0.9946191906929016
3,0.9840186238288879,0.5197364091873169,0.04796535149216652,1e-04,0.7598429918289185,0.9868014454841614,0.9791362881660461,0.9954968690872192,0.9842150807380676,0.5385696887969971,0.05349007248878479,0.8141645789146423,0.9852823615074158,0.9817125797271729,0.9950340986251831
4,0.9859124422073364,0.5631435513496399,0.042264174669981,1e-04,0.7724910974502563,0.9874793291091919,0.9823160767555237,0.9957586526870728,0.9862810373306274,0.5907494425773621,0.04026566445827484,0.769987940788269,0.9868874549865723,0.9835956692695618,0.995603621006012
5,0.9870822429656982,0.5878226161003113,0.03906865790486336,1e-04,0.7700386047363281,0.9881347417831421,0.9838550686836243,0.9959744811058044,0.9858274459838867,0.5853501558303833,0.042061589658260345,0.7861071228981018,0.9869428277015686,0.9829636216163635,0.995608389377594
6,0.9884346723556519,0.6154662370681763,0.03453477472066879,1e-04,0.7796933054924011,0.9890132546424866,0.9855226874351501,0.9962844848632812,0.9874830842018127,0.6079145669937134,0.038074392825365067,0.7907077074050903,0.9883873462677002,0.9843143224716187,0.9960929751396179
7,0.989447832107544,0.6337440609931946,0.03152156248688698,1e-04,0.7843334078788757,0.9898070096969604,0.9867466688156128,0.9965521693229675,0.9867284297943115,0.5955510139465332,0.0388418473303318,0.7905135750770569,0.9882479906082153,0.9832075834274292,0.9960170388221741
8,0.989441990852356,0.6398285031318665,0.03152148798108101,1e-04,0.7858986854553223,0.9896951913833618,0.9867823719978333,0.9965196251869202,0.9874300956726074,0.6169335246086121,0.041583508253097534,0.8322269320487976,0.9879220128059387,0.9853689670562744,0.9959464073181152
9,0.9911543726921082,0.6710497140884399,0.026037154719233513,2e-05,0.8019198179244995,0.9909080862998962,0.9887133836746216,0.9969314932823181,0.9910935759544373,0.6624299883842468,0.026449406519532204,0.8079911470413208,0.9908344149589539,0.9888427257537842,0.9969124794006348
10,0.9916499853134155,0.673931360244751,0.02384764887392521,2e-05,0.7995632886886597,0.9913389682769775,0.9893438220024109,0.997075617313385,0.9909704923629761,0.6614415049552917,0.026941556483507156,0.799777090549469,0.9906179308891296,0.9889075756072998,0.9968449473381042
11,0.9919406771659851,0.6737490892410278,0.02338632196187973,2e-05,0.80681973695755,0.9915860295295715,0.9897148013114929,0.9971635341644287,0.9911721348762512,0.6694791316986084,0.026679696515202522,0.8216313123703003,0.9907411932945251,0.9892114996910095,0.9968860745429993
12,0.9922501444816589,0.6795580983161926,0.022534877061843872,4e-06,0.8175510764122009,0.9918347001075745,0.9900141358375549,0.9972419142723083,0.991493284702301,0.6700860857963562,0.025296062231063843,0.8213862180709839,0.9911549091339111,0.9893242716789246,0.9970206618309021
13,0.9922082424163818,0.6854745745658875,0.02253151312470436,4e-06,0.8153377771377563,0.991804838180542,0.9899565577507019,0.9972322583198547,0.9915816783905029,0.67041015625,0.025081858038902283,0.8173947930335999,0.991187572479248,0.9894279837608337,0.997033953666687
14,0.9920005798339844,0.683683454990387,0.023078318685293198,4e-06,0.8182908296585083,0.9916483163833618,0.9896840453147888,0.9971795082092285,0.9915872812271118,0.6704062223434448,0.025080235674977303,0.8174086809158325,0.9912218451499939,0.9894012212753296,0.9970444440841675
15,0.9923148155212402,0.6912922859191895,0.022153537720441818,4e-06,0.8115713000297546,0.9917995929718018,0.9900937080383301,0.9972333908081055,0.9915902614593506,0.6723156571388245,0.025051891803741455,0.823778510093689,0.9911802411079407,0.989478588104248,0.997032105922699
16,0.992427408695221,0.6886190176010132,0.021825626492500305,1e-06,0.8188191652297974,0.9919486045837402,0.9902242422103882,0.9972846508026123,0.9916208982467651,0.673379123210907,0.02517174743115902,0.8267251253128052,0.9911773204803467,0.98960280418396,0.9970307350158691
17,0.9924537539482117,0.6861467957496643,0.02157668210566044,1e-06,0.8204734325408936,0.9919741153717041,0.9902425408363342,0.9972924590110779,0.9916473627090454,0.6749796867370605,0.025063950568437576,0.8260399699211121,0.9911786317825317,0.9896295070648193,0.9970307946205139
18,0.9926767945289612,0.6846420764923096,0.020996572449803352,1e-06,0.8233896493911743,0.9921826124191284,0.9905250668525696,0.9973647594451904,0.991665244102478,0.6751031875610352,0.025033051148056984,0.8263543844223022,0.9912149310112,0.9896434545516968,0.9970426559448242
19,0.9925164580345154,0.6900365948677063,0.021895289421081543,1e-06,0.8173255324363708,0.9919893145561218,0.9903446435928345,0.9972971677780151,0.9916942119598389,0.6737439632415771,0.024939222261309624,0.8248662948608398,0.9912717342376709,0.9896200895309448,0.9970598220825195
20,0.9926172494888306,0.6857761740684509,0.021272098645567894,1e-06,0.8208888173103333,0.9921456575393677,0.9904444813728333,0.997349739074707,0.9917184114456177,0.6735011339187622,0.0248375553637743,0.8208503723144531,0.9912578463554382,0.9896483421325684,0.9970552921295166
21,0.9926877021789551,0.6886534690856934,0.021140603348612785,1e-06,0.8176892399787903,0.9921982884407043,0.990484356880188,0.9973633289337158,0.9917277693748474,0.6753280162811279,0.024827107787132263,0.8229266405105591,0.9912641048431396,0.989691436290741,0.997059166431427
22,0.9925968050956726,0.6870014667510986,0.021406397223472595,1e-06,0.8155587911605835,0.9920197129249573,0.9904704093933105,0.9973101019859314,0.9917387366294861,0.674847424030304,0.024779198691248894,0.8216710090637207,0.9912827014923096,0.9896778464317322,0.9970656037330627
23,0.9923852682113647,0.6926800608634949,0.021852033212780952,1e-06,0.8140311241149902,0.9919067621231079,0.9901952147483826,0.9972696304321289,0.9917498826980591,0.6763523817062378,0.024806728586554527,0.8207855224609375,0.9912624359130859,0.9897287487983704,0.9970566630363464
24,0.9924485683441162,0.6864995956420898,0.021801838651299477,1e-06,0.8146534562110901,0.9919862151145935,0.9902864098548889,0.9972981810569763,0.991754412651062,0.6746300458908081,0.024683786556124687,0.8204566240310669,0.9913098216056824,0.9896774291992188,0.9970744252204895
25,0.9925214052200317,0.6823582053184509,0.021618235856294632,1e-06,0.8142731785774231,0.9919987320899963,0.9903908371925354,0.9973008036613464,0.9917418956756592,0.6755224466323853,0.024804793298244476,0.8208434581756592,0.9912621974945068,0.9897152185440063,0.9970601797103882
26,0.9927323460578918,0.6984497308731079,0.020887738093733788,1e-06,0.8161555528640747,0.9921779632568359,0.9905392527580261,0.9973543882369995,0.9917378425598145,0.6758871674537659,0.02485436573624611,0.8240169286727905,0.9912704229354858,0.9897229075431824,0.9970611929893494
27,0.9927452802658081,0.6868467330932617,0.02075641043484211,1e-06,0.8222473859786987,0.9922494888305664,0.9905689358711243,0.997381865978241,0.9917683005332947,0.6780079007148743,0.024785682559013367,0.8269607424736023,0.9912835955619812,0.9897724390029907,0.9970691204071045
28,0.9925365447998047,0.6927226781845093,0.02155517041683197,1e-06,0.819353461265564,0.9920210242271423,0.9903283715248108,0.9973078966140747,0.9917591214179993,0.6757934093475342,0.024624984711408615,0.822697639465332,0.9913052916526794,0.9897021651268005,0.9970749020576477
29,0.9924832582473755,0.6915872097015381,0.02147975191473961,1e-06,0.8207870721817017,0.9919633269309998,0.9902467131614685,0.9972892999649048,0.991783857345581,0.6756386160850525,0.02460266463458538,0.826950192451477,0.9913597702980042,0.9897065758705139,0.9970897436141968
30,0.9928056001663208,0.6948642134666443,0.020654337480664253,1e-06,0.8218256235122681,0.9922100305557251,0.9906828999519348,0.9973722696304321,0.9918027520179749,0.6771149635314941,0.02459084987640381,0.8265734314918518,0.9913195371627808,0.9897696375846863,0.9970798492431641
31,0.9926374554634094,0.6941545605659485,0.020925864577293396,1e-06,0.8236266374588013,0.9921222925186157,0.9904690980911255,0.9973405003547668,0.9918048977851868,0.6766809821128845,0.024586785584688187,0.8257826566696167,0.9913405179977417,0.989747941493988,0.9970831871032715
32,0.992639422416687,0.686456024646759,0.021273009479045868,1e-06,0.8238207101821899,0.9921120405197144,0.9904231429100037,0.9973374605178833,0.991809070110321,0.676636278629303,0.024616749957203865,0.8270488977432251,0.9913522005081177,0.9897658824920654,0.9970894455909729
33,0.9922107458114624,0.6794503331184387,0.022678788751363754,1e-06,0.8178865909576416,0.9917351007461548,0.9900379180908203,0.9972101449966431,0.9918147921562195,0.6754538416862488,0.024498555809259415,0.8223426342010498,0.9913603067398071,0.9897397756576538,0.9970918893814087
34,0.9925621747970581,0.6916366219520569,0.021288735792040825,1e-06,0.8197218775749207,0.9920434355735779,0.9903498291969299,0.9973131418228149,0.9918295741081238,0.6768358945846558,0.024570368230342865,0.8276786208152771,0.9913503527641296,0.9898011088371277,0.997089147567749
35,0.9924299120903015,0.6782766580581665,0.021882198750972748,1e-06,0.8220860958099365,0.9919188618659973,0.9902804493904114,0.9972763061523438,0.9918347597122192,0.6759756803512573,0.02446874976158142,0.8238228559494019,0.9913761019706726,0.9897750020027161,0.9970975518226624
36,0.9921888113021851,0.6842406392097473,0.02230660989880562,1e-06,0.8170500993728638,0.9917093515396118,0.9899480938911438,0.9972041845321655,0.9918339252471924,0.6764749884605408,0.024448037147521973,0.825512170791626,0.9913904070854187,0.9897708892822266,0.9971041083335876
37,0.992527425289154,0.6857827305793762,0.021431390196084976,1e-06,0.8225080966949463,0.992002010345459,0.990368127822876,0.9973025321960449,0.9918416738510132,0.6780360341072083,0.024532461538910866,0.8272881507873535,0.9913449287414551,0.9898505210876465,0.9970880746841431
38,0.9925392270088196,0.6919274926185608,0.021149173378944397,1e-06,0.8257265090942383,0.9920713901519775,0.9903879165649414,0.9973224997520447,0.991850733757019,0.6775057315826416,0.02442558854818344,0.826086699962616,0.991378903388977,0.9898040294647217,0.9970992207527161
39,0.9928249716758728,0.6999180912971497,0.02038576640188694,1e-06,0.826363205909729,0.992263674736023,0.9906167984008789,0.9973882436752319,0.9918429851531982,0.6803034543991089,0.024561285972595215,0.8308271765708923,0.991339921951294,0.9898681640625,0.9970886707305908
40,0.9926210045814514,0.6912902593612671,0.021063948050141335,1e-06,0.82734614610672,0.9920825958251953,0.9904456734657288,0.9973289370536804,0.991845965385437,0.6779701113700867,0.024533908814191818,0.8326143026351929,0.9913662672042847,0.9898154735565186,0.9970950484275818
41,0.9927593469619751,0.6909571886062622,0.02059442549943924,1e-06,0.8265098929405212,0.9922431707382202,0.9905673861503601,0.9973822236061096,0.9918557405471802,0.6780086755752563,0.024533014744520187,0.833786129951477,0.9913817048072815,0.989834725856781,0.9970974326133728
42,0.992617666721344,0.6963090300559998,0.021002113819122314,1e-06,0.8260329961776733,0.9920841455459595,0.9904810190200806,0.9973294138908386,0.991852879524231,0.6797814965248108,0.024525608867406845,0.8285521268844604,0.991339921951294,0.9898583292961121,0.9970842003822327
43,0.9929190874099731,0.7014731168746948,0.020260164514183998,1e-06,0.8262425661087036,0.9923523664474487,0.9907935857772827,0.9974194169044495,0.9918687343597412,0.6800912618637085,0.0245295912027359,0.8316783308982849,0.9913737773895264,0.9898908734321594,0.9970975518226624
44,0.9927392601966858,0.6955634355545044,0.020695727318525314,1e-06,0.8280765414237976,0.9921784400939941,0.9905748963356018,0.9973598122596741,0.9918879270553589,0.6800437569618225,0.024486331269145012,0.8313777446746826,0.9913911819458008,0.9898946285247803,0.9971021413803101
45,0.9924188852310181,0.6865836381912231,0.02140849083662033,1e-06,0.8266071081161499,0.9919482469558716,0.9902929067611694,0.9972862601280212,0.9918718934059143,0.6789032816886902,0.0245023462921381,0.8269727230072021,0.9913939833641052,0.9898496270179749,0.9971036911010742
46,0.9926835298538208,0.6842139959335327,0.021507503464818,1e-06,0.8230398893356323,0.9921453595161438,0.9905461072921753,0.9973510503768921,0.9918712973594666,0.6775265336036682,0.02443794533610344,0.8249436616897583,0.9913894534111023,0.9898360967636108,0.9971013069152832
47,0.9927523136138916,0.6890639066696167,0.021068761125206947,1e-06,0.8213925361633301,0.9921873807907104,0.9905865788459778,0.9973634481430054,0.991899847984314,0.6783224940299988,0.02434910088777542,0.8250893354415894,0.9914165139198303,0.9898749589920044,0.9971116781234741
48,0.9924708008766174,0.6995245218276978,0.021665915846824646,1e-06,0.8209449648857117,0.9919689893722534,0.9902520179748535,0.9972913861274719,0.9919185638427734,0.6760848760604858,0.02417810820043087,0.8243552446365356,0.9914821982383728,0.9898054599761963,0.9971304535865784
49,0.992685854434967,0.6903742551803589,0.020757174119353294,1e-06,0.824036180973053,0.9921917915344238,0.9904730319976807,0.9973606467247009,0.9919549822807312,0.6796702742576599,0.02420048974454403,0.8282415866851807,0.991449773311615,0.9899377822875977,0.9971229434013367
50,0.9924965500831604,0.6962883472442627,0.021643346175551414,1e-06,0.8209267854690552,0.9919746518135071,0.9902697801589966,0.9972904920578003,0.991934597492218,0.6791507005691528,0.024254025891423225,0.8269370198249817,0.9914411902427673,0.9899356961250305,0.9971189498901367
51,0.9926480650901794,0.6837213635444641,0.020895516499876976,1e-06,0.8216031789779663,0.9921209216117859,0.9904974699020386,0.9973406195640564,0.9919226169586182,0.678674578666687,0.024170055985450745,0.8245676755905151,0.9914723038673401,0.9898709654808044,0.9971312284469604
52,0.9927768707275391,0.6976523995399475,0.020715519785881042,1e-06,0.8215093612670898,0.9922481179237366,0.9906117916107178,0.9973818063735962,0.9919341206550598,0.6800699830055237,0.024242226034402847,0.8268511295318604,0.9914501309394836,0.9899177551269531,0.9971224069595337
53,0.9923946857452393,0.6908345222473145,0.021774236112833023,1e-06,0.8227758407592773,0.9919233918190002,0.9902086853981018,0.9972776174545288,0.9919255971908569,0.6788585186004639,0.024295790120959282,0.8257561326026917,0.9914419651031494,0.9898913502693176,0.9971191883087158
54,0.992867648601532,0.6912574768066406,0.02013915404677391,1e-06,0.8249326944351196,0.9923107028007507,0.9906952977180481,0.9974029660224915,0.9919317364692688,0.6807650923728943,0.02431216463446617,0.8305211663246155,0.9914389848709106,0.9899312257766724,0.9971197843551636
55,0.9928379058837891,0.6934639811515808,0.020507968962192535,1e-06,0.8285462856292725,0.9922643899917603,0.9907224178314209,0.9973898530006409,0.9919549822807312,0.6810450553894043,0.024221699684858322,0.8308831453323364,0.9914452433586121,0.9899576306343079,0.9971219897270203
56,0.9925543069839478,0.6859660148620605,0.02151479758322239,1e-06,0.8244665861129761,0.9920237064361572,0.9904027581214905,0.997310996055603,0.9919384717941284,0.6798138618469238,0.024201378226280212,0.8288466930389404,0.9914331436157227,0.9899259805679321,0.9971181750297546
57,0.992914080619812,0.6958887577056885,0.020155875012278557,1e-06,0.8281749486923218,0.9923063516616821,0.9907980561256409,0.9974063634872437,0.9919559955596924,0.6810909509658813,0.02422618865966797,0.8315340876579285,0.99143385887146,0.9899813532829285,0.9971188306808472
58,0.9928208589553833,0.6966436505317688,0.020638292655348778,1e-06,0.8289514183998108,0.9922582507133484,0.9906604886054993,0.9973885416984558,0.991972804069519,0.6812418103218079,0.0241727102547884,0.83326256275177,0.9914467930793762,0.9899898767471313,0.9971224069595337
59,0.9928468465805054,0.7006531357765198,0.02045576646924019,1e-06,0.8283236026763916,0.9922292232513428,0.9907192587852478,0.9973796606063843,0.9919636845588684,0.6811930537223816,0.024255013093352318,0.8361643552780151,0.9914535284042358,0.9899629354476929,0.997123122215271
60,0.9931061267852783,0.7001241445541382,0.019702371209859848,1e-06,0.829738974571228,0.9925217628479004,0.9909467101097107,0.9974725842475891,0.9920008778572083,0.6822903156280518,0.024121537804603577,0.8353203535079956,0.9914863109588623,0.9900215268135071,0.9971364140510559
61,0.9927806258201599,0.7075501680374146,0.020502286031842232,1e-06,0.8305783271789551,0.9922155737876892,0.9906033277511597,0.9973738789558411,0.9919746518135071,0.6824256777763367,0.024230394512414932,0.8328883051872253,0.9914230704307556,0.9900285601615906,0.9971144795417786
62,0.9925718307495117,0.6938017010688782,0.021121662110090256,1e-06,0.8299146294593811,0.9920103549957275,0.9904326796531677,0.9973033666610718,0.9919701218605042,0.6795729994773865,0.02409830316901207,0.833335280418396,0.9915012121200562,0.98990797996521,0.9971379637718201
63,0.9928275942802429,0.6842892169952393,0.02065921574831009,1e-06,0.8310407400131226,0.992253839969635,0.9907106161117554,0.9973883628845215,0.9919819831848145,0.681695818901062,0.02413182519376278,0.8332427740097046,0.9914610385894775,0.9899939894676208,0.9971254467964172
64,0.9929382801055908,0.6979814767837524,0.020191315561532974,1e-06,0.8298875093460083,0.9923480749130249,0.9908023476600647,0.9974159598350525,0.9919943809509277,0.6816298961639404,0.02410264126956463,0.8323886394500732,0.99149489402771,0.9900082349777222,0.9971369504928589
65,0.9930298328399658,0.7011086344718933,0.01991693302989006,1e-06,0.830839991569519,0.9924038648605347,0.9909286499023438,0.9974365830421448,0.9920268654823303,0.6822693943977356,0.024037811905145645,0.8348811864852905,0.99151211977005,0.9900224208831787,0.9971453547477722
66,0.9927590489387512,0.6917966604232788,0.020660025998950005,1e-06,0.8305643796920776,0.9921679496765137,0.9906448721885681,0.9973593354225159,0.9920207858085632,0.6821247935295105,0.024093104526400566,0.8356841802597046,0.9914858937263489,0.9900373816490173,0.9971358180046082
67,0.9928814172744751,0.6956083178520203,0.02048412710428238,1e-06,0.8288113474845886,0.9923043847084045,0.9906966686248779,0.9974004626274109,0.9920071959495544,0.681637704372406,0.024138426408171654,0.833937406539917,0.991483211517334,0.9900320172309875,0.997133195400238
68,0.9929905533790588,0.6943074464797974,0.020352749153971672,1e-06,0.8297687768936157,0.9924006462097168,0.9908626675605774,0.9974355101585388,0.9920359253883362,0.6819489598274231,0.02394268289208412,0.8308740854263306,0.9915341734886169,0.9900206923484802,0.9971511960029602
69,0.9929971098899841,0.7008565664291382,0.020412763580679893,1e-06,0.828607439994812,0.9923850893974304,0.9908590912818909,0.9974313378334045,0.9920374751091003,0.681674063205719,0.024045299738645554,0.8327965140342712,0.9915298819541931,0.9900442361831665,0.9971492886543274
70,0.9928697943687439,0.6966482996940613,0.0202683974057436,1e-06,0.8266142010688782,0.9922758340835571,0.9906901717185974,0.9973938465118408,0.9920201301574707,0.6830055117607117,0.024122439324855804,0.832990288734436,0.9914873838424683,0.9900525808334351,0.9971377849578857
71,0.9927309155464172,0.6984471082687378,0.020749840885400772,1e-06,0.8281712532043457,0.9921773076057434,0.9905641078948975,0.9973559379577637,0.9920214414596558,0.6825204491615295,0.024031292647123337,0.8327343463897705,0.9914960265159607,0.9900450110435486,0.997139573097229
72,0.9931315779685974,0.6986877918243408,0.019603775814175606,1e-06,0.8270734548568726,0.9924803972244263,0.991036593914032,0.9974649548530579,0.9920404553413391,0.6835435628890991,0.024014713242650032,0.8330620527267456,0.9914993643760681,0.9900776743888855,0.9971401691436768
73,0.9929652214050293,0.6991761922836304,0.01995527185499668,1e-06,0.8277482986450195,0.9923882484436035,0.9908087253570557,0.9974275231361389,0.9920502305030823,0.6848752498626709,0.024103522300720215,0.836729884147644,0.9915065765380859,0.990119457244873,0.9971430897712708
74,0.9932342767715454,0.7109288573265076,0.019449200481176376,1e-06,0.8324041962623596,0.9925789833068848,0.9911264181137085,0.9974923729896545,0.9920442700386047,0.6853101253509521,0.024150077253580093,0.8341794013977051,0.9914665222167969,0.9901439547538757,0.9971292614936829
75,0.9928062558174133,0.6959899663925171,0.02049238048493862,1e-06,0.8291325569152832,0.9921966195106506,0.9906679391860962,0.9973682165145874,0.9920634031295776,0.6828112006187439,0.023960620164871216,0.8342159986495972,0.991560161113739,0.990059494972229,0.9971612691879272
76,0.9929900765419006,0.7005767226219177,0.02016446366906166,1e-06,0.8309534788131714,0.9923750758171082,0.9908528923988342,0.9974281787872314,0.9920495748519897,0.684000551700592,0.02398616075515747,0.8304221034049988,0.9914969801902771,0.9900955557823181,0.9971401691436768
77,0.9929631352424622,0.7050666809082031,0.02015022002160549,1e-06,0.8271216750144958,0.9923586845397949,0.9908515214920044,0.9974249005317688,0.9920472502708435,0.6839540004730225,0.024109624326229095,0.8343917727470398,0.9914993643760681,0.9901065826416016,0.9971407055854797
78,0.9929662346839905,0.6944104433059692,0.020106345415115356,1e-06,0.8311089873313904,0.992365837097168,0.9908469319343567,0.9974250793457031,0.9920648336410522,0.6833988428115845,0.023990971967577934,0.8338335156440735,0.9915297031402588,0.9900949001312256,0.9971508979797363
79,0.9929689168930054,0.6964437365531921,0.02010311186313629,1e-06,0.8285853862762451,0.9923762679100037,0.9908260107040405,0.9974281787872314,0.992060124874115,0.6849071383476257,0.024093203246593475,0.835174024105072,0.9915114045143127,0.9901299476623535,0.9971470832824707
80,0.9928610324859619,0.6961521506309509,0.020457126200199127,1e-06,0.8315420150756836,0.9923101663589478,0.9907469749450684,0.9974082112312317,0.9920274615287781,0.6830843687057495,0.024128682911396027,0.8339399099349976,0.9914950132369995,0.9900534152984619,0.9971390962600708
81,0.9929079413414001,0.6959967613220215,0.020253915339708328,1e-06,0.8301944732666016,0.9923079609870911,0.9907865524291992,0.997407853603363,0.9920581579208374,0.6828818321228027,0.02404250204563141,0.8359767198562622,0.9915381669998169,0.9900679588317871,0.9971539378166199
82,0.9932412505149841,0.7014570832252502,0.019513916224241257,1e-06,0.8295742273330688,0.9925916194915771,0.9911919236183167,0.9975013732910156,0.992046058177948,0.6832126975059509,0.02400865964591503,0.8331660032272339,0.9915085434913635,0.9900887608528137,0.9971442818641663
83,0.9929332137107849,0.7004057168960571,0.020014895126223564,1e-06,0.8309974074363708,0.992334246635437,0.9908121824264526,0.9974154829978943,0.9921028017997742,0.6837433576583862,0.02387540601193905,0.8346481919288635,0.9915575981140137,0.9901224374771118,0.9971600770950317
84,0.9929009079933167,0.7001128792762756,0.02028029039502144,1e-06,0.8306004405021667,0.9923169016838074,0.9907512068748474,0.9974066615104675,0.9920796751976013,0.6846845149993896,0.023940104991197586,0.8335369825363159,0.9915284514427185,0.9901160001754761,0.997151792049408
85,0.9929319024085999,0.6964043378829956,0.020437020808458328,1e-06,0.8297817707061768,0.9923123717308044,0.9908594489097595,0.9974057674407959,0.9920855760574341,0.6824532151222229,0.023839205503463745,0.8307327628135681,0.991555392742157,0.9900802373886108,0.9971578121185303
86,0.9929695129394531,0.697577953338623,0.020092327147722244,1e-06,0.8299809694290161,0.9923673272132874,0.9907946586608887,0.9974227547645569,0.9920727014541626,0.6844967603683472,0.023939890787005424,0.8355072736740112,0.9915372133255005,0.990105152130127,0.997153639793396
87,0.9929490089416504,0.6970154643058777,0.020229540765285492,1e-06,0.8323366641998291,0.9923318028450012,0.9908103942871094,0.9974161386489868,0.9920880198478699,0.6846186518669128,0.023951811715960503,0.835540771484375,0.9915435314178467,0.9901298880577087,0.9971566200256348
88,0.9930592179298401,0.6981878280639648,0.019893143326044083,1e-06,0.8332730531692505,0.9924712777137756,0.9909393191337585,0.9974608421325684,0.9920867681503296,0.6832742094993591,0.023830566555261612,0.8323599696159363,0.9915568232536316,0.9900885224342346,0.9971603751182556
89,0.9929213523864746,0.6881244778633118,0.020394926890730858,1e-06,0.8291279673576355,0.9923340678215027,0.9907976388931274,0.9974167943000793,0.9920976758003235,0.6843237280845642,0.02392890863120556,0.8343114852905273,0.9915416836738586,0.9901431202888489,0.9971567988395691
90,0.9930714964866638,0.7038471102714539,0.019799476489424706,1e-06,0.8318101763725281,0.9924228191375732,0.9909644722938538,0.9974439740180969,0.9920296669006348,0.683357298374176,0.024155745282769203,0.8356152772903442,0.9914947152137756,0.9900891780853271,0.9971376061439514
91,0.9930548667907715,0.7027316689491272,0.019786985591053963,1e-06,0.8300341963768005,0.9924246072769165,0.9909444451332092,0.9974455833435059,0.9921058416366577,0.6833234429359436,0.023813404142856598,0.8350372314453125,0.991581916809082,0.9901129603385925,0.9971676468849182
92,0.9930883049964905,0.6989160180091858,0.019741525873541832,1e-06,0.8325466513633728,0.9924529194831848,0.9909699559211731,0.9974531531333923,0.9921116828918457,0.685610830783844,0.023936428129673004,0.838529646396637,0.9915580153465271,0.9901701211929321,0.9971620440483093
93,0.9930770993232727,0.6981931328773499,0.019982723519206047,1e-06,0.8323797583580017,0.9924210906028748,0.9909456968307495,0.9974444508552551,0.9921109080314636,0.6856998801231384,0.02383441850543022,0.8351746797561646,0.9915409684181213,0.9901672601699829,0.99715656042099
94,0.9932395815849304,0.6981875896453857,0.019112227484583855,1e-06,0.8358420133590698,0.9926022291183472,0.9911449551582336,0.997502863407135,0.9921111464500427,0.686684787273407,0.023885054513812065,0.8398575186729431,0.9915551543235779,0.990196943283081,0.9971607327461243
95,0.9931483268737793,0.7009369730949402,0.01951184682548046,1e-06,0.8358015418052673,0.9925121068954468,0.9910470247268677,0.9974751472473145,0.9921425580978394,0.6863914728164673,0.023819297552108765,0.8381147384643555,0.9915773868560791,0.990208089351654,0.9971680045127869
96,0.993075430393219,0.7096997499465942,0.020059626549482346,1e-06,0.8310943245887756,0.9924494624137878,0.9909258484840393,0.9974512457847595,0.992130696773529,0.6855230331420898,0.02386075258255005,0.8373922109603882,0.9915775656700134,0.9901765584945679,0.9971659183502197
97,0.9932811856269836,0.7063651084899902,0.019259385764598846,1e-06,0.8341388702392578,0.9925926923751831,0.99116450548172,0.9975022077560425,0.9921504855155945,0.6863084435462952,0.02372419647872448,0.8345037698745728,0.9915797114372253,0.9902054667472839,0.9971686005592346
98,0.9931198358535767,0.6988657712936401,0.01956770196557045,1e-06,0.8316789865493774,0.9924728870391846,0.9910482168197632,0.9974595904350281,0.9921097159385681,0.6866440773010254,0.02394775301218033,0.8363730907440186,0.9915205240249634,0.9902083277702332,0.9971498250961304
99,0.9931386709213257,0.7164509296417236,0.019723761826753616,1e-06,0.8302783370018005,0.9924060106277466,0.9910087585449219,0.9974402785301208,0.9921247959136963,0.6851849555969238,0.023744598031044006,0.8320003151893616,0.9915503859519958,0.990172803401947,0.997158944606781
100,0.9929366707801819,0.697178304195404,0.020119722932577133,1e-06,0.8293572664260864,0.9923276901245117,0.9907876253128052,0.997410237789154,0.9921668767929077,0.6872236728668213,0.02380063384771347,0.8351351022720337,0.9915804862976074,0.9902593493461609,0.9971708655357361
101,0.9931929111480713,0.7007288336753845,0.019565699622035027,1e-06,0.8336151838302612,0.9925429224967957,0.9911432266235352,0.9974850416183472,0.9921673536300659,0.687267005443573,0.02378833293914795,0.8345750570297241,0.9915666580200195,0.9902604222297668,0.9971668124198914
102,0.9933506846427917,0.7008338570594788,0.01913839392364025,1e-06,0.8328260183334351,0.9926415085792542,0.9913288354873657,0.9975221753120422,0.9921199679374695,0.687894344329834,0.023989949375391006,0.8347132205963135,0.9914931058883667,0.9902448654174805,0.9971430897712708
103,0.9930117726325989,0.7125375270843506,0.019731344655156136,1e-06,0.8324557542800903,0.9923820495605469,0.9908895492553711,0.9974315762519836,0.992165744304657,0.6871374249458313,0.023822233080863953,0.8373692035675049,0.991578996181488,0.9902512431144714,0.9971698522567749
104,0.9928765296936035,0.6992290616035461,0.02037251554429531,1e-06,0.8313461542129517,0.9922447204589844,0.9907193779945374,0.9973848462104797,0.9921825528144836,0.687086820602417,0.02369016595184803,0.833461344242096,0.9915871024131775,0.9902553558349609,0.9971717596054077
105,0.9930458664894104,0.7022247910499573,0.020188722759485245,1e-06,0.8300262093544006,0.9923733472824097,0.9909079670906067,0.9974316358566284,0.9921504855155945,0.6854968667030334,0.02371967025101185,0.8364105820655823,0.9915789365768433,0.9902145862579346,0.9971686005592346
106,0.9928961396217346,0.7047443985939026,0.02030045911669731,1e-06,0.8321240544319153,0.9922664165496826,0.9907222986221313,0.9973929524421692,0.9921837449073792,0.687431275844574,0.02369767241179943,0.8373483419418335,0.9915977716445923,0.9902739524841309,0.9971773028373718
107,0.9933579564094543,0.705967128276825,0.019031673669815063,1e-06,0.8354834318161011,0.9926976561546326,0.9912803173065186,0.997536838054657,0.9921977519989014,0.6864424347877502,0.023567628115415573,0.8379296064376831,0.991641104221344,0.9902413487434387,0.9971892237663269
108,0.9932541251182556,0.700249433517456,0.019340813159942627,1e-06,0.8380001783370972,0.9925793409347534,0.991198718547821,0.9975006580352783,0.9921959638595581,0.687452495098114,0.023691540583968163,0.8378885984420776,0.9916080236434937,0.9902693629264832,0.9971799254417419
109,0.9931345582008362,0.7050591707229614,0.01940978690981865,1e-06,0.8330029249191284,0.992459774017334,0.9910394549369812,0.9974561333656311,0.9922112822532654,0.6869866251945496,0.023606978356838226,0.8379979729652405,0.9916480183601379,0.990267276763916,0.9971920251846313
110,0.9931623339653015,0.7020869851112366,0.01939924620091915,1e-06,0.8384710550308228,0.9925222396850586,0.9910422563552856,0.9974762201309204,0.9922136664390564,0.687991201877594,0.02371421828866005,0.8417745232582092,0.9916212558746338,0.990308403968811,0.9971828460693359
111,0.9933412671089172,0.70960533618927,0.01917446218430996,1e-06,0.836766242980957,0.9926902651786804,0.9912549257278442,0.997535765171051,0.9922013282775879,0.6888570189476013,0.023744843900203705,0.8405277132987976,0.9915966987609863,0.9903202056884766,0.9971759915351868
112,0.9931418299674988,0.7093071937561035,0.019704606384038925,1e-06,0.8350621461868286,0.9924869537353516,0.9910382628440857,0.9974660873413086,0.992196798324585,0.6883776783943176,0.023667514324188232,0.8353359699249268,0.9915935397148132,0.9902994632720947,0.9971753358840942
113,0.9932489991188049,0.7004686594009399,0.01935509219765663,1e-06,0.8333632946014404,0.9925400614738464,0.9911896586418152,0.9974862933158875,0.9922017455101013,0.6865683794021606,0.023597897961735725,0.8374106884002686,0.9916353225708008,0.9902408719062805,0.9971868395805359
114,0.9936269521713257,0.708537220954895,0.018162451684474945,1e-06,0.8370082378387451,0.9928995966911316,0.9916096329689026,0.9976058602333069,0.992184579372406,0.6893945932388306,0.023878544569015503,0.8389856815338135,0.9915740489959717,0.9903217554092407,0.9971686601638794
115,0.9934579730033875,0.708168089389801,0.018800891935825348,1e-06,0.8380095958709717,0.992760419845581,0.9913955330848694,0.9975581169128418,0.9921941757202148,0.6893634796142578,0.02377891167998314,0.8396956920623779,0.9915781021118164,0.990317702293396,0.997170627117157
116,0.9930984377861023,0.7071484327316284,0.019814366474747658,1e-06,0.8375376462936401,0.9923884272575378,0.991025447845459,0.9974374771118164,0.9921934008598328,0.687049925327301,0.023808756843209267,0.8444586992263794,0.9916086196899414,0.9902701377868652,0.9971799850463867
117,0.9933144450187683,0.706941545009613,0.018858402967453003,1e-06,0.8428924083709717,0.9926308989524841,0.9912042021751404,0.997512936592102,0.9921971559524536,0.6884296536445618,0.02385776676237583,0.8463573455810547,0.9916146993637085,0.9903008341789246,0.9971810579299927
118,0.9930887222290039,0.7046645283699036,0.01952609047293663,1e-06,0.8388057947158813,0.9924482703208923,0.990960419178009,0.997452974319458,0.992180585861206,0.687163770198822,0.023820238187909126,0.8439826965332031,0.9916338920593262,0.9902644753456116,0.9971864819526672
119,0.9933502078056335,0.7069193124771118,0.01894841343164444,1e-06,0.8396319150924683,0.9926974177360535,0.9912253618240356,0.9975355863571167,0.9922179579734802,0.6871939897537231,0.02366054616868496,0.8427843451499939,0.9916684031486511,0.9902799129486084,0.9971979260444641
120,0.9931685924530029,0.7072497010231018,0.019190402701497078,1e-06,0.8406118154525757,0.9925130605697632,0.991085946559906,0.9974790811538696,0.9922300577163696,0.689726710319519,0.02373664826154709,0.8427634835243225,0.9916388392448425,0.9903290867805481,0.9971910119056702
121,0.9932800531387329,0.7098763585090637,0.019033726304769516,1e-06,0.83982253074646,0.9925922751426697,0.9912390112876892,0.9975037574768066,0.9922019243240356,0.6872721314430237,0.023727893829345703,0.8421000242233276,0.9916428923606873,0.9902392625808716,0.9971892237663269
122,0.9934335947036743,0.7119541764259338,0.018771395087242126,1e-06,0.8378510475158691,0.9927242398262024,0.9913554787635803,0.9975458383560181,0.9921807050704956,0.6902624368667603,0.02396494150161743,0.8405337333679199,0.9915493130683899,0.9903252124786377,0.9971600770950317
123,0.993488073348999,0.7088707685470581,0.018442723900079727,1e-06,0.8394831418991089,0.9927740097045898,0.991427481174469,0.9975642561912537,0.9922286868095398,0.691338837146759,0.023793868720531464,0.8406457901000977,0.991584300994873,0.9903804063796997,0.9971733689308167
124,0.9932793974876404,0.7135350108146667,0.019042981788516045,1e-06,0.8396924734115601,0.9925838708877563,0.9912006855010986,0.9974961280822754,0.9922304749488831,0.6873996257781982,0.023631757125258446,0.8415866494178772,0.9916489124298096,0.990284264087677,0.9971912503242493
125,0.9935798645019531,0.7046213746070862,0.018313413485884666,1e-06,0.8412948250770569,0.9928901195526123,0.9915270209312439,0.9975996613502502,0.9922352433204651,0.6896670460700989,0.023777039721608162,0.8458288908004761,0.9916263818740845,0.9903405904769897,0.9971857070922852
126,0.9935606718063354,0.7096084356307983,0.018402744084596634,1e-06,0.8443171977996826,0.9928282499313354,0.991532564163208,0.9975828528404236,0.9922322034835815,0.6903637647628784,0.023791050538420677,0.8405805826187134,0.9916067719459534,0.9903599619865417,0.9971812963485718
127,0.9935685992240906,0.7030538320541382,0.018358757719397545,1e-06,0.8390507698059082,0.9928144216537476,0.9915708899497986,0.9975775480270386,0.9922405481338501,0.6911595463752747,0.02386435680091381,0.8458089828491211,0.9915995597839355,0.9903969764709473,0.9971785545349121
128,0.9933310747146606,0.7133783102035522,0.019043706357479095,1e-06,0.8421207666397095,0.992625892162323,0.9912194013595581,0.997514009475708,0.9922595024108887,0.6907344460487366,0.02375129610300064,0.8435595035552979,0.991631805896759,0.9903859496116638,0.9971883893013
129,0.993605375289917,0.7134954333305359,0.01823069341480732,1e-06,0.8405001163482666,0.9928550124168396,0.9915592074394226,0.997593343257904,0.9922612905502319,0.691486656665802,0.02363179624080658,0.8422672748565674,0.9916425943374634,0.9903918504714966,0.9971912503242493
130,0.9933818578720093,0.7002490162849426,0.018993236124515533,1e-06,0.8388984799385071,0.9926730394363403,0.9913526773452759,0.997530460357666,0.9922605156898499,0.6909231543540955,0.023600636050105095,0.8377927541732788,0.9916213154792786,0.9903886318206787,0.9971856474876404
131,0.9931241273880005,0.7008373141288757,0.019483070820569992,1e-06,0.8370333313941956,0.9924490451812744,0.9910397529602051,0.9974546432495117,0.9922770857810974,0.6902561187744141,0.02357879839837551,0.8406448364257812,0.9916681051254272,0.9903812408447266,0.9971998333930969
132,0.993270754814148,0.7071342468261719,0.019070308655500412,1e-06,0.8383618593215942,0.9926055669784546,0.9911932945251465,0.997503936290741,0.9922595620155334,0.6887920498847961,0.02355586178600788,0.8428918123245239,0.9916762709617615,0.9903311729431152,0.9972025156021118
133,0.993198812007904,0.7060968279838562,0.019542517140507698,1e-06,0.8418495655059814,0.9925122857093811,0.9910893440246582,0.9974753260612488,0.9922563433647156,0.6890935301780701,0.023548033088445663,0.8410146236419678,0.9916671514511108,0.9903293251991272,0.9971991777420044
134,0.9931985139846802,0.7045671343803406,0.019255395978689194,1e-06,0.8397563695907593,0.9924901723861694,0.991082489490509,0.9974681735038757,0.9922603368759155,0.6890126466751099,0.02352597936987877,0.8420180082321167,0.9917035698890686,0.990303635597229,0.9972101449966431
135,0.993444561958313,0.7137691974639893,0.018780533224344254,1e-06,0.8419824242591858,0.9927698969841003,0.9913776516914368,0.9975610971450806,0.9922725558280945,0.6911771893501282,0.023620177060365677,0.843721866607666,0.9916541576385498,0.9903906583786011,0.9971947073936462
136,0.9934688210487366,0.7085534930229187,0.01861882396042347,1e-06,0.8408649563789368,0.9927473068237305,0.9913727045059204,0.9975551962852478,0.9922724366188049,0.6921775341033936,0.023709828034043312,0.8435760736465454,0.9916349649429321,0.9904253482818604,0.997189462184906
137,0.9934036731719971,0.7074974179267883,0.01887480542063713,1e-06,0.8407983779907227,0.9926802515983582,0.9913597702980042,0.9975329041481018,0.9922480583190918,0.69032222032547,0.023558465763926506,0.8406920433044434,0.9916337728500366,0.9903416633605957,0.9971904158592224
138,0.9935832619667053,0.7071122527122498,0.01827825792133808,1e-06,0.8417045474052429,0.9928737282752991,0.9915770292282104,0.9975958466529846,0.9922632575035095,0.6920150518417358,0.023780012503266335,0.8447889089584351,0.9916253685951233,0.9904170036315918,0.997185468673706
139,0.9936373233795166,0.7088274359703064,0.01804168149828911,1e-06,0.8444395065307617,0.9929136633872986,0.991650402545929,0.997612476348877,0.9922634363174438,0.6925535202026367,0.02378780208528042,0.8447116017341614,0.9916321039199829,0.9904165863990784,0.9971886277198792
140,0.9935291409492493,0.7097780704498291,0.018290597945451736,1e-06,0.8446836471557617,0.9928119778633118,0.9915112853050232,0.9975754618644714,0.9922553896903992,0.6917516589164734,0.02379642240703106,0.8454369306564331,0.9916565418243408,0.9903917908668518,0.9971969723701477
141,0.9935736656188965,0.7063606381416321,0.018306391313672066,1e-06,0.8432408571243286,0.9928344488143921,0.9915350079536438,0.9975845217704773,0.9923091530799866,0.692356288433075,0.023615147918462753,0.8464187383651733,0.9917008280754089,0.9904516339302063,0.9972107410430908
142,0.9932839870452881,0.7063651084899902,0.01903446577489376,1e-06,0.8442255258560181,0.9925895929336548,0.9912149310112,0.9975022077560425,0.9922929406166077,0.6898345351219177,0.02343648113310337,0.8403058052062988,0.9917289018630981,0.9903272986412048,0.9972202181816101
143,0.9934149980545044,0.7142823934555054,0.018586834892630577,1e-06,0.840171217918396,0.9927348494529724,0.9913368821144104,0.9975499510765076,0.9922945499420166,0.6919764876365662,0.023631105199456215,0.8403142094612122,0.9916750192642212,0.9904212951660156,0.9972020387649536
144,0.9934991598129272,0.7050809860229492,0.01874847151339054,1e-06,0.8403773903846741,0.9927930235862732,0.9914562702178955,0.9975685477256775,0.9922923445701599,0.6919422149658203,0.023533832281827927,0.842105507850647,0.9916616082191467,0.9904122948646545,0.9971972703933716
145,0.9935993552207947,0.7131350636482239,0.01824083924293518,1e-06,0.8425480723381042,0.9928519129753113,0.9915715456008911,0.9975846409797668,0.9923305511474609,0.6932801604270935,0.023498252034187317,0.842605710029602,0.9916905164718628,0.9904658794403076,0.9972087740898132
146,0.9934134483337402,0.7105862498283386,0.018664253875613213,1e-06,0.8379970788955688,0.9926744699478149,0.9913033246994019,0.9975319504737854,0.9923457503318787,0.6932932734489441,0.023554105311632156,0.8449903726577759,0.991723895072937,0.9904929995536804,0.9972185492515564
147,0.9936389923095703,0.7105593681335449,0.018422404304146767,1e-06,0.8390260934829712,0.9928558468818665,0.9916617274284363,0.9975955486297607,0.9922888278961182,0.6926696300506592,0.02363303303718567,0.8391993045806885,0.9916366934776306,0.990440309047699,0.9971904158592224
148,0.9935940504074097,0.713492214679718,0.018197763711214066,1e-06,0.8415123224258423,0.9928575158119202,0.9915552735328674,0.9975908994674683,0.9922717213630676,0.6919538974761963,0.02358672395348549,0.8393225073814392,0.991639256477356,0.990411102771759,0.9971913695335388
149,0.9934903979301453,0.7034590244293213,0.018901506438851357,1e-06,0.8385947942733765,0.9927463531494141,0.9914718866348267,0.997560441493988,0.9922924041748047,0.6895760297775269,0.023446206003427505,0.8411669135093689,0.9916897416114807,0.9903725385665894,0.9972048401832581
150,0.9934159517288208,0.711798369884491,0.018862823024392128,1e-06,0.8401201367378235,0.992694079875946,0.9913439750671387,0.9975353479385376,0.9922481775283813,0.6900410652160645,0.023762909695506096,0.8456695079803467,0.9916309118270874,0.9903823137283325,0.9971872568130493
151,0.9934472441673279,0.7183939814567566,0.01848282478749752,1e-06,0.845596194267273,0.992725670337677,0.9913491606712341,0.9975487589836121,0.9923139810562134,0.6922720670700073,0.02356768399477005,0.8477557301521301,0.9916940927505493,0.990440309047699,0.9972098469734192
152,0.9934819340705872,0.7090569138526917,0.018661435693502426,1e-06,0.8454997539520264,0.9927521347999573,0.991428554058075,0.9975574612617493,0.9922919869422913,0.6898534297943115,0.023371566087007523,0.8442423939704895,0.9917103052139282,0.9903595447540283,0.9972133636474609
153,0.9936662316322327,0.7074924111366272,0.018125373870134354,1e-06,0.8441221714019775,0.9929323196411133,0.9916158318519592,0.9976176619529724,0.9923149347305298,0.6911525130271912,0.023433294147253036,0.8446356058120728,0.9917231798171997,0.9903947710990906,0.9972180724143982
154,0.9936028718948364,0.712506890296936,0.01822868548333645,1e-06,0.8397880792617798,0.9928441047668457,0.9915392994880676,0.9975858926773071,0.9923170208930969,0.6937112808227539,0.023597678169608116,0.8451957702636719,0.9916754961013794,0.9904895424842834,0.9972037076950073
155,0.9938192367553711,0.71576988697052,0.017723847180604935,1e-06,0.8466411828994751,0.9930305480957031,0.9918196201324463,0.997651219367981,0.9923237562179565,0.6931912302970886,0.023659134283661842,0.8487032055854797,0.9917024374008179,0.9904710054397583,0.9972125291824341
156,0.9937069416046143,0.7172462940216064,0.017729580402374268,1e-06,0.8458029627799988,0.9929637908935547,0.9916595816612244,0.9976245760917664,0.9923337697982788,0.6943722367286682,0.02365691028535366,0.8514000177383423,0.9917259216308594,0.9904979467391968,0.9972206950187683
157,0.993500828742981,0.7104132175445557,0.01857556588947773,1e-06,0.8462837934494019,0.9927747249603271,0.9914066791534424,0.9975653886795044,0.9923288226127625,0.6931950449943542,0.02346848137676716,0.8472010493278503,0.9917134642601013,0.9904484748840332,0.9972177147865295
158,0.9934163093566895,0.7134241461753845,0.018827974796295166,1e-06,0.8468295335769653,0.9927172064781189,0.9913232922554016,0.9975413084030151,0.9923931956291199,0.6927760243415833,0.023375023156404495,0.8512982130050659,0.9917969107627869,0.9904923439025879,0.9972418546676636
159,0.9935474991798401,0.7110414505004883,0.018396928906440735,1e-06,0.8461422920227051,0.9928165674209595,0.9914606213569641,0.9975778460502625,0.9923705458641052,0.6942253112792969,0.02340722270309925,0.8488427996635437,0.9917567372322083,0.9905063509941101,0.9972311854362488
160,0.9934599995613098,0.7038179039955139,0.01861720345914364,1e-06,0.8473030924797058,0.9927378296852112,0.9914393424987793,0.9975521564483643,0.9923442006111145,0.6932923197746277,0.023503154516220093,0.8495748043060303,0.9917213916778564,0.9904659986495972,0.9972182512283325
161,0.9934653639793396,0.7146763801574707,0.01879161223769188,1e-06,0.8500171303749084,0.9927014112472534,0.9914017915725708,0.9975448846817017,0.9923214912414551,0.6888514161109924,0.023328272625803947,0.8458353281021118,0.9917783737182617,0.9903212189674377,0.9972347021102905
162,0.99360591173172,0.7078949809074402,0.01838229037821293,1e-06,0.8439868092536926,0.9929118156433105,0.9915287494659424,0.9976077079772949,0.992339015007019,0.6949262022972107,0.023629983887076378,0.8476592302322388,0.991697371006012,0.9905028939247131,0.9972116351127625
163,0.9937453269958496,0.7097622752189636,0.017885645851492882,1e-06,0.8482235670089722,0.9929879307746887,0.9917398691177368,0.9976351857185364,0.9923421740531921,0.6941828727722168,0.02355859987437725,0.8472609519958496,0.9916739463806152,0.990507185459137,0.9972031116485596
164,0.993675172328949,0.7196971774101257,0.018174754455685616,1e-06,0.8460426330566406,0.9928740859031677,0.9916350841522217,0.997596263885498,0.9923756718635559,0.6938621401786804,0.02340416982769966,0.8479171395301819,0.9917243123054504,0.9905168414115906,0.9972206354141235
165,0.9936270713806152,0.7130242586135864,0.018143819645047188,1e-06,0.8461793661117554,0.9928540587425232,0.9915938973426819,0.9975923895835876,0.9923785924911499,0.694457471370697,0.023462874814867973,0.8501573801040649,0.9917358756065369,0.9905250072479248,0.9972246885299683
166,0.9938604235649109,0.7110455632209778,0.017681103199720383,1e-06,0.846356213092804,0.9930770397186279,0.9918373227119446,0.9976651668548584,0.9923880696296692,0.695414125919342,0.023539364337921143,0.8507157564163208,0.9917409420013428,0.9905660152435303,0.9972264170646667
167,0.9935480356216431,0.7171035408973694,0.018380187451839447,1e-06,0.8461263179779053,0.9927648901939392,0.9915130138397217,0.9975627660751343,0.9923658967018127,0.6930544376373291,0.023278789594769478,0.8440302610397339,0.9917426109313965,0.9904913306236267,0.9972257614135742
168,0.9938461780548096,0.711154043674469,0.01747629977762699,1e-06,0.8451272249221802,0.9930269718170166,0.9918887615203857,0.9976517558097839,0.99235600233078,0.6932846903800964,0.023449920117855072,0.8476906418800354,0.9917244911193848,0.9904864430427551,0.9972196817398071
169,0.9936281442642212,0.7097440361976624,0.018054796382784843,1e-06,0.8478893041610718,0.9928754568099976,0.991610050201416,0.9976022243499756,0.9923890829086304,0.6948636174201965,0.02342861145734787,0.8518843650817871,0.9917609691619873,0.9905197024345398,0.9972337484359741
170,0.9936197996139526,0.7082235217094421,0.01818152703344822,1e-06,0.8488318920135498,0.9928701519966125,0.9915783405303955,0.9975968599319458,0.9923474192619324,0.6945016384124756,0.02357369102537632,0.8482158780097961,0.9916912913322449,0.9905156493186951,0.9972090125083923
171,0.9937940239906311,0.715700626373291,0.01769769750535488,1e-06,0.849156379699707,0.992976188659668,0.9917541742324829,0.99763023853302,0.9923356175422668,0.6927451491355896,0.023454518988728523,0.8477765321731567,0.9917116165161133,0.990456759929657,0.997215747833252
172,0.9937706589698792,0.7122783064842224,0.0177344661206007,1e-06,0.8463001251220703,0.9929780960083008,0.9917741417884827,0.997635543346405,0.9923447966575623,0.6944617629051208,0.02354682795703411,0.8463424444198608,0.9916768670082092,0.9905129075050354,0.9972052574157715
173,0.9937800168991089,0.7157397270202637,0.01781836524605751,1e-06,0.8462480306625366,0.9929263591766357,0.991771936416626,0.9976175427436829,0.9923464059829712,0.6940978169441223,0.02350887469947338,0.8474990129470825,0.9916945099830627,0.9905049800872803,0.9972123503684998
174,0.9936641454696655,0.7122275233268738,0.01797456108033657,1e-06,0.846381664276123,0.992903470993042,0.9916371703147888,0.9976052641868591,0.9923958778381348,0.6953753232955933,0.023443983867764473,0.849325954914093,0.9917358756065369,0.9905592203140259,0.9972245693206787
175,0.9935468435287476,0.7110279202461243,0.018463684245944023,1e-06,0.8431024551391602,0.9928447604179382,0.9914860129356384,0.9975865483283997,0.9924096465110779,0.6942830085754395,0.0233197882771492,0.8461846709251404,0.9917750358581543,0.9905415773391724,0.9972386956214905
176,0.9935909509658813,0.7089865207672119,0.018295200541615486,1e-06,0.8452274203300476,0.9928575158119202,0.9916009902954102,0.997594952583313,0.9923833012580872,0.6938705444335938,0.023417402058839798,0.8448827266693115,0.9917453527450562,0.9905323386192322,0.9972275495529175
177,0.9936425685882568,0.7166846394538879,0.01790843904018402,1e-06,0.8444913625717163,0.9929158091545105,0.9916040301322937,0.997609555721283,0.9923598766326904,0.6938750147819519,0.023422515019774437,0.8432008028030396,0.9917351603507996,0.9904925227165222,0.9972246289253235
178,0.9937887191772461,0.7155457139015198,0.017658328637480736,1e-06,0.8423900604248047,0.9929662942886353,0.9917620420455933,0.9976314306259155,0.9923533201217651,0.6967501044273376,0.02377127856016159,0.8472810983657837,0.9916812777519226,0.9905639290809631,0.997206449508667
179,0.9936361312866211,0.7119057774543762,0.018102824687957764,1e-06,0.8435710072517395,0.9928730130195618,0.9916121959686279,0.9975963830947876,0.992395281791687,0.6956566572189331,0.023507796227931976,0.8462027311325073,0.9917567372322083,0.9905627369880676,0.9972315430641174
180,0.9933921694755554,0.7091596722602844,0.018973451107740402,1e-06,0.8432022333145142,0.9926742911338806,0.991321325302124,0.9975308775901794,0.9923399090766907,0.6948150992393494,0.023659350350499153,0.8432475328445435,0.9916675686836243,0.990509569644928,0.9972034692764282
181,0.9937040209770203,0.7056450843811035,0.017906179651618004,1e-06,0.8425585031509399,0.9929245710372925,0.991753876209259,0.9976174831390381,0.9923998117446899,0.6935743689537048,0.02335677295923233,0.8411828279495239,0.9917633533477783,0.9905010461807251,0.9972335696220398
182,0.9940203428268433,0.7173070311546326,0.017031172290444374,1e-06,0.8426403403282166,0.9932088851928711,0.9920067191123962,0.9977084398269653,0.9924221038818359,0.6968683004379272,0.023411985486745834,0.8445636034011841,0.9917530417442322,0.9905921220779419,0.9972305297851562
183,0.993497371673584,0.7065216898918152,0.01866154931485653,1e-06,0.8418526649475098,0.9927756190299988,0.9914141297340393,0.9975610375404358,0.9923813939094543,0.6953012943267822,0.02358192205429077,0.8495165109634399,0.991737425327301,0.990535318851471,0.997223973274231
184,0.9935690760612488,0.7183483839035034,0.01851068250834942,1e-06,0.8427750468254089,0.9927964806556702,0.9914834499359131,0.9975690841674805,0.9923862814903259,0.6955606937408447,0.02355174906551838,0.8452445268630981,0.9917142391204834,0.9905557036399841,0.9972174763679504
185,0.9937841892242432,0.7153066992759705,0.017653079703450203,1e-06,0.843896746635437,0.9930059313774109,0.9917647838592529,0.9976410865783691,0.992398202419281,0.696696937084198,0.02363748475909233,0.8479623794555664,0.9917221069335938,0.9905972480773926,0.9972216486930847
186,0.993632972240448,0.7097456455230713,0.01830562762916088,1e-06,0.8433631658554077,0.9928368926048279,0.9916468858718872,0.9975888133049011,0.9924213290214539,0.6945938467979431,0.023293370380997658,0.8455633521080017,0.9917704463005066,0.9905568361282349,0.997235119342804
187,0.9937472939491272,0.7178975939750671,0.017877083271741867,1e-06,0.8434842824935913,0.9929177165031433,0.991701602935791,0.9976137280464172,0.9924291372299194,0.6963837146759033,0.02330482192337513,0.844845712184906,0.9917573928833008,0.9905881881713867,0.9972316026687622
188,0.9939562082290649,0.7168551683425903,0.017248110845685005,1e-06,0.8468961715698242,0.9932048320770264,0.9919506311416626,0.997705340385437,0.9923977851867676,0.6996713876724243,0.02373325452208519,0.8506479263305664,0.9917001724243164,0.9906415939331055,0.9972149133682251
189,0.9936814904212952,0.7158098816871643,0.017971312627196312,1e-06,0.8464906215667725,0.9928873777389526,0.9916628003120422,0.9976034164428711,0.9924441576004028,0.6978827118873596,0.023408306762576103,0.8484025597572327,0.9917719960212708,0.9906344413757324,0.9972368478775024
190,0.9937964677810669,0.7195297479629517,0.017574192956089973,1e-06,0.848305344581604,0.9929850697517395,0.9918224811553955,0.9976385831832886,0.9924353957176208,0.6959084272384644,0.023356180638074875,0.847710371017456,0.9917736649513245,0.9905818104743958,0.9972366690635681
191,0.993964672088623,0.7178924679756165,0.01733648031949997,1e-06,0.8470715284347534,0.9931194186210632,0.9919798374176025,0.9976806640625,0.992422342300415,0.6975223422050476,0.023490751162171364,0.8479709625244141,0.991745114326477,0.9906160831451416,0.9972283244132996
192,0.9937140941619873,0.7130404114723206,0.018099172040820122,1e-06,0.847091794013977,0.9929519295692444,0.9916844367980957,0.9976253509521484,0.9924354553222656,0.6964249610900879,0.02338956482708454,0.8498088121414185,0.9917874932289124,0.990594208240509,0.9972417950630188
193,0.993712306022644,0.7211416959762573,0.01787552237510681,1e-06,0.8443399667739868,0.9929124116897583,0.9916550517082214,0.9976119995117188,0.9924026131629944,0.6959693431854248,0.023462489247322083,0.847731351852417,0.9917387962341309,0.9905800223350525,0.9972280263900757
194,0.9939917922019958,0.7217368483543396,0.017089035362005234,1e-06,0.846036434173584,0.993170440196991,0.9919906854629517,0.9976992011070251,0.9923902750015259,0.6973751783370972,0.023529022932052612,0.8475065231323242,0.9917146563529968,0.9905853867530823,0.9972193241119385
195,0.9937953948974609,0.7214340567588806,0.01764962077140808,1e-06,0.8439725041389465,0.9929965138435364,0.9917654991149902,0.9976392984390259,0.9924306273460388,0.6974318623542786,0.023472661152482033,0.8486449718475342,0.9917423129081726,0.9906168580055237,0.9972274303436279
196,0.9940702319145203,0.7230462431907654,0.016876988112926483,1e-06,0.8491638898849487,0.9932547807693481,0.9920857548713684,0.9977260231971741,0.9923518896102905,0.6981688141822815,0.023738959804177284,0.8483599424362183,0.9916622638702393,0.9905689358711243,0.9972040057182312
197,0.9936242699623108,0.7167103290557861,0.018061865121126175,1e-06,0.8474972248077393,0.9928423166275024,0.9915497303009033,0.9975839257240295,0.9923888444900513,0.6954879760742188,0.02359732985496521,0.85054612159729,0.9917526245117188,0.99055415391922,0.9972299933433533
198,0.9938566088676453,0.7210356593132019,0.0173955038189888,1e-06,0.8481382131576538,0.9930596351623535,0.9918435215950012,0.9976627230644226,0.9924227595329285,0.6983142495155334,0.02360323816537857,0.8519505262374878,0.9917446970939636,0.990636944770813,0.9972289800643921
199,0.9940038919448853,0.7155234813690186,0.016929462552070618,1e-06,0.8506667613983154,0.9931840300559998,0.9920409321784973,0.9977049231529236,0.992417573928833,0.6977692246437073,0.02360243909060955,0.8525111079216003,0.9917524456977844,0.990617036819458,0.997231125831604
