epoch,accuracy,dice_coef,loss,lr,mean_io_u,precision,sensitivity,specificity,val_accuracy,val_dice_coef,val_loss,val_mean_io_u,val_precision,val_sensitivity,val_specificity
0,0.9518778920173645,0.40649446845054626,0.14607174694538116,1e-04,0.6278135776519775,0.970359742641449,0.9295850396156311,0.9905142188072205,0.9670972228050232,0.48754435777664185,0.08987501263618469,0.7270505428314209,0.979793131351471,0.9502047300338745,0.9928836822509766
1,0.9686341881752014,0.5349470376968384,0.08466307818889618,1e-04,0.7370386123657227,0.9772977232933044,0.9568920135498047,0.9922676086425781,0.974423348903656,0.5833920240402222,0.07724958658218384,0.8135193586349487,0.9800596237182617,0.965660035610199,0.9931755661964417
2,0.9753112196922302,0.5970180034637451,0.06879983097314835,1e-04,0.7257999777793884,0.9798435568809509,0.9677448868751526,0.9931743741035461,0.9733638763427734,0.6229689121246338,0.07789888978004456,0.8083592057228088,0.9766904711723328,0.9679728746414185,0.9921083450317383
3,0.9787133932113647,0.6450274586677551,0.05857725813984871,1e-04,0.743191123008728,0.9813780784606934,0.9730488657951355,0.9937081933021545,0.9798322319984436,0.6536673903465271,0.060767337679862976,0.8025104999542236,0.982248067855835,0.9741735458374023,0.9939479231834412
4,0.9818296432495117,0.6761674880981445,0.04963644966483116,1e-04,0.7364927530288696,0.9833073616027832,0.9769543409347534,0.9943594336509705,0.9809198975563049,0.6995029449462891,0.05958663299679756,0.7816318273544312,0.9814988374710083,0.9771447777748108,0.9937764406204224
5,0.9829168319702148,0.6931763291358948,0.0467948243021965,1e-04,0.7620906829833984,0.9839032888412476,0.9784215688705444,0.9945597052574158,0.9823111891746521,0.7036600112915039,0.06155308708548546,0.7847702503204346,0.982699990272522,0.9785742163658142,0.994174063205719
6,0.9841949939727783,0.7103385925292969,0.04331779107451439,1e-04,0.7832654118537903,0.9847939014434814,0.9798948764801025,0.9948652386665344,0.9821448922157288,0.6910942792892456,0.05291520431637764,0.794823169708252,0.9828511476516724,0.9778695106506348,0.9942006468772888
7,0.9853885173797607,0.7261146903038025,0.03980390354990959,1e-04,0.7719521522521973,0.9854332804679871,0.9814983606338501,0.9950889945030212,0.9833208322525024,0.7224799990653992,0.05006248503923416,0.8169965744018555,0.9834337830543518,0.9798474311828613,0.9944238662719727
8,0.9858872890472412,0.7361847162246704,0.03884202986955643,1e-04,0.7980207204818726,0.98589688539505,0.9820855855941772,0.9952507019042969,0.9810279011726379,0.7069029808044434,0.06297919154167175,0.7753317356109619,0.9819902777671814,0.9768428802490234,0.9939380884170532
9,0.9868017435073853,0.743867039680481,0.03593611717224121,1e-04,0.7971288561820984,0.986543595790863,0.9832113981246948,0.9954559803009033,0.9806661605834961,0.7192414402961731,0.05374442785978317,0.7734048366546631,0.9809805154800415,0.9768519997596741,0.9936316609382629
10,0.988974392414093,0.7659263014793396,0.030199484899640083,2e-05,0.8214147090911865,0.988045871257782,0.9857202768325806,0.9959771633148193,0.9855712056159973,0.7463216781616211,0.046023428440093994,0.8285305500030518,0.9852813482284546,0.9823585152626038,0.9950496554374695
11,0.9899877905845642,0.7754634618759155,0.027306390926241875,2e-05,0.8407949209213257,0.9889817833900452,0.9869542717933655,0.9962901473045349,0.9857926964759827,0.7500819563865662,0.046899933367967606,0.8514589071273804,0.9854617714881897,0.9826628565788269,0.9951077699661255
12,0.9902164936065674,0.7797335982322693,0.026538601145148277,2e-05,0.8470893502235413,0.989163875579834,0.9872363209724426,0.9963504076004028,0.9859758019447327,0.7530730366706848,0.04771115630865097,0.8572403788566589,0.9855251908302307,0.9829962253570557,0.9951308369636536
13,0.9906546473503113,0.7895110845565796,0.025676045566797256,4e-06,0.845741331577301,0.9894999861717224,0.9875842332839966,0.9964579939842224,0.9860925078392029,0.7559077143669128,0.04742903262376785,0.8530483245849609,0.9856383204460144,0.9831752181053162,0.9951691627502441
14,0.9907698035240173,0.7923797965049744,0.025261420756578445,4e-06,0.8498131036758423,0.9895333051681519,0.9878052473068237,0.9964735507965088,0.9861488342285156,0.7579441666603088,0.04889935627579689,0.8629618287086487,0.9856388568878174,0.9833201766014099,0.9951742887496948
15,0.9910780191421509,0.7880286574363708,0.02451452985405922,1e-06,0.853201150894165,0.9897892475128174,0.9881528615951538,0.9965619444847107,0.986135721206665,0.7594426870346069,0.04955149441957474,0.8645228147506714,0.9855768084526062,0.9833580851554871,0.9951562881469727
16,0.9908524751663208,0.7890543937683105,0.025117510929703712,1e-06,0.8570125102996826,0.9896085858345032,0.9878852367401123,0.9964978098869324,0.9861366152763367,0.758393406867981,0.04927201196551323,0.8624425530433655,0.9856150150299072,0.9833115935325623,0.9951699376106262
17,0.9908739328384399,0.7904844880104065,0.02513550966978073,1e-06,0.8544087409973145,0.9896110892295837,0.9879022836685181,0.996498167514801,0.9861468076705933,0.7582895755767822,0.048986706882715225,0.8602726459503174,0.9856217503547668,0.9833046197891235,0.9951701760292053
18,0.990929365158081,0.790684700012207,0.024942342191934586,1e-06,0.8534014225006104,0.9896801114082336,0.9879938364028931,0.9965230822563171,0.9861829280853271,0.7585142850875854,0.04936274513602257,0.8626568913459778,0.9856655597686768,0.9833361506462097,0.9951852560043335
19,0.990740954875946,0.7906115651130676,0.025298072025179863,1e-06,0.8554667234420776,0.989506185054779,0.9877485036849976,0.9964649081230164,0.9862414002418518,0.7596235871315002,0.04953111335635185,0.8649604320526123,0.9857044816017151,0.9834514260292053,0.9951968789100647
20,0.9909700155258179,0.7892168164253235,0.024762922897934914,1e-06,0.8565831184387207,0.9897015690803528,0.9880770444869995,0.9965380430221558,0.9861197471618652,0.7591790556907654,0.04926101118326187,0.8636314868927002,0.9855807423591614,0.983323872089386,0.9951561093330383
21,0.9907301664352417,0.7843767404556274,0.025487512350082397,1e-06,0.8566619157791138,0.9895061254501343,0.9877409934997559,0.9964621663093567,0.9861318469047546,0.7583726644515991,0.04923394322395325,0.8630996942520142,0.9856297969818115,0.9832909107208252,0.9951744079589844
22,0.9912564754486084,0.7941197156906128,0.02412642166018486,1e-06,0.856691300868988,0.989957869052887,0.9883240461349487,0.9966152310371399,0.986175000667572,0.7598908543586731,0.04960758611559868,0.86565101146698,0.9856283664703369,0.9833889603614807,0.9951732158660889
23,0.9910004734992981,0.7951927185058594,0.024850087240338326,1e-06,0.8586021661758423,0.9897112846374512,0.9880619645118713,0.9965290427207947,0.9862000346183777,0.7594146132469177,0.04946437105536461,0.8648109436035156,0.9856657981872559,0.9833834767341614,0.9951863884925842
24,0.9908994436264038,0.7926873564720154,0.024942010641098022,1e-06,0.8585268259048462,0.9896292090415955,0.9879145622253418,0.9965055584907532,0.9862176775932312,0.7588720917701721,0.04905097186565399,0.8657076358795166,0.9857038259506226,0.9833971858024597,0.9951974749565125
25,0.991196870803833,0.797132134437561,0.02421802468597889,1e-06,0.8592560887336731,0.9898863434791565,0.9882581830024719,0.996590793132782,0.9861566424369812,0.7601749897003174,0.049765802919864655,0.8670909404754639,0.9856170415878296,0.9833727478981018,0.9951691627502441
26,0.9910250902175903,0.7888442277908325,0.02468603476881981,1e-06,0.8585652112960815,0.9897873401641846,0.9881107211112976,0.9965553283691406,0.9861093759536743,0.7595527768135071,0.04922015964984894,0.8647092580795288,0.9855726957321167,0.983313262462616,0.9951543211936951
27,0.9910180568695068,0.7888208627700806,0.02472100220620632,1e-06,0.8595681190490723,0.9897211194038391,0.9880648255348206,0.9965348839759827,0.9861540794372559,0.7607677578926086,0.04942163825035095,0.8674124479293823,0.9855861067771912,0.9834058284759521,0.9951589703559875
28,0.9912534952163696,0.7937051653862,0.02400955557823181,1e-06,0.858417272567749,0.9899364709854126,0.9883682131767273,0.9966076016426086,0.9862203598022461,0.761252760887146,0.04990129545331001,0.8673208951950073,0.9856482148170471,0.9834715723991394,0.9951803684234619
29,0.9911972284317017,0.7960555553436279,0.024285441264510155,1e-06,0.8607925176620483,0.9899003505706787,0.988294243812561,0.9965963363647461,0.9862293004989624,0.7607646584510803,0.04971984401345253,0.8675086498260498,0.9856798648834229,0.9834690690040588,0.9951916337013245
30,0.9913498759269714,0.7988327741622925,0.023844756186008453,1e-06,0.8626689314842224,0.9900597929954529,0.9884815216064453,0.9966472387313843,0.986149251461029,0.7608323693275452,0.05007843300700188,0.8684825897216797,0.9855931401252747,0.983415961265564,0.9951636791229248
31,0.9913753271102905,0.7956461906433105,0.023687239736318588,1e-06,0.8632947206497192,0.990024745464325,0.9884840846061707,0.9966380596160889,0.986171305179596,0.7611166834831238,0.049497753381729126,0.8670313954353333,0.985591471195221,0.9834300875663757,0.9951639175415039
32,0.9914202690124512,0.7997038960456848,0.023623144254088402,1e-06,0.862987220287323,0.9900481104850769,0.9885347485542297,0.9966479539871216,0.9861433506011963,0.7607757449150085,0.0501861646771431,0.8702102899551392,0.9855876564979553,0.9834051728248596,0.995161771774292
33,0.9912752509117126,0.7989189624786377,0.024048803374171257,1e-06,0.8659372329711914,0.9899575710296631,0.9883573651313782,0.9966145157814026,0.9862228035926819,0.7602859735488892,0.04960425943136215,0.8712354898452759,0.9856916069984436,0.9834675192832947,0.9951926469802856
34,0.9912649393081665,0.7959064245223999,0.024261267855763435,1e-06,0.8654292821884155,0.9899504780769348,0.9883125424385071,0.9966137409210205,0.9862027168273926,0.7604760527610779,0.04948265850543976,0.8680670857429504,0.9856734871864319,0.9834442734718323,0.9951891899108887
35,0.9913308620452881,0.7926322221755981,0.023897774517536163,1e-06,0.8634764552116394,0.9900228977203369,0.9884629249572754,0.9966436624526978,0.9861997961997986,0.761227548122406,0.049631595611572266,0.8687265515327454,0.9856416583061218,0.9834675192832947,0.9951793551445007
36,0.9914354681968689,0.7942607998847961,0.02371918223798275,1e-06,0.862439751625061,0.9901250004768372,0.988567054271698,0.9966733455657959,0.9861997961997986,0.762338399887085,0.04956648498773575,0.8694770932197571,0.9856075644493103,0.9835062026977539,0.9951678514480591
37,0.9913610816001892,0.7983373999595642,0.023861179128289223,1e-06,0.8634873628616333,0.9900294542312622,0.9884731769561768,0.9966371655464172,0.9862419366836548,0.7614927887916565,0.04965389519929886,0.8705393671989441,0.9857025742530823,0.9835217595100403,0.9951985478401184
38,0.9916156530380249,0.7989334464073181,0.023331809788942337,1e-06,0.8654352426528931,0.9902598857879639,0.9887828230857849,0.9967215061187744,0.9863064289093018,0.7619916200637817,0.049852099269628525,0.8696750998497009,0.9857361316680908,0.9835761785507202,0.9952104091644287
39,0.991462767124176,0.8041031360626221,0.023444177582859993,1e-06,0.8645755052566528,0.9901423454284668,0.9885666370391846,0.9966768026351929,0.9862170219421387,0.7621514201164246,0.049967944622039795,0.8711288571357727,0.9856427907943726,0.9835212826728821,0.9951804876327515
40,0.9913658499717712,0.7982563376426697,0.023861447349190712,1e-06,0.8653221726417542,0.9900303483009338,0.9884351491928101,0.9966394901275635,0.9862380027770996,0.7620455622673035,0.0504223071038723,0.872254490852356,0.9856715202331543,0.9835283160209656,0.9951894879341125
41,0.9913327097892761,0.7937844395637512,0.023833880200982094,1e-06,0.8656020760536194,0.9899925589561462,0.988497257232666,0.9966306686401367,0.9863299131393433,0.7622402906417847,0.04972173646092415,0.8719301223754883,0.985764741897583,0.9835972785949707,0.9952195882797241
42,0.9914284348487854,0.7985173463821411,0.023569226264953613,1e-06,0.8649638295173645,0.9900642037391663,0.9885315895080566,0.9966512322425842,0.9862666130065918,0.7614520192146301,0.04980123043060303,0.8727151155471802,0.9857299327850342,0.9835457801818848,0.9952074885368347
43,0.9915686845779419,0.8004211187362671,0.023445306345820427,1e-06,0.8668918013572693,0.9902192950248718,0.9886726140975952,0.9967019557952881,0.9862560033798218,0.7627898454666138,0.05026373639702797,0.8740430474281311,0.9856674671173096,0.9835893511772156,0.9951890707015991
44,0.9914332032203674,0.795665979385376,0.02373388782143593,1e-06,0.8665553331375122,0.9900910258293152,0.9885384440422058,0.996661901473999,0.9862865209579468,0.7626368403434753,0.04987107962369919,0.8712517023086548,0.9857194423675537,0.983587920665741,0.9952042698860168
45,0.9914160966873169,0.796130359172821,0.023695629090070724,1e-06,0.8661766648292542,0.990082859992981,0.9885618686676025,0.9966645836830139,0.9862844347953796,0.7621877193450928,0.049840617924928665,0.8722683191299438,0.9857224822044373,0.9835718274116516,0.995204508304596
46,0.9914469122886658,0.7998614311218262,0.023664800450205803,1e-06,0.8676939010620117,0.9900716543197632,0.988499104976654,0.9966513514518738,0.9862989783287048,0.7625108957290649,0.05052622780203819,0.874125599861145,0.985724687576294,0.9836131930351257,0.9952073097229004
47,0.9916325807571411,0.7990820407867432,0.02308478206396103,1e-06,0.8687398433685303,0.9902950525283813,0.9888312220573425,0.9967311024665833,0.9862574934959412,0.7637483477592468,0.050799351185560226,0.874770998954773,0.9856428503990173,0.9836079478263855,0.9951800107955933
48,0.9915727972984314,0.8031999468803406,0.0231719259172678,1e-06,0.8684972524642944,0.9901818633079529,0.9887482523918152,0.9966980814933777,0.986304521560669,0.7626187801361084,0.05036144703626633,0.8735309839248657,0.9857581257820129,0.983597993850708,0.9952157735824585
49,0.9916596412658691,0.7995714545249939,0.023143097758293152,1e-06,0.8668948411941528,0.9902855753898621,0.9887762069702148,0.9967261552810669,0.9862943887710571,0.762992799282074,0.050632294267416,0.8753283023834229,0.9857116341590881,0.9836669564247131,0.9952033758163452
50,0.9914476871490479,0.8069184422492981,0.023545879870653152,1e-06,0.8677215576171875,0.9900673627853394,0.9885463714599609,0.9966549277305603,0.98624587059021,0.7629526257514954,0.05015566945075989,0.871755838394165,0.9856597781181335,0.9835807681083679,0.9951896071434021
51,0.9916229844093323,0.7988162040710449,0.023222526535391808,1e-06,0.8669998645782471,0.9902607798576355,0.9887917041778564,0.9967195391654968,0.986247181892395,0.7637254595756531,0.0504097044467926,0.8736869096755981,0.9856358170509338,0.9836033582687378,0.9951805472373962
52,0.9917387366294861,0.8029462695121765,0.022863905876874924,1e-06,0.8677118420600891,0.9903574585914612,0.9889140725135803,0.9967507123947144,0.9862155318260193,0.7628204822540283,0.05080385133624077,0.8747252225875854,0.9856489300727844,0.9835764169692993,0.9951842427253723
53,0.9914377927780151,0.8006599545478821,0.023791255429387093,1e-06,0.8683102130889893,0.9900285601615906,0.9885126948356628,0.9966450333595276,0.98624587059021,0.7612574696540833,0.05045261234045029,0.8739879131317139,0.9857358932495117,0.9835256338119507,0.9952101707458496
54,0.9917318224906921,0.8048760890960693,0.0228525772690773,1e-06,0.8678423166275024,0.99034184217453,0.9888260364532471,0.9967464804649353,0.9863187074661255,0.7638832926750183,0.0506557822227478,0.8760072588920593,0.9857370853424072,0.9836881756782532,0.995212197303772
55,0.9918310046195984,0.8028947114944458,0.022606922313570976,1e-06,0.8701012134552002,0.9904264807701111,0.9890547394752502,0.9967711567878723,0.9863079786300659,0.7636473178863525,0.05068032070994377,0.8734147548675537,0.9857189059257507,0.9836493134498596,0.9952054023742676
56,0.9920018315315247,0.8071317076683044,0.022251620888710022,1e-06,0.8689401149749756,0.9905612468719482,0.9891482591629028,0.9968194365501404,0.9862505197525024,0.7644122242927551,0.05135563760995865,0.876346230506897,0.9856392741203308,0.9836648106575012,0.995181679725647
57,0.9915738701820374,0.8010007739067078,0.02333649806678295,1e-06,0.8733009099960327,0.990192711353302,0.9887005686759949,0.9966919422149658,0.9862096309661865,0.764632523059845,0.05123601853847504,0.874280571937561,0.9855838418006897,0.9836207628250122,0.9951639175415039
58,0.9917710423469543,0.8018767833709717,0.022779593244194984,1e-06,0.8702133893966675,0.9903834462165833,0.9889355897903442,0.996759295463562,0.9863015413284302,0.7638347744941711,0.05084780231118202,0.876174807548523,0.9857310652732849,0.9836774468421936,0.9952086210250854
59,0.991836667060852,0.8015288710594177,0.02268061228096485,1e-06,0.8729732036590576,0.9904229640960693,0.9889965653419495,0.9967712163925171,0.9863200783729553,0.7643419504165649,0.05122532695531845,0.8777375221252441,0.985734760761261,0.9837188124656677,0.9952106475830078
60,0.9917953014373779,0.8019881844520569,0.02274504490196705,1e-06,0.8724000453948975,0.9903858304023743,0.9889898896217346,0.9967682957649231,0.9863108992576599,0.7643457651138306,0.05173508822917938,0.8790477514266968,0.9857237935066223,0.98370361328125,0.9952060580253601
61,0.9919054508209229,0.8108034133911133,0.022410908713936806,1e-06,0.8726358413696289,0.990473210811615,0.9890909790992737,0.9967949986457825,0.9861982464790344,0.7641109824180603,0.0514618456363678,0.8752104043960571,0.985613226890564,0.9836025834083557,0.995172381401062
62,0.9918462038040161,0.806355893611908,0.022681523114442825,1e-06,0.8718042969703674,0.9903987646102905,0.9890013933181763,0.996766209602356,0.986281156539917,0.7647567391395569,0.05181266367435455,0.8772640228271484,0.9856684803962708,0.9836959838867188,0.9951921701431274
63,0.9918813109397888,0.8023681640625,0.022539403289556503,1e-06,0.8719744682312012,0.9904201626777649,0.9890891313552856,0.9967781901359558,0.9863171577453613,0.7642492055892944,0.05174369364976883,0.8767424821853638,0.985725462436676,0.9837033748626709,0.9952069520950317
64,0.9918930530548096,0.8062348961830139,0.02243659272789955,1e-06,0.8714384436607361,0.9904701709747314,0.9890719652175903,0.9967942833900452,0.9862650632858276,0.7640752196311951,0.051782406866550446,0.8772772550582886,0.9856853485107422,0.9836515188217163,0.9951961040496826
65,0.991919755935669,0.8087994456291199,0.022483734413981438,1e-06,0.8739595413208008,0.9905086755752563,0.98908531665802,0.9968023300170898,0.986315131187439,0.7655965089797974,0.0516183115541935,0.8785505294799805,0.9856950640678406,0.9837566018104553,0.9951985478401184
66,0.9919350147247314,0.8078113794326782,0.02227463200688362,1e-06,0.873671293258667,0.9904815554618835,0.9891080856323242,0.9967988729476929,0.9862409234046936,0.7637832760810852,0.05231904983520508,0.8795485496520996,0.9856504797935486,0.983651876449585,0.9951850175857544
67,0.9920574426651001,0.8071898818016052,0.021964631974697113,1e-06,0.8757744431495667,0.9906254410743713,0.9892911911010742,0.9968454241752625,0.986260175704956,0.764288067817688,0.0519639290869236,0.8786672353744507,0.985670804977417,0.9836734533309937,0.9951928853988647
68,0.9919583797454834,0.8096550703048706,0.0223538838326931,1e-06,0.8723896741867065,0.9904992580413818,0.9891272783279419,0.9968012571334839,0.9863665699958801,0.7646575570106506,0.052513331174850464,0.8805221319198608,0.9857799410820007,0.9837918281555176,0.9952267408370972
69,0.9920458793640137,0.8102374076843262,0.02202797867357731,1e-06,0.8756431937217712,0.9906103610992432,0.98923259973526,0.9968363642692566,0.9863215088844299,0.7651351690292358,0.0527036152780056,0.8811962604522705,0.9857056736946106,0.9837660789489746,0.9952046275138855
70,0.9919247627258301,0.8112618327140808,0.02238808386027813,1e-06,0.8764255046844482,0.9904646277427673,0.989098072052002,0.996786892414093,0.986201822757721,0.7641127109527588,0.05264347791671753,0.878270149230957,0.9856105446815491,0.9836240410804749,0.995175302028656
71,0.9920318722724915,0.8073260188102722,0.022180642932653427,1e-06,0.8756308555603027,0.9905869960784912,0.9892433881759644,0.9968298077583313,0.9862952828407288,0.7652398943901062,0.05254644155502319,0.8799960017204285,0.98566734790802,0.9837352633476257,0.9951918721199036
72,0.9918826818466187,0.8105753660202026,0.022575201466679573,1e-06,0.8732225298881531,0.9904137253761292,0.9890418648719788,0.9967739582061768,0.9862780570983887,0.764606773853302,0.052789367735385895,0.8792442679405212,0.9856616854667664,0.9837110042572021,0.9951889514923096
73,0.992050051689148,0.8135014772415161,0.022017505019903183,1e-06,0.8766374588012695,0.9905823469161987,0.9892736673355103,0.9968316555023193,0.9862639307975769,0.7641617655754089,0.05271343141794205,0.879431962966919,0.9856740832328796,0.9836809039115906,0.9951927661895752
74,0.9920565485954285,0.8081567883491516,0.02194185182452202,1e-06,0.8734598755836487,0.9906086325645447,0.989237368106842,0.9968377947807312,0.9863371849060059,0.7650797963142395,0.05299970880150795,0.881547749042511,0.9857259392738342,0.9837929010391235,0.9952120780944824
75,0.992150604724884,0.8098792433738708,0.021808281540870667,1e-06,0.8757627606391907,0.9906542301177979,0.9893206357955933,0.9968541860580444,0.9863061308860779,0.7662206888198853,0.05318944528698921,0.8825547695159912,0.9856750965118408,0.9837896823883057,0.9951966404914856
76,0.9918519258499146,0.8036291599273682,0.02256743796169758,1e-06,0.8769406080245972,0.990436315536499,0.9890351295471191,0.9967823624610901,0.9863293766975403,0.766190230846405,0.05309838429093361,0.8826769590377808,0.9856969714164734,0.9838048815727234,0.9952028393745422
77,0.9919755458831787,0.8103862404823303,0.02215844765305519,1e-06,0.8765214681625366,0.9905157089233398,0.9891775250434875,0.9968056082725525,0.9863086938858032,0.7658952474594116,0.05293655022978783,0.8790770769119263,0.9856883883476257,0.9837576150894165,0.9951993227005005
78,0.9921651482582092,0.8138915300369263,0.021773602813482285,1e-06,0.8731111288070679,0.9906895756721497,0.9893418550491333,0.9968675971031189,0.9862885475158691,0.7657639384269714,0.053276948630809784,0.8798395395278931,0.9856942892074585,0.9837520122528076,0.9951971173286438
79,0.9920980334281921,0.8120898008346558,0.021832874044775963,1e-06,0.8776720762252808,0.9906273484230042,0.98931485414505,0.9968406558036804,0.9863138198852539,0.7663695216178894,0.05299052968621254,0.8798598051071167,0.985679566860199,0.9837775230407715,0.9951969981193542
80,0.9919588565826416,0.8071300387382507,0.022324558347463608,1e-06,0.8752470016479492,0.9904806017875671,0.9891224503517151,0.9967970848083496,0.9862957000732422,0.764809787273407,0.05299194157123566,0.880382776260376,0.9857265949249268,0.9837212562561035,0.9952093958854675
81,0.9920846223831177,0.812228262424469,0.021919026970863342,1e-06,0.8735059499740601,0.9905531406402588,0.9892086386680603,0.9968248605728149,0.9863334894180298,0.7649903297424316,0.05316278710961342,0.8823267817497253,0.9857611656188965,0.9837563633918762,0.9952235221862793
82,0.9920833706855774,0.811985433101654,0.021986665204167366,1e-06,0.876419186592102,0.990607738494873,0.9892783761024475,0.9968363046646118,0.986365020275116,0.7663768529891968,0.052848562598228455,0.8815938234329224,0.985751748085022,0.9838374257087708,0.9952208399772644
83,0.9921781420707703,0.8129574060440063,0.021755408495664597,1e-06,0.8784247040748596,0.9906757473945618,0.9894031286239624,0.9968574643135071,0.9862733483314514,0.7671360373497009,0.05316849797964096,0.8800166249275208,0.9856225252151489,0.983771800994873,0.9951796531677246
84,0.9921358823776245,0.8092380166053772,0.02187349461019039,1e-06,0.8787202835083008,0.9906672239303589,0.9893542528152466,0.9968560934066772,0.9863095879554749,0.7648741602897644,0.05285703390836716,0.8818314075469971,0.9857336282730103,0.9837374687194824,0.9952111840248108
85,0.992080807685852,0.8088747262954712,0.021951725706458092,1e-06,0.8765881061553955,0.9906156063079834,0.9892975091934204,0.9968410134315491,0.986335277557373,0.7655420303344727,0.05297572910785675,0.8832104206085205,0.9857524037361145,0.9837812781333923,0.9952179193496704
86,0.9923057556152344,0.8095512390136719,0.021336179226636887,1e-06,0.8784277439117432,0.990789532661438,0.9895778298377991,0.9969030618667603,0.9862852096557617,0.766204833984375,0.05280417948961258,0.8814820647239685,0.9856607913970947,0.9837700128555298,0.995192289352417
87,0.9922321438789368,0.8102518320083618,0.021652573719620705,1e-06,0.8778368234634399,0.9907597303390503,0.9894178509712219,0.9968868494033813,0.9862915873527527,0.7667799592018127,0.05311339721083641,0.8820745944976807,0.9856465458869934,0.9838027954101562,0.9951863884925842
88,0.9922435879707336,0.8125752806663513,0.021641049534082413,1e-06,0.8780350685119629,0.9907459020614624,0.9894671440124512,0.9968850016593933,0.9863097667694092,0.7664065957069397,0.053486935794353485,0.8837330341339111,0.9856792092323303,0.9838125109672546,0.9951975345611572
89,0.9922846555709839,0.8161900639533997,0.021451586857438087,1e-06,0.8768500089645386,0.9907695651054382,0.9894813895225525,0.9968920350074768,0.9863465428352356,0.7672291994094849,0.05354278162121773,0.8836580514907837,0.9857125282287598,0.9838826656341553,0.9952079653739929
90,0.9922263622283936,0.8131486773490906,0.021657051518559456,1e-06,0.8788280487060547,0.9906994104385376,0.9894055724143982,0.9968715310096741,0.9863084554672241,0.7667577862739563,0.053604573011398315,0.8838227391242981,0.9856835603713989,0.983821451663971,0.9951992630958557
91,0.9921682476997375,0.8137357234954834,0.021721046417951584,1e-06,0.8774837851524353,0.9906429052352905,0.989360511302948,0.9968510866165161,0.9863393306732178,0.76638263463974,0.05387214571237564,0.8843262195587158,0.9857117533683777,0.9838529825210571,0.9952062964439392
92,0.9921997785568237,0.8095735907554626,0.021639075130224228,1e-06,0.8794920444488525,0.9907229542732239,0.9894663095474243,0.9968740940093994,0.9862796068191528,0.7659610509872437,0.05342927947640419,0.8821852207183838,0.9856640100479126,0.9837585091590881,0.9951925277709961
93,0.9922218322753906,0.8144950866699219,0.02164074406027794,1e-06,0.8768142461776733,0.9907283782958984,0.9894024729728699,0.9968758821487427,0.9863143563270569,0.7669368982315063,0.05346551537513733,0.8821793794631958,0.9856835603713989,0.9838308095932007,0.9951987862586975
94,0.9923344254493713,0.8125161528587341,0.02134338580071926,1e-06,0.8779597282409668,0.9908020496368408,0.9895459413528442,0.9969016909599304,0.9862438440322876,0.7673506140708923,0.05340344458818436,0.8824361562728882,0.9855810403823853,0.9837670922279358,0.9951660633087158
95,0.9921997785568237,0.8134444355964661,0.0216629970818758,1e-06,0.8799089193344116,0.9907255172729492,0.9894096255302429,0.9968737363815308,0.9863511323928833,0.7677815556526184,0.05339620262384415,0.883150577545166,0.9856733083724976,0.9838489294052124,0.9951969981193542
96,0.9922699928283691,0.8140758275985718,0.021491585299372673,1e-06,0.8809306025505066,0.9907972812652588,0.9894539713859558,0.9968952536582947,0.986355185508728,0.7662882804870605,0.053436074405908585,0.8850610256195068,0.9857761263847351,0.9838471412658691,0.9952248334884644
97,0.9923585653305054,0.8104847073554993,0.02123158611357212,1e-06,0.881020188331604,0.9908890128135681,0.9896216988563538,0.996934175491333,0.9863336086273193,0.7678161263465881,0.05325551703572273,0.8839211463928223,0.9856860041618347,0.9838775396347046,0.9952008128166199
98,0.9923736453056335,0.8105840086936951,0.021242670714855194,1e-06,0.8799653053283691,0.9908716678619385,0.9896575808525085,0.9969282746315002,0.9863008260726929,0.7665938138961792,0.05355706438422203,0.8854349851608276,0.9856951832771301,0.9838135242462158,0.9952041506767273
99,0.9922840595245361,0.816650390625,0.021375063806772232,1e-06,0.880649209022522,0.9907577633857727,0.9894998669624329,0.9968906044960022,0.9863566160202026,0.7668414115905762,0.05333162844181061,0.8853199481964111,0.9857490658760071,0.9838579893112183,0.9952183365821838
100,0.9924785494804382,0.8150376081466675,0.020969633013010025,1e-06,0.8805665969848633,0.9909557104110718,0.9897281527519226,0.9969567060470581,0.9863149523735046,0.7676117420196533,0.05331244319677353,0.8842490911483765,0.9856679439544678,0.9838418960571289,0.9951948523521423
101,0.9924901723861694,0.8121355772018433,0.021024921908974648,1e-06,0.8805966973304749,0.9910003542900085,0.9897394180297852,0.9969688653945923,0.9863438606262207,0.7672698497772217,0.053216733038425446,0.8845651149749756,0.9857129454612732,0.9838784337043762,0.9952077269554138
102,0.9923179149627686,0.8122029304504395,0.021346673369407654,1e-06,0.8805639743804932,0.9908156394958496,0.9895293116569519,0.9969099164009094,0.986379086971283,0.7680646181106567,0.05325637012720108,0.884621262550354,0.9857373237609863,0.9839234948158264,0.9952166676521301
103,0.9923427700996399,0.8151779174804688,0.021349215880036354,1e-06,0.8803679347038269,0.9908210039138794,0.9895808100700378,0.9969121217727661,0.9863353967666626,0.7673084139823914,0.05303755775094032,0.8842920064926147,0.9856883883476257,0.983862578868866,0.9952009320259094
104,0.9925547242164612,0.810292661190033,0.020675387233495712,1e-06,0.8811672925949097,0.9910498261451721,0.9898481369018555,0.9969900846481323,0.9863737225532532,0.7676872611045837,0.05245316028594971,0.884340226650238,0.9857442378997803,0.9839116334915161,0.9952184557914734
105,0.9924118518829346,0.8124548196792603,0.021168973296880722,1e-06,0.8810599446296692,0.990909993648529,0.9896702766418457,0.9969411492347717,0.9863324761390686,0.7673432230949402,0.05277479812502861,0.8838359713554382,0.9856898188591003,0.9838677048683167,0.9952000379562378
106,0.992405116558075,0.819402813911438,0.021124081686139107,1e-06,0.8817318677902222,0.9908797740936279,0.9895929098129272,0.9969261884689331,0.9863170385360718,0.7665941119194031,0.05333781987428665,0.88567715883255,0.9857158660888672,0.983839213848114,0.9952089786529541
107,0.9924972057342529,0.8142929077148438,0.020941248163580894,1e-06,0.8806951642036438,0.9909676313400269,0.9897135496139526,0.9969537854194641,0.9863533973693848,0.7682000994682312,0.053465086966753006,0.885036826133728,0.9856976270675659,0.9839217066764832,0.9952037930488586
108,0.9922685027122498,0.8158403038978577,0.02152782492339611,1e-06,0.8799843788146973,0.990718424320221,0.9894737601280212,0.9968763589859009,0.9863149523735046,0.7674771547317505,0.05362483486533165,0.8852970600128174,0.9856804609298706,0.9838709831237793,0.9951975345611572
109,0.9925218224525452,0.8163664937019348,0.020911969244480133,1e-06,0.8811846971511841,0.9909709095954895,0.9898084998130798,0.996963381767273,0.9863672256469727,0.7673466205596924,0.05347098037600517,0.8850908279418945,0.9857479333877563,0.9839106202125549,0.995219349861145
110,0.992315948009491,0.8193343281745911,0.02141004614531994,1e-06,0.8810030221939087,0.9907283782958984,0.9894907474517822,0.9968804717063904,0.9863390922546387,0.7678858637809753,0.05283733457326889,0.8842983245849609,0.9856937527656555,0.983893871307373,0.9952032566070557
111,0.9925262928009033,0.8180462718009949,0.02076120115816593,1e-06,0.8839424848556519,0.9909582734107971,0.9897516369819641,0.9969576001167297,0.98634934425354,0.7681429982185364,0.05334221571683884,0.8861783742904663,0.9856880307197571,0.9839267134666443,0.9952005743980408
112,0.9923610091209412,0.8169707655906677,0.021279700100421906,1e-06,0.8808200359344482,0.9907878041267395,0.9895621538162231,0.9968959093093872,0.9863807559013367,0.7679171562194824,0.0535990446805954,0.8854622840881348,0.9857289791107178,0.983931303024292,0.9952136874198914
113,0.9923794269561768,0.8191367983818054,0.021314645186066628,1e-06,0.8805119395256042,0.9907991886138916,0.9895499348640442,0.9969043731689453,0.9863420128822327,0.7673977613449097,0.053213223814964294,0.8848095536231995,0.9857111573219299,0.9838775396347046,0.9952071905136108
114,0.992631196975708,0.8192576766014099,0.020559638738632202,1e-06,0.8795117139816284,0.9910535216331482,0.9898898601531982,0.9969889521598816,0.9863190650939941,0.7687734961509705,0.05349694564938545,0.886156439781189,0.9856416583061218,0.9839191436767578,0.9951867461204529
115,0.9925894141197205,0.8150551915168762,0.020649340003728867,1e-06,0.8825948238372803,0.9910299777984619,0.9898597598075867,0.9969786405563354,0.9863452315330505,0.7683138847351074,0.05390395596623421,0.8868811130523682,0.9856751561164856,0.9839199185371399,0.9951997995376587
116,0.9926624894142151,0.8199666738510132,0.020559929311275482,1e-06,0.8836157917976379,0.9910649061203003,0.9898857474327087,0.9969964027404785,0.9863706231117249,0.7688820362091064,0.053921837359666824,0.8875054717063904,0.9856995344161987,0.983977735042572,0.9952051639556885
117,0.9924899339675903,0.8196716904640198,0.020892063155770302,1e-06,0.8830850124359131,0.9909016489982605,0.989736020565033,0.9969327449798584,0.9863159656524658,0.7683706283569336,0.05363341420888901,0.8863387703895569,0.9856572151184082,0.9839030504226685,0.9951902031898499
118,0.9925600290298462,0.8142490386962891,0.020787224173545837,1e-06,0.8820772171020508,0.9910110831260681,0.9898202419281006,0.996971070766449,0.9863158464431763,0.7687156796455383,0.05383643880486488,0.8865230083465576,0.9856526851654053,0.9839097261428833,0.9951896071434021
119,0.9926757216453552,0.8208628296852112,0.020472710952162743,1e-06,0.8827158212661743,0.9910898804664612,0.9898899793624878,0.9970002174377441,0.9863269925117493,0.7688712477684021,0.053903426975011826,0.8871797323226929,0.985666811466217,0.9839451909065247,0.9951939582824707
120,0.992652177810669,0.8187845349311829,0.020359328016638756,1e-06,0.8824880123138428,0.9910860061645508,0.9899615049362183,0.997000515460968,0.986331045627594,0.769147515296936,0.05326063185930252,0.8869134783744812,0.9856670498847961,0.9839542508125305,0.9951955676078796
121,0.9926930665969849,0.8248468637466431,0.020470885559916496,1e-06,0.8839113712310791,0.9910557866096497,0.9899295568466187,0.9969921708106995,0.986307680606842,0.7686585783958435,0.053440745919942856,0.8873863220214844,0.9856500029563904,0.9839164614677429,0.9951884150505066
122,0.9926631450653076,0.820611298084259,0.020603880286216736,1e-06,0.8846369981765747,0.991085410118103,0.9899415373802185,0.9969974756240845,0.986333966255188,0.7687522768974304,0.05329878255724907,0.886991024017334,0.985674262046814,0.983924925327301,0.9951950907707214
123,0.9926488399505615,0.82203209400177,0.020406339317560196,1e-06,0.8835461735725403,0.9910584688186646,0.9898999929428101,0.9969889521598816,0.9863120317459106,0.7699113488197327,0.0542709156870842,0.8883516788482666,0.9856096506118774,0.9839735627174377,0.9951772093772888
124,0.9926085472106934,0.8230443000793457,0.020701976493000984,1e-06,0.8833593130111694,0.9910212159156799,0.9898201823234558,0.9969757199287415,0.9862855076789856,0.769666314125061,0.053888943046331406,0.8881714344024658,0.9855935573577881,0.9839311838150024,0.9951717257499695
125,0.9927858114242554,0.8234127163887024,0.02022104151546955,1e-06,0.8849648833274841,0.9911690950393677,0.9900639653205872,0.997029185295105,0.9863086938858032,0.7687994837760925,0.054032083600759506,0.888607382774353,0.9856303334236145,0.9839357733726501,0.9951849579811096
126,0.9927109479904175,0.818889856338501,0.020288465544581413,1e-06,0.8860141038894653,0.9911255836486816,0.9900073409080505,0.9970166683197021,0.9862494468688965,0.7691083550453186,0.05374779924750328,0.8864527940750122,0.9855626225471497,0.9838851690292358,0.9951624870300293
127,0.9925624132156372,0.8207458257675171,0.020696168765425682,1e-06,0.8810688257217407,0.9909464120864868,0.9897968173027039,0.9969511032104492,0.9862731099128723,0.767937421798706,0.05376686528325081,0.8880285024642944,0.9856312274932861,0.9839034676551819,0.9951834678649902
128,0.9928615689277649,0.8254320621490479,0.01997898332774639,1e-06,0.8834693431854248,0.991191029548645,0.9901063442230225,0.9970375895500183,0.9863075613975525,0.7690637111663818,0.05421237275004387,0.8894550800323486,0.985650360584259,0.9839423894882202,0.9951872825622559
129,0.992583155632019,0.8213138580322266,0.020684408023953438,1e-06,0.8837982416152954,0.9909737706184387,0.9898479580879211,0.9969666004180908,0.986328661441803,0.7696583271026611,0.053921889513731,0.8876149654388428,0.9856502413749695,0.9839671850204468,0.9951916337013245
130,0.9928711652755737,0.8198361992835999,0.019854776561260223,1e-06,0.8846933841705322,0.9912877082824707,0.9901776313781738,0.9970623254776001,0.9862961769104004,0.7697893381118774,0.05451889708638191,0.8899155855178833,0.9856112599372864,0.9839723706245422,0.9951778650283813
131,0.9927403926849365,0.8206374645233154,0.02030370756983757,1e-06,0.8867846727371216,0.9911594390869141,0.9900134205818176,0.99702388048172,0.9863089919090271,0.7691378593444824,0.05422505363821983,0.8878846764564514,0.9856311678886414,0.9839462041854858,0.995184063911438
132,0.9928253293037415,0.8212819695472717,0.02005734294652939,1e-06,0.8848626017570496,0.9912091493606567,0.9901071190834045,0.9970369338989258,0.9863117933273315,0.7697899341583252,0.054150212556123734,0.8874311447143555,0.985626757144928,0.9839572310447693,0.9951819181442261
133,0.9927624464035034,0.8197723031044006,0.020270640030503273,1e-06,0.8838421702384949,0.9911471605300903,0.9900429248809814,0.9970208406448364,0.9863375425338745,0.7685381770133972,0.05403057113289833,0.887540340423584,0.9856826663017273,0.9839521050453186,0.9952011108398438
134,0.9928759932518005,0.8264309763908386,0.01991403102874756,1e-06,0.8828286528587341,0.9912502765655518,0.9901711940765381,0.9970496296882629,0.9864050149917603,0.7699276804924011,0.054027631878852844,0.8876255750656128,0.9857154488563538,0.9840304851531982,0.9952104091644287
135,0.9925381541252136,0.8248144388198853,0.020831994712352753,1e-06,0.8848670125007629,0.9909278750419617,0.9897568225860596,0.996947169303894,0.9863781929016113,0.7698288559913635,0.05459390580654144,0.8889909982681274,0.9856888055801392,0.9840149283409119,0.9952020049095154
136,0.9928078055381775,0.8201848864555359,0.02019461616873741,1e-06,0.8863970041275024,0.9911937713623047,0.990065336227417,0.9970338940620422,0.9863453507423401,0.7693450450897217,0.054922111332416534,0.8890464305877686,0.9856647849082947,0.9839773774147034,0.9951954483985901
137,0.9927752614021301,0.8260267376899719,0.020234206691384315,1e-06,0.8853987455368042,0.9911412596702576,0.990037202835083,0.997015118598938,0.9863411784172058,0.7699984312057495,0.054873839020729065,0.890133261680603,0.9856411814689636,0.9840062260627747,0.9951866269111633
138,0.9930256009101868,0.8277729153633118,0.019592085853219032,1e-06,0.8855913281440735,0.9913516044616699,0.9903362393379211,0.9970915913581848,0.9862928986549377,0.7698267698287964,0.05500892177224159,0.8902819156646729,0.9856024980545044,0.9839727878570557,0.9951754212379456
139,0.9929313659667969,0.8254311680793762,0.01970481686294079,1e-06,0.8867158889770508,0.9913368821144104,0.9902504086494446,0.9970858693122864,0.9863147139549255,0.7702859044075012,0.05508597940206528,0.8894916772842407,0.985618531703949,0.9840052127838135,0.995181143283844
140,0.9927694201469421,0.8258649110794067,0.020140815526247025,1e-06,0.8856492042541504,0.9911468625068665,0.9900419116020203,0.9970176815986633,0.9862792491912842,0.7692843675613403,0.05466270074248314,0.8885768055915833,0.9856083393096924,0.9839362502098083,0.9951798915863037
141,0.9928666353225708,0.8233653903007507,0.019989291206002235,1e-06,0.8840800523757935,0.9912340641021729,0.9901437759399414,0.9970463514328003,0.9862807393074036,0.7704443335533142,0.0553947314620018,0.8890743851661682,0.9855862259864807,0.9839597344398499,0.9951680302619934
142,0.9927666783332825,0.8213096857070923,0.020213287323713303,1e-06,0.8855299353599548,0.9911255836486816,0.990015983581543,0.9970163702964783,0.9863066673278809,0.771327555179596,0.05496617406606674,0.8886761665344238,0.9855707883834839,0.9840141534805298,0.9951670169830322
143,0.9928629994392395,0.820358157157898,0.01992548629641533,1e-06,0.8856318593025208,0.9912201762199402,0.9901633858680725,0.9970523715019226,0.9863330721855164,0.7701530456542969,0.0549527145922184,0.8891883492469788,0.9856384992599487,0.9840226769447327,0.9951862692832947
144,0.9928684830665588,0.8291450142860413,0.019946906715631485,1e-06,0.8849321603775024,0.9912323355674744,0.9901522994041443,0.9970507621765137,0.9862553477287292,0.7697528600692749,0.0548650398850441,0.8889453411102295,0.9855654239654541,0.9839450716972351,0.9951639175415039
145,0.9930997490882874,0.8261713981628418,0.01937120035290718,1e-06,0.886276364326477,0.9914441704750061,0.9904166460037231,0.997123658657074,0.9862480759620667,0.7704582214355469,0.055059295147657394,0.8886395692825317,0.9855237007141113,0.9839500188827515,0.9951489567756653
146,0.9928314089775085,0.8216587901115417,0.020077496767044067,1e-06,0.885913610458374,0.9912440180778503,0.9901535511016846,0.9970496892929077,0.986298143863678,0.7703942656517029,0.054909203201532364,0.8889297246932983,0.9856045246124268,0.9839876890182495,0.9951764345169067
147,0.992946445941925,0.8255063891410828,0.019674159586429596,1e-06,0.8859071731567383,0.9913309812545776,0.9902454614639282,0.9970818758010864,0.9863460063934326,0.7703375816345215,0.05521877482533455,0.8901747465133667,0.9856809973716736,0.9840419888496399,0.995198130607605
148,0.992974579334259,0.8265239596366882,0.019729165360331535,1e-06,0.8876239061355591,0.991335928440094,0.9902753829956055,0.9970839023590088,0.9863359332084656,0.7704421281814575,0.05445065721869469,0.8887760043144226,0.9856472611427307,0.9840207695960999,0.9951915144920349
149,0.9931809902191162,0.8280922770500183,0.01915520429611206,1e-06,0.8863248825073242,0.9915542602539062,0.990477442741394,0.9971566200256348,0.9863143563270569,0.7707245349884033,0.055252354592084885,0.8902738690376282,0.9856106638908386,0.9840463399887085,0.9951784610748291
150,0.9931169748306274,0.8281541466712952,0.01928575336933136,1e-06,0.8866164684295654,0.991478681564331,0.990445077419281,0.9971340894699097,0.9862769246101379,0.7709767818450928,0.05508413165807724,0.889703631401062,0.9855701923370361,0.9840047359466553,0.9951657056808472
151,0.9930384755134583,0.828618049621582,0.019519567489624023,1e-06,0.8858382701873779,0.9913418292999268,0.9903314113616943,0.997089147567749,0.986257016658783,0.7708449363708496,0.05492701753973961,0.8894237875938416,0.9855318665504456,0.9839921593666077,0.995153546333313
152,0.9929477572441101,0.8271161317825317,0.01964465156197548,1e-06,0.8856320977210999,0.9912887811660767,0.990222692489624,0.9970672726631165,0.9862679839134216,0.7710619568824768,0.05498126149177551,0.889430046081543,0.9855514168739319,0.9839966893196106,0.9951598644256592
153,0.9928975105285645,0.8290700316429138,0.019986173138022423,1e-06,0.8860840797424316,0.9912570118904114,0.9901492595672607,0.9970566034317017,0.9863228797912598,0.7707058191299438,0.05448614060878754,0.8890397548675537,0.9856067895889282,0.9840322732925415,0.9951779842376709
154,0.9928504824638367,0.8228930234909058,0.02001357451081276,1e-06,0.8859376907348633,0.9912020564079285,0.9901158213615417,0.9970420002937317,0.986272931098938,0.770415186882019,0.05463092774152756,0.889290452003479,0.9855862855911255,0.98399817943573,0.9951705932617188
155,0.9931191802024841,0.8252356052398682,0.01936274766921997,1e-06,0.8858669400215149,0.9914625287055969,0.9904131293296814,0.9971271753311157,0.9862300753593445,0.7697383165359497,0.055471163243055344,0.8908647298812866,0.9855600595474243,0.9839611649513245,0.9951603412628174
156,0.993148148059845,0.8288371562957764,0.019305864349007607,1e-06,0.8881033658981323,0.9915021061897278,0.9904542565345764,0.997143030166626,0.9862813949584961,0.7718045711517334,0.055018432438373566,0.8895695209503174,0.9855755567550659,0.984045147895813,0.9951660633087158
157,0.9931377172470093,0.827214777469635,0.019187092781066895,1e-06,0.8894428610801697,0.9915162324905396,0.9905096292495728,0.9971431493759155,0.986342191696167,0.7715896368026733,0.05458846688270569,0.890051543712616,0.985630452632904,0.9840772151947021,0.9951857328414917
158,0.9931933879852295,0.8292222619056702,0.01924164406955242,1e-06,0.8879363536834717,0.9915104508399963,0.9904992580413818,0.9971435070037842,0.98630690574646,0.7704489231109619,0.054553642868995667,0.8900322914123535,0.9856230020523071,0.984028697013855,0.995182454586029
159,0.993130624294281,0.8293431997299194,0.019255267456173897,1e-06,0.8871479034423828,0.991454005241394,0.9904280304908752,0.9971174597740173,0.9862543344497681,0.7717426419258118,0.05546548217535019,0.8911441564559937,0.9855290651321411,0.9840137362480164,0.9951526522636414
160,0.9929909110069275,0.8278653025627136,0.01970149576663971,1e-06,0.8866865634918213,0.9913341403007507,0.9902356863021851,0.99708092212677,0.9862861037254333,0.7720829248428345,0.055347710847854614,0.8909586071968079,0.9855562448501587,0.9840559363365173,0.9951616525650024
161,0.9931454062461853,0.827375054359436,0.019153574481606483,1e-06,0.8882194757461548,0.9914783239364624,0.9904603362083435,0.9971331357955933,0.9862682223320007,0.771490752696991,0.05509388446807861,0.8903464078903198,0.9855470657348633,0.9840275645256042,0.9951587915420532
162,0.9931633472442627,0.8283673524856567,0.019213464111089706,1e-06,0.8863662481307983,0.9914835691452026,0.9904559254646301,0.9971352219581604,0.986262857913971,0.7702903747558594,0.055603038519620895,0.8923432230949402,0.9855880737304688,0.9840199947357178,0.995171308517456
163,0.9931364059448242,0.8311482071876526,0.019349554553627968,1e-06,0.8881649971008301,0.9914414286613464,0.9904606938362122,0.9971193671226501,0.9862724542617798,0.7715792655944824,0.055485911667346954,0.8915464282035828,0.9855575561523438,0.9840421080589294,0.9951590895652771
164,0.9931319355964661,0.8310661911964417,0.019283834844827652,1e-06,0.8898168206214905,0.9914361834526062,0.9904384613037109,0.997120201587677,0.9862766861915588,0.7710903882980347,0.05556388199329376,0.8909022808074951,0.9855678677558899,0.9840353727340698,0.9951636791229248
165,0.9930965900421143,0.8330661654472351,0.019418032839894295,1e-06,0.8858289122581482,0.991383969783783,0.9903910756111145,0.9971016645431519,0.986310601234436,0.7722211480140686,0.05525379627943039,0.8903618454933167,0.9855670928955078,0.9840716123580933,0.9951674938201904
166,0.9930112361907959,0.8329857587814331,0.01957543008029461,1e-06,0.88611900806427,0.991326630115509,0.9902827143669128,0.9970808029174805,0.9863224029541016,0.7718424797058105,0.05541409179568291,0.8906605243682861,0.985588550567627,0.9840837121009827,0.9951726198196411
167,0.993104100227356,0.8293047547340393,0.019384611397981644,1e-06,0.8879389762878418,0.9914100766181946,0.990370512008667,0.9971084594726562,0.9862838387489319,0.7710958123207092,0.05545772239565849,0.890730619430542,0.9855774641036987,0.9840434193611145,0.9951674938201904
168,0.9931357502937317,0.8315652012825012,0.019268939271569252,1e-06,0.8873723745346069,0.9914472699165344,0.990450382232666,0.9971215724945068,0.9862807393074036,0.7709651589393616,0.05525009706616402,0.8906264305114746,0.9855903387069702,0.984026312828064,0.9951714873313904
169,0.9931315183639526,0.8274176120758057,0.019258737564086914,1e-06,0.8888571858406067,0.9914724826812744,0.990433931350708,0.9971292614936829,0.9862997531890869,0.7717609405517578,0.05583933740854263,0.8918024301528931,0.9855771660804749,0.9840905070304871,0.9951673746109009
170,0.9932631254196167,0.8316610455513,0.018902616575360298,1e-06,0.8891546726226807,0.9915951490402222,0.9906075596809387,0.9971677660942078,0.9862545728683472,0.7724617719650269,0.056123826652765274,0.8910555839538574,0.9855200052261353,0.9840546250343323,0.9951528310775757
171,0.9933209419250488,0.8326297402381897,0.01879958249628544,1e-06,0.8885940313339233,0.9916068911552429,0.9906672835350037,0.9971787333488464,0.9862037897109985,0.773352324962616,0.05615786463022232,0.8916800022125244,0.9854469299316406,0.9840353727340698,0.9951281547546387
172,0.9931535720825195,0.8302819132804871,0.01914733275771141,1e-06,0.8902125358581543,0.9914823174476624,0.9904847741127014,0.997128963470459,0.9862780570983887,0.7718724012374878,0.05602245405316353,0.8924543857574463,0.9855670928955078,0.9840712547302246,0.9951648116111755
173,0.9932900071144104,0.8320104479789734,0.01887088268995285,1e-06,0.8868772983551025,0.9915696382522583,0.99063640832901,0.997165322303772,0.9862532019615173,0.7721604108810425,0.056059401482343674,0.8929029703140259,0.9855173230171204,0.9840492606163025,0.9951499700546265
174,0.9932767152786255,0.8315979838371277,0.019038891419768333,1e-06,0.8885453939437866,0.9915906190872192,0.9906184077262878,0.9971721172332764,0.9862769246101379,0.7721191644668579,0.05624524876475334,0.892703652381897,0.9855419397354126,0.9840825796127319,0.9951585531234741
175,0.9933457970619202,0.831114649772644,0.01870211586356163,1e-06,0.8903540372848511,0.9916253089904785,0.9906815886497498,0.99718177318573,0.9862661957740784,0.7728276252746582,0.056233134120702744,0.8929542303085327,0.9855355620384216,0.9840841293334961,0.995154619216919
176,0.9932868480682373,0.8328677415847778,0.018923332914710045,1e-06,0.8899874687194824,0.9915928840637207,0.99061119556427,0.9971684813499451,0.9862695336341858,0.7726518511772156,0.05577084422111511,0.8907665014266968,0.985541820526123,0.9840681552886963,0.995158314704895
177,0.9934001564979553,0.8366615176200867,0.01860624924302101,1e-06,0.8908495903015137,0.9916781783103943,0.9907382130622864,0.997199296951294,0.986237108707428,0.773077666759491,0.05710695683956146,0.8933417797088623,0.9854860305786133,0.9840725064277649,0.9951403141021729
178,0.9931871294975281,0.8328309059143066,0.019200408831238747,1e-06,0.8884972333908081,0.9914653897285461,0.9904735684394836,0.9971286654472351,0.9862306714057922,0.7716419696807861,0.056480180472135544,0.8922118544578552,0.9855225682258606,0.9840371608734131,0.995151162147522
179,0.9933279156684875,0.835749089717865,0.018907323479652405,1e-06,0.8879927396774292,0.9915748238563538,0.9906181693077087,0.9971646666526794,0.9862617254257202,0.7727764844894409,0.05641373246908188,0.8919001817703247,0.9855052828788757,0.9840883612632751,0.9951487183570862
180,0.993204653263092,0.8350907564163208,0.019167842343449593,1e-06,0.8882617950439453,0.9914461970329285,0.9904921650886536,0.9971253275871277,0.9862905740737915,0.7729503512382507,0.056667573750019073,0.8919950127601624,0.98554527759552,0.9840977787971497,0.9951586723327637
181,0.9932916164398193,0.8358396887779236,0.01894838735461235,1e-06,0.8893296718597412,0.9915393590927124,0.9905831217765808,0.9971572756767273,0.9862221479415894,0.7712001204490662,0.057186976075172424,0.8931012749671936,0.985507607460022,0.9840266704559326,0.995147168636322
182,0.9932924509048462,0.8379918932914734,0.018822036683559418,1e-06,0.8890508413314819,0.9915295243263245,0.9905957579612732,0.9971495866775513,0.9862572550773621,0.772250771522522,0.05630352720618248,0.8927077651023865,0.9855293035507202,0.984082818031311,0.9951536059379578
183,0.9933554530143738,0.8326960802078247,0.018745889887213707,1e-06,0.8895687460899353,0.9915975332260132,0.990673303604126,0.9971781373023987,0.9862006902694702,0.7722523808479309,0.05659675598144531,0.8902848958969116,0.9854646921157837,0.9840158224105835,0.9951338171958923
184,0.9934229254722595,0.8355201482772827,0.018534043803811073,1e-06,0.8896234035491943,0.9916784763336182,0.990760087966919,0.9972010254859924,0.986253023147583,0.77252596616745,0.05694063752889633,0.8933897018432617,0.9855287671089172,0.9840892553329468,0.9951547384262085
185,0.99335116147995,0.8327987790107727,0.018780577927827835,1e-06,0.8919371962547302,0.9916480779647827,0.9907060861587524,0.9971928596496582,0.9862567782402039,0.7718088626861572,0.0568292960524559,0.8921507000923157,0.9855393767356873,0.984070360660553,0.9951565265655518
186,0.9933786988258362,0.8306899666786194,0.01861947774887085,1e-06,0.8894423842430115,0.9917107820510864,0.9907335638999939,0.9972094297409058,0.9862340092658997,0.772282063961029,0.05652565136551857,0.89248126745224,0.9855166673660278,0.9840746521949768,0.9951481819152832
187,0.9932604432106018,0.8334677219390869,0.01893424801528454,1e-06,0.8903744220733643,0.9915335178375244,0.9905827641487122,0.9971491098403931,0.9861852526664734,0.7731269598007202,0.056230004876852036,0.8922032117843628,0.9854376316070557,0.984036386013031,0.9951238036155701
188,0.9934298992156982,0.8351492881774902,0.018553515896201134,1e-06,0.890073299407959,0.9916972517967224,0.9907521605491638,0.9972109198570251,0.9862266182899475,0.7721068263053894,0.05625441297888756,0.8928476572036743,0.9854826927185059,0.9840539693832397,0.9951382875442505
189,0.9932952523231506,0.8346549272537231,0.018983643501996994,1e-06,0.8898163437843323,0.9915922284126282,0.9906251430511475,0.9971726536750793,0.9862297773361206,0.7714676260948181,0.05585970729589462,0.8904727101325989,0.9855058193206787,0.9840132594108582,0.9951446652412415
190,0.9933550953865051,0.8359953761100769,0.01872716099023819,1e-06,0.8878427743911743,0.9916315078735352,0.9906830787658691,0.9971846342086792,0.9862682223320007,0.7721675038337708,0.05587271228432655,0.8918042182922363,0.9855411648750305,0.9840908646583557,0.9951571822166443
191,0.993577241897583,0.836283266544342,0.018029101192951202,1e-06,0.8902114629745483,0.9918481707572937,0.9909586906433105,0.9972580671310425,0.986244261264801,0.7723362445831299,0.0565246120095253,0.8939348459243774,0.9855173230171204,0.9841081500053406,0.995151937007904
192,0.993366003036499,0.8349513411521912,0.01876131445169449,1e-06,0.8874031901359558,0.9916197061538696,0.9906946420669556,0.9971768260002136,0.9862605929374695,0.7730035185813904,0.056093405932188034,0.8911712169647217,0.9854946732521057,0.9840946197509766,0.9951444864273071
193,0.9932469725608826,0.835562527179718,0.019046355038881302,1e-06,0.8876829147338867,0.9915006160736084,0.9904955625534058,0.9971347451210022,0.9862505197525024,0.7728288769721985,0.05643690377473831,0.8927549123764038,0.9855059385299683,0.9840846657752991,0.9951489567756653
194,0.9934348464012146,0.834973156452179,0.01856953278183937,1e-06,0.8885765671730042,0.9916750192642212,0.9907504320144653,0.997195839881897,0.9862128496170044,0.7724609971046448,0.056424014270305634,0.8926948308944702,0.9854769706726074,0.9840587377548218,0.9951366186141968
195,0.993462085723877,0.8369283080101013,0.018552817404270172,1e-06,0.8899767398834229,0.9916911125183105,0.9907475113868713,0.9972067475318909,0.986176073551178,0.7720812559127808,0.057116955518722534,0.8918828964233398,0.9854426383972168,0.984005868434906,0.9951257705688477
196,0.9932874441146851,0.8361504077911377,0.018905233591794968,1e-06,0.890103816986084,0.9915462732315063,0.9905849099159241,0.9971523880958557,0.986250102519989,0.7717938423156738,0.05675404146313667,0.8924514651298523,0.9855334162712097,0.9840685725212097,0.995155394077301
197,0.9934653043746948,0.8357336521148682,0.01848651096224785,1e-06,0.8917756080627441,0.9917213916778564,0.9907527565956116,0.9972148537635803,0.9862260818481445,0.7726538777351379,0.056991592049598694,0.8934381008148193,0.9854908585548401,0.9840809106826782,0.9951436519622803
198,0.9934988021850586,0.8351583480834961,0.018405470997095108,1e-06,0.8899221420288086,0.9917977452278137,0.9908690452575684,0.9972383379936218,0.9862521290779114,0.7730534672737122,0.057180117815732956,0.8937362432479858,0.9855057001113892,0.9841163158416748,0.9951466917991638
199,0.9934987425804138,0.837344765663147,0.01842685602605343,1e-06,0.8908585906028748,0.9917802810668945,0.9908512830734253,0.9972317814826965,0.9862204790115356,0.7726107239723206,0.05705699324607849,0.8930966854095459,0.9854710698127747,0.9840671420097351,0.9951368570327759
