epoch,accuracy,dice_coef,loss,lr,mean_io_u,precision,sensitivity,specificity,val_accuracy,val_dice_coef,val_loss,val_mean_io_u,val_precision,val_sensitivity,val_specificity
0,0.9526771903038025,0.3986976146697998,0.14312143623828888,1e-04,0.6484518647193909,0.9727624654769897,0.9301548600196838,0.9907609820365906,0.9598867297172546,0.462152361869812,0.112282395362854,0.7962723970413208,0.9699243307113647,0.948330283164978,0.9897787570953369
1,0.9652958512306213,0.4946887791156769,0.09231200069189072,1e-04,0.6932421922683716,0.9789148569107056,0.9490694403648376,0.9926761984825134,0.9714760184288025,0.5509831309318542,0.08167194575071335,0.7661967873573303,0.979895830154419,0.9595142602920532,0.9930841326713562
2,0.9724825024604797,0.5718511939048767,0.0738024115562439,1e-04,0.7510836124420166,0.978939414024353,0.962870180606842,0.9928470253944397,0.9734575152397156,0.5861993432044983,0.07300036400556564,0.780479907989502,0.978492796421051,0.9657522439956665,0.9926904439926147
3,0.975676417350769,0.6107798218727112,0.06571710109710693,1e-04,0.7471917271614075,0.9799991250038147,0.9681774377822876,0.9932211637496948,0.9754748344421387,0.6334846615791321,0.06963624805212021,0.7825661897659302,0.9782519340515137,0.9697016477584839,0.9926751255989075
4,0.9793692827224731,0.6502095460891724,0.05546414479613304,1e-04,0.749417781829834,0.9819200038909912,0.9735082983970642,0.9938988089561462,0.9770376086235046,0.6491637229919434,0.06282880902290344,0.7559164762496948,0.9803006052970886,0.9708343744277954,0.9933390021324158
5,0.9811250567436218,0.6747242212295532,0.05060522258281708,1e-04,0.7594133615493774,0.9830002188682556,0.9758992195129395,0.9942527413368225,0.9798449873924255,0.67266446352005,0.05875994637608528,0.7826957702636719,0.9812009334564209,0.9753295183181763,0.9936746954917908
6,0.9811520576477051,0.6703414916992188,0.0502716563642025,1e-04,0.7673953771591187,0.9829269051551819,0.9758929014205933,0.9942414164543152,0.9799408912658691,0.6715624332427979,0.05739825218915939,0.7656559944152832,0.9816692471504211,0.9752225279808044,0.9938098788261414
7,0.9834926724433899,0.699658215045929,0.04436380788683891,1e-04,0.7980429530143738,0.9845033884048462,0.978955090045929,0.9947667121887207,0.9811394810676575,0.6955256462097168,0.055763714015483856,0.8209859132766724,0.9819597601890564,0.9770756959915161,0.9939355254173279
8,0.9838054180145264,0.7077213525772095,0.04344042018055916,1e-04,0.7803488373756409,0.9845052361488342,0.9794420003890991,0.9947946071624756,0.9807296395301819,0.6897122263908386,0.05572310462594032,0.7523630857467651,0.9821820855140686,0.9762001037597656,0.9939761757850647
9,0.9855698347091675,0.7266766428947449,0.03918841481208801,1e-04,0.7639728784561157,0.9858131408691406,0.981652021408081,0.9952173829078674,0.9813970327377319,0.6924078464508057,0.056015416979789734,0.7315505743026733,0.9830405116081238,0.9766045212745667,0.9942785501480103
10,0.9876565337181091,0.7447162866592407,0.033584050834178925,2e-05,0.7954099178314209,0.9874729514122009,0.9838141798973083,0.9957772493362427,0.9831259250640869,0.7187745571136475,0.05253348872065544,0.8219587802886963,0.9834768176078796,0.9796741604804993,0.9944405555725098
11,0.9885848164558411,0.7639662027359009,0.031085843220353127,2e-05,0.8278019428253174,0.9881347417831421,0.9850661754608154,0.9959972500801086,0.9827525615692139,0.7172189950942993,0.054416269063949585,0.8433511853218079,0.9833477139472961,0.9791581630706787,0.9943898916244507
12,0.9887669682502747,0.7700032591819763,0.030537309125065804,2e-05,0.8374196290969849,0.9881979823112488,0.9852951169013977,0.9960355758666992,0.9828567504882812,0.7289435863494873,0.055361729115247726,0.8530453443527222,0.9828557372093201,0.9798340201377869,0.9942545294761658
13,0.9892876744270325,0.7784693837165833,0.029384834691882133,4e-06,0.8484655022621155,0.988477349281311,0.9858337640762329,0.9961324334144592,0.9833215475082397,0.72802734375,0.05412192642688751,0.8544012308120728,0.9834628105163574,0.9801207780838013,0.9944421052932739
14,0.989703893661499,0.7810422778129578,0.028349900618195534,4e-06,0.8506742715835571,0.9888699650764465,0.9864857196807861,0.9962573051452637,0.9833040833473206,0.7269995808601379,0.054610736668109894,0.8571750521659851,0.9835463166236877,0.9800482392311096,0.9944644570350647
15,0.9898762106895447,0.7808309197425842,0.027983181178569794,1e-06,0.8499612808227539,0.989071786403656,0.9866220951080322,0.9963202476501465,0.9834194779396057,0.727728009223938,0.05454391613602638,0.8580324649810791,0.9835925102233887,0.9801889657974243,0.9944788813591003
16,0.989617109298706,0.7801663875579834,0.02839513309299946,1e-06,0.84964919090271,0.9888243675231934,0.986259937286377,0.9962409734725952,0.9834058284759521,0.7287490367889404,0.05417498201131821,0.8569551706314087,0.9835525751113892,0.9801915287971497,0.9944723844528198
17,0.9896214604377747,0.7788854837417603,0.02842334471642971,1e-06,0.8496478199958801,0.9887993931770325,0.9863182306289673,0.9962418079376221,0.9834375381469727,0.7292718291282654,0.05445219576358795,0.8584808111190796,0.9835664629936218,0.9802693128585815,0.9944788813591003
18,0.9896610975265503,0.7764108180999756,0.028204817324876785,1e-06,0.8509498834609985,0.9888444542884827,0.9864069819450378,0.9962499141693115,0.9833970665931702,0.7290313243865967,0.054648514837026596,0.8592812418937683,0.9835503697395325,0.9802127480506897,0.9944695830345154
19,0.9898362755775452,0.7793691754341125,0.027857331559062004,1e-06,0.8526803851127625,0.9889991879463196,0.9866105914115906,0.9962879419326782,0.9834132194519043,0.7298906445503235,0.05522645637392998,0.8597451448440552,0.9834760427474976,0.9802990555763245,0.9944465756416321
20,0.9897150993347168,0.783340334892273,0.02806307002902031,1e-06,0.8542190790176392,0.9888564944267273,0.9864153265953064,0.9962412118911743,0.9834346771240234,0.7294260263442993,0.0548708476126194,0.8600846529006958,0.9835494756698608,0.9802699685096741,0.9944668412208557
21,0.989878237247467,0.7832943797111511,0.02788679301738739,1e-06,0.8524630665779114,0.9889670014381409,0.9866138696670532,0.9962838292121887,0.983391523361206,0.7303459048271179,0.05495739355683327,0.8596936464309692,0.9834653735160828,0.9802492260932922,0.994445264339447
22,0.9900307059288025,0.7854743003845215,0.02733803167939186,1e-06,0.8543405532836914,0.989154040813446,0.9868419766426086,0.9963478446006775,0.9833807945251465,0.730803906917572,0.05560228228569031,0.8615424633026123,0.9834086298942566,0.9803299307823181,0.9944284558296204
23,0.9899333715438843,0.781261146068573,0.027531994506716728,1e-06,0.8546366691589355,0.9890617728233337,0.9866565465927124,0.9963246583938599,0.983415424823761,0.7296427488327026,0.05552348122000694,0.8638932704925537,0.9835649132728577,0.9802690744400024,0.9944707155227661
24,0.9896745681762695,0.7822359204292297,0.028099697083234787,1e-06,0.8545592427253723,0.9887564182281494,0.9863868355751038,0.9962207674980164,0.9834538698196411,0.7300184965133667,0.05503937602043152,0.861055850982666,0.9835664629936218,0.9802865386009216,0.9944749474525452
25,0.9900488257408142,0.7914137244224548,0.027255799621343613,1e-06,0.8531556129455566,0.9891074299812317,0.9868531227111816,0.9963388442993164,0.9835252165794373,0.7303552031517029,0.05472998321056366,0.8609447479248047,0.9836202263832092,0.9803889393806458,0.9944887161254883
26,0.9902386665344238,0.787350058555603,0.026812400668859482,1e-06,0.8529121279716492,0.9892665147781372,0.9870949387550354,0.996384859085083,0.9834945797920227,0.7311212420463562,0.05509968847036362,0.8631444573402405,0.9835597276687622,0.9804105162620544,0.9944785833358765
27,0.9901809692382812,0.7862043380737305,0.027026807889342308,1e-06,0.8542695045471191,0.9892871379852295,0.986974835395813,0.996393620967865,0.9834769368171692,0.7313148975372314,0.05502631142735481,0.8626183867454529,0.9835808873176575,0.9803916215896606,0.9944788813591003
28,0.9902386665344238,0.7851973176002502,0.0267891027033329,1e-06,0.8558092713356018,0.9892666339874268,0.9871196150779724,0.9963839650154114,0.9835249781608582,0.7320711612701416,0.055333781987428665,0.8645687103271484,0.9835782051086426,0.9804574847221375,0.9944770932197571
29,0.9900488257408142,0.7883859276771545,0.027206258848309517,1e-06,0.8562949299812317,0.9890803694725037,0.986883282661438,0.9963332414627075,0.9834914207458496,0.7304982542991638,0.054424263536930084,0.8618694543838501,0.9836602210998535,0.9802930355072021,0.9945051670074463
30,0.9904158711433411,0.7900652289390564,0.02635945752263069,1e-06,0.8585029244422913,0.989386796951294,0.9872227311134338,0.9964397549629211,0.983503520488739,0.7314982414245605,0.055638398975133896,0.8652317523956299,0.9835379719734192,0.9804421663284302,0.9944710731506348
31,0.9903024435043335,0.7923921346664429,0.026764284819364548,1e-06,0.8590778112411499,0.989322304725647,0.9871591925621033,0.9964122772216797,0.9835019707679749,0.7315742373466492,0.05552802234888077,0.8648470044136047,0.9835594296455383,0.980431318283081,0.994469940662384
32,0.9901123046875,0.7864148616790771,0.027169153094291687,1e-06,0.8579429388046265,0.9891647696495056,0.9868531227111816,0.9963562488555908,0.9834635257720947,0.7315184473991394,0.05568111315369606,0.8653578758239746,0.9835114479064941,0.9803958535194397,0.9944577813148499
33,0.9901576638221741,0.7893432378768921,0.0270207691937685,1e-06,0.8596115708351135,0.9891464710235596,0.9869676232337952,0.996354341506958,0.9834760427474976,0.7318090796470642,0.05599687248468399,0.8665645122528076,0.9835292100906372,0.980421781539917,0.9944599866867065
34,0.9901353120803833,0.7910527586936951,0.027122732251882553,1e-06,0.857743501663208,0.989223301410675,0.9869785904884338,0.9963752031326294,0.9834427237510681,0.7314980626106262,0.05577286705374718,0.8666844367980957,0.9834977984428406,0.980353832244873,0.9944549798965454
35,0.9903444051742554,0.7914787530899048,0.026388244703412056,1e-06,0.859717845916748,0.989353597164154,0.9871606230735779,0.9964146018028259,0.9834791421890259,0.7320947647094727,0.05590203031897545,0.8672707080841064,0.9834874272346497,0.9804494380950928,0.9944547414779663
36,0.9901220798492432,0.7869947552680969,0.027187662199139595,1e-06,0.8600471019744873,0.9891339540481567,0.9868693947792053,0.9963521957397461,0.9834681749343872,0.7327311038970947,0.05598869174718857,0.8679306507110596,0.9834662675857544,0.9804611206054688,0.9944472312927246
37,0.9903693795204163,0.7916908860206604,0.026442069560289383,1e-06,0.8619289398193359,0.989351212978363,0.9872698783874512,0.9964212775230408,0.9834194779396057,0.7324955463409424,0.055838603526353836,0.8662249445915222,0.9834319949150085,0.9804061651229858,0.9944405555725098
38,0.9901772141456604,0.7924432754516602,0.026651691645383835,1e-06,0.8603936433792114,0.9891982078552246,0.987005352973938,0.9963677525520325,0.9834029078483582,0.7327643632888794,0.056472525000572205,0.8690934181213379,0.9834110736846924,0.9804242849349976,0.9944313764572144
39,0.9904049634933472,0.7910296320915222,0.026331845670938492,1e-06,0.8635567426681519,0.9894352555274963,0.9872704148292542,0.9964442253112793,0.983482301235199,0.7325207591056824,0.056149426847696304,0.8705208897590637,0.9835329055786133,0.9804320931434631,0.99446702003479
40,0.9903567433357239,0.7907916903495789,0.02639300934970379,1e-06,0.8634470701217651,0.9893736839294434,0.9872655272483826,0.996425986289978,0.9835001826286316,0.7322893142700195,0.05592729151248932,0.869081974029541,0.9835534691810608,0.9804781675338745,0.9944744110107422
41,0.9904451966285706,0.7979591488838196,0.026217009872198105,1e-06,0.8626970052719116,0.9893573522567749,0.9872516989707947,0.996414065361023,0.9835424423217773,0.7333516478538513,0.055976759642362595,0.8689305782318115,0.9835633039474487,0.980539858341217,0.9944783449172974
42,0.9903268814086914,0.7930630445480347,0.026418644934892654,1e-06,0.8599249124526978,0.9893299341201782,0.9871954917907715,0.9964081048965454,0.9835169315338135,0.7328253984451294,0.055853623896837234,0.8684592843055725,0.9835153818130493,0.9804971218109131,0.9944658279418945
43,0.9905468821525574,0.794573962688446,0.026115095242857933,1e-06,0.8636195659637451,0.9895758628845215,0.9874212145805359,0.9964863657951355,0.9834008812904358,0.7335615158081055,0.056675925850868225,0.8693445920944214,0.9833422303199768,0.9804589152336121,0.9944138526916504
44,0.9906468391418457,0.7985321283340454,0.025813927873969078,1e-06,0.864270806312561,0.9895994663238525,0.9875894784927368,0.9965057969093323,0.9834778308868408,0.7340772747993469,0.056346647441387177,0.8694697618484497,0.9834201335906982,0.9805465340614319,0.994438111782074
45,0.9905238747596741,0.7945159673690796,0.026059962809085846,1e-06,0.8624482154846191,0.989489734172821,0.9874051213264465,0.9964702129364014,0.9835055470466614,0.7335082292556763,0.056025173515081406,0.868648111820221,0.983506441116333,0.9805535078048706,0.9944642186164856
46,0.9903593063354492,0.8007887005805969,0.026292912662029266,1e-06,0.8625386953353882,0.9892982840538025,0.9871854186058044,0.996395468711853,0.9835708141326904,0.7337302565574646,0.05622038617730141,0.8702066540718079,0.9835458993911743,0.9805997610092163,0.9944751858711243
47,0.9902814626693726,0.7936403751373291,0.026818066835403442,1e-06,0.8632749319076538,0.989262044429779,0.9870898723602295,0.9963839650154114,0.983605682849884,0.7341985702514648,0.05599071830511093,0.8705238699913025,0.9835655689239502,0.9806364178657532,0.9944820404052734
48,0.9904842376708984,0.7987502217292786,0.0260064285248518,1e-06,0.8644744157791138,0.9894701242446899,0.9874069690704346,0.9964512586593628,0.9835336804389954,0.7336713075637817,0.056529708206653595,0.8718944787979126,0.9835088849067688,0.9806002378463745,0.9944650530815125
49,0.9905434250831604,0.7937430143356323,0.02584090083837509,1e-06,0.8652290105819702,0.9895192384719849,0.987493634223938,0.9964786767959595,0.983550488948822,0.734600841999054,0.05660420283675194,0.8720182776451111,0.9834846258163452,0.9806346297264099,0.994459331035614
50,0.9905198812484741,0.7994328737258911,0.02596735954284668,1e-06,0.8662034273147583,0.9894167184829712,0.9873396754264832,0.9964465498924255,0.9835708141326904,0.7341548800468445,0.05649613216519356,0.8732013702392578,0.9835771918296814,0.9806256890296936,0.9944822192192078
51,0.990575909614563,0.7939097881317139,0.026074128225445747,1e-06,0.8639081120491028,0.9895265102386475,0.9874910116195679,0.9964806437492371,0.983533501625061,0.7340182065963745,0.0565660335123539,0.8724737167358398,0.9835062026977539,0.9805821180343628,0.9944636821746826
52,0.9905399680137634,0.7953996062278748,0.026098888367414474,1e-06,0.866565465927124,0.9894956946372986,0.9874080419540405,0.9964719414710999,0.9835238456726074,0.7336984276771545,0.05665658786892891,0.8730068206787109,0.9835437536239624,0.9805831909179688,0.9944781064987183
53,0.9904882907867432,0.7966458201408386,0.026080628857016563,1e-06,0.8671473860740662,0.9894745945930481,0.9873396754264832,0.9964642524719238,0.9835598468780518,0.7341049909591675,0.05677195265889168,0.8735699653625488,0.9835478067398071,0.9806182980537415,0.9944795370101929
54,0.9906381964683533,0.7986965179443359,0.025663241744041443,1e-06,0.867810070514679,0.9895651936531067,0.9875411987304688,0.9964890480041504,0.9835332632064819,0.7340604066848755,0.0565936416387558,0.8739047050476074,0.9835333824157715,0.9805999994277954,0.9944722652435303
55,0.9904506802558899,0.7981588840484619,0.02597082406282425,1e-06,0.8670575022697449,0.9893593192100525,0.9873459935188293,0.996426522731781,0.9834753274917603,0.7350091338157654,0.057478103786706924,0.8752802014350891,0.983388364315033,0.9806091785430908,0.9944320321083069
56,0.9906017184257507,0.8006414175033569,0.025759100914001465,1e-06,0.8660919666290283,0.9895220398902893,0.9875144958496094,0.996471643447876,0.983543336391449,0.7353554368019104,0.05671688914299011,0.8748291730880737,0.9834885597229004,0.980659008026123,0.9944632649421692
57,0.990809977054596,0.8012301325798035,0.02522631175816059,1e-06,0.8687377572059631,0.9897363781929016,0.9877281785011292,0.9965534806251526,0.9835518002510071,0.734539270401001,0.056636977940797806,0.8741116523742676,0.9835505485534668,0.9806323051452637,0.9944800138473511
58,0.9906953573226929,0.8001024127006531,0.02551882714033127,1e-06,0.8678815364837646,0.989593505859375,0.987678587436676,0.99651038646698,0.983544647693634,0.7347638607025146,0.05673356354236603,0.8749316930770874,0.9835442304611206,0.9806451201438904,0.9944742918014526
59,0.9907499551773071,0.803313136100769,0.025416363030672073,1e-06,0.8678838610649109,0.9896966814994812,0.987710177898407,0.9965358376502991,0.9836103916168213,0.7348617315292358,0.056501954793930054,0.8740847110748291,0.9835754036903381,0.980690062046051,0.9944919943809509
60,0.9908944368362427,0.8064176440238953,0.024968447163701057,1e-06,0.8677917122840881,0.9898074865341187,0.9878779053688049,0.9965704679489136,0.9835330247879028,0.7351415157318115,0.05695019289851189,0.8749403953552246,0.9834787249565125,0.9806508421897888,0.9944583177566528
61,0.9908502101898193,0.7997187376022339,0.025243043899536133,1e-06,0.8699895143508911,0.9897779822349548,0.987799882888794,0.996560275554657,0.9835442304611206,0.7353335022926331,0.05709308758378029,0.8752537369728088,0.9834855198860168,0.980664849281311,0.9944611191749573
62,0.9908660054206848,0.8028045296669006,0.025183560326695442,1e-06,0.8680863380432129,0.9897358417510986,0.9878664016723633,0.9965517520904541,0.983533501625061,0.7354393005371094,0.056777797639369965,0.8752744197845459,0.9834873080253601,0.9806715250015259,0.9944625496864319
63,0.990760862827301,0.8043334484100342,0.0254132729023695,1e-06,0.8696652054786682,0.9896682500839233,0.9876716136932373,0.9965179562568665,0.9835866689682007,0.73670494556427,0.05702780559659004,0.875507652759552,0.9834910035133362,0.9807716608047485,0.9944634437561035
64,0.990834653377533,0.8047330975532532,0.025099333375692368,1e-06,0.8700189590454102,0.9897271394729614,0.9877962470054626,0.9965484738349915,0.9835202693939209,0.7359296679496765,0.05714716762304306,0.8761959075927734,0.9834502935409546,0.9806947708129883,0.9944528341293335
65,0.9907674789428711,0.8001457452774048,0.025250278413295746,1e-06,0.8714550733566284,0.9897370338439941,0.9877393841743469,0.9965432286262512,0.9835829138755798,0.7356780171394348,0.05698912590742111,0.8768625259399414,0.9835483431816101,0.9807403683662415,0.9944759607315063
66,0.9910435080528259,0.8054966926574707,0.02470102161169052,1e-06,0.8730918169021606,0.9898862838745117,0.9880117774009705,0.9966123104095459,0.9835661053657532,0.7360941171646118,0.05763637647032738,0.8778567314147949,0.983512818813324,0.9807521104812622,0.9944682717323303
67,0.990666389465332,0.8001618385314941,0.025463873520493507,1e-06,0.8712948560714722,0.9896391034126282,0.9876329302787781,0.9965200424194336,0.983551561832428,0.7374101281166077,0.05785787105560303,0.8776984810829163,0.9834043383598328,0.980812132358551,0.9944404363632202
68,0.9909277558326721,0.8055126070976257,0.0249104555696249,1e-06,0.8711504936218262,0.9897920489311218,0.9878819584846497,0.9965676069259644,0.9835214018821716,0.7364268898963928,0.05758673697710037,0.8781874179840088,0.9834514260292053,0.9807372689247131,0.9944510459899902
69,0.9909041523933411,0.8029431700706482,0.025019153952598572,1e-06,0.8717997670173645,0.9897675514221191,0.9878833889961243,0.9965673685073853,0.9834994673728943,0.7367998361587524,0.05740588530898094,0.8782055377960205,0.9834094047546387,0.9807137846946716,0.9944408535957336
70,0.9908660054206848,0.80338054895401,0.02514881268143654,1e-06,0.8716722726821899,0.9897592067718506,0.9878330826759338,0.9965535402297974,0.9835357069969177,0.7366068959236145,0.05776689946651459,0.8794970512390137,0.9834566712379456,0.980729877948761,0.9944528341293335
71,0.9910167455673218,0.8056591749191284,0.02462586760520935,1e-06,0.874126672744751,0.9898927211761475,0.9880416393280029,0.9965967535972595,0.9835218787193298,0.737544596195221,0.057754937559366226,0.8796664476394653,0.9833965301513672,0.9807432889938354,0.9944363236427307
72,0.9910271167755127,0.8066559433937073,0.024580415338277817,1e-06,0.8739815354347229,0.9898664951324463,0.9880151152610779,0.9965925216674805,0.9835488796234131,0.7370728254318237,0.05740836635231972,0.8786399960517883,0.983466386795044,0.9807578325271606,0.9944561123847961
73,0.9908260703086853,0.8062974214553833,0.0249855425208807,1e-06,0.8724236488342285,0.9897089600563049,0.9877541065216064,0.9965352416038513,0.9835124611854553,0.7373364567756653,0.05771931633353233,0.8790379166603088,0.9833872318267822,0.9807556867599487,0.9944375157356262
74,0.9909363389015198,0.8060103058815002,0.02508079819381237,1e-06,0.8740837574005127,0.989769697189331,0.9878202080726624,0.9965558052062988,0.9835808873176575,0.7373942732810974,0.05725835636258125,0.8791334629058838,0.9835032820701599,0.9808358550071716,0.9944726228713989
75,0.9911150336265564,0.8048331141471863,0.024364521726965904,1e-06,0.8737640380859375,0.9899189472198486,0.9881566166877747,0.9966142177581787,0.9835361838340759,0.7375847697257996,0.057882167398929596,0.8799888491630554,0.9834328889846802,0.9808343052864075,0.9944507479667664
76,0.9910977482795715,0.8085659146308899,0.02465645782649517,1e-06,0.8721398115158081,0.9899705648422241,0.9880853891372681,0.9966191053390503,0.9835797548294067,0.7374870777130127,0.05782398208975792,0.8806406259536743,0.9834823608398438,0.9808103442192078,0.9944714903831482
77,0.9911629557609558,0.8052940964698792,0.0243508443236351,1e-06,0.8732662200927734,0.9899852275848389,0.9881803393363953,0.9966310262680054,0.9835044145584106,0.7376547455787659,0.0570203922688961,0.8775789737701416,0.9834038019180298,0.9807326793670654,0.9944421052932739
78,0.991001546382904,0.8076364398002625,0.02474154531955719,1e-06,0.873921275138855,0.9898160099983215,0.9879221320152283,0.9965757131576538,0.9835535883903503,0.738507091999054,0.0578540675342083,0.8797094821929932,0.9834114909172058,0.9808239936828613,0.9944449067115784
79,0.9911612272262573,0.8082095384597778,0.02435639500617981,1e-06,0.877357006072998,0.9900174736976624,0.9881756901741028,0.9966416358947754,0.9835327863693237,0.737413227558136,0.057874832302331924,0.879881739616394,0.9834287166595459,0.9808003902435303,0.9944525361061096
80,0.9911454319953918,0.8116876482963562,0.02424897626042366,1e-06,0.8742555379867554,0.9899498224258423,0.9881958961486816,0.9966185092926025,0.9835243225097656,0.7371899485588074,0.05803631618618965,0.8804004192352295,0.9834312200546265,0.980797529220581,0.9944496154785156
81,0.9909552931785583,0.8083893656730652,0.024893101304769516,1e-06,0.8743358254432678,0.9897698760032654,0.9879143238067627,0.996555745601654,0.9835173487663269,0.7381784915924072,0.05783708393573761,0.8812907934188843,0.9834099411964417,0.980804979801178,0.994442343711853
82,0.9909728169441223,0.8079747557640076,0.02466898038983345,1e-06,0.8740030527114868,0.989770770072937,0.9879626631736755,0.996554434299469,0.9835764169692993,0.738152265548706,0.05812802538275719,0.880413293838501,0.9834570288658142,0.9808662533760071,0.9944624304771423
83,0.9911394119262695,0.8051673769950867,0.024256879463791847,1e-06,0.876030445098877,0.9899863004684448,0.9881947040557861,0.9966275691986084,0.983558714389801,0.7371821403503418,0.05786875635385513,0.8813516497612,0.9834952354431152,0.9808140397071838,0.9944725036621094
84,0.9912439584732056,0.8107225298881531,0.024066686630249023,1e-06,0.8754957914352417,0.9900758862495422,0.9883222579956055,0.9966591000556946,0.9835739135742188,0.7380216121673584,0.0581987090408802,0.8805092573165894,0.9834414720535278,0.9808900952339172,0.9944559931755066
85,0.9913734793663025,0.8111714720726013,0.023773852735757828,1e-06,0.8750390410423279,0.9901958107948303,0.9884951710700989,0.9966983795166016,0.9835088849067688,0.7381788492202759,0.05806994065642357,0.8806027173995972,0.9834069609642029,0.9808257818222046,0.9944370985031128
86,0.9911425709724426,0.8141254186630249,0.02437443658709526,1e-06,0.8741399049758911,0.9899017810821533,0.9881157279014587,0.9966012239456177,0.9834840893745422,0.7388492226600647,0.058404590934515,0.8811579346656799,0.983330488204956,0.9808502793312073,0.9944186210632324
87,0.9912488460540771,0.8119576573371887,0.024189673364162445,1e-06,0.8753657341003418,0.9899789690971375,0.9882610440254211,0.9966416358947754,0.9835057258605957,0.7385598421096802,0.058277204632759094,0.8808559775352478,0.9833554029464722,0.9808326959609985,0.9944320321083069
88,0.9912462830543518,0.8101783394813538,0.02410096861422062,1e-06,0.8770627975463867,0.9900656938552856,0.9882862567901611,0.996653139591217,0.9835155606269836,0.7387385368347168,0.05852438509464264,0.8821017742156982,0.9833576083183289,0.9808701872825623,0.9944342970848083
89,0.9914953112602234,0.8145214915275574,0.02360931783914566,1e-06,0.8770871162414551,0.990290641784668,0.9885698556900024,0.9967288970947266,0.9835469126701355,0.738774836063385,0.05907353013753891,0.8835070133209229,0.9833707213401794,0.9808862805366516,0.9944335222244263
90,0.9913625717163086,0.8135285377502441,0.02381451241672039,1e-06,0.8770609498023987,0.9901081919670105,0.9883863925933838,0.9966728091239929,0.9834988117218018,0.7380557060241699,0.05845647305250168,0.8827533721923828,0.9833938479423523,0.9808228611946106,0.9944385290145874
91,0.9912295937538147,0.8088216185569763,0.024210402742028236,1e-06,0.876755952835083,0.9900256991386414,0.9882717132568359,0.9966436624526978,0.9835667610168457,0.7386711835861206,0.05857575684785843,0.8834414482116699,0.9834381341934204,0.9809012413024902,0.9944537281990051
92,0.9913560152053833,0.8150593042373657,0.02390020526945591,1e-06,0.8766825199127197,0.9901078343391418,0.9883511662483215,0.996671736240387,0.9835829138755798,0.7398205995559692,0.058478839695453644,0.8833471536636353,0.9833974242210388,0.9809706807136536,0.994446337223053
93,0.9913011193275452,0.8120679259300232,0.023866279050707817,1e-06,0.8785806894302368,0.9900758862495422,0.9884161949157715,0.996669352054596,0.983588457107544,0.7398562431335449,0.05834700167179108,0.8828189373016357,0.983412504196167,0.9809651970863342,0.9944459199905396
94,0.9914863705635071,0.8130371570587158,0.023598553612828255,1e-06,0.8790628910064697,0.9902616143226624,0.9885379076004028,0.9967175126075745,0.9835184812545776,0.7399801015853882,0.059010859578847885,0.8845547437667847,0.983345091342926,0.9809250831604004,0.9944239854812622
95,0.9913927316665649,0.8154234290122986,0.02383006550371647,1e-06,0.8765536546707153,0.9901627898216248,0.9884428381919861,0.9966946840286255,0.9836045503616333,0.7395614981651306,0.058355797082185745,0.882949948310852,0.9834460616111755,0.9809657335281372,0.9944606423377991
96,0.9914416074752808,0.8124353885650635,0.023567451164126396,1e-06,0.8786802291870117,0.9902411103248596,0.9885566234588623,0.9967241287231445,0.9835788607597351,0.7397951483726501,0.058879654854536057,0.884541392326355,0.9834050536155701,0.9809678792953491,0.9944465756416321
97,0.9914708733558655,0.8149042725563049,0.0237616878002882,1e-06,0.8788120150566101,0.9901546239852905,0.9884742498397827,0.9966902136802673,0.9835647940635681,0.7396392822265625,0.058575406670570374,0.8829965591430664,0.983384370803833,0.9809288382530212,0.9944413304328918
98,0.9916349053382874,0.8153971433639526,0.023267270997166634,1e-06,0.8777627348899841,0.9904026389122009,0.9888110160827637,0.996776282787323,0.983551561832428,0.7394359707832336,0.05935024097561836,0.8856416940689087,0.9833975434303284,0.9809260368347168,0.9944426417350769
99,0.991437554359436,0.8190050721168518,0.023552650585770607,1e-06,0.8785725831985474,0.9901319742202759,0.9885367155075073,0.9966883659362793,0.9835987687110901,0.7393901944160461,0.058660052716732025,0.8844284415245056,0.9834274053573608,0.9809460639953613,0.9944525957107544
100,0.9914944171905518,0.8148348927497864,0.02351071685552597,1e-06,0.8803093433380127,0.990244448184967,0.9886277914047241,0.9967215657234192,0.9835352897644043,0.7395815849304199,0.05929046869277954,0.8852391242980957,0.9833725094795227,0.9809161424636841,0.994431734085083
101,0.991549015045166,0.8171015381813049,0.023365110158920288,1e-06,0.880513072013855,0.990281343460083,0.9886114597320557,0.9967389106750488,0.983483612537384,0.7392340302467346,0.05933573842048645,0.8848917484283447,0.9833255410194397,0.9808691740036011,0.9944193363189697
102,0.9915653467178345,0.8164770007133484,0.023298144340515137,1e-06,0.8800277709960938,0.990313708782196,0.9886519908905029,0.996739387512207,0.9835312366485596,0.7399143576622009,0.05883842706680298,0.8846585750579834,0.983347475528717,0.9809120893478394,0.9944285750389099
103,0.9916446208953857,0.8133666515350342,0.023437809199094772,1e-06,0.8794771432876587,0.9903284311294556,0.9887096881866455,0.9967533349990845,0.9834923148155212,0.7407630681991577,0.05909903720021248,0.8839929103851318,0.9832844138145447,0.980920135974884,0.9944035410881042
104,0.9915719628334045,0.8177990913391113,0.023510562255978584,1e-06,0.8807381391525269,0.9902660846710205,0.9886519312858582,0.9967309832572937,0.98358154296875,0.7391772866249084,0.058817777782678604,0.8849383592605591,0.9834508895874023,0.9809288382530212,0.9944612383842468
105,0.991625964641571,0.8178354501724243,0.02321597747504711,1e-06,0.8808420896530151,0.9903461933135986,0.988710880279541,0.9967654347419739,0.9834958910942078,0.7397770881652832,0.059012655168771744,0.8846688270568848,0.9832961559295654,0.9808993339538574,0.9944124817848206
106,0.9915685057640076,0.8164533972740173,0.023301048204302788,1e-06,0.8791409730911255,0.9903073310852051,0.9887540340423584,0.9967336654663086,0.983513593673706,0.7399094104766846,0.059519462287425995,0.8850204944610596,0.9833170771598816,0.9809423685073853,0.9944168329238892
107,0.9916061758995056,0.8190008997917175,0.02320907451212406,1e-06,0.8791332244873047,0.9902877807617188,0.9886965155601501,0.9967293739318848,0.9835741519927979,0.7400914430618286,0.058919984847307205,0.8845005035400391,0.9833726286888123,0.9809876680374146,0.9944295883178711
108,0.9915788769721985,0.8172966241836548,0.02346883900463581,1e-06,0.8792328834533691,0.9902733564376831,0.9886663556098938,0.9967309832572937,0.9835878014564514,0.740065336227417,0.05941447615623474,0.8857669830322266,0.9833693504333496,0.9809954762458801,0.9944366216659546
109,0.9916417598724365,0.8187612891197205,0.02315252460539341,1e-06,0.882734477519989,0.990391194820404,0.9888001680374146,0.9967696070671082,0.9835759401321411,0.7398325204849243,0.059207845479249954,0.8852718472480774,0.9833709597587585,0.9809722304344177,0.9944345355033875
110,0.9917848110198975,0.8228688836097717,0.02290329895913601,1e-06,0.880781888961792,0.9904380440711975,0.9888618588447571,0.9967941641807556,0.9835019707679749,0.7409708499908447,0.059922970831394196,0.8864679336547852,0.9832497835159302,0.9809767007827759,0.9944000840187073
111,0.9917124509811401,0.8209965825080872,0.022931372746825218,1e-06,0.8822512030601501,0.9903877377510071,0.9888936281204224,0.9967726469039917,0.983500599861145,0.7409154772758484,0.060051627457141876,0.8865326642990112,0.9832716584205627,0.9809702038764954,0.9944058060646057
112,0.9918370842933655,0.8232762217521667,0.02265646681189537,1e-06,0.8817633390426636,0.9905381798744202,0.9890655875205994,0.9968273639678955,0.983472466468811,0.7396838068962097,0.05937335267663002,0.8858973979949951,0.9833112359046936,0.9808595776557922,0.9944151639938354
113,0.9917845129966736,0.8229609727859497,0.02272673137485981,1e-06,0.881909966468811,0.9904877543449402,0.9889151453971863,0.9967987537384033,0.983497679233551,0.7410857677459717,0.05943894386291504,0.8853516578674316,0.9832546710968018,0.9809565544128418,0.9943999648094177
114,0.9915733933448792,0.817142128944397,0.023426607251167297,1e-06,0.8798768520355225,0.9902491569519043,0.9886206984519958,0.9967264533042908,0.9835113286972046,0.7398456335067749,0.05889977887272835,0.8862032890319824,0.9833884835243225,0.9809147715568542,0.9944377541542053
115,0.9916736483573914,0.8193671703338623,0.023073121905326843,1e-06,0.8813669681549072,0.9903595447540283,0.9887775182723999,0.996757447719574,0.9835690259933472,0.7412787079811096,0.05964682996273041,0.8871752023696899,0.9833390712738037,0.9810299277305603,0.9944278001785278
116,0.9916538596153259,0.820412814617157,0.02326657436788082,1e-06,0.8821223378181458,0.9903039336204529,0.9886859059333801,0.9967450499534607,0.9835368394851685,0.740727961063385,0.0595986433327198,0.8866883516311646,0.983333945274353,0.9809852838516235,0.9944227933883667
117,0.9916762113571167,0.8234990239143372,0.023186348378658295,1e-06,0.8817716836929321,0.9903073906898499,0.988743007183075,0.9967464804649353,0.9835039377212524,0.74041748046875,0.059854522347450256,0.8874131441116333,0.9833199381828308,0.9809603691101074,0.9944227933883667
118,0.9919623136520386,0.8255629539489746,0.022281447425484657,1e-06,0.8815562725067139,0.9905607104301453,0.9890952706336975,0.9968286752700806,0.9835321307182312,0.7408269047737122,0.060157183557748795,0.8876947164535522,0.983296275138855,0.9809867739677429,0.9944133758544922
119,0.9916690587997437,0.821199357509613,0.023100491613149643,1e-06,0.8828026056289673,0.9902766942977905,0.9887189269065857,0.996738076210022,0.9835491180419922,0.7411752343177795,0.059754129499197006,0.8875153064727783,0.9833053350448608,0.9809966087341309,0.9944156408309937
120,0.9918057918548584,0.8236443996429443,0.022671466693282127,1e-06,0.8836363554000854,0.9904815554618835,0.9889503121376038,0.9967907667160034,0.9835469126701355,0.7411027550697327,0.05963897705078125,0.8880064487457275,0.9833579659461975,0.981010913848877,0.9944338202476501
121,0.9919241070747375,0.8244133591651917,0.022479481995105743,1e-06,0.8821938037872314,0.9905760288238525,0.9890725016593933,0.9968321323394775,0.9834874272346497,0.7402439117431641,0.05990706756711006,0.8874000906944275,0.9833158254623413,0.980949878692627,0.9944167137145996
122,0.9919703602790833,0.8182392716407776,0.022347809746861458,1e-06,0.8839210271835327,0.9906392693519592,0.989122748374939,0.996856689453125,0.9835406541824341,0.7413678765296936,0.059914425015449524,0.887282133102417,0.9832854270935059,0.9810206294059753,0.9944128394126892
123,0.991915762424469,0.8257099390029907,0.022477054968476295,1e-06,0.883161187171936,0.990505039691925,0.9889992475509644,0.9968194365501404,0.9834446907043457,0.7409986853599548,0.060351815074682236,0.8880530595779419,0.9832212328910828,0.9809284210205078,0.994388997554779
124,0.9919267296791077,0.8215827345848083,0.022433897480368614,1e-06,0.8846662640571594,0.990581214427948,0.9891029000282288,0.9968332648277283,0.9834972620010376,0.7406742572784424,0.05986081063747406,0.8880128264427185,0.9833288192749023,0.9809556603431702,0.994422972202301
125,0.9917351007461548,0.8172905445098877,0.02302977815270424,1e-06,0.8836610913276672,0.9904436469078064,0.9888498783111572,0.9967872500419617,0.9834854006767273,0.7405538558959961,0.060172051191329956,0.8885565996170044,0.9832960367202759,0.980952799320221,0.9944140315055847
126,0.9919657707214355,0.8206779360771179,0.022351277992129326,1e-06,0.8836982250213623,0.9906603097915649,0.9891138672828674,0.9968610405921936,0.9833899140357971,0.740484893321991,0.060524001717567444,0.8891984224319458,0.9831780791282654,0.9808745384216309,0.9943745732307434
127,0.9919692277908325,0.826979398727417,0.022337807342410088,1e-06,0.8833006620407104,0.9905767440795898,0.9891420006752014,0.9968379735946655,0.9834455847740173,0.7405089735984802,0.0605497881770134,0.8886904120445251,0.9832232594490051,0.9809308648109436,0.9943897724151611
128,0.9920763373374939,0.8260775804519653,0.02218109741806984,1e-06,0.8852192759513855,0.9906516671180725,0.9892330169677734,0.9968665242195129,0.9834889769554138,0.7409589290618896,0.06093580648303032,0.8904833793640137,0.983231782913208,0.980988085269928,0.9943922758102417
129,0.9917038083076477,0.8224250078201294,0.023055898025631905,1e-06,0.8835386037826538,0.9903312921524048,0.988788902759552,0.9967536926269531,0.9834693074226379,0.7412464022636414,0.06034383550286293,0.8886653184890747,0.9832565784454346,0.9809780716896057,0.9943956136703491
130,0.9919499754905701,0.8211075663566589,0.02237238548696041,1e-06,0.8861252665519714,0.9905434250831604,0.9891133308410645,0.9968200922012329,0.9834398031234741,0.7410074472427368,0.06051456928253174,0.8882181644439697,0.9832292795181274,0.9809123277664185,0.9943874478340149
131,0.9921857714653015,0.8278418183326721,0.021795766428112984,1e-06,0.8840745687484741,0.9907369613647461,0.989359438419342,0.9968921542167664,0.9834668636322021,0.7414039969444275,0.06056088209152222,0.8896639347076416,0.9832544326782227,0.9809556603431702,0.9943994283676147
132,0.9920614361763,0.8303624987602234,0.0220310240983963,1e-06,0.8850767612457275,0.9906325936317444,0.9892032146453857,0.9968515038490295,0.9834672808647156,0.7418422102928162,0.06123004108667374,0.8900898694992065,0.9832245111465454,0.981007993221283,0.9943892359733582
133,0.9920008182525635,0.825299859046936,0.022285789251327515,1e-06,0.8838964104652405,0.9906039834022522,0.9891256093978882,0.9968472719192505,0.9835408329963684,0.7422115802764893,0.061050254851579666,0.8910993337631226,0.9833040833473206,0.981073260307312,0.9944140315055847
134,0.9919499754905701,0.8277579545974731,0.022305423393845558,1e-06,0.884841799736023,0.9905418753623962,0.9890796542167664,0.9968245029449463,0.9835287928581238,0.742466390132904,0.06101693585515022,0.8907334804534912,0.9832725524902344,0.981054961681366,0.9944091439247131
135,0.9920223355293274,0.8276978731155396,0.022250665351748466,1e-06,0.8862673044204712,0.9906167387962341,0.9892058372497559,0.9968498945236206,0.9835357069969177,0.742436945438385,0.06075962632894516,0.8900578022003174,0.9832738041877747,0.9810691475868225,0.9944068789482117
136,0.9921334981918335,0.8267990350723267,0.021916409954428673,1e-06,0.885746955871582,0.990729033946991,0.9893264770507812,0.9968860745429993,0.9834945797920227,0.7425112724304199,0.06115702539682388,0.8902865648269653,0.983208417892456,0.9810426831245422,0.9943874478340149
137,0.992030680179596,0.8269534707069397,0.022155994549393654,1e-06,0.8860702514648438,0.9905878305435181,0.9891374111175537,0.9968434572219849,0.983476459980011,0.7420862913131714,0.061582621186971664,0.8914395570755005,0.9832269549369812,0.9810225367546082,0.994388222694397
138,0.9918083548545837,0.8240635991096497,0.022705622017383575,1e-06,0.8847597241401672,0.9904777407646179,0.9889687895774841,0.9968006014823914,0.983506441116333,0.7416675090789795,0.06030109152197838,0.8887149095535278,0.9832583665847778,0.9810141324996948,0.9944024085998535
139,0.9922417998313904,0.8267441987991333,0.02169235236942768,1e-06,0.8856700658798218,0.9907892942428589,0.9894149303436279,0.9969184398651123,0.9835017323493958,0.7424299120903015,0.06135585531592369,0.8908067941665649,0.9832367897033691,0.9810465574264526,0.9943947196006775
140,0.9921797513961792,0.8249890804290771,0.02189246378839016,1e-06,0.8867372274398804,0.9907883405685425,0.9893945455551147,0.9969095587730408,0.9834751486778259,0.7426055073738098,0.061684563755989075,0.8910473585128784,0.9832264184951782,0.9810284376144409,0.9943903684616089
141,0.9921096563339233,0.8251850008964539,0.02198655717074871,1e-06,0.885100245475769,0.9907352924346924,0.9892938733100891,0.9968910813331604,0.9834871888160706,0.741991400718689,0.061234526336193085,0.8904314041137695,0.983238697052002,0.9810274839401245,0.9943944811820984
142,0.9921010732650757,0.8227746486663818,0.022255338728427887,1e-06,0.8851452469825745,0.9906590580940247,0.9892296195030212,0.996867299079895,0.9835178256034851,0.7423009276390076,0.06105775013566017,0.8906288743019104,0.9832615256309509,0.9810770750045776,0.994402289390564
143,0.9922518134117126,0.831372082233429,0.0216141976416111,1e-06,0.8855547904968262,0.990846574306488,0.9894706606864929,0.9969345331192017,0.9834814071655273,0.7425490021705627,0.06112406775355339,0.8911503553390503,0.9832515716552734,0.9810482263565063,0.9944003224372864
144,0.9920907020568848,0.8295972347259521,0.022209297865629196,1e-06,0.8852792978286743,0.9906662106513977,0.9892101287841797,0.9968720078468323,0.9835086464881897,0.7428226470947266,0.06139922887086868,0.8904807567596436,0.9832561612129211,0.9810686111450195,0.9944008588790894
145,0.992212176322937,0.8251993060112,0.021771680563688278,1e-06,0.8857882022857666,0.9907646775245667,0.9893307089805603,0.9969014525413513,0.9835026264190674,0.7423643469810486,0.0608019158244133,0.8902738094329834,0.983262836933136,0.9810242056846619,0.9944000840187073
146,0.9922567009925842,0.8283839225769043,0.021764064207673073,1e-06,0.8859626054763794,0.9908456802368164,0.9894866347312927,0.9969260096549988,0.9834840893745422,0.7423629760742188,0.061096806079149246,0.8900002241134644,0.9832327961921692,0.9810174107551575,0.994391918182373
147,0.9921538829803467,0.8265835642814636,0.021960383281111717,1e-06,0.8867688179016113,0.9906479716300964,0.9892594814300537,0.9968610405921936,0.9835326075553894,0.7430509924888611,0.06102968007326126,0.8905205130577087,0.9832577109336853,0.9810885787010193,0.9944030046463013
148,0.9921906590461731,0.8281776309013367,0.021806877106428146,1e-06,0.8866028785705566,0.9907569289207458,0.9894312024116516,0.9968997836112976,0.9835017323493958,0.7427866458892822,0.06125638633966446,0.8908735513687134,0.9832322001457214,0.9810498356819153,0.9943943619728088
149,0.9921846389770508,0.83159339427948,0.02184680663049221,1e-06,0.8861711025238037,0.990705132484436,0.9893186092376709,0.9968876242637634,0.9834789037704468,0.7438415884971619,0.06148097291588783,0.8904064893722534,0.9831675887107849,0.9810766577720642,0.9943758249282837
150,0.9921355247497559,0.8272634148597717,0.021886341273784637,1e-06,0.8863800764083862,0.9907068014144897,0.9893550872802734,0.9968711137771606,0.9834516644477844,0.7423014640808105,0.06169984117150307,0.8915072679519653,0.9832127690315247,0.9809991717338562,0.9943854212760925
151,0.9923785328865051,0.8316147923469543,0.02135128155350685,1e-06,0.8874121904373169,0.9909255504608154,0.9896038174629211,0.996951162815094,0.9834440350532532,0.7424883246421814,0.06163455918431282,0.8915114402770996,0.9831719398498535,0.9810373783111572,0.9943787455558777
152,0.9922650456428528,0.831732451915741,0.02169610932469368,1e-06,0.8865622282028198,0.9908742904663086,0.9895099401473999,0.9969319701194763,0.9834087491035461,0.7431363463401794,0.06249060481786728,0.8925096988677979,0.9831230044364929,0.981038510799408,0.994358479976654
153,0.9922590255737305,0.8305161595344543,0.021541653200984,1e-06,0.888275146484375,0.9907755255699158,0.9894662499427795,0.996897280216217,0.9834406971931458,0.7427007555961609,0.061973124742507935,0.8918857574462891,0.9831697344779968,0.9810301661491394,0.9943732619285583
154,0.9923253655433655,0.8349388241767883,0.02145330235362053,1e-06,0.8864414095878601,0.9908563494682312,0.9895180463790894,0.9969286322593689,0.9834406971931458,0.7431986927986145,0.06208742409944534,0.8916141986846924,0.9831625819206238,0.9810424447059631,0.9943687915802002
155,0.9921923875808716,0.8324946165084839,0.021697701886296272,1e-06,0.8870625495910645,0.9907811284065247,0.9893783926963806,0.9968957304954529,0.9834473729133606,0.7429354190826416,0.06267515569925308,0.8931497931480408,0.9831624627113342,0.9810681343078613,0.9943715929985046
156,0.9922460913658142,0.8324270248413086,0.02176206186413765,1e-06,0.8878607749938965,0.9908188581466675,0.9894487261772156,0.9969165921211243,0.9834268093109131,0.7422060370445251,0.0620809905230999,0.8929728865623474,0.9831852912902832,0.9809992909431458,0.9943772554397583
157,0.9922949075698853,0.8319036960601807,0.021449673920869827,1e-06,0.8888579607009888,0.9908413290977478,0.9894869327545166,0.9969204664230347,0.9834147691726685,0.7429212331771851,0.06256236135959625,0.8933874368667603,0.9831558465957642,0.9810231924057007,0.9943692088127136
158,0.9924652576446533,0.8340015411376953,0.021162891760468483,1e-06,0.8885185718536377,0.9910029768943787,0.9896842837333679,0.9969773888587952,0.9834787249565125,0.7439358234405518,0.06198165565729141,0.8926330804824829,0.9831820130348206,0.9810958504676819,0.994381308555603
159,0.9924649596214294,0.8343080282211304,0.02124798856675625,1e-06,0.8883249759674072,0.9909731149673462,0.9896839261054993,0.9969731569290161,0.9834686517715454,0.7434267997741699,0.06166845187544823,0.8919999599456787,0.9831982254981995,0.981066107749939,0.9943838715553284
160,0.9923962950706482,0.8331695795059204,0.021280067041516304,1e-06,0.88776034116745,0.9909703731536865,0.9896289110183716,0.996968686580658,0.9834311008453369,0.74284827709198,0.06158299744129181,0.8916919231414795,0.9831904172897339,0.9809966087341309,0.9943796396255493
161,0.9924689531326294,0.8316872119903564,0.021129686385393143,1e-06,0.8878357410430908,0.990971028804779,0.9897103905677795,0.9969705939292908,0.9834975004196167,0.743808388710022,0.062230419367551804,0.8925308585166931,0.9831967949867249,0.9811137318611145,0.9943851232528687
162,0.9923437237739563,0.8324121236801147,0.02138170786201954,1e-06,0.8870111703872681,0.9908602833747864,0.9895452260971069,0.9969255328178406,0.9834326505661011,0.7437493801116943,0.061992038041353226,0.8920424580574036,0.9831470251083374,0.98103928565979,0.9943674206733704
163,0.9923954606056213,0.8314973711967468,0.021453462541103363,1e-06,0.8890088796615601,0.9909544587135315,0.9896268248558044,0.9969640970230103,0.9834228157997131,0.7434967756271362,0.06224220618605614,0.8928371071815491,0.9831302762031555,0.9810391068458557,0.994361937046051
164,0.9925252795219421,0.8360468149185181,0.020994078367948532,1e-06,0.8882209062576294,0.9910037517547607,0.9897595643997192,0.9969805479049683,0.9834380149841309,0.7443636655807495,0.06290918588638306,0.89362633228302,0.9830959439277649,0.9810987710952759,0.9943519234657288
165,0.9925548434257507,0.833726167678833,0.020906133577227592,1e-06,0.8898376226425171,0.9910745620727539,0.9898295402526855,0.9969989657402039,0.9834257364273071,0.7428846955299377,0.06199571117758751,0.8927119970321655,0.9831337332725525,0.9810307025909424,0.9943653345108032
166,0.9924626350402832,0.829511284828186,0.02120508998632431,1e-06,0.890715479850769,0.9910035133361816,0.9896969199180603,0.9969786405563354,0.9833845496177673,0.743744432926178,0.06244892627000809,0.8931249380111694,0.9830678701400757,0.9810221195220947,0.9943439364433289
167,0.9923388957977295,0.8317074179649353,0.02148982509970665,1e-06,0.8894234895706177,0.990898072719574,0.9895886182785034,0.9969462156295776,0.983445405960083,0.7441850304603577,0.0631687343120575,0.8943785429000854,0.9831261038780212,0.9811108708381653,0.9943627715110779
168,0.9924684166908264,0.8358542919158936,0.021143516525626183,1e-06,0.8886256814002991,0.9909497499465942,0.9896619319915771,0.9969635605812073,0.9834684133529663,0.7444381713867188,0.06243673712015152,0.8937000036239624,0.9831529259681702,0.9811412692070007,0.9943717122077942
169,0.9925479888916016,0.8372790813446045,0.021061545237898827,1e-06,0.8912638425827026,0.99103844165802,0.989778459072113,0.9969963431358337,0.9834437966346741,0.7442494034767151,0.06308883428573608,0.8935644030570984,0.9831295013427734,0.9810835719108582,0.9943583011627197
170,0.9925488233566284,0.8352649211883545,0.020938869565725327,1e-06,0.8891868591308594,0.9910835027694702,0.98980313539505,0.9969953894615173,0.9834690690040588,0.744183361530304,0.06265879422426224,0.8941914439201355,0.9831621050834656,0.9811086058616638,0.9943714737892151
171,0.9925275444984436,0.8337665796279907,0.020840292796492577,1e-06,0.8908363580703735,0.9910921454429626,0.9898130297660828,0.9970069527626038,0.9834547638893127,0.7440185546875,0.0630507692694664,0.8941528797149658,0.9831389784812927,0.9810935258865356,0.9943674206733704
172,0.9924253225326538,0.8331363201141357,0.021193085238337517,1e-06,0.8907036781311035,0.9909477233886719,0.989689826965332,0.9969667196273804,0.9834422469139099,0.7437927722930908,0.06281024217605591,0.893722653388977,0.9831355214118958,0.9810750484466553,0.9943640828132629
173,0.9924373626708984,0.833969235420227,0.021320877596735954,1e-06,0.8886981010437012,0.9909583330154419,0.9896257519721985,0.996959924697876,0.9833888411521912,0.7439669370651245,0.06375325471162796,0.8959745168685913,0.9830820560455322,0.9810811281204224,0.9943466186523438
174,0.9927757382392883,0.8384568095207214,0.020367389544844627,1e-06,0.8933549523353577,0.9912623763084412,0.9901007413864136,0.9970663189888,0.9834091663360596,0.7437757253646851,0.06334999948740005,0.8951862454414368,0.9831030964851379,0.9810916185379028,0.9943556189537048
175,0.9925962090492249,0.8363671898841858,0.020995987579226494,1e-06,0.889923095703125,0.9910312294960022,0.9897388219833374,0.9969949126243591,0.9834681749343872,0.7437150478363037,0.06258813291788101,0.8939279317855835,0.9831475019454956,0.9810972213745117,0.9943709969520569
176,0.9925726652145386,0.8363760113716125,0.020987611263990402,1e-06,0.8903394937515259,0.9910176992416382,0.9897522926330566,0.9969881176948547,0.9834954738616943,0.7448657751083374,0.06302712857723236,0.8939432501792908,0.9831339716911316,0.9811573624610901,0.994364857673645
177,0.992529571056366,0.836751401424408,0.020818881690502167,1e-06,0.8914557695388794,0.9910480976104736,0.9898332953453064,0.9969921708106995,0.9834681749343872,0.7442062497138977,0.06285317987203598,0.8939204216003418,0.9831401109695435,0.9811081886291504,0.9943662285804749
178,0.9925835728645325,0.8385441899299622,0.02088145539164543,1e-06,0.89051353931427,0.9910808205604553,0.9898187518119812,0.9969981908798218,0.9834445118904114,0.743705153465271,0.06233268976211548,0.8935054540634155,0.9831798672676086,0.981069028377533,0.9943765997886658
179,0.9924899339675903,0.8331310749053955,0.02105090022087097,1e-06,0.8910731077194214,0.990979790687561,0.9897193312644958,0.9969727396965027,0.9833937287330627,0.743661642074585,0.06337681412696838,0.8955902457237244,0.9831327199935913,0.981072187423706,0.9943562746047974
180,0.9927013516426086,0.8402446508407593,0.02047882229089737,1e-06,0.8912829160690308,0.9911994934082031,0.9900007247924805,0.9970495104789734,0.983408510684967,0.7444686889648438,0.06370282173156738,0.8956429958343506,0.9830858707427979,0.9811303019523621,0.9943490028381348
181,0.9926987886428833,0.8423519134521484,0.020627425983548164,1e-06,0.8905737400054932,0.9911682605743408,0.9899322390556335,0.9970313310623169,0.9834080338478088,0.7446925640106201,0.06404397636651993,0.8956997394561768,0.9830641150474548,0.981123149394989,0.9943453073501587
182,0.9925706386566162,0.8368053436279297,0.02083979733288288,1e-06,0.8915818929672241,0.9910921454429626,0.989830732345581,0.9970056414604187,0.9833624362945557,0.7439649105072021,0.06340151280164719,0.8952926397323608,0.9830746054649353,0.9810757637023926,0.9943446516990662
183,0.9926031231880188,0.8353249430656433,0.020811116322875023,1e-06,0.889349102973938,0.9910426735877991,0.9897839426994324,0.996995210647583,0.9833781123161316,0.7448176145553589,0.06411110609769821,0.8953897953033447,0.9830514788627625,0.9811253547668457,0.9943382740020752
184,0.9926051497459412,0.8406798839569092,0.020878177136182785,1e-06,0.8913017511367798,0.9910988211631775,0.9899068474769592,0.9970085620880127,0.9834319949150085,0.74515300989151,0.0641162246465683,0.895972728729248,0.9830987453460693,0.9811667203903198,0.9943515658378601
185,0.9926398992538452,0.8391416072845459,0.020776713266968727,1e-06,0.8916047811508179,0.9911010265350342,0.9898983240127563,0.9970175623893738,0.983343243598938,0.7454482316970825,0.06447844952344894,0.8960839509963989,0.9829824566841125,0.9810949563980103,0.9943161010742188
186,0.992630124092102,0.8400639891624451,0.020626340061426163,1e-06,0.8914971351623535,0.9910832643508911,0.9899221658706665,0.9970058798789978,0.9833894968032837,0.7445374131202698,0.06419108062982559,0.8955365419387817,0.9830807447433472,0.9811316132545471,0.9943479895591736
187,0.9926950335502625,0.8389307856559753,0.020611898973584175,1e-06,0.8905562162399292,0.9911039471626282,0.9899166226387024,0.9970151782035828,0.9834107160568237,0.7450416684150696,0.06407612562179565,0.8954206705093384,0.9830769300460815,0.9811457395553589,0.9943459630012512
188,0.9927062392234802,0.839715301990509,0.020610855892300606,1e-06,0.8900730609893799,0.9911895394325256,0.9899757504463196,0.9970356225967407,0.9834357500076294,0.7442699670791626,0.06330076605081558,0.8951892852783203,0.9831143617630005,0.981134295463562,0.9943587183952332
189,0.9926432967185974,0.8377453684806824,0.020757611840963364,1e-06,0.8913387060165405,0.991146445274353,0.9899035096168518,0.9970226883888245,0.9833787679672241,0.7440869808197021,0.06405038386583328,0.8959848880767822,0.9830741286277771,0.9810696244239807,0.994347095489502
190,0.9926157593727112,0.8383004069328308,0.02079731971025467,1e-06,0.8918029069900513,0.9910870790481567,0.98987877368927,0.9970022439956665,0.9833863377571106,0.7445470690727234,0.06367063522338867,0.8959777355194092,0.9830566048622131,0.9810987710952759,0.9943391680717468
191,0.9928722381591797,0.8402228355407715,0.020293528214097023,1e-06,0.8931934833526611,0.9913744926452637,0.990209698677063,0.99710613489151,0.9833879470825195,0.7445844411849976,0.06394277513027191,0.8951447010040283,0.9830683469772339,0.9810917377471924,0.9943435192108154
192,0.9927162528038025,0.8414747714996338,0.020503373816609383,1e-06,0.8915209770202637,0.9911197423934937,0.9898896217346191,0.9970185160636902,0.9833629131317139,0.7447738647460938,0.06433945894241333,0.8965612649917603,0.9830715656280518,0.9810798764228821,0.9943405985832214
193,0.9927889704704285,0.8393316864967346,0.020232120528817177,1e-06,0.8929378986358643,0.9912298321723938,0.9900843501091003,0.9970560073852539,0.9833427667617798,0.7441397309303284,0.06381784379482269,0.8956924676895142,0.9830388426780701,0.9810501337051392,0.9943373799324036
194,0.9926783442497253,0.8398165106773376,0.020564362406730652,1e-06,0.8912240266799927,0.9911266565322876,0.9899240732192993,0.9970105886459351,0.9833959937095642,0.745002806186676,0.06427774578332901,0.8966770172119141,0.9830918312072754,0.9811249375343323,0.9943472146987915
195,0.9927550554275513,0.8353207111358643,0.020399462431669235,1e-06,0.8923616409301758,0.9912312030792236,0.990040123462677,0.9970470666885376,0.9833651185035706,0.7443591356277466,0.06394901871681213,0.8963071703910828,0.9830579161643982,0.9810569882392883,0.9943394064903259
196,0.9928860068321228,0.8414949774742126,0.020128589123487473,1e-06,0.8926149606704712,0.9913684129714966,0.9902253746986389,0.9971017837524414,0.983385443687439,0.7446491122245789,0.06451105326414108,0.8974445462226868,0.9830784797668457,0.9811184406280518,0.9943445324897766
197,0.9928179383277893,0.8427284359931946,0.02024758979678154,1e-06,0.8934254050254822,0.9912326335906982,0.9900511503219604,0.9970597624778748,0.9834391474723816,0.7458383440971375,0.06411122530698776,0.8964172601699829,0.9830985069274902,0.9811837077140808,0.9943524599075317
198,0.9929859638214111,0.8397878408432007,0.02000272274017334,1e-06,0.8948538899421692,0.9914140105247498,0.9902586936950684,0.9971133470535278,0.9833791851997375,0.7451012134552002,0.06457755714654922,0.897191047668457,0.9830434918403625,0.9811434745788574,0.9943381547927856
199,0.9927714467048645,0.8431178331375122,0.020227717235684395,1e-06,0.8939559459686279,0.9912147521972656,0.9900513291358948,0.9970478415489197,0.9833861589431763,0.745540976524353,0.0648331493139267,0.8975605368614197,0.9830361604690552,0.9811441898345947,0.9943360090255737
