epoch,accuracy,dice_coef,loss,lr,mean_io_u,precision,sensitivity,specificity,val_accuracy,val_dice_coef,val_loss,val_mean_io_u,val_precision,val_sensitivity,val_specificity
0,0.9674925208091736,0.36602964997291565,0.11055436730384827,1e-04,0.618375837802887,0.9764066338539124,0.95660799741745,0.9931185245513916,0.9764808416366577,0.4279426336288452,0.06754487752914429,0.7559585571289062,0.985994815826416,0.9636849761009216,0.9949753284454346
1,0.9773233532905579,0.4308123290538788,0.06493113934993744,1e-04,0.7645483613014221,0.9869064688682556,0.966550350189209,0.995354413986206,0.980600118637085,0.4630049765110016,0.05749327689409256,0.7945935726165771,0.9857953786849976,0.9732055068016052,0.9950619339942932
2,0.9816796779632568,0.4784851372241974,0.05270436778664589,1e-04,0.7711611986160278,0.9875615835189819,0.9735836982727051,0.9956552982330322,0.9832146763801575,0.5012936592102051,0.04958602786064148,0.7522116899490356,0.9889312386512756,0.9748568534851074,0.9961076378822327
3,0.9836546182632446,0.5243448615074158,0.04701778292655945,1e-04,0.7372656464576721,0.9876893758773804,0.9776549339294434,0.9957423210144043,0.983544111251831,0.5477064847946167,0.05171888321638107,0.7750117778778076,0.9846953749656677,0.9812043309211731,0.9948573708534241
4,0.9847331643104553,0.5420629978179932,0.04338916018605232,1e-04,0.7163456082344055,0.9876325726509094,0.9798621535301208,0.9957755208015442,0.9855826497077942,0.5649177432060242,0.04217907413840294,0.7266132831573486,0.9868201613426208,0.9825884699821472,0.995536208152771
5,0.9864473342895508,0.5680868625640869,0.03907834738492966,1e-04,0.723569393157959,0.9885261058807373,0.9823657274246216,0.9960891008377075,0.9858608841896057,0.5796290040016174,0.04193814843893051,0.7435553073883057,0.987380862236023,0.9828017354011536,0.9957379698753357
6,0.9865579009056091,0.5865524411201477,0.038392581045627594,1e-04,0.7438069581985474,0.9884741902351379,0.9824886322021484,0.9960957765579224,0.9875399470329285,0.6087064743041992,0.03610970452427864,0.7500571012496948,0.9885803461074829,0.9845079779624939,0.9961463212966919
7,0.9874692559242249,0.6004945039749146,0.035682033747434616,1e-04,0.7341449856758118,0.9888988733291626,0.9840021729469299,0.996238648891449,0.9871774315834045,0.6126613616943359,0.03818706050515175,0.7858393788337708,0.9878135919570923,0.984504759311676,0.9959179162979126
8,0.9882028102874756,0.6261066198348999,0.03366861864924431,1e-04,0.7461050748825073,0.9893826246261597,0.9847160577774048,0.9963964819908142,0.9872348308563232,0.6423454284667969,0.038872797042131424,0.720940351486206,0.9874101281166077,0.9854348301887512,0.9957820773124695
9,0.9897880554199219,0.6519252061843872,0.028996389359235764,2e-05,0.741356372833252,0.9903150796890259,0.9868926405906677,0.9967122673988342,0.9891287684440613,0.6473261117935181,0.03249151259660721,0.802841067314148,0.9894546866416931,0.9867039918899536,0.9964504837989807
10,0.9896665215492249,0.6475737690925598,0.029345493763685226,2e-05,0.777468204498291,0.9901066422462463,0.9868252873420715,0.9966491460800171,0.9892799258232117,0.6493827700614929,0.03185005486011505,0.8143439888954163,0.9896190762519836,0.9867629408836365,0.9965075850486755
11,0.9899210333824158,0.6571946144104004,0.028506726026535034,2e-05,0.8010983467102051,0.9904059171676636,0.9870598316192627,0.9967617392539978,0.9892944097518921,0.6530683040618896,0.03158412501215935,0.806046724319458,0.9894722104072571,0.9869245886802673,0.9964657425880432
12,0.9902065396308899,0.6584857106208801,0.027828795835375786,2e-05,0.7865290641784668,0.9905921816825867,0.9875074028968811,0.9968208074569702,0.9896591901779175,0.6515843272209167,0.030747368931770325,0.8130089044570923,0.9899544715881348,0.9871782064437866,0.9966174364089966
13,0.9901907444000244,0.66749107837677,0.027323784306645393,2e-05,0.7955822944641113,0.99046790599823,0.9874447584152222,0.996784508228302,0.9897512197494507,0.6599085927009583,0.030624259263277054,0.81019127368927,0.9899004101753235,0.9873622059822083,0.9966012835502625
14,0.9907692074775696,0.6682295203208923,0.02599216438829899,2e-05,0.8212568759918213,0.9910107851028442,0.9881410598754883,0.9969513416290283,0.9898647665977478,0.6543225646018982,0.03039260394871235,0.812158465385437,0.9902294874191284,0.9873105883598328,0.9967031478881836
15,0.9907171726226807,0.6763152480125427,0.025941595435142517,2e-05,0.8108074069023132,0.9909825325012207,0.9880589246749878,0.9969565868377686,0.9893208742141724,0.6789147853851318,0.03171299025416374,0.8159319162368774,0.9892036318778992,0.9873485565185547,0.996385395526886
16,0.9907582998275757,0.6802568435668945,0.025808071717619896,2e-05,0.8189264535903931,0.9910018444061279,0.9881247282028198,0.9969491958618164,0.990048348903656,0.6683036684989929,0.029744546860456467,0.8241032958030701,0.9902337789535522,0.987697422504425,0.9967149496078491
17,0.9911704659461975,0.6888753771781921,0.024743719026446342,2e-05,0.8082200884819031,0.9912295937538147,0.9885979890823364,0.9970471262931824,0.9895284175872803,0.6782461404800415,0.031955115497112274,0.8171589374542236,0.989500105381012,0.9875403046607971,0.9964743852615356
18,0.9911864995956421,0.685021162033081,0.02508254162967205,2e-05,0.8074542880058289,0.9912735819816589,0.9886592626571655,0.9970471858978271,0.990099310874939,0.6550760269165039,0.029193852096796036,0.7982878684997559,0.990617573261261,0.9873543381690979,0.9968259930610657
19,0.991200864315033,0.6875751614570618,0.024995243176817894,2e-05,0.7981646060943604,0.9912964105606079,0.9886071681976318,0.9970709085464478,0.9901823401451111,0.6785896420478821,0.02959909662604332,0.8087083101272583,0.990222156047821,0.9879555702209473,0.9967153668403625
20,0.9911333918571472,0.6863386631011963,0.024921223521232605,2e-05,0.7802212238311768,0.9912744164466858,0.9886890649795532,0.9970464110374451,0.9900197386741638,0.6813367605209351,0.02988983690738678,0.7952054738998413,0.9899517893791199,0.9879682660102844,0.9966254234313965
21,0.9916736483573914,0.6985680460929871,0.023279083892703056,4e-06,0.8005301356315613,0.9916409850120544,0.9891307950019836,0.9971733093261719,0.9904100298881531,0.6786959767341614,0.028717806562781334,0.81088787317276,0.9904674887657166,0.9881083965301514,0.9967905282974243
22,0.9919422268867493,0.7028524279594421,0.02266198769211769,4e-06,0.8102787733078003,0.9918571710586548,0.9895217418670654,0.9972543716430664,0.9903781414031982,0.6892788410186768,0.029246559366583824,0.8270432949066162,0.9902997016906738,0.988284170627594,0.9967412352561951
23,0.9919841289520264,0.711952269077301,0.02240733802318573,4e-06,0.8085806369781494,0.9918520450592041,0.9895042777061462,0.9972478747367859,0.990358829498291,0.692724347114563,0.029225526377558708,0.8257678747177124,0.9902614951133728,0.9883081912994385,0.9967330098152161
24,0.9920490384101868,0.7114158272743225,0.02246706932783127,1e-06,0.8182311058044434,0.9918974041938782,0.9896920919418335,0.9972675442695618,0.9904226660728455,0.6857749223709106,0.02884788252413273,0.8260147571563721,0.9904096722602844,0.988254189491272,0.9967769384384155
25,0.9919864535331726,0.7125517129898071,0.02237083949148655,1e-06,0.8212793469429016,0.9918976426124573,0.989436686038971,0.9972585439682007,0.9903845191001892,0.6899417042732239,0.029047256335616112,0.8283272981643677,0.9903343319892883,0.9882935285568237,0.9967517852783203
26,0.991905152797699,0.7158389091491699,0.022621454671025276,1e-06,0.8202434778213501,0.9918328523635864,0.9895087480545044,0.9972485303878784,0.9904017448425293,0.6896570920944214,0.029007192701101303,0.8274940252304077,0.9903345108032227,0.9883042573928833,0.9967545866966248
27,0.9920728802680969,0.7088143825531006,0.022239793092012405,1e-06,0.8182104825973511,0.9919573664665222,0.9896684885025024,0.9972846508026123,0.9904229044914246,0.6874712705612183,0.028927292674779892,0.8272229433059692,0.9903989434242249,0.9882789254188538,0.9967721700668335
28,0.9920254945755005,0.7175903916358948,0.02237636409699917,1e-06,0.819631814956665,0.9918383955955505,0.9896265864372253,0.9972479343414307,0.99039226770401,0.6848191618919373,0.028921030461788177,0.8256890773773193,0.9903756976127625,0.9881880283355713,0.9967697262763977
29,0.9921955466270447,0.7138921618461609,0.021860279142856598,1e-06,0.8208138942718506,0.9919981956481934,0.9898012280464172,0.9973007440567017,0.9903899431228638,0.6951440572738647,0.029381368309259415,0.8309106826782227,0.9902533888816833,0.988386869430542,0.9967312216758728
30,0.9919962286949158,0.7121220231056213,0.022656390443444252,1e-06,0.8175965547561646,0.9917792081832886,0.9896647930145264,0.9972168803215027,0.9904453158378601,0.6901517510414124,0.029025977477431297,0.829249382019043,0.9903631806373596,0.9883518218994141,0.9967644214630127
31,0.9919838309288025,0.708062469959259,0.022712180390954018,1e-06,0.8222562074661255,0.9918019771575928,0.9895346760749817,0.9972401857376099,0.9904529452323914,0.6850746870040894,0.02877289056777954,0.8272652626037598,0.9904485940933228,0.9882444143295288,0.9967896342277527
32,0.9920289516448975,0.7103265523910522,0.022390270605683327,1e-06,0.8230651617050171,0.991895318031311,0.9895895719528198,0.9972622990608215,0.9904512763023376,0.6857198476791382,0.02890569344162941,0.8305975794792175,0.9904312491416931,0.9882867336273193,0.9967854022979736
33,0.992180585861206,0.7069436311721802,0.02207784168422222,1e-06,0.8229258060455322,0.9920085668563843,0.9898287653923035,0.9973053336143494,0.9904584884643555,0.6885893940925598,0.028924308717250824,0.8307052850723267,0.9904112219810486,0.9883408546447754,0.996780276298523
34,0.9920533895492554,0.7105145454406738,0.022408034652471542,1e-06,0.8200494647026062,0.9918661713600159,0.9896843433380127,0.9972580671310425,0.9904583096504211,0.6867852210998535,0.028884949162602425,0.8285300731658936,0.9904318451881409,0.988295316696167,0.9967851638793945
35,0.9921573400497437,0.7120428681373596,0.022212013602256775,1e-06,0.8210340738296509,0.991941511631012,0.9897754192352295,0.9972772598266602,0.9904828667640686,0.690868616104126,0.02899659052491188,0.8303284645080566,0.9903971552848816,0.9884008169174194,0.9967736005783081
36,0.9922389388084412,0.7183722853660583,0.02186891809105873,1e-06,0.8247331976890564,0.9920483827590942,0.9898819327354431,0.9973187446594238,0.9904676675796509,0.6921870112419128,0.029050642624497414,0.8312234878540039,0.990349531173706,0.9883971810340881,0.996759295463562
37,0.9921274781227112,0.7198539972305298,0.02218116819858551,1e-06,0.8193352818489075,0.9919518232345581,0.9896934628486633,0.9972813725471497,0.9904149770736694,0.6864460110664368,0.028917180374264717,0.8298611640930176,0.9903832077980042,0.9882423281669617,0.9967699646949768
38,0.9918704032897949,0.7131310105323792,0.022671356797218323,1e-06,0.8207308650016785,0.9917195439338684,0.9894002079963684,0.9972017407417297,0.9904478788375854,0.6932590007781982,0.029118021950125694,0.8315532207489014,0.9903321266174316,0.9883918166160583,0.9967541098594666
39,0.9919758439064026,0.7157937288284302,0.022539520636200905,1e-06,0.8244353532791138,0.9918418526649475,0.9895590543746948,0.997236967086792,0.9904472231864929,0.6901493072509766,0.029014630243182182,0.8362225294113159,0.9903740882873535,0.988338828086853,0.9967705607414246
40,0.9920381307601929,0.7112382054328918,0.022201331332325935,1e-06,0.8239490985870361,0.9918748140335083,0.9897307753562927,0.9972572922706604,0.9904628992080688,0.6940840482711792,0.02919509820640087,0.8339074850082397,0.9903421401977539,0.9884333610534668,0.9967573285102844
41,0.991828203201294,0.7090851664543152,0.022518759593367577,1e-06,0.8245747089385986,0.9916445016860962,0.9894376397132874,0.9971892237663269,0.990480363368988,0.6900917291641235,0.029013734310865402,0.8360669612884521,0.9904137849807739,0.9883788228034973,0.99677973985672
42,0.9921277761459351,0.7131726145744324,0.022065944969654083,1e-06,0.8256981372833252,0.9919204711914062,0.9897446632385254,0.997279167175293,0.9904822707176208,0.6922896504402161,0.029075467959046364,0.8361642956733704,0.9903907179832458,0.9884300231933594,0.9967712163925171
43,0.9923437237739563,0.713726282119751,0.021611053496599197,1e-06,0.8296475410461426,0.9921130537986755,0.9900573492050171,0.9973428249359131,0.9904654026031494,0.690290629863739,0.029008759185671806,0.8342495560646057,0.9903843998908997,0.9883643984794617,0.9967700242996216
44,0.9920266270637512,0.7134019732475281,0.02219654992222786,1e-06,0.8239184617996216,0.9918916821479797,0.9896360039710999,0.9972584247589111,0.9904844164848328,0.6906411051750183,0.029004070907831192,0.8362097144126892,0.9904131889343262,0.9884082078933716,0.9967793226242065
45,0.9920421838760376,0.714672863483429,0.022365843877196312,1e-06,0.8273511528968811,0.9918789267539978,0.9896500706672668,0.9972618818283081,0.9904733896255493,0.6872696280479431,0.028869716450572014,0.836121678352356,0.9904463291168213,0.9883285164833069,0.9967908263206482
46,0.992075502872467,0.7091191411018372,0.02228648215532303,1e-06,0.8294575214385986,0.9919560551643372,0.9897552728652954,0.9972881078720093,0.9904589653015137,0.6878515481948853,0.028913894668221474,0.8354023694992065,0.9904122352600098,0.9883186221122742,0.9967792630195618
47,0.9919910430908203,0.7097912430763245,0.022733788937330246,1e-06,0.8272683024406433,0.9918057322502136,0.9895737767219543,0.9972317814826965,0.9904332756996155,0.6891706585884094,0.028952626511454582,0.8329483270645142,0.9903584718704224,0.9883212447166443,0.996760904788971
48,0.9921484589576721,0.7108653783798218,0.022099874913692474,1e-06,0.8235719799995422,0.9920206665992737,0.9897500276565552,0.9973015785217285,0.9904657006263733,0.6865422129631042,0.028854554519057274,0.8326771259307861,0.9904285073280334,0.9883009791374207,0.9967857599258423
49,0.9922454953193665,0.7178653478622437,0.021701663732528687,1e-06,0.8272867202758789,0.992027997970581,0.9898971915245056,0.9973053336143494,0.9904767870903015,0.6892640590667725,0.028961775824427605,0.8346255421638489,0.9904152154922485,0.9883666634559631,0.9967787265777588
50,0.9921309351921082,0.7118650674819946,0.021939747035503387,1e-06,0.8276865482330322,0.9919663667678833,0.9897382855415344,0.9972842931747437,0.9904019236564636,0.6887741684913635,0.029086248949170113,0.8358483910560608,0.9903478026390076,0.9883016347885132,0.9967579245567322
51,0.9920524954795837,0.7087727189064026,0.022407593205571175,1e-06,0.8311876058578491,0.9919272065162659,0.9896920919418335,0.9972657561302185,0.9904391765594482,0.6861851215362549,0.028999589383602142,0.836511492729187,0.9904189705848694,0.9882686138153076,0.9967831969261169
52,0.9921857714653015,0.7134807705879211,0.02207626774907112,1e-06,0.8308169841766357,0.9920251965522766,0.9897963404655457,0.9973012208938599,0.9904661178588867,0.6952311396598816,0.029238145798444748,0.8370084762573242,0.9903279542922974,0.9884616732597351,0.9967536926269531
53,0.9923882484436035,0.7216912508010864,0.021559113636612892,1e-06,0.8320282697677612,0.9920823574066162,0.9900585412979126,0.9973393678665161,0.9904189705848694,0.6922935247421265,0.02907481975853443,0.8338177800178528,0.9903040528297424,0.9883509278297424,0.996749222278595
54,0.9922552704811096,0.719322144985199,0.021729689091444016,1e-06,0.8273427486419678,0.9920979142189026,0.9898298978805542,0.9973282217979431,0.9904630780220032,0.6942976713180542,0.029154762625694275,0.8373398184776306,0.9903446435928345,0.9884416460990906,0.9967590570449829
55,0.992201566696167,0.720273494720459,0.02177884429693222,1e-06,0.8297054767608643,0.9919270873069763,0.9898779392242432,0.9972724318504333,0.9904795289039612,0.6925966143608093,0.02908432111144066,0.8390791416168213,0.9903855919837952,0.9884093999862671,0.9967702031135559
56,0.9923176169395447,0.718337893486023,0.02144559472799301,1e-06,0.8313738107681274,0.9921947717666626,0.9899924397468567,0.9973560571670532,0.9904520511627197,0.6948827505111694,0.02923363260924816,0.8387344479560852,0.9903284907341003,0.9884252548217773,0.9967558979988098
57,0.9919531345367432,0.7101274132728577,0.02269664779305458,1e-06,0.8245754241943359,0.9918149709701538,0.9895671606063843,0.9972414374351501,0.9904835224151611,0.6921674013137817,0.02906585857272148,0.8385870456695557,0.9903855919837952,0.9884017109870911,0.9967735409736633
58,0.9919459223747253,0.7106069922447205,0.022711513563990593,1e-06,0.8308589458465576,0.99177086353302,0.9895398020744324,0.997219443321228,0.9904413819313049,0.6951689720153809,0.02919642999768257,0.8384230136871338,0.9903024435043335,0.9884145855903625,0.9967467784881592
59,0.9923216104507446,0.7146708369255066,0.021522903814911842,1e-06,0.8345669507980347,0.9921438694000244,0.9899706840515137,0.9973384141921997,0.9904739260673523,0.6936424374580383,0.02911694161593914,0.8386460542678833,0.9903692603111267,0.9884070754051208,0.9967683553695679
60,0.9925591945648193,0.7275735139846802,0.02089308388531208,1e-06,0.8337981700897217,0.9922666549682617,0.9902892112731934,0.9973883628845215,0.9904682040214539,0.6949382424354553,0.0291962381452322,0.8390095829963684,0.9903632402420044,0.9884346127510071,0.9967626929283142
61,0.992406964302063,0.7243163585662842,0.021145418286323547,1e-06,0.8369753360748291,0.9921451210975647,0.9901076555252075,0.9973370432853699,0.9904699921607971,0.6955902576446533,0.029185649007558823,0.8415467739105225,0.9903524518013,0.9884310364723206,0.9967613220214844
62,0.9922446608543396,0.718696117401123,0.021930648013949394,1e-06,0.8321504592895508,0.9920334219932556,0.9899709224700928,0.997310221195221,0.9904442429542542,0.6877468824386597,0.028969453647732735,0.8361237049102783,0.9904100298881531,0.9882685542106628,0.9967787265777588
63,0.9920251965522766,0.7106475234031677,0.02241501212120056,1e-06,0.827822744846344,0.9918388724327087,0.9896438121795654,0.9972479343414307,0.9904866814613342,0.6935147643089294,0.02909454144537449,0.8373132944107056,0.9903756976127625,0.988425612449646,0.9967701435089111
64,0.9924554824829102,0.7188065648078918,0.021143682301044464,1e-06,0.8330954313278198,0.9922546148300171,0.9902260303497314,0.9973796010017395,0.9904761910438538,0.6918129324913025,0.029105620458722115,0.839714765548706,0.9903962016105652,0.9884035587310791,0.9967739582061768
65,0.9922802448272705,0.7163394689559937,0.02174043096601963,1e-06,0.8319211006164551,0.9920855164527893,0.9899148941040039,0.9973338842391968,0.9904904365539551,0.6954271197319031,0.029179787263274193,0.8405584692955017,0.9903739094734192,0.9884635210037231,0.9967662692070007
66,0.9924029111862183,0.7214382290840149,0.021403243765234947,1e-06,0.8329877853393555,0.9921660423278809,0.9901140332221985,0.997356116771698,0.9904969334602356,0.6933894753456116,0.029085587710142136,0.8374173641204834,0.9904009699821472,0.9884167313575745,0.9967775344848633
67,0.9925278425216675,0.7227723002433777,0.021119946613907814,1e-06,0.8336986303329468,0.9923020601272583,0.9901818037033081,0.9974042773246765,0.9904915690422058,0.693554162979126,0.029150957241654396,0.8406763076782227,0.9903966188430786,0.9884458780288696,0.996773362159729
68,0.9923043847084045,0.723481297492981,0.02155369520187378,1e-06,0.8330594301223755,0.9919857382774353,0.9899646639823914,0.9973083734512329,0.9904747605323792,0.6969029307365417,0.02924017235636711,0.8399052619934082,0.9903218746185303,0.9884703755378723,0.9967524409294128
69,0.9923575520515442,0.7219105362892151,0.02157972753047943,1e-06,0.83033287525177,0.9920862317085266,0.9900476336479187,0.9973306059837341,0.9904709458351135,0.6926966309547424,0.02901969850063324,0.8408781290054321,0.990382969379425,0.9884032607078552,0.9967700242996216
70,0.9924396872520447,0.7256070971488953,0.021271388977766037,1e-06,0.8364006280899048,0.9921756386756897,0.9900838732719421,0.997359573841095,0.990471363067627,0.7017604112625122,0.029521992430090904,0.8450692296028137,0.9902735352516174,0.9885435700416565,0.9967359900474548
71,0.9923454523086548,0.7205873131752014,0.021544985473155975,1e-06,0.8383127450942993,0.9921154975891113,0.9900637865066528,0.9973337650299072,0.9904579520225525,0.6913483738899231,0.029071856290102005,0.8436602354049683,0.9904066324234009,0.9883783459663391,0.9967764616012573
72,0.9924365282058716,0.7259465456008911,0.021300749853253365,1e-06,0.8343998193740845,0.9921811819076538,0.9901197552680969,0.99737548828125,0.990498960018158,0.6939181685447693,0.02897295169532299,0.8405601978302002,0.9903942346572876,0.9884203672409058,0.9967745542526245
73,0.9922348856925964,0.7211641669273376,0.021775364875793457,1e-06,0.8340816497802734,0.9919509887695312,0.9899628758430481,0.9972849488258362,0.9904603362083435,0.6942295432090759,0.02905978262424469,0.8402979373931885,0.9903390407562256,0.9884117841720581,0.9967577457427979
74,0.9923446178436279,0.7175222635269165,0.021596308797597885,1e-06,0.8340029120445251,0.9921569228172302,0.9899973273277283,0.9973500967025757,0.9904712438583374,0.6952763795852661,0.029197456315159798,0.8421519994735718,0.9903637170791626,0.9884471893310547,0.9967634081840515
75,0.992141842842102,0.7229486703872681,0.021898938342928886,1e-06,0.8332607746124268,0.9919358491897583,0.9897443056106567,0.9972768425941467,0.9904736280441284,0.699546217918396,0.029330113902688026,0.8424385786056519,0.99031662940979,0.9884904026985168,0.9967501759529114
76,0.992236316204071,0.724799394607544,0.021690864115953445,1e-06,0.8384875059127808,0.9920567870140076,0.9898715615272522,0.9973123669624329,0.9904798865318298,0.6941285133361816,0.029127735644578934,0.8420013189315796,0.9903810024261475,0.988414466381073,0.9967710375785828
77,0.9925671815872192,0.7238346338272095,0.020980648696422577,1e-06,0.8385574817657471,0.9922545552253723,0.9902523756027222,0.9973824620246887,0.9904742240905762,0.6999502778053284,0.029332183301448822,0.8423999547958374,0.990301787853241,0.9884820580482483,0.99674391746521
78,0.9924414157867432,0.7251521348953247,0.02124289609491825,1e-06,0.8340647220611572,0.9922040104866028,0.9900829195976257,0.9973657131195068,0.9904767870903015,0.6972458362579346,0.02927892655134201,0.8434973359107971,0.9903439283370972,0.988448977470398,0.9967581033706665
79,0.9925264120101929,0.7227780818939209,0.02114393189549446,1e-06,0.8372355699539185,0.9922121167182922,0.9902225136756897,0.9973711967468262,0.9904610514640808,0.6967544555664062,0.029245996847748756,0.8444896936416626,0.9903344511985779,0.9884535670280457,0.9967549443244934
80,0.9926045536994934,0.7307589054107666,0.02068345993757248,1e-06,0.8377646207809448,0.9923149347305298,0.9903429746627808,0.9973965883255005,0.9904873967170715,0.6947402358055115,0.029123883694410324,0.843230664730072,0.9903923869132996,0.9884213209152222,0.9967717528343201
81,0.992463231086731,0.725042462348938,0.021105309948325157,1e-06,0.8353164792060852,0.9922011494636536,0.990227460861206,0.9973726272583008,0.9904896020889282,0.6979868412017822,0.029262438416481018,0.8448013067245483,0.9903605580329895,0.9884771108627319,0.9967632293701172
82,0.9924299120903015,0.723970353603363,0.021168623119592667,1e-06,0.8360671401023865,0.9921837449073792,0.9901463389396667,0.9973582625389099,0.9904819130897522,0.6996840238571167,0.029354047030210495,0.8448148369789124,0.9903038144111633,0.9884825944900513,0.9967484474182129
83,0.9922593235969543,0.7254676818847656,0.021504713222384453,1e-06,0.8374471664428711,0.9920543432235718,0.9899413585662842,0.9973247647285461,0.9904935359954834,0.6967505812644958,0.02923397347331047,0.8450664281845093,0.9903861880302429,0.9884569048881531,0.9967713952064514
84,0.9925307035446167,0.7229129076004028,0.02111944928765297,1e-06,0.8365516066551208,0.9923340082168579,0.9902476072311401,0.9974082112312317,0.9904206991195679,0.6993411779403687,0.029398908838629723,0.844458818435669,0.9902811050415039,0.9884357452392578,0.9967379570007324
85,0.9924147129058838,0.723566472530365,0.021203136071562767,1e-06,0.8384418487548828,0.9921727180480957,0.9901596903800964,0.9973536133766174,0.9904549717903137,0.6916722059249878,0.0291655994951725,0.8468314409255981,0.9904120564460754,0.9883388876914978,0.9967774748802185
86,0.9925273060798645,0.7293229699134827,0.02095343917608261,1e-06,0.8419229388237,0.9923202991485596,0.9902852177619934,0.9974052906036377,0.990459680557251,0.695801854133606,0.0292502474039793,0.8457765579223633,0.9903546571731567,0.9884181022644043,0.99676114320755
87,0.9924801588058472,0.732365071773529,0.021012216806411743,1e-06,0.8422706127166748,0.9922879338264465,0.99012291431427,0.9973831176757812,0.9904918074607849,0.6976292729377747,0.02928859181702137,0.8479694128036499,0.990368127822876,0.9884672164916992,0.9967674612998962
88,0.992713987827301,0.73289555311203,0.02056659385561943,1e-06,0.8429149985313416,0.9924854040145874,0.9904396533966064,0.997460663318634,0.9905054569244385,0.7007216215133667,0.029424913227558136,0.8461089134216309,0.990317702293396,0.9885094165802002,0.9967539310455322
89,0.9923357367515564,0.7178371548652649,0.02143397182226181,1e-06,0.8422333002090454,0.9921072721481323,0.9900720715522766,0.9973278045654297,0.9904751181602478,0.7011183500289917,0.029491715133190155,0.8475810289382935,0.9903014302253723,0.9885146617889404,0.996741533279419
90,0.9924885034561157,0.7247710824012756,0.02091018483042717,1e-06,0.8407300710678101,0.992222785949707,0.9902185201644897,0.9973688125610352,0.9904771447181702,0.6962361335754395,0.029235513880848885,0.8486958742141724,0.9903799295425415,0.9884385466575623,0.9967692494392395
91,0.9924017786979675,0.7233768701553345,0.021117810159921646,1e-06,0.8441720604896545,0.9921572804450989,0.990153968334198,0.9973621368408203,0.9905011057853699,0.6993997693061829,0.02940126694738865,0.848633885383606,0.990369439125061,0.9885085225105286,0.9967658519744873
92,0.9924232959747314,0.7262884974479675,0.021308118477463722,1e-06,0.8422856330871582,0.9921584129333496,0.9901730418205261,0.9973536729812622,0.9904528260231018,0.6961650848388672,0.029286857694387436,0.8444380760192871,0.9903316497802734,0.988405168056488,0.9967553019523621
93,0.9926353096961975,0.730819582939148,0.020785631611943245,1e-06,0.8398268222808838,0.9923046827316284,0.9903824925422668,0.9974021315574646,0.9904553890228271,0.6982827186584473,0.029415877535939217,0.8460729122161865,0.9903188943862915,0.9884482026100159,0.9967471957206726
94,0.9928104877471924,0.7333659529685974,0.020372379571199417,1e-06,0.842947781085968,0.9924901127815247,0.9905793070793152,0.9974597692489624,0.9905036687850952,0.6993224620819092,0.029384341090917587,0.8481887578964233,0.9903696775436401,0.9884937405586243,0.9967670440673828
95,0.9925729632377625,0.733123779296875,0.02075110748410225,1e-06,0.8432295322418213,0.9922657608985901,0.9902588129043579,0.9973867535591125,0.9904587268829346,0.6983082294464111,0.029379764571785927,0.8487741947174072,0.9903198480606079,0.9884446263313293,0.9967502355575562
96,0.992351770401001,0.7263643145561218,0.02138151414692402,1e-06,0.843195915222168,0.9920831918716431,0.9900519847869873,0.9973364472389221,0.9904606938362122,0.6994207501411438,0.029366999864578247,0.8475562930107117,0.9903283715248108,0.9884573221206665,0.9967510104179382
97,0.9927398562431335,0.7335551977157593,0.020443232730031013,1e-06,0.8448511362075806,0.992467999458313,0.990464448928833,0.997454047203064,0.9904971718788147,0.6994650363922119,0.029390597715973854,0.8501243591308594,0.9903770089149475,0.9884804487228394,0.9967674016952515
98,0.9927240610122681,0.7309983372688293,0.020509613677859306,1e-06,0.8445982933044434,0.9923832416534424,0.9904696345329285,0.9974281787872314,0.9904751777648926,0.7037509679794312,0.02968774177134037,0.8532876968383789,0.9903022646903992,0.9885497689247131,0.996745228767395
99,0.9925674796104431,0.7314453721046448,0.02086319774389267,1e-06,0.8461904525756836,0.9923229813575745,0.9902573823928833,0.9973993897438049,0.9904652237892151,0.7015310525894165,0.02959045022726059,0.8534666895866394,0.9903168082237244,0.988517701625824,0.9967482686042786
100,0.9926484823226929,0.7302423715591431,0.020596541464328766,1e-06,0.8467128276824951,0.9923927783966064,0.9904118180274963,0.9974305629730225,0.9904977083206177,0.6995121240615845,0.02942846156656742,0.8518023490905762,0.9903713464736938,0.9884891510009766,0.9967679381370544
101,0.9926031231880188,0.7326362729072571,0.020767757669091225,1e-06,0.8454341888427734,0.9923044443130493,0.9903553128242493,0.9973982572555542,0.9905053973197937,0.699386477470398,0.029394295066595078,0.8509578108787537,0.9903602004051208,0.9884791374206543,0.9967656135559082
102,0.9926614165306091,0.7367575764656067,0.02060393989086151,1e-06,0.846917450428009,0.9923959374427795,0.9904083609580994,0.9974276423454285,0.9905002117156982,0.6956508755683899,0.02920919843018055,0.8499120473861694,0.990418553352356,0.9884158372879028,0.9967822432518005
103,0.9925134778022766,0.7260181903839111,0.020913582295179367,1e-06,0.8455959558486938,0.9922243356704712,0.9902828931808472,0.9973685145378113,0.9904966950416565,0.7003636360168457,0.029417308047413826,0.8520603179931641,0.9903514385223389,0.9885119795799255,0.9967599511146545
104,0.992693305015564,0.7310898303985596,0.020579151809215546,1e-06,0.8460162878036499,0.9923579692840576,0.9904153347015381,0.997418999671936,0.9904925227165222,0.7039492726325989,0.029541021212935448,0.8509842157363892,0.9902973175048828,0.9885585904121399,0.9967440366744995
105,0.9926048517227173,0.7318121194839478,0.020803041756153107,1e-06,0.843596339225769,0.992333710193634,0.990357518196106,0.9974056482315063,0.9904991388320923,0.7020072937011719,0.02950984053313732,0.850948691368103,0.9903280138969421,0.9885328412055969,0.9967509508132935
106,0.9928090572357178,0.735771119594574,0.020140452310442924,1e-06,0.8477692604064941,0.9925037622451782,0.990598201751709,0.9974757432937622,0.9905070066452026,0.7016329169273376,0.02943730726838112,0.8516536951065063,0.9903396368026733,0.9885275363922119,0.9967593550682068
107,0.9925273060798645,0.7314432859420776,0.020848702639341354,1e-06,0.8449990749359131,0.9922321438789368,0.9902670979499817,0.9973760843276978,0.9905022978782654,0.701500415802002,0.029490770772099495,0.8523023128509521,0.9903320670127869,0.9885095953941345,0.9967544078826904
108,0.9926875829696655,0.7374549508094788,0.020481757819652557,1e-06,0.8457324504852295,0.992378294467926,0.9904110431671143,0.9974234104156494,0.9905147552490234,0.6989127993583679,0.029469165951013565,0.8525503873825073,0.9903773665428162,0.9884896278381348,0.9967697858810425
109,0.9927257299423218,0.737772524356842,0.020593788474798203,1e-06,0.8465158343315125,0.9923303723335266,0.9904044270515442,0.9974133968353271,0.9904413819313049,0.7010518312454224,0.02949611097574234,0.8497179746627808,0.9902862310409546,0.9884645938873291,0.9967381358146667
110,0.9925419092178345,0.729656994342804,0.020894164219498634,1e-06,0.8465545177459717,0.9923277497291565,0.9902329444885254,0.9973996877670288,0.9904899597167969,0.6999483704566956,0.02944178879261017,0.8514467477798462,0.990353524684906,0.9884772896766663,0.996764600276947
111,0.9929500818252563,0.7411131262779236,0.019700035452842712,1e-06,0.8467316627502441,0.9925828576087952,0.9907410144805908,0.9974910020828247,0.990488588809967,0.7063276767730713,0.029859164729714394,0.8531534671783447,0.9902739524841309,0.988583505153656,0.9967359304428101
112,0.9927079677581787,0.7352527379989624,0.02065039612352848,1e-06,0.8442139625549316,0.9923384189605713,0.9904598593711853,0.997407853603363,0.9905058145523071,0.701910674571991,0.029464170336723328,0.8497035503387451,0.9903514981269836,0.9885128736495972,0.9967610239982605
113,0.9928268790245056,0.7346420288085938,0.020017601549625397,1e-06,0.8480156064033508,0.9925553798675537,0.9905890822410583,0.9974732398986816,0.9904905557632446,0.7037795186042786,0.02969943918287754,0.8542597889900208,0.9903392791748047,0.9885448217391968,0.9967585206031799
114,0.9929133057594299,0.7375163435935974,0.019846558570861816,1e-06,0.8478348851203918,0.9925238490104675,0.9907111525535583,0.9974779486656189,0.9904994368553162,0.7044466733932495,0.02970544435083866,0.8553397059440613,0.9903340339660645,0.9885637164115906,0.9967539310455322
115,0.9928210973739624,0.7376312017440796,0.020090628415346146,1e-06,0.847348690032959,0.9924934506416321,0.9906384944915771,0.9974636435508728,0.9905226230621338,0.7038754224777222,0.029505403712391853,0.8515925407409668,0.9903560280799866,0.9885553121566772,0.996763288974762
116,0.9927828907966614,0.7457272410392761,0.02018222212791443,1e-06,0.8454958200454712,0.9924523830413818,0.9905155897140503,0.997445285320282,0.9905084371566772,0.7059388160705566,0.029671357944607735,0.8529210090637207,0.9903182983398438,0.9885785579681396,0.9967517852783203
117,0.9927728772163391,0.738264799118042,0.020330728963017464,1e-06,0.8463369607925415,0.9924167990684509,0.990507185459137,0.997438907623291,0.9905091524124146,0.7046301364898682,0.02964610420167446,0.8526623249053955,0.9903374314308167,0.988550066947937,0.9967557787895203
118,0.9929052591323853,0.7404549717903137,0.019991673529148102,1e-06,0.8458561301231384,0.992510199546814,0.9906904101371765,0.9974871277809143,0.9904864430427551,0.7027885913848877,0.029575929045677185,0.8521345257759094,0.9903433918952942,0.9885228276252747,0.9967583417892456
119,0.9928475618362427,0.7436568140983582,0.019952157512307167,1e-06,0.8489700555801392,0.9924741387367249,0.9906079769134521,0.9974564909934998,0.9904903769493103,0.7074000835418701,0.02973652444779873,0.8527120351791382,0.9902782440185547,0.9885656833648682,0.9967403411865234
120,0.9929552674293518,0.7475214004516602,0.019830645993351936,1e-06,0.8472267389297485,0.9925438761711121,0.9906927943229675,0.9974877238273621,0.9904906153678894,0.7053878903388977,0.029635252431035042,0.8531151413917542,0.9903311729431152,0.9885566234588623,0.9967560768127441
121,0.9927395582199097,0.7370808124542236,0.020352307707071304,1e-06,0.8491129875183105,0.9924505352973938,0.9904667139053345,0.9974445700645447,0.9905037879943848,0.7042869925498962,0.02963978983461857,0.8536211252212524,0.9903504848480225,0.9885600805282593,0.9967624545097351
122,0.9926970601081848,0.7408154010772705,0.020182864740490913,1e-06,0.8501168489456177,0.9923805594444275,0.990513265132904,0.9974291324615479,0.9904919266700745,0.7097004652023315,0.029963932931423187,0.855337381362915,0.99027019739151,0.9886369109153748,0.9967363476753235
123,0.9929115772247314,0.743343710899353,0.019801558926701546,1e-06,0.8508784770965576,0.9925915002822876,0.9907019138336182,0.9974948167800903,0.9905058741569519,0.7062807679176331,0.029639549553394318,0.8523483872413635,0.9903230667114258,0.988577663898468,0.9967517256736755
124,0.9929707646369934,0.7389441728591919,0.01983395591378212,1e-06,0.8489350080490112,0.9925783276557922,0.9908033609390259,0.9975031614303589,0.990505576133728,0.7012830972671509,0.029501760378479958,0.8549486398696899,0.9903806447982788,0.9885070323944092,0.9967730045318604
125,0.9927223324775696,0.7375470399856567,0.020363787189126015,1e-06,0.8485797643661499,0.9923936724662781,0.9905017614364624,0.9974361062049866,0.9905022382736206,0.7031491994857788,0.0295475572347641,0.8539996147155762,0.9903592467308044,0.9885243773460388,0.9967640042304993
126,0.9928814172744751,0.7454984188079834,0.019989656284451485,1e-06,0.8489545583724976,0.9925312995910645,0.9906599521636963,0.9974746704101562,0.9904754161834717,0.7044344544410706,0.029653484001755714,0.8552682995796204,0.9903259873390198,0.9885242581367493,0.9967522025108337
127,0.993007242679596,0.7387007474899292,0.01976597309112549,1e-06,0.8512425422668457,0.9926627278327942,0.9908777475357056,0.9975214600563049,0.990536630153656,0.7053996324539185,0.029513664543628693,0.8546233177185059,0.9903627634048462,0.9885772466659546,0.9967646598815918
128,0.9928159713745117,0.7402306199073792,0.020289720967411995,1e-06,0.8486746549606323,0.9925092458724976,0.9905608892440796,0.9974618554115295,0.9905251860618591,0.7085672616958618,0.02981448732316494,0.8564666509628296,0.9903061985969543,0.9886220693588257,0.9967495799064636
129,0.9927860498428345,0.7392803430557251,0.020352844148874283,1e-06,0.8488559722900391,0.9924164414405823,0.9905261397361755,0.9974410533905029,0.9904478192329407,0.6997650265693665,0.0296345092356205,0.8564534187316895,0.9903475046157837,0.98843914270401,0.9967620372772217
130,0.9929311275482178,0.7413357496261597,0.019779816269874573,1e-06,0.8499500751495361,0.9925022125244141,0.9907622933387756,0.9974743127822876,0.990521252155304,0.7066300511360168,0.02975255623459816,0.8562511801719666,0.9903279542922974,0.988587498664856,0.9967548847198486
131,0.9927375316619873,0.7401828169822693,0.02041909471154213,1e-06,0.8496665954589844,0.992405354976654,0.990510106086731,0.9974361658096313,0.9904882311820984,0.7047486305236816,0.029698919504880905,0.8553584218025208,0.9903258085250854,0.9885186553001404,0.996753990650177
132,0.9928911924362183,0.746303915977478,0.01989438757300377,1e-06,0.850188136100769,0.9925434589385986,0.990695059299469,0.9974777698516846,0.990501880645752,0.706270694732666,0.029806572943925858,0.8558939695358276,0.9903155565261841,0.9885666966438293,0.9967531561851501
133,0.9929107427597046,0.7413578629493713,0.02003355883061886,1e-06,0.8516955971717834,0.9925217628479004,0.9906697869300842,0.9974702596664429,0.990511953830719,0.703510582447052,0.02960970066487789,0.8542712926864624,0.9903689026832581,0.9885410666465759,0.9967692494392395
134,0.993027925491333,0.7470240592956543,0.019570983946323395,1e-06,0.85292649269104,0.9925705790519714,0.990827202796936,0.9974949955940247,0.9904842972755432,0.7087485194206238,0.029869940131902695,0.85394287109375,0.9902786612510681,0.9885799884796143,0.9967403411865234
135,0.9928823113441467,0.7409743070602417,0.02012188360095024,1e-06,0.8493300676345825,0.9925369024276733,0.9905904531478882,0.9974766373634338,0.9905111789703369,0.7077541351318359,0.029773849993944168,0.8542672395706177,0.990317702293396,0.9885851144790649,0.9967489838600159
136,0.9931623339653015,0.7454777956008911,0.019277527928352356,1e-06,0.8494041562080383,0.992731511592865,0.9910275936126709,0.9975436329841614,0.9904747009277344,0.7132472395896912,0.03023502044379711,0.8542827367782593,0.9902264475822449,0.9886466264724731,0.9967190027236938
137,0.992902398109436,0.7403603792190552,0.01982593536376953,1e-06,0.8493923544883728,0.992505669593811,0.9907433390617371,0.9974679946899414,0.9904951453208923,0.7063689827919006,0.02980361133813858,0.8554404973983765,0.9903192520141602,0.9885693192481995,0.9967504143714905
138,0.9929173588752747,0.7424073815345764,0.019879436120390892,1e-06,0.8506391048431396,0.9924929738044739,0.9907122254371643,0.9974626898765564,0.9904633164405823,0.702674925327301,0.02973482944071293,0.8561193943023682,0.9903262257575989,0.9884949326515198,0.9967533349990845
139,0.9929512143135071,0.7469898462295532,0.019654247909784317,1e-06,0.8492287993431091,0.9925192594528198,0.9907222986221313,0.9974790215492249,0.9904865622520447,0.7093474268913269,0.029954195022583008,0.8558322191238403,0.9902698397636414,0.9885901212692261,0.9967371225357056
140,0.9930089712142944,0.7381306290626526,0.019577067345380783,1e-06,0.8540471792221069,0.9927065372467041,0.9908521175384521,0.9975403547286987,0.9904345870018005,0.7072676420211792,0.0299234576523304,0.854901909828186,0.9902399778366089,0.9885240197181702,0.9967294931411743
141,0.9930083751678467,0.7432258129119873,0.019634785130620003,1e-06,0.8522109985351562,0.992641806602478,0.9908503890037537,0.9975168108940125,0.9904862642288208,0.712446391582489,0.030232131481170654,0.8588329553604126,0.9902331233024597,0.9886326193809509,0.9967239499092102
142,0.9931715130805969,0.7481480240821838,0.019272837787866592,1e-06,0.8549175262451172,0.9927632212638855,0.9910182356834412,0.9975523948669434,0.99051833152771,0.7069157958030701,0.029797744005918503,0.8573706746101379,0.9903357028961182,0.9885857701301575,0.9967601299285889
143,0.9931560158729553,0.7467654943466187,0.019531777128577232,1e-06,0.8519322276115417,0.992717444896698,0.9909777045249939,0.9975476264953613,0.9905285239219666,0.7058203816413879,0.02970556542277336,0.8566761016845703,0.9903556108474731,0.9885730147361755,0.9967642426490784
144,0.993035078048706,0.7486718893051147,0.019380321726202965,1e-06,0.8522637486457825,0.9925767779350281,0.990838348865509,0.997502326965332,0.99049311876297,0.712644636631012,0.030171047896146774,0.8597254753112793,0.9902490377426147,0.9886456727981567,0.9967310428619385
145,0.9930170178413391,0.7507509589195251,0.019587941467761993,1e-06,0.8573758602142334,0.9926065802574158,0.9908786416053772,0.997500479221344,0.9904868602752686,0.7096204161643982,0.029935060068964958,0.8588829040527344,0.9903013110160828,0.9885887503623962,0.996744692325592
146,0.993048906326294,0.750683069229126,0.019385207444429398,1e-06,0.854267418384552,0.9926924109458923,0.9908815026283264,0.9975308775901794,0.9905016422271729,0.7080152034759521,0.029917407780885696,0.8582569360733032,0.990310549736023,0.9885866641998291,0.9967505931854248
147,0.9929676055908203,0.7451906204223633,0.01963433064520359,1e-06,0.8531988859176636,0.9925069212913513,0.9907878637313843,0.9974795579910278,0.990480899810791,0.706939160823822,0.029839172959327698,0.8565673828125,0.9902944564819336,0.9885510802268982,0.9967465996742249
148,0.9930080771446228,0.7446551322937012,0.01956487074494362,1e-06,0.8504965305328369,0.9925707578659058,0.9907706379890442,0.9974982738494873,0.9904794692993164,0.7091186046600342,0.030004967004060745,0.8597085475921631,0.9902887940406799,0.988589882850647,0.9967440962791443
149,0.9931247234344482,0.7492055296897888,0.019400307908654213,1e-06,0.854284405708313,0.9926795363426208,0.9909722805023193,0.9975307583808899,0.9904917478561401,0.7077991962432861,0.029879635199904442,0.8562495112419128,0.9903004765510559,0.9885615706443787,0.9967457056045532
150,0.9930276274681091,0.7456278800964355,0.01964094489812851,1e-06,0.8560919761657715,0.9926131367683411,0.9908409714698792,0.9975090622901917,0.9904968738555908,0.7108597755432129,0.030074113979935646,0.8574188351631165,0.9902604222297668,0.9886173605918884,0.9967341423034668
151,0.992996335029602,0.7444387674331665,0.019546188414096832,1e-06,0.8560711741447449,0.992643415927887,0.990816593170166,0.9975048303604126,0.990478515625,0.707822859287262,0.029942689463496208,0.8589124083518982,0.9902794361114502,0.9885556101799011,0.99673992395401
152,0.9930058121681213,0.7475729584693909,0.019525913521647453,1e-06,0.8556226491928101,0.9925863742828369,0.9908018708229065,0.9974924325942993,0.9904994964599609,0.7114953398704529,0.03014625981450081,0.857964277267456,0.9902637004852295,0.9886359572410583,0.9967330098152161
153,0.993118405342102,0.7516193985939026,0.0193722452968359,1e-06,0.8536331057548523,0.9926876425743103,0.9910107254981995,0.9975231289863586,0.9904904365539551,0.7105212807655334,0.03011857531964779,0.8556247353553772,0.9902608394622803,0.9886069297790527,0.9967331886291504
154,0.9930641055107117,0.746787965297699,0.01950717717409134,1e-06,0.8524649739265442,0.9925969243049622,0.9908682703971863,0.9975050687789917,0.990433394908905,0.7059385776519775,0.03002549521625042,0.8573044538497925,0.9902616143226624,0.9885091781616211,0.9967367053031921
155,0.993066668510437,0.7512768507003784,0.019456103444099426,1e-06,0.8522343635559082,0.9926401376724243,0.9908806085586548,0.9975097179412842,0.9904910326004028,0.7068848609924316,0.029944082722067833,0.8559499979019165,0.9903002381324768,0.9885570406913757,0.9967473745346069
156,0.9931089282035828,0.7552129030227661,0.01916179619729519,1e-06,0.8523470759391785,0.9927057027816772,0.9909400939941406,0.997530460357666,0.9904946088790894,0.7101956605911255,0.030114201828837395,0.8569871187210083,0.9902862310409546,0.9885811805725098,0.9967479705810547
157,0.9931155443191528,0.7518948316574097,0.019190076738595963,1e-06,0.8536028861999512,0.9926789402961731,0.9909294843673706,0.9975256323814392,0.9905045628547668,0.7087985277175903,0.029978277161717415,0.8564050197601318,0.9903257489204407,0.9885701537132263,0.9967553615570068
158,0.9929808378219604,0.7495093941688538,0.01976371556520462,1e-06,0.8512876033782959,0.9925189018249512,0.9907962083816528,0.9974790811538696,0.990501880645752,0.7100012302398682,0.030204985290765762,0.8591245412826538,0.9903083443641663,0.9885992407798767,0.9967506527900696
159,0.9931554198265076,0.7525491118431091,0.01937863975763321,1e-06,0.853034257888794,0.992705225944519,0.9909593462944031,0.9975379109382629,0.9904964566230774,0.7103803157806396,0.030141141265630722,0.8584141731262207,0.9902986884117126,0.9886046648025513,0.9967436790466309
160,0.9932539463043213,0.7575669884681702,0.018888715654611588,1e-06,0.8546532988548279,0.9927826523780823,0.9910940527915955,0.997570276260376,0.9905036687850952,0.7110057473182678,0.030159514397382736,0.8587212562561035,0.9902833104133606,0.9886116981506348,0.9967409372329712
161,0.9931772947311401,0.7489193677902222,0.019008053466677666,1e-06,0.8574495315551758,0.9927719235420227,0.9910173416137695,0.9975589513778687,0.9904659986495972,0.7125487923622131,0.0305494237691164,0.8622229099273682,0.9902343153953552,0.9886231422424316,0.9967262744903564
162,0.993121862411499,0.7499558925628662,0.01937716268002987,1e-06,0.8562003374099731,0.9926760196685791,0.990946352481842,0.9975255727767944,0.9904883503913879,0.7106744050979614,0.030271446332335472,0.8599348068237305,0.990265965461731,0.9885898232460022,0.9967357516288757
163,0.9932884573936462,0.7594497203826904,0.018931807950139046,1e-06,0.8582408428192139,0.9927741289138794,0.9911525845527649,0.9975592494010925,0.9904909133911133,0.712860107421875,0.030370550230145454,0.8607081174850464,0.9902558922767639,0.9886292815208435,0.9967307448387146
164,0.9933972954750061,0.7596068382263184,0.018572693690657616,1e-06,0.856831967830658,0.9928904175758362,0.9912856221199036,0.9975972175598145,0.9905064702033997,0.7102859020233154,0.030186638236045837,0.859968900680542,0.9903034567832947,0.9886124134063721,0.9967491626739502
165,0.9932180643081665,0.7515280246734619,0.01908247359097004,1e-06,0.853986918926239,0.992702066898346,0.9910954833030701,0.9975422024726868,0.9905028343200684,0.7123497724533081,0.03018801286816597,0.8570959568023682,0.9902729392051697,0.9886384010314941,0.9967384934425354
166,0.9932522177696228,0.7562877535820007,0.018917903304100037,1e-06,0.857038140296936,0.9927781820297241,0.9910776019096375,0.9975707530975342,0.9904922246932983,0.7102012634277344,0.03012186288833618,0.8580142259597778,0.9902712106704712,0.9885926842689514,0.9967375993728638
167,0.9930971264839172,0.7492833137512207,0.01944504678249359,1e-06,0.8532419204711914,0.9926567077636719,0.9909244775772095,0.9975118041038513,0.9904727339744568,0.7064328193664551,0.030049867928028107,0.8599536418914795,0.9903071522712708,0.9885328412055969,0.9967506527900696
168,0.9931629300117493,0.75379878282547,0.01917366497218609,1e-06,0.8549501895904541,0.9926943778991699,0.990980863571167,0.997539758682251,0.9904636740684509,0.7078107595443726,0.030051499605178833,0.8582477569580078,0.9902852773666382,0.988530695438385,0.9967424273490906
169,0.9930905103683472,0.7503642439842224,0.019473183900117874,1e-06,0.8519929051399231,0.9926599860191345,0.9909153580665588,0.9975143074989319,0.9904738068580627,0.7097488045692444,0.03017766959965229,0.8578945398330688,0.9902697801589966,0.988563597202301,0.9967365860939026
170,0.9932013750076294,0.7548820376396179,0.01910022459924221,1e-06,0.856165885925293,0.9927057027816772,0.9910001158714294,0.9975332021713257,0.990519642829895,0.7147635817527771,0.030346207320690155,0.8594831228256226,0.9902565479278564,0.9886868000030518,0.9967336058616638
171,0.993220329284668,0.7584108710289001,0.018930455669760704,1e-06,0.8543369770050049,0.9927225708961487,0.9910498261451721,0.9975480437278748,0.9904976487159729,0.7126627564430237,0.030246153473854065,0.859239935874939,0.9902670383453369,0.9886299967765808,0.9967349171638489
172,0.9934216737747192,0.7611789703369141,0.018490010872483253,1e-06,0.8571999073028564,0.9928910732269287,0.9912775158882141,0.9976040720939636,0.9905160665512085,0.7139116525650024,0.030395321547985077,0.8623080849647522,0.9902695417404175,0.9886676073074341,0.9967373013496399
173,0.993070125579834,0.7545282244682312,0.01943397708237171,1e-06,0.8559468388557434,0.9926263689994812,0.990942656993866,0.9975128769874573,0.9905240535736084,0.7121054530143738,0.030256731435656548,0.8611024618148804,0.9902858734130859,0.9886382222175598,0.9967451095581055
174,0.9931686520576477,0.7550549507141113,0.019250642508268356,1e-06,0.8586167097091675,0.9926491975784302,0.9910389184951782,0.9975236058235168,0.9904985427856445,0.7132430672645569,0.03044663742184639,0.8616365194320679,0.9902715682983398,0.9886427521705627,0.9967371225357056
175,0.9930261969566345,0.7562333345413208,0.019548693671822548,1e-06,0.856630802154541,0.9925621151924133,0.9908036589622498,0.9974855184555054,0.9904389977455139,0.7108345627784729,0.030456438660621643,0.8607715368270874,0.9902347326278687,0.9885748624801636,0.996724545955658
176,0.9934555888175964,0.760896623134613,0.018534600734710693,1e-06,0.8572708368301392,0.992907702922821,0.991344153881073,0.9976137280464172,0.9904738068580627,0.7143030166625977,0.030476227402687073,0.8605315685272217,0.990224301815033,0.9886267185211182,0.9967231154441833
177,0.9932886958122253,0.7596685290336609,0.01884099654853344,1e-06,0.8584610223770142,0.9927961826324463,0.991141140460968,0.9975728988647461,0.9904875755310059,0.7114037871360779,0.030301352962851524,0.8616629838943481,0.9902666807174683,0.9886059165000916,0.9967383742332458
178,0.9933513402938843,0.7560757994651794,0.018602723255753517,1e-06,0.8565629720687866,0.9929113984107971,0.9912470579147339,0.9975985288619995,0.9904964566230774,0.7155378460884094,0.030591869726777077,0.8616464138031006,0.9902406930923462,0.9886828660964966,0.9967293739318848
179,0.9931106567382812,0.750553548336029,0.01924685388803482,1e-06,0.8552982807159424,0.9926623702049255,0.9910319447517395,0.9975237846374512,0.9904900193214417,0.7125070095062256,0.030368372797966003,0.8612228035926819,0.9902579188346863,0.988625705242157,0.9967345595359802
180,0.9931660890579224,0.7539736032485962,0.01920125260949135,1e-06,0.8578633069992065,0.9927051067352295,0.9909601211547852,0.9975386261940002,0.9904680848121643,0.71465665102005,0.030612699687480927,0.8606345653533936,0.9902157783508301,0.9886221289634705,0.9967223405838013
181,0.9934033155441284,0.7567623853683472,0.018576674163341522,1e-06,0.8540637493133545,0.9929022789001465,0.9913137555122375,0.9976143836975098,0.990502655506134,0.7114648222923279,0.030329439789056778,0.8605597019195557,0.9902862310409546,0.9886185526847839,0.9967436790466309
182,0.9933720231056213,0.7549213171005249,0.018868952989578247,1e-06,0.8563675284385681,0.9928823709487915,0.9912163019180298,0.9975930452346802,0.9904640316963196,0.7154466509819031,0.03064757026731968,0.8617148399353027,0.9902148246765137,0.9886361360549927,0.9967203140258789
183,0.993251383304596,0.7624563574790955,0.018932688981294632,1e-06,0.858810305595398,0.9927665591239929,0.9910781383514404,0.9975587129592896,0.9904889464378357,0.7129952907562256,0.030497878789901733,0.8642306327819824,0.9902549982070923,0.9886263012886047,0.9967323541641235
184,0.9935144782066345,0.7644402980804443,0.018162844702601433,1e-06,0.8614726066589355,0.9930337071418762,0.9914593696594238,0.9976519346237183,0.9904229640960693,0.7098217010498047,0.03033813275396824,0.8615015745162964,0.9902167320251465,0.9885221719741821,0.9967203736305237
185,0.9933809041976929,0.7581499814987183,0.01869944855570793,1e-06,0.8601006269454956,0.9928563237190247,0.9912169575691223,0.9975951313972473,0.9904765486717224,0.7115486860275269,0.030439645051956177,0.8628911375999451,0.9902610778808594,0.9885950088500977,0.9967361092567444
186,0.9933059215545654,0.7548921704292297,0.01889854669570923,1e-06,0.8577805757522583,0.9927878975868225,0.9911466240882874,0.9975659251213074,0.9904796481132507,0.7165607810020447,0.030699167400598526,0.860740065574646,0.9902102947235107,0.988659679889679,0.9967208504676819
187,0.9933441281318665,0.7579134702682495,0.018790341913700104,1e-06,0.856480062007904,0.9928140640258789,0.9912307262420654,0.9975767135620117,0.9905016422271729,0.7153417468070984,0.03061141073703766,0.8633921146392822,0.9902500510215759,0.9886748194694519,0.9967325925827026
188,0.9932562708854675,0.7551451325416565,0.018881788477301598,1e-06,0.8597772121429443,0.992740273475647,0.9911428689956665,0.9975555539131165,0.9905085563659668,0.7153136134147644,0.03051990270614624,0.8611290454864502,0.9902613162994385,0.9886540174484253,0.996733546257019
189,0.9933134317398071,0.7626383900642395,0.01869642734527588,1e-06,0.8569648265838623,0.9927694201469421,0.9912025928497314,0.997555136680603,0.9904715418815613,0.7163451910018921,0.030611079186201096,0.861423134803772,0.9902189373970032,0.9886496663093567,0.9967208504676819
190,0.9933573603630066,0.7631458044052124,0.01868487522006035,1e-06,0.8577418923377991,0.9927847385406494,0.9912303686141968,0.9975665807723999,0.9904448986053467,0.7144517302513123,0.030676163733005524,0.8601519465446472,0.9902021884918213,0.9886047840118408,0.9967177510261536
191,0.9930698275566101,0.7588736414909363,0.01936037465929985,1e-06,0.8581446409225464,0.9926162362098694,0.9908944368362427,0.9974989295005798,0.9904451370239258,0.710083544254303,0.030321508646011353,0.8612693548202515,0.9902644157409668,0.9885539412498474,0.9967355728149414
192,0.9934001564979553,0.7653346061706543,0.01845255307853222,1e-06,0.8584915399551392,0.9928627014160156,0.9912698268890381,0.9976016879081726,0.990473747253418,0.7143597602844238,0.030526161193847656,0.8609464168548584,0.9902392625808716,0.9886051416397095,0.9967292547225952
193,0.9933728575706482,0.7618529796600342,0.01855595037341118,1e-06,0.8580247759819031,0.9928069710731506,0.9912071228027344,0.9975730180740356,0.9904282689094543,0.7101665735244751,0.03041781671345234,0.8585941791534424,0.990250825881958,0.9885271191596985,0.9967315793037415
194,0.9933889508247375,0.7615987658500671,0.01856275275349617,1e-06,0.8554543852806091,0.992868959903717,0.9912657737731934,0.9975906014442444,0.990468442440033,0.7135306596755981,0.030495619401335716,0.8620378971099854,0.9902531504631042,0.988592803478241,0.9967355728149414
195,0.9934693574905396,0.766215443611145,0.018453186377882957,1e-06,0.8580033183097839,0.9929260015487671,0.9913685321807861,0.9976097941398621,0.9904859662055969,0.7166044116020203,0.030694402754306793,0.8629523515701294,0.9902259111404419,0.9886465072631836,0.9967228770256042
196,0.9933869242668152,0.7615374326705933,0.018464097753167152,1e-06,0.8598463535308838,0.9928520917892456,0.991284191608429,0.9975893497467041,0.9904671907424927,0.7140194177627563,0.030720945447683334,0.864094614982605,0.9902406930923462,0.9886332750320435,0.996727466583252
197,0.9934682250022888,0.7595847249031067,0.018434816971421242,1e-06,0.8603429794311523,0.9929031729698181,0.9913539290428162,0.9976085424423218,0.9904413223266602,0.7129334211349487,0.030667828395962715,0.8630906343460083,0.9902185797691345,0.9885813593864441,0.9967226982116699
198,0.9935245513916016,0.7622910737991333,0.018101535737514496,1e-06,0.8600339889526367,0.9929338693618774,0.9914849400520325,0.99761563539505,0.9904747605323792,0.7151920199394226,0.03065815381705761,0.863856315612793,0.990227222442627,0.9886310696601868,0.996726393699646
199,0.9932416081428528,0.760712742805481,0.018935035914182663,1e-06,0.8572921752929688,0.9926737546920776,0.991047203540802,0.9975305795669556,0.9904454946517944,0.7143941521644592,0.030779730528593063,0.863971471786499,0.990215003490448,0.9886201620101929,0.9967226982116699
