epoch,accuracy,dice_coef,loss,lr,mean_io_u,precision,sensitivity,specificity,val_accuracy,val_dice_coef,val_loss,val_mean_io_u,val_precision,val_sensitivity,val_specificity
0,0.9538615942001343,0.4182799458503723,0.5945889353752136,1e-04,0.7573878765106201,0.9620940685272217,0.9351617097854614,0.9896219372749329,0.9779018759727478,0.5707545280456543,0.44289395213127136,0.7800784707069397,0.978159487247467,0.9772998690605164,0.9927254915237427
1,0.9752137064933777,0.6014680862426758,0.41499873995780945,1e-04,0.8268025517463684,0.9752467274665833,0.9746913313865662,0.991753876209259,0.978203296661377,0.6408646702766418,0.37972158193588257,0.8489609360694885,0.9780650734901428,0.9777980446815491,0.9926930069923401
2,0.9785761833190918,0.6421322226524353,0.3876298666000366,1e-04,0.859825074672699,0.9784632325172424,0.9781469702720642,0.9928237795829773,0.9829186797142029,0.6435264348983765,0.37315279245376587,0.9036540985107422,0.9827904105186462,0.9825606942176819,0.9942636489868164
3,0.9778725504875183,0.6534808278083801,0.3843981921672821,1e-04,0.8632403016090393,0.9776908159255981,0.9774870276451111,0.9925656318664551,0.9784992337226868,0.6533560752868652,0.37694597244262695,0.8762036561965942,0.978272020816803,0.9780953526496887,0.9927598834037781
4,0.9806492924690247,0.6870831847190857,0.3485781252384186,1e-04,0.8836101293563843,0.9804373979568481,0.9803292751312256,0.9934797286987305,0.9845022559165955,0.7296261787414551,0.3089168965816498,0.8633452653884888,0.984214723110199,0.9841658473014832,0.9947401285171509
5,0.9796439409255981,0.6770197749137878,0.37007400393486023,1e-04,0.87073814868927,0.9794145226478577,0.9793604016304016,0.9931390285491943,0.9830963611602783,0.6633850932121277,0.35346582531929016,0.856734573841095,0.9828740954399109,0.98283451795578,0.9942959547042847
6,0.9782079458236694,0.6551383137702942,0.3853651285171509,1e-04,0.8473303318023682,0.9779713153839111,0.9779374599456787,0.9926586747169495,0.9828514456748962,0.7087681293487549,0.3212524354457855,0.8659616112709045,0.9826485514640808,0.9826509952545166,0.994219183921814
7,0.9811233282089233,0.7226439714431763,0.3007792532444,2e-05,0.8489652872085571,0.9808644652366638,0.9808627367019653,0.9936232566833496,0.9848144054412842,0.7499527335166931,0.27446502447128296,0.8711322546005249,0.9845601916313171,0.9845733046531677,0.9948570132255554
8,0.984958291053772,0.7575759887695312,0.26381397247314453,2e-05,0.8708004951477051,0.9846912622451782,0.9846975803375244,0.9948999285697937,0.9855093955993652,0.76094651222229,0.2618318796157837,0.8908478021621704,0.9852501153945923,0.9852578043937683,0.995085597038269
9,0.9857153296470642,0.764117419719696,0.25892913341522217,2e-05,0.8907163739204407,0.9854525923728943,0.9854578971862793,0.9951522946357727,0.9853366613388062,0.7558340430259705,0.26643452048301697,0.887879490852356,0.9850720763206482,0.9850875735282898,0.9950252175331116
10,0.986169159412384,0.7671314477920532,0.255160927772522,2e-05,0.898369550704956,0.9859179258346558,0.9859267473220825,0.9953080415725708,0.9842877388000488,0.7581607699394226,0.26354578137397766,0.9055591225624084,0.9840459823608398,0.9840602874755859,0.9946860671043396
11,0.9877986907958984,0.7762272357940674,0.24033109843730927,4e-06,0.9105720520019531,0.9875420928001404,0.9875487685203552,0.9958489537239075,0.9866892099380493,0.7735235095024109,0.24577970802783966,0.9076837301254272,0.9864335656166077,0.9864493608474731,0.9954822063446045
12,0.9880052804946899,0.7849668264389038,0.23508191108703613,4e-06,0.9043459296226501,0.9877344369888306,0.9877459406852722,0.9959138035774231,0.9868721961975098,0.7791314125061035,0.23966820538043976,0.8954669237136841,0.9866037368774414,0.9866195917129517,0.9955362677574158
13,0.9884216785430908,0.7946591377258301,0.2225622981786728,4e-06,0.8958208560943604,0.9881469011306763,0.9881564378738403,0.9960509538650513,0.9873616099357605,0.7814470529556274,0.2376575767993927,0.8999449610710144,0.9870955944061279,0.9871135950088501,0.9957008361816406
14,0.9878440499305725,0.7909209728240967,0.22409343719482422,4e-06,0.8992136716842651,0.9875750541687012,0.9875842928886414,0.9958595633506775,0.9874977469444275,0.7793216109275818,0.23742850124835968,0.9089347124099731,0.987237811088562,0.9872545003890991,0.9957485795021057
15,0.987928032875061,0.7876595258712769,0.22703242301940918,4e-06,0.8999581336975098,0.9876615405082703,0.9876723885536194,0.9958885312080383,0.9874235391616821,0.7812147736549377,0.23523938655853271,0.8968023061752319,0.9871529340744019,0.9871678352355957,0.9957202672958374
16,0.9882776737213135,0.8015257120132446,0.21151836216449738,4e-06,0.9002381563186646,0.9880039095878601,0.9880138635635376,0.9960032105445862,0.9874467849731445,0.7841229438781738,0.23422396183013916,0.9056112766265869,0.9871900677680969,0.9872079491615295,0.995732843875885
17,0.9885162711143494,0.7966443300247192,0.21699360013008118,4e-06,0.8977622985839844,0.9882450103759766,0.9882550835609436,0.9960834980010986,0.9876455068588257,0.786068320274353,0.23051638901233673,0.894797682762146,0.9873759150505066,0.9873931407928467,0.9957937598228455
18,0.9880823493003845,0.7934631109237671,0.21959519386291504,4e-06,0.894528865814209,0.9878077507019043,0.9878203868865967,0.9959381222724915,0.988172173500061,0.7858077883720398,0.230323925614357,0.910599946975708,0.9879130125045776,0.9879304766654968,0.9959728717803955
19,0.9886413812637329,0.7929986715316772,0.22077444195747375,4e-06,0.9018687009811401,0.9883668422698975,0.9883816838264465,0.996124267578125,0.987596869468689,0.7857240438461304,0.23082372546195984,0.8989037871360779,0.987330436706543,0.987346887588501,0.9957784414291382
20,0.9882990121841431,0.8045777678489685,0.21042414009571075,4e-06,0.8906832933425903,0.98802250623703,0.9880355000495911,0.9960089325904846,0.9872867465019226,0.7886546850204468,0.2281416952610016,0.8981491327285767,0.9870266914367676,0.9870450496673584,0.9956778883934021
21,0.9881991147994995,0.7908861637115479,0.22530752420425415,4e-06,0.895684540271759,0.9879325032234192,0.9879447221755981,0.9959796071052551,0.9879393577575684,0.7889084219932556,0.22648008167743683,0.9005235433578491,0.9876783490180969,0.9876969456672668,0.9958955645561218
22,0.9887368083000183,0.798259437084198,0.2150319367647171,4e-06,0.8968214988708496,0.9884582757949829,0.9884727597236633,0.9961543083190918,0.9880661368370056,0.7893964052200317,0.22579337656497955,0.9059486389160156,0.9878101348876953,0.9878295063972473,0.9959396123886108
23,0.9890919327735901,0.8061827421188354,0.206861674785614,4e-06,0.8950284719467163,0.9888162612915039,0.988827109336853,0.9962734580039978,0.9882657527923584,0.7879278659820557,0.22781169414520264,0.9151651859283447,0.9880172610282898,0.988037645816803,0.9960073232650757
24,0.988551676273346,0.8001217842102051,0.21478785574436188,4e-06,0.8993656635284424,0.988287627696991,0.9882998466491699,0.9960983395576477,0.9872397780418396,0.7872856259346008,0.22778825461864471,0.886051595211029,0.9869651794433594,0.9869865775108337,0.9956572651863098
25,0.9883387088775635,0.796191930770874,0.21694332361221313,1e-06,0.8860144019126892,0.9880496263504028,0.9880644679069519,0.9960185885429382,0.9879418015480042,0.7898769974708557,0.22491157054901123,0.8965867161750793,0.9876735210418701,0.987692654132843,0.9958944916725159
26,0.9888712167739868,0.8005353808403015,0.21198169887065887,1e-06,0.8964532613754272,0.9885860681533813,0.9886035919189453,0.996196985244751,0.9881247878074646,0.7923839688301086,0.2221536785364151,0.9015938639640808,0.9878584742546082,0.9878770709037781,0.9959554672241211
27,0.9890143871307373,0.806725800037384,0.20908065140247345,1e-06,0.8982080221176147,0.9887418150901794,0.9887524843215942,0.996250569820404,0.9880523681640625,0.7929015159606934,0.22141075134277344,0.904461145401001,0.9877901673316956,0.9878113269805908,0.9959336519241333
28,0.9889471530914307,0.8103939890861511,0.1991933435201645,1e-06,0.9025290012359619,0.9886696934700012,0.9886832237243652,0.9962247014045715,0.9880867004394531,0.7934769988059998,0.2204028069972992,0.9061723351478577,0.9878228306770325,0.9878438115119934,0.9959438443183899
29,0.9891621470451355,0.8062059879302979,0.20541180670261383,1e-06,0.9012398719787598,0.9888811111450195,0.988895058631897,0.9962961077690125,0.9882644414901733,0.7930765748023987,0.22066687047481537,0.9072762131690979,0.988000750541687,0.9880210161209106,0.9960020184516907
30,0.9890633821487427,0.8042498230934143,0.2093248814344406,1e-06,0.9057074785232544,0.988781750202179,0.9887976050376892,0.9962632656097412,0.9881241321563721,0.7937648892402649,0.22018460929393768,0.9087023735046387,0.9878591895103455,0.9878813624382019,0.9959567785263062
31,0.9891238808631897,0.8028709292411804,0.20993199944496155,1e-06,0.9049423933029175,0.9888468384742737,0.9888598918914795,0.996283769607544,0.9885311126708984,0.7930214405059814,0.22097273170948029,0.9137621521949768,0.9882683753967285,0.9882892966270447,0.9960922002792358
32,0.989055871963501,0.8031609058380127,0.21174581348896027,1e-06,0.9041627645492554,0.9887745380401611,0.988787829875946,0.9962606430053711,0.9884487986564636,0.7933468818664551,0.22087767720222473,0.9100227355957031,0.9881830811500549,0.9882035255432129,0.9960644245147705
33,0.9887920618057251,0.8044137954711914,0.20640668272972107,1e-06,0.9000099897384644,0.9885097146034241,0.988521933555603,0.9961720108985901,0.9884090423583984,0.7950300574302673,0.21937449276447296,0.906512975692749,0.9881417751312256,0.9881609678268433,0.9960492849349976
34,0.9893815517425537,0.8100571632385254,0.20190945267677307,1e-06,0.9031040668487549,0.9890964031219482,0.9891102313995361,0.9963686466217041,0.9883291721343994,0.7946882247924805,0.22002966701984406,0.9106016755104065,0.9880632162094116,0.9880826473236084,0.9960231184959412
35,0.9891689419746399,0.798785924911499,0.21434447169303894,1e-06,0.9080756902694702,0.9888885617256165,0.9889063835144043,0.9962971210479736,0.9884428381919861,0.7949624061584473,0.21916931867599487,0.9087263941764832,0.9881734251976013,0.9881952404975891,0.9960603713989258
36,0.9892184734344482,0.8060201406478882,0.20551954209804535,1e-06,0.9045026898384094,0.9889325499534607,0.9889469146728516,0.9963132739067078,0.9883924722671509,0.7945511341094971,0.21969158947467804,0.9098275899887085,0.9881300926208496,0.9881514310836792,0.9960452318191528
37,0.9893831610679626,0.8051515817642212,0.2076837569475174,1e-06,0.9031707644462585,0.9890967011451721,0.9891109466552734,0.996367335319519,0.9885995388031006,0.7939302921295166,0.22038890421390533,0.9086503982543945,0.9883321523666382,0.9883504509925842,0.9961137771606445
38,0.9892760515213013,0.8071039915084839,0.20706431567668915,1e-06,0.9075601100921631,0.9890031218528748,0.9890196919441223,0.9963362812995911,0.9885091781616211,0.7955894470214844,0.2186591923236847,0.9134949445724487,0.9882478713989258,0.9882684350013733,0.9960842132568359
39,0.9891721606254578,0.8145840167999268,0.19547612965106964,1e-06,0.9096602201461792,0.9888967871665955,0.9889123439788818,0.996300458908081,0.9885871410369873,0.7961855530738831,0.21754296123981476,0.9121079444885254,0.9883215427398682,0.9883410334587097,0.9961082339286804
40,0.9892934560775757,0.8112509846687317,0.20032796263694763,1e-06,0.9065977334976196,0.9890141487121582,0.9890279769897461,0.9963393211364746,0.9885537028312683,0.7956886887550354,0.21805651485919952,0.9120844006538391,0.9882888197898865,0.9883102774620056,0.996099054813385
41,0.9892165064811707,0.8112753033638,0.2003827840089798,1e-06,0.9050443172454834,0.9889343976974487,0.98894864320755,0.9963130354881287,0.9886963367462158,0.7953250408172607,0.21799324452877045,0.913854718208313,0.9884318709373474,0.9884547591209412,0.9961467981338501
42,0.9894809722900391,0.8078960180282593,0.20566119253635406,1e-06,0.9078322649002075,0.9892033338546753,0.989218533039093,0.9964023232460022,0.9884882569313049,0.7949159741401672,0.21919845044612885,0.9114869832992554,0.9882240295410156,0.9882471561431885,0.9960768818855286
43,0.9892423748970032,0.8037050366401672,0.2070215493440628,1e-06,0.9034115076065063,0.9889548420906067,0.9889708161354065,0.9963213205337524,0.9883259534835815,0.796039342880249,0.2174769788980484,0.9041577577590942,0.9880582690238953,0.9880788326263428,0.9960218667984009
44,0.9893279671669006,0.8059191703796387,0.20521363615989685,1e-06,0.9025958776473999,0.9890502095222473,0.9890639185905457,0.9963523745536804,0.9885615706443787,0.7964658141136169,0.2169889360666275,0.9066198468208313,0.9882963299751282,0.9883159399032593,0.9961004257202148
45,0.9893883466720581,0.815337061882019,0.19570644199848175,1e-06,0.9022864103317261,0.9891037344932556,0.9891193509101868,0.9963688254356384,0.9886718392372131,0.7961297035217285,0.21747572720050812,0.9116032719612122,0.9884082078933716,0.988429605960846,0.9961404204368591
46,0.9891543984413147,0.805703341960907,0.20724143087863922,1e-06,0.9046435356140137,0.9888831973075867,0.9888982176780701,0.9962962865829468,0.988450825214386,0.7959486842155457,0.21754473447799683,0.9058117866516113,0.9881861209869385,0.9882072806358337,0.996064305305481
47,0.9892005920410156,0.8042813539505005,0.20624326169490814,1e-06,0.9025315046310425,0.9889249801635742,0.9889427423477173,0.996310830116272,0.9886369705200195,0.7948120832443237,0.21922235190868378,0.910967230796814,0.9883768558502197,0.9883983135223389,0.9961276054382324
48,0.989637017250061,0.8150203824043274,0.1958797127008438,1e-06,0.9040534496307373,0.9893606305122375,0.9893763065338135,0.9964547157287598,0.9884654879570007,0.7955342531204224,0.21807485818862915,0.9051116704940796,0.9882012605667114,0.988223671913147,0.9960693717002869
49,0.9894009232521057,0.8097347617149353,0.202804833650589,1e-06,0.9052925109863281,0.9891237020492554,0.9891384243965149,0.9963756799697876,0.9884974956512451,0.7954577803611755,0.21811114251613617,0.9096006155014038,0.9882335662841797,0.9882557392120361,0.9960801005363464
50,0.9896190762519836,0.8174827694892883,0.19389526546001434,1e-06,0.9057891964912415,0.9893342852592468,0.9893493056297302,0.9964463114738464,0.9885683655738831,0.797279417514801,0.2166072577238083,0.9081892967224121,0.9883049726486206,0.9883270859718323,0.9961044788360596
51,0.9892342686653137,0.8106390237808228,0.20042650401592255,1e-06,0.9076540470123291,0.98896723985672,0.9889804720878601,0.9963238835334778,0.9887137413024902,0.7972180843353271,0.21671545505523682,0.9136006832122803,0.9884546995162964,0.9884768724441528,0.996153712272644
52,0.9893548488616943,0.8101505041122437,0.20170101523399353,1e-06,0.9057735204696655,0.9890843033790588,0.9890998601913452,0.9963629245758057,0.9888231754302979,0.7968333959579468,0.21675202250480652,0.9155519008636475,0.9885685443878174,0.9885908365249634,0.9961926937103271
53,0.9893887639045715,0.8054409623146057,0.2072562426328659,1e-06,0.9075992107391357,0.9891151189804077,0.989129900932312,0.9963725209236145,0.9887479543685913,0.7971684336662292,0.2166902869939804,0.9135124683380127,0.9884907603263855,0.9885111451148987,0.9961673021316528
54,0.989570140838623,0.8127967715263367,0.19732724130153656,1e-06,0.9100884199142456,0.9893051981925964,0.9893185496330261,0.9964368939399719,0.9885585904121399,0.7962571978569031,0.21760565042495728,0.9121435880661011,0.9883045554161072,0.9883258938789368,0.9961041808128357
55,0.9898678660392761,0.8157685995101929,0.19484980404376984,1e-06,0.9108463525772095,0.9895929098129272,0.9896087050437927,0.9965322613716125,0.9888004064559937,0.7979384064674377,0.21539878845214844,0.9120436906814575,0.9885441660881042,0.9885645508766174,0.9961835741996765
56,0.9892390966415405,0.8095271587371826,0.20216019451618195,1e-06,0.9061108827590942,0.9889663457870483,0.9889804124832153,0.9963230490684509,0.9886183142662048,0.7977180480957031,0.21609273552894592,0.9113300442695618,0.988366961479187,0.9883885383605957,0.9961237907409668
57,0.9893065094947815,0.8135295510292053,0.19700480997562408,1e-06,0.9086198806762695,0.9890389442443848,0.9890537858009338,0.996347963809967,0.9887475371360779,0.7979804277420044,0.2157112956047058,0.9139783382415771,0.9884974956512451,0.9885174632072449,0.9961683750152588
58,0.9896717071533203,0.8152333498001099,0.19665949046611786,1e-06,0.9105573296546936,0.9894024729728699,0.9894177913665771,0.9964690208435059,0.9886000156402588,0.7964226603507996,0.21747292578220367,0.9152610301971436,0.9883526563644409,0.9883750677108765,0.9961184859275818
59,0.9893370866775513,0.8044969439506531,0.20880374312400818,1e-06,0.9089097380638123,0.9890670776367188,0.9890814423561096,0.9963572025299072,0.9885497093200684,0.7985000610351562,0.21540771424770355,0.9086776971817017,0.9882978200912476,0.9883189797401428,0.9961023926734924
60,0.9893743991851807,0.8134744763374329,0.1984763890504837,1e-06,0.9068154096603394,0.9891118407249451,0.9891235828399658,0.9963721632957458,0.988808274269104,0.7970489263534546,0.21641021966934204,0.9158835411071777,0.9885620474815369,0.9885831475257874,0.9961918592453003
61,0.9894419312477112,0.8086264729499817,0.20331984758377075,1e-06,0.9103212356567383,0.989180862903595,0.9891966581344604,0.9963948130607605,0.9887973666191101,0.7984969019889832,0.21464763581752777,0.9140973687171936,0.9885457158088684,0.9885681867599487,0.9961841106414795
62,0.9894188046455383,0.814961850643158,0.1975783407688141,1e-06,0.9096232652664185,0.9891600608825684,0.989173948764801,0.9963870048522949,0.9888702630996704,0.7984045147895813,0.21459737420082092,0.9154044389724731,0.9886209964752197,0.9886437058448792,0.9962114095687866
63,0.9897261261940002,0.8197985887527466,0.19077283143997192,1e-06,0.9121461510658264,0.9894664287567139,0.9894812703132629,0.9964897036552429,0.9886605739593506,0.7985193133354187,0.2150910198688507,0.9145528674125671,0.9884161949157715,0.9884369373321533,0.9961422681808472
64,0.9897748231887817,0.8158586621284485,0.19573459029197693,1e-06,0.9160605669021606,0.9895181059837341,0.9895340800285339,0.9965077638626099,0.9889070987701416,0.7978114485740662,0.21617841720581055,0.9200642108917236,0.988663911819458,0.9886868000030518,0.9962243437767029
65,0.9892902970314026,0.8074094653129578,0.20700401067733765,1e-06,0.9123697280883789,0.989033043384552,0.9890504479408264,0.9963459968566895,0.9889382719993591,0.7988643646240234,0.2141486257314682,0.9176821708679199,0.9886932969093323,0.9887137413024902,0.9962328672409058
66,0.9895418882369995,0.8159579038619995,0.19439055025577545,1e-06,0.9114891290664673,0.9892792701721191,0.9892938137054443,0.9964284896850586,0.9887517690658569,0.7972562909126282,0.21720868349075317,0.917898416519165,0.9885089993476868,0.9885311126708984,0.9961713552474976
67,0.9897226691246033,0.8134650588035583,0.19502638280391693,1e-06,0.9123414158821106,0.9894606471061707,0.9894762635231018,0.9964883923530579,0.9887988567352295,0.7984943389892578,0.21493467688560486,0.9139488935470581,0.9885509610176086,0.9885730743408203,0.9961864948272705
68,0.9895718097686768,0.8145155310630798,0.19639962911605835,1e-06,0.9097817540168762,0.9893080592155457,0.9893237352371216,0.9964380860328674,0.9889848232269287,0.7988888025283813,0.21400201320648193,0.9160623550415039,0.9887354373931885,0.9887572526931763,0.9962484836578369
69,0.9896135926246643,0.8169000744819641,0.1950392723083496,1e-06,0.912943959236145,0.9893522262573242,0.9893674850463867,0.9964518547058105,0.9886886477470398,0.7982995510101318,0.2155357152223587,0.9121332764625549,0.9884425401687622,0.9884642958641052,0.9961478114128113
70,0.9897540807723999,0.8186449408531189,0.19277864694595337,1e-06,0.9058090448379517,0.9894845485687256,0.9895004630088806,0.9964969158172607,0.9887445569038391,0.7983589768409729,0.21556152403354645,0.913188099861145,0.9885006546974182,0.9885233640670776,0.9961709380149841
71,0.9894511699676514,0.8125705122947693,0.19831065833568573,1e-06,0.9081131219863892,0.9891882538795471,0.9892041683197021,0.9963979125022888,0.9888787865638733,0.7987772226333618,0.21418632566928864,0.9126561880111694,0.9886323809623718,0.9886544346809387,0.9962136149406433
72,0.9893876910209656,0.8127396702766418,0.2013946920633316,1e-06,0.9094560146331787,0.9891283512115479,0.9891427159309387,0.9963774085044861,0.9889570474624634,0.7989650368690491,0.21451227366924286,0.9131190776824951,0.9887085556983948,0.9887290000915527,0.996236264705658
73,0.9897500276565552,0.816909670829773,0.1941702663898468,1e-06,0.9122277498245239,0.9894930720329285,0.9895089864730835,0.9964982867240906,0.98896723985672,0.7995999455451965,0.21342529356479645,0.9143685102462769,0.9887210726737976,0.9887422323226929,0.9962436556816101
74,0.9897328019142151,0.8136288523674011,0.19542476534843445,1e-06,0.912447452545166,0.9894680380821228,0.9894813895225525,0.996491551399231,0.9890022277832031,0.8003594875335693,0.2125491052865982,0.9179902672767639,0.9887555241584778,0.9887758493423462,0.9962535500526428
75,0.9892331957817078,0.8104721903800964,0.20072776079177856,1e-06,0.9144538640975952,0.988979160785675,0.9889942407608032,0.996327817440033,0.9890395402908325,0.8003541231155396,0.21244043111801147,0.9200542569160461,0.9887962341308594,0.9888173937797546,0.9962674975395203
76,0.9897267818450928,0.8100612759590149,0.2012072503566742,1e-06,0.913775622844696,0.9894679188728333,0.9894829988479614,0.9964905381202698,0.9890263080596924,0.7990819215774536,0.21403194963932037,0.9206037521362305,0.9887827634811401,0.9888061881065369,0.9962634444236755
77,0.9899000525474548,0.8142803311347961,0.19515641033649445,1e-06,0.9143952131271362,0.9896401762962341,0.9896551966667175,0.9965484142303467,0.9891262650489807,0.7999351024627686,0.21292607486248016,0.921137809753418,0.988883912563324,0.9889070987701416,0.9962964057922363
78,0.9897187352180481,0.8167188167572021,0.19346393644809723,1e-06,0.9151821136474609,0.9894683361053467,0.9894844889640808,0.9964903593063354,0.9891065955162048,0.8001459836959839,0.21265633404254913,0.9213910102844238,0.9888627529144287,0.9888850450515747,0.9962915778160095
79,0.9900071024894714,0.8163009881973267,0.193144291639328,1e-06,0.9148205518722534,0.9897459745407104,0.989762008190155,0.9965836405754089,0.9890180826187134,0.7996552586555481,0.21330034732818604,0.9225361347198486,0.988779604434967,0.9888004064559937,0.9962616562843323
80,0.9895332455635071,0.8114640712738037,0.20263458788394928,1e-06,0.912598729133606,0.9892722964286804,0.9892880320549011,0.9964256286621094,0.9889938831329346,0.8005144000053406,0.21247100830078125,0.9147089123725891,0.9887442588806152,0.9887658357620239,0.9962508082389832
81,0.9895418882369995,0.8157306909561157,0.19577567279338837,1e-06,0.9140870571136475,0.9892808198928833,0.9892975091934204,0.9964280724525452,0.9891353845596313,0.8004999756813049,0.2122540920972824,0.9206506013870239,0.9888912439346313,0.9889137744903564,0.99629807472229
82,0.9898238778114319,0.818770170211792,0.19317790865898132,1e-06,0.9158930778503418,0.98956698179245,0.9895835518836975,0.9965238571166992,0.9891337752342224,0.8006348013877869,0.21175064146518707,0.9189585447311401,0.9888892769813538,0.9889103770256042,0.996299147605896
83,0.9894759654998779,0.8055839538574219,0.2044566571712494,1e-06,0.9132726192474365,0.98922199010849,0.9892378449440002,0.9964096546173096,0.9890245795249939,0.8009248375892639,0.21218743920326233,0.9172559380531311,0.9887771010398865,0.9887984395027161,0.9962603449821472
84,0.989779531955719,0.8119817972183228,0.1981319636106491,1e-06,0.9132305979728699,0.989521861076355,0.9895370006561279,0.9965090155601501,0.9889768362045288,0.8011342287063599,0.21163350343704224,0.917488694190979,0.9887295961380005,0.9887503385543823,0.996244490146637
85,0.990053117275238,0.8150803446769714,0.19762957096099854,1e-06,0.9167685508728027,0.9897913336753845,0.9898073673248291,0.9965986609458923,0.9892687201499939,0.8013862371444702,0.2115403413772583,0.921215295791626,0.9890218377113342,0.9890431761741638,0.9963439702987671
86,0.9895166158676147,0.8097047805786133,0.20228786766529083,1e-06,0.91338050365448,0.9892545938491821,0.9892736077308655,0.9964196085929871,0.9891011714935303,0.8011630773544312,0.21131102740764618,0.9175126552581787,0.9888511896133423,0.9888740181922913,0.9962838292121887
87,0.9894925355911255,0.8115494847297668,0.199711412191391,1e-06,0.914205014705658,0.9892380237579346,0.9892542362213135,0.9964141249656677,0.9892060160636902,0.8016327619552612,0.211319699883461,0.917904257774353,0.9889567494392395,0.988979697227478,0.9963207244873047
88,0.9900052547454834,0.8174371719360352,0.19078461825847626,1e-06,0.9152077436447144,0.989740788936615,0.9897577166557312,0.9965827465057373,0.9891542792320251,0.802059531211853,0.21075855195522308,0.9163743257522583,0.9889032244682312,0.9889250993728638,0.9963042736053467
89,0.989574670791626,0.8144229650497437,0.19739890098571777,1e-06,0.9115082025527954,0.9893055558204651,0.9893215298652649,0.9964361190795898,0.9890209436416626,0.8002923130989075,0.21255794167518616,0.9150270223617554,0.9887681007385254,0.9887902736663818,0.9962577223777771
90,0.989798367023468,0.8167719841003418,0.1943768709897995,1e-06,0.9119032621383667,0.9895371198654175,0.9895552396774292,0.996514618396759,0.9892107844352722,0.8015267252922058,0.21090084314346313,0.9134341478347778,0.9889549612998962,0.9889761209487915,0.996321439743042
91,0.9898350834846497,0.81336510181427,0.19760967791080475,1e-06,0.9084804058074951,0.989564836025238,0.9895815253257751,0.996523380279541,0.9891197681427002,0.8006029725074768,0.2121843844652176,0.9144988059997559,0.9888684153556824,0.9888892769813538,0.9962902665138245
92,0.9899162650108337,0.8134245872497559,0.1974404752254486,1e-06,0.910590410232544,0.9896500110626221,0.9896650314331055,0.9965512752532959,0.9892497062683105,0.8020963668823242,0.2106722891330719,0.9154634475708008,0.9889952540397644,0.9890156388282776,0.9963337182998657
93,0.9899288415908813,0.821824312210083,0.18900124728679657,1e-06,0.9105069637298584,0.989665150642395,0.989679753780365,0.9965575933456421,0.989135205745697,0.8010410666465759,0.21144716441631317,0.9156301021575928,0.9888840913772583,0.9889060854911804,0.9962983727455139
94,0.9900378584861755,0.8141381144523621,0.19595865905284882,1e-06,0.9154314994812012,0.9897703528404236,0.9897856712341309,0.9965918064117432,0.9891349673271179,0.8010181188583374,0.2119411677122116,0.9173671007156372,0.9888846278190613,0.9889066815376282,0.9962959885597229
95,0.9899473190307617,0.8188917636871338,0.19265492260456085,1e-06,0.910591185092926,0.989688515663147,0.9897016882896423,0.9965649843215942,0.9892536997795105,0.8010370135307312,0.21130426228046417,0.9163949489593506,0.9890000820159912,0.9890217185020447,0.9963358640670776
96,0.9901069402694702,0.8210851550102234,0.19088226556777954,1e-06,0.9106806516647339,0.989839494228363,0.9898543953895569,0.996613621711731,0.9892376661300659,0.8013922572135925,0.21111030876636505,0.9178786277770996,0.988989531993866,0.9890110492706299,0.9963324069976807
97,0.9901779294013977,0.8192006349563599,0.18979257345199585,1e-06,0.9126604795455933,0.9899070858955383,0.9899259805679321,0.9966377019882202,0.98923659324646,0.8023040890693665,0.21029365062713623,0.9209223985671997,0.9889858365058899,0.9890078902244568,0.9963296055793762
98,0.9901792407035828,0.8256708979606628,0.18415230512619019,1e-06,0.9136251211166382,0.9899123907089233,0.9899268746376038,0.9966387748718262,0.9892595410346985,0.8022779226303101,0.21068772673606873,0.9216052293777466,0.9890085458755493,0.9890320897102356,0.9963382482528687
99,0.989728569984436,0.8103530406951904,0.2015877366065979,1e-06,0.9130550622940063,0.9894707798957825,0.9894869327545166,0.9964918494224548,0.9892271757125854,0.8024372458457947,0.2103075236082077,0.9214338064193726,0.988977313041687,0.9890000820159912,0.9963274598121643
100,0.9899396300315857,0.8129298090934753,0.1967780590057373,1e-06,0.9161294102668762,0.9896670579910278,0.989682674407959,0.996557354927063,0.989237368106842,0.8021829724311829,0.21053959429264069,0.9190894961357117,0.988987922668457,0.9890084862709045,0.9963319301605225
101,0.9901350140571594,0.8201864361763,0.19011366367340088,1e-06,0.9142946004867554,0.9898691773414612,0.989886999130249,0.9966249465942383,0.9892963767051697,0.8027104735374451,0.2099660187959671,0.9170057773590088,0.9890427589416504,0.9890652894973755,0.9963501691818237
102,0.9896938800811768,0.8155866265296936,0.1948048174381256,1e-06,0.9121142029762268,0.9894278645515442,0.9894422292709351,0.9964771866798401,0.9891958236694336,0.8034278154373169,0.20914655923843384,0.9180688858032227,0.9889446496963501,0.9889659881591797,0.9963172674179077
103,0.9899803996086121,0.8165559768676758,0.192704975605011,1e-06,0.9159249067306519,0.9897205233573914,0.9897370338439941,0.9965752363204956,0.9890431761741638,0.8021565079689026,0.2108050435781479,0.9163826107978821,0.9887932538986206,0.9888157844543457,0.9962674975395203
104,0.9900161623954773,0.815791130065918,0.19592218101024628,1e-06,0.9140814542770386,0.9897544980049133,0.989769697189331,0.9965865015983582,0.9892556071281433,0.8026130795478821,0.20975655317306519,0.9168798327445984,0.9890049695968628,0.989026665687561,0.9963368773460388
105,0.990028440952301,0.8108465671539307,0.1997367888689041,1e-06,0.9143402576446533,0.9897556900978088,0.9897712469100952,0.9965879321098328,0.9891924858093262,0.803007185459137,0.20990228652954102,0.914460301399231,0.98893803358078,0.9889592528343201,0.9963147044181824
106,0.9898826479911804,0.8225539326667786,0.18745481967926025,1e-06,0.9101929068565369,0.98960942029953,0.9896254539489746,0.9965377449989319,0.9892231225967407,0.8029854893684387,0.21019576489925385,0.9148343801498413,0.9889655709266663,0.9889875650405884,0.9963235855102539
107,0.9896435737609863,0.8167194128036499,0.19516736268997192,1e-06,0.9088582992553711,0.9893669486045837,0.9893824458122253,0.9964575171470642,0.9894026517868042,0.803084135055542,0.20946094393730164,0.9198101758956909,0.9891481399536133,0.9891697764396667,0.9963855147361755
108,0.9904482364654541,0.8267491459846497,0.18180589377880096,1e-06,0.9141072630882263,0.9901794195175171,0.9901944398880005,0.9967280030250549,0.9892742037773132,0.8040053248405457,0.20845237374305725,0.9173885583877563,0.9890192747116089,0.9890409708023071,0.9963414072990417
109,0.9903188943862915,0.8226476907730103,0.185211181640625,1e-06,0.9156032800674438,0.9900503158569336,0.9900655746459961,0.9966850876808167,0.9890730381011963,0.8040674924850464,0.20880702137947083,0.9156724214553833,0.9888164401054382,0.9888383746147156,0.9962751269340515
110,0.9905220866203308,0.8256827592849731,0.1852845698595047,1e-06,0.9183793067932129,0.9902574419975281,0.9902712106704712,0.9967544078826904,0.9894043803215027,0.80402010679245,0.20847904682159424,0.9252747893333435,0.9891521334648132,0.9891743063926697,0.9963861703872681
111,0.9902905225753784,0.8247074484825134,0.1838575154542923,1e-06,0.9175230264663696,0.9900274276733398,0.9900398254394531,0.9966780543327332,0.9894469380378723,0.8031648993492126,0.20937278866767883,0.9265400171279907,0.9891967177391052,0.9892192482948303,0.9963998794555664
112,0.9899306297302246,0.8164634108543396,0.195024311542511,1e-06,0.9182835221290588,0.989656388759613,0.9896731972694397,0.9965551495552063,0.9893906116485596,0.8044987320899963,0.20756228268146515,0.9182685613632202,0.989133358001709,0.9891561269760132,0.9963799715042114
113,0.9897233843803406,0.8140107989311218,0.19544848799705505,1e-06,0.9184916019439697,0.9894570708274841,0.98947674036026,0.9964870810508728,0.9893163442611694,0.801906168460846,0.21108406782150269,0.9237170219421387,0.989066481590271,0.9890906810760498,0.9963566660881042
114,0.9900891184806824,0.8152519464492798,0.19376520812511444,1e-06,0.9152930974960327,0.9898180365562439,0.9898355603218079,0.9966074228286743,0.9892494678497314,0.8036465048789978,0.20885492861270905,0.9170073866844177,0.9889938235282898,0.9890159964561462,0.9963346719741821
115,0.9901435375213623,0.8173181414604187,0.19175384938716888,1e-06,0.9151718616485596,0.989861249923706,0.989876925945282,0.9966213703155518,0.9894188642501831,0.8027337193489075,0.20953679084777832,0.9242790937423706,0.9891704320907593,0.9891911149024963,0.9963907599449158
116,0.9896297454833984,0.8133622407913208,0.19844821095466614,1e-06,0.9178690910339355,0.9893695712089539,0.9893856048583984,0.9964578747749329,0.9893350005149841,0.8037331104278564,0.20868954062461853,0.9239667654037476,0.9890854358673096,0.989106297492981,0.9963643550872803
117,0.9901031851768494,0.8198846578598022,0.19004419445991516,1e-06,0.9202293753623962,0.9898372888565063,0.9898548126220703,0.9966152906417847,0.9894845485687256,0.804122269153595,0.20810535550117493,0.9251775741577148,0.9892339110374451,0.989254891872406,0.9964126944541931
118,0.9903252720832825,0.8177229762077332,0.1919790357351303,1e-06,0.9215320348739624,0.9900504946708679,0.9900673627853394,0.9966855049133301,0.9895630478858948,0.8039089441299438,0.20827427506446838,0.9254491329193115,0.9893124103546143,0.9893335700035095,0.9964408278465271
119,0.9901226162910461,0.824409008026123,0.18577754497528076,1e-06,0.9171860814094543,0.9898473620414734,0.9898649454116821,0.9966174364089966,0.9894300699234009,0.8036028742790222,0.20894524455070496,0.9264037609100342,0.9891797304153442,0.989200234413147,0.9963951110839844
120,0.990074098110199,0.8208602070808411,0.1889958679676056,1e-06,0.9178949594497681,0.9898158311843872,0.9898301362991333,0.9966086745262146,0.9894192814826965,0.8029901385307312,0.20925655961036682,0.9251551628112793,0.9891695380210876,0.9891929030418396,0.9963914752006531
121,0.990368664264679,0.824277400970459,0.18527071177959442,1e-06,0.9218032360076904,0.9901030659675598,0.9901168942451477,0.9967026710510254,0.9895215630531311,0.8039279580116272,0.20845574140548706,0.9263507127761841,0.9892706274986267,0.9892923831939697,0.9964255690574646
122,0.9903016090393066,0.8223112225532532,0.18666869401931763,1e-06,0.9195269346237183,0.9900307059288025,0.9900487065315247,0.996677577495575,0.9892763495445251,0.803978681564331,0.20873545110225677,0.9189218282699585,0.9890180826187134,0.9890404343605042,0.9963436126708984
123,0.9897751212120056,0.8167945146560669,0.19374226033687592,1e-06,0.9165732264518738,0.9894994497299194,0.9895150065422058,0.9965013861656189,0.9894051551818848,0.8034934401512146,0.20888793468475342,0.9205594062805176,0.9891505241394043,0.9891723394393921,0.9963865280151367
124,0.9899773001670837,0.8186249136924744,0.19153495132923126,1e-06,0.9172985553741455,0.9897074699401855,0.9897233247756958,0.9965708255767822,0.989382803440094,0.8030772805213928,0.2091888040304184,0.9224894642829895,0.9891313314437866,0.9891535639762878,0.9963797926902771
125,0.9905543327331543,0.824055016040802,0.18452821671962738,1e-06,0.9190840721130371,0.9902858138084412,0.9903034567832947,0.9967631697654724,0.9895408749580383,0.8028748631477356,0.20934846997261047,0.9291436672210693,0.989294171333313,0.9893165826797485,0.9964338541030884
126,0.9901614189147949,0.8188717365264893,0.1936698704957962,1e-06,0.9181451797485352,0.989891529083252,0.9899064302444458,0.9966329336166382,0.9895098805427551,0.8044755458831787,0.2078000158071518,0.9198935627937317,0.9892534017562866,0.9892719984054565,0.9964197874069214
127,0.9901736974716187,0.8266449570655823,0.18193776905536652,1e-06,0.9184499979019165,0.9899054169654846,0.9899207949638367,0.9966374635696411,0.9894099831581116,0.8033672571182251,0.208872988820076,0.9231564998626709,0.9891581535339355,0.9891820549964905,0.9963886737823486
128,0.9900859594345093,0.8199080228805542,0.19091401994228363,1e-06,0.917804479598999,0.989822506904602,0.9898382425308228,0.996608316898346,0.9893743395805359,0.8025025129318237,0.21009162068367004,0.9204857349395752,0.989121675491333,0.989145040512085,0.9963775277137756
129,0.9902094006538391,0.8215886950492859,0.18697401881217957,1e-06,0.9148119688034058,0.9899376630783081,0.9899531602859497,0.9966478943824768,0.9895065426826477,0.8028878569602966,0.20929047465324402,0.925135612487793,0.9892545938491821,0.9892758727073669,0.996422529220581
130,0.9903889894485474,0.8183695673942566,0.1903831511735916,1e-06,0.9192674160003662,0.9901199340820312,0.9901354312896729,0.9967082142829895,0.9893862009048462,0.8027603030204773,0.2096918672323227,0.9242241382598877,0.9891360998153687,0.9891590476036072,0.9963811635971069
131,0.9898078441619873,0.8163303732872009,0.19507093727588654,1e-06,0.9152015447616577,0.9895402789115906,0.9895567893981934,0.9965146780014038,0.989535927772522,0.8032578825950623,0.20873568952083588,0.92136549949646,0.9892817735671997,0.9893031120300293,0.9964289665222168
132,0.9903094172477722,0.8184807300567627,0.19185878336429596,1e-06,0.9168682098388672,0.9900405406951904,0.9900566339492798,0.9966818690299988,0.9894940853118896,0.8037510514259338,0.20808324217796326,0.9237598180770874,0.9892463088035583,0.9892668724060059,0.9964175820350647
133,0.9907581210136414,0.8326480388641357,0.17691382765769958,1e-06,0.9215424060821533,0.9904910922050476,0.9905063509941101,0.996833086013794,0.9895876049995422,0.8036381602287292,0.20805653929710388,0.9255595207214355,0.9893367290496826,0.9893583655357361,0.9964474439620972
134,0.990513265132904,0.8256524205207825,0.1838359832763672,1e-06,0.9176018834114075,0.9902390241622925,0.9902551770210266,0.9967479109764099,0.9892815351486206,0.8047148585319519,0.20749688148498535,0.9196355938911438,0.9890257716178894,0.9890470504760742,0.9963444471359253
135,0.9907746911048889,0.828937828540802,0.18021364510059357,1e-06,0.9226858019828796,0.9905035495758057,0.9905233383178711,0.9968363046646118,0.989569365978241,0.804492175579071,0.2078946828842163,0.92738938331604,0.9893192052841187,0.9893415570259094,0.9964413642883301
136,0.989993691444397,0.8166175484657288,0.19209858775138855,1e-06,0.9175941348075867,0.9897130131721497,0.9897290468215942,0.9965729713439941,0.9895203709602356,0.8051179647445679,0.20691822469234467,0.9249062538146973,0.9892699122428894,0.9892905950546265,0.9964249730110168
137,0.9904395937919617,0.8255436420440674,0.1845955103635788,1e-06,0.9210063219070435,0.9901772141456604,0.9901905655860901,0.9967268109321594,0.9894335269927979,0.805073082447052,0.20721401274204254,0.922160267829895,0.9891834855079651,0.9892042279243469,0.9963955283164978
138,0.9901862740516663,0.8193327784538269,0.18978269398212433,1e-06,0.9173963069915771,0.98991459608078,0.9899311661720276,0.9966396689414978,0.9894183278083801,0.8045902252197266,0.20759451389312744,0.923125147819519,0.9891636967658997,0.9891881346702576,0.9963893294334412
139,0.990444540977478,0.8259053230285645,0.18281343579292297,1e-06,0.9216938018798828,0.9901772141456604,0.9901896119117737,0.9967278242111206,0.9896220564842224,0.8055468797683716,0.20693212747573853,0.9267646074295044,0.9893695712089539,0.9893919229507446,0.9964591264724731
140,0.9902803897857666,0.8232761025428772,0.18664172291755676,1e-06,0.9233201742172241,0.9900092482566833,0.9900274872779846,0.9966717958450317,0.9895259141921997,0.8052920699119568,0.2069847732782364,0.9241714477539062,0.9892709255218506,0.9892946481704712,0.9964258670806885
141,0.9904126524925232,0.8275479078292847,0.18137115240097046,1e-06,0.922562837600708,0.9901443123817444,0.9901597499847412,0.9967167973518372,0.9896665811538696,0.8057062029838562,0.2066556066274643,0.928337812423706,0.9894151091575623,0.9894371032714844,0.9964744448661804
142,0.9902986288070679,0.83014315366745,0.17998240888118744,1e-06,0.920308530330658,0.9900215864181519,0.99003666639328,0.9966762661933899,0.989549994468689,0.8053721785545349,0.2067694067955017,0.9240106344223022,0.9892935752868652,0.9893181920051575,0.9964333176612854
143,0.9904981851577759,0.8249217867851257,0.18280723690986633,1e-06,0.9216771125793457,0.9902294874191284,0.990244448184967,0.9967443346977234,0.989686131477356,0.8063287734985352,0.20590022206306458,0.9280721545219421,0.9894285798072815,0.9894516468048096,0.9964789748191833
144,0.9905400276184082,0.8273091316223145,0.18276144564151764,1e-06,0.9261354804039001,0.9902632236480713,0.9902791976928711,0.9967568516731262,0.9897393584251404,0.8055198788642883,0.20679207146167755,0.9341669678688049,0.9894928932189941,0.9895150065422058,0.9964981079101562
145,0.9904358386993408,0.8287087678909302,0.1786831021308899,1e-06,0.9244046211242676,0.9901711940765381,0.9901873469352722,0.9967257976531982,0.9896728992462158,0.8061836361885071,0.20559102296829224,0.9288139939308167,0.9894179105758667,0.9894387722015381,0.9964734315872192
146,0.9905768632888794,0.8250831961631775,0.1837870329618454,1e-06,0.9240671396255493,0.9903033375740051,0.9903193712234497,0.9967699646949768,0.9897461533546448,0.8061950206756592,0.20545867085456848,0.9313924312591553,0.9894952178001404,0.9895158410072327,0.9965007305145264
147,0.9900403618812561,0.8151422739028931,0.19484589993953705,1e-06,0.9277032613754272,0.9897801280021667,0.9897949695587158,0.9965954422950745,0.989564061164856,0.8055469989776611,0.20650553703308105,0.9282342791557312,0.9893141984939575,0.9893380999565125,0.9964404106140137
148,0.9905170798301697,0.8247442841529846,0.18444094061851501,1e-06,0.9279080033302307,0.9902427792549133,0.9902599453926086,0.9967490434646606,0.9898256063461304,0.8068318963050842,0.2052641361951828,0.9341698884963989,0.9895758032798767,0.9895979166030884,0.996526300907135
149,0.9904659390449524,0.8246898651123047,0.1855187565088272,1e-06,0.925639271736145,0.9901943802833557,0.9902090430259705,0.9967336058616638,0.9897615909576416,0.8072133660316467,0.20457600057125092,0.9319435358047485,0.9895122647285461,0.9895346164703369,0.9965064525604248
150,0.9903972744941711,0.8206947445869446,0.19040308892726898,1e-06,0.9278180599212646,0.9901304841041565,0.9901466965675354,0.9967113733291626,0.9898084402084351,0.8056687712669373,0.20595340430736542,0.9325528144836426,0.9895563721656799,0.9895790815353394,0.9965214729309082
151,0.9902039766311646,0.8213733434677124,0.1880248785018921,1e-06,0.9260715246200562,0.9899358749389648,0.9899511933326721,0.9966467022895813,0.9896774291992188,0.805936336517334,0.20595590770244598,0.9285084009170532,0.9894263744354248,0.9894499778747559,0.9964775443077087
152,0.9904482960700989,0.8257210850715637,0.1842685043811798,1e-06,0.9219772219657898,0.990172266960144,0.9901898503303528,0.9967259168624878,0.9897846579551697,0.806980311870575,0.20487356185913086,0.9285531044006348,0.9895291924476624,0.9895510673522949,0.9965109825134277
153,0.9904352426528931,0.8265947699546814,0.18092308938503265,1e-06,0.925777792930603,0.9901683926582336,0.9901840686798096,0.9967246651649475,0.9897679090499878,0.8068405985832214,0.20515909790992737,0.928338885307312,0.989513635635376,0.9895361661911011,0.9965082406997681
154,0.990513026714325,0.823880672454834,0.18502219021320343,1e-06,0.9255191087722778,0.9902344942092896,0.9902538061141968,0.996746301651001,0.9897679090499878,0.8071271181106567,0.2042125165462494,0.9296016693115234,0.989513635635376,0.989535391330719,0.9965070486068726
155,0.9904549717903137,0.8196547031402588,0.18893006443977356,1e-06,0.9222749471664429,0.9901765584945679,0.9901905655860901,0.9967275261878967,0.9899110794067383,0.8076290488243103,0.20415902137756348,0.9320868849754333,0.9896580576896667,0.989679217338562,0.9965539574623108
156,0.9907812476158142,0.8238011002540588,0.18597865104675293,1e-06,0.926287055015564,0.9905090928077698,0.9905259013175964,0.9968386888504028,0.9898179769515991,0.8078662157058716,0.203924298286438,0.9282919764518738,0.9895623326301575,0.9895837306976318,0.9965240359306335
157,0.9904360175132751,0.8245136737823486,0.18575426936149597,1e-06,0.9268834590911865,0.9901655912399292,0.9901834726333618,0.9967230558395386,0.9897932410240173,0.8075613379478455,0.2040766328573227,0.9295428395271301,0.9895384907722473,0.9895617365837097,0.9965144991874695
158,0.9902183413505554,0.8193020224571228,0.19081231951713562,1e-06,0.9237068891525269,0.9899510741233826,0.989970862865448,0.996651828289032,0.9897351861000061,0.8064470887184143,0.2055935114622116,0.9255284667015076,0.98948073387146,0.9895025491714478,0.9964945912361145
159,0.9906976819038391,0.8228009343147278,0.18447107076644897,1e-06,0.9248191714286804,0.9904244542121887,0.9904441237449646,0.996810257434845,0.9897148013114929,0.8066083192825317,0.20521344244480133,0.9261297583580017,0.9894579648971558,0.9894811511039734,0.9964889883995056
160,0.9906617403030396,0.8191230297088623,0.18973372876644135,1e-06,0.9232207536697388,0.9903907775878906,0.9904077053070068,0.9967991709709167,0.9898023009300232,0.8061248064041138,0.20572951436042786,0.9273689389228821,0.9895451068878174,0.9895675778388977,0.9965174794197083
161,0.9903531670570374,0.8223121762275696,0.18940825760364532,1e-06,0.9249193668365479,0.9900757074356079,0.9900965094566345,0.9966938495635986,0.9898241758346558,0.8060051798820496,0.20568932592868805,0.9337726831436157,0.9895719289779663,0.9895963072776794,0.996527373790741
162,0.9908166527748108,0.8317112922668457,0.17507432401180267,1e-06,0.9287770986557007,0.9905472993850708,0.9905641078948975,0.9968518018722534,0.9898998737335205,0.8060128688812256,0.20577755570411682,0.9345645904541016,0.9896485209465027,0.989671528339386,0.9965515732765198
163,0.9906184673309326,0.8246964812278748,0.18605388700962067,1e-06,0.9228216409683228,0.9903451204299927,0.9903637170791626,0.9967836141586304,0.9898689985275269,0.8072883486747742,0.20415493845939636,0.9293403625488281,0.9896125793457031,0.9896344542503357,0.996539831161499
164,0.9904318451881409,0.8208207488059998,0.18848435580730438,1e-06,0.9269712567329407,0.9901599884033203,0.990176260471344,0.9967215061187744,0.989798367023468,0.806350827217102,0.205067977309227,0.9315808415412903,0.9895435571670532,0.9895690083503723,0.9965161085128784
165,0.9906307458877563,0.8257618546485901,0.1845095157623291,1e-06,0.9276093244552612,0.9903595447540283,0.9903777241706848,0.9967889785766602,0.9898980855941772,0.8080698251724243,0.2036491483449936,0.9330980181694031,0.989644467830658,0.9896655678749084,0.9965503215789795
166,0.9908052086830139,0.8295274376869202,0.1766688972711563,1e-06,0.9304388761520386,0.990534782409668,0.9905520677566528,0.9968473315238953,0.9896863698959351,0.807187020778656,0.20413123071193695,0.9352128505706787,0.9894382357597351,0.9894627332687378,0.996482253074646
167,0.9906635880470276,0.820433497428894,0.1859249770641327,1e-06,0.9308720827102661,0.9903905987739563,0.9904090166091919,0.996798574924469,0.9899170398712158,0.8072205185890198,0.20426316559314728,0.937139630317688,0.989669680595398,0.9896916747093201,0.9965598583221436
168,0.9906594157218933,0.8218285441398621,0.18428988754749298,1e-06,0.9323505759239197,0.9903856515884399,0.9904062747955322,0.9967972636222839,0.9898043274879456,0.8081388473510742,0.2041776478290558,0.9311438202857971,0.9895506501197815,0.9895741939544678,0.9965190887451172
169,0.9906229972839355,0.8274694085121155,0.18156827986240387,1e-06,0.9309310913085938,0.9903594851493835,0.9903764128684998,0.9967881441116333,0.9899567365646362,0.8076514601707458,0.20382843911647797,0.9367836713790894,0.9897053241729736,0.989729106426239,0.9965704083442688
170,0.9906620383262634,0.8258139491081238,0.18077971041202545,1e-06,0.9331339597702026,0.9903957843780518,0.9904146194458008,0.9968005418777466,0.9899449348449707,0.8053646683692932,0.20580103993415833,0.9447125196456909,0.9897060990333557,0.9897287487983704,0.9965717792510986
171,0.9909419417381287,0.825606644153595,0.18227235972881317,1e-06,0.9338235259056091,0.9906753301620483,0.9906928539276123,0.9968926906585693,0.9897827506065369,0.8078591823577881,0.2033524215221405,0.9325330257415771,0.9895303845405579,0.9895532131195068,0.9965110421180725
172,0.9905177354812622,0.8274019956588745,0.18138077855110168,1e-06,0.9269760847091675,0.9902404546737671,0.9902589321136475,0.9967487454414368,0.9898942708969116,0.8084729313850403,0.20311492681503296,0.9292415380477905,0.9896337389945984,0.9896576404571533,0.9965470433235168
173,0.9908725023269653,0.8248745799064636,0.1813628375530243,1e-06,0.9284777641296387,0.9906076788902283,0.9906243681907654,0.9968703985214233,0.9899612069129944,0.8084009885787964,0.20317910611629486,0.9348349571228027,0.9897053837776184,0.9897286295890808,0.9965705871582031
174,0.9910247921943665,0.8353266716003418,0.17369462549686432,1e-06,0.9298282861709595,0.9907572865486145,0.9907722473144531,0.9969212412834167,0.9898980259895325,0.8068604469299316,0.2044754922389984,0.9378966093063354,0.9896472096443176,0.989672064781189,0.9965516924858093
175,0.9907320737838745,0.8315243124961853,0.1762576699256897,1e-06,0.9337976574897766,0.9904569983482361,0.9904760122299194,0.9968205690383911,0.9898813962936401,0.8081440925598145,0.20282496511936188,0.9338924884796143,0.9896272420883179,0.989649772644043,0.9965453743934631
176,0.9906992316246033,0.8269962668418884,0.18146389722824097,1e-06,0.9328975081443787,0.9904235005378723,0.9904414415359497,0.9968094229698181,0.9896965026855469,0.806889533996582,0.20475587248802185,0.9327937364578247,0.9894455671310425,0.9894695281982422,0.9964858889579773
177,0.9905142188072205,0.8222566246986389,0.1873396933078766,1e-06,0.9285439252853394,0.9902443289756775,0.9902637004852295,0.9967501759529114,0.9898568987846375,0.8072428703308105,0.20401284098625183,0.9318982362747192,0.9896016716957092,0.9896247982978821,0.9965365529060364
178,0.9905756115913391,0.8275180459022522,0.18051153421401978,1e-06,0.9300294518470764,0.9903033375740051,0.9903222918510437,0.9967688918113708,0.9898453950881958,0.8084232211112976,0.20279186964035034,0.9302588701248169,0.9895912408828735,0.9896143078804016,0.996532142162323
179,0.9906992316246033,0.8260011076927185,0.1839543581008911,1e-06,0.931959867477417,0.9904318451881409,0.9904472827911377,0.9968116879463196,0.990013599395752,0.808361828327179,0.2033127397298813,0.9357689619064331,0.9897605180740356,0.9897818565368652,0.996589720249176
180,0.9909937977790833,0.8342708349227905,0.17421212792396545,1e-06,0.9322986006736755,0.9907243251800537,0.9907413721084595,0.9969093203544617,0.9899299144744873,0.8072870373725891,0.20399610698223114,0.9334006309509277,0.9896740317344666,0.9896978735923767,0.9965611100196838
181,0.9906811714172363,0.8288881778717041,0.18080095946788788,1e-06,0.9268039464950562,0.9904101490974426,0.9904276132583618,0.9968057870864868,0.9898079633712769,0.8071087598800659,0.2049640715122223,0.9304372072219849,0.9895533323287964,0.9895781874656677,0.9965189099311829
182,0.9907212853431702,0.8221365213394165,0.18580979108810425,1e-06,0.9302325248718262,0.990450382232666,0.9904705286026001,0.9968187808990479,0.9899313449859619,0.8068809509277344,0.20505674183368683,0.9339273571968079,0.9896799921989441,0.9897028207778931,0.9965632557868958
183,0.991065263748169,0.8287757635116577,0.18034084141254425,1e-06,0.9308887124061584,0.9907841086387634,0.9908019304275513,0.996929407119751,0.9898545742034912,0.8071368336677551,0.204643115401268,0.9329043626785278,0.9896030426025391,0.9896272420883179,0.9965369701385498
184,0.9906917214393616,0.8252018690109253,0.18440595269203186,1e-06,0.9311903715133667,0.990422248840332,0.9904375672340393,0.9968079924583435,0.9899195432662964,0.8071766495704651,0.20473086833953857,0.9330157041549683,0.9896656274795532,0.9896887540817261,0.9965583086013794
185,0.9907369613647461,0.8227313160896301,0.18605226278305054,1e-06,0.9282664060592651,0.9904618859291077,0.9904809594154358,0.9968219995498657,0.9899261593818665,0.8083077073097229,0.20329369604587555,0.9306704998016357,0.9896686673164368,0.9896913170814514,0.9965581297874451
186,0.9902697801589966,0.8187623023986816,0.19150851666927338,1e-06,0.9257917404174805,0.9899987578392029,0.9900137186050415,0.9966673851013184,0.9898912906646729,0.807909369468689,0.20372846722602844,0.9296526908874512,0.9896325469017029,0.9896548986434937,0.9965481758117676
187,0.9908818006515503,0.8329640030860901,0.17499162256717682,1e-06,0.9290612936019897,0.9906108379364014,0.9906280636787415,0.9968727231025696,0.9900069832801819,0.808479368686676,0.20298171043395996,0.934546947479248,0.9897552132606506,0.9897759556770325,0.9965877532958984
188,0.9909672141075134,0.8271997570991516,0.18032974004745483,1e-06,0.9315829277038574,0.9907020926475525,0.9907185435295105,0.9969028830528259,0.9898770451545715,0.8066388964653015,0.20510868728160858,0.9348107576370239,0.9896279573440552,0.9896501302719116,0.9965443015098572
189,0.9908846616744995,0.8294281363487244,0.17919203639030457,1e-06,0.931157648563385,0.9906079173088074,0.9906264543533325,0.9968703389167786,0.989967942237854,0.8089241981506348,0.20233628153800964,0.9329021573066711,0.9897077083587646,0.9897295236587524,0.996570348739624
190,0.9907820224761963,0.8322661519050598,0.17551331222057343,1e-06,0.9324054718017578,0.9905040264129639,0.9905256032943726,0.996837317943573,0.9899726510047913,0.8092308640480042,0.20184296369552612,0.9367011785507202,0.989717423915863,0.9897419810295105,0.9965746998786926
191,0.9906533360481262,0.8326510787010193,0.17522169649600983,1e-06,0.9332138895988464,0.9903804063796997,0.9903984069824219,0.9967957735061646,0.9900112748146057,0.8086938858032227,0.2025602161884308,0.9375818967819214,0.9897581338882446,0.989782452583313,0.9965875744819641
192,0.9906949400901794,0.828457772731781,0.17993763089179993,1e-06,0.9313173294067383,0.9904142618179321,0.9904301166534424,0.996805727481842,0.9899627566337585,0.8094491958618164,0.20193558931350708,0.9364924430847168,0.9897096753120422,0.9897312521934509,0.9965717196464539
193,0.9906873106956482,0.8232768774032593,0.18576174974441528,1e-06,0.9311352968215942,0.9904107451438904,0.9904276132583618,0.9968038201332092,0.9900628924369812,0.8098755478858948,0.20187151432037354,0.9399410486221313,0.989811360836029,0.9898337721824646,0.9966058135032654
194,0.9907986521720886,0.8321744203567505,0.1762005090713501,1e-06,0.9348719120025635,0.9905257821083069,0.9905427098274231,0.9968435764312744,0.9900832772254944,0.8095071315765381,0.20181336998939514,0.9387565851211548,0.9898297190666199,0.9898529648780823,0.9966113567352295
195,0.9906836748123169,0.8318389058113098,0.17714115977287292,1e-06,0.933846116065979,0.9904151558876038,0.9904336929321289,0.996806263923645,0.9899429082870483,0.8096371293067932,0.2018359899520874,0.9349429607391357,0.9896883368492126,0.9897114038467407,0.9965657591819763
196,0.9912338256835938,0.8334139585494995,0.17415335774421692,1e-06,0.9326584339141846,0.9909542798995972,0.990972101688385,0.9969854950904846,0.9900270104408264,0.8091354966163635,0.20278434455394745,0.9390057921409607,0.9897764325141907,0.9897998571395874,0.996594250202179
197,0.9909908771514893,0.8299124836921692,0.17721472680568695,1e-06,0.9333244562149048,0.9907249808311462,0.9907415509223938,0.996910035610199,0.9900537133216858,0.8095428347587585,0.2019379884004593,0.9393794536590576,0.9898011088371277,0.9898251891136169,0.9966034293174744
198,0.9908217191696167,0.829063892364502,0.18083332479000092,1e-06,0.9329314231872559,0.990547239780426,0.990563690662384,0.9968501329421997,0.9900051355361938,0.809871256351471,0.2014095038175583,0.9324325323104858,0.9897476434707642,0.9897716641426086,0.9965855479240417
199,0.9910628795623779,0.832879364490509,0.17685933411121368,1e-06,0.9327163696289062,0.9907927513122559,0.9908124804496765,0.9969318509101868,0.9900796413421631,0.8096022009849548,0.2019912600517273,0.938713788986206,0.989825427532196,0.9898486137390137,0.9966099858283997
