epoch,accuracy,dice_coef,loss,lr,mean_io_u,precision,sensitivity,specificity,val_accuracy,val_dice_coef,val_loss,val_mean_io_u,val_precision,val_sensitivity,val_specificity
0,0.951984167098999,0.3873019516468048,0.15357595682144165,1e-04,0.6633262038230896,0.969963014125824,0.9273605346679688,0.9902360439300537,0.9606085419654846,0.4336767792701721,0.11340492963790894,0.4916031062602997,0.9757373929023743,0.9432688355445862,0.9916175007820129
1,0.96477210521698,0.5011220574378967,0.09972336143255234,1e-04,0.6835461854934692,0.9754683971405029,0.9509584903717041,0.9916689395904541,0.9695528745651245,0.5635964870452881,0.09290634840726852,0.7614104151725769,0.9736725091934204,0.9632881283760071,0.9911362528800964
2,0.9722524285316467,0.5921190977096558,0.07757744938135147,1e-04,0.7412378787994385,0.9775075912475586,0.9641622304916382,0.992394745349884,0.9756097197532654,0.6331990957260132,0.07626189291477203,0.7576480507850647,0.9783452749252319,0.9694507718086243,0.9927127957344055
3,0.9761670827865601,0.6266297101974487,0.06711350381374359,1e-04,0.7695175409317017,0.9797656536102295,0.9695978164672852,0.9931554198265076,0.9785517454147339,0.666225790977478,0.06881475448608398,0.788382351398468,0.9800764918327332,0.9742171168327332,0.9933051466941833
4,0.9808246493339539,0.6758937835693359,0.053779490292072296,1e-04,0.782818078994751,0.9825182557106018,0.975786566734314,0.9940967559814453,0.9781336784362793,0.6766035556793213,0.07267783582210541,0.8464770317077637,0.9786162376403809,0.9752482175827026,0.9928476214408875
5,0.9818697571754456,0.6943937540054321,0.05083274841308594,1e-04,0.7887879610061646,0.9830101728439331,0.977140486240387,0.9942746758460999,0.983289361000061,0.7154305577278137,0.052369505167007446,0.8290866613388062,0.983764111995697,0.9792802333831787,0.994526743888855
6,0.9819468259811401,0.7018387913703918,0.051171768456697464,1e-04,0.7984534502029419,0.9828876256942749,0.9774963855743408,0.9942325353622437,0.9814654588699341,0.7219181060791016,0.0641971230506897,0.8152786493301392,0.9813335537910461,0.9785686135292053,0.9937589764595032
7,0.9845749735832214,0.7179485559463501,0.04302817955613136,1e-04,0.8101035356521606,0.9848116040229797,0.9808126091957092,0.9948952794075012,0.9832277297973633,0.7123318314552307,0.05240844562649727,0.8002961874008179,0.9841265082359314,0.9786961674690247,0.9946563839912415
8,0.9882178902626038,0.7505275011062622,0.032757434993982315,2e-05,0.8292491436004639,0.9876399636268616,0.9848487973213196,0.995836615562439,0.9856458902359009,0.7441538572311401,0.047169238328933716,0.8406616449356079,0.9854265451431274,0.9823963642120361,0.995093584060669
9,0.9884540438652039,0.7604683041572571,0.0314364992082119,2e-05,0.8407102823257446,0.9876409769058228,0.9852321743965149,0.9958412647247314,0.9857341051101685,0.7479221820831299,0.04864869639277458,0.8452184200286865,0.9851766228675842,0.9826781153678894,0.9950311183929443
10,0.9894036054611206,0.7703983783721924,0.029031893238425255,2e-05,0.8477754592895508,0.9884909987449646,0.9863352179527283,0.9961229562759399,0.9854639172554016,0.7512451410293579,0.0477355532348156,0.8478795886039734,0.9849401712417603,0.9824462532997131,0.9949544072151184
11,0.9895039796829224,0.7692446112632751,0.02887893095612526,4e-06,0.8543829321861267,0.9884963631629944,0.9863449335098267,0.9961280226707458,0.9863097071647644,0.7516257762908936,0.04704940691590309,0.857262372970581,0.9858546257019043,0.9831801056861877,0.9952451586723328
12,0.9904420375823975,0.7804771661758423,0.026318592950701714,4e-06,0.8576494455337524,0.9893531799316406,0.9874755144119263,0.9964112639427185,0.986229658126831,0.7537018060684204,0.04796747863292694,0.8633420467376709,0.985710620880127,0.9832103848457336,0.9952030181884766
13,0.9902642965316772,0.7812416553497314,0.026767175644636154,4e-06,0.8572407960891724,0.989159107208252,0.9872730374336243,0.9963489770889282,0.9862451553344727,0.7591513991355896,0.04807586967945099,0.8623831868171692,0.9855801463127136,0.9834244847297668,0.9951692819595337
14,0.9904283881187439,0.7794092297554016,0.026432225480675697,1e-06,0.8576343059539795,0.9893128275871277,0.9874818921089172,0.9963993430137634,0.9864054918289185,0.7582641243934631,0.048013780266046524,0.8648585081100464,0.9857669472694397,0.9835672378540039,0.9952260851860046
15,0.9900662899017334,0.7795354127883911,0.02734498865902424,1e-06,0.8576688766479492,0.9889909625053406,0.9870527982711792,0.9962930083274841,0.9863558411598206,0.755431056022644,0.047655507922172546,0.8622634410858154,0.9858043789863586,0.9833861589431763,0.9952360987663269
16,0.9905580878257751,0.7808331847190857,0.026091836392879486,1e-06,0.8586386442184448,0.9894208908081055,0.9875306487083435,0.9964326620101929,0.9864620566368103,0.758386492729187,0.04793134704232216,0.8654325008392334,0.9858306646347046,0.983605146408081,0.9952465295791626
17,0.9906553626060486,0.7828678488731384,0.025894755497574806,1e-06,0.859939694404602,0.9894388318061829,0.9877102375030518,0.9964451789855957,0.9864725470542908,0.7587291598320007,0.04798003286123276,0.8668197393417358,0.9858476519584656,0.9836289286613464,0.9952534437179565
18,0.9903843998908997,0.7851701378822327,0.026264984160661697,1e-06,0.8605588674545288,0.9892258048057556,0.9874036312103271,0.9963712096214294,0.9864524602890015,0.7594542503356934,0.04817107692360878,0.8668049573898315,0.9857891798019409,0.9836648106575012,0.9952362179756165
19,0.9905016422271729,0.7829670906066895,0.026206355541944504,1e-06,0.8588231205940247,0.9893274903297424,0.9875292778015137,0.9964048266410828,0.9864749908447266,0.7583670616149902,0.047808874398469925,0.8644960522651672,0.9858436584472656,0.9836206436157227,0.9952508807182312
20,0.9905928373336792,0.7836965918540955,0.025966713204979897,1e-06,0.8595918416976929,0.9894412159919739,0.987655758857727,0.9964461922645569,0.986449658870697,0.7587267756462097,0.048038557171821594,0.8654389977455139,0.9858139157295227,0.9836347699165344,0.9952433109283447
21,0.9904603958129883,0.780959963798523,0.026337802410125732,1e-06,0.8596000671386719,0.9893283843994141,0.9874566793441772,0.9963999390602112,0.9864597916603088,0.7584253549575806,0.04774487018585205,0.8642222881317139,0.9858250617980957,0.9836081266403198,0.9952458739280701
22,0.9907900094985962,0.7851337194442749,0.02543051168322563,1e-06,0.8586508631706238,0.9895710945129395,0.9878135323524475,0.9964895248413086,0.986464262008667,0.7587849497795105,0.04834270849823952,0.8667572140693665,0.9858582019805908,0.9836316108703613,0.9952569007873535
23,0.990615725517273,0.7823901176452637,0.025835860520601273,1e-06,0.861230194568634,0.9894483089447021,0.9876354932785034,0.9964450001716614,0.986442506313324,0.7593042850494385,0.04842416197061539,0.8667442798614502,0.9858025312423706,0.9836230278015137,0.9952401518821716
24,0.9906246662139893,0.7819439768791199,0.025714658200740814,1e-06,0.8621885776519775,0.9894480109214783,0.9876773357391357,0.9964452981948853,0.9864588975906372,0.7597340941429138,0.048360347747802734,0.867196261882782,0.9857982397079468,0.983660101890564,0.9952389001846313
25,0.9906712174415588,0.7812389135360718,0.02569826878607273,1e-06,0.8598220348358154,0.9894481897354126,0.9877259135246277,0.9964462518692017,0.986525297164917,0.7596434950828552,0.048259470611810684,0.8677561283111572,0.9858630895614624,0.9837170243263245,0.9952590465545654
26,0.990696907043457,0.7864990234375,0.025753937661647797,1e-06,0.8617262244224548,0.9894983768463135,0.987713634967804,0.9964621663093567,0.9864734411239624,0.7594706416130066,0.0482969768345356,0.867365837097168,0.9858320355415344,0.9836517572402954,0.9952486753463745
27,0.9911699891090393,0.7928757071495056,0.024405289441347122,1e-06,0.8635640740394592,0.9899128079414368,0.9882727861404419,0.9966033101081848,0.986470103263855,0.7611709237098694,0.04853010177612305,0.8679105043411255,0.985785722732544,0.9837406277656555,0.9952362179756165
28,0.9909749627113342,0.7912201881408691,0.02504241093993187,1e-06,0.8647451996803284,0.989734411239624,0.9880801439285278,0.9965426921844482,0.9865301251411438,0.7614873051643372,0.04834654927253723,0.8671876192092896,0.9858341217041016,0.983798086643219,0.9952516555786133
29,0.9910906553268433,0.7885568141937256,0.02466067112982273,1e-06,0.863315224647522,0.9898464679718018,0.9882078766822815,0.9965803623199463,0.9864850640296936,0.7614088654518127,0.048578523099422455,0.8683546781539917,0.9857898950576782,0.9837650060653687,0.9952378869056702
30,0.9908599257469177,0.7871308922767639,0.025463130325078964,1e-06,0.8603519201278687,0.9896202683448792,0.9878778457641602,0.996502161026001,0.9864547848701477,0.7616260051727295,0.04892585054039955,0.8684905767440796,0.9857600331306458,0.9837347865104675,0.9952287673950195
31,0.9908149242401123,0.7802615761756897,0.025345927104353905,1e-06,0.8632522821426392,0.9896426796913147,0.9878793954849243,0.996508777141571,0.9864400029182434,0.7608391046524048,0.048822857439517975,0.8700593709945679,0.9857783317565918,0.9836991429328918,0.995232105255127
32,0.9906907081604004,0.7860689163208008,0.025810517370700836,1e-06,0.8623409271240234,0.9895180463790894,0.9877385497093201,0.9964693784713745,0.9864553213119507,0.7603861689567566,0.04860120266675949,0.8684659004211426,0.985813558101654,0.9836727380752563,0.9952433705329895
33,0.9910221099853516,0.7911840081214905,0.02488657645881176,1e-06,0.8632532358169556,0.9897516965866089,0.9880878925323486,0.9965453147888184,0.9865160584449768,0.7615066766738892,0.04875148832798004,0.8689610958099365,0.9858328104019165,0.9837934970855713,0.9952506422996521
34,0.9909507036209106,0.7914880514144897,0.02501482330262661,1e-06,0.8624357581138611,0.9896787405014038,0.987999439239502,0.9965251088142395,0.9864469766616821,0.7616918087005615,0.04968301206827164,0.8730005621910095,0.9857586026191711,0.9837579131126404,0.99522864818573
35,0.9910979270935059,0.7883763313293457,0.024586176499724388,1e-06,0.8661887645721436,0.9898523688316345,0.9882506132125854,0.9965841770172119,0.9864726662635803,0.7614083290100098,0.04961236193776131,0.8730571269989014,0.9857868552207947,0.9837744832038879,0.9952386021614075
36,0.9911743402481079,0.7852333784103394,0.024565912783145905,1e-06,0.8662292957305908,0.9898935556411743,0.988283097743988,0.9965988993644714,0.9864814877510071,0.760574996471405,0.04899424687027931,0.8710960149765015,0.9858246445655823,0.9837466478347778,0.9952481985092163
37,0.9912548661231995,0.7905824780464172,0.024215107783675194,1e-06,0.8663482666015625,0.9899393916130066,0.9883325695991516,0.996608316898346,0.9865424036979675,0.7622805833816528,0.04900730028748512,0.8724863529205322,0.9858430027961731,0.9838474988937378,0.9952567219734192
38,0.9911887645721436,0.7900230288505554,0.024388497695326805,1e-06,0.8649940490722656,0.9899097681045532,0.9882972836494446,0.9966003894805908,0.9865495562553406,0.7629106640815735,0.048925817012786865,0.8724040985107422,0.9858466386795044,0.9838681817054749,0.9952567219734192
39,0.9911531209945679,0.7938731908798218,0.02453329600393772,1e-06,0.8656495809555054,0.9898645877838135,0.9882515668869019,0.9965858459472656,0.9865403771400452,0.7626066207885742,0.04924562945961952,0.8734332323074341,0.9858515858650208,0.9838706254959106,0.9952594637870789
40,0.9911764860153198,0.7903116941452026,0.02444104291498661,1e-06,0.8661274313926697,0.9899088740348816,0.988308846950531,0.996602475643158,0.9865407347679138,0.7625408172607422,0.04929691180586815,0.8720695972442627,0.9858501553535461,0.9838457107543945,0.9952583909034729
41,0.9910749197006226,0.7880147099494934,0.02467820793390274,1e-06,0.8656467199325562,0.9898182153701782,0.9881501197814941,0.996571958065033,0.9865640997886658,0.7626581192016602,0.04912217706441879,0.8732863664627075,0.9858760833740234,0.9838854670524597,0.9952665567398071
42,0.9910600185394287,0.7903499603271484,0.024632297456264496,1e-06,0.867199182510376,0.9898092746734619,0.9882139563560486,0.9965652823448181,0.9864633679389954,0.7619274258613586,0.04896145313978195,0.8708499670028687,0.9858018159866333,0.9837389588356018,0.9952399134635925
43,0.9910362958908081,0.7867122292518616,0.024874497205018997,1e-06,0.8642994165420532,0.989778459072113,0.9880993366241455,0.9965522289276123,0.9866016507148743,0.762016773223877,0.04854876548051834,0.8712742328643799,0.9859315156936646,0.9838612079620361,0.9952809810638428
44,0.9911836385726929,0.7914429306983948,0.02436308190226555,1e-06,0.8674539923667908,0.9899317026138306,0.9882612824440002,0.9966040849685669,0.9865429997444153,0.7639012336730957,0.04970064014196396,0.8746678829193115,0.9858065247535706,0.9839222431182861,0.9952455163002014
45,0.9913585186004639,0.7946392297744751,0.024016739800572395,1e-06,0.8669071793556213,0.9900495409965515,0.9885039329528809,0.9966474175453186,0.9866034388542175,0.7636716365814209,0.04943447560071945,0.873846709728241,0.9858951568603516,0.983931303024292,0.9952738285064697
46,0.9912914037704468,0.7966060638427734,0.02413199655711651,1e-06,0.8690922856330872,0.9900131225585938,0.98841792345047,0.9966388940811157,0.9865883588790894,0.7639230489730835,0.04945206269621849,0.8750306963920593,0.9858644604682922,0.9839420318603516,0.9952627420425415
47,0.9912990927696228,0.7930312156677246,0.024071350693702698,1e-06,0.8687937259674072,0.9899590611457825,0.9884125590324402,0.9966216087341309,0.9865204095840454,0.7638722658157349,0.04892392456531525,0.8724260330200195,0.985802948474884,0.9838628172874451,0.9952425956726074
48,0.991457462310791,0.7933321595191956,0.023527013137936592,1e-06,0.8673452138900757,0.9901256561279297,0.9886223077774048,0.9966752529144287,0.9865062832832336,0.7643874287605286,0.04979831352829933,0.8760661482810974,0.9857651591300964,0.9838947653770447,0.9952326416969299
49,0.99139004945755,0.7975203990936279,0.023830190300941467,1e-06,0.8693360686302185,0.9900528788566589,0.988563060760498,0.9966512322425842,0.9865062832832336,0.7630416750907898,0.04903412610292435,0.8732980489730835,0.9858178496360779,0.9838153123855591,0.9952467679977417
50,0.9914063811302185,0.7956960797309875,0.02385428547859192,1e-06,0.868690013885498,0.9901325106620789,0.9885316491127014,0.9966763257980347,0.9865016341209412,0.7614431381225586,0.04937674105167389,0.8743427991867065,0.9858482480049133,0.9837886691093445,0.9952540397644043
51,0.9914042949676514,0.7912169694900513,0.023867134004831314,1e-06,0.8688724040985107,0.9900978207588196,0.9885035157203674,0.9966613054275513,0.9865449070930481,0.7635508179664612,0.049713026732206345,0.8764545917510986,0.9858322143554688,0.9839159846305847,0.9952538013458252
52,0.9913792610168457,0.7895689606666565,0.023850761353969574,1e-06,0.8688050508499146,0.9900309443473816,0.9885265231132507,0.9966451525688171,0.9865306615829468,0.7640173435211182,0.04907046630978584,0.8739206194877625,0.985825777053833,0.9838747382164001,0.9952486753463745
53,0.9914113283157349,0.7925446629524231,0.023722348734736443,1e-06,0.8710107803344727,0.9900899529457092,0.9885305762290955,0.9966626763343811,0.9865477681159973,0.7634459733963013,0.049614645540714264,0.8761955499649048,0.9858361482620239,0.9839113354682922,0.9952563643455505
54,0.9914620518684387,0.7929224371910095,0.02369087003171444,1e-06,0.8705669641494751,0.9901037812232971,0.9886033535003662,0.9966647028923035,0.9865856766700745,0.7639775276184082,0.049463022500276566,0.8760427236557007,0.9858793020248413,0.9839343428611755,0.9952673316001892
55,0.9915121793746948,0.7937086224555969,0.02361164800822735,1e-06,0.8699720501899719,0.9901505708694458,0.9886579513549805,0.9966776967048645,0.986639142036438,0.7640539407730103,0.049210917204618454,0.8757457733154297,0.9859427809715271,0.9839882254600525,0.9952878952026367
56,0.9914253354072571,0.7910107970237732,0.023748017847537994,1e-06,0.8706967830657959,0.9901115298271179,0.988519012928009,0.9966679215431213,0.98659348487854,0.7654746770858765,0.04994391277432442,0.8774476051330566,0.9858457446098328,0.9840162992477417,0.9952592849731445
57,0.9916737079620361,0.7948135733604431,0.023195479065179825,1e-06,0.8711680173873901,0.9903361201286316,0.9888598918914795,0.9967414140701294,0.9866182208061218,0.7641695737838745,0.049682363867759705,0.8781278133392334,0.9859301447868347,0.9839966297149658,0.9952844381332397
58,0.9915325045585632,0.7991448640823364,0.023499412462115288,1e-06,0.8708305358886719,0.99018794298172,0.9886829257011414,0.9966922402381897,0.9865412712097168,0.7647758722305298,0.04947318136692047,0.8749749660491943,0.9858276844024658,0.9839212894439697,0.9952523112297058
59,0.9917506575584412,0.7923704385757446,0.02292221039533615,1e-06,0.8711730241775513,0.9904223084449768,0.9889237284660339,0.9967694282531738,0.9866791367530823,0.7652586102485657,0.049522362649440765,0.8785179853439331,0.9859679341316223,0.984079122543335,0.9952967166900635
60,0.9916961193084717,0.8013202548027039,0.02311095967888832,1e-06,0.8706628084182739,0.9903156757354736,0.9888700842857361,0.9967343211174011,0.9866766929626465,0.7655602693557739,0.04939800128340721,0.8784217834472656,0.9859623908996582,0.9840763211250305,0.9952949285507202
61,0.9916149377822876,0.797959566116333,0.023239467293024063,1e-06,0.8719251751899719,0.9902498126029968,0.9887708425521851,0.9967171549797058,0.9866302609443665,0.7652508020401001,0.04942936822772026,0.8770889043807983,0.9859091639518738,0.9840242266654968,0.9952791929244995
62,0.9915537238121033,0.8049982786178589,0.02340291626751423,1e-06,0.869744062423706,0.9901257753372192,0.9886905550956726,0.9966742396354675,0.986671507358551,0.7656516432762146,0.04962022230029106,0.8786334991455078,0.9859318733215332,0.9840855002403259,0.9952849745750427
63,0.9917854070663452,0.8014280796051025,0.022855250164866447,1e-06,0.8709657192230225,0.9903939366340637,0.9889975786209106,0.9967634081840515,0.9865656495094299,0.7653642296791077,0.049058251082897186,0.8748684525489807,0.9858264327049255,0.9839598536491394,0.9952515363693237
64,0.9915975332260132,0.7993515133857727,0.02332833968102932,1e-06,0.8711328506469727,0.9901953935623169,0.9887288808822632,0.9966984391212463,0.9866060018539429,0.7663961052894592,0.04966890066862106,0.8783915042877197,0.985856831073761,0.9840396642684937,0.9952619671821594
65,0.9917780756950378,0.8006748557090759,0.02278045378625393,1e-06,0.8728230595588684,0.9903576374053955,0.9889392256736755,0.9967536926269531,0.9866137504577637,0.766261637210846,0.04997441917657852,0.8795367479324341,0.9858501553535461,0.9840701818466187,0.9952616095542908
66,0.9916461110115051,0.7997850179672241,0.02311345748603344,1e-06,0.8717188835144043,0.9902492165565491,0.98880535364151,0.9967195391654968,0.9865896105766296,0.7651713490486145,0.05002456530928612,0.87972092628479,0.9858731627464294,0.9840026497840881,0.9952658414840698
67,0.9919493198394775,0.8067631125450134,0.022449582815170288,1e-06,0.8735027313232422,0.9905070662498474,0.9891302585601807,0.9968012571334839,0.986558198928833,0.7649555802345276,0.049253396689891815,0.8769975900650024,0.9858613014221191,0.9839500784873962,0.9952612519264221
68,0.9920457005500793,0.8037804365158081,0.022132642567157745,1e-06,0.8721579313278198,0.9906069040298462,0.989270031452179,0.9968382120132446,0.9865512251853943,0.7673346996307373,0.0498538576066494,0.877753496170044,0.9857677221298218,0.9840322732925415,0.9952354431152344
69,0.9917455315589905,0.7966195940971375,0.022982684895396233,1e-06,0.8712941408157349,0.9903268814086914,0.9889044761657715,0.9967414140701294,0.9866717457771301,0.7664923667907715,0.04956797882914543,0.8793789744377136,0.9859185218811035,0.9841291904449463,0.9952820539474487
70,0.9918460845947266,0.8049677610397339,0.0226021446287632,1e-06,0.8722113370895386,0.9904356002807617,0.9890600442886353,0.9967750906944275,0.9866212010383606,0.7668473124504089,0.0498013012111187,0.8783378601074219,0.9858545064926147,0.9840764403343201,0.9952623844146729
71,0.9917669892311096,0.8031756281852722,0.02303287945687771,1e-06,0.8736588358879089,0.9903966784477234,0.9889916181564331,0.9967663288116455,0.9866417050361633,0.7661348581314087,0.049399081617593765,0.8771270513534546,0.9859027862548828,0.9840580821037292,0.9952775835990906
72,0.9918752908706665,0.7984941601753235,0.02250012755393982,1e-06,0.870505690574646,0.9904787540435791,0.9890768527984619,0.9967914819717407,0.9866159558296204,0.7673265933990479,0.04954451695084572,0.8771340847015381,0.9858532547950745,0.9840725064277649,0.9952608346939087
73,0.9916437864303589,0.7991855144500732,0.023171640932559967,1e-06,0.8713422417640686,0.9902583360671997,0.9888089299201965,0.9967172145843506,0.9866452813148499,0.7667459845542908,0.04922773316502571,0.8767393827438354,0.9858947396278381,0.9840644598007202,0.9952746033668518
74,0.9919227957725525,0.7994393110275269,0.022377561777830124,1e-06,0.8732717633247375,0.9905080795288086,0.9891219735145569,0.9968023300170898,0.9867198467254639,0.7674229145050049,0.04979594424366951,0.8800723552703857,0.9859498143196106,0.9841862916946411,0.9952936768531799
75,0.991929292678833,0.8011770248413086,0.022433051839470863,1e-06,0.873833417892456,0.9905160069465637,0.9891571402549744,0.996806800365448,0.9866719841957092,0.7676239609718323,0.049510564655065536,0.87781822681427,0.985893726348877,0.9841291904449463,0.9952753782272339
76,0.9918978810310364,0.8020482659339905,0.022497953847050667,1e-06,0.875159502029419,0.9904850721359253,0.989081859588623,0.9967940449714661,0.9866644740104675,0.7667058706283569,0.049724943935871124,0.8795042037963867,0.9859132766723633,0.9841127395629883,0.9952802658081055
77,0.9917845129966736,0.8019494414329529,0.022840971127152443,1e-06,0.8729446530342102,0.990355372428894,0.9889681935310364,0.9967542290687561,0.9866434931755066,0.7669826745986938,0.04971856251358986,0.879446268081665,0.9858946204185486,0.984093427658081,0.9952738881111145
78,0.9918422102928162,0.7993994355201721,0.022661307826638222,1e-06,0.8748141527175903,0.9904249310493469,0.9890311360359192,0.9967739582061768,0.9865894913673401,0.7665072083473206,0.04994282126426697,0.8806354999542236,0.9858646392822266,0.9840394258499146,0.9952651858329773
79,0.9920728206634521,0.8025540113449097,0.02200438268482685,1e-06,0.8723586797714233,0.9906321167945862,0.9892849326133728,0.9968461394309998,0.9865610599517822,0.7680107951164246,0.05013861879706383,0.8803085088729858,0.9857783317565918,0.9840764403343201,0.9952397346496582
80,0.9920850992202759,0.8038991689682007,0.021885277703404427,1e-06,0.8755635023117065,0.9906198978424072,0.9893284440040588,0.996843695640564,0.9866488575935364,0.7670154571533203,0.0500064492225647,0.8813943266868591,0.9858887791633606,0.9841238260269165,0.9952737092971802
81,0.9919743537902832,0.8057401180267334,0.02240223065018654,1e-06,0.8723506927490234,0.9904622435569763,0.9891535639762878,0.9967868328094482,0.9866649508476257,0.767389714717865,0.049614183604717255,0.8796461224555969,0.9859070181846619,0.9841210246086121,0.995279848575592
82,0.9921804070472717,0.8038382530212402,0.021799441426992416,1e-06,0.8754398226737976,0.9907275438308716,0.9894187450408936,0.9968778491020203,0.9866495132446289,0.7675898671150208,0.049802280962467194,0.8806352615356445,0.9859015345573425,0.9841150045394897,0.9952765107154846
83,0.9921369552612305,0.8013359308242798,0.02188580296933651,1e-06,0.8743360638618469,0.9906756281852722,0.9893888831138611,0.9968609809875488,0.9866488575935364,0.7680389285087585,0.04977433755993843,0.8802101612091064,0.9858777523040771,0.9841262698173523,0.9952683448791504
84,0.9921348690986633,0.8018181324005127,0.02180824987590313,1e-06,0.8759921789169312,0.99066162109375,0.9893900156021118,0.996857762336731,0.9866460561752319,0.7686951160430908,0.05008155480027199,0.8813245296478271,0.9858635663986206,0.9841492176055908,0.9952657222747803
85,0.992010235786438,0.806664228439331,0.022231843322515488,1e-06,0.8762973546981812,0.9905290007591248,0.9892510175704956,0.9968135356903076,0.9866460561752319,0.7682749629020691,0.049428943544626236,0.8781446218490601,0.9858619570732117,0.9841248393058777,0.995263934135437
86,0.9921258091926575,0.8078479766845703,0.021919213235378265,1e-06,0.8746637105941772,0.9906676411628723,0.9893628358840942,0.9968550205230713,0.9866265654563904,0.7683926224708557,0.050312500447034836,0.8817451596260071,0.9858477711677551,0.9841364622116089,0.9952601790428162
87,0.9921956658363342,0.8025715947151184,0.02164715714752674,1e-06,0.8753089904785156,0.9907048344612122,0.9894413352012634,0.9968711137771606,0.9866004586219788,0.7679944634437561,0.05018698051571846,0.8818598389625549,0.9858235120773315,0.9840861558914185,0.9952520132064819
88,0.9922930598258972,0.8086162209510803,0.021466175094246864,1e-06,0.875791072845459,0.9907801747322083,0.9895378351211548,0.9968945980072021,0.9866359829902649,0.7685812711715698,0.05007481575012207,0.8817190527915955,0.985856294631958,0.984157919883728,0.9952630400657654
89,0.9920772910118103,0.7990796566009521,0.02206658013164997,1e-06,0.873999834060669,0.9906354546546936,0.989355742931366,0.996849000453949,0.9866098165512085,0.7676252722740173,0.049754463136196136,0.879921555519104,0.9858536124229431,0.9840781092643738,0.9952605962753296
90,0.992083728313446,0.8051698803901672,0.022024406120181084,1e-06,0.8737565279006958,0.9905985593795776,0.9892535209655762,0.996833324432373,0.9866833686828613,0.7682712078094482,0.05011017248034477,0.8825675845146179,0.9859105944633484,0.9842143654823303,0.9952807426452637
91,0.9921926856040955,0.8052220344543457,0.021777812391519547,1e-06,0.8761452436447144,0.9907247424125671,0.9894400835037231,0.9968744516372681,0.9865990877151489,0.7679358720779419,0.05001787841320038,0.8807376623153687,0.9858320355415344,0.9841102957725525,0.9952553510665894
92,0.9921793937683105,0.8096505403518677,0.021761124953627586,1e-06,0.8759593963623047,0.9906591773033142,0.9893918037414551,0.9968556761741638,0.9866694211959839,0.7689234614372253,0.050484150648117065,0.883708119392395,0.9858986139297485,0.9841903448104858,0.9952760338783264
93,0.9921486973762512,0.8078335523605347,0.021818500012159348,1e-06,0.8749657869338989,0.9906706213951111,0.9893612265586853,0.9968567490577698,0.9866196513175964,0.7691725492477417,0.050247445702552795,0.881528377532959,0.9858390688896179,0.984148383140564,0.9952574968338013
94,0.9920420050621033,0.8053691983222961,0.02206259034574032,1e-06,0.8740710020065308,0.9905477166175842,0.9892614483833313,0.9968181252479553,0.9865754842758179,0.7683956623077393,0.05038604885339737,0.8816056251525879,0.9858167171478271,0.9840869307518005,0.9952492117881775
95,0.9923462867736816,0.8111445307731628,0.02138594165444374,1e-06,0.8760851621627808,0.9908385276794434,0.9895831942558289,0.9969115257263184,0.9866575598716736,0.7694015502929688,0.05019011348485947,0.8819462656974792,0.9858660101890564,0.9841824173927307,0.9952664375305176
96,0.992090106010437,0.8095356822013855,0.02201591245830059,1e-06,0.8774474859237671,0.9905913472175598,0.9892711639404297,0.9968315362930298,0.9866335391998291,0.7695658802986145,0.05002918839454651,0.8814862966537476,0.9858270883560181,0.9841724634170532,0.9952558279037476
97,0.992335855960846,0.8107556700706482,0.021407529711723328,1e-06,0.8770459890365601,0.9908032417297363,0.989567220211029,0.9969046115875244,0.9867144823074341,0.7702349424362183,0.04997570067644119,0.8817151188850403,0.9859187602996826,0.984260618686676,0.9952859878540039
98,0.9923706650733948,0.8114802241325378,0.021348226815462112,1e-06,0.877303957939148,0.9908483028411865,0.9896311163902283,0.9969172477722168,0.9866265058517456,0.7695483565330505,0.04996135085821152,0.8813806772232056,0.9858477711677551,0.9841465950012207,0.9952603578567505
99,0.9923874139785767,0.8129264712333679,0.021236157044768333,1e-06,0.8750908374786377,0.9908390045166016,0.9896152019500732,0.9969123601913452,0.9867494702339172,0.7712949514389038,0.0500173419713974,0.8826018571853638,0.9859350919723511,0.9843138456344604,0.9952899813652039
100,0.9924813508987427,0.8063571453094482,0.020986884832382202,1e-06,0.8770813941955566,0.9909625053405762,0.9898072481155396,0.9969587922096252,0.9866490364074707,0.7704626321792603,0.049839720129966736,0.8804184794425964,0.9858402013778687,0.984205424785614,0.9952592849731445
101,0.9923240542411804,0.8047699928283691,0.021331099793314934,1e-06,0.8761289119720459,0.9908367395401001,0.9895700216293335,0.996910035610199,0.9866316318511963,0.7696951031684875,0.050407204777002335,0.883404016494751,0.9858558177947998,0.9841897487640381,0.995263397693634
102,0.992622435092926,0.814060389995575,0.020598633214831352,1e-06,0.8786615133285522,0.9910878539085388,0.9899277091026306,0.9969987273216248,0.9866934418678284,0.7712586522102356,0.05043749511241913,0.884100079536438,0.985876202583313,0.9843021035194397,0.9952729344367981
103,0.992380678653717,0.8116438984870911,0.0213181059807539,1e-06,0.8765339255332947,0.9908442497253418,0.9896113276481628,0.9969179630279541,0.9866834878921509,0.7699460983276367,0.050116416066884995,0.8826691508293152,0.9858914613723755,0.9842383861541748,0.995277464389801
104,0.9923902750015259,0.8058284521102905,0.021264920011162758,1e-06,0.8756557703018188,0.9908797740936279,0.9896118640899658,0.9969244599342346,0.9866335391998291,0.769993245601654,0.05094040930271149,0.8845456838607788,0.9858412742614746,0.9842422008514404,0.9952599406242371
105,0.9923760890960693,0.8071534633636475,0.02123851142823696,1e-06,0.8765145540237427,0.9908310770988464,0.9896240234375,0.9969137907028198,0.9866169691085815,0.7692745923995972,0.05064203962683678,0.8837392330169678,0.9858434200286865,0.9841850996017456,0.995259165763855
106,0.9926055073738098,0.8141400218009949,0.020665761083364487,1e-06,0.8767602443695068,0.9910492300987244,0.9898506999015808,0.9969834089279175,0.9867236018180847,0.7710976600646973,0.050560686737298965,0.8849592208862305,0.9859165549278259,0.9843199849128723,0.9952848553657532
107,0.9924514293670654,0.8087652921676636,0.0210773516446352,1e-06,0.8780145645141602,0.9908990263938904,0.9897547364234924,0.996938169002533,0.9866601228713989,0.7707101106643677,0.05059610307216644,0.8839128017425537,0.9858486652374268,0.9842401742935181,0.9952621459960938
108,0.9924119114875793,0.8163959383964539,0.02120208740234375,1e-06,0.8781135082244873,0.9908285737037659,0.9896498918533325,0.996911346912384,0.986687183380127,0.7704632878303528,0.04999624192714691,0.8821373581886292,0.9858692288398743,0.984256386756897,0.995269775390625
109,0.9925628900527954,0.8074105978012085,0.02070741169154644,1e-06,0.876916766166687,0.9909868240356445,0.9898576736450195,0.9969668984413147,0.9866861701011658,0.7707838416099548,0.0500180758535862,0.8823217153549194,0.9858623147010803,0.9842627644538879,0.9952682256698608
110,0.9926276206970215,0.8155015707015991,0.020596042275428772,1e-06,0.8777177333831787,0.9910926222801208,0.9899316430091858,0.9970011115074158,0.9866651892662048,0.770659863948822,0.05039875581860542,0.8844513893127441,0.98586106300354,0.9842489957809448,0.9952660799026489
111,0.9926802515983582,0.812768816947937,0.02043856680393219,1e-06,0.87879878282547,0.9911148548126221,0.9900003671646118,0.9970076084136963,0.9867124557495117,0.7718439102172852,0.05008168891072273,0.8829927444458008,0.9858793020248413,0.9843366742134094,0.9952752590179443
112,0.9926679730415344,0.8094125390052795,0.02051486447453499,1e-06,0.8775228261947632,0.991113543510437,0.9899439215660095,0.9970090389251709,0.9867060780525208,0.7712843418121338,0.0505019873380661,0.8849767446517944,0.9859006404876709,0.9843270182609558,0.9952794909477234
113,0.9925218224525452,0.8095206022262573,0.020711759105324745,1e-06,0.8780441284179688,0.9909729957580566,0.9898348450660706,0.9969596862792969,0.9866697192192078,0.771307110786438,0.05083386227488518,0.886074423789978,0.9858463406562805,0.9843094944953918,0.995263397693634
114,0.9925232529640198,0.8156421184539795,0.020759297534823418,1e-06,0.8784022927284241,0.9909334778785706,0.9897737503051758,0.9969444870948792,0.9867342710494995,0.7716501355171204,0.050439003854990005,0.8843907117843628,0.9858976602554321,0.984357476234436,0.9952802658081055
115,0.9925400614738464,0.8108928203582764,0.020841633901000023,1e-06,0.8768361806869507,0.9910175204277039,0.989835262298584,0.9969751238822937,0.9866765737533569,0.7709400057792664,0.04997025802731514,0.8828535079956055,0.9858713746070862,0.9842588305473328,0.9952700138092041
116,0.9925591945648193,0.8136700987815857,0.020768260583281517,1e-06,0.8763926029205322,0.990991473197937,0.9898340702056885,0.9969647526741028,0.9867228269577026,0.7720251679420471,0.05060053989291191,0.8850690126419067,0.9859018921852112,0.9843709468841553,0.9952818751335144
117,0.9927728772163391,0.8186326622962952,0.02021048218011856,1e-06,0.8791188597679138,0.9912060499191284,0.9900835156440735,0.9970361590385437,0.9867339134216309,0.772584855556488,0.05017773434519768,0.8849447965621948,0.9859137535095215,0.9843539595603943,0.9952840805053711
118,0.9925935864448547,0.8129977583885193,0.020785177126526833,1e-06,0.8790038228034973,0.991023600101471,0.9898587465286255,0.9969767928123474,0.9867339134216309,0.77166748046875,0.05070572346448898,0.8871753215789795,0.9859205484390259,0.9843623638153076,0.9952861070632935
119,0.9926418662071228,0.8185037970542908,0.020565293729305267,1e-06,0.8790256977081299,0.9910293221473694,0.9899113774299622,0.996980607509613,0.986701488494873,0.7724587917327881,0.05028753727674484,0.8852990865707397,0.9858719110488892,0.9843431115150452,0.9952715635299683
120,0.9925962090492249,0.8100120425224304,0.020640557631850243,1e-06,0.8792862892150879,0.9910068511962891,0.989874541759491,0.9969744086265564,0.9866828322410583,0.7717107534408569,0.05062708258628845,0.8863062262535095,0.9858666658401489,0.9843100309371948,0.9952684044837952
121,0.9927164912223816,0.8163256049156189,0.020428363233804703,1e-06,0.8792688846588135,0.9911368489265442,0.9899957776069641,0.9970157146453857,0.9866999387741089,0.772006630897522,0.05058952420949936,0.8865294456481934,0.9858795404434204,0.9843379855155945,0.9952724575996399
122,0.9926395416259766,0.8124616742134094,0.020531566813588142,1e-06,0.8797963857650757,0.9910566806793213,0.9899177551269531,0.9969915151596069,0.986700713634491,0.7724149823188782,0.05010775849223137,0.8836261034011841,0.985869824886322,0.9843330979347229,0.9952701330184937
123,0.9927006959915161,0.8139989972114563,0.020395144820213318,1e-06,0.8779805898666382,0.9911074042320251,0.9899628758430481,0.9970057010650635,0.9866611361503601,0.77205491065979,0.05074600130319595,0.8853587508201599,0.985846221446991,0.9843148589134216,0.9952637553215027
124,0.9928823709487915,0.817705512046814,0.020032677799463272,1e-06,0.878648579120636,0.9912744164466858,0.9901853203773499,0.9970636367797852,0.9866605997085571,0.7709434628486633,0.05035797879099846,0.8840923309326172,0.9858758449554443,0.9842811822891235,0.9952709078788757
125,0.9927376508712769,0.815696656703949,0.020273221656680107,1e-06,0.8783368468284607,0.9911636710166931,0.9900541305541992,0.9970250129699707,0.9867010712623596,0.7720163464546204,0.0506313219666481,0.8856953382492065,0.9858866930007935,0.9843608140945435,0.9952772855758667
126,0.992644190788269,0.8090721368789673,0.020605964586138725,1e-06,0.8791877031326294,0.9910973906517029,0.989963173866272,0.9970054030418396,0.9867067337036133,0.7714589834213257,0.05065758898854256,0.8850712180137634,0.9858946204185486,0.984331488609314,0.9952788352966309
127,0.9926160573959351,0.8178820013999939,0.02051606960594654,1e-06,0.8805383443832397,0.9910224676132202,0.9898759126663208,0.996975839138031,0.9867362380027771,0.7721281051635742,0.050640568137168884,0.8855122327804565,0.9859214425086975,0.9843624830245972,0.995287299156189
128,0.9928041100502014,0.8154770135879517,0.020152214914560318,1e-06,0.8789278268814087,0.9911873936653137,0.9900392293930054,0.9970309138298035,0.9867612719535828,0.7724219560623169,0.05050641670823097,0.8862356543540955,0.9859403371810913,0.9844174981117249,0.9952941536903381
129,0.9928992390632629,0.817679226398468,0.019785631448030472,1e-06,0.8797677755355835,0.9913042783737183,0.9902483820915222,0.9970731139183044,0.9867467880249023,0.7729310989379883,0.05081944912672043,0.8868090510368347,0.985928475856781,0.9844094514846802,0.9952898025512695
130,0.9927852153778076,0.8158897757530212,0.020161641761660576,1e-06,0.8784786462783813,0.9911397099494934,0.9900660514831543,0.9970183372497559,0.9867655634880066,0.7724266052246094,0.05050259083509445,0.8865469098091125,0.9859619140625,0.9844000339508057,0.99530029296875
131,0.992805004119873,0.8175079226493835,0.02001330256462097,1e-06,0.8794581890106201,0.9911682605743408,0.9900867938995361,0.9970249533653259,0.9867256283760071,0.7727512121200562,0.05066320300102234,0.8870182037353516,0.9858997464179993,0.9843987226486206,0.995280385017395
132,0.9928318858146667,0.8176842331886292,0.020046483725309372,1e-06,0.8824028968811035,0.9912235736846924,0.990147054195404,0.9970483183860779,0.9867432713508606,0.7719947695732117,0.05046053230762482,0.8865536451339722,0.9859412312507629,0.9843753576278687,0.995293915271759
133,0.9928913712501526,0.8100910782814026,0.019860928878188133,1e-06,0.8825774788856506,0.9912843108177185,0.9902281761169434,0.997065544128418,0.9867938160896301,0.7736234068870544,0.05015987157821655,0.8861204385757446,0.9859556555747986,0.9844506978988647,0.9953001737594604
134,0.9929596185684204,0.8167092800140381,0.01974482089281082,1e-06,0.8803808689117432,0.9913290143013,0.9902418851852417,0.9970783591270447,0.9866673946380615,0.772495448589325,0.05109815299510956,0.8878003358840942,0.9858368039131165,0.9843255877494812,0.9952599406242371
135,0.9928679466247559,0.8164917826652527,0.019932756200432777,1e-06,0.8826643228530884,0.9912723302841187,0.9902032613754272,0.9970608949661255,0.9866915345191956,0.7719768285751343,0.05028577148914337,0.8859707117080688,0.9858781695365906,0.9843231439590454,0.9952733516693115
136,0.9928722381591797,0.8170924186706543,0.02002258598804474,1e-06,0.8815193772315979,0.9912248849868774,0.990114152431488,0.9970458745956421,0.9867352247238159,0.7732014656066895,0.05137914791703224,0.8903038501739502,0.9859005212783813,0.9844166040420532,0.9952806234359741
137,0.9928244948387146,0.817236602306366,0.019983310252428055,1e-06,0.8845927715301514,0.9911966919898987,0.9901400208473206,0.9970366358757019,0.9867362380027771,0.7730422019958496,0.051194097846746445,0.8902449011802673,0.9859125018119812,0.9844123125076294,0.9952859878540039
138,0.992922306060791,0.8185124397277832,0.019793370738625526,1e-06,0.8832353353500366,0.9912988543510437,0.990237295627594,0.9970694780349731,0.9867600798606873,0.7726306319236755,0.05120829865336418,0.8903666138648987,0.9859223365783691,0.9844542741775513,0.9952881932258606
139,0.9928818941116333,0.8185713887214661,0.01991690695285797,1e-06,0.8813667893409729,0.9912471771240234,0.990177571773529,0.9970524907112122,0.9867308735847473,0.7731747031211853,0.05079413577914238,0.8878834247589111,0.985884428024292,0.9844130277633667,0.9952770471572876
140,0.9929405450820923,0.8188669085502625,0.019707078114151955,1e-06,0.8819490075111389,0.9913277626037598,0.9902541637420654,0.9970801472663879,0.9867890477180481,0.7742065787315369,0.051368582993745804,0.8903123140335083,0.9859387874603271,0.9844956994056702,0.9952942728996277
141,0.9930907487869263,0.8178566694259644,0.01947331428527832,1e-06,0.8833318948745728,0.9914608001708984,0.9904342889785767,0.9971292018890381,0.9868019819259644,0.773690938949585,0.05052487179636955,0.888205349445343,0.9859628081321716,0.9844785332679749,0.9953022003173828
142,0.9929574131965637,0.8199881315231323,0.01967526413500309,1e-06,0.8820743560791016,0.9913399815559387,0.9902873039245605,0.9970852732658386,0.9867410659790039,0.774307906627655,0.051344793289899826,0.8890490531921387,0.9858942627906799,0.9844581484794617,0.9952789545059204
143,0.9930048584938049,0.8239927887916565,0.019620193168520927,1e-06,0.8830690979957581,0.9913305640220642,0.9902876615524292,0.9970810413360596,0.9867104291915894,0.7750356793403625,0.05110206454992294,0.887849748134613,0.9858375787734985,0.9844509959220886,0.9952627420425415
144,0.9930214285850525,0.818858802318573,0.01954653486609459,1e-06,0.8830726742744446,0.9913806915283203,0.9903877973556519,0.997097373008728,0.9867655634880066,0.7735124230384827,0.05070705711841583,0.8883752822875977,0.985948383808136,0.9844532608985901,0.9952961802482605
145,0.9930832386016846,0.8112086653709412,0.01938457228243351,1e-06,0.8817355632781982,0.9914461970329285,0.9904583096504211,0.9971230030059814,0.9868059158325195,0.7738293409347534,0.050511669367551804,0.8881865739822388,0.9859780073165894,0.9844859838485718,0.9953055381774902
146,0.9931367039680481,0.8198625445365906,0.019258521497249603,1e-06,0.8819010257720947,0.9914926290512085,0.9904834032058716,0.997133731842041,0.9867702126502991,0.7751005291938782,0.0510190948843956,0.8890109062194824,0.985917866230011,0.984483540058136,0.9952870011329651
147,0.9929967522621155,0.8214226961135864,0.019483376294374466,1e-06,0.881818413734436,0.9913786053657532,0.9903775453567505,0.9970981478691101,0.9868197441101074,0.7747442722320557,0.05060519278049469,0.8877990245819092,0.9859631657600403,0.9845263361930847,0.9953005313873291
148,0.993086576461792,0.8213868141174316,0.019355781376361847,1e-06,0.884344220161438,0.991457462310791,0.9904205203056335,0.9971218109130859,0.9868184328079224,0.7751840353012085,0.050831496715545654,0.8894574642181396,0.9859592318534851,0.9845413565635681,0.9953013062477112
149,0.9931222200393677,0.8240899443626404,0.01933109574019909,1e-06,0.8840863704681396,0.9914616942405701,0.9904162883758545,0.9971229434013367,0.9868068099021912,0.7745823860168457,0.050643447786569595,0.8890523314476013,0.9859640598297119,0.984516978263855,0.9953019618988037
150,0.9931063055992126,0.81978839635849,0.01935381442308426,1e-06,0.8831055164337158,0.9914537668228149,0.9904314875602722,0.997119665145874,0.9868410229682922,0.7747812271118164,0.05052176117897034,0.888976514339447,0.9859853982925415,0.9845454692840576,0.9953089952468872
151,0.9932467341423035,0.8169623017311096,0.018972765654325485,1e-06,0.8849223256111145,0.9915721416473389,0.9906116724014282,0.9971667528152466,0.9868593215942383,0.7761262059211731,0.05081268772482872,0.8893364667892456,0.9859810471534729,0.9845997095108032,0.9953106045722961
152,0.9931089878082275,0.822476863861084,0.019276147708296776,1e-06,0.8835805654525757,0.9914379119873047,0.990452229976654,0.9971175789833069,0.986859917640686,0.7755688428878784,0.05045774579048157,0.8885319828987122,0.9859979152679443,0.9845808148384094,0.9953147172927856
153,0.9930571913719177,0.8204636573791504,0.01946883462369442,1e-06,0.8829424381256104,0.9913488626480103,0.9903666973114014,0.9970892667770386,0.9868252277374268,0.7754558324813843,0.050751570612192154,0.8900651931762695,0.9859659671783447,0.984548807144165,0.9953033328056335
154,0.9933234453201294,0.8200799822807312,0.018756384029984474,1e-06,0.8837374448776245,0.9916412234306335,0.990699827671051,0.9971846342086792,0.9868148565292358,0.7751339673995972,0.05069255828857422,0.8903629183769226,0.9859558939933777,0.984534502029419,0.99530029296875
155,0.9931145310401917,0.8228355050086975,0.019321829080581665,1e-06,0.8834965229034424,0.9914265275001526,0.9904309511184692,0.9971150755882263,0.9867805242538452,0.7750607132911682,0.05107337608933449,0.8911601305007935,0.9859321713447571,0.9845136404037476,0.9952922463417053
156,0.993306577205658,0.8272964954376221,0.018711602315306664,1e-06,0.8865404725074768,0.9916361570358276,0.9906976819038391,0.9971863627433777,0.9868468046188354,0.7756602168083191,0.05050157010555267,0.8901708126068115,0.9859914183616638,0.9845693707466125,0.9953120350837708
157,0.9932137727737427,0.8196887969970703,0.018924789503216743,1e-06,0.8826267719268799,0.9915347099304199,0.9905973672866821,0.9971515536308289,0.9867857694625854,0.7762792706489563,0.05122637748718262,0.8906869292259216,0.9859049320220947,0.9845485091209412,0.9952852129936218
158,0.9931390285491943,0.8256825804710388,0.01915723644196987,1e-06,0.8860150575637817,0.9914725422859192,0.9904475212097168,0.9971279501914978,0.986850380897522,0.7760142683982849,0.05117664486169815,0.8927424550056458,0.985981822013855,0.9846041798591614,0.9953093528747559
159,0.9932167530059814,0.8231344819068909,0.01900598220527172,1e-06,0.8847987651824951,0.9915493130683899,0.9905694127082825,0.9971550703048706,0.9868419170379639,0.775678277015686,0.050911303609609604,0.8913658857345581,0.9859920740127563,0.9845761060714722,0.9953114986419678
160,0.9932912588119507,0.8285427689552307,0.018899541348218918,1e-06,0.8865699768066406,0.9915838837623596,0.9906129240989685,0.997166633605957,0.9867968559265137,0.7762451171875,0.051249466836452484,0.89143967628479,0.9859222173690796,0.9845662713050842,0.9952906966209412
161,0.9932456612586975,0.8266173005104065,0.018939724192023277,1e-06,0.8855570554733276,0.9915395975112915,0.9905840754508972,0.9971527457237244,0.9868321418762207,0.7767799496650696,0.051476072520017624,0.8933807611465454,0.9859668612480164,0.9846125245094299,0.9953039884567261
162,0.9932648539543152,0.8240954875946045,0.018896134570240974,1e-06,0.8862439393997192,0.9915760159492493,0.9906291365623474,0.9971641898155212,0.9868630170822144,0.7769924402236938,0.05114069581031799,0.8920942544937134,0.985984742641449,0.9846345782279968,0.9953104853630066
163,0.9931864142417908,0.829181432723999,0.01907203160226345,1e-06,0.8853252530097961,0.9914694428443909,0.9904705286026001,0.997127115726471,0.9868141412734985,0.7768142819404602,0.05158640816807747,0.8925445079803467,0.985954999923706,0.9846100807189941,0.9953016638755798
164,0.9932328462600708,0.8247981071472168,0.018988072872161865,1e-06,0.8864622116088867,0.9915493130683899,0.9906087517738342,0.9971565008163452,0.9868340492248535,0.7765951156616211,0.05107990652322769,0.8911551833152771,0.9859679341316223,0.9846065044403076,0.9953055381774902
165,0.9932833313941956,0.8259085416793823,0.01897406205534935,1e-06,0.8854131698608398,0.9915668964385986,0.9905914664268494,0.9971604347229004,0.9868068099021912,0.7759882807731628,0.050752632319927216,0.8902121782302856,0.9859376549720764,0.9845661520957947,0.9952958226203918
166,0.9932272434234619,0.8276669383049011,0.0190152358263731,1e-06,0.8870738744735718,0.9915416240692139,0.9905573725700378,0.9971520900726318,0.9868066906929016,0.7751282453536987,0.0512472502887249,0.8917083740234375,0.9859641790390015,0.9845603704452515,0.9953020811080933
167,0.9932984113693237,0.8222242593765259,0.018831849098205566,1e-06,0.8868974447250366,0.9916255474090576,0.9906612634658813,0.9971801042556763,0.9868177771568298,0.7767019867897034,0.05128176882863045,0.8913108110427856,0.9859372973442078,0.9845954179763794,0.9952957034111023
168,0.9933897256851196,0.8244400024414062,0.018593724817037582,1e-06,0.8856302499771118,0.9916862845420837,0.9907636642456055,0.9972015619277954,0.9867667555809021,0.7761161923408508,0.05145801231265068,0.8912261724472046,0.9859068989753723,0.9845325946807861,0.9952836632728577
169,0.9933772683143616,0.8224708437919617,0.01856466941535473,1e-06,0.8868274688720703,0.9917019605636597,0.990768551826477,0.9972061514854431,0.9867674708366394,0.7762700319290161,0.05159211531281471,0.8924452066421509,0.9859070181846619,0.9845325946807861,0.9952843189239502
170,0.9933407306671143,0.8218135237693787,0.01860629767179489,1e-06,0.8865872025489807,0.9916609525680542,0.9907116889953613,0.9971908926963806,0.9868685007095337,0.7753763794898987,0.05082014948129654,0.8923486471176147,0.9860224723815918,0.9846052527427673,0.9953216314315796
171,0.9933856129646301,0.8239862322807312,0.018551379442214966,1e-06,0.885618269443512,0.991656482219696,0.9907212853431702,0.9971879124641418,0.9868196249008179,0.7769371867179871,0.05175436660647392,0.8935937881469727,0.9859417080879211,0.9846051931381226,0.9952965974807739
172,0.9934068918228149,0.8247973918914795,0.018524538725614548,1e-06,0.8867828845977783,0.9916943311691284,0.9907991886138916,0.9972041845321655,0.9868196249008179,0.7773549556732178,0.051466163247823715,0.8929404020309448,0.9859480261802673,0.9846093058586121,0.9952976107597351
173,0.9933241605758667,0.8266099691390991,0.018689129501581192,1e-06,0.8847925662994385,0.9916331768035889,0.9906718134880066,0.9971827864646912,0.9868460297584534,0.7781768441200256,0.05131658911705017,0.8917490243911743,0.9859442710876465,0.9846423864364624,0.9952995181083679
174,0.9935603737831116,0.8315805792808533,0.01821918971836567,1e-06,0.888206958770752,0.9918130040168762,0.9909231662750244,0.9972460269927979,0.986840009689331,0.7777740359306335,0.05150580406188965,0.8924423456192017,0.9859488606452942,0.9846237301826477,0.995299756526947
175,0.9934653639793396,0.8300447463989258,0.01841486245393753,1e-06,0.8883047103881836,0.9917647242546082,0.9908459186553955,0.997227132320404,0.9867561459541321,0.7760907411575317,0.05163313075900078,0.8938095569610596,0.9859182238578796,0.9845272302627563,0.9952881932258606
176,0.9933913946151733,0.8287061452865601,0.018560396507382393,1e-06,0.8862828612327576,0.9916749000549316,0.9907585382461548,0.9971998333930969,0.9868179559707642,0.7763686776161194,0.05109691619873047,0.8913626074790955,0.9859532117843628,0.9845796823501587,0.9953010678291321
177,0.9934015870094299,0.8256564736366272,0.018589485436677933,1e-06,0.8880051374435425,0.9916986227035522,0.9907476305961609,0.9972063302993774,0.9868413209915161,0.7771199345588684,0.05138349533081055,0.8920760750770569,0.9859563112258911,0.9846135377883911,0.9953016638755798
178,0.9934725165367126,0.8279930353164673,0.01844235323369503,1e-06,0.8868952989578247,0.9917489886283875,0.9908374547958374,0.9972254633903503,0.9868314862251282,0.7774738669395447,0.051746271550655365,0.8938426375389099,0.9859610199928284,0.9846298694610596,0.995303750038147
179,0.9934366345405579,0.8277517557144165,0.018431099131703377,1e-06,0.8860534429550171,0.9917086958885193,0.990818440914154,0.9972105622291565,0.9868271350860596,0.7773163318634033,0.05168604105710983,0.8927924633026123,0.9859369993209839,0.9846146702766418,0.995296835899353
180,0.9936016201972961,0.8307197093963623,0.018061073496937752,1e-06,0.8876737356185913,0.9918603301048279,0.9909746050834656,0.997260570526123,0.9868046641349792,0.7778360843658447,0.052300889045000076,0.8949132561683655,0.9859099388122559,0.9846228361129761,0.9952878952026367
181,0.9934086203575134,0.8276594877243042,0.018518490716814995,1e-06,0.8868817090988159,0.9916490316390991,0.9907341003417969,0.9971887469291687,0.986857533454895,0.7779907584190369,0.05185190215706825,0.8942058086395264,0.9859906435012817,0.9846684336662292,0.995314359664917
182,0.9933931231498718,0.824800431728363,0.01861748658120632,1e-06,0.8880956172943115,0.9916818141937256,0.9907517433166504,0.9971997141838074,0.9868927597999573,0.7782807350158691,0.05169791355729103,0.8940988183021545,0.9859974384307861,0.984697699546814,0.9953151345252991
183,0.9934747219085693,0.8299012780189514,0.01844523288309574,1e-06,0.8868969678878784,0.9917488098144531,0.9908426403999329,0.9972225427627563,0.9868576526641846,0.7786106467247009,0.051473066210746765,0.8925080895423889,0.9859640598297119,0.9846584796905518,0.9953060150146484
184,0.9935473799705505,0.8294281363487244,0.01822086237370968,1e-06,0.8870393633842468,0.9917852878570557,0.9909018874168396,0.9972380995750427,0.9868007302284241,0.7779310345649719,0.0519050695002079,0.8938283920288086,0.9859235882759094,0.9846180081367493,0.9952906966209412
185,0.993415117263794,0.8295043110847473,0.01852444000542164,1e-06,0.8870142698287964,0.9916654229164124,0.9907152652740479,0.9971949458122253,0.986813485622406,0.7773764133453369,0.0516967847943306,0.8930315971374512,0.9859434962272644,0.9846217036247253,0.9952979683876038
186,0.9935802221298218,0.8309308886528015,0.018126318231225014,1e-06,0.8874819278717041,0.9918464422225952,0.9909665584564209,0.9972580075263977,0.986900269985199,0.777961015701294,0.051546964794397354,0.8931692242622375,0.9860079884529114,0.984721302986145,0.995320200920105
187,0.9935054183006287,0.8352225422859192,0.018294570967555046,1e-06,0.8859504461288452,0.9917522668838501,0.9908499121665955,0.9972240328788757,0.9868885278701782,0.7784303426742554,0.051122695207595825,0.8916780352592468,0.9860035181045532,0.9846929311752319,0.9953176379203796
188,0.9933472275733948,0.8260385394096375,0.01867143251001835,1e-06,0.8862781524658203,0.9916393756866455,0.9906845092773438,0.9971827864646912,0.9868133664131165,0.7778716087341309,0.051604416221380234,0.8929061889648438,0.9859333038330078,0.9846273064613342,0.9952941536903381
189,0.9935450553894043,0.8285212516784668,0.0181952603161335,1e-06,0.8869887590408325,0.9918105602264404,0.9909247159957886,0.9972415566444397,0.9868707060813904,0.777766227722168,0.051654886454343796,0.8933749198913574,0.9859867095947266,0.9846685528755188,0.9953126907348633
190,0.9935104846954346,0.8281459808349609,0.018269794061779976,1e-06,0.8886542916297913,0.9917958974838257,0.9909151196479797,0.9972411394119263,0.9868701696395874,0.7780900597572327,0.051169030368328094,0.891960859298706,0.9859824776649475,0.9846802949905396,0.9953113794326782
191,0.9935358166694641,0.8313732743263245,0.018197299912571907,1e-06,0.8887612223625183,0.9917916059494019,0.9909037947654724,0.9972372055053711,0.9868754148483276,0.7783541679382324,0.05177091062068939,0.894851803779602,0.9860032796859741,0.9846999645233154,0.9953181743621826
192,0.99351966381073,0.830419659614563,0.018199026584625244,1e-06,0.8885828852653503,0.9917698502540588,0.9909100532531738,0.9972299337387085,0.9868826866149902,0.7780901789665222,0.051184315234422684,0.8924434781074524,0.9859946966171265,0.9846809506416321,0.9953150749206543
193,0.9934980869293213,0.8303142786026001,0.01828037202358246,1e-06,0.8880754709243774,0.9917339086532593,0.9908668398857117,0.997219443321228,0.9868709444999695,0.7778085470199585,0.05138315260410309,0.8931291103363037,0.9859976768493652,0.9846705794334412,0.9953166246414185
194,0.9936560988426208,0.8304054737091064,0.017916252836585045,1e-06,0.8886480331420898,0.9919165968894958,0.9910528659820557,0.9972793459892273,0.986891508102417,0.7790176868438721,0.051548298448324203,0.8932123184204102,0.9859919548034668,0.9847183227539062,0.9953144788742065
195,0.9934293627738953,0.8303962349891663,0.018434148281812668,1e-06,0.8869444727897644,0.9916726350784302,0.9907563328742981,0.997196614742279,0.9868428111076355,0.7788708209991455,0.05190924555063248,0.8947681188583374,0.9859455823898315,0.9846696853637695,0.9952983856201172
196,0.9935669898986816,0.8267074227333069,0.018063314259052277,1e-06,0.8898505568504333,0.991816520690918,0.9909370541572571,0.9972460865974426,0.9868530631065369,0.777940571308136,0.051624249666929245,0.8942700624465942,0.9859817028045654,0.9846575856208801,0.9953113794326782
197,0.9936182498931885,0.8319380283355713,0.017997464165091515,1e-06,0.8873730897903442,0.9918695688247681,0.9909951686859131,0.9972638487815857,0.986825704574585,0.7786968350410461,0.05136161297559738,0.8925881385803223,0.9859375357627869,0.9846413731575012,0.9952957034111023
198,0.9938856959342957,0.8325191140174866,0.017277466133236885,1e-06,0.8887113928794861,0.992134153842926,0.9913091659545898,0.9973551034927368,0.9868735074996948,0.779627799987793,0.05161524564027786,0.8946834802627563,0.985999345779419,0.984724760055542,0.9953173995018005
199,0.9935956597328186,0.8310425281524658,0.01802518032491207,1e-06,0.8881126642227173,0.9918568134307861,0.9909900426864624,0.997263491153717,0.9868054389953613,0.7786470651626587,0.051954660564661026,0.8946596384048462,0.9859423637390137,0.9846428632736206,0.9952978491783142
