----------
model name: unet_v1
epochs: 200
steps_per_epoch: 850
dimension: 64
n_channels: 2
input layer: KerasTensor(type_spec=TensorSpec(shape=(None, 64, 64, 2), dtype=tf.float32, name='input_1'), name='input_1', description="created by layer 'input_1'")
kernel init: he_normal
dropout: 0.2
learning rate: 0.0001
loss function: categorical_crossentropy
train cases: 850
train slices: 11011
validation cases: 251
val slices: 3173
slice index: 40 ~ 116
tumor ratio: 0.05 ~ 0.1
test cases: 150
start training at: Mar-23_14-23-07
----------
