epoch,accuracy,dice_coef,loss,lr,mean_io_u,precision,sensitivity,specificity,val_accuracy,val_dice_coef,val_loss,val_mean_io_u,val_precision,val_sensitivity,val_specificity
0,0.9801648855209351,0.37220802903175354,0.07307568192481995,1e-04,0.6038374304771423,0.9835758805274963,0.9740141034126282,0.995173454284668,0.9845980405807495,0.3878899812698364,0.049218062311410904,0.742082953453064,0.9937682151794434,0.9734976887702942,0.997582197189331
1,0.9854069948196411,0.42256566882133484,0.04403643310070038,1e-04,0.7264577150344849,0.9901761412620544,0.9792236089706421,0.9965498447418213,0.9865842461585999,0.443729966878891,0.03941592946648598,0.7920899391174316,0.9900891780853271,0.9817125201225281,0.9965656399726868
2,0.9876039624214172,0.45228421688079834,0.036598894745111465,1e-04,0.7577295303344727,0.9912322759628296,0.982204020023346,0.9969290494918823,0.9887335300445557,0.4571983814239502,0.034478310495615005,0.789762556552887,0.9925641417503357,0.9824268817901611,0.9973343014717102
3,0.988650918006897,0.4805091321468353,0.033698853105306625,1e-04,0.7703660726547241,0.9911453127861023,0.98463374376297,0.9969370365142822,0.9894556999206543,0.4956448972225189,0.031178776174783707,0.7926727533340454,0.9911699295043945,0.9863579869270325,0.9969677329063416
4,0.9896723031997681,0.5033504962921143,0.030559472739696503,1e-04,0.7894399166107178,0.991303563117981,0.9865323305130005,0.9970318078994751,0.9901323318481445,0.5221694111824036,0.029593106359243393,0.8200774192810059,0.9911289215087891,0.9877474904060364,0.9969860315322876
5,0.9904374480247498,0.5261280536651611,0.0284480731934309,1e-04,0.7815526723861694,0.9917027950286865,0.9876769185066223,0.9971685409545898,0.9908857941627502,0.5306968092918396,0.028460750356316566,0.8171243667602539,0.9919214248657227,0.9882904291152954,0.997243344783783
6,0.9906307458877563,0.5336570143699646,0.028140170499682426,1e-04,0.7770931720733643,0.9917636513710022,0.9879903197288513,0.9971954226493835,0.9908654689788818,0.533054530620575,0.027084721252322197,0.7386479377746582,0.991782009601593,0.988510251045227,0.9972066283226013
7,0.9908565282821655,0.5469042062759399,0.02684858813881874,1e-04,0.7854406833648682,0.9917899966239929,0.9884776473045349,0.9972077012062073,0.9903305768966675,0.5140316486358643,0.02829548344016075,0.699101448059082,0.9919716119766235,0.987383246421814,0.9972409605979919
8,0.9910405874252319,0.5521496534347534,0.025882380083203316,1e-04,0.7998067140579224,0.9920125007629395,0.9886054992675781,0.9972713589668274,0.9916782379150391,0.5444539189338684,0.024743149057030678,0.8001253604888916,0.9927948713302612,0.9888850450515747,0.9975274205207825
9,0.9915366768836975,0.5733729600906372,0.02515500970184803,1e-04,0.7943049073219299,0.9922902584075928,0.9891811013221741,0.9973781704902649,0.9909865856170654,0.6019166707992554,0.026791391894221306,0.717877209186554,0.9910840392112732,0.989676833152771,0.9970077872276306
10,0.9916762113571167,0.5867363214492798,0.02445387654006481,1e-04,0.7705735564231873,0.992141842842102,0.9896386861801147,0.9973388910293579,0.9917434453964233,0.5972880125045776,0.02387639507651329,0.7951016426086426,0.9921393990516663,0.9899119138717651,0.9973433017730713
11,0.9919427633285522,0.5871909260749817,0.023487264290452003,1e-04,0.78776615858078,0.9924393892288208,0.9898681640625,0.9974320530891418,0.9914546012878418,0.5604767799377441,0.025006847456097603,0.7849631309509277,0.9924256205558777,0.988930881023407,0.9974226355552673
12,0.9921122193336487,0.5890392661094666,0.023304373025894165,1e-04,0.7843873500823975,0.9926359057426453,0.990074634552002,0.9974985122680664,0.9920530319213867,0.5700021386146545,0.02368110977113247,0.7598991394042969,0.9928046464920044,0.9896640181541443,0.9975494146347046
13,0.992630124092102,0.6157488822937012,0.02102600410580635,1e-04,0.8054606914520264,0.99293053150177,0.990635335445404,0.9976181387901306,0.9921162724494934,0.602033257484436,0.023094898089766502,0.7900499105453491,0.9923645257949829,0.990227222442627,0.9974341988563538
14,0.9925740957260132,0.6124019026756287,0.021667083725333214,1e-04,0.7891682386398315,0.9927854537963867,0.990740180015564,0.9975684285163879,0.9923654794692993,0.5868073105812073,0.02247939445078373,0.7863611578941345,0.99298495054245,0.990210771560669,0.9976145029067993
15,0.9925479888916016,0.6225749850273132,0.021676810458302498,1e-04,0.8135043382644653,0.992860734462738,0.9906476736068726,0.9975836277008057,0.9921139478683472,0.6310234069824219,0.023325491696596146,0.8114153146743774,0.9921554327011108,0.9905990958213806,0.9973644614219666
16,0.9928283095359802,0.6241438388824463,0.020976683124899864,1e-04,0.8076326847076416,0.992979884147644,0.9908958673477173,0.997630774974823,0.9907302856445312,0.6023821234703064,0.026835333555936813,0.7970374226570129,0.9910837411880493,0.9888314008712769,0.9970079660415649
17,0.9933390021324158,0.6426993608474731,0.019268712028861046,2e-05,0.7978051900863647,0.9933924078941345,0.9915837645530701,0.9977594614028931,0.9928374886512756,0.6344592571258545,0.021191516891121864,0.825719952583313,0.992977499961853,0.9912435412406921,0.9976284503936768
18,0.9936931133270264,0.6587298512458801,0.018062124028801918,2e-05,0.8228121399879456,0.9936606884002686,0.9919490814208984,0.9978566765785217,0.9928662776947021,0.6432159543037415,0.020985791459679604,0.8246369361877441,0.9928722977638245,0.9912617802619934,0.9975981712341309
19,0.9937830567359924,0.655646562576294,0.017843589186668396,2e-05,0.8243401050567627,0.9936790466308594,0.992093026638031,0.9978652596473694,0.9929937124252319,0.6531488299369812,0.02065146714448929,0.816831111907959,0.9930070042610168,0.9914712309837341,0.9976415634155273
20,0.9939116835594177,0.6605088710784912,0.01757870428264141,2e-05,0.8319281339645386,0.9938449263572693,0.9921854734420776,0.997917115688324,0.9930211901664734,0.6536403894424438,0.02057873271405697,0.8301796913146973,0.9929876327514648,0.9915143251419067,0.9976373910903931
21,0.9939318299293518,0.6555807590484619,0.017388638108968735,2e-05,0.8401914834976196,0.9938327074050903,0.9922498464584351,0.9979097843170166,0.9930801391601562,0.6408385634422302,0.020156458020210266,0.8309742212295532,0.9931561946868896,0.9914576411247253,0.9976900219917297
22,0.9938209652900696,0.6678385734558105,0.01762383244931698,2e-05,0.8409114480018616,0.993743896484375,0.9920740723609924,0.9978822469711304,0.993019700050354,0.670352578163147,0.020849889144301414,0.8492633700370789,0.9929085373878479,0.9916031360626221,0.9976140856742859
23,0.9940912127494812,0.6820393800735474,0.016662567853927612,2e-05,0.8462271690368652,0.9939656257629395,0.9924893975257874,0.9979619979858398,0.992932140827179,0.6543371081352234,0.020613795146346092,0.827551007270813,0.9928840398788452,0.9913597702980042,0.9976032972335815
24,0.9939418435096741,0.6665310263633728,0.017325930297374725,4e-06,0.844777524471283,0.9938539862632751,0.9922621846199036,0.9979108572006226,0.9931342005729675,0.6602450609207153,0.020236177369952202,0.8533189296722412,0.9930809736251831,0.991642415523529,0.9976693987846375
25,0.9943546056747437,0.6854632496833801,0.016124600544571877,4e-06,0.8559636473655701,0.9941699504852295,0.9927343726158142,0.9980317950248718,0.993152379989624,0.6721509695053101,0.020299157127738,0.847689151763916,0.9930416941642761,0.9917224645614624,0.9976606369018555
26,0.9943956732749939,0.6887713074684143,0.01621277816593647,1e-06,0.8506859540939331,0.9941681027412415,0.9927495718002319,0.998026967048645,0.9931861162185669,0.6686815619468689,0.020226864144206047,0.8494307994842529,0.9931026697158813,0.9917527437210083,0.9976783990859985
27,0.9941679239273071,0.6852656602859497,0.016381222754716873,1e-06,0.8491463661193848,0.9939658045768738,0.9925671815872192,0.9979588389396667,0.9931954741477966,0.6650306582450867,0.020100969821214676,0.849652886390686,0.9931227564811707,0.9917250871658325,0.9976837038993835
28,0.9940484166145325,0.6757490634918213,0.017097951844334602,1e-06,0.8487166166305542,0.9939172863960266,0.9923923015594482,0.997937798500061,0.9932115077972412,0.6601976156234741,0.019986025989055634,0.8482998013496399,0.9931661486625671,0.9916960597038269,0.9976975321769714
29,0.9941977858543396,0.6832107901573181,0.016420716419816017,1e-06,0.8521696329116821,0.9940558671951294,0.9925557374954224,0.997982382774353,0.9932008385658264,0.6645774841308594,0.020049769431352615,0.8490445613861084,0.9931236505508423,0.9917279481887817,0.9976871013641357
30,0.9941429495811462,0.6801653504371643,0.016793839633464813,1e-06,0.8476412892341614,0.993927001953125,0.9924793243408203,0.9979512095451355,0.9932069182395935,0.6658872365951538,0.019993474707007408,0.8484357595443726,0.9931262731552124,0.9917405843734741,0.9976871609687805
31,0.9942095875740051,0.6753566861152649,0.016713755205273628,1e-06,0.8496363162994385,0.9940007925033569,0.9925709366798401,0.9979750514030457,0.9932034611701965,0.6629624962806702,0.019966380670666695,0.8462214469909668,0.9931299686431885,0.9917068481445312,0.9976886510848999
32,0.9941983819007874,0.6892706155776978,0.016356851905584335,1e-06,0.849528431892395,0.9940123558044434,0.9925212264060974,0.99797523021698,0.9932093620300293,0.6664018630981445,0.020010679960250854,0.8474031686782837,0.9931378364562988,0.9917466044425964,0.9976884722709656
33,0.9942713379859924,0.6838083267211914,0.016348103061318398,1e-06,0.8504732847213745,0.994088351726532,0.9926266670227051,0.9979994297027588,0.9932204484939575,0.6640992164611816,0.019940515980124474,0.8484191298484802,0.9931601881980896,0.9917412400245667,0.9976962208747864
34,0.99427330493927,0.6862055063247681,0.01639638841152191,1e-06,0.8491345047950745,0.9940447807312012,0.9926464557647705,0.9979879856109619,0.9932126998901367,0.667741060256958,0.019992006942629814,0.8482932448387146,0.9931403398513794,0.9917594790458679,0.9976900815963745
35,0.9944373369216919,0.693921685218811,0.015709880739450455,1e-06,0.849993109703064,0.9941515326499939,0.9928267598152161,0.9980336427688599,0.993220865726471,0.6691092848777771,0.02002602070569992,0.8485515117645264,0.9931329488754272,0.9917692542076111,0.9976881146430969
36,0.9944976568222046,0.6916933059692383,0.015753677114844322,1e-06,0.8500860929489136,0.9942746162414551,0.992850124835968,0.9980661869049072,0.9932042956352234,0.6735172271728516,0.020152375102043152,0.8495496511459351,0.9930937886238098,0.9917911887168884,0.9976785778999329
37,0.9941472411155701,0.6831257939338684,0.016513658687472343,1e-06,0.8498797416687012,0.9939119219779968,0.992512583732605,0.9979508519172668,0.9932133555412292,0.6721966862678528,0.020101556554436684,0.8502384424209595,0.993101954460144,0.9917914867401123,0.9976775646209717
38,0.9942549467086792,0.6794537901878357,0.016450226306915283,1e-06,0.8515486717224121,0.9940370917320251,0.9925846457481384,0.9979895949363708,0.9932241439819336,0.6665496230125427,0.020020727068185806,0.851669430732727,0.9931432604789734,0.9917685985565186,0.9976925253868103
39,0.9945128560066223,0.691138744354248,0.015537984669208527,1e-06,0.8533979058265686,0.9943206906318665,0.9929460883140564,0.9980798959732056,0.9932247996330261,0.6694701910018921,0.020028332248330116,0.85302734375,0.9931325912475586,0.9917923808097839,0.9976873397827148
40,0.9944223761558533,0.6902341842651367,0.015764407813549042,1e-06,0.8530246615409851,0.9941121339797974,0.9928392171859741,0.998015284538269,0.9931994080543518,0.6743960380554199,0.020107127726078033,0.8508902788162231,0.9930838346481323,0.991784393787384,0.9976739287376404
41,0.9941992163658142,0.6822373270988464,0.016540642827749252,1e-06,0.8522650003433228,0.994002103805542,0.9925304651260376,0.9979852437973022,0.9932315945625305,0.6653990745544434,0.019973240792751312,0.8488163948059082,0.9931693077087402,0.9917581081390381,0.9976986050605774
42,0.9944565892219543,0.6824466586112976,0.01591225527226925,1e-06,0.8517294526100159,0.9943080544471741,0.9928044676780701,0.9980694055557251,0.9932225942611694,0.672476589679718,0.02008419670164585,0.8521018028259277,0.9931230545043945,0.9918187260627747,0.9976887702941895
43,0.9943752884864807,0.6907472610473633,0.016070762649178505,1e-06,0.8523039817810059,0.9941402673721313,0.9927817583084106,0.9980252385139465,0.9932307004928589,0.6701940894126892,0.019981570541858673,0.8492826223373413,0.9931356906890869,0.9917909502983093,0.9976930022239685
44,0.9944249987602234,0.6892833113670349,0.015913499519228935,1e-06,0.8509606122970581,0.9942421317100525,0.9927981495857239,0.9980512261390686,0.9932190775871277,0.6723566055297852,0.02003464661538601,0.8486322164535522,0.9931172132492065,0.9917984008789062,0.9976845383644104
45,0.9946492910385132,0.7016518115997314,0.01517249271273613,1e-06,0.8529858589172363,0.9943525791168213,0.9930222034454346,0.9980908036231995,0.9932135939598083,0.6772336959838867,0.0202031247317791,0.8532878160476685,0.9930853247642517,0.9918328523635864,0.9976758360862732
46,0.9943238496780396,0.6871031522750854,0.016164569184184074,1e-06,0.85599285364151,0.994076669216156,0.9927613139152527,0.9979988932609558,0.9932182431221008,0.6697575449943542,0.020027972757816315,0.8507758975028992,0.9931217432022095,0.991780161857605,0.9976844191551208
47,0.9945234656333923,0.6906270980834961,0.015553269535303116,1e-06,0.8537218570709229,0.9943026304244995,0.9929308295249939,0.9980765581130981,0.9932188987731934,0.6681764721870422,0.019994916394352913,0.8510090112686157,0.9931362271308899,0.9917699098587036,0.9976897835731506
48,0.9943445324897766,0.6908743977546692,0.01593814045190811,1e-06,0.8553624153137207,0.9941428303718567,0.9927119612693787,0.9980229139328003,0.9932126402854919,0.6736623048782349,0.020100649446249008,0.8534040451049805,0.9931029677391052,0.9918078780174255,0.9976794123649597
49,0.9942715764045715,0.6911965608596802,0.015933571383357048,1e-06,0.8559730648994446,0.9940956830978394,0.9926921725273132,0.9979995489120483,0.9932317733764648,0.6686898469924927,0.02003495581448078,0.8544986844062805,0.9931557774543762,0.9917809367179871,0.9976951479911804
50,0.9943844676017761,0.6907442808151245,0.016043899580836296,1e-06,0.8542222380638123,0.9941527843475342,0.9927846193313599,0.9980150461196899,0.9932335615158081,0.6663646101951599,0.019966457039117813,0.8519618511199951,0.9931631684303284,0.9917724132537842,0.997698187828064
51,0.9943348169326782,0.6909165978431702,0.01624068059027195,1e-06,0.8524788618087769,0.9940718412399292,0.9926855564117432,0.9980033040046692,0.9932199716567993,0.6703780889511108,0.020026864483952522,0.8513388633728027,0.9931310415267944,0.991795539855957,0.9976881742477417
52,0.9944600462913513,0.6948373317718506,0.015516177751123905,1e-06,0.8559301495552063,0.9941854476928711,0.9928297400474548,0.9980356097221375,0.9932068586349487,0.674156665802002,0.02016446366906166,0.8556495904922485,0.9930955171585083,0.9918144941329956,0.9976786971092224
53,0.9946019053459167,0.6917531490325928,0.0153173403814435,1e-06,0.8558276891708374,0.9943054914474487,0.9930061101913452,0.9980735182762146,0.9932207465171814,0.674340546131134,0.020113537088036537,0.8561287522315979,0.9931079745292664,0.9918259382247925,0.9976810812950134
54,0.9943692684173584,0.6918447613716125,0.01597370021045208,1e-06,0.856164813041687,0.9941897392272949,0.9927855134010315,0.9980340003967285,0.9932270050048828,0.6701117753982544,0.020012617111206055,0.8502434492111206,0.9931311011314392,0.9917927980422974,0.9976882934570312
55,0.9942431449890137,0.6902226209640503,0.01633657142519951,1e-06,0.8509476780891418,0.9940528273582458,0.9926189184188843,0.9979926347732544,0.9932329058647156,0.6664010882377625,0.019873911514878273,0.8453314900398254,0.9931632280349731,0.9917597770690918,0.9976972937583923
56,0.9944614768028259,0.687545657157898,0.015759071335196495,1e-06,0.84983229637146,0.9942338466644287,0.9928196668624878,0.9980534315109253,0.993231475353241,0.6715584397315979,0.01999041624367237,0.8481679558753967,0.9931383728981018,0.9918060898780823,0.9976916909217834
57,0.9943893551826477,0.6920783519744873,0.015723519027233124,1e-06,0.8517886400222778,0.9941251277923584,0.9928222894668579,0.998018741607666,0.9932183623313904,0.6742236614227295,0.020090248435735703,0.8515609502792358,0.9931121468544006,0.9918205738067627,0.9976847171783447
58,0.9943106770515442,0.6884406805038452,0.01618231274187565,1e-06,0.8514828681945801,0.9940823912620544,0.992710530757904,0.9980114698410034,0.9932317733764648,0.6724705696105957,0.020015837624669075,0.8514981865882874,0.9931249022483826,0.9918180108070374,0.9976860880851746
59,0.9944381713867188,0.6965408325195312,0.015601194463670254,1e-06,0.8513782024383545,0.9941869378089905,0.9928305745124817,0.9980399012565613,0.9932339191436768,0.6666128635406494,0.01994207873940468,0.8507488369941711,0.9931696057319641,0.9917767643928528,0.9977009892463684
60,0.9944692254066467,0.6898243427276611,0.015637489035725594,1e-06,0.8535809516906738,0.9942861795425415,0.9928650856018066,0.9980695843696594,0.993228018283844,0.6700319647789001,0.019999004900455475,0.8508108258247375,0.9931473135948181,0.9917858839035034,0.9976943731307983
61,0.9943428039550781,0.6888954043388367,0.015975723043084145,1e-06,0.8531608581542969,0.994136393070221,0.9926634430885315,0.9980234503746033,0.9932217597961426,0.6753687858581543,0.020089099183678627,0.8527358770370483,0.9931092858314514,0.9918233752250671,0.9976800680160522
62,0.9943675398826599,0.6947401762008667,0.015993639826774597,1e-06,0.8537662625312805,0.9941368699073792,0.9927679896354675,0.998025119304657,0.9932286739349365,0.6701939702033997,0.02005431056022644,0.8536016941070557,0.9931488037109375,0.9917886853218079,0.9976932406425476
63,0.9944459199905396,0.6973612904548645,0.015714263543486595,1e-06,0.85407555103302,0.9942244291305542,0.9927800297737122,0.9980434775352478,0.9931989908218384,0.6751877069473267,0.020162370055913925,0.8519866466522217,0.993079423904419,0.9917943477630615,0.9976710677146912
64,0.9944043159484863,0.698930025100708,0.0158182792365551,1e-06,0.8525254726409912,0.994154691696167,0.9928251504898071,0.9980193972587585,0.9932043552398682,0.6741414666175842,0.020136674866080284,0.8517276048660278,0.993094801902771,0.9918050169944763,0.9976744055747986
65,0.9943434000015259,0.6945274472236633,0.015933210030198097,1e-06,0.8541778326034546,0.9941534996032715,0.9927432537078857,0.9980147480964661,0.9932116866111755,0.6736634373664856,0.02009839564561844,0.8525000810623169,0.9931005239486694,0.9918010234832764,0.9976786971092224
66,0.9946458339691162,0.6982412338256836,0.015178017318248749,1e-06,0.857948899269104,0.9944169521331787,0.9930543303489685,0.9981107711791992,0.9932150840759277,0.6769147515296936,0.02021416835486889,0.8561985492706299,0.9930984377861023,0.9918336272239685,0.9976765513420105
67,0.9944134950637817,0.6934950947761536,0.015883589163422585,1e-06,0.8568902015686035,0.9941705465316772,0.9928486943244934,0.9980361461639404,0.9932270050048828,0.6745733022689819,0.020146219059824944,0.856528639793396,0.9931191802024841,0.991830050945282,0.9976824522018433
68,0.9942606687545776,0.6881725788116455,0.016222985461354256,1e-06,0.8571611642837524,0.99406498670578,0.9926745891571045,0.9979918003082275,0.9932411313056946,0.6743934154510498,0.020098695531487465,0.8543728590011597,0.9931272268295288,0.9918316602706909,0.9976857900619507
69,0.994516909122467,0.6949837803840637,0.01548106037080288,1e-06,0.8560977578163147,0.9942646622657776,0.9929239153862,0.9980598092079163,0.9932299256324768,0.6710973381996155,0.02009420283138752,0.8543734550476074,0.9931423664093018,0.9918124079704285,0.9976927042007446
70,0.9945283532142639,0.6952435374259949,0.015556160360574722,1e-06,0.8557308316230774,0.9942923784255981,0.9929679036140442,0.9980713129043579,0.9932273030281067,0.672961950302124,0.020111342892050743,0.8561186790466309,0.9931324124336243,0.9918153285980225,0.9976889491081238
71,0.9943609237670898,0.6974276304244995,0.01587223820388317,1e-06,0.8577171564102173,0.994146466255188,0.9927329421043396,0.9980227947235107,0.9932280778884888,0.6736384630203247,0.020100515335798264,0.855391800403595,0.9931247234344482,0.9918177127838135,0.9976866245269775
72,0.9945734739303589,0.6997076272964478,0.015443406067788601,1e-06,0.8583416938781738,0.9943121075630188,0.9929638504981995,0.9980776906013489,0.9932224750518799,0.6779865026473999,0.020200075581669807,0.8546797633171082,0.9930887222290039,0.9918429255485535,0.9976764917373657
73,0.9944249987602234,0.6997199058532715,0.01586168445646763,1e-06,0.8551408648490906,0.9941322207450867,0.9928268790245056,0.9980193972587585,0.9932411313056946,0.6728705763816833,0.020028099417686462,0.8522453308105469,0.9931363463401794,0.9918213486671448,0.9976882934570312
74,0.9946541786193848,0.7013108134269714,0.015131074003875256,1e-06,0.8558928966522217,0.9944384694099426,0.9931057691574097,0.9981220364570618,0.993251383304596,0.6749133467674255,0.020033422857522964,0.8545102477073669,0.9931432604789734,0.9918434619903564,0.9976926445960999
75,0.9943462610244751,0.6911216378211975,0.01595594361424446,1e-06,0.8579237461090088,0.9941091537475586,0.9927237629890442,0.9980103969573975,0.9932527542114258,0.6709935665130615,0.020015304908156395,0.8555605411529541,0.9931708574295044,0.9918180704116821,0.9976987838745117
76,0.9944823980331421,0.6899160146713257,0.015563097782433033,1e-06,0.8565117716789246,0.9942114353179932,0.9928995370864868,0.9980528950691223,0.993244469165802,0.6724177002906799,0.020008543506264687,0.854373574256897,0.993145227432251,0.9918184280395508,0.9976930022239685
77,0.9945679903030396,0.7010073065757751,0.01538235042244196,1e-06,0.8557568788528442,0.9943016767501831,0.9929986000061035,0.9980764389038086,0.993247926235199,0.6735730767250061,0.020017452538013458,0.8526508212089539,0.9931434988975525,0.991830587387085,0.9976915717124939
78,0.994482159614563,0.697877049446106,0.015652038156986237,1e-06,0.855677604675293,0.9942540526390076,0.9929242134094238,0.998054563999176,0.9932337999343872,0.679040253162384,0.020114649087190628,0.8536290526390076,0.9931048154830933,0.991858720779419,0.9976807236671448
79,0.9946125149726868,0.6989670991897583,0.01524339895695448,1e-06,0.8580896854400635,0.9943627119064331,0.9930902719497681,0.9980939626693726,0.9932380318641663,0.6748980283737183,0.020077364519238472,0.8541110754013062,0.9931229948997498,0.9918410778045654,0.9976845383644104
80,0.9946257472038269,0.7042086124420166,0.015167146921157837,1e-06,0.858561098575592,0.9943782091140747,0.9930569529533386,0.9981032609939575,0.9932344555854797,0.6794266700744629,0.02018415369093418,0.8570652008056641,0.9931037425994873,0.9918720126152039,0.9976792931556702
81,0.994419515132904,0.7000606656074524,0.015476417727768421,1e-06,0.8578944802284241,0.9942454099655151,0.9928975105285645,0.9980524182319641,0.9932258725166321,0.677669882774353,0.020215611904859543,0.8576769232749939,0.9931173324584961,0.991854190826416,0.9976826310157776
82,0.9946314692497253,0.7030059695243835,0.015426592901349068,1e-06,0.8593281507492065,0.9943380355834961,0.9930931329727173,0.99809330701828,0.9932566285133362,0.6740654110908508,0.020064909011125565,0.8576439619064331,0.993152916431427,0.9918330311775208,0.9976945519447327
83,0.9944574236869812,0.693902850151062,0.015777571126818657,1e-06,0.8582059144973755,0.994150698184967,0.992867648601532,0.998033881187439,0.9932532906532288,0.6780775189399719,0.02009187638759613,0.858543872833252,0.9931209087371826,0.9918644428253174,0.9976850748062134
84,0.9946246147155762,0.7052955031394958,0.015027177520096302,1e-06,0.8609291315078735,0.9943726062774658,0.9930793046951294,0.998094916343689,0.9932428002357483,0.6795697212219238,0.02013392560184002,0.8583346605300903,0.9931038022041321,0.9918689727783203,0.9976789951324463
85,0.9944444894790649,0.7012072801589966,0.015672670677304268,1e-06,0.8597031235694885,0.994271457195282,0.992909848690033,0.9980676770210266,0.9932270050048828,0.6731313467025757,0.020084291696548462,0.8568184971809387,0.9931343793869019,0.9918068647384644,0.9976890087127686
86,0.9944769740104675,0.6982996463775635,0.015618658624589443,1e-06,0.8575692176818848,0.9941852688789368,0.9928590059280396,0.9980401396751404,0.9932414889335632,0.6746727228164673,0.020120013505220413,0.8582543730735779,0.9931424260139465,0.99183589220047,0.9976924061775208
87,0.9946622252464294,0.703930139541626,0.015084569342434406,1e-06,0.8589308261871338,0.9944114089012146,0.9930917024612427,0.9981086850166321,0.993224024772644,0.6813967227935791,0.020287783816456795,0.8590800166130066,0.9930915236473083,0.9918752908706665,0.9976741671562195
88,0.9945493340492249,0.6967799067497253,0.015494098886847496,1e-06,0.8616138696670532,0.9943153858184814,0.9929730296134949,0.9980777502059937,0.993252158164978,0.6771754026412964,0.020121948793530464,0.8594449162483215,0.9931246638298035,0.9918578863143921,0.9976861476898193
89,0.9944654703140259,0.696873664855957,0.015659961849451065,1e-06,0.8606619834899902,0.9942259788513184,0.9928564429283142,0.9980472922325134,0.99323970079422,0.6749916672706604,0.02014045976102352,0.8582130670547485,0.9931323528289795,0.9918296337127686,0.9976884126663208
90,0.9945728778839111,0.6977653503417969,0.015483328141272068,1e-06,0.8596744537353516,0.9942971467971802,0.9929960370063782,0.9980736374855042,0.9932332634925842,0.677433431148529,0.020192628726363182,0.8578720092773438,0.9931247234344482,0.9918481707572937,0.9976866245269775
91,0.9944307208061218,0.7024394869804382,0.01568686030805111,1e-06,0.859272301197052,0.9942203760147095,0.9928441047668457,0.9980456829071045,0.993242621421814,0.6741703152656555,0.020155899226665497,0.8602976202964783,0.9931460618972778,0.9918270111083984,0.9976937770843506
92,0.9944537281990051,0.6986806392669678,0.01580759696662426,1e-06,0.8625712394714355,0.9942238330841064,0.9928185343742371,0.9980496168136597,0.9932535290718079,0.6788815855979919,0.020123429596424103,0.8583666682243347,0.9931227564811707,0.9918643236160278,0.9976853132247925
93,0.994524359703064,0.7005138993263245,0.015417545102536678,1e-06,0.8609594106674194,0.994276762008667,0.9929090142250061,0.9980714321136475,0.9932653903961182,0.6771018505096436,0.020121773704886436,0.8616501092910767,0.9931574463844299,0.9918639659881592,0.997698962688446
94,0.9944918751716614,0.7026885151863098,0.015477089211344719,1e-06,0.8614255785942078,0.9942288994789124,0.9928650856018066,0.9980524778366089,0.9932751059532166,0.6766555309295654,0.020034808665513992,0.8592531681060791,0.9931662082672119,0.9918774366378784,0.9976990222930908
95,0.9945278167724609,0.6980467438697815,0.015405058860778809,1e-06,0.86039799451828,0.9942973852157593,0.9929782152175903,0.998070478439331,0.993241012096405,0.673505425453186,0.020105745643377304,0.8606977462768555,0.9931685328483582,0.9918277263641357,0.9976999163627625
96,0.9945611357688904,0.700211763381958,0.015266773290932178,1e-06,0.863423228263855,0.9942795038223267,0.9929713606834412,0.9980754256248474,0.9932509064674377,0.6814197301864624,0.020207297056913376,0.8606683015823364,0.9931114315986633,0.9918839335441589,0.9976819157600403
97,0.9945372939109802,0.7049995064735413,0.015344388782978058,1e-06,0.861754298210144,0.9942403435707092,0.9929652810096741,0.998062014579773,0.9932553172111511,0.6827680468559265,0.020188534632325172,0.8599339723587036,0.9931198954582214,0.9919050931930542,0.9976882934570312
98,0.9945269227027893,0.6978483200073242,0.015478892251849174,1e-06,0.859236478805542,0.9942251443862915,0.9929511547088623,0.9980518817901611,0.9932681918144226,0.6768300533294678,0.020070521160960197,0.857915997505188,0.9931606650352478,0.9918695688247681,0.9976990222930908
99,0.9945203065872192,0.6966886520385742,0.015458528883755207,1e-06,0.8591878414154053,0.9943034648895264,0.9929081201553345,0.9980708360671997,0.9932802319526672,0.6768323183059692,0.020062774419784546,0.8566629886627197,0.9931648969650269,0.9918650984764099,0.9976996779441833
100,0.994594156742096,0.7008855938911438,0.015286996960639954,1e-06,0.8572065830230713,0.9943156242370605,0.9930537939071655,0.9980812668800354,0.9932635426521301,0.6850797533988953,0.02020587958395481,0.8580876588821411,0.9931113719940186,0.9919182658195496,0.9976821541786194
101,0.9946647882461548,0.7094143629074097,0.015121333301067352,1e-06,0.8599764704704285,0.9943493604660034,0.9931146502494812,0.9980967044830322,0.9932677745819092,0.6828100681304932,0.02019653469324112,0.8595055341720581,0.9931213855743408,0.9919036030769348,0.9976844191551208
102,0.9945234656333923,0.7058189511299133,0.015447763726115227,1e-06,0.8619711399078369,0.9942291378974915,0.992944061756134,0.9980551600456238,0.9932622313499451,0.681988537311554,0.020205367356538773,0.861177384853363,0.9931224584579468,0.9919009804725647,0.9976844191551208
103,0.9943718314170837,0.6981549263000488,0.015884242951869965,1e-06,0.85906583070755,0.9941233992576599,0.9927593469619751,0.9980177879333496,0.9932494759559631,0.6818895936012268,0.020220398902893066,0.8606903553009033,0.9931068420410156,0.9918873310089111,0.9976813197135925
104,0.9945654273033142,0.7060876488685608,0.015365379862487316,1e-06,0.860271692276001,0.9942415952682495,0.9929945468902588,0.9980553984642029,0.9932776093482971,0.6766011714935303,0.02005334012210369,0.8588606119155884,0.9931547045707703,0.9918663501739502,0.997698962688446
105,0.9945642948150635,0.6969337463378906,0.0152137978002429,1e-06,0.8602011203765869,0.9943556785583496,0.992975652217865,0.9980940222740173,0.9932520985603333,0.6818162798881531,0.020209765061736107,0.8600340485572815,0.9931209087371826,0.9918975234031677,0.9976857304573059
106,0.9946177005767822,0.7091134190559387,0.01519490871578455,1e-06,0.860931932926178,0.9943645000457764,0.9930140376091003,0.9980997443199158,0.9932557940483093,0.6797080636024475,0.02013230137526989,0.8575109243392944,0.9931254386901855,0.99187171459198,0.9976855516433716
107,0.9945579767227173,0.7073115110397339,0.015303435735404491,1e-06,0.8615788221359253,0.9942745566368103,0.9929563999176025,0.9980695843696594,0.9932654500007629,0.6763509511947632,0.02001485601067543,0.8593373894691467,0.993156909942627,0.9918652772903442,0.9976979494094849
108,0.9946070909500122,0.6998453140258789,0.015198256820440292,1e-06,0.8638797402381897,0.9943186044692993,0.9930327534675598,0.9980944395065308,0.9932593703269958,0.6814848184585571,0.02016293816268444,0.8602432012557983,0.9931225776672363,0.9918901920318604,0.9976864457130432
109,0.9945479035377502,0.7001867890357971,0.015429988503456116,1e-06,0.8591281175613403,0.9942883253097534,0.9929437637329102,0.9980748295783997,0.9932663440704346,0.6799808740615845,0.0201349388808012,0.8599972724914551,0.9931431412696838,0.9918832778930664,0.9976935386657715
110,0.9946099519729614,0.703109622001648,0.01516655832529068,1e-06,0.8638470768928528,0.9943435192108154,0.9930540323257446,0.9980918169021606,0.9932630062103271,0.6803476214408875,0.020142044872045517,0.85975182056427,0.9931309819221497,0.9918872714042664,0.9976882934570312
111,0.9946185946464539,0.7082263827323914,0.015145605430006981,1e-06,0.8599084615707397,0.9943700432777405,0.9930431246757507,0.9981005191802979,0.9932605624198914,0.6834660768508911,0.020220475271344185,0.8618274927139282,0.9931243062019348,0.9919271469116211,0.9976882934570312
112,0.9947024583816528,0.7078155875205994,0.01494812685996294,1e-06,0.8647499084472656,0.9944118857383728,0.9931612014770508,0.99811851978302,0.9932730793952942,0.6790621876716614,0.020172901451587677,0.8656668663024902,0.9931567311286926,0.9918879866600037,0.9976978898048401
113,0.9947934746742249,0.7091103792190552,0.014822437427937984,1e-06,0.8686007261276245,0.9944314956665039,0.9932071566581726,0.9981197714805603,0.9932584762573242,0.6860078573226929,0.020326172932982445,0.8642247915267944,0.9931125640869141,0.9919255375862122,0.9976810812950134
114,0.9946200251579285,0.706394612789154,0.015373463742434978,1e-06,0.8644906878471375,0.9943335056304932,0.9930198788642883,0.9980932474136353,0.99325031042099,0.6825124025344849,0.02023242972791195,0.8617358207702637,0.9931253790855408,0.9919001460075378,0.9976882934570312
115,0.9947949051856995,0.710261344909668,0.014534207060933113,1e-06,0.8665612936019897,0.9945241212844849,0.9932777881622314,0.9981525540351868,0.99325031042099,0.6830551624298096,0.020273514091968536,0.8625751733779907,0.9931212663650513,0.9919066429138184,0.9976856112480164
116,0.9944419264793396,0.6979426741600037,0.01554177701473236,1e-06,0.8641643524169922,0.9941927790641785,0.9928897619247437,0.9980446696281433,0.9932645559310913,0.6805263161659241,0.020136825740337372,0.8599430322647095,0.9931317567825317,0.9918824434280396,0.9976887702941895
117,0.9944588541984558,0.701554000377655,0.01558926235884428,1e-06,0.8586978912353516,0.9942073225975037,0.9928524494171143,0.99803626537323,0.9932594895362854,0.6807174682617188,0.020136168226599693,0.8586379289627075,0.9931315779685974,0.9918978810310364,0.9976924657821655
118,0.994621753692627,0.7036973834037781,0.015268735587596893,1e-06,0.8593943119049072,0.9943910241127014,0.9930506348609924,0.9981011748313904,0.9932605624198914,0.6798607707023621,0.020136957988142967,0.8603000640869141,0.9931342005729675,0.9918864965438843,0.9976916313171387
119,0.9946131110191345,0.7090994119644165,0.01523365918546915,1e-06,0.8608770370483398,0.9943129420280457,0.9930709004402161,0.9980867505073547,0.9932630658149719,0.6824248433113098,0.020213657990098,0.8608877658843994,0.9931293725967407,0.9919060468673706,0.9976900815963745
120,0.9947906136512756,0.7112956643104553,0.014824905432760715,1e-06,0.86280757188797,0.9945160746574402,0.9932234883308411,0.9981411695480347,0.9932658076286316,0.6830153465270996,0.020224791020154953,0.8627920150756836,0.9931351542472839,0.9919134378433228,0.9976893067359924
121,0.9944760799407959,0.7084302306175232,0.015559057705104351,1e-06,0.861669659614563,0.9942041039466858,0.992885172367096,0.9980396032333374,0.9932696223258972,0.6781784296035767,0.02012649178504944,0.8609105944633484,0.9931504726409912,0.9918725490570068,0.9976969957351685
122,0.9946320652961731,0.7012553811073303,0.015128791332244873,1e-06,0.8646367788314819,0.9943729043006897,0.9930537939071655,0.9980996251106262,0.993277370929718,0.6793323159217834,0.02014249935746193,0.864955484867096,0.9931590557098389,0.9918960928916931,0.9977002739906311
123,0.9944232702255249,0.7002164125442505,0.015701046213507652,1e-06,0.8650094270706177,0.9941985011100769,0.9928202629089355,0.9980502724647522,0.9932626485824585,0.6768497824668884,0.020163698121905327,0.8611288070678711,0.9931595325469971,0.9918686747550964,0.997699499130249
124,0.9945120215415955,0.6959276795387268,0.015529911033809185,1e-06,0.8625379800796509,0.9942771792411804,0.9929044246673584,0.998072624206543,0.9932593703269958,0.6865800023078918,0.020369457080960274,0.8636360168457031,0.9931044578552246,0.9919354319572449,0.9976814985275269
125,0.9945642948150635,0.7043736577033997,0.015329689718782902,1e-06,0.8641563653945923,0.9942893385887146,0.9930012226104736,0.9980701208114624,0.9932809472084045,0.6806989908218384,0.020188715308904648,0.860398530960083,0.9931471347808838,0.9919016361236572,0.9976950883865356
126,0.9945123195648193,0.7002416253089905,0.015445192344486713,1e-06,0.8634670972824097,0.994294285774231,0.9929767847061157,0.9980692863464355,0.9932700395584106,0.6810903549194336,0.020217780023813248,0.8626842498779297,0.9931442737579346,0.9919039011001587,0.997694194316864
127,0.9944364428520203,0.6988152265548706,0.0155705027282238,1e-06,0.8641823530197144,0.9941734671592712,0.992825984954834,0.998039186000824,0.9932720065116882,0.6854776740074158,0.020306110382080078,0.8627392649650574,0.9931192994117737,0.9919288158416748,0.9976837635040283
128,0.9947469830513,0.7070411443710327,0.014954784885048866,1e-06,0.8651658296585083,0.9944379925727844,0.9931976795196533,0.9981271624565125,0.9932809472084045,0.6839819550514221,0.020261498168110847,0.8645884990692139,0.9931408166885376,0.9919290542602539,0.9976934790611267
129,0.9947102069854736,0.7090902924537659,0.014987107366323471,1e-06,0.8665977716445923,0.9944556951522827,0.9932028651237488,0.9981191158294678,0.9932630062103271,0.6807905435562134,0.02022789977490902,0.8634986281394958,0.9931392669677734,0.9918850660324097,0.9976926445960999
130,0.9946064949035645,0.7089630961418152,0.015151811763644218,1e-06,0.8657742142677307,0.9943244457244873,0.9930043816566467,0.9980831146240234,0.9932735562324524,0.6877005100250244,0.02034251019358635,0.863726019859314,0.9931076765060425,0.9919438362121582,0.9976825714111328
131,0.9946677088737488,0.7093517184257507,0.014933843165636063,1e-06,0.867200493812561,0.9943864941596985,0.9931114315986633,0.9981058239936829,0.9932641386985779,0.6879926919937134,0.02044406346976757,0.8666868209838867,0.993102490901947,0.9919525980949402,0.9976834058761597
132,0.9945120215415955,0.7054060697555542,0.01541218999773264,1e-06,0.8675417900085449,0.9942499399185181,0.9929448962211609,0.9980566501617432,0.9932550191879272,0.6795952320098877,0.020313363522291183,0.8644455671310425,0.9931347370147705,0.9918724894523621,0.9976915717124939
133,0.994653582572937,0.703914225101471,0.015061848796904087,1e-06,0.8678920269012451,0.9944383502006531,0.9931381940841675,0.9981229305267334,0.9932714104652405,0.6836527585983276,0.02029903419315815,0.8632769584655762,0.9931306838989258,0.9919129014015198,0.9976911544799805
134,0.9947397708892822,0.7136858701705933,0.014798236079514027,1e-06,0.8665069341659546,0.9944619536399841,0.9931787252426147,0.9981265068054199,0.9932661652565002,0.6835616827011108,0.020282115787267685,0.862899124622345,0.9931201338768005,0.9919126033782959,0.9976878762245178
135,0.9948299527168274,0.7114138007164001,0.014661922119557858,1e-06,0.86545729637146,0.9945163130760193,0.9933171272277832,0.9981542825698853,0.9932740926742554,0.6844658255577087,0.02035585232079029,0.8653643131256104,0.9931259751319885,0.991922914981842,0.9976898431777954
136,0.9947906136512756,0.7152628302574158,0.014781065285205841,1e-06,0.867275059223175,0.994472861289978,0.993310272693634,0.9981403946876526,0.9932695031166077,0.6842882633209229,0.020296353846788406,0.862909197807312,0.9931216835975647,0.9919182062149048,0.9976876378059387
137,0.9946926832199097,0.7076376676559448,0.015065783634781837,1e-06,0.8654323816299438,0.9943844079971313,0.9930968284606934,0.9981029033660889,0.9932811856269836,0.6836333274841309,0.02029908075928688,0.8647921085357666,0.9931426644325256,0.9919299483299255,0.9976929426193237
138,0.9946756958961487,0.7133103609085083,0.015042748302221298,1e-06,0.8676643371582031,0.9943755269050598,0.9931031465530396,0.9980971813201904,0.9932632446289062,0.6853544116020203,0.02038073167204857,0.8656079173088074,0.9931142330169678,0.9919224977493286,0.9976859092712402
139,0.9947518110275269,0.7129422426223755,0.0147431381046772,1e-06,0.8697937726974487,0.9944356679916382,0.993216335773468,0.9981192350387573,0.9932597875595093,0.6826367974281311,0.02031322754919529,0.8640742301940918,0.9931261539459229,0.9919053316116333,0.9976903796195984
140,0.9949043393135071,0.7188500165939331,0.014463748782873154,1e-06,0.8667240738868713,0.9945539832115173,0.9933286309242249,0.9981698989868164,0.9932588338851929,0.6915692090988159,0.020564081147313118,0.8652557134628296,0.9930785894393921,0.9919679760932922,0.9976758360862732
141,0.9946131110191345,0.7196449637413025,0.015115237794816494,1e-06,0.8653769493103027,0.9942935705184937,0.993045449256897,0.9980765581130981,0.9932484030723572,0.6866045594215393,0.020463719964027405,0.862684965133667,0.9930834770202637,0.9919187426567078,0.9976757168769836
142,0.9950077533721924,0.7188341021537781,0.014216284267604351,1e-06,0.8692342042922974,0.9946621060371399,0.9934756755828857,0.9981953501701355,0.9932672381401062,0.6866781115531921,0.020434170961380005,0.8665764927864075,0.9931109547615051,0.9919406175613403,0.9976831078529358
143,0.9947196841239929,0.7156012058258057,0.015058501623570919,1e-06,0.8646243810653687,0.9943830966949463,0.9931973814964294,0.9981055855751038,0.9932757019996643,0.6857335567474365,0.020346159115433693,0.8621619939804077,0.9931346774101257,0.9919418096542358,0.9976911544799805
144,0.9948471784591675,0.7187401652336121,0.014466867782175541,1e-06,0.8652092218399048,0.9944960474967957,0.9932960867881775,0.9981458187103271,0.9932737946510315,0.6843785643577576,0.020369796082377434,0.8659765720367432,0.9931273460388184,0.9919350743293762,0.9976895451545715
145,0.994670569896698,0.7064661383628845,0.015020836144685745,1e-06,0.8677434921264648,0.9943750500679016,0.9930799007415771,0.9981004595756531,0.9932780861854553,0.6848528385162354,0.02034195140004158,0.8671979904174805,0.9931392669677734,0.9919411540031433,0.9976937770843506
146,0.9947920441627502,0.7166057825088501,0.0146603649482131,1e-06,0.8687978386878967,0.9944511651992798,0.9932425022125244,0.9981260299682617,0.9932903051376343,0.6874589920043945,0.020368292927742004,0.8663063049316406,0.9931252002716064,0.9919641613960266,0.9976890683174133
147,0.9946576356887817,0.7117195129394531,0.014879385940730572,1e-06,0.8676682114601135,0.994324803352356,0.9930692911148071,0.9980866312980652,0.9932677149772644,0.6863434910774231,0.02034395933151245,0.8654348850250244,0.9931098818778992,0.9919352531433105,0.9976837635040283
148,0.9945260882377625,0.7073318958282471,0.015505456365644932,1e-06,0.8691927194595337,0.9941942095756531,0.9930207133293152,0.9980509877204895,0.9932830333709717,0.6828263998031616,0.020226873457431793,0.862535297870636,0.9931360483169556,0.9919174313545227,0.9976943135261536
149,0.9949166774749756,0.7123583555221558,0.01443149521946907,1e-06,0.8674404621124268,0.9945979118347168,0.993460476398468,0.9981698989868164,0.9932752251625061,0.6899657249450684,0.020449992269277573,0.8655918836593628,0.9931022524833679,0.9919694662094116,0.9976838827133179
150,0.9947179555892944,0.7092503309249878,0.014793704263865948,1e-06,0.8688899278640747,0.9944145083427429,0.9932188987731934,0.9981145858764648,0.993269681930542,0.6864644289016724,0.020382137969136238,0.8653486967086792,0.9931169152259827,0.9919376373291016,0.9976853132247925
151,0.9947429299354553,0.715774655342102,0.014815148897469044,1e-06,0.8641015291213989,0.9944415092468262,0.9931792616844177,0.9981253147125244,0.9932689070701599,0.6840556263923645,0.020355403423309326,0.8645488023757935,0.9931347370147705,0.9919256567955017,0.9976932406425476
152,0.9948233366012573,0.7169031500816345,0.014532757923007011,1e-06,0.8682316541671753,0.9945242404937744,0.9933447241783142,0.9981502890586853,0.9932807683944702,0.686350405216217,0.020427966490387917,0.8664816617965698,0.9931371212005615,0.9919444918632507,0.9976940155029297
153,0.994991660118103,0.7221317291259766,0.014186806045472622,1e-06,0.8709051609039307,0.9946311116218567,0.9935213923454285,0.9981906414031982,0.9932743906974792,0.6903606653213501,0.020531734451651573,0.8655288815498352,0.9931081533432007,0.9919716715812683,0.9976833462715149
154,0.9949761629104614,0.7271885871887207,0.014140438288450241,1e-06,0.8661743402481079,0.9946057796478271,0.9934501647949219,0.9981739521026611,0.9932624697685242,0.6891865134239197,0.020587876439094543,0.8651986122131348,0.9931116104125977,0.9919552206993103,0.9976860880851746
155,0.9948009252548218,0.7163699269294739,0.014695288613438606,1e-06,0.8658909797668457,0.9944890141487122,0.9932499527931213,0.9981496930122375,0.9932847619056702,0.6899892091751099,0.020514443516731262,0.8660619258880615,0.9931179881095886,0.9919730424880981,0.9976891875267029
156,0.9948362708091736,0.7187812328338623,0.014479638077318668,1e-06,0.8682075142860413,0.9945299625396729,0.9933786392211914,0.9981569647789001,0.9932918548583984,0.6873726844787598,0.020459042862057686,0.8669748306274414,0.9931383728981018,0.99195796251297,0.9976927638053894
157,0.9947136640548706,0.7164958119392395,0.014872218482196331,1e-06,0.8712576627731323,0.9944093823432922,0.9932036995887756,0.998114824295044,0.993260383605957,0.693625271320343,0.020680546760559082,0.8662430047988892,0.9930770397186279,0.991970956325531,0.9976745247840881
158,0.9947435259819031,0.7173933386802673,0.014683716930449009,1e-06,0.8671159744262695,0.9944127202033997,0.9932364225387573,0.9981158971786499,0.9932671189308167,0.6876426339149475,0.020528234541416168,0.8671042919158936,0.9931124448776245,0.9919389486312866,0.9976862668991089
159,0.9947119355201721,0.7075536847114563,0.014978991821408272,1e-06,0.8705978393554688,0.9943655133247375,0.9931232929229736,0.9981048703193665,0.9932610988616943,0.6879010796546936,0.020466972142457962,0.8662881851196289,0.9931082725524902,0.9919346570968628,0.9976842999458313
160,0.994792640209198,0.7175534963607788,0.014722058549523354,1e-06,0.868627667427063,0.994478166103363,0.9932447671890259,0.9981385469436646,0.9932689070701599,0.6869373321533203,0.020479805767536163,0.8667346239089966,0.993113100528717,0.9919365644454956,0.9976850152015686
161,0.9949537515640259,0.7166681289672852,0.014270155690610409,1e-06,0.8697147369384766,0.994601309299469,0.9934415221214294,0.9981802701950073,0.9932592511177063,0.6975265145301819,0.020731130614876747,0.8686712980270386,0.993053138256073,0.991998016834259,0.9976673722267151
162,0.9947239756584167,0.7165235877037048,0.014847231097519398,1e-06,0.8695024251937866,0.9944071769714355,0.9931800961494446,0.99811190366745,0.9932775497436523,0.6872584223747253,0.020516108721494675,0.8675421476364136,0.9931319952011108,0.9919382333755493,0.9976918697357178
163,0.9947963356971741,0.7212331295013428,0.014737146906554699,1e-06,0.8669316172599792,0.9944819211959839,0.9932631254196167,0.9981420636177063,0.9932804107666016,0.6880263090133667,0.02049070969223976,0.8668817281723022,0.9931407570838928,0.9919595122337341,0.9976921677589417
164,0.9948368668556213,0.7155958414077759,0.014667212963104248,1e-06,0.8691307306289673,0.9945113062858582,0.9932941794395447,0.9981492161750793,0.9932844638824463,0.6884797215461731,0.020448317751288414,0.8665577173233032,0.9931243062019348,0.9919669032096863,0.9976903796195984
165,0.9947759509086609,0.7158138751983643,0.014756256714463234,1e-06,0.8683158159255981,0.9944913387298584,0.9931942224502563,0.9981383681297302,0.9932738542556763,0.6887413263320923,0.020510496571660042,0.8674322366714478,0.9931173324584961,0.9919533133506775,0.9976856112480164
166,0.9948155879974365,0.7193565368652344,0.014534820802509785,1e-06,0.868715226650238,0.9944771528244019,0.9933401346206665,0.9981377720832825,0.9932785630226135,0.6893695592880249,0.020562488585710526,0.866605818271637,0.9931299686431885,0.9919672012329102,0.9976905584335327
167,0.9948228001594543,0.7176105380058289,0.014441841281950474,1e-06,0.8710359930992126,0.9945074319839478,0.993310809135437,0.9981481432914734,0.9932650327682495,0.6918432116508484,0.020651759579777718,0.8692020177841187,0.9930925965309143,0.9919815063476562,0.9976799488067627
168,0.9948902726173401,0.7160168886184692,0.014412754215300083,1e-06,0.867788553237915,0.9945693612098694,0.9933944344520569,0.9981632232666016,0.9932635426521301,0.6951068043708801,0.020676760002970695,0.8686193227767944,0.993069052696228,0.9919860363006592,0.9976730346679688
169,0.994928777217865,0.7212843894958496,0.014342021197080612,1e-06,0.8701201677322388,0.9945825934410095,0.9934107661247253,0.9981728792190552,0.9932671785354614,0.6944512724876404,0.020736953243613243,0.8720536231994629,0.9930899143218994,0.9919965267181396,0.9976776242256165
170,0.9950545430183411,0.7329582571983337,0.013835971243679523,1e-06,0.8736706376075745,0.994674563407898,0.9936078190803528,0.9981988072395325,0.9932696223258972,0.6951445937156677,0.02076633647084236,0.8717631697654724,0.9931004047393799,0.9920086860656738,0.9976808428764343
171,0.9947687983512878,0.7178193926811218,0.014670711942017078,1e-06,0.873316764831543,0.9944188594818115,0.9932559728622437,0.9981175065040588,0.9932777881622314,0.6895625591278076,0.020531434565782547,0.8693563342094421,0.9931199550628662,0.9919700622558594,0.9976866841316223
172,0.9947463870048523,0.713550329208374,0.014798245392739773,1e-06,0.8708574771881104,0.9944592118263245,0.993181586265564,0.9981357455253601,0.9932985305786133,0.6856362223625183,0.020377961918711662,0.8655548691749573,0.993166983127594,0.9919578433036804,0.9977000951766968
173,0.9949106574058533,0.7272107005119324,0.014262632466852665,1e-06,0.8681102395057678,0.9945460557937622,0.9934024810791016,0.9981597065925598,0.9932894110679626,0.693774938583374,0.020550251007080078,0.8672312498092651,0.9931053519248962,0.9919958114624023,0.9976823329925537
174,0.9948276877403259,0.7173677086830139,0.014518659561872482,1e-06,0.8685264587402344,0.9944804310798645,0.993366539478302,0.9981409311294556,0.9933033585548401,0.6902527809143066,0.020445721223950386,0.8666523694992065,0.9931342601776123,0.9919810891151428,0.997693657875061
175,0.9948371648788452,0.7199385166168213,0.014632390812039375,1e-06,0.8681983947753906,0.9945286512374878,0.9933013319969177,0.9981577396392822,0.9932973980903625,0.6910639405250549,0.020513376221060753,0.8677137494087219,0.9931298494338989,0.9919909834861755,0.997691810131073
176,0.9947986602783203,0.7192316651344299,0.014695759862661362,1e-06,0.8701925277709961,0.9944273233413696,0.993209719657898,0.9981209635734558,0.9932918548583984,0.6908682584762573,0.020569607615470886,0.8702398538589478,0.9931219816207886,0.9919857382774353,0.9976892471313477
177,0.994946300983429,0.7240310311317444,0.014119044877588749,1e-06,0.8717581629753113,0.994586706161499,0.9935107231140137,0.9981713891029358,0.9932735562324524,0.6939413547515869,0.02070510946214199,0.870543360710144,0.9930931925773621,0.9919911623001099,0.9976791143417358
178,0.9947653412818909,0.7178040742874146,0.014717696234583855,1e-06,0.8714076280593872,0.9944560527801514,0.9932301044464111,0.9981307983398438,0.9932761788368225,0.6893373727798462,0.02054670639336109,0.8679220676422119,0.9931135773658752,0.9919552206993103,0.9976869225502014
179,0.9949905276298523,0.7256554961204529,0.013988150283694267,1e-06,0.8723446726799011,0.994659423828125,0.9935150742530823,0.998195230960846,0.9932869672775269,0.6929571032524109,0.020663579925894737,0.8700742721557617,0.9931148886680603,0.9919995069503784,0.9976853132247925
180,0.9947963356971741,0.7155379056930542,0.014545700512826443,1e-06,0.8702095150947571,0.9944679737091064,0.9932981133460999,0.9981436133384705,0.9932751059532166,0.6961097121238708,0.020784324035048485,0.8681691288948059,0.9930866360664368,0.9920068383216858,0.9976769089698792
181,0.9948925971984863,0.725986897945404,0.014264681376516819,1e-06,0.870661199092865,0.9945076107978821,0.9933705925941467,0.9981531500816345,0.9932645559310913,0.6853130459785461,0.020506372675299644,0.8663586974143982,0.9931359887123108,0.9919174909591675,0.9976918697357178
182,0.9949273467063904,0.7235391139984131,0.014312239363789558,1e-06,0.8690941333770752,0.994642972946167,0.9934297204017639,0.9981837868690491,0.9932945370674133,0.6914011240005493,0.020554445683956146,0.8670850992202759,0.9931319952011108,0.9919810891151428,0.9976916909217834
183,0.9948239326477051,0.720149576663971,0.014554309658706188,1e-06,0.869648277759552,0.9944482445716858,0.9933091402053833,0.9981264472007751,0.9932946562767029,0.6935921907424927,0.020616648718714714,0.8677713871002197,0.9931197166442871,0.9919891357421875,0.9976866245269775
184,0.994949996471405,0.7262749671936035,0.014277727343142033,1e-06,0.8708356618881226,0.9945869445800781,0.993432879447937,0.9981772303581238,0.9932960867881775,0.6901411414146423,0.020546941086649895,0.8682451844215393,0.9931367635726929,0.9919758439064026,0.9976944923400879
185,0.9948460459709167,0.7245701551437378,0.014667960815131664,1e-06,0.8694794178009033,0.9944913983345032,0.9933381080627441,0.9981398582458496,0.9932770729064941,0.6972569823265076,0.020767077803611755,0.8677014112472534,0.9930824041366577,0.9920094013214111,0.9976730942726135
186,0.9947512745857239,0.7180532217025757,0.014790595509111881,1e-06,0.8661757707595825,0.9943967461585999,0.9932488203048706,0.9981076717376709,0.9932889342308044,0.6883739829063416,0.02047865092754364,0.8649865388870239,0.9931269884109497,0.9919456839561462,0.9976906180381775
187,0.9949663877487183,0.7243855595588684,0.014231582172214985,1e-06,0.8648769855499268,0.9945928454399109,0.9934452772140503,0.9981737732887268,0.9932727217674255,0.6966625452041626,0.020799193531274796,0.8677685856819153,0.9930846095085144,0.9920053482055664,0.9976770877838135
188,0.9949086904525757,0.7283180952072144,0.014335041865706444,1e-06,0.8697634935379028,0.9945580363273621,0.9934317469596863,0.9981656670570374,0.9932830333709717,0.6888685822486877,0.020563505589962006,0.8668047785758972,0.9931331872940063,0.9919595718383789,0.9976926445960999
189,0.9948357343673706,0.7182218432426453,0.014643865637481213,1e-06,0.8699193596839905,0.994512140750885,0.9932599663734436,0.9981521368026733,0.9932957887649536,0.689444899559021,0.020516956225037575,0.8668456077575684,0.9931455850601196,0.9919798374176025,0.9976943731307983
190,0.9947575926780701,0.7166842818260193,0.014825941063463688,1e-06,0.8708018064498901,0.9944270849227905,0.9931936264038086,0.9981160759925842,0.9932901859283447,0.6909759044647217,0.020595215260982513,0.8694700002670288,0.9931221008300781,0.9919794201850891,0.9976896047592163
191,0.9950798749923706,0.7271332144737244,0.013949383981525898,1e-06,0.8720722794532776,0.9946823120117188,0.9935693144798279,0.9982070922851562,0.9932975769042969,0.6939262747764587,0.020702000707387924,0.871590256690979,0.9931184649467468,0.9920110702514648,0.997687578201294
192,0.9948540925979614,0.7224531769752502,0.01438597310334444,1e-06,0.8730416893959045,0.9945082664489746,0.9933332204818726,0.998145580291748,0.9933018684387207,0.6905465722084045,0.02062065713107586,0.8703780174255371,0.9931374192237854,0.991995632648468,0.997692883014679
193,0.9948523640632629,0.7220188975334167,0.014413812197744846,1e-06,0.8717108964920044,0.9945654273033142,0.9933429956436157,0.9981576204299927,0.993312418460846,0.6957330703735352,0.020704342052340508,0.8695951700210571,0.9931170344352722,0.99202561378479,0.9976868033409119
194,0.9949436783790588,0.7297524809837341,0.014154516160488129,1e-06,0.8722944259643555,0.9946216344833374,0.9934679269790649,0.9981849789619446,0.9932978749275208,0.693246066570282,0.020654208958148956,0.8684819936752319,0.9931221008300781,0.9919906854629517,0.9976881742477417
195,0.9948124289512634,0.7220974564552307,0.014564594253897667,1e-06,0.87105792760849,0.99447101354599,0.9932488203048706,0.9981309771537781,0.9933114647865295,0.6949133276939392,0.020743992179632187,0.8711740970611572,0.9931247234344482,0.9920239448547363,0.9976895451545715
196,0.9951286911964417,0.733025848865509,0.013767323456704617,1e-06,0.8738164901733398,0.9947860836982727,0.9936850666999817,0.9982345104217529,0.9932823777198792,0.6953104734420776,0.020844317972660065,0.870101809501648,0.9930963516235352,0.9919974207878113,0.9976797699928284
197,0.9949687123298645,0.725392758846283,0.014165190979838371,1e-06,0.8734400272369385,0.994602620601654,0.9934419989585876,0.9981803894042969,0.9932957887649536,0.6946983933448792,0.020811675116419792,0.8710076212882996,0.9931215643882751,0.9920085072517395,0.9976892471313477
198,0.9949339628219604,0.730758547782898,0.014348451048135757,1e-06,0.8735364079475403,0.9945452809333801,0.993457019329071,0.998161256313324,0.9932914972305298,0.6948372721672058,0.020772963762283325,0.869887113571167,0.9931031465530396,0.9920035004615784,0.9976834058761597
199,0.9949695467948914,0.7288402318954468,0.014141686260700226,1e-06,0.8733267188072205,0.9946068525314331,0.9934659600257874,0.9981817007064819,0.9932770133018494,0.6913717985153198,0.020692134276032448,0.8703294992446899,0.9931095838546753,0.9919722080230713,0.9976857900619507
