epoch,accuracy,dice_coef,loss,lr,mean_io_u,precision,sensitivity,specificity,val_accuracy,val_dice_coef,val_loss,val_mean_io_u,val_precision,val_sensitivity,val_specificity
0,0.943411648273468,0.5164755582809448,0.49374184012413025,1e-04,0.7577019929885864,0.9500917196273804,0.9306033253669739,0.9838867783546448,0.9637976288795471,0.6418305039405823,0.3635101020336151,0.8192049264907837,0.9638933539390564,0.9627845287322998,0.9879757165908813
1,0.9665653109550476,0.6837769150733948,0.322700560092926,1e-04,0.8098633885383606,0.96647709608078,0.9658025503158569,0.9888359308242798,0.9667204022407532,0.7063549757003784,0.303817480802536,0.8090329170227051,0.9664715528488159,0.9660929441452026,0.9888308048248291
2,0.9709939360618591,0.7214036583900452,0.2874998450279236,1e-04,0.8307583928108215,0.9707493185997009,0.9703020453453064,0.9902549386024475,0.9727567434310913,0.7335556149482727,0.2762066423892975,0.8962302207946777,0.9724361300468445,0.9722545146942139,0.9908161163330078
3,0.9758749008178711,0.7514730095863342,0.2562783360481262,1e-04,0.85024493932724,0.9755460619926453,0.9752845764160156,0.9918515086174011,0.9755749702453613,0.7402142286300659,0.2773261070251465,0.8917578458786011,0.975277841091156,0.9751249551773071,0.9917618036270142
4,0.9777565002441406,0.7689310908317566,0.24050366878509521,1e-04,0.8612543344497681,0.9774289727210999,0.9772502779960632,0.992478609085083,0.9770239591598511,0.7478234171867371,0.2614681124687195,0.9017435312271118,0.9767227172851562,0.9765812754631042,0.9922465085983276
5,0.980459988117218,0.7824183106422424,0.22782395780086517,1e-04,0.870818018913269,0.9801017642021179,0.9799822568893433,0.9933686256408691,0.9780262112617493,0.7624232769012451,0.24056681990623474,0.8121426105499268,0.9776708483695984,0.9773914813995361,0.9925618767738342
6,0.9803659319877625,0.780377984046936,0.23139844834804535,1e-04,0.8709360361099243,0.9800394773483276,0.9799124002456665,0.9933500289916992,0.9807619452476501,0.7882460951805115,0.22562626004219055,0.9023270606994629,0.9804403781890869,0.9803939461708069,0.993483304977417
7,0.9814296364784241,0.7909591794013977,0.2192719578742981,1e-04,0.865202784538269,0.981099009513855,0.9809974431991577,0.9937012195587158,0.9814324378967285,0.7780351638793945,0.23930400609970093,0.9176597595214844,0.9811362028121948,0.9810997843742371,0.9937142729759216
8,0.9831704497337341,0.7997195720672607,0.21133455634117126,1e-04,0.8780235052108765,0.9828287959098816,0.9827401041984558,0.994277834892273,0.9823570251464844,0.7982550263404846,0.21329107880592346,0.8914938569068909,0.9820335507392883,0.9819690585136414,0.9940145015716553
9,0.9829957485198975,0.808100163936615,0.20937301218509674,1e-04,0.8705332279205322,0.9826523065567017,0.9825728535652161,0.9942201972007751,0.9815955758094788,0.7863478064537048,0.22424565255641937,0.8385543823242188,0.9812523722648621,0.981214702129364,0.9937524795532227
10,0.9823892116546631,0.7972540855407715,0.21562141180038452,1e-04,0.8573952913284302,0.9820454716682434,0.9819844961166382,0.9940172433853149,0.9785716533660889,0.7939295768737793,0.2195107787847519,0.8466827273368835,0.97825026512146,0.9782217144966125,0.9927535653114319
11,0.9868413805961609,0.8395349383354187,0.1764729619026184,2e-05,0.8913817405700684,0.986443281173706,0.9864046573638916,0.9954835176467896,0.9845190644264221,0.81695955991745,0.19994287192821503,0.9113550186157227,0.9841892123222351,0.9841811656951904,0.9947336316108704
12,0.987667441368103,0.8486012816429138,0.17099253833293915,2e-05,0.9164830446243286,0.9873223304748535,0.9873120784759521,0.9957760572433472,0.9834718704223633,0.814002513885498,0.21198663115501404,0.9175916910171509,0.9831705093383789,0.9831821322441101,0.9943932890892029
13,0.9875966310501099,0.8594603538513184,0.15340377390384674,2e-05,0.9181114435195923,0.9872479438781738,0.9872612953186035,0.9957519769668579,0.985101044178009,0.8252588510513306,0.19322200119495392,0.9249436855316162,0.9847931861877441,0.9848161339759827,0.9949356317520142
14,0.987348198890686,0.8512405157089233,0.1642455905675888,2e-05,0.9127258062362671,0.987014889717102,0.9870339632034302,0.995673656463623,0.9846330881118774,0.8224824666976929,0.19607406854629517,0.885595977306366,0.9843190908432007,0.9843447208404541,0.9947758913040161
15,0.9884355068206787,0.8612500429153442,0.14755919575691223,2e-05,0.9091919660568237,0.9880771636962891,0.9880961775779724,0.996028482913971,0.9851240515708923,0.826324999332428,0.19189131259918213,0.9105421304702759,0.984809398651123,0.984836995601654,0.9949398040771484
16,0.9883816242218018,0.859734296798706,0.1490882933139801,2e-05,0.9090801477432251,0.988024115562439,0.9880402088165283,0.9960108399391174,0.9851716756820679,0.8290970921516418,0.188680499792099,0.9145559072494507,0.9848679900169373,0.9848922491073608,0.9949583411216736
17,0.9883323311805725,0.8615895509719849,0.14686115086078644,2e-05,0.9015272855758667,0.9879890084266663,0.9880083203315735,0.9959976077079773,0.983818769454956,0.8186503648757935,0.19777917861938477,0.902488112449646,0.9835246205329895,0.983555257320404,0.9945115447044373
18,0.9888913035392761,0.8623784780502319,0.1461312472820282,2e-05,0.9051110744476318,0.9885368347167969,0.988560140132904,0.9961807727813721,0.9848321080207825,0.8245674967765808,0.19297681748867035,0.8994807004928589,0.9845424294471741,0.9845699667930603,0.9948500394821167
19,0.9894617199897766,0.8695734739303589,0.13740156590938568,4e-06,0.8999905586242676,0.9891139268875122,0.9891393184661865,0.996372401714325,0.9851667881011963,0.825103759765625,0.18861638009548187,0.9036773443222046,0.9848744869232178,0.9849019646644592,0.9949601292610168
20,0.9895392060279846,0.8700758814811707,0.13924984633922577,4e-06,0.8979958295822144,0.9891793727874756,0.9892027378082275,0.9963943362236023,0.9853087663650513,0.8285189270973206,0.18558086454868317,0.9056922197341919,0.9850199222564697,0.9850471615791321,0.9950107932090759
21,0.9899328351020813,0.8725183010101318,0.13390415906906128,4e-06,0.9019525051116943,0.989585816860199,0.9896128177642822,0.9965314269065857,0.9853267669677734,0.8280056118965149,0.1871069222688675,0.9071455001831055,0.9850431680679321,0.9850745797157288,0.9950169324874878
22,0.989876925945282,0.8759885430335999,0.13099949061870575,4e-06,0.8970116376876831,0.9895253777503967,0.9895492792129517,0.9965107440948486,0.9855673313140869,0.8289795517921448,0.18470913171768188,0.9017389416694641,0.9852755665779114,0.9853042960166931,0.995094358921051
23,0.9900459051132202,0.8770390748977661,0.12856271862983704,4e-06,0.9033505916595459,0.9896913766860962,0.9897172451019287,0.9965658187866211,0.9855403900146484,0.8289600610733032,0.18552887439727783,0.9132264852523804,0.9852480292320251,0.9852791428565979,0.9950857758522034
24,0.9898842573165894,0.8817619681358337,0.1250348538160324,4e-06,0.8990322351455688,0.9895192384719849,0.9895458221435547,0.9965073466300964,0.9855566620826721,0.8323984146118164,0.18306945264339447,0.9030046463012695,0.9852632284164429,0.9852923154830933,0.995090126991272
25,0.9901838302612305,0.8819485902786255,0.12419259548187256,4e-06,0.9018451571464539,0.9898305535316467,0.9898569583892822,0.9966123104095459,0.9855125546455383,0.8316781520843506,0.18507392704486847,0.9116265773773193,0.9852240085601807,0.9852555394172668,0.9950769543647766
26,0.9898595213890076,0.8771302103996277,0.12851855158805847,4e-06,0.8978551626205444,0.9894953966140747,0.989518404006958,0.9964991211891174,0.9854889512062073,0.8300849199295044,0.18474696576595306,0.9058675169944763,0.9851950407028198,0.9852262735366821,0.9950684309005737
27,0.9901930689811707,0.8822134733200073,0.12263844907283783,1e-06,0.9028213024139404,0.989833414554596,0.9898598790168762,0.9966127872467041,0.9856599569320679,0.8307461738586426,0.18343043327331543,0.9091560244560242,0.9853671193122864,0.9853970408439636,0.9951252341270447
28,0.9902665019035339,0.8791985511779785,0.12504681944847107,1e-06,0.9000506401062012,0.989895224571228,0.9899215698242188,0.9966327548027039,0.9855649471282959,0.8304881453514099,0.18297486007213593,0.9095051288604736,0.9852721691131592,0.9853017926216125,0.9950939416885376
29,0.9900860786437988,0.8791059851646423,0.12684699892997742,1e-06,0.9041630625724792,0.9897257089614868,0.9897496700286865,0.9965760707855225,0.9856646656990051,0.8309285044670105,0.1827809363603592,0.9106600284576416,0.9853684306144714,0.9853965044021606,0.9951257109642029
30,0.9902326464653015,0.8844963312149048,0.12185557931661606,1e-06,0.9052280187606812,0.9898610711097717,0.9898849725723267,0.9966223239898682,0.9857320785522461,0.8310713768005371,0.18286728858947754,0.9131824970245361,0.9854342937469482,0.9854617714881897,0.9951475858688354
