epoch,accuracy,dice_coef,loss,lr,mean_io_u,precision,sensitivity,specificity,val_accuracy,val_dice_coef,val_loss,val_mean_io_u,val_precision,val_sensitivity,val_specificity
0,0.9428173899650574,0.40108203887939453,0.16747355461120605,1e-04,0.6558068990707397,0.9654347896575928,0.9110867381095886,0.9897014498710632,0.9555400609970093,0.4743574261665344,0.12416590750217438,0.6832637786865234,0.9751704931259155,0.9337913990020752,0.9914495348930359
1,0.9587703943252563,0.505066990852356,0.10850057005882263,1e-04,0.6920134425163269,0.9723879098892212,0.9434967637062073,0.9906366467475891,0.9622464776039124,0.520752489566803,0.10167527198791504,0.7775627374649048,0.9792857766151428,0.9464699029922485,0.992779016494751
2,0.9676066040992737,0.5712944865226746,0.08662853389978409,1e-04,0.781578540802002,0.9747336506843567,0.9576127529144287,0.9914469122886658,0.9638131856918335,0.5642744898796082,0.10004126280546188,0.7493679523468018,0.9695176482200623,0.955051064491272,0.9897727370262146
3,0.975106418132782,0.6410967707633972,0.0672159418463707,1e-04,0.8080790042877197,0.9784305095672607,0.9682196378707886,0.992709755897522,0.9694329500198364,0.6459476351737976,0.08386165648698807,0.7816876173019409,0.9721208810806274,0.9634270668029785,0.9906919598579407
4,0.9803905487060547,0.6897669434547424,0.05333405360579491,1e-04,0.8230177164077759,0.981488049030304,0.975348949432373,0.9937678575515747,0.9667000770568848,0.6201682090759277,0.11403943598270416,0.839943528175354,0.9681272506713867,0.9632525444030762,0.9893551468849182
5,0.9808399677276611,0.7019120454788208,0.052606161683797836,1e-04,0.816443920135498,0.9818350672721863,0.9759637713432312,0.9938865900039673,0.9660607576370239,0.6344467401504517,0.09284128993749619,0.6049226522445679,0.9703571200370789,0.9588416814804077,0.9901062846183777
6,0.985622763633728,0.7398894429206848,0.039156485348939896,2e-05,0.8371940851211548,0.9853563904762268,0.9815673232078552,0.995061993598938,0.9759477972984314,0.6999108195304871,0.07401324063539505,0.8588241338729858,0.9766179919242859,0.9720168113708496,0.992184579372406
7,0.9879112839698792,0.7627613544464111,0.03281668946146965,2e-05,0.8689607381820679,0.9870310425758362,0.9844262003898621,0.9956303238868713,0.9760661721229553,0.7038584351539612,0.07475894689559937,0.8617141246795654,0.9765755534172058,0.9722616076469421,0.9921648502349854
8,0.9886372685432434,0.7740660309791565,0.030742043629288673,2e-05,0.8739981651306152,0.9875531196594238,0.9852346181869507,0.9958063960075378,0.9766098260879517,0.7060835957527161,0.07520939409732819,0.8698599338531494,0.9770057201385498,0.9730139374732971,0.992304801940918
9,0.9899526834487915,0.7864712476730347,0.02740023471415043,4e-06,0.8796687126159668,0.9885842204093933,0.9866361618041992,0.996157169342041,0.9767497777938843,0.7105699777603149,0.07797762006521225,0.8711186647415161,0.9769030213356018,0.9734329581260681,0.9922800660133362
10,0.9900785684585571,0.7896597385406494,0.027028609067201614,4e-06,0.8829092383384705,0.9887288212776184,0.9868370890617371,0.9962056875228882,0.9767745137214661,0.7106263041496277,0.0781586766242981,0.8672629594802856,0.9769166111946106,0.9734241366386414,0.9922817349433899
11,0.9901975989341736,0.7894821166992188,0.02669689990580082,1e-06,0.8806289434432983,0.9887588024139404,0.9868915677070618,0.9962133765220642,0.9768387675285339,0.711691677570343,0.07902885228395462,0.8701744675636292,0.9769080877304077,0.9735663533210754,0.9922829270362854
12,0.9904106855392456,0.7902929186820984,0.02617662586271763,1e-06,0.8822211027145386,0.9889451861381531,0.9871813058853149,0.996279239654541,0.9768779873847961,0.7123504877090454,0.08070578426122665,0.8726931810379028,0.9768643379211426,0.9737296104431152,0.9922662377357483
13,0.9903209805488586,0.7929667234420776,0.026366477832198143,1e-06,0.8832595348358154,0.9888684749603271,0.987097978591919,0.9962533712387085,0.9768859148025513,0.7123143076896667,0.0806480124592781,0.8724734783172607,0.9768809080123901,0.9737159013748169,0.9922716021537781
14,0.9905679821968079,0.7937982082366943,0.025838389992713928,1e-06,0.8838285803794861,0.9891051650047302,0.9873713850975037,0.9963288307189941,0.9768566489219666,0.7129185795783997,0.08165635913610458,0.8728278279304504,0.9768118262290955,0.9737434387207031,0.9922491312026978
15,0.9907313585281372,0.7954878211021423,0.02520427294075489,1e-06,0.8841077089309692,0.9891956448554993,0.987618625164032,0.9963634610176086,0.9769048094749451,0.7136057615280151,0.08097220957279205,0.8716527223587036,0.976848840713501,0.9737831354141235,0.992262601852417
16,0.9905062317848206,0.7936672568321228,0.0258234441280365,1e-06,0.8827801942825317,0.9889923334121704,0.9873196482658386,0.9962930679321289,0.9769331216812134,0.7131640315055847,0.08100926876068115,0.873515248298645,0.9769048094749451,0.9738003015518188,0.9922800660133362
17,0.9906234741210938,0.7926685214042664,0.02562800608575344,1e-06,0.8847039341926575,0.9891151189804077,0.9874685406684875,0.9963347911834717,0.976889431476593,0.7139934301376343,0.0820537656545639,0.873773455619812,0.9767914414405823,0.9738439917564392,0.9922460913658142
18,0.9905639886856079,0.7924773097038269,0.02576499991118908,1e-06,0.8846874237060547,0.9890498518943787,0.9874042868614197,0.9963154792785645,0.9770135879516602,0.714295506477356,0.08130285888910294,0.874142050743103,0.9769278764724731,0.9739453196525574,0.992289662361145
19,0.9906224012374878,0.7953396439552307,0.025606509298086166,1e-06,0.8845086097717285,0.9891023635864258,0.9874245524406433,0.9963296055793762,0.9770427346229553,0.7147089838981628,0.08110610395669937,0.87526535987854,0.9769598245620728,0.9740045666694641,0.9922997951507568
20,0.9906831383705139,0.7973290085792542,0.025364773347973824,1e-06,0.883843183517456,0.9890959858894348,0.9875312447547913,0.9963311553001404,0.9771114587783813,0.7151362895965576,0.07997268438339233,0.8726527690887451,0.9770443439483643,0.9740243554115295,0.9923257827758789
21,0.9909794330596924,0.8041030168533325,0.024766648188233376,1e-06,0.8852938413619995,0.9893642067909241,0.9878308773040771,0.9964167475700378,0.977036714553833,0.7149255871772766,0.08136049658060074,0.8737297058105469,0.976947546005249,0.9739875793457031,0.9922940135002136
22,0.9908751845359802,0.801367461681366,0.024971943348646164,1e-06,0.8844642639160156,0.9892780184745789,0.9876888394355774,0.9963886737823486,0.9771378040313721,0.7155928015708923,0.08187831938266754,0.8769624829292297,0.9770491719245911,0.9741193652153015,0.9923272728919983
23,0.9910026788711548,0.8000829219818115,0.024659989401698112,1e-06,0.8869985342025757,0.9894270300865173,0.9879199862480164,0.9964426755905151,0.977027177810669,0.7141824960708618,0.08251475542783737,0.8756199479103088,0.9769781231880188,0.973980724811554,0.992303192615509
24,0.9907461404800415,0.80121910572052,0.025306658819317818,1e-06,0.8839536309242249,0.989164412021637,0.9875802993774414,0.9963507652282715,0.9770532250404358,0.7152089476585388,0.0806947872042656,0.8726552724838257,0.9770084619522095,0.9739680886268616,0.992315411567688
25,0.9910883903503418,0.803618311882019,0.024461813271045685,1e-06,0.886796236038208,0.9894778728485107,0.987982451915741,0.9964576363563538,0.9771093130111694,0.7157873511314392,0.08232128620147705,0.8749347925186157,0.9769974946975708,0.9741213321685791,0.9923120141029358
26,0.9910241961479187,0.8062150478363037,0.024607062339782715,1e-06,0.886797308921814,0.9893761277198792,0.9878708124160767,0.9964209198951721,0.9771016240119934,0.7158255577087402,0.08229468017816544,0.8763192892074585,0.9769788980484009,0.9740961790084839,0.9923064708709717
27,0.9911871552467346,0.8056169152259827,0.024293556809425354,1e-06,0.8860819339752197,0.9895409345626831,0.988058865070343,0.996475875377655,0.9770366549491882,0.7166152596473694,0.08259768038988113,0.8757585287094116,0.976882815361023,0.9740942716598511,0.9922751784324646
28,0.9910808801651001,0.8056914210319519,0.024550164118409157,1e-06,0.8866996765136719,0.9894351959228516,0.9879704117774963,0.9964410066604614,0.9771426916122437,0.7160545587539673,0.08246175944805145,0.8766332864761353,0.9769996404647827,0.9741742014884949,0.992314338684082
29,0.9912048578262329,0.8067277073860168,0.024215636774897575,1e-06,0.8852460384368896,0.9895526766777039,0.9880837202072144,0.9964824914932251,0.9770788550376892,0.7163892984390259,0.08373980969190598,0.8778643608093262,0.9769042134284973,0.9741482734680176,0.9922857284545898
30,0.9911876916885376,0.8041935563087463,0.02416604571044445,1e-06,0.8859068155288696,0.9895273447036743,0.9880954027175903,0.9964746832847595,0.9771130681037903,0.716655433177948,0.08320393413305283,0.8767730593681335,0.9769413471221924,0.9741694927215576,0.9922959208488464
31,0.9913575649261475,0.8062124252319336,0.023780958727002144,1e-06,0.8862148523330688,0.9896380305290222,0.9882578253746033,0.9965123534202576,0.9769315719604492,0.7158699035644531,0.08510435372591019,0.877517819404602,0.976739227771759,0.9740402698516846,0.9922309517860413
32,0.9913699626922607,0.8087766170501709,0.023731941357254982,1e-06,0.8879534006118774,0.9896551370620728,0.9882469773292542,0.9965133666992188,0.9771401882171631,0.7167218923568726,0.08288771659135818,0.878252387046814,0.9769980907440186,0.9741873145103455,0.9923151135444641
33,0.9912600517272949,0.8032956719398499,0.02408546954393387,1e-06,0.8898905515670776,0.9895598292350769,0.9881619811058044,0.99648517370224,0.9771527051925659,0.7166875004768372,0.08394031971693039,0.8778042793273926,0.9769629836082458,0.9742369055747986,0.9923033118247986
34,0.9912542104721069,0.8069974184036255,0.024044521152973175,1e-06,0.8882637023925781,0.9895521402359009,0.9881139397621155,0.9964818358421326,0.9772380590438843,0.7175834774971008,0.08182937651872635,0.8767860531806946,0.9770800471305847,0.9743043780326843,0.9923446178436279
35,0.9913681149482727,0.8063105940818787,0.02374573051929474,1e-06,0.8867641687393188,0.989648699760437,0.9882662892341614,0.9965166449546814,0.9771028161048889,0.7170802354812622,0.08561916649341583,0.8784595727920532,0.9768605828285217,0.9742563962936401,0.9922727942466736
36,0.9915438890457153,0.8081161975860596,0.0233285091817379,1e-06,0.888396680355072,0.9898247122764587,0.9884763360023499,0.9965715408325195,0.977145254611969,0.7178052067756653,0.08384425938129425,0.8767882585525513,0.9769253730773926,0.9742693305015564,0.992292582988739
37,0.9913838505744934,0.8112626671791077,0.023709222674369812,1e-06,0.8869403600692749,0.9896416664123535,0.9882925748825073,0.9965125918388367,0.9772173166275024,0.7182114720344543,0.08480358868837357,0.8789148330688477,0.9769749641418457,0.9743867516517639,0.9923093318939209
38,0.9915319681167603,0.8086454272270203,0.023233259096741676,1e-06,0.8877575397491455,0.9897540211677551,0.9884607195854187,0.9965525269508362,0.9771855473518372,0.7184892296791077,0.08423878252506256,0.8794893622398376,0.9769613742828369,0.9743441939353943,0.9923052787780762
39,0.9916251301765442,0.8109710812568665,0.023118995130062103,1e-06,0.8910739421844482,0.9898877739906311,0.9886046051979065,0.9965964555740356,0.9772009253501892,0.7181969285011292,0.08401893079280853,0.8785147070884705,0.9769712090492249,0.974348783493042,0.992308497428894
40,0.9916130304336548,0.8084063529968262,0.023171454668045044,1e-06,0.8889051675796509,0.9898464679718018,0.9885572791099548,0.99658203125,0.9772180914878845,0.7187073826789856,0.08475752174854279,0.878855288028717,0.9769563674926758,0.97441166639328,0.9923027753829956
41,0.9915016293525696,0.813602089881897,0.02328895404934883,1e-06,0.8878401517868042,0.9897355437278748,0.9883962273597717,0.9965429902076721,0.9772996306419373,0.7192328572273254,0.08368118852376938,0.8791576623916626,0.9770553708076477,0.9744516015052795,0.9923386573791504
42,0.9916795492172241,0.8135221600532532,0.022967034950852394,1e-06,0.8893718719482422,0.9898748397827148,0.9885966777801514,0.9965897798538208,0.9772776961326599,0.7187938690185547,0.08468206226825714,0.8799519538879395,0.9770378470420837,0.9744607210159302,0.9923307299613953
43,0.9918037056922913,0.8125514388084412,0.022607343271374702,1e-06,0.8893271684646606,0.9899808168411255,0.9887544512748718,0.9966268539428711,0.9772024750709534,0.7189970016479492,0.08431939780712128,0.879040002822876,0.9769600629806519,0.9743839502334595,0.9923017024993896
44,0.9917433261871338,0.8168058395385742,0.022803418338298798,1e-06,0.8899351954460144,0.9899192452430725,0.9887039065361023,0.9966049194335938,0.977250874042511,0.7189531922340393,0.08481984585523605,0.8804050087928772,0.976977527141571,0.9744440913200378,0.9923120141029358
45,0.9917114973068237,0.8131342530250549,0.02289006859064102,1e-06,0.8905550241470337,0.989889919757843,0.9886488318443298,0.9965953230857849,0.9771410822868347,0.7190877795219421,0.08602438867092133,0.8810139894485474,0.9768732190132141,0.9743777513504028,0.9922763705253601
46,0.9917083978652954,0.814641535282135,0.02286589704453945,1e-06,0.8899223804473877,0.989865243434906,0.9886415004730225,0.9965880513191223,0.9772841930389404,0.7192507982254028,0.08466372638940811,0.8801999688148499,0.9770268797874451,0.9744820594787598,0.9923278093338013
47,0.9919145107269287,0.8162332773208618,0.022369716316461563,1e-06,0.890378475189209,0.9900848269462585,0.9888983964920044,0.9966636896133423,0.9772131443023682,0.7191355228424072,0.08530924469232559,0.8797123432159424,0.9769548177719116,0.9744148850440979,0.9923045635223389
48,0.9918115139007568,0.8146737813949585,0.022723272442817688,1e-06,0.8908923864364624,0.9899820685386658,0.9887617230415344,0.996626615524292,0.9773011207580566,0.7198702692985535,0.08521392196416855,0.8798106908798218,0.9770235419273376,0.9745118021965027,0.9923284649848938
49,0.9918626546859741,0.8135339617729187,0.02243589051067829,1e-06,0.8912913799285889,0.990022599697113,0.9888352155685425,0.9966423511505127,0.9771793484687805,0.719639003276825,0.08704836666584015,0.8813976049423218,0.9768630862236023,0.97446608543396,0.9922734498977661
50,0.9918873310089111,0.8178810477256775,0.022367816418409348,1e-06,0.892449140548706,0.9900450706481934,0.9888518452644348,0.9966508150100708,0.9771682620048523,0.7192766666412354,0.0878392904996872,0.8833281993865967,0.976861834526062,0.9744635820388794,0.9922716021537781
51,0.9919257164001465,0.814802885055542,0.022320009768009186,1e-06,0.891599178314209,0.9900539517402649,0.9889094233512878,0.9966536164283752,0.9772598147392273,0.7200309634208679,0.08537286520004272,0.8816494941711426,0.9769600033760071,0.9745165705680847,0.9923062324523926
52,0.991857647895813,0.8192681074142456,0.022564424201846123,1e-06,0.8921204805374146,0.9900089502334595,0.9887965321540833,0.9966351389884949,0.9772567749023438,0.71922367811203,0.08646881580352783,0.882578432559967,0.9770088791847229,0.9744810461997986,0.992320716381073
53,0.9921254515647888,0.8158518075942993,0.021837370470166206,1e-06,0.8931958675384521,0.9902360439300537,0.9891189336776733,0.9967153668403625,0.9773455858230591,0.7205834984779358,0.08630077540874481,0.8829365372657776,0.9770430326461792,0.9746221899986267,0.992335319519043
54,0.9920356273651123,0.8207972645759583,0.022046931087970734,1e-06,0.8918538093566895,0.9901705980300903,0.9890179634094238,0.9966906309127808,0.9772772192955017,0.7202372550964355,0.08568718284368515,0.8810220956802368,0.9769766330718994,0.9745191335678101,0.9923156499862671
55,0.9921433925628662,0.8241360783576965,0.021814696490764618,1e-06,0.8930710554122925,0.9902675747871399,0.9891306161880493,0.9967236518859863,0.9772250056266785,0.7205715179443359,0.08643446862697601,0.8817980289459229,0.9769119024276733,0.9745240211486816,0.9922915101051331
56,0.9922239780426025,0.8232914209365845,0.021620742976665497,1e-06,0.8926551342010498,0.9903320074081421,0.9892452955245972,0.9967489242553711,0.9772475361824036,0.7218080163002014,0.08741804957389832,0.8824197053909302,0.9768747091293335,0.9746218919754028,0.9922825694084167
57,0.9920483827590942,0.8161067366600037,0.022053763270378113,1e-06,0.891924262046814,0.9901357293128967,0.9890224933624268,0.9966828227043152,0.9773690104484558,0.7213047742843628,0.0868128165602684,0.8840246796607971,0.9770186543464661,0.9746941328048706,0.9923290610313416
58,0.9922046065330505,0.8224507570266724,0.021610498428344727,1e-06,0.8938592672348022,0.990303099155426,0.9892077445983887,0.9967378973960876,0.9773604869842529,0.7214205265045166,0.0869242399930954,0.8838013410568237,0.9770185947418213,0.9746757745742798,0.9923291206359863
59,0.9920876026153564,0.8197839856147766,0.02192435972392559,1e-06,0.8936957716941833,0.990209698677063,0.989093542098999,0.9967069029808044,0.9772745370864868,0.721078097820282,0.088797427713871,0.8848960399627686,0.9769195914268494,0.9746440649032593,0.9922940135002136
60,0.992149293422699,0.8219602108001709,0.021747339516878128,1e-06,0.8932199478149414,0.9902234077453613,0.9891660213470459,0.9967136383056641,0.9773622155189514,0.7213809490203857,0.08688284456729889,0.8843966126441956,0.9770209193229675,0.9746949076652527,0.9923282265663147
61,0.9922752380371094,0.8214380145072937,0.021434210240840912,1e-06,0.8943490386009216,0.9903488159179688,0.9892880320549011,0.996751070022583,0.977379560470581,0.7218964099884033,0.0877346321940422,0.8848655223846436,0.9770134687423706,0.9747349619865417,0.992328941822052
62,0.992382287979126,0.8244101405143738,0.02120986208319664,1e-06,0.8942629098892212,0.990449070930481,0.9894165992736816,0.9967859387397766,0.9772957563400269,0.7214575409889221,0.08781765401363373,0.8846693634986877,0.9769349694252014,0.9746407270431519,0.9923035502433777
63,0.9923088550567627,0.825066864490509,0.02131885290145874,1e-06,0.8950911164283752,0.9903772473335266,0.9893321394920349,0.9967629909515381,0.9773970246315002,0.7218276858329773,0.08833266794681549,0.8865268230438232,0.9770237803459167,0.9747769236564636,0.9923306107521057
64,0.9923268556594849,0.8221535086631775,0.021352963522076607,1e-06,0.8944037556648254,0.9904037714004517,0.989361047744751,0.9967696070671082,0.9773355722427368,0.7224040627479553,0.08791561424732208,0.8838819265365601,0.9769446849822998,0.9747198820114136,0.9923078417778015
65,0.9922420978546143,0.8242840766906738,0.02149903029203415,1e-06,0.8949012756347656,0.9903116822242737,0.9892461895942688,0.9967384338378906,0.9772962331771851,0.7214699983596802,0.08891407400369644,0.8863421082496643,0.9769250154495239,0.9746724367141724,0.99229896068573
66,0.9924664497375488,0.8252984881401062,0.020976075902581215,1e-06,0.8961244821548462,0.9905394315719604,0.9895099997520447,0.9968147277832031,0.9772738814353943,0.7214164733886719,0.08813365548849106,0.8847712278366089,0.9769129753112793,0.9746321439743042,0.9922965168952942
67,0.9924077391624451,0.8284164667129517,0.021180134266614914,1e-06,0.894279956817627,0.9904072284698486,0.9893808960914612,0.9967731237411499,0.977301299571991,0.7219520211219788,0.09013724327087402,0.8867357969284058,0.9769225120544434,0.974716067314148,0.9922994375228882
68,0.9924939870834351,0.8294209837913513,0.02089204639196396,1e-06,0.8957152962684631,0.9905030131340027,0.9895099997520447,0.9968075752258301,0.9773233532905579,0.7222483158111572,0.08823683112859726,0.8855078220367432,0.9769405722618103,0.9747175574302673,0.9923071265220642
69,0.9924144744873047,0.8257491588592529,0.021063754335045815,1e-06,0.8955436944961548,0.9904589056968689,0.9894541501998901,0.9967889785766602,0.9773414134979248,0.7225273251533508,0.08940475434064865,0.8859436511993408,0.9769330024719238,0.9747626185417175,0.992303192615509
70,0.9924129247665405,0.8257860541343689,0.021085994318127632,1e-06,0.894722580909729,0.9904072284698486,0.9894139170646667,0.9967755675315857,0.9773591160774231,0.722522497177124,0.08988532423973083,0.8868159055709839,0.976948082447052,0.9747737646102905,0.9923068881034851
71,0.9924389719963074,0.8261252045631409,0.021006548777222633,1e-06,0.8971381187438965,0.9904582500457764,0.9894623756408691,0.9967911243438721,0.9773532748222351,0.7220314145088196,0.08897358179092407,0.8859907388687134,0.976976215839386,0.9747368097305298,0.9923155307769775
72,0.9924620985984802,0.825907826423645,0.02094685100018978,1e-06,0.896282434463501,0.9904837608337402,0.9894952178001404,0.9967991709709167,0.9773487448692322,0.7226299047470093,0.0899467021226883,0.8877524137496948,0.9769408106803894,0.9747907519340515,0.9923046231269836
73,0.9924319982528687,0.8215146064758301,0.021117977797985077,1e-06,0.89657062292099,0.9904308319091797,0.9894571304321289,0.9967827200889587,0.9773694276809692,0.7222355008125305,0.0885622650384903,0.8860489130020142,0.9769899845123291,0.9747387170791626,0.9923220872879028
74,0.9926795363426208,0.8301090002059937,0.02042452245950699,1e-06,0.8960790634155273,0.9906841516494751,0.9897482395172119,0.996868371963501,0.9772807359695435,0.7224229574203491,0.08910512179136276,0.8855502605438232,0.976881206035614,0.9746972322463989,0.9922861456871033
75,0.9926503896713257,0.8258856534957886,0.020459836348891258,1e-06,0.8957304954528809,0.9906362891197205,0.9897091388702393,0.9968525171279907,0.9773920774459839,0.7236427664756775,0.0905630886554718,0.8874714374542236,0.9769608974456787,0.9748698472976685,0.9923135042190552
76,0.9926378130912781,0.8297410607337952,0.02047182433307171,1e-06,0.8970587253570557,0.9906147122383118,0.989691436290741,0.9968442916870117,0.9773322343826294,0.7229427099227905,0.09251855313777924,0.8888888955116272,0.9768882393836975,0.9748287796974182,0.9922893643379211
77,0.992682158946991,0.8269312381744385,0.02043798193335533,1e-06,0.8980064392089844,0.9906901121139526,0.9897673726081848,0.9968703389167786,0.9773887395858765,0.7232898473739624,0.09023380279541016,0.8869314193725586,0.976977527141571,0.9748251438140869,0.9923193454742432
78,0.9926790595054626,0.8287655115127563,0.02037375047802925,1e-06,0.8960909843444824,0.9906590580940247,0.9897415637969971,0.996859610080719,0.9772925972938538,0.7229104042053223,0.09081099927425385,0.8869200944900513,0.9768829941749573,0.9747505187988281,0.992289662361145
79,0.9927423596382141,0.8278895616531372,0.020256681367754936,1e-06,0.897102415561676,0.9907410144805908,0.9898276925086975,0.9968861937522888,0.9772154688835144,0.7224482893943787,0.09204127639532089,0.8877841234207153,0.9768062829971313,0.9746914505958557,0.9922623038291931
80,0.9926828145980835,0.8307200074195862,0.0203548613935709,1e-06,0.8967108726501465,0.9906472563743591,0.9897450804710388,0.9968550205230713,0.9773352146148682,0.7235227823257446,0.09141245484352112,0.8881855607032776,0.9769129753112793,0.9748267531394958,0.9922968745231628
81,0.9926432967185974,0.8283558487892151,0.020542878657579422,1e-06,0.8970091342926025,0.9905994534492493,0.989679753780365,0.9968366622924805,0.9774205088615417,0.7231702208518982,0.08985107392072678,0.8873579502105713,0.9770165085792542,0.9748414158821106,0.9923310875892639
82,0.9928637146949768,0.8322228193283081,0.019996032118797302,1e-06,0.8985592126846313,0.9908460378646851,0.989946722984314,0.9969232678413391,0.9773950576782227,0.7235881686210632,0.09117687493562698,0.8884619474411011,0.9769690036773682,0.9748696684837341,0.9923160076141357
83,0.9926021099090576,0.8325678706169128,0.020604440942406654,1e-06,0.8992716670036316,0.990553617477417,0.9896043539047241,0.996822714805603,0.9774226546287537,0.7230779528617859,0.09042378515005112,0.8886310458183289,0.9770022630691528,0.9748483896255493,0.9923259019851685
84,0.9928364157676697,0.8323973417282104,0.020029937848448753,1e-06,0.8974481225013733,0.9907857775688171,0.9899032711982727,0.9969027638435364,0.977369487285614,0.7237148284912109,0.0921020433306694,0.8886644244194031,0.976905107498169,0.9748684167861938,0.9922953844070435
85,0.9928125143051147,0.829778254032135,0.020029403269290924,1e-06,0.8976881504058838,0.9907851815223694,0.9898973107337952,0.9969006776809692,0.9774456024169922,0.7243104577064514,0.09164387732744217,0.8889497518539429,0.9769942760467529,0.9749244451522827,0.9923241138458252
86,0.9927663207054138,0.833781361579895,0.02017439529299736,1e-06,0.8986648321151733,0.9907434582710266,0.9898258447647095,0.9968850612640381,0.9773377180099487,0.7236830592155457,0.0927199199795723,0.8895264863967896,0.9768867492675781,0.9748497605323792,0.9922899007797241
87,0.9927681088447571,0.8344728946685791,0.020168498158454895,1e-06,0.8985989689826965,0.9907269477844238,0.9898200035095215,0.9968855381011963,0.9773706793785095,0.7236971259117126,0.09175390005111694,0.8892011642456055,0.9769482612609863,0.9748534560203552,0.9923089146614075
88,0.992763340473175,0.830950140953064,0.020213868468999863,1e-06,0.8984899520874023,0.9907186627388,0.9898155331611633,0.9968788027763367,0.9773831367492676,0.7235302329063416,0.09105578064918518,0.8883570432662964,0.976966917514801,0.9748393893241882,0.9923137426376343
89,0.9927616715431213,0.8317631483078003,0.02017906866967678,1e-06,0.897308886051178,0.9907163381576538,0.9898393154144287,0.9968804717063904,0.9774406552314758,0.7243167161941528,0.09022505581378937,0.8877089023590088,0.9769958257675171,0.9749220609664917,0.992323637008667
90,0.9929854273796082,0.8386178612709045,0.01965327002108097,1e-06,0.8989054560661316,0.9908927083015442,0.9900267720222473,0.9969385266304016,0.9774467349052429,0.7244102358818054,0.09175696223974228,0.8893560171127319,0.9770015478134155,0.974956750869751,0.9923239350318909
91,0.9929064512252808,0.8341456651687622,0.019863085821270943,1e-06,0.8991837501525879,0.9908338785171509,0.9899815320968628,0.9969202280044556,0.9774356484413147,0.7242487668991089,0.0925183966755867,0.8899431824684143,0.9769785404205322,0.9749408960342407,0.9923185706138611
92,0.9928159713745117,0.836976170539856,0.02006560191512108,1e-06,0.8983404636383057,0.9907215237617493,0.9898371696472168,0.9968783259391785,0.9774690866470337,0.725138783454895,0.09239214658737183,0.8895655870437622,0.9769969582557678,0.9750081896781921,0.9923269748687744
93,0.9928385615348816,0.8355032205581665,0.020006520673632622,1e-06,0.8986506462097168,0.9907675385475159,0.9898673295974731,0.996894121170044,0.9774662256240845,0.7250659465789795,0.09232756495475769,0.8902724981307983,0.9769885540008545,0.9750005602836609,0.9923237562179565
94,0.9929729700088501,0.8335990905761719,0.01961655542254448,1e-06,0.8980495929718018,0.9908892512321472,0.9900638461112976,0.996939480304718,0.9773737788200378,0.7249183058738708,0.09419979900121689,0.8903869390487671,0.976887583732605,0.9749536514282227,0.9922904372215271
95,0.9928831458091736,0.8349392414093018,0.01991806924343109,1e-06,0.8979024887084961,0.9907894134521484,0.9899529218673706,0.9969030618667603,0.977454423904419,0.7254248261451721,0.09207459539175034,0.8889822363853455,0.9769753813743591,0.9749941229820251,0.9923191070556641
96,0.9929091930389404,0.8368151187896729,0.01988496258854866,1e-06,0.8994690179824829,0.990785539150238,0.989949643611908,0.9969030618667603,0.9774078130722046,0.7247985601425171,0.09156475216150284,0.8882081508636475,0.9769432544708252,0.9749270677566528,0.9923097491264343
97,0.9930170774459839,0.8345708250999451,0.019594203680753708,1e-06,0.8993902802467346,0.9909446835517883,0.9900996088981628,0.9969531297683716,0.9774913787841797,0.7255542278289795,0.09254571795463562,0.8901760578155518,0.9770044684410095,0.9750598073005676,0.9923286437988281
98,0.9929189682006836,0.8336331248283386,0.019811242818832397,1e-06,0.898530125617981,0.9908217191696167,0.9899975657463074,0.9969167709350586,0.9774245023727417,0.7249684929847717,0.09107545018196106,0.8890029191970825,0.9769853949546814,0.97492915391922,0.9923203587532043
99,0.9929832816123962,0.8360739350318909,0.019627416506409645,1e-06,0.8991574048995972,0.9908704161643982,0.9900318384170532,0.9969305992126465,0.9774265289306641,0.7255998253822327,0.09202715754508972,0.8893802762031555,0.9769542217254639,0.9749780297279358,0.9923120737075806
100,0.9930254817008972,0.8395487666130066,0.019502945244312286,1e-06,0.8978006839752197,0.9909107685089111,0.9900904893875122,0.9969429969787598,0.977458655834198,0.7261128425598145,0.09267713874578476,0.8894765377044678,0.9769654870033264,0.975038468837738,0.9923174381256104
101,0.9931343197822571,0.8375380635261536,0.019317710772156715,1e-06,0.9006267786026001,0.9910036325454712,0.9902127385139465,0.9969774484634399,0.9773900508880615,0.7255080342292786,0.09225499629974365,0.8894311189651489,0.9769185781478882,0.9749359488487244,0.9923006892204285
102,0.9930749535560608,0.837291419506073,0.01938542164862156,1e-06,0.9008854627609253,0.9909806847572327,0.990189254283905,0.9969664812088013,0.977332353591919,0.7250764966011047,0.09271858632564545,0.8896239995956421,0.9768610000610352,0.9748740792274475,0.9922809600830078
103,0.9931394457817078,0.8394912481307983,0.019195983186364174,1e-06,0.8990083932876587,0.991043746471405,0.9902495741844177,0.9969913959503174,0.9774062633514404,0.7258151173591614,0.09482468664646149,0.8917849063873291,0.976902186870575,0.9750008583068848,0.9922956228256226
104,0.993095874786377,0.8413430452346802,0.019338425248861313,1e-06,0.9003250598907471,0.9909772872924805,0.9901618957519531,0.9969655275344849,0.9774212837219238,0.7259625196456909,0.09338227659463882,0.8909739255905151,0.9769368171691895,0.9749890565872192,0.9923073053359985
105,0.9931665658950806,0.8389061093330383,0.019233455881476402,1e-06,0.8997625112533569,0.9910666346549988,0.9902464151382446,0.9969956278800964,0.9773787260055542,0.7258188724517822,0.09451707452535629,0.891614556312561,0.9768725037574768,0.9749747514724731,0.9922842979431152
106,0.9932246804237366,0.8412360548973083,0.01904091238975525,1e-06,0.900810182094574,0.9911073446273804,0.9903182983398438,0.9970107078552246,0.977553129196167,0.7269150614738464,0.09310633689165115,0.8902906775474548,0.9770254492759705,0.975135862827301,0.992336630821228
107,0.9931290149688721,0.8378894925117493,0.019196243956685066,1e-06,0.8994526267051697,0.9909963011741638,0.9902393817901611,0.9969756603240967,0.97745680809021,0.7269279360771179,0.09482748806476593,0.8920584917068481,0.976938009262085,0.9750826954841614,0.9923065900802612
108,0.9930900931358337,0.8409808874130249,0.01939246617257595,1e-06,0.8995893001556396,0.9909665584564209,0.990180253982544,0.9969664812088013,0.9774462580680847,0.7265900373458862,0.09465613961219788,0.8915255069732666,0.9769462943077087,0.975042462348938,0.9923104643821716
109,0.993113100528717,0.8389500975608826,0.019236907362937927,1e-06,0.9013241529464722,0.9910065531730652,0.9902203679084778,0.9969764351844788,0.9775081276893616,0.7268706560134888,0.09348839521408081,0.8911051750183105,0.9769969582557678,0.9750941395759583,0.9923259615898132
110,0.9932419061660767,0.8383466005325317,0.01900412142276764,1e-06,0.90073561668396,0.9911285638809204,0.9903470277786255,0.9970192313194275,0.9773420691490173,0.7262796759605408,0.09650453180074692,0.8907842040061951,0.9768186807632446,0.9749718904495239,0.9922677874565125
111,0.9933076500892639,0.8422990441322327,0.018856322392821312,1e-06,0.9018012285232544,0.9911990761756897,0.9904102087020874,0.9970408082008362,0.9774327278137207,0.7264791131019592,0.09289177507162094,0.8896796703338623,0.9769525527954102,0.974991500377655,0.9923124313354492
112,0.9931345582008362,0.8361415266990662,0.019180044531822205,1e-06,0.8999428749084473,0.9910169839859009,0.990254282951355,0.996984601020813,0.9774996042251587,0.7274414300918579,0.09359005093574524,0.8906149864196777,0.9769901037216187,0.9750989079475403,0.9923255443572998
113,0.9932262301445007,0.8389632105827332,0.01902064122259617,1e-06,0.9000946283340454,0.9910888075828552,0.9903425574302673,0.9970069527626038,0.9774336218833923,0.7269613742828369,0.09526509046554565,0.8910465240478516,0.9769003391265869,0.9750511646270752,0.9922953844070435
114,0.9932648539543152,0.8395954966545105,0.01885548047721386,1e-06,0.9013799428939819,0.9911431074142456,0.9903767108917236,0.9970223903656006,0.9775673151016235,0.7274373173713684,0.09491735696792603,0.8923507928848267,0.977037250995636,0.9751933217048645,0.9923409819602966
115,0.993288516998291,0.8370813131332397,0.018799418583512306,1e-06,0.9005682468414307,0.9911759495735168,0.9904289841651917,0.9970366954803467,0.9775377511978149,0.7274464964866638,0.09293895214796066,0.8911334276199341,0.9770301580429077,0.9751306772232056,0.9923391938209534
116,0.9933463335037231,0.8435796499252319,0.018730511888861656,1e-06,0.9018669128417969,0.9912016987800598,0.9904512166976929,0.9970433115959167,0.977431058883667,0.7269480228424072,0.09548415243625641,0.8917587995529175,0.976894199848175,0.9750556945800781,0.9922946691513062
117,0.9933187365531921,0.8402100801467896,0.018723342567682266,1e-06,0.9014675617218018,0.9911845326423645,0.990450382232666,0.9970384240150452,0.9774616360664368,0.7273097038269043,0.09518904238939285,0.891503095626831,0.9769355058670044,0.9750856161117554,0.9923070073127747
118,0.9933738112449646,0.8445751667022705,0.018638107925653458,1e-06,0.9019129276275635,0.9912196397781372,0.9904752373695374,0.9970516562461853,0.977533221244812,0.7272351384162903,0.09632915258407593,0.8926258087158203,0.9769905805587769,0.9751825928688049,0.9923225045204163
119,0.9933081269264221,0.8436636924743652,0.018812313675880432,1e-06,0.9012181758880615,0.9911502003669739,0.9903910756111145,0.9970254898071289,0.9773939251899719,0.7270880937576294,0.09790480881929398,0.8928091526031494,0.9768458604812622,0.9750589728355408,0.9922771453857422
120,0.9933285117149353,0.8435932397842407,0.018742235377430916,1e-06,0.9030036926269531,0.9911890625953674,0.9904512763023376,0.997037410736084,0.9775476455688477,0.7285719513893127,0.09384730458259583,0.8927302360534668,0.9770112633705139,0.9751887321472168,0.9923350811004639
121,0.9934200644493103,0.8431392312049866,0.018509453162550926,1e-06,0.9023051857948303,0.9912768006324768,0.9905605316162109,0.9970713257789612,0.9775345325469971,0.728164553642273,0.09672526270151138,0.89281165599823,0.9769741892814636,0.9752070307731628,0.9923189282417297
122,0.9934113025665283,0.8415164947509766,0.018516771495342255,1e-06,0.9018338918685913,0.991254448890686,0.9905171394348145,0.9970618486404419,0.9774301052093506,0.727977454662323,0.0962533950805664,0.8920313715934753,0.9768810272216797,0.9750745892524719,0.9922889471054077
123,0.9933531284332275,0.8404368162155151,0.018563829362392426,1e-06,0.9025435447692871,0.9912163019180298,0.990505039691925,0.9970492124557495,0.977501630783081,0.7284457087516785,0.09519053250551224,0.8927103281021118,0.9769608378410339,0.9751504063606262,0.9923176765441895
124,0.993317723274231,0.8422345519065857,0.01875932887196541,1e-06,0.9024209976196289,0.9911563396453857,0.9904339909553528,0.9970305562019348,0.9774128198623657,0.7277223467826843,0.09635866433382034,0.8931442499160767,0.9768645167350769,0.9750774502754211,0.992283821105957
125,0.9934436082839966,0.8434064984321594,0.018409913405776024,1e-06,0.9022204875946045,0.9912906289100647,0.990593433380127,0.9970733523368835,0.9773146510124207,0.7273918986320496,0.09801176190376282,0.8934979438781738,0.9767590761184692,0.975007176399231,0.9922501444816589
126,0.993391752243042,0.8447551131248474,0.01851642318069935,1e-06,0.902633786201477,0.991212785243988,0.9905099868774414,0.9970474243164062,0.9774768352508545,0.7282646298408508,0.09616389125585556,0.8923966884613037,0.9769243597984314,0.9751416444778442,0.9923044443130493
127,0.9933150410652161,0.8471496105194092,0.018755337223410606,1e-06,0.9021349549293518,0.9911280870437622,0.9903860092163086,0.9970178008079529,0.9775139689445496,0.7286880016326904,0.09686419367790222,0.8923016786575317,0.9769467115402222,0.9751987457275391,0.9923141002655029
128,0.99344402551651,0.8473442792892456,0.01842893287539482,1e-06,0.9036545753479004,0.9912929534912109,0.9905741810798645,0.9970717430114746,0.9773945808410645,0.727654218673706,0.09624384343624115,0.89302659034729,0.9768633246421814,0.9750537872314453,0.9922859072685242
129,0.9933297038078308,0.8409664630889893,0.01869831420481205,1e-06,0.9026322364807129,0.9911542534828186,0.9904388189315796,0.9970288872718811,0.9773740172386169,0.7275102138519287,0.09672587364912033,0.8934725522994995,0.9768391847610474,0.9750306606292725,0.9922765493392944
130,0.9935002326965332,0.8450777530670166,0.01832723245024681,1e-06,0.902860701084137,0.9913480281829834,0.9906391501426697,0.9970926642417908,0.9774483442306519,0.7280488610267639,0.09731534868478775,0.8932026624679565,0.9768977165222168,0.9751226305961609,0.9922940731048584
131,0.9934234023094177,0.8442555069923401,0.018445538356900215,1e-06,0.9022718667984009,0.9912561178207397,0.9905422329902649,0.9970629215240479,0.97743159532547,0.7280093431472778,0.09538838267326355,0.892483115196228,0.9769162535667419,0.9750847220420837,0.9923003911972046
132,0.9934366345405579,0.8473753929138184,0.01844141073524952,1e-06,0.9023364782333374,0.9912334084510803,0.9905224442481995,0.997054398059845,0.9774441719055176,0.7287511825561523,0.09789194911718369,0.8934480547904968,0.9768757820129395,0.9751572608947754,0.9922872185707092
133,0.9935325980186462,0.8473875522613525,0.018224334344267845,1e-06,0.9025641679763794,0.9913420677185059,0.9906418919563293,0.9970893859863281,0.9775741696357727,0.7291446328163147,0.09602262079715729,0.8938060998916626,0.9770163893699646,0.9752529263496399,0.992336094379425
134,0.9935188293457031,0.8497973680496216,0.018267091363668442,1e-06,0.9035038948059082,0.9913322925567627,0.9906256198883057,0.9970877170562744,0.9775111079216003,0.7290316820144653,0.09583024680614471,0.8934512138366699,0.9769598841667175,0.9751690030097961,0.9923163652420044
135,0.9934471845626831,0.848529040813446,0.018423564732074738,1e-06,0.9039030075073242,0.9912565350532532,0.9905562996864319,0.9970642328262329,0.9774221777915955,0.728476345539093,0.0972142294049263,0.8942220211029053,0.976885974407196,0.975099503993988,0.9922911524772644
136,0.9935415983200073,0.8462136387825012,0.01817326806485653,1e-06,0.9037908315658569,0.9913291335105896,0.9906651377677917,0.997087836265564,0.9773415923118591,0.7281271815299988,0.09960096329450607,0.8945640325546265,0.976769745349884,0.9750681519508362,0.9922515153884888
137,0.9935651421546936,0.8450725674629211,0.018107296898961067,1e-06,0.9034388661384583,0.9913548231124878,0.9906921982765198,0.9970958232879639,0.9774535894393921,0.7290197014808655,0.0974021703004837,0.8938092589378357,0.9768940210342407,0.9751450419425964,0.992294192314148
138,0.9935941696166992,0.8504117131233215,0.018040763214230537,1e-06,0.903839647769928,0.9914186000823975,0.9907511472702026,0.9971161484718323,0.9775165915489197,0.729501485824585,0.09612880647182465,0.8932424783706665,0.9769598841667175,0.9751988053321838,0.9923180341720581
139,0.9935245513916016,0.8474382758140564,0.018238114193081856,1e-06,0.9035431146621704,0.9913089275360107,0.9906294345855713,0.9970801472663879,0.9773716926574707,0.7287982106208801,0.09931087493896484,0.8941508531570435,0.9767773747444153,0.9750762581825256,0.9922564625740051
140,0.9936065077781677,0.8467234373092651,0.01795351319015026,1e-06,0.9035288691520691,0.9914045929908752,0.9907508492469788,0.9971124529838562,0.9774219989776611,0.7298268675804138,0.0987621396780014,0.8935855627059937,0.9768199920654297,0.9751479625701904,0.9922707676887512
141,0.9935210347175598,0.8459859490394592,0.01821994036436081,1e-06,0.9046881794929504,0.9913350939750671,0.9906418919563293,0.9970872402191162,0.9774905443191528,0.7295626997947693,0.09796964377164841,0.8938004374504089,0.9769071340560913,0.9752100110054016,0.9922988414764404
142,0.9935737252235413,0.8483405709266663,0.0180849377065897,1e-06,0.9029760360717773,0.991362452507019,0.9907002449035645,0.9970986247062683,0.9773902297019958,0.7290693521499634,0.09890368580818176,0.8947169780731201,0.9768023490905762,0.9751333594322205,0.9922663569450378
143,0.9937161803245544,0.8497275114059448,0.01773371361196041,1e-06,0.9042825698852539,0.9915221333503723,0.9908735156059265,0.9971506595611572,0.9774826169013977,0.7294406294822693,0.09956038743257523,0.8954769372940063,0.9768873453140259,0.9752269387245178,0.9922928214073181
144,0.9936607480049133,0.851479709148407,0.017842017114162445,1e-06,0.9045229554176331,0.9914480447769165,0.9908137321472168,0.9971305131912231,0.977436363697052,0.7289920449256897,0.0983806848526001,0.8940044641494751,0.9768681526184082,0.9751248955726624,0.992286741733551
145,0.9937035441398621,0.8534197807312012,0.017750343307852745,1e-06,0.9049066305160522,0.9914849996566772,0.9908307790756226,0.9971376061439514,0.9773563146591187,0.7293622493743896,0.10010910034179688,0.8939136266708374,0.9767608046531677,0.9751080274581909,0.9922487735748291
146,0.9936468005180359,0.8510722517967224,0.01791885867714882,1e-06,0.9034584760665894,0.9914109706878662,0.9907869100570679,0.9971175789833069,0.9774213433265686,0.7295275330543518,0.09744685888290405,0.8937991857528687,0.976854145526886,0.9751298427581787,0.9922816157341003
147,0.9935820698738098,0.8492536544799805,0.01806166209280491,1e-06,0.9039462804794312,0.9913369417190552,0.990677535533905,0.9970901012420654,0.9774081110954285,0.729107677936554,0.10108507424592972,0.8959596157073975,0.976806640625,0.9751685857772827,0.9922651052474976
148,0.9936407208442688,0.8463497161865234,0.017936093732714653,1e-06,0.9052672386169434,0.9914394021034241,0.9907804131507874,0.9971231818199158,0.9773927330970764,0.7287985682487488,0.09988389909267426,0.8953235745429993,0.9768145084381104,0.975112795829773,0.9922692775726318
149,0.9937096238136292,0.849058985710144,0.017744073644280434,1e-06,0.9042834043502808,0.9915235638618469,0.9908775687217712,0.9971528053283691,0.9774817228317261,0.7296154499053955,0.09874069690704346,0.8955968618392944,0.9768964648246765,0.9751987457275391,0.9922954440116882
150,0.9937166571617126,0.8528867959976196,0.01778164878487587,1e-06,0.9052459001541138,0.9914969205856323,0.9908633232116699,0.9971446394920349,0.9773964285850525,0.7297155857086182,0.0989750400185585,0.8949754238128662,0.9768116474151611,0.975124716758728,0.992266833782196
151,0.9936957359313965,0.849476158618927,0.017769020050764084,1e-06,0.9042322635650635,0.9914621710777283,0.9908280968666077,0.9971343874931335,0.9773430824279785,0.7296866774559021,0.09971995651721954,0.8948712348937988,0.9767444133758545,0.9750821590423584,0.9922460317611694
152,0.9935904741287231,0.8490659594535828,0.01805057004094124,1e-06,0.9054899215698242,0.9913867115974426,0.9907246828079224,0.997106671333313,0.9774528741836548,0.729752242565155,0.09864597022533417,0.8948235511779785,0.9768768548965454,0.9751641154289246,0.9922879338264465
153,0.9937369227409363,0.8532803654670715,0.01769527792930603,1e-06,0.9039564728736877,0.9914866089820862,0.9908674359321594,0.9971407651901245,0.9773252010345459,0.7299647331237793,0.0995117574930191,0.8943055272102356,0.9767357110977173,0.9750697016716003,0.9922422766685486
154,0.9937354922294617,0.8503178954124451,0.017666799947619438,1e-06,0.9055813550949097,0.9915121793746948,0.9908682107925415,0.997147798538208,0.9774857759475708,0.7303240895271301,0.1002618744969368,0.8960316777229309,0.9768847227096558,0.9752579927444458,0.9922921657562256
155,0.9937394261360168,0.8486270904541016,0.017640983685851097,1e-06,0.9048296809196472,0.9915373921394348,0.990912139415741,0.997157096862793,0.9773985743522644,0.7298733592033386,0.10153385251760483,0.8972176313400269,0.9767995476722717,0.9751919507980347,0.9922640323638916
156,0.9937739372253418,0.8495702147483826,0.01759897731244564,1e-06,0.9058926105499268,0.9915581941604614,0.9909365773200989,0.9971650242805481,0.9773955941200256,0.7298438549041748,0.09973988682031631,0.8954143524169922,0.9767910242080688,0.9751644730567932,0.9922634363174438
157,0.9937754273414612,0.851996660232544,0.017603540793061256,1e-06,0.9061157703399658,0.9915350675582886,0.9909016489982605,0.9971570372581482,0.9774173498153687,0.7301220297813416,0.10183872282505035,0.8968051671981812,0.9768139719963074,0.975220799446106,0.9922682046890259
158,0.9937666654586792,0.8517321348190308,0.017548667266964912,1e-06,0.9053603410720825,0.9915490746498108,0.9909337759017944,0.9971622824668884,0.97737717628479,0.7298375964164734,0.10028427094221115,0.896086573600769,0.9767827987670898,0.9751397967338562,0.9922574758529663
159,0.9936489462852478,0.8532756567001343,0.01783910021185875,1e-06,0.9048879146575928,0.9913946390151978,0.9907545447349548,0.997107744216919,0.977570652961731,0.7313616275787354,0.0999366044998169,0.8972439169883728,0.9769683480262756,0.9753486514091492,0.9923186898231506
160,0.9938347339630127,0.8569496273994446,0.01742599345743656,1e-06,0.9066931009292603,0.991602897644043,0.9909918308258057,0.9971798062324524,0.9774616360664368,0.7304108738899231,0.10001912713050842,0.8965116143226624,0.9768766760826111,0.9752326607704163,0.9922875761985779
161,0.9938828349113464,0.8540816903114319,0.017278360202908516,1e-06,0.9066199064254761,0.991651177406311,0.9910575151443481,0.9971951246261597,0.9773231744766235,0.7304123044013977,0.10039794445037842,0.8959645628929138,0.9767141938209534,0.9750928282737732,0.9922354817390442
162,0.9937606453895569,0.8555074334144592,0.017632625997066498,1e-06,0.9058727025985718,0.9915027022361755,0.990888237953186,0.9971446394920349,0.9773304462432861,0.7299245595932007,0.1009686216711998,0.8964107632637024,0.9767371416091919,0.9751096963882446,0.9922431707382202
163,0.9938277006149292,0.855569064617157,0.01746491529047489,1e-06,0.9063356518745422,0.9915687441825867,0.990973174571991,0.997167706489563,0.9774792194366455,0.7310963869094849,0.10178587585687637,0.8971924781799316,0.976861298084259,0.9752892851829529,0.9922839999198914
164,0.9938716292381287,0.8540621399879456,0.017316726967692375,1e-06,0.9065545797348022,0.9916330575942993,0.9910386204719543,0.9971899390220642,0.977497935295105,0.7306603789329529,0.1006353497505188,0.896199107170105,0.9768859148025513,0.9752568602561951,0.9922916889190674
165,0.9938443303108215,0.8537358045578003,0.017400454729795456,1e-06,0.9064657092094421,0.9915786385536194,0.9909942746162415,0.997174859046936,0.9773634672164917,0.7308135628700256,0.10201790183782578,0.8958660960197449,0.9767306447029114,0.9751842617988586,0.9922429323196411
166,0.9938976764678955,0.8541014790534973,0.01723441109061241,1e-06,0.907036304473877,0.9916478991508484,0.9910430312156677,0.9971954226493835,0.9774611592292786,0.7303750514984131,0.10226389020681381,0.896796703338623,0.976862907409668,0.9752504825592041,0.9922834634780884
167,0.9938653707504272,0.8549090027809143,0.017350250855088234,1e-06,0.9065396785736084,0.9916129112243652,0.9910175204277039,0.9971850514411926,0.9774499535560608,0.7304079532623291,0.10116299986839294,0.896743893623352,0.9768342971801758,0.9752340912818909,0.9922758936882019
168,0.9939159154891968,0.854259192943573,0.01719561405479908,1e-06,0.9066762328147888,0.9916841983795166,0.9911079406738281,0.9972074627876282,0.9774242043495178,0.7311854362487793,0.10098575055599213,0.8958728313446045,0.9767825603485107,0.975216805934906,0.9922588467597961
169,0.9938465356826782,0.8543716073036194,0.0174570269882679,1e-06,0.9053875207901001,0.9915996789932251,0.9909879565238953,0.9971777200698853,0.9774452447891235,0.7308914661407471,0.10112418234348297,0.896365761756897,0.9768298268318176,0.9752304553985596,0.9922732710838318
170,0.9939141273498535,0.8531104326248169,0.017247818410396576,1e-06,0.9061713218688965,0.9916589856147766,0.99107426404953,0.9971978664398193,0.9773158431053162,0.7299972772598267,0.10250727832317352,0.8978313207626343,0.976703405380249,0.9751097559928894,0.9922304153442383
171,0.9939787983894348,0.8560900688171387,0.016987062990665436,1e-06,0.9069092869758606,0.9917379021644592,0.9911432862281799,0.9972254037857056,0.9773787260055542,0.7310670614242554,0.1030522808432579,0.8971865177154541,0.9767389893531799,0.9752067923545837,0.9922424554824829
172,0.9938368201255798,0.8560494184494019,0.017365112900733948,1e-06,0.9065438508987427,0.9915810227394104,0.9909976720809937,0.9971749186515808,0.9773458242416382,0.7310689091682434,0.10017094761133194,0.8953786492347717,0.9767169952392578,0.9751395583152771,0.9922362565994263
173,0.9939346313476562,0.8557528853416443,0.017141006886959076,1e-06,0.9066942930221558,0.9916704893112183,0.9911103844642639,0.9972032308578491,0.9774805307388306,0.7314155697822571,0.10151451081037521,0.897042989730835,0.9768486022949219,0.9752960801124573,0.9922809600830078
174,0.993844211101532,0.8559237122535706,0.01738390140235424,1e-06,0.9072891473770142,0.9915602803230286,0.9909726977348328,0.9971643686294556,0.9773836135864258,0.7314102053642273,0.10230854153633118,0.8976726531982422,0.976769208908081,0.9752278327941895,0.9922530651092529
175,0.9939486384391785,0.855728805065155,0.017128901556134224,1e-06,0.9072815179824829,0.9916975498199463,0.9911190867424011,0.9972125887870789,0.9774491190910339,0.7309609651565552,0.10197951644659042,0.8970745205879211,0.9768365621566772,0.9752473831176758,0.9922757148742676
176,0.9938706159591675,0.8562256693840027,0.0173275638371706,1e-06,0.9064620137214661,0.9916176199913025,0.991013765335083,0.9971840381622314,0.9772976040840149,0.7296981811523438,0.10363490134477615,0.8977646827697754,0.9766935110092163,0.9751036167144775,0.992226779460907
177,0.9939571022987366,0.8566431403160095,0.01708407700061798,1e-06,0.9085949659347534,0.991706371307373,0.9911322593688965,0.9972174167633057,0.9773424863815308,0.7315320372581482,0.10322750359773636,0.8973621129989624,0.9767006039619446,0.975178599357605,0.9922312498092651
178,0.9940895438194275,0.8555991053581238,0.016760310158133507,1e-06,0.9080681800842285,0.9918338656425476,0.9912814497947693,0.9972573518753052,0.9774044752120972,0.7310712337493896,0.10343927145004272,0.8986411094665527,0.9767842292785645,0.9752465486526489,0.9922580122947693
179,0.9940067529678345,0.8575689196586609,0.016976365819573402,1e-06,0.9074174761772156,0.9917522072792053,0.9911808967590332,0.9972296357154846,0.9772434234619141,0.7305700182914734,0.10086549818515778,0.8956599235534668,0.9766243696212769,0.975023090839386,0.992207407951355
180,0.9938368201255798,0.8552030920982361,0.01737765222787857,1e-06,0.9070056676864624,0.9915615916252136,0.9909718036651611,0.9971666932106018,0.9773252010345459,0.7308624982833862,0.10355200618505478,0.8979673385620117,0.9767111539840698,0.975160539150238,0.9922343492507935
181,0.9939812421798706,0.8605436682701111,0.0170833021402359,1e-06,0.9075843095779419,0.9916806221008301,0.9910951256752014,0.9972038269042969,0.9774346947669983,0.7323195338249207,0.10362009704113007,0.8988370895385742,0.9767861366271973,0.9753017425537109,0.9922603368759155
182,0.9940661191940308,0.8558704853057861,0.01684110052883625,1e-06,0.9082287549972534,0.991840124130249,0.99127596616745,0.9972580671310425,0.9773477911949158,0.7317960262298584,0.10443302989006042,0.8972201347351074,0.9766941666603088,0.9751966595649719,0.9922299981117249
183,0.9940910339355469,0.8561933636665344,0.016752826049923897,1e-06,0.9077569246292114,0.9918342232704163,0.9912811517715454,0.9972596764564514,0.9773712754249573,0.7319955229759216,0.10223337262868881,0.8972756862640381,0.9767429232597351,0.9752145409584045,0.9922457933425903
184,0.9939645528793335,0.8577955961227417,0.017075184732675552,1e-06,0.9075609445571899,0.9916824698448181,0.9911185503005981,0.9972057938575745,0.9773798584938049,0.7319130301475525,0.1033303439617157,0.8970885276794434,0.9767339825630188,0.9752242565155029,0.9922419190406799
185,0.9940270781517029,0.8601436614990234,0.016987234354019165,1e-06,0.9085638523101807,0.9917492866516113,0.9911813735961914,0.9972308874130249,0.977275550365448,0.7307546734809875,0.10379036515951157,0.8969135284423828,0.9766432642936707,0.975104570388794,0.992211103439331
186,0.9938976764678955,0.8591933250427246,0.017227834090590477,1e-06,0.907313883304596,0.9916283488273621,0.9910527467727661,0.997189462184906,0.9773402214050293,0.7313281893730164,0.10558954626321793,0.8985095024108887,0.9766889810562134,0.9751994013786316,0.9922290444374084
187,0.9939525127410889,0.8585243821144104,0.01709604635834694,1e-06,0.9074494242668152,0.9916484355926514,0.991087794303894,0.9971951246261597,0.9772947430610657,0.7308710217475891,0.10455963760614395,0.897874116897583,0.9766458868980408,0.9751395583152771,0.9922130703926086
188,0.9940571784973145,0.8591962456703186,0.016844328492879868,1e-06,0.9081428050994873,0.991778552532196,0.9912441968917847,0.9972406625747681,0.9774056077003479,0.7323634028434753,0.10397551953792572,0.898266077041626,0.976764440536499,0.9752668142318726,0.9922522306442261
189,0.9940000772476196,0.8571767210960388,0.01700037159025669,1e-06,0.9082440733909607,0.9917188882827759,0.9911611080169678,0.9972198009490967,0.9773862957954407,0.7317872047424316,0.10491156578063965,0.897536039352417,0.976729691028595,0.9752287268638611,0.9922404289245605
190,0.9941154718399048,0.8530713319778442,0.016634497791528702,1e-06,0.9085124731063843,0.9918688535690308,0.9913273453712463,0.9972689747810364,0.9773765206336975,0.7322860360145569,0.1038593053817749,0.8983800411224365,0.976734459400177,0.9752458333969116,0.9922425746917725
191,0.9940158128738403,0.858441174030304,0.016956524923443794,1e-06,0.9079058170318604,0.9917192459106445,0.9911625385284424,0.9972196817398071,0.9774670004844666,0.7322053909301758,0.10543695837259293,0.8992816209793091,0.9767858982086182,0.9753345847129822,0.9922618269920349
192,0.9939934015274048,0.8607066869735718,0.017008863389492035,1e-06,0.9077323079109192,0.9916942119598389,0.9911431074142456,0.9972097873687744,0.9774032831192017,0.732019305229187,0.10446065664291382,0.8990820646286011,0.9767528772354126,0.9752707481384277,0.9922497272491455
193,0.9942685961723328,0.8559468388557434,0.016337472945451736,1e-06,0.9096813201904297,0.9920375943183899,0.9915066957473755,0.9973252415657043,0.9773291945457458,0.7319509983062744,0.10442076623439789,0.898310661315918,0.9766716957092285,0.9751991033554077,0.9922215938568115
194,0.9942086338996887,0.8608527183532715,0.01645415648818016,1e-06,0.909115195274353,0.9919161200523376,0.9913948774337769,0.997285783290863,0.9774526357650757,0.7320687174797058,0.10525938868522644,0.899882435798645,0.9768020510673523,0.9753258228302002,0.9922653436660767
195,0.9941748976707458,0.8611680269241333,0.016565633937716484,1e-06,0.9080564379692078,0.9918869137763977,0.9913567900657654,0.9972746968269348,0.9774300456047058,0.7324916124343872,0.10409485548734665,0.8991855382919312,0.9767758846282959,0.9753008484840393,0.9922559857368469
196,0.9940309524536133,0.8624224066734314,0.016943689435720444,1e-06,0.9084611535072327,0.9917311072349548,0.9911667704582214,0.9972212314605713,0.977344274520874,0.7323955297470093,0.10562287271022797,0.8988874554634094,0.9766693711280823,0.975231945514679,0.9922235608100891
197,0.9941657781600952,0.8598468899726868,0.016544586047530174,1e-06,0.9087544679641724,0.9918983578681946,0.9913668036460876,0.9972772598266602,0.9773688316345215,0.731764018535614,0.1036565825343132,0.8982106447219849,0.9767136573791504,0.9752212166786194,0.9922360181808472
198,0.9941756129264832,0.8607578277587891,0.016575481742620468,1e-06,0.9092671871185303,0.9918833374977112,0.9913452863693237,0.9972745180130005,0.9774081110954285,0.7323733568191528,0.10557380318641663,0.8992308378219604,0.9767404794692993,0.9753066897392273,0.9922448396682739
199,0.9941248893737793,0.8601382374763489,0.016693493351340294,1e-06,0.9099987149238586,0.9918274879455566,0.9912922382354736,0.9972556233406067,0.9773542284965515,0.7317529916763306,0.10624899715185165,0.899153470993042,0.9766862988471985,0.9752278923988342,0.9922275543212891
