epoch,accuracy,dice_coef,loss,lr,mean_io_u_2,precision,sensitivity,specificity,val_accuracy,val_dice_coef,val_loss,val_mean_io_u_2,val_precision,val_sensitivity,val_specificity
0,0.9653114676475525,0.36135879158973694,0.12200898677110672,1e-04,0.6733537912368774,0.9765620827674866,0.9482252597808838,0.9921755790710449,0.9721793532371521,0.40471673011779785,0.08793764561414719,0.5296885967254639,0.9852383136749268,0.9562411904335022,0.9947870969772339
1,0.9715582132339478,0.4270623028278351,0.08835992962121964,1e-04,0.7378116846084595,0.9806068539619446,0.9607067108154297,0.9933775663375854,0.971871554851532,0.45243924856185913,0.0908869206905365,0.6560223698616028,0.9831896424293518,0.9556041955947876,0.9941631555557251
2,0.9770032167434692,0.49275895953178406,0.06903932988643646,1e-04,0.7628340125083923,0.9821380972862244,0.9702023267745972,0.9939315319061279,0.9809936881065369,0.5126686096191406,0.059203725308179855,0.7705783843994141,0.9851418137550354,0.974836528301239,0.9949185848236084
3,0.9817021489143372,0.5605282187461853,0.05383188650012016,1e-04,0.7625981569290161,0.9845630526542664,0.9768891334533691,0.9947724342346191,0.9823873043060303,0.5807420611381531,0.05972296744585037,0.799085259437561,0.9833869934082031,0.9797267913818359,0.9944040775299072
4,0.9834476709365845,0.5944119691848755,0.04984791576862335,1e-04,0.7558810114860535,0.9853567481040955,0.9793247580528259,0.9950470924377441,0.985793948173523,0.6096373796463013,0.04369610548019409,0.7875864505767822,0.9869335293769836,0.9821293950080872,0.9955911040306091
5,0.9853202104568481,0.6100106835365295,0.04382341355085373,1e-04,0.7737087607383728,0.9866640567779541,0.9816933870315552,0.9954946041107178,0.9812113642692566,0.5592068433761597,0.05796945467591286,0.6675601005554199,0.983547568321228,0.9766945838928223,0.9944344162940979
6,0.9857594966888428,0.627845048904419,0.04229091852903366,1e-04,0.7658677101135254,0.9867300391197205,0.982215166091919,0.9955160021781921,0.9856057167053223,0.6169002056121826,0.04352198913693428,0.7431666254997253,0.9873886704444885,0.9814434051513672,0.995735764503479
7,0.9862664937973022,0.6312955021858215,0.04018287733197212,1e-04,0.7811261415481567,0.987163245677948,0.9829288125038147,0.9956679344177246,0.9865785241127014,0.6565753817558289,0.045111194252967834,0.8158940672874451,0.9865103363990784,0.9845083355903625,0.9954832196235657
8,0.9875781536102295,0.6508390307426453,0.03613550588488579,1e-04,0.7906683683395386,0.9881862998008728,0.9843435287475586,0.9960103631019592,0.987138032913208,0.6516304612159729,0.03855216130614281,0.7640752792358398,0.987599790096283,0.9839972853660583,0.9958308935165405
9,0.9873286485671997,0.6489437222480774,0.037202246487140656,1e-04,0.7913175821304321,0.9878023266792297,0.9842686653137207,0.9958865642547607,0.9880350828170776,0.6425715684890747,0.037070173770189285,0.7861642837524414,0.9886340498924255,0.984754204750061,0.9961578249931335
10,0.988113522529602,0.6536281704902649,0.03474581986665726,1e-04,0.783383846282959,0.988422691822052,0.9850163459777832,0.9960942268371582,0.9887386560440063,0.6654701232910156,0.03389054909348488,0.8026869297027588,0.9888194799423218,0.9859960079193115,0.9962422847747803
11,0.988598644733429,0.6632428765296936,0.03291909769177437,1e-04,0.8069678544998169,0.9888783693313599,0.985645055770874,0.9962490200996399,0.9885933995246887,0.6814982295036316,0.034417882561683655,0.8402506709098816,0.9885185956954956,0.9860640168190002,0.9961462020874023
12,0.9888767600059509,0.6818335056304932,0.03237764909863472,1e-04,0.7968363761901855,0.9889481663703918,0.9859403967857361,0.9962691068649292,0.9884370565414429,0.6676334142684937,0.03640883415937424,0.795411229133606,0.988380491733551,0.9858397841453552,0.9960796236991882
13,0.990171492099762,0.69312983751297,0.02756189927458763,2e-05,0.8041641116142273,0.9898836612701416,0.9874326586723328,0.9965888261795044,0.9900829792022705,0.6918248534202576,0.029836570844054222,0.8101828694343567,0.9897912740707397,0.987528920173645,0.9965630173683167
14,0.990898847579956,0.7007653713226318,0.025733212009072304,2e-05,0.8247566223144531,0.990494966506958,0.9883216619491577,0.9967921376228333,0.9901586771011353,0.6964427828788757,0.030654899775981903,0.8534893989562988,0.9898076057434082,0.9877777695655823,0.9965691566467285
15,0.990462601184845,0.6913570165634155,0.026902318000793457,2e-05,0.8284112215042114,0.990077018737793,0.987815797328949,0.9966551065444946,0.9904377460479736,0.6893895864486694,0.028649458661675453,0.8327609300613403,0.9901500344276428,0.987794816493988,0.9966772794723511
16,0.9909311532974243,0.7042566537857056,0.025833789259195328,2e-05,0.8254173994064331,0.9904641509056091,0.9883739948272705,0.9967865943908691,0.9905158281326294,0.6914051175117493,0.028356783092021942,0.8155868053436279,0.9901690483093262,0.9878160357475281,0.9966805577278137
17,0.991290807723999,0.7062215209007263,0.0243906881660223,2e-05,0.8370785117149353,0.990769624710083,0.9887602925300598,0.9968862533569336,0.9906424283981323,0.7017675042152405,0.029020236805081367,0.8553926348686218,0.9901408553123474,0.9882777333259583,0.99668288230896
18,0.9911817908287048,0.7117083668708801,0.024724123999476433,2e-05,0.840927004814148,0.9907025694847107,0.9886406660079956,0.9968581795692444,0.9904305934906006,0.7045601606369019,0.02882959321141243,0.8524284362792969,0.9899340867996216,0.9881852865219116,0.9966168999671936
19,0.9918125867843628,0.7124220132827759,0.022982202470302582,4e-06,0.842548668384552,0.9911801815032959,0.9894159436225891,0.9970272183418274,0.9908074140548706,0.7057062983512878,0.027704011648893356,0.8489911556243896,0.9902555346488953,0.9884846806526184,0.9967228770256042
20,0.991817057132721,0.7220402956008911,0.023033570498228073,4e-06,0.8448997139930725,0.991127073764801,0.9894113540649414,0.9970037937164307,0.9908181428909302,0.7044970989227295,0.027498940005898476,0.8450621962547302,0.9902871251106262,0.9884473085403442,0.9967330694198608
21,0.9917385578155518,0.7149224281311035,0.02312382124364376,4e-06,0.8417943120002747,0.9910979866981506,0.9893080592155457,0.9969965815544128,0.9908815622329712,0.7082058787345886,0.027567926794290543,0.8512974381446838,0.9903004169464111,0.988571286201477,0.9967371821403503
22,0.9921174645423889,0.7170379161834717,0.02221965789794922,4e-06,0.8444838523864746,0.9914199709892273,0.9898026585578918,0.9971101880073547,0.9908872842788696,0.708633303642273,0.027584096416831017,0.8459423780441284,0.9902705550193787,0.9886266589164734,0.9967299699783325
23,0.9916616082191467,0.722547173500061,0.023275360465049744,1e-06,0.8419234752655029,0.99103182554245,0.9892532825469971,0.9969742298126221,0.9908977150917053,0.706847608089447,0.02728765830397606,0.842954158782959,0.9903227686882019,0.9885765314102173,0.996745765209198
24,0.9917858839035034,0.705935001373291,0.02317908965051174,1e-06,0.8422303199768066,0.991148829460144,0.989425539970398,0.9970197081565857,0.9909025430679321,0.707400381565094,0.027392111718654633,0.8436954021453857,0.9903203845024109,0.9885835647583008,0.9967440962791443
25,0.9917638301849365,0.7128267288208008,0.023180805146694183,1e-06,0.8396679162979126,0.9911123514175415,0.9893490076065063,0.9970043301582336,0.990919291973114,0.7087317109107971,0.027275044471025467,0.8405329585075378,0.9903140068054199,0.9886084794998169,0.9967445731163025
26,0.9914420247077942,0.7159820199012756,0.024075506255030632,1e-06,0.8380141258239746,0.9907959699630737,0.9889873266220093,0.9968999028205872,0.9909413456916809,0.707575261592865,0.027182480320334435,0.8419153094291687,0.9903606176376343,0.9885954856872559,0.9967581033706665
27,0.9920292496681213,0.7087572813034058,0.022353723645210266,1e-06,0.8429486751556396,0.9913950562477112,0.9896596670150757,0.9971025586128235,0.9909561276435852,0.7080605030059814,0.027203233912587166,0.8449175357818604,0.9903861284255981,0.9886142015457153,0.9967656135559082
28,0.9918439984321594,0.7172898054122925,0.02294793911278248,1e-06,0.8438096046447754,0.9911614060401917,0.9894231557846069,0.9970229864120483,0.9909253716468811,0.7065963745117188,0.027202341705560684,0.846125066280365,0.9903745651245117,0.9885706305503845,0.9967631101608276
29,0.9920502305030823,0.7198542952537537,0.022331608459353447,1e-06,0.8429893851280212,0.9913249015808105,0.9895918369293213,0.9970774054527283,0.9909453392028809,0.7087321877479553,0.02734401822090149,0.8473051190376282,0.9903464317321777,0.9886366724967957,0.996755838394165
30,0.9921388030052185,0.7229613065719604,0.022005867213010788,1e-06,0.8458991050720215,0.991352379322052,0.9897735714912415,0.9970878958702087,0.9909354448318481,0.7087007761001587,0.027433091774582863,0.8505328297615051,0.9903507828712463,0.9886184930801392,0.9967564344406128
31,0.9919973611831665,0.7182081937789917,0.022553369402885437,1e-06,0.8453328609466553,0.9912765026092529,0.9896170496940613,0.9970584511756897,0.99094158411026,0.7080745697021484,0.02726864628493786,0.84576815366745,0.9903590679168701,0.9886155128479004,0.9967584609985352
32,0.9918145537376404,0.7071084380149841,0.02288844995200634,1e-06,0.843953013420105,0.99120032787323,0.9894275069236755,0.9970349073410034,0.9909291863441467,0.7088015079498291,0.027277324348688126,0.8443590402603149,0.9903307557106018,0.9885942339897156,0.9967485070228577
33,0.9919626116752625,0.7214535474777222,0.022571105509996414,1e-06,0.841609001159668,0.9912845492362976,0.9894728064537048,0.9970623254776001,0.9909363389015198,0.7094265818595886,0.027382945641875267,0.8470488786697388,0.9903370141983032,0.988638162612915,0.9967516660690308
34,0.992068886756897,0.7207128405570984,0.02198363095521927,1e-06,0.8464717864990234,0.991362452507019,0.9897032380104065,0.9970882534980774,0.9909569025039673,0.7092716693878174,0.02734021283686161,0.8486852645874023,0.990365207195282,0.9886525273323059,0.9967586994171143
35,0.9916265606880188,0.7078923583030701,0.023564262315630913,1e-06,0.8456985950469971,0.9909616112709045,0.9892252087593079,0.9969573020935059,0.9909374117851257,0.7073700428009033,0.02727837674319744,0.8450033664703369,0.9903713464736938,0.9885754585266113,0.9967606663703918
36,0.9917459487915039,0.7136030793190002,0.023120367899537086,1e-06,0.8419675827026367,0.9910839796066284,0.9892410039901733,0.9969936013221741,0.9909632802009583,0.7079528570175171,0.027217276394367218,0.8468393087387085,0.9903866648674011,0.9886228442192078,0.9967679977416992
37,0.9920175075531006,0.7238057851791382,0.02242758497595787,1e-06,0.8440299034118652,0.9913202524185181,0.9896082282066345,0.9970754981040955,0.990946352481842,0.7087514400482178,0.02724580094218254,0.8464062809944153,0.990365207195282,0.9886193871498108,0.9967607259750366
38,0.9919613599777222,0.7274930477142334,0.022670947015285492,1e-06,0.844866156578064,0.9912516474723816,0.9894607067108154,0.9970502257347107,0.9909371137619019,0.7087717056274414,0.027309304103255272,0.849014401435852,0.990361213684082,0.9886327385902405,0.9967600107192993
39,0.991535484790802,0.7157595753669739,0.023472227156162262,1e-06,0.8441863059997559,0.9909327030181885,0.9890746474266052,0.9969427585601807,0.9909317493438721,0.7091423273086548,0.02741033025085926,0.8514819145202637,0.9903566837310791,0.9886370301246643,0.9967561960220337
40,0.9920704364776611,0.7131255865097046,0.022225532680749893,1e-06,0.8491124510765076,0.9914495944976807,0.9896979928016663,0.997121274471283,0.9909557700157166,0.7087949514389038,0.027228280901908875,0.8452237844467163,0.9903780817985535,0.9886232614517212,0.9967644214630127
41,0.991837739944458,0.7163345813751221,0.022846544161438942,1e-06,0.8414454460144043,0.9912347793579102,0.9893868565559387,0.9970391392707825,0.9909539818763733,0.7079870104789734,0.027193522080779076,0.8467494249343872,0.9904010891914368,0.9886133670806885,0.996770977973938
42,0.9919915199279785,0.7203225493431091,0.022440075874328613,1e-06,0.8412982225418091,0.9912279844284058,0.9896174669265747,0.9970417618751526,0.9909834265708923,0.7090304493904114,0.027134226635098457,0.8420449495315552,0.9903953671455383,0.988656759262085,0.9967702627182007
43,0.9920446276664734,0.7185099720954895,0.022086601704359055,1e-06,0.8453091979026794,0.9913928508758545,0.9896338582038879,0.9970983862876892,0.9909862875938416,0.7100884318351746,0.027180789038538933,0.8459856510162354,0.9903796315193176,0.9886765480041504,0.9967670440673828
44,0.9917728900909424,0.7235625982284546,0.023114796727895737,1e-06,0.8432087302207947,0.9910836815834045,0.9892831444740295,0.9969922304153442,0.9909787774085999,0.7095476388931274,0.027112701907753944,0.8458759188652039,0.9904062151908875,0.9886490702629089,0.9967748522758484
45,0.9919959902763367,0.722371518611908,0.022492125630378723,1e-06,0.8427358865737915,0.9912880063056946,0.9895692467689514,0.997063159942627,0.9909751415252686,0.7105585932731628,0.027211587876081467,0.8451531529426575,0.9903668165206909,0.9886882305145264,0.9967608451843262
46,0.9922093152999878,0.7229689359664917,0.02184118889272213,1e-06,0.8448891639709473,0.9914479851722717,0.9897975921630859,0.9971143007278442,0.9909667372703552,0.7116352915763855,0.027416368946433067,0.8500796556472778,0.9903490543365479,0.9887174963951111,0.9967573285102844
47,0.9921532273292542,0.725108802318573,0.02219500206410885,1e-06,0.8425010442733765,0.9913557171821594,0.9897655248641968,0.9970844388008118,0.9909384846687317,0.7107824087142944,0.027377042919397354,0.8488606214523315,0.9903440475463867,0.9886806607246399,0.9967551231384277
48,0.9924183487892151,0.7204142212867737,0.021363908424973488,1e-06,0.8473620414733887,0.9916600584983826,0.9900878667831421,0.9971883893013,0.9909871220588684,0.7121835350990295,0.027464834973216057,0.8493887186050415,0.9903295040130615,0.9887508153915405,0.9967527985572815
49,0.9920101165771484,0.7218603491783142,0.022091887891292572,1e-06,0.8474972248077393,0.9912942051887512,0.989718496799469,0.9970630407333374,0.9909767508506775,0.710814356803894,0.02729375660419464,0.8506641387939453,0.990359902381897,0.9886974096298218,0.9967605471611023
50,0.9920448064804077,0.7172381281852722,0.022225098684430122,1e-06,0.8509976863861084,0.9913464784622192,0.9896100759506226,0.9970813989639282,0.9910002946853638,0.7123767137527466,0.027364863082766533,0.8509612083435059,0.9903427362442017,0.9887561202049255,0.9967538118362427
51,0.9921741485595703,0.7187829613685608,0.021937238052487373,1e-06,0.8487902879714966,0.9914119243621826,0.989878237247467,0.997106671333313,0.9909572601318359,0.7097874283790588,0.02736530639231205,0.8501464128494263,0.9903632998466492,0.9886872172355652,0.9967604875564575
52,0.9918143153190613,0.7262948155403137,0.02270244061946869,1e-06,0.8461472988128662,0.9911066293716431,0.9893679022789001,0.9970017671585083,0.9909979701042175,0.7103486061096191,0.02720188908278942,0.849815845489502,0.9903709888458252,0.9887039065361023,0.996762752532959
53,0.9922619462013245,0.7235557436943054,0.021538442000746727,1e-06,0.8495876789093018,0.9914940595626831,0.9899327158927917,0.9971352219581604,0.9910110831260681,0.7130336165428162,0.02739870175719261,0.850660502910614,0.990348219871521,0.9887838959693909,0.9967588186264038
54,0.9921073913574219,0.7225903272628784,0.021988915279507637,1e-06,0.849040150642395,0.9913725852966309,0.9897144436836243,0.9970878958702087,0.9910334944725037,0.7122909426689148,0.027286624535918236,0.8525208830833435,0.9904013872146606,0.9887655377388,0.996773898601532
55,0.9920268654823303,0.7182945609092712,0.02206382155418396,1e-06,0.8501050472259521,0.9913235902786255,0.9896315336227417,0.9970759749412537,0.9910190105438232,0.7121685743331909,0.027326807379722595,0.8533185720443726,0.9904036521911621,0.988753080368042,0.9967749714851379
56,0.9922754764556885,0.7284885048866272,0.021803395822644234,1e-06,0.8472426533699036,0.9914799332618713,0.9899066686630249,0.9971271753311157,0.9910430908203125,0.713294506072998,0.027365118265151978,0.8527450561523438,0.9904015064239502,0.9888037443161011,0.9967753291130066
57,0.9918564558029175,0.7164170145988464,0.02279263362288475,1e-06,0.8499712944030762,0.9911919236183167,0.9894595146179199,0.9970303177833557,0.9910169839859009,0.7113444805145264,0.027156662195920944,0.8501600027084351,0.9904040098190308,0.988734781742096,0.9967740178108215
58,0.9923123717308044,0.7227687239646912,0.021402565762400627,1e-06,0.848395586013794,0.9915735125541687,0.9899566769599915,0.9971625208854675,0.9910323619842529,0.7137795686721802,0.027413297444581985,0.8499277234077454,0.9903798699378967,0.9888121485710144,0.9967682361602783
59,0.9919939041137695,0.717875063419342,0.02221125364303589,1e-06,0.846304178237915,0.991293728351593,0.9896752834320068,0.9970663785934448,0.9910483956336975,0.7120493054389954,0.0271216481924057,0.8478140830993652,0.9904101490974426,0.9887650012969971,0.9967777729034424
60,0.9919230937957764,0.7233967781066895,0.02269117906689644,1e-06,0.8448386192321777,0.991221010684967,0.989496648311615,0.9970380067825317,0.9910268783569336,0.7119758129119873,0.027303945273160934,0.8479538559913635,0.9903985261917114,0.9887540936470032,0.9967717528343201
61,0.9923079609870911,0.7159451246261597,0.021669922396540642,1e-06,0.8481886386871338,0.9915749430656433,0.9899681210517883,0.9971623420715332,0.9910556077957153,0.7112899422645569,0.02721310406923294,0.8505316972732544,0.9904341101646423,0.9887681007385254,0.996785044670105
62,0.9921307563781738,0.7147022485733032,0.021779127418994904,1e-06,0.8485830426216125,0.9914351105690002,0.9898141622543335,0.9971147179603577,0.9910467267036438,0.7102480530738831,0.027057871222496033,0.8499041795730591,0.9904484748840332,0.988732099533081,0.9967879056930542
63,0.9923194050788879,0.7256975173950195,0.021501587703824043,1e-06,0.8492938280105591,0.9915406107902527,0.9899272322654724,0.9971478581428528,0.9910395741462708,0.7124689221382141,0.02717004343867302,0.8517962694168091,0.9904166460037231,0.9887771606445312,0.9967781901359558
64,0.991709291934967,0.7202317118644714,0.0231576319783926,1e-06,0.8470431566238403,0.9910067915916443,0.9892958402633667,0.9969721436500549,0.9910364151000977,0.7105947732925415,0.027079911902546883,0.848602294921875,0.9904215335845947,0.9887327551841736,0.9967778921127319
65,0.992222011089325,0.7271486520767212,0.021748993545770645,1e-06,0.8479065895080566,0.9914498925209045,0.9898284673690796,0.9971140623092651,0.9910523891448975,0.71172696352005,0.027102436870336533,0.8517600893974304,0.9904341697692871,0.9887561202049255,0.9967851042747498
66,0.9920884966850281,0.714035153388977,0.021997014060616493,1e-06,0.8497430086135864,0.9913748502731323,0.9897297024726868,0.9970920085906982,0.9910659193992615,0.7127510905265808,0.027118030935525894,0.8518717288970947,0.9904326796531677,0.9887842535972595,0.9967835545539856
67,0.9925872683525085,0.7361079454421997,0.020832212641835213,1e-06,0.8497673273086548,0.9917068481445312,0.9902136921882629,0.9972071647644043,0.9910398125648499,0.7141732573509216,0.02729196473956108,0.8529937267303467,0.9903931617736816,0.9888293147087097,0.9967712759971619
68,0.9921268224716187,0.7189345359802246,0.021850505843758583,1e-06,0.8495005965232849,0.9913920760154724,0.9898051023483276,0.9971016645431519,0.9910579323768616,0.7147121429443359,0.027320485562086105,0.8537865877151489,0.9904090762138367,0.9888433218002319,0.9967775940895081
69,0.9920710325241089,0.7232607007026672,0.022132400423288345,1e-06,0.8499329090118408,0.9913496375083923,0.9897429943084717,0.9970865845680237,0.9910504221916199,0.712835967540741,0.027174148708581924,0.8513157367706299,0.9904146194458008,0.9887816905975342,0.9967771172523499
70,0.9921815395355225,0.7239003777503967,0.021762846037745476,1e-06,0.8483273983001709,0.9914256930351257,0.9897953271865845,0.9971098303794861,0.9910380244255066,0.7138874530792236,0.027186954393982887,0.850467324256897,0.9903877973556519,0.9887883067131042,0.9967721104621887
71,0.9921159148216248,0.7196582555770874,0.0220487117767334,1e-06,0.8471433520317078,0.9913548231124878,0.9897441267967224,0.9970842599868774,0.9910648465156555,0.7125511169433594,0.02705632895231247,0.8492851257324219,0.9904196262359619,0.9887845516204834,0.9967799782752991
72,0.9922131299972534,0.7247938513755798,0.021515771746635437,1e-06,0.8494585752487183,0.9914789795875549,0.9898741245269775,0.997128427028656,0.9910619258880615,0.7138187885284424,0.027194147929549217,0.8541281223297119,0.9904171824455261,0.9888069033622742,0.9967790246009827
73,0.992128312587738,0.7206598520278931,0.022264569997787476,1e-06,0.8502056002616882,0.9914458394050598,0.9896657466888428,0.9971175789833069,0.9910139441490173,0.7122988700866699,0.027247780933976173,0.8529889583587646,0.9903976321220398,0.988745927810669,0.9967714548110962
74,0.9921974539756775,0.7259520292282104,0.021770840510725975,1e-06,0.848827064037323,0.9913837909698486,0.9897454380989075,0.9970935583114624,0.991061806678772,0.7142366170883179,0.027200257405638695,0.8535109162330627,0.9904090166091919,0.988824725151062,0.9967782497406006
75,0.9922380447387695,0.7226288318634033,0.021635297685861588,1e-06,0.8482511043548584,0.9914748072624207,0.9899315237998962,0.9971308708190918,0.9910520911216736,0.714444100856781,0.02714146301150322,0.8499890565872192,0.9904040098190308,0.9888113141059875,0.9967764019966125
76,0.9923492670059204,0.7172642350196838,0.02148446999490261,1e-06,0.8477058410644531,0.991569995880127,0.9900417327880859,0.9971601963043213,0.9910542368888855,0.714166522026062,0.02709008939564228,0.8483689427375793,0.9904040694236755,0.9888083934783936,0.9967759251594543
77,0.9924713969230652,0.7212377786636353,0.021008368581533432,1e-06,0.8482362031936646,0.9916719198226929,0.9901713132858276,0.9971943497657776,0.9910582304000854,0.7139298319816589,0.027173897251486778,0.8507751226425171,0.990402102470398,0.9888148903846741,0.9967763423919678
78,0.9921348690986633,0.7245289087295532,0.02190513163805008,1e-06,0.8489725589752197,0.9913816452026367,0.9897471070289612,0.9970971941947937,0.9910526275634766,0.7132068276405334,0.02698688954114914,0.8491116762161255,0.9904178380966187,0.9887893795967102,0.9967796206474304
79,0.9921566247940063,0.726970374584198,0.021775806322693825,1e-06,0.8468682169914246,0.9914237856864929,0.9897569417953491,0.997106671333313,0.991077721118927,0.7136688828468323,0.027096059173345566,0.8532485365867615,0.9904488921165466,0.9888206124305725,0.9967925548553467
80,0.9923384189605713,0.7234967350959778,0.02128615416586399,1e-06,0.8517442941665649,0.9915904998779297,0.9899924397468567,0.9971647262573242,0.9910855889320374,0.7146666049957275,0.027163788676261902,0.8541456460952759,0.9904323816299438,0.9888503551483154,0.9967844486236572
81,0.9923319816589355,0.7180283069610596,0.02131734974682331,1e-06,0.8536388874053955,0.9915822744369507,0.9899961948394775,0.997164249420166,0.9910905361175537,0.7147057056427002,0.02705441787838936,0.8541933298110962,0.9904277324676514,0.9888713359832764,0.9967838525772095
82,0.9921510219573975,0.7227892875671387,0.021928556263446808,1e-06,0.8493201732635498,0.9913936853408813,0.9897845387458801,0.9971008896827698,0.9910802245140076,0.7139555215835571,0.027043413370847702,0.8535153865814209,0.9904292225837708,0.9888355731964111,0.9967851638793945
83,0.9920082092285156,0.7231044173240662,0.022191137075424194,1e-06,0.8492423295974731,0.9913203716278076,0.9895771145820618,0.9970734715461731,0.9910719394683838,0.7141733169555664,0.027129637077450752,0.8546780347824097,0.9904186129570007,0.9888293147087097,0.9967817664146423
84,0.9921392202377319,0.7270597815513611,0.021930992603302002,1e-06,0.8487008810043335,0.9913210272789001,0.9898194670677185,0.9970771074295044,0.9910374283790588,0.7116914391517639,0.02695273607969284,0.850215494632721,0.9904302954673767,0.9887567162513733,0.9967834949493408
85,0.9923074841499329,0.7290134429931641,0.02146627940237522,1e-06,0.8482269644737244,0.9915146827697754,0.9899368286132812,0.9971399903297424,0.9910516738891602,0.7140331268310547,0.027157964184880257,0.8544257879257202,0.9904117584228516,0.9888306260108948,0.9967789649963379
86,0.9922906160354614,0.7231549620628357,0.021564671769738197,1e-06,0.8502131700515747,0.9915087223052979,0.9899428486824036,0.9971377849578857,0.9910667538642883,0.7140273451805115,0.027074389159679413,0.8524719476699829,0.9904190301895142,0.9888495802879333,0.9967793822288513
87,0.9921276569366455,0.7173219919204712,0.021788297221064568,1e-06,0.8494000434875488,0.9914097785949707,0.9898068308830261,0.9971089363098145,0.991087019443512,0.71534663438797,0.02713681571185589,0.8528798818588257,0.99042147397995,0.9888677597045898,0.9967786073684692
88,0.9923108816146851,0.7260141372680664,0.021587667986750603,1e-06,0.8517038822174072,0.9915435910224915,0.989970326423645,0.9971531629562378,0.9911041855812073,0.7145771980285645,0.027021629735827446,0.849673867225647,0.990431010723114,0.9888670444488525,0.9967839121818542
89,0.9922289848327637,0.7251592874526978,0.021788666024804115,1e-06,0.8479677438735962,0.991452157497406,0.9898692965507507,0.9971201419830322,0.9910886883735657,0.7133681774139404,0.027147451415657997,0.8532397747039795,0.9904465079307556,0.9888514876365662,0.996790885925293
90,0.9924032092094421,0.7341320514678955,0.021195830777287483,1e-06,0.8498116135597229,0.9915624856948853,0.990044116973877,0.997157633304596,0.9911177754402161,0.7148610353469849,0.027131862938404083,0.8523475527763367,0.9904493093490601,0.9889007210731506,0.9967919588088989
91,0.9924060702323914,0.7202501893043518,0.021261049434542656,1e-06,0.8507299423217773,0.9916238784790039,0.9901074171066284,0.9971775412559509,0.991078794002533,0.7133049964904785,0.02714964933693409,0.8531545400619507,0.9904313683509827,0.9888368248939514,0.9967858195304871
92,0.9921773076057434,0.7154428362846375,0.02178945578634739,1e-06,0.8476786613464355,0.9914273023605347,0.9898443818092346,0.9971095323562622,0.9910799264907837,0.7126268744468689,0.027110695838928223,0.8523002862930298,0.9904452562332153,0.9888123273849487,0.9967862367630005
93,0.9925258755683899,0.7239152193069458,0.020862126722931862,1e-06,0.8507563471794128,0.9917117953300476,0.9902001023292542,0.9972096085548401,0.991089940071106,0.7151743769645691,0.027208693325519562,0.8533936738967896,0.9904213547706604,0.9888612031936646,0.996781051158905
94,0.9923788905143738,0.7280887961387634,0.021202823147177696,1e-06,0.851111888885498,0.9916133880615234,0.9900190830230713,0.9971719980239868,0.9911116361618042,0.715521514415741,0.02720259130001068,0.8559884428977966,0.9904438257217407,0.988899290561676,0.9967883229255676
95,0.9922229647636414,0.7170355319976807,0.021659327670931816,1e-06,0.8524494171142578,0.9915094971656799,0.989864706993103,0.9971379041671753,0.9911006689071655,0.7148529887199402,0.027293818071484566,0.8560186624526978,0.9904333353042603,0.988865852355957,0.996786892414093
96,0.9925011396408081,0.7175384163856506,0.021090855821967125,1e-06,0.8499618768692017,0.9917140603065491,0.9902151823043823,0.9972099661827087,0.9910874366760254,0.7152525782585144,0.02710365317761898,0.8548123836517334,0.9904374480247498,0.9888604283332825,0.9967882037162781
97,0.9921605587005615,0.7244813442230225,0.021901099011301994,1e-06,0.8502897024154663,0.9913893938064575,0.9897783994674683,0.9970996975898743,0.9911215305328369,0.7154459357261658,0.02712114527821541,0.8557742834091187,0.9904575347900391,0.9888842105865479,0.9967939257621765
98,0.9921320080757141,0.7286327481269836,0.021847959607839584,1e-06,0.8481016755104065,0.9913477301597595,0.9897398352622986,0.9970857501029968,0.9911317825317383,0.7147454023361206,0.02708335965871811,0.8530323505401611,0.9904677867889404,0.9888819456100464,0.9967968463897705
99,0.9927065372467041,0.728108286857605,0.02043379843235016,1e-06,0.8504059314727783,0.9918581247329712,0.9904143214225769,0.9972541928291321,0.9911267757415771,0.7170084118843079,0.027163121849298477,0.8563790917396545,0.9904503226280212,0.9889302849769592,0.9967911839485168
100,0.9924925565719604,0.7278043031692505,0.020991787314414978,1e-06,0.8548072576522827,0.9916884303092957,0.9901488423347473,0.9971956610679626,0.991091787815094,0.7162081003189087,0.02709435299038887,0.8547373414039612,0.9904243350028992,0.9888781309127808,0.996781587600708
101,0.9924833178520203,0.731313169002533,0.020983926951885223,1e-06,0.8516067862510681,0.9916579723358154,0.9901439547538757,0.9971907138824463,0.991116464138031,0.716846227645874,0.027130523696541786,0.8562498092651367,0.9904354810714722,0.988925039768219,0.9967879056930542
102,0.9924771189689636,0.7320346236228943,0.021081887185573578,1e-06,0.8527252674102783,0.9916412830352783,0.9900983572006226,0.9971843361854553,0.9911099076271057,0.7174825072288513,0.027258170768618584,0.8579483032226562,0.9904439449310303,0.9889293909072876,0.9967911839485168
103,0.9924384355545044,0.732944130897522,0.021328933537006378,1e-06,0.8505651950836182,0.9916349649429321,0.990074098110199,0.9971802234649658,0.9911099076271057,0.7170387506484985,0.02713562548160553,0.8530726432800293,0.9904376864433289,0.9889160394668579,0.9967879056930542
104,0.9921318292617798,0.7232556343078613,0.021922048181295395,1e-06,0.848395586013794,0.9913954138755798,0.9898106455802917,0.9971022009849548,0.9911031723022461,0.7162567377090454,0.02718990668654442,0.8535670042037964,0.9904266595840454,0.9888952374458313,0.9967834949493408
105,0.992347002029419,0.7303481101989746,0.021143991500139236,1e-06,0.8490021228790283,0.9915228486061096,0.9899599552154541,0.9971399903297424,0.9911163449287415,0.7160786390304565,0.027198273688554764,0.8582534790039062,0.9904466867446899,0.9889212846755981,0.9967917203903198
106,0.9925506711006165,0.7210142612457275,0.020715558901429176,1e-06,0.8557496070861816,0.9917656183242798,0.9903026819229126,0.9972271919250488,0.9911117553710938,0.7156844735145569,0.027048848569393158,0.8545838594436646,0.9904481172561646,0.9888808131217957,0.9967932105064392
107,0.9928323030471802,0.7215380668640137,0.02011634223163128,1e-06,0.853461742401123,0.9920423030853271,0.9905756711959839,0.9973171353340149,0.9911366701126099,0.7175330519676208,0.02721875160932541,0.8593515157699585,0.9904565215110779,0.9889568090438843,0.9967941641807556
108,0.9925268292427063,0.7292985916137695,0.0208728164434433,1e-06,0.852798342704773,0.991665244102478,0.9902448654174805,0.9971915483474731,0.9911556839942932,0.7172974944114685,0.02710854820907116,0.8563092947006226,0.9904581904411316,0.9889593124389648,0.9967941641807556
109,0.9925402402877808,0.7219172716140747,0.02085413783788681,1e-06,0.8537508249282837,0.9917590618133545,0.9902281165122986,0.9972234964370728,0.9910908341407776,0.7156177163124084,0.027132628485560417,0.8590844869613647,0.9904559850692749,0.9888683557510376,0.9967958927154541
110,0.9922608733177185,0.7276735305786133,0.02148301526904106,1e-06,0.8517624139785767,0.9914416670799255,0.9899168014526367,0.9971174001693726,0.9911350607872009,0.7161195278167725,0.026960819959640503,0.8560290336608887,0.9904763102531433,0.9888956546783447,0.996800422668457
111,0.9923578500747681,0.7249049544334412,0.02124868519604206,1e-06,0.8556734323501587,0.9915727972984314,0.9899918437004089,0.9971645474433899,0.9911326169967651,0.7168453931808472,0.02716595120728016,0.8570502400398254,0.9904541969299316,0.9889296889305115,0.9967939257621765
112,0.992542028427124,0.7261959314346313,0.02080397494137287,1e-06,0.8544611930847168,0.9917381405830383,0.9902149438858032,0.997218668460846,0.9911453127861023,0.7179237604141235,0.027145208790898323,0.8576664328575134,0.9904462695121765,0.9889529943466187,0.9967904090881348
113,0.9923084378242493,0.7316923141479492,0.021372584626078606,1e-06,0.8550795316696167,0.9915193319320679,0.9899583458900452,0.9971432685852051,0.9911507964134216,0.7170072793960571,0.027041934430599213,0.8586639165878296,0.9904732704162598,0.9889528751373291,0.996798038482666
114,0.9924169182777405,0.7365972995758057,0.021264873445034027,1e-06,0.8524034023284912,0.9915509819984436,0.990054190158844,0.9971515536308289,0.9911381006240845,0.7161142230033875,0.026857949793338776,0.8537794351577759,0.9904604554176331,0.9889066815376282,0.9967957139015198
115,0.99260413646698,0.7347023487091064,0.02080223336815834,1e-06,0.8525840640068054,0.9917601346969604,0.9902529120445251,0.997221052646637,0.9911484718322754,0.7160085439682007,0.02689499966800213,0.8549158573150635,0.9904658198356628,0.9889178276062012,0.9967963099479675
116,0.9925139546394348,0.7306105494499207,0.020967651158571243,1e-06,0.8532242774963379,0.9917265176773071,0.9901830554008484,0.997212827205658,0.9911406636238098,0.7165849208831787,0.02706279046833515,0.8558231592178345,0.9904541969299316,0.9889310002326965,0.9967936873435974
117,0.9921631813049316,0.7247403264045715,0.021648457273840904,1e-06,0.8501057624816895,0.9913956522941589,0.989813506603241,0.9971021413803101,0.9911552667617798,0.7164748311042786,0.02703089639544487,0.8560875654220581,0.9904683232307434,0.9889458417892456,0.9967971444129944
118,0.9927324652671814,0.7204817533493042,0.020351190119981766,1e-06,0.8525248169898987,0.9919118881225586,0.9905173182487488,0.9972746968269348,0.9911400675773621,0.7167508006095886,0.026965929195284843,0.8530558347702026,0.9904534220695496,0.9889304041862488,0.9967931509017944
119,0.9924988746643066,0.7290445566177368,0.020973270758986473,1e-06,0.8530992865562439,0.9916521906852722,0.9901927709579468,0.9971901774406433,0.9911398887634277,0.7172363996505737,0.027059512212872505,0.8561825752258301,0.9904482960700989,0.9889371991157532,0.9967931509017944
120,0.9925506114959717,0.7267664074897766,0.020720062777400017,1e-06,0.8535678386688232,0.9917219877243042,0.9902779459953308,0.997214138507843,0.991122305393219,0.7173871994018555,0.027287589386105537,0.8586129546165466,0.9904462695121765,0.9889331459999084,0.9967896342277527
121,0.9924334287643433,0.7290189266204834,0.021066663786768913,1e-06,0.8544960618019104,0.9916251301765442,0.9901049137115479,0.9971784353256226,0.9911167621612549,0.7157494425773621,0.026941508054733276,0.855143666267395,0.9904642701148987,0.9888623356819153,0.996796190738678
122,0.9926020503044128,0.731022298336029,0.02054300345480442,1e-06,0.8531244993209839,0.991771936416626,0.9902635812759399,0.9972293376922607,0.9911560416221619,0.7176449298858643,0.02703334391117096,0.8548659086227417,0.9904712438583374,0.9889563322067261,0.996798038482666
123,0.9927300214767456,0.7289508581161499,0.020367076620459557,1e-06,0.8523728847503662,0.9919036626815796,0.9904575347900391,0.997269868850708,0.9911776185035706,0.7176486849784851,0.026971690356731415,0.8540230393409729,0.9904876947402954,0.9889905452728271,0.9968073964118958
124,0.992448091506958,0.7296513319015503,0.02124243974685669,1e-06,0.8501289486885071,0.9916715621948242,0.990166425704956,0.9971961379051208,0.9911778569221497,0.7154102325439453,0.026824846863746643,0.8517895936965942,0.9905253648757935,0.988935649394989,0.9968162775039673
125,0.9926455616950989,0.7271420955657959,0.020279908552765846,1e-06,0.8517495393753052,0.991840660572052,0.9903316497802734,0.997252345085144,0.991173267364502,0.7175039649009705,0.02697419561445713,0.855094313621521,0.9904887080192566,0.9889687299728394,0.9968070983886719
126,0.9921340942382812,0.718559205532074,0.021877024322748184,1e-06,0.8500504493713379,0.9913908243179321,0.9897881746292114,0.997103214263916,0.9911600351333618,0.7159061431884766,0.026849282905459404,0.8529176712036133,0.9904891848564148,0.988929033279419,0.9968040585517883
127,0.9922177791595459,0.7277411818504333,0.021621719002723694,1e-06,0.8481261730194092,0.9914165735244751,0.9898726940155029,0.9971085786819458,0.9911644458770752,0.7172839641571045,0.02682308666408062,0.8499724268913269,0.9904736876487732,0.9889519810676575,0.9968011975288391
128,0.9927235841751099,0.7207232117652893,0.0204544086009264,1e-06,0.8495290875434875,0.9919332265853882,0.9904472231864929,0.997282087802887,0.9911637902259827,0.7181245684623718,0.027000321075320244,0.8515913486480713,0.9904673099517822,0.9889611601829529,0.9967991709709167
129,0.9926390647888184,0.7237447500228882,0.020546434447169304,1e-06,0.849682092666626,0.9918700456619263,0.9903408885002136,0.9972624778747559,0.9911891222000122,0.717766523361206,0.026861799880862236,0.8520848751068115,0.9905031323432922,0.9889896512031555,0.9968094229698181
130,0.9924160838127136,0.7207950353622437,0.021166907623410225,1e-06,0.8482544422149658,0.9915472269058228,0.9901305437088013,0.9971556663513184,0.9911364316940308,0.716164767742157,0.02679409459233284,0.8481525182723999,0.9904660582542419,0.9889143705368042,0.9967982769012451
131,0.992551326751709,0.7278221845626831,0.020701877772808075,1e-06,0.8492648601531982,0.9917784333229065,0.9901869893074036,0.9972278475761414,0.9911424517631531,0.7180054187774658,0.026925280690193176,0.8505207300186157,0.9904575347900391,0.9889441728591919,0.9967920780181885
132,0.9927278161048889,0.7276285886764526,0.020319897681474686,1e-06,0.8514676094055176,0.991907000541687,0.9904409646987915,0.9972729682922363,0.9911626577377319,0.7190428376197815,0.02706393040716648,0.8550001382827759,0.9904656410217285,0.9889902472496033,0.9967969059944153
133,0.9924480319023132,0.7333846688270569,0.020988615229725838,1e-06,0.8497096300125122,0.9915860295295715,0.9900913834571838,0.9971656799316406,0.9911720156669617,0.719505250453949,0.027053741738200188,0.8545417785644531,0.9904552698135376,0.9890146255493164,0.9967958331108093
134,0.9926788210868835,0.7262675762176514,0.02065541408956051,1e-06,0.8509876728057861,0.9918493032455444,0.9904055595397949,0.9972514510154724,0.9911655783653259,0.7182039022445679,0.02711130492389202,0.8546092510223389,0.9904636740684509,0.9889698028564453,0.9967976808547974
135,0.9926822185516357,0.7287788391113281,0.02024039812386036,1e-06,0.8527370691299438,0.9918908476829529,0.9903688430786133,0.997262179851532,0.9911825656890869,0.7187261581420898,0.027092184871435165,0.8557682037353516,0.9904908537864685,0.9889988899230957,0.9968070983886719
136,0.9922210574150085,0.7205649614334106,0.02144552208483219,1e-06,0.8520807027816772,0.9914392232894897,0.989932656288147,0.9971166849136353,0.991195023059845,0.7182908654212952,0.026952914893627167,0.850806474685669,0.990498423576355,0.9889847040176392,0.9968072772026062
137,0.9924280047416687,0.7215836048126221,0.02101713791489601,1e-06,0.8476940393447876,0.9916276335716248,0.9900937676429749,0.9971789717674255,0.9911460280418396,0.716680109500885,0.027071183547377586,0.8544825315475464,0.9904894232749939,0.9889431595802307,0.9968051314353943
138,0.9921354651451111,0.719311535358429,0.021741991862654686,1e-06,0.8498553037643433,0.9914298057556152,0.9897167682647705,0.9971067905426025,0.9912033081054688,0.7175184488296509,0.026914536952972412,0.8540287613868713,0.9905237555503845,0.9889933466911316,0.9968154430389404
139,0.9922966957092285,0.7267361283302307,0.021396145224571228,1e-06,0.8515143394470215,0.9915070533752441,0.9899373054504395,0.9971333742141724,0.9911839365959167,0.7174553871154785,0.02692253515124321,0.8537778854370117,0.9904887676239014,0.9889791011810303,0.9968037605285645
140,0.9925163984298706,0.7270467877388,0.02074424736201763,1e-06,0.8522368669509888,0.9916552305221558,0.9902471303939819,0.9971883893013,0.9911721348762512,0.7171489000320435,0.027046727016568184,0.8580114245414734,0.9905114769935608,0.9889684319496155,0.9968138933181763
141,0.9926305413246155,0.725128173828125,0.020711293444037437,1e-06,0.8557666540145874,0.9918012022972107,0.9903427958488464,0.997235119342804,0.9912110567092896,0.7179006338119507,0.026868827641010284,0.8527445793151855,0.9905251860618591,0.9889810085296631,0.9968175888061523
142,0.9927122592926025,0.7245379090309143,0.0204666368663311,1e-06,0.8520079255104065,0.9919032454490662,0.9903879761695862,0.9972667694091797,0.9911711812019348,0.7191889882087708,0.027111181989312172,0.8557031154632568,0.990480899810791,0.9889995455741882,0.9968004822731018
143,0.9924787878990173,0.7281308174133301,0.021103158593177795,1e-06,0.8502998352050781,0.9916034936904907,0.9901434183120728,0.9971720576286316,0.9911893606185913,0.7188922166824341,0.02696303464472294,0.8552408218383789,0.990497350692749,0.9890002012252808,0.9968078136444092
144,0.9925550222396851,0.7308017015457153,0.020853303372859955,1e-06,0.8488712906837463,0.9916371703147888,0.9902521967887878,0.9971832633018494,0.9912115335464478,0.7190907597541809,0.026856712996959686,0.8510528802871704,0.9904990792274475,0.9890199303627014,0.9968105554580688
145,0.992760419845581,0.7358983755111694,0.020349448546767235,1e-06,0.8499472141265869,0.9918529391288757,0.9904125928878784,0.9972549080848694,0.9912009239196777,0.7205503582954407,0.027006974443793297,0.8547284603118896,0.990473747253418,0.9890519380569458,0.9968034625053406
146,0.9925890564918518,0.7306698560714722,0.020696893334388733,1e-06,0.852365255355835,0.9917106628417969,0.9903423190116882,0.9972118139266968,0.9911597967147827,0.717515766620636,0.0269172266125679,0.8527859449386597,0.9904728531837463,0.9889417290687561,0.996798038482666
147,0.9927942156791687,0.736579418182373,0.020144294947385788,1e-06,0.8514533638954163,0.9918692708015442,0.9904789924621582,0.9972580075263977,0.9912067651748657,0.7204991579055786,0.02693118341267109,0.8524332046508789,0.9904783368110657,0.989048421382904,0.9968037605285645
148,0.9925702214241028,0.7283698320388794,0.020614447072148323,1e-06,0.8535662889480591,0.9917375445365906,0.9902539849281311,0.9972169995307922,0.9911290407180786,0.7185633778572083,0.027142593637108803,0.8569387197494507,0.9904574155807495,0.9889593720436096,0.9967924952507019
149,0.9928876161575317,0.7285940647125244,0.01985444873571396,1e-06,0.8526791334152222,0.9920730590820312,0.9905990958213806,0.9973267912864685,0.9911876916885376,0.718848705291748,0.026868510991334915,0.853547990322113,0.9905017614364624,0.9890152215957642,0.9968105554580688
150,0.9925299286842346,0.7243663668632507,0.020930731669068336,1e-06,0.8494928479194641,0.9917349219322205,0.9902890920639038,0.9972158074378967,0.991193413734436,0.7187665700912476,0.026983890682458878,0.8549371957778931,0.9905023574829102,0.9890050888061523,0.9968094229698181
151,0.9924797415733337,0.7406324744224548,0.020893888548016548,1e-06,0.8517788052558899,0.991606593132019,0.9900965690612793,0.997172474861145,0.9912177324295044,0.7207568883895874,0.027097292244434357,0.8582668304443359,0.9905128479003906,0.989067792892456,0.9968146085739136
152,0.992779016494751,0.718734622001648,0.02013516053557396,1e-06,0.8553823232650757,0.9919338226318359,0.9905387759208679,0.9972873330116272,0.9912109375,0.7204558849334717,0.027041928842663765,0.8538599610328674,0.9905006885528564,0.9890598058700562,0.9968118667602539
153,0.9929124712944031,0.7358186841011047,0.01986517570912838,1e-06,0.8543792963027954,0.9919847846031189,0.9906604290008545,0.9973013997077942,0.9911924004554749,0.7203174829483032,0.027109185233712196,0.8570458889007568,0.990476131439209,0.9890357851982117,0.996803343296051
154,0.992702066898346,0.7240514159202576,0.02024460956454277,1e-06,0.8561188578605652,0.9918544888496399,0.9904518723487854,0.9972586035728455,0.9912136793136597,0.7194399237632751,0.02702336758375168,0.8571637868881226,0.9905124306678772,0.9890257716178894,0.9968099594116211
155,0.9928316473960876,0.7301052808761597,0.01995066925883293,1e-06,0.8566434383392334,0.9919626712799072,0.990583062171936,0.9972937107086182,0.9912201762199402,0.7210310697555542,0.027047911658883095,0.8574073314666748,0.9904967546463013,0.9890528917312622,0.9968087673187256
156,0.9928038120269775,0.7382696866989136,0.020002946257591248,1e-06,0.8526551723480225,0.9918901324272156,0.9905322194099426,0.9972703456878662,0.9912306666374207,0.7208031415939331,0.027078518643975258,0.8575636148452759,0.9905087947845459,0.9890658855438232,0.9968111515045166
157,0.9923604130744934,0.7322198748588562,0.021419886499643326,1e-06,0.8492237329483032,0.9914748668670654,0.9900239706039429,0.9971318244934082,0.9911718964576721,0.7177120447158813,0.026982320472598076,0.8542792797088623,0.9904961585998535,0.9889756441116333,0.9968080520629883
158,0.9925809502601624,0.7301952838897705,0.020685097202658653,1e-06,0.8520991802215576,0.9916751384735107,0.9902322888374329,0.9971951842308044,0.9912098050117493,0.7196429371833801,0.027021372690796852,0.8565570116043091,0.9904904961585999,0.9890454411506653,0.9968052506446838
159,0.9926820397377014,0.7268593907356262,0.02066069468855858,1e-06,0.8518383502960205,0.9918408393859863,0.9904224872589111,0.9972550272941589,0.9911965131759644,0.7182503342628479,0.026964889839291573,0.8565011024475098,0.9905167818069458,0.989001989364624,0.9968140721321106
160,0.9926859140396118,0.7328484058380127,0.020511474460363388,1e-06,0.8530858755111694,0.9918348789215088,0.9903643727302551,0.9972479343414307,0.9912181496620178,0.718979001045227,0.02690168283879757,0.855872631072998,0.9905226230621338,0.9890310764312744,0.9968165755271912
161,0.9925898909568787,0.7305311560630798,0.02078196406364441,1e-06,0.8505147695541382,0.9916887283325195,0.9902361035346985,0.9971976280212402,0.9912155270576477,0.7195277810096741,0.02685343287885189,0.85322505235672,0.9905016422271729,0.9890214204788208,0.9968100786209106
162,0.9929042458534241,0.730813205242157,0.019807055592536926,1e-06,0.8534532189369202,0.992008626461029,0.990662693977356,0.997307538986206,0.9912170171737671,0.721041202545166,0.02701561711728573,0.8582565188407898,0.9905055165290833,0.9890598654747009,0.9968135356903076
163,0.9929599761962891,0.7354210019111633,0.0197763554751873,1e-06,0.8538492321968079,0.9920002818107605,0.990709662437439,0.9973056316375732,0.9912296533584595,0.7221319079399109,0.027125082910060883,0.8588411808013916,0.9905022978782654,0.9891039729118347,0.9968100786209106
164,0.9928262829780579,0.7358688712120056,0.02007642388343811,1e-06,0.8536626696586609,0.9918902516365051,0.9905858635902405,0.9972702264785767,0.9912558197975159,0.7220300436019897,0.026999177411198616,0.8562602996826172,0.9905231595039368,0.9891067743301392,0.996817946434021
165,0.9926554560661316,0.7242056727409363,0.020511792972683907,1e-06,0.8541091680526733,0.9917975664138794,0.9903869032859802,0.9972366690635681,0.9912334680557251,0.7201260924339294,0.02695341967046261,0.855616569519043,0.9905217885971069,0.9890589118003845,0.9968163967132568
166,0.992755115032196,0.7383422255516052,0.020122045651078224,1e-06,0.8515698909759521,0.9918798804283142,0.9904585480690002,0.9972631931304932,0.9912084937095642,0.7227572202682495,0.02729787491261959,0.85718834400177,0.990473210811615,0.9890977144241333,0.9968002438545227
167,0.9929006099700928,0.728990912437439,0.019807998090982437,1e-06,0.8565086126327515,0.9919950366020203,0.99066561460495,0.997308075428009,0.9912030696868896,0.7207880020141602,0.027162017300724983,0.857913613319397,0.9904876947402954,0.9890565276145935,0.9968076944351196
168,0.9924827218055725,0.73525470495224,0.020937921479344368,1e-06,0.8504352569580078,0.9915918707847595,0.9901249408721924,0.997167706489563,0.9912600517272949,0.7206268310546875,0.02692725881934166,0.8527050018310547,0.9905261397361755,0.9890983700752258,0.9968190789222717
169,0.9927505850791931,0.7350119948387146,0.020221851766109467,1e-06,0.849966287612915,0.9918695688247681,0.9904564023017883,0.9972589015960693,0.9912658929824829,0.7204862236976624,0.026887891814112663,0.8548805713653564,0.9905434846878052,0.9891030192375183,0.9968245029449463
170,0.9928210973739624,0.7370324730873108,0.019984405487775803,1e-06,0.8554869890213013,0.9919397830963135,0.9905100464820862,0.9972875714302063,0.9912503957748413,0.7217970490455627,0.027063408866524696,0.8588380217552185,0.9905221462249756,0.989121675491333,0.9968167543411255
171,0.992894172668457,0.7243151664733887,0.019829517230391502,1e-06,0.8561508655548096,0.99200439453125,0.9906571507453918,0.9973085522651672,0.9912524819374084,0.7214299440383911,0.02693038061261177,0.8565584421157837,0.9905145764350891,0.9891023635864258,0.9968150854110718
172,0.9927678108215332,0.7281097769737244,0.020350370556116104,1e-06,0.8514715433120728,0.991915762424469,0.9904510974884033,0.9972743391990662,0.9912537336349487,0.721526563167572,0.026902807876467705,0.8567439913749695,0.990537703037262,0.9891154766082764,0.9968222975730896
173,0.9927198886871338,0.7273452281951904,0.02048172615468502,1e-06,0.8516607880592346,0.991847038269043,0.990450918674469,0.9972557425498962,0.991224467754364,0.7194963693618774,0.026809975504875183,0.8524420261383057,0.9905335307121277,0.9890353083610535,0.996821403503418
174,0.9931212663650513,0.7348159551620483,0.01931767724454403,1e-06,0.8504884839057922,0.9922103881835938,0.9908779263496399,0.9973709583282471,0.9912604689598083,0.7217280864715576,0.026924733072519302,0.8549454212188721,0.9905427098274231,0.9891168475151062,0.9968231916427612
175,0.9928109049797058,0.7349302768707275,0.020058393478393555,1e-06,0.8519762754440308,0.9919205904006958,0.9904817342758179,0.9972807168960571,0.9912250638008118,0.7212650775909424,0.027112780138850212,0.8559377193450928,0.990527331829071,0.9890835881233215,0.9968167543411255
176,0.9928456544876099,0.7356343269348145,0.019865036010742188,1e-06,0.8513989448547363,0.9919471740722656,0.990581750869751,0.9972890615463257,0.9912659525871277,0.7225243449211121,0.026990920305252075,0.8561570644378662,0.990534782409668,0.9891306757926941,0.9968231916427612
177,0.9929566979408264,0.7387024164199829,0.019742846488952637,1e-06,0.8533830642700195,0.9920110702514648,0.9907189011573792,0.9973111748695374,0.9912733435630798,0.7222376465797424,0.02692471072077751,0.8557732105255127,0.990548312664032,0.9891195893287659,0.9968257546424866
178,0.993058443069458,0.7328881025314331,0.019397635012865067,1e-06,0.856592059135437,0.9921534657478333,0.9908155798912048,0.9973576068878174,0.9912619590759277,0.7226967811584473,0.027125680819153786,0.858130931854248,0.9905340671539307,0.9891255497932434,0.9968212842941284
179,0.9928826093673706,0.7392662167549133,0.019709013402462006,1e-06,0.8549587726593018,0.9919974207878113,0.9906007051467896,0.9973043203353882,0.9912522435188293,0.722400426864624,0.027204222977161407,0.8601868152618408,0.99052894115448,0.9891281723976135,0.9968187808990479
180,0.9926992058753967,0.7374351024627686,0.02035151980817318,1e-06,0.8543572425842285,0.9918243288993835,0.9903426766395569,0.9972436428070068,0.9912227988243103,0.7238534092903137,0.027245081961154938,0.8581486940383911,0.9904748201370239,0.9891228079795837,0.9968028664588928
181,0.9928492903709412,0.7415350079536438,0.019873538985848427,1e-06,0.8545925617218018,0.9919544458389282,0.9905898571014404,0.9972884058952332,0.991249680519104,0.7231149673461914,0.02709883823990822,0.8561094403266907,0.990513801574707,0.9891314506530762,0.996814489364624
182,0.9929070472717285,0.7330798506736755,0.019779350608587265,1e-06,0.8552978038787842,0.9919739961624146,0.9906625747680664,0.9972994327545166,0.9912399053573608,0.7225987911224365,0.027122916653752327,0.8571754693984985,0.9905052185058594,0.9891268014907837,0.9968149662017822
183,0.992789089679718,0.7390872836112976,0.02015317603945732,1e-06,0.8538724184036255,0.9919090270996094,0.9905075430870056,0.9972712993621826,0.9912416934967041,0.722632110118866,0.02699509635567665,0.8539394736289978,0.9905070662498474,0.9891126155853271,0.9968137145042419
184,0.9929827451705933,0.7332839965820312,0.019635707139968872,1e-06,0.8534499406814575,0.9920625686645508,0.9907614588737488,0.9973270893096924,0.9912689328193665,0.7222868800163269,0.026937605813145638,0.853701114654541,0.9905380010604858,0.9891331791877747,0.9968206286430359
185,0.9929054379463196,0.7370364665985107,0.01987438276410103,1e-06,0.8512314558029175,0.9920085668563843,0.9906527400016785,0.9973062872886658,0.99127596616745,0.7224087715148926,0.026938671246170998,0.8546251058578491,0.9905462861061096,0.9891490936279297,0.9968259334564209
186,0.9928637146949768,0.7374803423881531,0.019712921231985092,1e-06,0.8525629639625549,0.9919206500053406,0.9906477332115173,0.9972817301750183,0.9912850856781006,0.7233741879463196,0.02697937749326229,0.8546879887580872,0.9905425310134888,0.9891626238822937,0.9968261122703552
187,0.9930986762046814,0.7400073409080505,0.019356977194547653,1e-06,0.8517091274261475,0.9921587705612183,0.990881085395813,0.9973574876785278,0.9912990927696228,0.7243779897689819,0.027145545929670334,0.8575994968414307,0.990541934967041,0.9891992211341858,0.9968250393867493
188,0.9927184581756592,0.7374579310417175,0.020251022651791573,1e-06,0.8541117906570435,0.9917968511581421,0.9904310703277588,0.9972399473190308,0.9912310242652893,0.722130537033081,0.027059627696871758,0.8559643030166626,0.9905049800872803,0.9890865683555603,0.9968115091323853
189,0.9928896427154541,0.7349080443382263,0.01989675499498844,1e-06,0.8539714813232422,0.9919723868370056,0.9906305074691772,0.9972970485687256,0.991262674331665,0.721339225769043,0.026956608518958092,0.85698002576828,0.9905480146408081,0.9891033172607422,0.996825635433197
190,0.993064820766449,0.7380378842353821,0.01943034492433071,1e-06,0.8588624596595764,0.9921082258224487,0.9907992482185364,0.9973435401916504,0.9912798404693604,0.7240901589393616,0.027234843000769615,0.858780562877655,0.9905218482017517,0.9891763925552368,0.996819257736206
191,0.9930322766304016,0.7421570420265198,0.019497502595186234,1e-06,0.8575873374938965,0.9920845031738281,0.9907721281051636,0.9973351359367371,0.9912624359130859,0.7227010726928711,0.027188444510102272,0.8601272106170654,0.9905304312705994,0.9891355037689209,0.9968197345733643
192,0.9928796291351318,0.7323930263519287,0.019840551540255547,1e-06,0.857370138168335,0.9919941425323486,0.9906538128852844,0.9973066449165344,0.9912534356117249,0.7223711013793945,0.02717946656048298,0.8607358336448669,0.990534782409668,0.9891102910041809,0.9968199133872986
193,0.9930739998817444,0.733747124671936,0.019377512857317924,1e-06,0.85828697681427,0.9921990036964417,0.9908077716827393,0.9973717331886292,0.9912424087524414,0.7231778502464294,0.027175378054380417,0.8581991195678711,0.9905117750167847,0.9891144037246704,0.9968132972717285
194,0.9930676817893982,0.7434744834899902,0.01929500326514244,1e-06,0.8546401262283325,0.9921446442604065,0.9908374547958374,0.9973519444465637,0.9912735223770142,0.7252053618431091,0.02728070504963398,0.8590630888938904,0.9905238747596741,0.9891862869262695,0.9968156814575195
195,0.9929256439208984,0.7429404854774475,0.019839316606521606,1e-06,0.8539332151412964,0.9920211434364319,0.9906700253486633,0.9973124861717224,0.991265058517456,0.7245080471038818,0.027282511815428734,0.8560522198677063,0.9905256628990173,0.9891839027404785,0.996817946434021
196,0.9928357601165771,0.7436765432357788,0.020113857463002205,1e-06,0.8505944013595581,0.9919075965881348,0.9905810356140137,0.9972768425941467,0.991248369216919,0.723965585231781,0.027179701253771782,0.8537763357162476,0.9905081391334534,0.989129900932312,0.9968127012252808
197,0.9931915402412415,0.7402196526527405,0.018955014646053314,1e-06,0.8562939167022705,0.992272138595581,0.9909679293632507,0.9973961114883423,0.9912799000740051,0.7245044708251953,0.02724769338965416,0.8593541383743286,0.9905298352241516,0.9891833066940308,0.9968225359916687
198,0.9928753972053528,0.7357020974159241,0.01975192129611969,1e-06,0.8562285900115967,0.9920135140419006,0.9906522035598755,0.9973113536834717,0.9912541508674622,0.7238890528678894,0.027251452207565308,0.8589926958084106,0.9905237555503845,0.9891468286514282,0.9968165159225464
199,0.9930362701416016,0.74412602186203,0.019465487450361252,1e-06,0.8543747067451477,0.9921256899833679,0.99078768491745,0.9973486065864563,0.9912598133087158,0.7242376208305359,0.02732887677848339,0.8569431304931641,0.9905292987823486,0.9891560077667236,0.9968189001083374
